[2023-05-21T21:19:14.686+0200] {processor.py:156} INFO - Started process (PID=2337) to work on /home/nanah/airflow_venv/lib/python3.10/site-packages/airflow/example_dags/example_external_task_marker_dag.py
[2023-05-21T21:19:14.689+0200] {processor.py:758} INFO - Processing file /home/nanah/airflow_venv/lib/python3.10/site-packages/airflow/example_dags/example_external_task_marker_dag.py for tasks to queue
[2023-05-21T21:19:14.690+0200] {logging_mixin.py:117} INFO - [2023-05-21T21:19:14.690+0200] {dagbag.py:525} INFO - Filling up the DagBag from /home/nanah/airflow_venv/lib/python3.10/site-packages/airflow/example_dags/example_external_task_marker_dag.py
[2023-05-21T21:19:14.788+0200] {processor.py:768} INFO - DAG(s) dict_keys(['example_external_task_marker_child', 'example_external_task_marker_parent']) retrieved from /home/nanah/airflow_venv/lib/python3.10/site-packages/airflow/example_dags/example_external_task_marker_dag.py
[2023-05-21T21:19:16.512+0200] {logging_mixin.py:117} INFO - [2023-05-21T21:19:16.512+0200] {dag.py:2573} INFO - Sync 2 DAGs
[2023-05-21T21:19:17.097+0200] {logging_mixin.py:117} INFO - [2023-05-21T21:19:17.096+0200] {dag.py:3324} INFO - Setting next_dagrun for example_external_task_marker_child to None, run_after=None
[2023-05-21T21:19:17.113+0200] {logging_mixin.py:117} INFO - [2023-05-21T21:19:17.112+0200] {dag.py:3324} INFO - Setting next_dagrun for example_external_task_marker_parent to None, run_after=None
[2023-05-21T21:19:17.280+0200] {processor.py:178} INFO - Processing /home/nanah/airflow_venv/lib/python3.10/site-packages/airflow/example_dags/example_external_task_marker_dag.py took 2.621 seconds
[2023-05-21T21:20:34.123+0200] {processor.py:156} INFO - Started process (PID=2452) to work on /home/nanah/airflow_venv/lib/python3.10/site-packages/airflow/example_dags/example_external_task_marker_dag.py
[2023-05-21T21:20:34.135+0200] {processor.py:758} INFO - Processing file /home/nanah/airflow_venv/lib/python3.10/site-packages/airflow/example_dags/example_external_task_marker_dag.py for tasks to queue
[2023-05-21T21:20:34.137+0200] {logging_mixin.py:117} INFO - [2023-05-21T21:20:34.137+0200] {dagbag.py:525} INFO - Filling up the DagBag from /home/nanah/airflow_venv/lib/python3.10/site-packages/airflow/example_dags/example_external_task_marker_dag.py
[2023-05-21T21:20:34.224+0200] {processor.py:768} INFO - DAG(s) dict_keys(['example_external_task_marker_child', 'example_external_task_marker_parent']) retrieved from /home/nanah/airflow_venv/lib/python3.10/site-packages/airflow/example_dags/example_external_task_marker_dag.py
[2023-05-21T21:20:34.709+0200] {logging_mixin.py:117} INFO - [2023-05-21T21:20:34.708+0200] {dag.py:2573} INFO - Sync 2 DAGs
[2023-05-21T21:20:34.806+0200] {logging_mixin.py:117} INFO - [2023-05-21T21:20:34.805+0200] {dag.py:3324} INFO - Setting next_dagrun for example_external_task_marker_child to None, run_after=None
[2023-05-21T21:20:34.812+0200] {logging_mixin.py:117} INFO - [2023-05-21T21:20:34.812+0200] {dag.py:3324} INFO - Setting next_dagrun for example_external_task_marker_parent to None, run_after=None
[2023-05-21T21:20:34.865+0200] {processor.py:178} INFO - Processing /home/nanah/airflow_venv/lib/python3.10/site-packages/airflow/example_dags/example_external_task_marker_dag.py took 0.759 seconds
[2023-05-21T21:23:30.538+0200] {processor.py:156} INFO - Started process (PID=2542) to work on /home/nanah/airflow_venv/lib/python3.10/site-packages/airflow/example_dags/example_external_task_marker_dag.py
[2023-05-21T21:23:30.554+0200] {processor.py:758} INFO - Processing file /home/nanah/airflow_venv/lib/python3.10/site-packages/airflow/example_dags/example_external_task_marker_dag.py for tasks to queue
[2023-05-21T21:23:30.555+0200] {logging_mixin.py:117} INFO - [2023-05-21T21:23:30.555+0200] {dagbag.py:525} INFO - Filling up the DagBag from /home/nanah/airflow_venv/lib/python3.10/site-packages/airflow/example_dags/example_external_task_marker_dag.py
[2023-05-21T21:23:30.683+0200] {processor.py:768} INFO - DAG(s) dict_keys(['example_external_task_marker_parent', 'example_external_task_marker_child']) retrieved from /home/nanah/airflow_venv/lib/python3.10/site-packages/airflow/example_dags/example_external_task_marker_dag.py
[2023-05-21T21:23:31.603+0200] {logging_mixin.py:117} INFO - [2023-05-21T21:23:31.602+0200] {dag.py:2573} INFO - Sync 2 DAGs
[2023-05-21T21:23:31.848+0200] {logging_mixin.py:117} INFO - [2023-05-21T21:23:31.848+0200] {dag.py:3324} INFO - Setting next_dagrun for example_external_task_marker_child to None, run_after=None
[2023-05-21T21:23:31.880+0200] {logging_mixin.py:117} INFO - [2023-05-21T21:23:31.880+0200] {dag.py:3324} INFO - Setting next_dagrun for example_external_task_marker_parent to None, run_after=None
[2023-05-21T21:23:32.186+0200] {processor.py:178} INFO - Processing /home/nanah/airflow_venv/lib/python3.10/site-packages/airflow/example_dags/example_external_task_marker_dag.py took 1.669 seconds
[2023-05-21T21:25:34.712+0200] {processor.py:156} INFO - Started process (PID=2903) to work on /home/nanah/airflow_venv/lib/python3.10/site-packages/airflow/example_dags/example_external_task_marker_dag.py
[2023-05-21T21:25:34.715+0200] {processor.py:758} INFO - Processing file /home/nanah/airflow_venv/lib/python3.10/site-packages/airflow/example_dags/example_external_task_marker_dag.py for tasks to queue
[2023-05-21T21:25:34.723+0200] {logging_mixin.py:117} INFO - [2023-05-21T21:25:34.723+0200] {dagbag.py:525} INFO - Filling up the DagBag from /home/nanah/airflow_venv/lib/python3.10/site-packages/airflow/example_dags/example_external_task_marker_dag.py
[2023-05-21T21:25:34.770+0200] {processor.py:768} INFO - DAG(s) dict_keys(['example_external_task_marker_parent', 'example_external_task_marker_child']) retrieved from /home/nanah/airflow_venv/lib/python3.10/site-packages/airflow/example_dags/example_external_task_marker_dag.py
[2023-05-21T21:25:35.128+0200] {logging_mixin.py:117} INFO - [2023-05-21T21:25:35.128+0200] {dag.py:2573} INFO - Sync 2 DAGs
[2023-05-21T21:25:35.211+0200] {logging_mixin.py:117} INFO - [2023-05-21T21:25:35.210+0200] {dag.py:3324} INFO - Setting next_dagrun for example_external_task_marker_child to None, run_after=None
[2023-05-21T21:25:35.229+0200] {logging_mixin.py:117} INFO - [2023-05-21T21:25:35.228+0200] {dag.py:3324} INFO - Setting next_dagrun for example_external_task_marker_parent to None, run_after=None
[2023-05-21T21:25:35.341+0200] {processor.py:178} INFO - Processing /home/nanah/airflow_venv/lib/python3.10/site-packages/airflow/example_dags/example_external_task_marker_dag.py took 0.643 seconds
[2023-05-21T21:28:01.803+0200] {processor.py:156} INFO - Started process (PID=2971) to work on /home/nanah/airflow_venv/lib/python3.10/site-packages/airflow/example_dags/example_external_task_marker_dag.py
[2023-05-21T21:28:01.821+0200] {processor.py:758} INFO - Processing file /home/nanah/airflow_venv/lib/python3.10/site-packages/airflow/example_dags/example_external_task_marker_dag.py for tasks to queue
[2023-05-21T21:28:01.823+0200] {logging_mixin.py:117} INFO - [2023-05-21T21:28:01.822+0200] {dagbag.py:525} INFO - Filling up the DagBag from /home/nanah/airflow_venv/lib/python3.10/site-packages/airflow/example_dags/example_external_task_marker_dag.py
[2023-05-21T21:28:01.942+0200] {processor.py:768} INFO - DAG(s) dict_keys(['example_external_task_marker_parent', 'example_external_task_marker_child']) retrieved from /home/nanah/airflow_venv/lib/python3.10/site-packages/airflow/example_dags/example_external_task_marker_dag.py
[2023-05-21T21:28:02.574+0200] {logging_mixin.py:117} INFO - [2023-05-21T21:28:02.565+0200] {dag.py:2573} INFO - Sync 2 DAGs
[2023-05-21T21:28:02.776+0200] {logging_mixin.py:117} INFO - [2023-05-21T21:28:02.776+0200] {dag.py:3324} INFO - Setting next_dagrun for example_external_task_marker_child to None, run_after=None
[2023-05-21T21:28:02.803+0200] {logging_mixin.py:117} INFO - [2023-05-21T21:28:02.802+0200] {dag.py:3324} INFO - Setting next_dagrun for example_external_task_marker_parent to None, run_after=None
[2023-05-21T21:28:02.963+0200] {processor.py:178} INFO - Processing /home/nanah/airflow_venv/lib/python3.10/site-packages/airflow/example_dags/example_external_task_marker_dag.py took 1.177 seconds
[2023-05-21T21:33:02.182+0200] {processor.py:156} INFO - Started process (PID=3808) to work on /home/nanah/airflow_venv/lib/python3.10/site-packages/airflow/example_dags/example_external_task_marker_dag.py
[2023-05-21T21:33:02.186+0200] {processor.py:758} INFO - Processing file /home/nanah/airflow_venv/lib/python3.10/site-packages/airflow/example_dags/example_external_task_marker_dag.py for tasks to queue
[2023-05-21T21:33:02.189+0200] {logging_mixin.py:117} INFO - [2023-05-21T21:33:02.188+0200] {dagbag.py:525} INFO - Filling up the DagBag from /home/nanah/airflow_venv/lib/python3.10/site-packages/airflow/example_dags/example_external_task_marker_dag.py
[2023-05-21T21:33:02.237+0200] {processor.py:768} INFO - DAG(s) dict_keys(['example_external_task_marker_child', 'example_external_task_marker_parent']) retrieved from /home/nanah/airflow_venv/lib/python3.10/site-packages/airflow/example_dags/example_external_task_marker_dag.py
[2023-05-21T21:33:02.320+0200] {logging_mixin.py:117} INFO - [2023-05-21T21:33:02.319+0200] {dag.py:2573} INFO - Sync 2 DAGs
[2023-05-21T21:33:02.376+0200] {logging_mixin.py:117} INFO - [2023-05-21T21:33:02.376+0200] {dag.py:3324} INFO - Setting next_dagrun for example_external_task_marker_child to None, run_after=None
[2023-05-21T21:33:02.384+0200] {logging_mixin.py:117} INFO - [2023-05-21T21:33:02.383+0200] {dag.py:3324} INFO - Setting next_dagrun for example_external_task_marker_parent to None, run_after=None
[2023-05-21T21:33:02.446+0200] {processor.py:178} INFO - Processing /home/nanah/airflow_venv/lib/python3.10/site-packages/airflow/example_dags/example_external_task_marker_dag.py took 0.271 seconds
[2023-05-21T21:33:55.257+0200] {processor.py:156} INFO - Started process (PID=3846) to work on /home/nanah/airflow_venv/lib/python3.10/site-packages/airflow/example_dags/example_external_task_marker_dag.py
[2023-05-21T21:33:55.261+0200] {processor.py:758} INFO - Processing file /home/nanah/airflow_venv/lib/python3.10/site-packages/airflow/example_dags/example_external_task_marker_dag.py for tasks to queue
[2023-05-21T21:33:55.263+0200] {logging_mixin.py:117} INFO - [2023-05-21T21:33:55.263+0200] {dagbag.py:525} INFO - Filling up the DagBag from /home/nanah/airflow_venv/lib/python3.10/site-packages/airflow/example_dags/example_external_task_marker_dag.py
[2023-05-21T21:33:55.274+0200] {processor.py:768} INFO - DAG(s) dict_keys(['example_external_task_marker_parent', 'example_external_task_marker_child']) retrieved from /home/nanah/airflow_venv/lib/python3.10/site-packages/airflow/example_dags/example_external_task_marker_dag.py
[2023-05-21T21:33:55.315+0200] {logging_mixin.py:117} INFO - [2023-05-21T21:33:55.315+0200] {dag.py:2573} INFO - Sync 2 DAGs
[2023-05-21T21:33:55.352+0200] {logging_mixin.py:117} INFO - [2023-05-21T21:33:55.352+0200] {dag.py:3324} INFO - Setting next_dagrun for example_external_task_marker_child to None, run_after=None
[2023-05-21T21:33:55.358+0200] {logging_mixin.py:117} INFO - [2023-05-21T21:33:55.358+0200] {dag.py:3324} INFO - Setting next_dagrun for example_external_task_marker_parent to None, run_after=None
[2023-05-21T21:33:55.403+0200] {processor.py:178} INFO - Processing /home/nanah/airflow_venv/lib/python3.10/site-packages/airflow/example_dags/example_external_task_marker_dag.py took 0.153 seconds
[2023-05-21T21:35:17.052+0200] {processor.py:156} INFO - Started process (PID=3914) to work on /home/nanah/airflow_venv/lib/python3.10/site-packages/airflow/example_dags/example_external_task_marker_dag.py
[2023-05-21T21:35:17.056+0200] {processor.py:758} INFO - Processing file /home/nanah/airflow_venv/lib/python3.10/site-packages/airflow/example_dags/example_external_task_marker_dag.py for tasks to queue
[2023-05-21T21:35:17.058+0200] {logging_mixin.py:117} INFO - [2023-05-21T21:35:17.057+0200] {dagbag.py:525} INFO - Filling up the DagBag from /home/nanah/airflow_venv/lib/python3.10/site-packages/airflow/example_dags/example_external_task_marker_dag.py
[2023-05-21T21:35:17.068+0200] {processor.py:768} INFO - DAG(s) dict_keys(['example_external_task_marker_parent', 'example_external_task_marker_child']) retrieved from /home/nanah/airflow_venv/lib/python3.10/site-packages/airflow/example_dags/example_external_task_marker_dag.py
[2023-05-21T21:35:17.109+0200] {logging_mixin.py:117} INFO - [2023-05-21T21:35:17.109+0200] {dag.py:2573} INFO - Sync 2 DAGs
[2023-05-21T21:35:17.148+0200] {logging_mixin.py:117} INFO - [2023-05-21T21:35:17.147+0200] {dag.py:3324} INFO - Setting next_dagrun for example_external_task_marker_child to None, run_after=None
[2023-05-21T21:35:17.155+0200] {logging_mixin.py:117} INFO - [2023-05-21T21:35:17.154+0200] {dag.py:3324} INFO - Setting next_dagrun for example_external_task_marker_parent to None, run_after=None
[2023-05-21T21:35:17.202+0200] {processor.py:178} INFO - Processing /home/nanah/airflow_venv/lib/python3.10/site-packages/airflow/example_dags/example_external_task_marker_dag.py took 0.157 seconds
[2023-05-21T21:36:42.148+0200] {processor.py:156} INFO - Started process (PID=3989) to work on /home/nanah/airflow_venv/lib/python3.10/site-packages/airflow/example_dags/example_external_task_marker_dag.py
[2023-05-21T21:36:42.153+0200] {processor.py:758} INFO - Processing file /home/nanah/airflow_venv/lib/python3.10/site-packages/airflow/example_dags/example_external_task_marker_dag.py for tasks to queue
[2023-05-21T21:36:42.155+0200] {logging_mixin.py:117} INFO - [2023-05-21T21:36:42.154+0200] {dagbag.py:525} INFO - Filling up the DagBag from /home/nanah/airflow_venv/lib/python3.10/site-packages/airflow/example_dags/example_external_task_marker_dag.py
[2023-05-21T21:36:42.166+0200] {processor.py:768} INFO - DAG(s) dict_keys(['example_external_task_marker_parent', 'example_external_task_marker_child']) retrieved from /home/nanah/airflow_venv/lib/python3.10/site-packages/airflow/example_dags/example_external_task_marker_dag.py
[2023-05-21T21:36:42.215+0200] {logging_mixin.py:117} INFO - [2023-05-21T21:36:42.215+0200] {dag.py:2573} INFO - Sync 2 DAGs
[2023-05-21T21:36:42.260+0200] {logging_mixin.py:117} INFO - [2023-05-21T21:36:42.260+0200] {dag.py:3324} INFO - Setting next_dagrun for example_external_task_marker_child to None, run_after=None
[2023-05-21T21:36:42.265+0200] {logging_mixin.py:117} INFO - [2023-05-21T21:36:42.265+0200] {dag.py:3324} INFO - Setting next_dagrun for example_external_task_marker_parent to None, run_after=None
[2023-05-21T21:36:42.322+0200] {processor.py:178} INFO - Processing /home/nanah/airflow_venv/lib/python3.10/site-packages/airflow/example_dags/example_external_task_marker_dag.py took 0.181 seconds
[2023-05-21T21:38:04.296+0200] {processor.py:156} INFO - Started process (PID=4064) to work on /home/nanah/airflow_venv/lib/python3.10/site-packages/airflow/example_dags/example_external_task_marker_dag.py
[2023-05-21T21:38:04.302+0200] {processor.py:758} INFO - Processing file /home/nanah/airflow_venv/lib/python3.10/site-packages/airflow/example_dags/example_external_task_marker_dag.py for tasks to queue
[2023-05-21T21:38:04.303+0200] {logging_mixin.py:117} INFO - [2023-05-21T21:38:04.303+0200] {dagbag.py:525} INFO - Filling up the DagBag from /home/nanah/airflow_venv/lib/python3.10/site-packages/airflow/example_dags/example_external_task_marker_dag.py
[2023-05-21T21:38:04.316+0200] {processor.py:768} INFO - DAG(s) dict_keys(['example_external_task_marker_parent', 'example_external_task_marker_child']) retrieved from /home/nanah/airflow_venv/lib/python3.10/site-packages/airflow/example_dags/example_external_task_marker_dag.py
[2023-05-21T21:38:04.384+0200] {logging_mixin.py:117} INFO - [2023-05-21T21:38:04.383+0200] {dag.py:2573} INFO - Sync 2 DAGs
[2023-05-21T21:38:04.421+0200] {logging_mixin.py:117} INFO - [2023-05-21T21:38:04.421+0200] {dag.py:3324} INFO - Setting next_dagrun for example_external_task_marker_child to None, run_after=None
[2023-05-21T21:38:04.428+0200] {logging_mixin.py:117} INFO - [2023-05-21T21:38:04.428+0200] {dag.py:3324} INFO - Setting next_dagrun for example_external_task_marker_parent to None, run_after=None
[2023-05-21T21:38:04.494+0200] {processor.py:178} INFO - Processing /home/nanah/airflow_venv/lib/python3.10/site-packages/airflow/example_dags/example_external_task_marker_dag.py took 0.205 seconds
[2023-05-21T21:39:42.084+0200] {processor.py:156} INFO - Started process (PID=4146) to work on /home/nanah/airflow_venv/lib/python3.10/site-packages/airflow/example_dags/example_external_task_marker_dag.py
[2023-05-21T21:39:42.093+0200] {processor.py:758} INFO - Processing file /home/nanah/airflow_venv/lib/python3.10/site-packages/airflow/example_dags/example_external_task_marker_dag.py for tasks to queue
[2023-05-21T21:39:42.094+0200] {logging_mixin.py:117} INFO - [2023-05-21T21:39:42.094+0200] {dagbag.py:525} INFO - Filling up the DagBag from /home/nanah/airflow_venv/lib/python3.10/site-packages/airflow/example_dags/example_external_task_marker_dag.py
[2023-05-21T21:39:42.105+0200] {processor.py:768} INFO - DAG(s) dict_keys(['example_external_task_marker_child', 'example_external_task_marker_parent']) retrieved from /home/nanah/airflow_venv/lib/python3.10/site-packages/airflow/example_dags/example_external_task_marker_dag.py
[2023-05-21T21:39:42.147+0200] {logging_mixin.py:117} INFO - [2023-05-21T21:39:42.147+0200] {dag.py:2573} INFO - Sync 2 DAGs
[2023-05-21T21:39:42.187+0200] {logging_mixin.py:117} INFO - [2023-05-21T21:39:42.187+0200] {dag.py:3324} INFO - Setting next_dagrun for example_external_task_marker_child to None, run_after=None
[2023-05-21T21:39:42.194+0200] {logging_mixin.py:117} INFO - [2023-05-21T21:39:42.194+0200] {dag.py:3324} INFO - Setting next_dagrun for example_external_task_marker_parent to None, run_after=None
[2023-05-21T21:39:42.344+0200] {processor.py:178} INFO - Processing /home/nanah/airflow_venv/lib/python3.10/site-packages/airflow/example_dags/example_external_task_marker_dag.py took 0.267 seconds
[2023-05-21T21:41:05.530+0200] {processor.py:156} INFO - Started process (PID=4215) to work on /home/nanah/airflow_venv/lib/python3.10/site-packages/airflow/example_dags/example_external_task_marker_dag.py
[2023-05-21T21:41:05.534+0200] {processor.py:758} INFO - Processing file /home/nanah/airflow_venv/lib/python3.10/site-packages/airflow/example_dags/example_external_task_marker_dag.py for tasks to queue
[2023-05-21T21:41:05.535+0200] {logging_mixin.py:117} INFO - [2023-05-21T21:41:05.535+0200] {dagbag.py:525} INFO - Filling up the DagBag from /home/nanah/airflow_venv/lib/python3.10/site-packages/airflow/example_dags/example_external_task_marker_dag.py
[2023-05-21T21:41:05.545+0200] {processor.py:768} INFO - DAG(s) dict_keys(['example_external_task_marker_parent', 'example_external_task_marker_child']) retrieved from /home/nanah/airflow_venv/lib/python3.10/site-packages/airflow/example_dags/example_external_task_marker_dag.py
[2023-05-21T21:41:05.586+0200] {logging_mixin.py:117} INFO - [2023-05-21T21:41:05.585+0200] {dag.py:2573} INFO - Sync 2 DAGs
[2023-05-21T21:41:05.622+0200] {logging_mixin.py:117} INFO - [2023-05-21T21:41:05.622+0200] {dag.py:3324} INFO - Setting next_dagrun for example_external_task_marker_child to None, run_after=None
[2023-05-21T21:41:05.628+0200] {logging_mixin.py:117} INFO - [2023-05-21T21:41:05.628+0200] {dag.py:3324} INFO - Setting next_dagrun for example_external_task_marker_parent to None, run_after=None
[2023-05-21T21:41:05.677+0200] {processor.py:178} INFO - Processing /home/nanah/airflow_venv/lib/python3.10/site-packages/airflow/example_dags/example_external_task_marker_dag.py took 0.154 seconds
[2023-05-21T21:42:25.871+0200] {processor.py:156} INFO - Started process (PID=4284) to work on /home/nanah/airflow_venv/lib/python3.10/site-packages/airflow/example_dags/example_external_task_marker_dag.py
[2023-05-21T21:42:25.876+0200] {processor.py:758} INFO - Processing file /home/nanah/airflow_venv/lib/python3.10/site-packages/airflow/example_dags/example_external_task_marker_dag.py for tasks to queue
[2023-05-21T21:42:25.877+0200] {logging_mixin.py:117} INFO - [2023-05-21T21:42:25.877+0200] {dagbag.py:525} INFO - Filling up the DagBag from /home/nanah/airflow_venv/lib/python3.10/site-packages/airflow/example_dags/example_external_task_marker_dag.py
[2023-05-21T21:42:25.889+0200] {processor.py:768} INFO - DAG(s) dict_keys(['example_external_task_marker_parent', 'example_external_task_marker_child']) retrieved from /home/nanah/airflow_venv/lib/python3.10/site-packages/airflow/example_dags/example_external_task_marker_dag.py
[2023-05-21T21:42:25.928+0200] {logging_mixin.py:117} INFO - [2023-05-21T21:42:25.928+0200] {dag.py:2573} INFO - Sync 2 DAGs
[2023-05-21T21:42:25.966+0200] {logging_mixin.py:117} INFO - [2023-05-21T21:42:25.966+0200] {dag.py:3324} INFO - Setting next_dagrun for example_external_task_marker_child to None, run_after=None
[2023-05-21T21:42:25.973+0200] {logging_mixin.py:117} INFO - [2023-05-21T21:42:25.972+0200] {dag.py:3324} INFO - Setting next_dagrun for example_external_task_marker_parent to None, run_after=None
[2023-05-21T21:42:26.026+0200] {processor.py:178} INFO - Processing /home/nanah/airflow_venv/lib/python3.10/site-packages/airflow/example_dags/example_external_task_marker_dag.py took 0.162 seconds
[2023-05-21T21:43:47.119+0200] {processor.py:156} INFO - Started process (PID=4353) to work on /home/nanah/airflow_venv/lib/python3.10/site-packages/airflow/example_dags/example_external_task_marker_dag.py
[2023-05-21T21:43:47.122+0200] {processor.py:758} INFO - Processing file /home/nanah/airflow_venv/lib/python3.10/site-packages/airflow/example_dags/example_external_task_marker_dag.py for tasks to queue
[2023-05-21T21:43:47.124+0200] {logging_mixin.py:117} INFO - [2023-05-21T21:43:47.123+0200] {dagbag.py:525} INFO - Filling up the DagBag from /home/nanah/airflow_venv/lib/python3.10/site-packages/airflow/example_dags/example_external_task_marker_dag.py
[2023-05-21T21:43:47.134+0200] {processor.py:768} INFO - DAG(s) dict_keys(['example_external_task_marker_parent', 'example_external_task_marker_child']) retrieved from /home/nanah/airflow_venv/lib/python3.10/site-packages/airflow/example_dags/example_external_task_marker_dag.py
[2023-05-21T21:43:47.176+0200] {logging_mixin.py:117} INFO - [2023-05-21T21:43:47.176+0200] {dag.py:2573} INFO - Sync 2 DAGs
[2023-05-21T21:43:47.211+0200] {logging_mixin.py:117} INFO - [2023-05-21T21:43:47.211+0200] {dag.py:3324} INFO - Setting next_dagrun for example_external_task_marker_child to None, run_after=None
[2023-05-21T21:43:47.217+0200] {logging_mixin.py:117} INFO - [2023-05-21T21:43:47.217+0200] {dag.py:3324} INFO - Setting next_dagrun for example_external_task_marker_parent to None, run_after=None
[2023-05-21T21:43:47.263+0200] {processor.py:178} INFO - Processing /home/nanah/airflow_venv/lib/python3.10/site-packages/airflow/example_dags/example_external_task_marker_dag.py took 0.154 seconds
[2023-05-21T21:45:06.555+0200] {processor.py:156} INFO - Started process (PID=4421) to work on /home/nanah/airflow_venv/lib/python3.10/site-packages/airflow/example_dags/example_external_task_marker_dag.py
[2023-05-21T21:45:06.561+0200] {processor.py:758} INFO - Processing file /home/nanah/airflow_venv/lib/python3.10/site-packages/airflow/example_dags/example_external_task_marker_dag.py for tasks to queue
[2023-05-21T21:45:06.562+0200] {logging_mixin.py:117} INFO - [2023-05-21T21:45:06.562+0200] {dagbag.py:525} INFO - Filling up the DagBag from /home/nanah/airflow_venv/lib/python3.10/site-packages/airflow/example_dags/example_external_task_marker_dag.py
[2023-05-21T21:45:06.574+0200] {processor.py:768} INFO - DAG(s) dict_keys(['example_external_task_marker_parent', 'example_external_task_marker_child']) retrieved from /home/nanah/airflow_venv/lib/python3.10/site-packages/airflow/example_dags/example_external_task_marker_dag.py
[2023-05-21T21:45:06.614+0200] {logging_mixin.py:117} INFO - [2023-05-21T21:45:06.614+0200] {dag.py:2573} INFO - Sync 2 DAGs
[2023-05-21T21:45:06.650+0200] {logging_mixin.py:117} INFO - [2023-05-21T21:45:06.649+0200] {dag.py:3324} INFO - Setting next_dagrun for example_external_task_marker_child to None, run_after=None
[2023-05-21T21:45:06.655+0200] {logging_mixin.py:117} INFO - [2023-05-21T21:45:06.654+0200] {dag.py:3324} INFO - Setting next_dagrun for example_external_task_marker_parent to None, run_after=None
[2023-05-21T21:45:06.702+0200] {processor.py:178} INFO - Processing /home/nanah/airflow_venv/lib/python3.10/site-packages/airflow/example_dags/example_external_task_marker_dag.py took 0.154 seconds
[2023-05-21T21:46:28.478+0200] {processor.py:156} INFO - Started process (PID=4490) to work on /home/nanah/airflow_venv/lib/python3.10/site-packages/airflow/example_dags/example_external_task_marker_dag.py
[2023-05-21T21:46:28.486+0200] {processor.py:758} INFO - Processing file /home/nanah/airflow_venv/lib/python3.10/site-packages/airflow/example_dags/example_external_task_marker_dag.py for tasks to queue
[2023-05-21T21:46:28.487+0200] {logging_mixin.py:117} INFO - [2023-05-21T21:46:28.487+0200] {dagbag.py:525} INFO - Filling up the DagBag from /home/nanah/airflow_venv/lib/python3.10/site-packages/airflow/example_dags/example_external_task_marker_dag.py
[2023-05-21T21:46:28.508+0200] {processor.py:768} INFO - DAG(s) dict_keys(['example_external_task_marker_parent', 'example_external_task_marker_child']) retrieved from /home/nanah/airflow_venv/lib/python3.10/site-packages/airflow/example_dags/example_external_task_marker_dag.py
[2023-05-21T21:46:28.551+0200] {logging_mixin.py:117} INFO - [2023-05-21T21:46:28.550+0200] {dag.py:2573} INFO - Sync 2 DAGs
[2023-05-21T21:46:28.588+0200] {logging_mixin.py:117} INFO - [2023-05-21T21:46:28.587+0200] {dag.py:3324} INFO - Setting next_dagrun for example_external_task_marker_child to None, run_after=None
[2023-05-21T21:46:28.593+0200] {logging_mixin.py:117} INFO - [2023-05-21T21:46:28.593+0200] {dag.py:3324} INFO - Setting next_dagrun for example_external_task_marker_parent to None, run_after=None
[2023-05-21T21:46:28.636+0200] {processor.py:178} INFO - Processing /home/nanah/airflow_venv/lib/python3.10/site-packages/airflow/example_dags/example_external_task_marker_dag.py took 0.183 seconds
[2023-05-21T21:47:46.078+0200] {processor.py:156} INFO - Started process (PID=4558) to work on /home/nanah/airflow_venv/lib/python3.10/site-packages/airflow/example_dags/example_external_task_marker_dag.py
[2023-05-21T21:47:46.084+0200] {processor.py:758} INFO - Processing file /home/nanah/airflow_venv/lib/python3.10/site-packages/airflow/example_dags/example_external_task_marker_dag.py for tasks to queue
[2023-05-21T21:47:46.085+0200] {logging_mixin.py:117} INFO - [2023-05-21T21:47:46.085+0200] {dagbag.py:525} INFO - Filling up the DagBag from /home/nanah/airflow_venv/lib/python3.10/site-packages/airflow/example_dags/example_external_task_marker_dag.py
[2023-05-21T21:47:46.096+0200] {processor.py:768} INFO - DAG(s) dict_keys(['example_external_task_marker_parent', 'example_external_task_marker_child']) retrieved from /home/nanah/airflow_venv/lib/python3.10/site-packages/airflow/example_dags/example_external_task_marker_dag.py
[2023-05-21T21:47:46.137+0200] {logging_mixin.py:117} INFO - [2023-05-21T21:47:46.137+0200] {dag.py:2573} INFO - Sync 2 DAGs
[2023-05-21T21:47:46.177+0200] {logging_mixin.py:117} INFO - [2023-05-21T21:47:46.176+0200] {dag.py:3324} INFO - Setting next_dagrun for example_external_task_marker_child to None, run_after=None
[2023-05-21T21:47:46.183+0200] {logging_mixin.py:117} INFO - [2023-05-21T21:47:46.183+0200] {dag.py:3324} INFO - Setting next_dagrun for example_external_task_marker_parent to None, run_after=None
[2023-05-21T21:47:46.246+0200] {processor.py:178} INFO - Processing /home/nanah/airflow_venv/lib/python3.10/site-packages/airflow/example_dags/example_external_task_marker_dag.py took 0.175 seconds
[2023-05-21T21:49:02.018+0200] {processor.py:156} INFO - Started process (PID=4626) to work on /home/nanah/airflow_venv/lib/python3.10/site-packages/airflow/example_dags/example_external_task_marker_dag.py
[2023-05-21T21:49:02.023+0200] {processor.py:758} INFO - Processing file /home/nanah/airflow_venv/lib/python3.10/site-packages/airflow/example_dags/example_external_task_marker_dag.py for tasks to queue
[2023-05-21T21:49:02.025+0200] {logging_mixin.py:117} INFO - [2023-05-21T21:49:02.024+0200] {dagbag.py:525} INFO - Filling up the DagBag from /home/nanah/airflow_venv/lib/python3.10/site-packages/airflow/example_dags/example_external_task_marker_dag.py
[2023-05-21T21:49:02.035+0200] {processor.py:768} INFO - DAG(s) dict_keys(['example_external_task_marker_child', 'example_external_task_marker_parent']) retrieved from /home/nanah/airflow_venv/lib/python3.10/site-packages/airflow/example_dags/example_external_task_marker_dag.py
[2023-05-21T21:49:02.075+0200] {logging_mixin.py:117} INFO - [2023-05-21T21:49:02.074+0200] {dag.py:2573} INFO - Sync 2 DAGs
[2023-05-21T21:49:02.111+0200] {logging_mixin.py:117} INFO - [2023-05-21T21:49:02.111+0200] {dag.py:3324} INFO - Setting next_dagrun for example_external_task_marker_child to None, run_after=None
[2023-05-21T21:49:02.116+0200] {logging_mixin.py:117} INFO - [2023-05-21T21:49:02.116+0200] {dag.py:3324} INFO - Setting next_dagrun for example_external_task_marker_parent to None, run_after=None
[2023-05-21T21:49:02.161+0200] {processor.py:178} INFO - Processing /home/nanah/airflow_venv/lib/python3.10/site-packages/airflow/example_dags/example_external_task_marker_dag.py took 0.151 seconds
[2023-05-21T21:50:19.024+0200] {processor.py:156} INFO - Started process (PID=4693) to work on /home/nanah/airflow_venv/lib/python3.10/site-packages/airflow/example_dags/example_external_task_marker_dag.py
[2023-05-21T21:50:19.030+0200] {processor.py:758} INFO - Processing file /home/nanah/airflow_venv/lib/python3.10/site-packages/airflow/example_dags/example_external_task_marker_dag.py for tasks to queue
[2023-05-21T21:50:19.039+0200] {logging_mixin.py:117} INFO - [2023-05-21T21:50:19.033+0200] {dagbag.py:525} INFO - Filling up the DagBag from /home/nanah/airflow_venv/lib/python3.10/site-packages/airflow/example_dags/example_external_task_marker_dag.py
[2023-05-21T21:50:19.061+0200] {processor.py:768} INFO - DAG(s) dict_keys(['example_external_task_marker_parent', 'example_external_task_marker_child']) retrieved from /home/nanah/airflow_venv/lib/python3.10/site-packages/airflow/example_dags/example_external_task_marker_dag.py
[2023-05-21T21:50:19.136+0200] {logging_mixin.py:117} INFO - [2023-05-21T21:50:19.136+0200] {dag.py:2573} INFO - Sync 2 DAGs
[2023-05-21T21:50:19.204+0200] {logging_mixin.py:117} INFO - [2023-05-21T21:50:19.204+0200] {dag.py:3324} INFO - Setting next_dagrun for example_external_task_marker_child to None, run_after=None
[2023-05-21T21:50:19.216+0200] {logging_mixin.py:117} INFO - [2023-05-21T21:50:19.215+0200] {dag.py:3324} INFO - Setting next_dagrun for example_external_task_marker_parent to None, run_after=None
[2023-05-21T21:50:19.287+0200] {processor.py:178} INFO - Processing /home/nanah/airflow_venv/lib/python3.10/site-packages/airflow/example_dags/example_external_task_marker_dag.py took 0.278 seconds
[2023-05-21T21:51:49.333+0200] {processor.py:156} INFO - Started process (PID=4769) to work on /home/nanah/airflow_venv/lib/python3.10/site-packages/airflow/example_dags/example_external_task_marker_dag.py
[2023-05-21T21:51:49.339+0200] {processor.py:758} INFO - Processing file /home/nanah/airflow_venv/lib/python3.10/site-packages/airflow/example_dags/example_external_task_marker_dag.py for tasks to queue
[2023-05-21T21:51:49.341+0200] {logging_mixin.py:117} INFO - [2023-05-21T21:51:49.340+0200] {dagbag.py:525} INFO - Filling up the DagBag from /home/nanah/airflow_venv/lib/python3.10/site-packages/airflow/example_dags/example_external_task_marker_dag.py
[2023-05-21T21:51:49.358+0200] {processor.py:768} INFO - DAG(s) dict_keys(['example_external_task_marker_child', 'example_external_task_marker_parent']) retrieved from /home/nanah/airflow_venv/lib/python3.10/site-packages/airflow/example_dags/example_external_task_marker_dag.py
[2023-05-21T21:51:49.418+0200] {logging_mixin.py:117} INFO - [2023-05-21T21:51:49.417+0200] {dag.py:2573} INFO - Sync 2 DAGs
[2023-05-21T21:51:49.495+0200] {logging_mixin.py:117} INFO - [2023-05-21T21:51:49.495+0200] {dag.py:3324} INFO - Setting next_dagrun for example_external_task_marker_child to None, run_after=None
[2023-05-21T21:51:49.512+0200] {logging_mixin.py:117} INFO - [2023-05-21T21:51:49.511+0200] {dag.py:3324} INFO - Setting next_dagrun for example_external_task_marker_parent to None, run_after=None
[2023-05-21T21:51:49.584+0200] {processor.py:178} INFO - Processing /home/nanah/airflow_venv/lib/python3.10/site-packages/airflow/example_dags/example_external_task_marker_dag.py took 0.263 seconds
[2023-05-21T21:53:14.605+0200] {processor.py:156} INFO - Started process (PID=4843) to work on /home/nanah/airflow_venv/lib/python3.10/site-packages/airflow/example_dags/example_external_task_marker_dag.py
[2023-05-21T21:53:14.610+0200] {processor.py:758} INFO - Processing file /home/nanah/airflow_venv/lib/python3.10/site-packages/airflow/example_dags/example_external_task_marker_dag.py for tasks to queue
[2023-05-21T21:53:14.611+0200] {logging_mixin.py:117} INFO - [2023-05-21T21:53:14.611+0200] {dagbag.py:525} INFO - Filling up the DagBag from /home/nanah/airflow_venv/lib/python3.10/site-packages/airflow/example_dags/example_external_task_marker_dag.py
[2023-05-21T21:53:14.624+0200] {processor.py:768} INFO - DAG(s) dict_keys(['example_external_task_marker_child', 'example_external_task_marker_parent']) retrieved from /home/nanah/airflow_venv/lib/python3.10/site-packages/airflow/example_dags/example_external_task_marker_dag.py
[2023-05-21T21:53:14.699+0200] {logging_mixin.py:117} INFO - [2023-05-21T21:53:14.699+0200] {dag.py:2573} INFO - Sync 2 DAGs
[2023-05-21T21:53:14.754+0200] {logging_mixin.py:117} INFO - [2023-05-21T21:53:14.754+0200] {dag.py:3324} INFO - Setting next_dagrun for example_external_task_marker_child to None, run_after=None
[2023-05-21T21:53:14.764+0200] {logging_mixin.py:117} INFO - [2023-05-21T21:53:14.763+0200] {dag.py:3324} INFO - Setting next_dagrun for example_external_task_marker_parent to None, run_after=None
[2023-05-21T21:53:14.815+0200] {processor.py:178} INFO - Processing /home/nanah/airflow_venv/lib/python3.10/site-packages/airflow/example_dags/example_external_task_marker_dag.py took 0.215 seconds
[2023-05-21T21:54:35.574+0200] {processor.py:156} INFO - Started process (PID=4911) to work on /home/nanah/airflow_venv/lib/python3.10/site-packages/airflow/example_dags/example_external_task_marker_dag.py
[2023-05-21T21:54:35.581+0200] {processor.py:758} INFO - Processing file /home/nanah/airflow_venv/lib/python3.10/site-packages/airflow/example_dags/example_external_task_marker_dag.py for tasks to queue
[2023-05-21T21:54:35.582+0200] {logging_mixin.py:117} INFO - [2023-05-21T21:54:35.582+0200] {dagbag.py:525} INFO - Filling up the DagBag from /home/nanah/airflow_venv/lib/python3.10/site-packages/airflow/example_dags/example_external_task_marker_dag.py
[2023-05-21T21:54:35.597+0200] {processor.py:768} INFO - DAG(s) dict_keys(['example_external_task_marker_parent', 'example_external_task_marker_child']) retrieved from /home/nanah/airflow_venv/lib/python3.10/site-packages/airflow/example_dags/example_external_task_marker_dag.py
[2023-05-21T21:54:35.647+0200] {logging_mixin.py:117} INFO - [2023-05-21T21:54:35.647+0200] {dag.py:2573} INFO - Sync 2 DAGs
[2023-05-21T21:54:35.691+0200] {logging_mixin.py:117} INFO - [2023-05-21T21:54:35.691+0200] {dag.py:3324} INFO - Setting next_dagrun for example_external_task_marker_child to None, run_after=None
[2023-05-21T21:54:35.699+0200] {logging_mixin.py:117} INFO - [2023-05-21T21:54:35.698+0200] {dag.py:3324} INFO - Setting next_dagrun for example_external_task_marker_parent to None, run_after=None
[2023-05-21T21:54:35.767+0200] {processor.py:178} INFO - Processing /home/nanah/airflow_venv/lib/python3.10/site-packages/airflow/example_dags/example_external_task_marker_dag.py took 0.200 seconds
[2023-05-21T21:55:52.031+0200] {processor.py:156} INFO - Started process (PID=4979) to work on /home/nanah/airflow_venv/lib/python3.10/site-packages/airflow/example_dags/example_external_task_marker_dag.py
[2023-05-21T21:55:52.036+0200] {processor.py:758} INFO - Processing file /home/nanah/airflow_venv/lib/python3.10/site-packages/airflow/example_dags/example_external_task_marker_dag.py for tasks to queue
[2023-05-21T21:55:52.038+0200] {logging_mixin.py:117} INFO - [2023-05-21T21:55:52.037+0200] {dagbag.py:525} INFO - Filling up the DagBag from /home/nanah/airflow_venv/lib/python3.10/site-packages/airflow/example_dags/example_external_task_marker_dag.py
[2023-05-21T21:55:52.050+0200] {processor.py:768} INFO - DAG(s) dict_keys(['example_external_task_marker_child', 'example_external_task_marker_parent']) retrieved from /home/nanah/airflow_venv/lib/python3.10/site-packages/airflow/example_dags/example_external_task_marker_dag.py
[2023-05-21T21:55:52.106+0200] {logging_mixin.py:117} INFO - [2023-05-21T21:55:52.105+0200] {dag.py:2573} INFO - Sync 2 DAGs
[2023-05-21T21:55:52.157+0200] {logging_mixin.py:117} INFO - [2023-05-21T21:55:52.156+0200] {dag.py:3324} INFO - Setting next_dagrun for example_external_task_marker_child to None, run_after=None
[2023-05-21T21:55:52.164+0200] {logging_mixin.py:117} INFO - [2023-05-21T21:55:52.164+0200] {dag.py:3324} INFO - Setting next_dagrun for example_external_task_marker_parent to None, run_after=None
[2023-05-21T21:55:52.218+0200] {processor.py:178} INFO - Processing /home/nanah/airflow_venv/lib/python3.10/site-packages/airflow/example_dags/example_external_task_marker_dag.py took 0.193 seconds
[2023-05-21T21:57:09.723+0200] {processor.py:156} INFO - Started process (PID=5046) to work on /home/nanah/airflow_venv/lib/python3.10/site-packages/airflow/example_dags/example_external_task_marker_dag.py
[2023-05-21T21:57:09.729+0200] {processor.py:758} INFO - Processing file /home/nanah/airflow_venv/lib/python3.10/site-packages/airflow/example_dags/example_external_task_marker_dag.py for tasks to queue
[2023-05-21T21:57:09.731+0200] {logging_mixin.py:117} INFO - [2023-05-21T21:57:09.731+0200] {dagbag.py:525} INFO - Filling up the DagBag from /home/nanah/airflow_venv/lib/python3.10/site-packages/airflow/example_dags/example_external_task_marker_dag.py
[2023-05-21T21:57:09.743+0200] {processor.py:768} INFO - DAG(s) dict_keys(['example_external_task_marker_parent', 'example_external_task_marker_child']) retrieved from /home/nanah/airflow_venv/lib/python3.10/site-packages/airflow/example_dags/example_external_task_marker_dag.py
[2023-05-21T21:57:09.783+0200] {logging_mixin.py:117} INFO - [2023-05-21T21:57:09.782+0200] {dag.py:2573} INFO - Sync 2 DAGs
[2023-05-21T21:57:09.819+0200] {logging_mixin.py:117} INFO - [2023-05-21T21:57:09.818+0200] {dag.py:3324} INFO - Setting next_dagrun for example_external_task_marker_child to None, run_after=None
[2023-05-21T21:57:09.827+0200] {logging_mixin.py:117} INFO - [2023-05-21T21:57:09.827+0200] {dag.py:3324} INFO - Setting next_dagrun for example_external_task_marker_parent to None, run_after=None
[2023-05-21T21:57:09.896+0200] {processor.py:178} INFO - Processing /home/nanah/airflow_venv/lib/python3.10/site-packages/airflow/example_dags/example_external_task_marker_dag.py took 0.180 seconds
[2023-05-21T21:58:46.666+0200] {processor.py:156} INFO - Started process (PID=5115) to work on /home/nanah/airflow_venv/lib/python3.10/site-packages/airflow/example_dags/example_external_task_marker_dag.py
[2023-05-21T21:58:46.669+0200] {processor.py:758} INFO - Processing file /home/nanah/airflow_venv/lib/python3.10/site-packages/airflow/example_dags/example_external_task_marker_dag.py for tasks to queue
[2023-05-21T21:58:46.670+0200] {logging_mixin.py:117} INFO - [2023-05-21T21:58:46.670+0200] {dagbag.py:525} INFO - Filling up the DagBag from /home/nanah/airflow_venv/lib/python3.10/site-packages/airflow/example_dags/example_external_task_marker_dag.py
[2023-05-21T21:58:46.685+0200] {processor.py:768} INFO - DAG(s) dict_keys(['example_external_task_marker_child', 'example_external_task_marker_parent']) retrieved from /home/nanah/airflow_venv/lib/python3.10/site-packages/airflow/example_dags/example_external_task_marker_dag.py
[2023-05-21T21:58:46.734+0200] {logging_mixin.py:117} INFO - [2023-05-21T21:58:46.734+0200] {dag.py:2573} INFO - Sync 2 DAGs
[2023-05-21T21:58:46.776+0200] {logging_mixin.py:117} INFO - [2023-05-21T21:58:46.773+0200] {dag.py:3324} INFO - Setting next_dagrun for example_external_task_marker_child to None, run_after=None
[2023-05-21T21:58:46.783+0200] {logging_mixin.py:117} INFO - [2023-05-21T21:58:46.783+0200] {dag.py:3324} INFO - Setting next_dagrun for example_external_task_marker_parent to None, run_after=None
[2023-05-21T21:58:46.852+0200] {processor.py:178} INFO - Processing /home/nanah/airflow_venv/lib/python3.10/site-packages/airflow/example_dags/example_external_task_marker_dag.py took 0.194 seconds
[2023-05-21T22:00:03.747+0200] {processor.py:156} INFO - Started process (PID=5183) to work on /home/nanah/airflow_venv/lib/python3.10/site-packages/airflow/example_dags/example_external_task_marker_dag.py
[2023-05-21T22:00:03.753+0200] {processor.py:758} INFO - Processing file /home/nanah/airflow_venv/lib/python3.10/site-packages/airflow/example_dags/example_external_task_marker_dag.py for tasks to queue
[2023-05-21T22:00:03.755+0200] {logging_mixin.py:117} INFO - [2023-05-21T22:00:03.754+0200] {dagbag.py:525} INFO - Filling up the DagBag from /home/nanah/airflow_venv/lib/python3.10/site-packages/airflow/example_dags/example_external_task_marker_dag.py
[2023-05-21T22:00:03.766+0200] {processor.py:768} INFO - DAG(s) dict_keys(['example_external_task_marker_child', 'example_external_task_marker_parent']) retrieved from /home/nanah/airflow_venv/lib/python3.10/site-packages/airflow/example_dags/example_external_task_marker_dag.py
[2023-05-21T22:00:03.811+0200] {logging_mixin.py:117} INFO - [2023-05-21T22:00:03.810+0200] {dag.py:2573} INFO - Sync 2 DAGs
[2023-05-21T22:00:03.849+0200] {logging_mixin.py:117} INFO - [2023-05-21T22:00:03.849+0200] {dag.py:3324} INFO - Setting next_dagrun for example_external_task_marker_child to None, run_after=None
[2023-05-21T22:00:03.855+0200] {logging_mixin.py:117} INFO - [2023-05-21T22:00:03.855+0200] {dag.py:3324} INFO - Setting next_dagrun for example_external_task_marker_parent to None, run_after=None
[2023-05-21T22:00:03.897+0200] {processor.py:178} INFO - Processing /home/nanah/airflow_venv/lib/python3.10/site-packages/airflow/example_dags/example_external_task_marker_dag.py took 0.156 seconds
[2023-05-21T22:01:22.189+0200] {processor.py:156} INFO - Started process (PID=5251) to work on /home/nanah/airflow_venv/lib/python3.10/site-packages/airflow/example_dags/example_external_task_marker_dag.py
[2023-05-21T22:01:22.196+0200] {processor.py:758} INFO - Processing file /home/nanah/airflow_venv/lib/python3.10/site-packages/airflow/example_dags/example_external_task_marker_dag.py for tasks to queue
[2023-05-21T22:01:22.198+0200] {logging_mixin.py:117} INFO - [2023-05-21T22:01:22.198+0200] {dagbag.py:525} INFO - Filling up the DagBag from /home/nanah/airflow_venv/lib/python3.10/site-packages/airflow/example_dags/example_external_task_marker_dag.py
[2023-05-21T22:01:22.213+0200] {processor.py:768} INFO - DAG(s) dict_keys(['example_external_task_marker_child', 'example_external_task_marker_parent']) retrieved from /home/nanah/airflow_venv/lib/python3.10/site-packages/airflow/example_dags/example_external_task_marker_dag.py
[2023-05-21T22:01:22.276+0200] {logging_mixin.py:117} INFO - [2023-05-21T22:01:22.276+0200] {dag.py:2573} INFO - Sync 2 DAGs
[2023-05-21T22:01:22.333+0200] {logging_mixin.py:117} INFO - [2023-05-21T22:01:22.332+0200] {dag.py:3324} INFO - Setting next_dagrun for example_external_task_marker_child to None, run_after=None
[2023-05-21T22:01:22.342+0200] {logging_mixin.py:117} INFO - [2023-05-21T22:01:22.339+0200] {dag.py:3324} INFO - Setting next_dagrun for example_external_task_marker_parent to None, run_after=None
[2023-05-21T22:01:22.431+0200] {processor.py:178} INFO - Processing /home/nanah/airflow_venv/lib/python3.10/site-packages/airflow/example_dags/example_external_task_marker_dag.py took 0.249 seconds
[2023-05-21T22:02:45.693+0200] {processor.py:156} INFO - Started process (PID=5318) to work on /home/nanah/airflow_venv/lib/python3.10/site-packages/airflow/example_dags/example_external_task_marker_dag.py
[2023-05-21T22:02:45.699+0200] {processor.py:758} INFO - Processing file /home/nanah/airflow_venv/lib/python3.10/site-packages/airflow/example_dags/example_external_task_marker_dag.py for tasks to queue
[2023-05-21T22:02:45.705+0200] {logging_mixin.py:117} INFO - [2023-05-21T22:02:45.705+0200] {dagbag.py:525} INFO - Filling up the DagBag from /home/nanah/airflow_venv/lib/python3.10/site-packages/airflow/example_dags/example_external_task_marker_dag.py
[2023-05-21T22:02:45.729+0200] {processor.py:768} INFO - DAG(s) dict_keys(['example_external_task_marker_parent', 'example_external_task_marker_child']) retrieved from /home/nanah/airflow_venv/lib/python3.10/site-packages/airflow/example_dags/example_external_task_marker_dag.py
[2023-05-21T22:02:45.818+0200] {logging_mixin.py:117} INFO - [2023-05-21T22:02:45.817+0200] {dag.py:2573} INFO - Sync 2 DAGs
[2023-05-21T22:02:45.882+0200] {logging_mixin.py:117} INFO - [2023-05-21T22:02:45.882+0200] {dag.py:3324} INFO - Setting next_dagrun for example_external_task_marker_child to None, run_after=None
[2023-05-21T22:02:45.898+0200] {logging_mixin.py:117} INFO - [2023-05-21T22:02:45.897+0200] {dag.py:3324} INFO - Setting next_dagrun for example_external_task_marker_parent to None, run_after=None
[2023-05-21T22:02:46.075+0200] {processor.py:178} INFO - Processing /home/nanah/airflow_venv/lib/python3.10/site-packages/airflow/example_dags/example_external_task_marker_dag.py took 0.391 seconds
[2023-05-21T22:04:06.959+0200] {processor.py:156} INFO - Started process (PID=5386) to work on /home/nanah/airflow_venv/lib/python3.10/site-packages/airflow/example_dags/example_external_task_marker_dag.py
[2023-05-21T22:04:06.966+0200] {processor.py:758} INFO - Processing file /home/nanah/airflow_venv/lib/python3.10/site-packages/airflow/example_dags/example_external_task_marker_dag.py for tasks to queue
[2023-05-21T22:04:06.967+0200] {logging_mixin.py:117} INFO - [2023-05-21T22:04:06.967+0200] {dagbag.py:525} INFO - Filling up the DagBag from /home/nanah/airflow_venv/lib/python3.10/site-packages/airflow/example_dags/example_external_task_marker_dag.py
[2023-05-21T22:04:06.980+0200] {processor.py:768} INFO - DAG(s) dict_keys(['example_external_task_marker_parent', 'example_external_task_marker_child']) retrieved from /home/nanah/airflow_venv/lib/python3.10/site-packages/airflow/example_dags/example_external_task_marker_dag.py
[2023-05-21T22:04:07.025+0200] {logging_mixin.py:117} INFO - [2023-05-21T22:04:07.024+0200] {dag.py:2573} INFO - Sync 2 DAGs
[2023-05-21T22:04:07.061+0200] {logging_mixin.py:117} INFO - [2023-05-21T22:04:07.060+0200] {dag.py:3324} INFO - Setting next_dagrun for example_external_task_marker_child to None, run_after=None
[2023-05-21T22:04:07.067+0200] {logging_mixin.py:117} INFO - [2023-05-21T22:04:07.066+0200] {dag.py:3324} INFO - Setting next_dagrun for example_external_task_marker_parent to None, run_after=None
[2023-05-21T22:04:07.108+0200] {processor.py:178} INFO - Processing /home/nanah/airflow_venv/lib/python3.10/site-packages/airflow/example_dags/example_external_task_marker_dag.py took 0.155 seconds
[2023-05-21T22:05:23.209+0200] {processor.py:156} INFO - Started process (PID=5454) to work on /home/nanah/airflow_venv/lib/python3.10/site-packages/airflow/example_dags/example_external_task_marker_dag.py
[2023-05-21T22:05:23.215+0200] {processor.py:758} INFO - Processing file /home/nanah/airflow_venv/lib/python3.10/site-packages/airflow/example_dags/example_external_task_marker_dag.py for tasks to queue
[2023-05-21T22:05:23.216+0200] {logging_mixin.py:117} INFO - [2023-05-21T22:05:23.216+0200] {dagbag.py:525} INFO - Filling up the DagBag from /home/nanah/airflow_venv/lib/python3.10/site-packages/airflow/example_dags/example_external_task_marker_dag.py
[2023-05-21T22:05:23.227+0200] {processor.py:768} INFO - DAG(s) dict_keys(['example_external_task_marker_parent', 'example_external_task_marker_child']) retrieved from /home/nanah/airflow_venv/lib/python3.10/site-packages/airflow/example_dags/example_external_task_marker_dag.py
[2023-05-21T22:05:23.267+0200] {logging_mixin.py:117} INFO - [2023-05-21T22:05:23.267+0200] {dag.py:2573} INFO - Sync 2 DAGs
[2023-05-21T22:05:23.306+0200] {logging_mixin.py:117} INFO - [2023-05-21T22:05:23.305+0200] {dag.py:3324} INFO - Setting next_dagrun for example_external_task_marker_child to None, run_after=None
[2023-05-21T22:05:23.312+0200] {logging_mixin.py:117} INFO - [2023-05-21T22:05:23.312+0200] {dag.py:3324} INFO - Setting next_dagrun for example_external_task_marker_parent to None, run_after=None
[2023-05-21T22:05:23.359+0200] {processor.py:178} INFO - Processing /home/nanah/airflow_venv/lib/python3.10/site-packages/airflow/example_dags/example_external_task_marker_dag.py took 0.156 seconds
[2023-05-21T22:06:42.932+0200] {processor.py:156} INFO - Started process (PID=5522) to work on /home/nanah/airflow_venv/lib/python3.10/site-packages/airflow/example_dags/example_external_task_marker_dag.py
[2023-05-21T22:06:42.937+0200] {processor.py:758} INFO - Processing file /home/nanah/airflow_venv/lib/python3.10/site-packages/airflow/example_dags/example_external_task_marker_dag.py for tasks to queue
[2023-05-21T22:06:42.938+0200] {logging_mixin.py:117} INFO - [2023-05-21T22:06:42.938+0200] {dagbag.py:525} INFO - Filling up the DagBag from /home/nanah/airflow_venv/lib/python3.10/site-packages/airflow/example_dags/example_external_task_marker_dag.py
[2023-05-21T22:06:42.949+0200] {processor.py:768} INFO - DAG(s) dict_keys(['example_external_task_marker_child', 'example_external_task_marker_parent']) retrieved from /home/nanah/airflow_venv/lib/python3.10/site-packages/airflow/example_dags/example_external_task_marker_dag.py
[2023-05-21T22:06:42.988+0200] {logging_mixin.py:117} INFO - [2023-05-21T22:06:42.988+0200] {dag.py:2573} INFO - Sync 2 DAGs
[2023-05-21T22:06:43.024+0200] {logging_mixin.py:117} INFO - [2023-05-21T22:06:43.023+0200] {dag.py:3324} INFO - Setting next_dagrun for example_external_task_marker_child to None, run_after=None
[2023-05-21T22:06:43.029+0200] {logging_mixin.py:117} INFO - [2023-05-21T22:06:43.029+0200] {dag.py:3324} INFO - Setting next_dagrun for example_external_task_marker_parent to None, run_after=None
[2023-05-21T22:06:43.075+0200] {processor.py:178} INFO - Processing /home/nanah/airflow_venv/lib/python3.10/site-packages/airflow/example_dags/example_external_task_marker_dag.py took 0.149 seconds
[2023-05-21T22:08:02.742+0200] {processor.py:156} INFO - Started process (PID=5591) to work on /home/nanah/airflow_venv/lib/python3.10/site-packages/airflow/example_dags/example_external_task_marker_dag.py
[2023-05-21T22:08:02.747+0200] {processor.py:758} INFO - Processing file /home/nanah/airflow_venv/lib/python3.10/site-packages/airflow/example_dags/example_external_task_marker_dag.py for tasks to queue
[2023-05-21T22:08:02.749+0200] {logging_mixin.py:117} INFO - [2023-05-21T22:08:02.748+0200] {dagbag.py:525} INFO - Filling up the DagBag from /home/nanah/airflow_venv/lib/python3.10/site-packages/airflow/example_dags/example_external_task_marker_dag.py
[2023-05-21T22:08:02.759+0200] {processor.py:768} INFO - DAG(s) dict_keys(['example_external_task_marker_child', 'example_external_task_marker_parent']) retrieved from /home/nanah/airflow_venv/lib/python3.10/site-packages/airflow/example_dags/example_external_task_marker_dag.py
[2023-05-21T22:08:02.799+0200] {logging_mixin.py:117} INFO - [2023-05-21T22:08:02.799+0200] {dag.py:2573} INFO - Sync 2 DAGs
[2023-05-21T22:08:02.839+0200] {logging_mixin.py:117} INFO - [2023-05-21T22:08:02.838+0200] {dag.py:3324} INFO - Setting next_dagrun for example_external_task_marker_child to None, run_after=None
[2023-05-21T22:08:02.847+0200] {logging_mixin.py:117} INFO - [2023-05-21T22:08:02.846+0200] {dag.py:3324} INFO - Setting next_dagrun for example_external_task_marker_parent to None, run_after=None
[2023-05-21T22:08:02.897+0200] {processor.py:178} INFO - Processing /home/nanah/airflow_venv/lib/python3.10/site-packages/airflow/example_dags/example_external_task_marker_dag.py took 0.162 seconds
[2023-05-21T22:09:18.619+0200] {processor.py:156} INFO - Started process (PID=5686) to work on /home/nanah/airflow_venv/lib/python3.10/site-packages/airflow/example_dags/example_external_task_marker_dag.py
[2023-05-21T22:09:18.625+0200] {processor.py:758} INFO - Processing file /home/nanah/airflow_venv/lib/python3.10/site-packages/airflow/example_dags/example_external_task_marker_dag.py for tasks to queue
[2023-05-21T22:09:18.626+0200] {logging_mixin.py:117} INFO - [2023-05-21T22:09:18.626+0200] {dagbag.py:525} INFO - Filling up the DagBag from /home/nanah/airflow_venv/lib/python3.10/site-packages/airflow/example_dags/example_external_task_marker_dag.py
[2023-05-21T22:09:18.636+0200] {processor.py:768} INFO - DAG(s) dict_keys(['example_external_task_marker_parent', 'example_external_task_marker_child']) retrieved from /home/nanah/airflow_venv/lib/python3.10/site-packages/airflow/example_dags/example_external_task_marker_dag.py
[2023-05-21T22:09:18.678+0200] {logging_mixin.py:117} INFO - [2023-05-21T22:09:18.677+0200] {dag.py:2573} INFO - Sync 2 DAGs
[2023-05-21T22:09:18.714+0200] {logging_mixin.py:117} INFO - [2023-05-21T22:09:18.713+0200] {dag.py:3324} INFO - Setting next_dagrun for example_external_task_marker_child to None, run_after=None
[2023-05-21T22:09:18.719+0200] {logging_mixin.py:117} INFO - [2023-05-21T22:09:18.719+0200] {dag.py:3324} INFO - Setting next_dagrun for example_external_task_marker_parent to None, run_after=None
[2023-05-21T22:09:18.760+0200] {processor.py:178} INFO - Processing /home/nanah/airflow_venv/lib/python3.10/site-packages/airflow/example_dags/example_external_task_marker_dag.py took 0.148 seconds
[2023-05-21T22:10:42.748+0200] {processor.py:156} INFO - Started process (PID=5754) to work on /home/nanah/airflow_venv/lib/python3.10/site-packages/airflow/example_dags/example_external_task_marker_dag.py
[2023-05-21T22:10:42.752+0200] {processor.py:758} INFO - Processing file /home/nanah/airflow_venv/lib/python3.10/site-packages/airflow/example_dags/example_external_task_marker_dag.py for tasks to queue
[2023-05-21T22:10:42.754+0200] {logging_mixin.py:117} INFO - [2023-05-21T22:10:42.753+0200] {dagbag.py:525} INFO - Filling up the DagBag from /home/nanah/airflow_venv/lib/python3.10/site-packages/airflow/example_dags/example_external_task_marker_dag.py
[2023-05-21T22:10:42.764+0200] {processor.py:768} INFO - DAG(s) dict_keys(['example_external_task_marker_child', 'example_external_task_marker_parent']) retrieved from /home/nanah/airflow_venv/lib/python3.10/site-packages/airflow/example_dags/example_external_task_marker_dag.py
[2023-05-21T22:10:42.808+0200] {logging_mixin.py:117} INFO - [2023-05-21T22:10:42.808+0200] {dag.py:2573} INFO - Sync 2 DAGs
[2023-05-21T22:10:42.844+0200] {logging_mixin.py:117} INFO - [2023-05-21T22:10:42.844+0200] {dag.py:3324} INFO - Setting next_dagrun for example_external_task_marker_child to None, run_after=None
[2023-05-21T22:10:42.849+0200] {logging_mixin.py:117} INFO - [2023-05-21T22:10:42.849+0200] {dag.py:3324} INFO - Setting next_dagrun for example_external_task_marker_parent to None, run_after=None
[2023-05-21T22:10:42.894+0200] {processor.py:178} INFO - Processing /home/nanah/airflow_venv/lib/python3.10/site-packages/airflow/example_dags/example_external_task_marker_dag.py took 0.153 seconds
[2023-05-21T22:12:15.644+0200] {processor.py:156} INFO - Started process (PID=5822) to work on /home/nanah/airflow_venv/lib/python3.10/site-packages/airflow/example_dags/example_external_task_marker_dag.py
[2023-05-21T22:12:15.647+0200] {processor.py:758} INFO - Processing file /home/nanah/airflow_venv/lib/python3.10/site-packages/airflow/example_dags/example_external_task_marker_dag.py for tasks to queue
[2023-05-21T22:12:15.648+0200] {logging_mixin.py:117} INFO - [2023-05-21T22:12:15.648+0200] {dagbag.py:525} INFO - Filling up the DagBag from /home/nanah/airflow_venv/lib/python3.10/site-packages/airflow/example_dags/example_external_task_marker_dag.py
[2023-05-21T22:12:15.661+0200] {processor.py:768} INFO - DAG(s) dict_keys(['example_external_task_marker_parent', 'example_external_task_marker_child']) retrieved from /home/nanah/airflow_venv/lib/python3.10/site-packages/airflow/example_dags/example_external_task_marker_dag.py
[2023-05-21T22:12:15.702+0200] {logging_mixin.py:117} INFO - [2023-05-21T22:12:15.701+0200] {dag.py:2573} INFO - Sync 2 DAGs
[2023-05-21T22:12:15.737+0200] {logging_mixin.py:117} INFO - [2023-05-21T22:12:15.737+0200] {dag.py:3324} INFO - Setting next_dagrun for example_external_task_marker_child to None, run_after=None
[2023-05-21T22:12:15.743+0200] {logging_mixin.py:117} INFO - [2023-05-21T22:12:15.743+0200] {dag.py:3324} INFO - Setting next_dagrun for example_external_task_marker_parent to None, run_after=None
[2023-05-21T22:12:15.785+0200] {processor.py:178} INFO - Processing /home/nanah/airflow_venv/lib/python3.10/site-packages/airflow/example_dags/example_external_task_marker_dag.py took 0.149 seconds
[2023-05-21T22:13:37.006+0200] {processor.py:156} INFO - Started process (PID=5893) to work on /home/nanah/airflow_venv/lib/python3.10/site-packages/airflow/example_dags/example_external_task_marker_dag.py
[2023-05-21T22:13:37.012+0200] {processor.py:758} INFO - Processing file /home/nanah/airflow_venv/lib/python3.10/site-packages/airflow/example_dags/example_external_task_marker_dag.py for tasks to queue
[2023-05-21T22:13:37.013+0200] {logging_mixin.py:117} INFO - [2023-05-21T22:13:37.013+0200] {dagbag.py:525} INFO - Filling up the DagBag from /home/nanah/airflow_venv/lib/python3.10/site-packages/airflow/example_dags/example_external_task_marker_dag.py
[2023-05-21T22:13:37.025+0200] {processor.py:768} INFO - DAG(s) dict_keys(['example_external_task_marker_child', 'example_external_task_marker_parent']) retrieved from /home/nanah/airflow_venv/lib/python3.10/site-packages/airflow/example_dags/example_external_task_marker_dag.py
[2023-05-21T22:13:37.064+0200] {logging_mixin.py:117} INFO - [2023-05-21T22:13:37.063+0200] {dag.py:2573} INFO - Sync 2 DAGs
[2023-05-21T22:13:37.100+0200] {logging_mixin.py:117} INFO - [2023-05-21T22:13:37.100+0200] {dag.py:3324} INFO - Setting next_dagrun for example_external_task_marker_child to None, run_after=None
[2023-05-21T22:13:37.108+0200] {logging_mixin.py:117} INFO - [2023-05-21T22:13:37.108+0200] {dag.py:3324} INFO - Setting next_dagrun for example_external_task_marker_parent to None, run_after=None
[2023-05-21T22:13:37.150+0200] {processor.py:178} INFO - Processing /home/nanah/airflow_venv/lib/python3.10/site-packages/airflow/example_dags/example_external_task_marker_dag.py took 0.150 seconds
[2023-05-21T22:14:57.559+0200] {processor.py:156} INFO - Started process (PID=5961) to work on /home/nanah/airflow_venv/lib/python3.10/site-packages/airflow/example_dags/example_external_task_marker_dag.py
[2023-05-21T22:14:57.565+0200] {processor.py:758} INFO - Processing file /home/nanah/airflow_venv/lib/python3.10/site-packages/airflow/example_dags/example_external_task_marker_dag.py for tasks to queue
[2023-05-21T22:14:57.566+0200] {logging_mixin.py:117} INFO - [2023-05-21T22:14:57.566+0200] {dagbag.py:525} INFO - Filling up the DagBag from /home/nanah/airflow_venv/lib/python3.10/site-packages/airflow/example_dags/example_external_task_marker_dag.py
[2023-05-21T22:14:57.578+0200] {processor.py:768} INFO - DAG(s) dict_keys(['example_external_task_marker_parent', 'example_external_task_marker_child']) retrieved from /home/nanah/airflow_venv/lib/python3.10/site-packages/airflow/example_dags/example_external_task_marker_dag.py
[2023-05-21T22:14:57.618+0200] {logging_mixin.py:117} INFO - [2023-05-21T22:14:57.618+0200] {dag.py:2573} INFO - Sync 2 DAGs
[2023-05-21T22:14:57.655+0200] {logging_mixin.py:117} INFO - [2023-05-21T22:14:57.654+0200] {dag.py:3324} INFO - Setting next_dagrun for example_external_task_marker_child to None, run_after=None
[2023-05-21T22:14:57.660+0200] {logging_mixin.py:117} INFO - [2023-05-21T22:14:57.660+0200] {dag.py:3324} INFO - Setting next_dagrun for example_external_task_marker_parent to None, run_after=None
[2023-05-21T22:14:57.700+0200] {processor.py:178} INFO - Processing /home/nanah/airflow_venv/lib/python3.10/site-packages/airflow/example_dags/example_external_task_marker_dag.py took 0.148 seconds
[2023-05-21T22:16:21.008+0200] {processor.py:156} INFO - Started process (PID=6030) to work on /home/nanah/airflow_venv/lib/python3.10/site-packages/airflow/example_dags/example_external_task_marker_dag.py
[2023-05-21T22:16:21.014+0200] {processor.py:758} INFO - Processing file /home/nanah/airflow_venv/lib/python3.10/site-packages/airflow/example_dags/example_external_task_marker_dag.py for tasks to queue
[2023-05-21T22:16:21.015+0200] {logging_mixin.py:117} INFO - [2023-05-21T22:16:21.015+0200] {dagbag.py:525} INFO - Filling up the DagBag from /home/nanah/airflow_venv/lib/python3.10/site-packages/airflow/example_dags/example_external_task_marker_dag.py
[2023-05-21T22:16:21.030+0200] {processor.py:768} INFO - DAG(s) dict_keys(['example_external_task_marker_parent', 'example_external_task_marker_child']) retrieved from /home/nanah/airflow_venv/lib/python3.10/site-packages/airflow/example_dags/example_external_task_marker_dag.py
[2023-05-21T22:16:21.078+0200] {logging_mixin.py:117} INFO - [2023-05-21T22:16:21.077+0200] {dag.py:2573} INFO - Sync 2 DAGs
[2023-05-21T22:16:21.122+0200] {logging_mixin.py:117} INFO - [2023-05-21T22:16:21.122+0200] {dag.py:3324} INFO - Setting next_dagrun for example_external_task_marker_child to None, run_after=None
[2023-05-21T22:16:21.129+0200] {logging_mixin.py:117} INFO - [2023-05-21T22:16:21.129+0200] {dag.py:3324} INFO - Setting next_dagrun for example_external_task_marker_parent to None, run_after=None
[2023-05-21T22:16:21.173+0200] {processor.py:178} INFO - Processing /home/nanah/airflow_venv/lib/python3.10/site-packages/airflow/example_dags/example_external_task_marker_dag.py took 0.173 seconds
[2023-05-21T22:17:41.567+0200] {processor.py:156} INFO - Started process (PID=6103) to work on /home/nanah/airflow_venv/lib/python3.10/site-packages/airflow/example_dags/example_external_task_marker_dag.py
[2023-05-21T22:17:41.574+0200] {processor.py:758} INFO - Processing file /home/nanah/airflow_venv/lib/python3.10/site-packages/airflow/example_dags/example_external_task_marker_dag.py for tasks to queue
[2023-05-21T22:17:41.575+0200] {logging_mixin.py:117} INFO - [2023-05-21T22:17:41.575+0200] {dagbag.py:525} INFO - Filling up the DagBag from /home/nanah/airflow_venv/lib/python3.10/site-packages/airflow/example_dags/example_external_task_marker_dag.py
[2023-05-21T22:17:41.587+0200] {processor.py:768} INFO - DAG(s) dict_keys(['example_external_task_marker_parent', 'example_external_task_marker_child']) retrieved from /home/nanah/airflow_venv/lib/python3.10/site-packages/airflow/example_dags/example_external_task_marker_dag.py
[2023-05-21T22:17:41.628+0200] {logging_mixin.py:117} INFO - [2023-05-21T22:17:41.628+0200] {dag.py:2573} INFO - Sync 2 DAGs
[2023-05-21T22:17:41.664+0200] {logging_mixin.py:117} INFO - [2023-05-21T22:17:41.663+0200] {dag.py:3324} INFO - Setting next_dagrun for example_external_task_marker_child to None, run_after=None
[2023-05-21T22:17:41.669+0200] {logging_mixin.py:117} INFO - [2023-05-21T22:17:41.669+0200] {dag.py:3324} INFO - Setting next_dagrun for example_external_task_marker_parent to None, run_after=None
[2023-05-21T22:17:41.716+0200] {processor.py:178} INFO - Processing /home/nanah/airflow_venv/lib/python3.10/site-packages/airflow/example_dags/example_external_task_marker_dag.py took 0.155 seconds
[2023-05-21T22:18:57.370+0200] {processor.py:156} INFO - Started process (PID=6171) to work on /home/nanah/airflow_venv/lib/python3.10/site-packages/airflow/example_dags/example_external_task_marker_dag.py
[2023-05-21T22:18:57.376+0200] {processor.py:758} INFO - Processing file /home/nanah/airflow_venv/lib/python3.10/site-packages/airflow/example_dags/example_external_task_marker_dag.py for tasks to queue
[2023-05-21T22:18:57.377+0200] {logging_mixin.py:117} INFO - [2023-05-21T22:18:57.377+0200] {dagbag.py:525} INFO - Filling up the DagBag from /home/nanah/airflow_venv/lib/python3.10/site-packages/airflow/example_dags/example_external_task_marker_dag.py
[2023-05-21T22:18:57.389+0200] {processor.py:768} INFO - DAG(s) dict_keys(['example_external_task_marker_child', 'example_external_task_marker_parent']) retrieved from /home/nanah/airflow_venv/lib/python3.10/site-packages/airflow/example_dags/example_external_task_marker_dag.py
[2023-05-21T22:18:57.428+0200] {logging_mixin.py:117} INFO - [2023-05-21T22:18:57.428+0200] {dag.py:2573} INFO - Sync 2 DAGs
[2023-05-21T22:18:57.464+0200] {logging_mixin.py:117} INFO - [2023-05-21T22:18:57.463+0200] {dag.py:3324} INFO - Setting next_dagrun for example_external_task_marker_child to None, run_after=None
[2023-05-21T22:18:57.471+0200] {logging_mixin.py:117} INFO - [2023-05-21T22:18:57.471+0200] {dag.py:3324} INFO - Setting next_dagrun for example_external_task_marker_parent to None, run_after=None
[2023-05-21T22:18:57.518+0200] {processor.py:178} INFO - Processing /home/nanah/airflow_venv/lib/python3.10/site-packages/airflow/example_dags/example_external_task_marker_dag.py took 0.154 seconds
[2023-05-21T22:20:23.410+0200] {processor.py:156} INFO - Started process (PID=6239) to work on /home/nanah/airflow_venv/lib/python3.10/site-packages/airflow/example_dags/example_external_task_marker_dag.py
[2023-05-21T22:20:23.416+0200] {processor.py:758} INFO - Processing file /home/nanah/airflow_venv/lib/python3.10/site-packages/airflow/example_dags/example_external_task_marker_dag.py for tasks to queue
[2023-05-21T22:20:23.417+0200] {logging_mixin.py:117} INFO - [2023-05-21T22:20:23.417+0200] {dagbag.py:525} INFO - Filling up the DagBag from /home/nanah/airflow_venv/lib/python3.10/site-packages/airflow/example_dags/example_external_task_marker_dag.py
[2023-05-21T22:20:23.428+0200] {processor.py:768} INFO - DAG(s) dict_keys(['example_external_task_marker_parent', 'example_external_task_marker_child']) retrieved from /home/nanah/airflow_venv/lib/python3.10/site-packages/airflow/example_dags/example_external_task_marker_dag.py
[2023-05-21T22:20:23.469+0200] {logging_mixin.py:117} INFO - [2023-05-21T22:20:23.469+0200] {dag.py:2573} INFO - Sync 2 DAGs
[2023-05-21T22:20:23.508+0200] {logging_mixin.py:117} INFO - [2023-05-21T22:20:23.507+0200] {dag.py:3324} INFO - Setting next_dagrun for example_external_task_marker_child to None, run_after=None
[2023-05-21T22:20:23.514+0200] {logging_mixin.py:117} INFO - [2023-05-21T22:20:23.513+0200] {dag.py:3324} INFO - Setting next_dagrun for example_external_task_marker_parent to None, run_after=None
[2023-05-21T22:20:23.569+0200] {processor.py:178} INFO - Processing /home/nanah/airflow_venv/lib/python3.10/site-packages/airflow/example_dags/example_external_task_marker_dag.py took 0.166 seconds
[2023-05-21T22:21:46.696+0200] {processor.py:156} INFO - Started process (PID=6308) to work on /home/nanah/airflow_venv/lib/python3.10/site-packages/airflow/example_dags/example_external_task_marker_dag.py
[2023-05-21T22:21:46.702+0200] {processor.py:758} INFO - Processing file /home/nanah/airflow_venv/lib/python3.10/site-packages/airflow/example_dags/example_external_task_marker_dag.py for tasks to queue
[2023-05-21T22:21:46.703+0200] {logging_mixin.py:117} INFO - [2023-05-21T22:21:46.703+0200] {dagbag.py:525} INFO - Filling up the DagBag from /home/nanah/airflow_venv/lib/python3.10/site-packages/airflow/example_dags/example_external_task_marker_dag.py
[2023-05-21T22:21:46.714+0200] {processor.py:768} INFO - DAG(s) dict_keys(['example_external_task_marker_child', 'example_external_task_marker_parent']) retrieved from /home/nanah/airflow_venv/lib/python3.10/site-packages/airflow/example_dags/example_external_task_marker_dag.py
[2023-05-21T22:21:46.755+0200] {logging_mixin.py:117} INFO - [2023-05-21T22:21:46.755+0200] {dag.py:2573} INFO - Sync 2 DAGs
[2023-05-21T22:21:46.792+0200] {logging_mixin.py:117} INFO - [2023-05-21T22:21:46.791+0200] {dag.py:3324} INFO - Setting next_dagrun for example_external_task_marker_child to None, run_after=None
[2023-05-21T22:21:46.797+0200] {logging_mixin.py:117} INFO - [2023-05-21T22:21:46.797+0200] {dag.py:3324} INFO - Setting next_dagrun for example_external_task_marker_parent to None, run_after=None
[2023-05-21T22:21:46.843+0200] {processor.py:178} INFO - Processing /home/nanah/airflow_venv/lib/python3.10/site-packages/airflow/example_dags/example_external_task_marker_dag.py took 0.154 seconds
[2023-05-21T22:23:09.444+0200] {processor.py:156} INFO - Started process (PID=6378) to work on /home/nanah/airflow_venv/lib/python3.10/site-packages/airflow/example_dags/example_external_task_marker_dag.py
[2023-05-21T22:23:09.451+0200] {processor.py:758} INFO - Processing file /home/nanah/airflow_venv/lib/python3.10/site-packages/airflow/example_dags/example_external_task_marker_dag.py for tasks to queue
[2023-05-21T22:23:09.452+0200] {logging_mixin.py:117} INFO - [2023-05-21T22:23:09.452+0200] {dagbag.py:525} INFO - Filling up the DagBag from /home/nanah/airflow_venv/lib/python3.10/site-packages/airflow/example_dags/example_external_task_marker_dag.py
[2023-05-21T22:23:09.475+0200] {processor.py:768} INFO - DAG(s) dict_keys(['example_external_task_marker_child', 'example_external_task_marker_parent']) retrieved from /home/nanah/airflow_venv/lib/python3.10/site-packages/airflow/example_dags/example_external_task_marker_dag.py
[2023-05-21T22:23:09.618+0200] {logging_mixin.py:117} INFO - [2023-05-21T22:23:09.617+0200] {dag.py:2573} INFO - Sync 2 DAGs
[2023-05-21T22:23:09.692+0200] {logging_mixin.py:117} INFO - [2023-05-21T22:23:09.692+0200] {dag.py:3324} INFO - Setting next_dagrun for example_external_task_marker_child to None, run_after=None
[2023-05-21T22:23:09.707+0200] {logging_mixin.py:117} INFO - [2023-05-21T22:23:09.706+0200] {dag.py:3324} INFO - Setting next_dagrun for example_external_task_marker_parent to None, run_after=None
[2023-05-21T22:23:09.819+0200] {processor.py:178} INFO - Processing /home/nanah/airflow_venv/lib/python3.10/site-packages/airflow/example_dags/example_external_task_marker_dag.py took 0.391 seconds
[2023-05-21T22:24:26.988+0200] {processor.py:156} INFO - Started process (PID=6446) to work on /home/nanah/airflow_venv/lib/python3.10/site-packages/airflow/example_dags/example_external_task_marker_dag.py
[2023-05-21T22:24:26.994+0200] {processor.py:758} INFO - Processing file /home/nanah/airflow_venv/lib/python3.10/site-packages/airflow/example_dags/example_external_task_marker_dag.py for tasks to queue
[2023-05-21T22:24:26.996+0200] {logging_mixin.py:117} INFO - [2023-05-21T22:24:26.995+0200] {dagbag.py:525} INFO - Filling up the DagBag from /home/nanah/airflow_venv/lib/python3.10/site-packages/airflow/example_dags/example_external_task_marker_dag.py
[2023-05-21T22:24:27.006+0200] {processor.py:768} INFO - DAG(s) dict_keys(['example_external_task_marker_child', 'example_external_task_marker_parent']) retrieved from /home/nanah/airflow_venv/lib/python3.10/site-packages/airflow/example_dags/example_external_task_marker_dag.py
[2023-05-21T22:24:27.047+0200] {logging_mixin.py:117} INFO - [2023-05-21T22:24:27.047+0200] {dag.py:2573} INFO - Sync 2 DAGs
[2023-05-21T22:24:27.082+0200] {logging_mixin.py:117} INFO - [2023-05-21T22:24:27.082+0200] {dag.py:3324} INFO - Setting next_dagrun for example_external_task_marker_child to None, run_after=None
[2023-05-21T22:24:27.090+0200] {logging_mixin.py:117} INFO - [2023-05-21T22:24:27.089+0200] {dag.py:3324} INFO - Setting next_dagrun for example_external_task_marker_parent to None, run_after=None
[2023-05-21T22:24:27.131+0200] {processor.py:178} INFO - Processing /home/nanah/airflow_venv/lib/python3.10/site-packages/airflow/example_dags/example_external_task_marker_dag.py took 0.150 seconds
[2023-05-21T22:25:48.755+0200] {processor.py:156} INFO - Started process (PID=6514) to work on /home/nanah/airflow_venv/lib/python3.10/site-packages/airflow/example_dags/example_external_task_marker_dag.py
[2023-05-21T22:25:48.761+0200] {processor.py:758} INFO - Processing file /home/nanah/airflow_venv/lib/python3.10/site-packages/airflow/example_dags/example_external_task_marker_dag.py for tasks to queue
[2023-05-21T22:25:48.762+0200] {logging_mixin.py:117} INFO - [2023-05-21T22:25:48.762+0200] {dagbag.py:525} INFO - Filling up the DagBag from /home/nanah/airflow_venv/lib/python3.10/site-packages/airflow/example_dags/example_external_task_marker_dag.py
[2023-05-21T22:25:48.773+0200] {processor.py:768} INFO - DAG(s) dict_keys(['example_external_task_marker_parent', 'example_external_task_marker_child']) retrieved from /home/nanah/airflow_venv/lib/python3.10/site-packages/airflow/example_dags/example_external_task_marker_dag.py
[2023-05-21T22:25:48.815+0200] {logging_mixin.py:117} INFO - [2023-05-21T22:25:48.815+0200] {dag.py:2573} INFO - Sync 2 DAGs
[2023-05-21T22:25:48.851+0200] {logging_mixin.py:117} INFO - [2023-05-21T22:25:48.851+0200] {dag.py:3324} INFO - Setting next_dagrun for example_external_task_marker_child to None, run_after=None
[2023-05-21T22:25:48.856+0200] {logging_mixin.py:117} INFO - [2023-05-21T22:25:48.856+0200] {dag.py:3324} INFO - Setting next_dagrun for example_external_task_marker_parent to None, run_after=None
[2023-05-21T22:25:48.897+0200] {processor.py:178} INFO - Processing /home/nanah/airflow_venv/lib/python3.10/site-packages/airflow/example_dags/example_external_task_marker_dag.py took 0.149 seconds
[2023-05-21T22:27:06.175+0200] {processor.py:156} INFO - Started process (PID=6584) to work on /home/nanah/airflow_venv/lib/python3.10/site-packages/airflow/example_dags/example_external_task_marker_dag.py
[2023-05-21T22:27:06.180+0200] {processor.py:758} INFO - Processing file /home/nanah/airflow_venv/lib/python3.10/site-packages/airflow/example_dags/example_external_task_marker_dag.py for tasks to queue
[2023-05-21T22:27:06.182+0200] {logging_mixin.py:117} INFO - [2023-05-21T22:27:06.182+0200] {dagbag.py:525} INFO - Filling up the DagBag from /home/nanah/airflow_venv/lib/python3.10/site-packages/airflow/example_dags/example_external_task_marker_dag.py
[2023-05-21T22:27:06.193+0200] {processor.py:768} INFO - DAG(s) dict_keys(['example_external_task_marker_child', 'example_external_task_marker_parent']) retrieved from /home/nanah/airflow_venv/lib/python3.10/site-packages/airflow/example_dags/example_external_task_marker_dag.py
[2023-05-21T22:27:06.233+0200] {logging_mixin.py:117} INFO - [2023-05-21T22:27:06.232+0200] {dag.py:2573} INFO - Sync 2 DAGs
[2023-05-21T22:27:06.270+0200] {logging_mixin.py:117} INFO - [2023-05-21T22:27:06.270+0200] {dag.py:3324} INFO - Setting next_dagrun for example_external_task_marker_child to None, run_after=None
[2023-05-21T22:27:06.275+0200] {logging_mixin.py:117} INFO - [2023-05-21T22:27:06.275+0200] {dag.py:3324} INFO - Setting next_dagrun for example_external_task_marker_parent to None, run_after=None
[2023-05-21T22:27:06.318+0200] {processor.py:178} INFO - Processing /home/nanah/airflow_venv/lib/python3.10/site-packages/airflow/example_dags/example_external_task_marker_dag.py took 0.151 seconds
[2023-05-21T22:28:25.735+0200] {processor.py:156} INFO - Started process (PID=6654) to work on /home/nanah/airflow_venv/lib/python3.10/site-packages/airflow/example_dags/example_external_task_marker_dag.py
[2023-05-21T22:28:25.744+0200] {processor.py:758} INFO - Processing file /home/nanah/airflow_venv/lib/python3.10/site-packages/airflow/example_dags/example_external_task_marker_dag.py for tasks to queue
[2023-05-21T22:28:25.745+0200] {logging_mixin.py:117} INFO - [2023-05-21T22:28:25.745+0200] {dagbag.py:525} INFO - Filling up the DagBag from /home/nanah/airflow_venv/lib/python3.10/site-packages/airflow/example_dags/example_external_task_marker_dag.py
[2023-05-21T22:28:25.756+0200] {processor.py:768} INFO - DAG(s) dict_keys(['example_external_task_marker_parent', 'example_external_task_marker_child']) retrieved from /home/nanah/airflow_venv/lib/python3.10/site-packages/airflow/example_dags/example_external_task_marker_dag.py
[2023-05-21T22:28:25.803+0200] {logging_mixin.py:117} INFO - [2023-05-21T22:28:25.803+0200] {dag.py:2573} INFO - Sync 2 DAGs
[2023-05-21T22:28:25.843+0200] {logging_mixin.py:117} INFO - [2023-05-21T22:28:25.843+0200] {dag.py:3324} INFO - Setting next_dagrun for example_external_task_marker_child to None, run_after=None
[2023-05-21T22:28:25.850+0200] {logging_mixin.py:117} INFO - [2023-05-21T22:28:25.849+0200] {dag.py:3324} INFO - Setting next_dagrun for example_external_task_marker_parent to None, run_after=None
[2023-05-21T22:28:25.908+0200] {processor.py:178} INFO - Processing /home/nanah/airflow_venv/lib/python3.10/site-packages/airflow/example_dags/example_external_task_marker_dag.py took 0.179 seconds
[2023-05-21T22:29:44.323+0200] {processor.py:156} INFO - Started process (PID=6726) to work on /home/nanah/airflow_venv/lib/python3.10/site-packages/airflow/example_dags/example_external_task_marker_dag.py
[2023-05-21T22:29:44.329+0200] {processor.py:758} INFO - Processing file /home/nanah/airflow_venv/lib/python3.10/site-packages/airflow/example_dags/example_external_task_marker_dag.py for tasks to queue
[2023-05-21T22:29:44.330+0200] {logging_mixin.py:117} INFO - [2023-05-21T22:29:44.330+0200] {dagbag.py:525} INFO - Filling up the DagBag from /home/nanah/airflow_venv/lib/python3.10/site-packages/airflow/example_dags/example_external_task_marker_dag.py
[2023-05-21T22:29:44.341+0200] {processor.py:768} INFO - DAG(s) dict_keys(['example_external_task_marker_child', 'example_external_task_marker_parent']) retrieved from /home/nanah/airflow_venv/lib/python3.10/site-packages/airflow/example_dags/example_external_task_marker_dag.py
[2023-05-21T22:29:44.382+0200] {logging_mixin.py:117} INFO - [2023-05-21T22:29:44.381+0200] {dag.py:2573} INFO - Sync 2 DAGs
[2023-05-21T22:29:44.417+0200] {logging_mixin.py:117} INFO - [2023-05-21T22:29:44.417+0200] {dag.py:3324} INFO - Setting next_dagrun for example_external_task_marker_child to None, run_after=None
[2023-05-21T22:29:44.422+0200] {logging_mixin.py:117} INFO - [2023-05-21T22:29:44.422+0200] {dag.py:3324} INFO - Setting next_dagrun for example_external_task_marker_parent to None, run_after=None
[2023-05-21T22:29:44.470+0200] {processor.py:178} INFO - Processing /home/nanah/airflow_venv/lib/python3.10/site-packages/airflow/example_dags/example_external_task_marker_dag.py took 0.153 seconds
[2023-05-21T22:31:00.721+0200] {processor.py:156} INFO - Started process (PID=6794) to work on /home/nanah/airflow_venv/lib/python3.10/site-packages/airflow/example_dags/example_external_task_marker_dag.py
[2023-05-21T22:31:00.727+0200] {processor.py:758} INFO - Processing file /home/nanah/airflow_venv/lib/python3.10/site-packages/airflow/example_dags/example_external_task_marker_dag.py for tasks to queue
[2023-05-21T22:31:00.729+0200] {logging_mixin.py:117} INFO - [2023-05-21T22:31:00.728+0200] {dagbag.py:525} INFO - Filling up the DagBag from /home/nanah/airflow_venv/lib/python3.10/site-packages/airflow/example_dags/example_external_task_marker_dag.py
[2023-05-21T22:31:00.740+0200] {processor.py:768} INFO - DAG(s) dict_keys(['example_external_task_marker_child', 'example_external_task_marker_parent']) retrieved from /home/nanah/airflow_venv/lib/python3.10/site-packages/airflow/example_dags/example_external_task_marker_dag.py
[2023-05-21T22:31:00.779+0200] {logging_mixin.py:117} INFO - [2023-05-21T22:31:00.778+0200] {dag.py:2573} INFO - Sync 2 DAGs
[2023-05-21T22:31:00.817+0200] {logging_mixin.py:117} INFO - [2023-05-21T22:31:00.816+0200] {dag.py:3324} INFO - Setting next_dagrun for example_external_task_marker_child to None, run_after=None
[2023-05-21T22:31:00.822+0200] {logging_mixin.py:117} INFO - [2023-05-21T22:31:00.822+0200] {dag.py:3324} INFO - Setting next_dagrun for example_external_task_marker_parent to None, run_after=None
[2023-05-21T22:31:00.868+0200] {processor.py:178} INFO - Processing /home/nanah/airflow_venv/lib/python3.10/site-packages/airflow/example_dags/example_external_task_marker_dag.py took 0.153 seconds
[2023-05-21T22:32:32.657+0200] {processor.py:156} INFO - Started process (PID=6871) to work on /home/nanah/airflow_venv/lib/python3.10/site-packages/airflow/example_dags/example_external_task_marker_dag.py
[2023-05-21T22:32:32.663+0200] {processor.py:758} INFO - Processing file /home/nanah/airflow_venv/lib/python3.10/site-packages/airflow/example_dags/example_external_task_marker_dag.py for tasks to queue
[2023-05-21T22:32:32.665+0200] {logging_mixin.py:117} INFO - [2023-05-21T22:32:32.664+0200] {dagbag.py:525} INFO - Filling up the DagBag from /home/nanah/airflow_venv/lib/python3.10/site-packages/airflow/example_dags/example_external_task_marker_dag.py
[2023-05-21T22:32:32.675+0200] {processor.py:768} INFO - DAG(s) dict_keys(['example_external_task_marker_parent', 'example_external_task_marker_child']) retrieved from /home/nanah/airflow_venv/lib/python3.10/site-packages/airflow/example_dags/example_external_task_marker_dag.py
[2023-05-21T22:32:32.715+0200] {logging_mixin.py:117} INFO - [2023-05-21T22:32:32.714+0200] {dag.py:2573} INFO - Sync 2 DAGs
[2023-05-21T22:32:32.761+0200] {logging_mixin.py:117} INFO - [2023-05-21T22:32:32.760+0200] {dag.py:3324} INFO - Setting next_dagrun for example_external_task_marker_child to None, run_after=None
[2023-05-21T22:32:32.766+0200] {logging_mixin.py:117} INFO - [2023-05-21T22:32:32.766+0200] {dag.py:3324} INFO - Setting next_dagrun for example_external_task_marker_parent to None, run_after=None
[2023-05-21T22:32:32.825+0200] {processor.py:178} INFO - Processing /home/nanah/airflow_venv/lib/python3.10/site-packages/airflow/example_dags/example_external_task_marker_dag.py took 0.183 seconds
[2023-05-21T22:33:49.107+0200] {processor.py:156} INFO - Started process (PID=6939) to work on /home/nanah/airflow_venv/lib/python3.10/site-packages/airflow/example_dags/example_external_task_marker_dag.py
[2023-05-21T22:33:49.112+0200] {processor.py:758} INFO - Processing file /home/nanah/airflow_venv/lib/python3.10/site-packages/airflow/example_dags/example_external_task_marker_dag.py for tasks to queue
[2023-05-21T22:33:49.114+0200] {logging_mixin.py:117} INFO - [2023-05-21T22:33:49.113+0200] {dagbag.py:525} INFO - Filling up the DagBag from /home/nanah/airflow_venv/lib/python3.10/site-packages/airflow/example_dags/example_external_task_marker_dag.py
[2023-05-21T22:33:49.126+0200] {processor.py:768} INFO - DAG(s) dict_keys(['example_external_task_marker_child', 'example_external_task_marker_parent']) retrieved from /home/nanah/airflow_venv/lib/python3.10/site-packages/airflow/example_dags/example_external_task_marker_dag.py
[2023-05-21T22:33:49.165+0200] {logging_mixin.py:117} INFO - [2023-05-21T22:33:49.165+0200] {dag.py:2573} INFO - Sync 2 DAGs
[2023-05-21T22:33:49.219+0200] {logging_mixin.py:117} INFO - [2023-05-21T22:33:49.219+0200] {dag.py:3324} INFO - Setting next_dagrun for example_external_task_marker_child to None, run_after=None
[2023-05-21T22:33:49.225+0200] {logging_mixin.py:117} INFO - [2023-05-21T22:33:49.225+0200] {dag.py:3324} INFO - Setting next_dagrun for example_external_task_marker_parent to None, run_after=None
[2023-05-21T22:33:49.267+0200] {processor.py:178} INFO - Processing /home/nanah/airflow_venv/lib/python3.10/site-packages/airflow/example_dags/example_external_task_marker_dag.py took 0.168 seconds
[2023-05-21T22:35:13.883+0200] {processor.py:156} INFO - Started process (PID=7028) to work on /home/nanah/airflow_venv/lib/python3.10/site-packages/airflow/example_dags/example_external_task_marker_dag.py
[2023-05-21T22:35:13.894+0200] {processor.py:758} INFO - Processing file /home/nanah/airflow_venv/lib/python3.10/site-packages/airflow/example_dags/example_external_task_marker_dag.py for tasks to queue
[2023-05-21T22:35:13.895+0200] {logging_mixin.py:117} INFO - [2023-05-21T22:35:13.895+0200] {dagbag.py:525} INFO - Filling up the DagBag from /home/nanah/airflow_venv/lib/python3.10/site-packages/airflow/example_dags/example_external_task_marker_dag.py
[2023-05-21T22:35:13.907+0200] {processor.py:768} INFO - DAG(s) dict_keys(['example_external_task_marker_child', 'example_external_task_marker_parent']) retrieved from /home/nanah/airflow_venv/lib/python3.10/site-packages/airflow/example_dags/example_external_task_marker_dag.py
[2023-05-21T22:35:13.959+0200] {logging_mixin.py:117} INFO - [2023-05-21T22:35:13.959+0200] {dag.py:2573} INFO - Sync 2 DAGs
[2023-05-21T22:35:13.995+0200] {logging_mixin.py:117} INFO - [2023-05-21T22:35:13.995+0200] {dag.py:3324} INFO - Setting next_dagrun for example_external_task_marker_child to None, run_after=None
[2023-05-21T22:35:14.000+0200] {logging_mixin.py:117} INFO - [2023-05-21T22:35:14.000+0200] {dag.py:3324} INFO - Setting next_dagrun for example_external_task_marker_parent to None, run_after=None
[2023-05-21T22:35:14.049+0200] {processor.py:178} INFO - Processing /home/nanah/airflow_venv/lib/python3.10/site-packages/airflow/example_dags/example_external_task_marker_dag.py took 0.173 seconds
[2023-05-21T22:36:47.814+0200] {processor.py:156} INFO - Started process (PID=7279) to work on /home/nanah/airflow_venv/lib/python3.10/site-packages/airflow/example_dags/example_external_task_marker_dag.py
[2023-05-21T22:36:47.820+0200] {processor.py:758} INFO - Processing file /home/nanah/airflow_venv/lib/python3.10/site-packages/airflow/example_dags/example_external_task_marker_dag.py for tasks to queue
[2023-05-21T22:36:47.822+0200] {logging_mixin.py:117} INFO - [2023-05-21T22:36:47.822+0200] {dagbag.py:525} INFO - Filling up the DagBag from /home/nanah/airflow_venv/lib/python3.10/site-packages/airflow/example_dags/example_external_task_marker_dag.py
[2023-05-21T22:36:47.835+0200] {processor.py:768} INFO - DAG(s) dict_keys(['example_external_task_marker_parent', 'example_external_task_marker_child']) retrieved from /home/nanah/airflow_venv/lib/python3.10/site-packages/airflow/example_dags/example_external_task_marker_dag.py
[2023-05-21T22:36:47.875+0200] {logging_mixin.py:117} INFO - [2023-05-21T22:36:47.874+0200] {dag.py:2573} INFO - Sync 2 DAGs
[2023-05-21T22:36:47.916+0200] {logging_mixin.py:117} INFO - [2023-05-21T22:36:47.916+0200] {dag.py:3324} INFO - Setting next_dagrun for example_external_task_marker_child to None, run_after=None
[2023-05-21T22:36:47.923+0200] {logging_mixin.py:117} INFO - [2023-05-21T22:36:47.922+0200] {dag.py:3324} INFO - Setting next_dagrun for example_external_task_marker_parent to None, run_after=None
[2023-05-21T22:36:47.971+0200] {processor.py:178} INFO - Processing /home/nanah/airflow_venv/lib/python3.10/site-packages/airflow/example_dags/example_external_task_marker_dag.py took 0.164 seconds
[2023-05-21T22:38:51.054+0200] {processor.py:156} INFO - Started process (PID=7352) to work on /home/nanah/airflow_venv/lib/python3.10/site-packages/airflow/example_dags/example_external_task_marker_dag.py
[2023-05-21T22:38:51.057+0200] {processor.py:758} INFO - Processing file /home/nanah/airflow_venv/lib/python3.10/site-packages/airflow/example_dags/example_external_task_marker_dag.py for tasks to queue
[2023-05-21T22:38:51.059+0200] {logging_mixin.py:117} INFO - [2023-05-21T22:38:51.058+0200] {dagbag.py:525} INFO - Filling up the DagBag from /home/nanah/airflow_venv/lib/python3.10/site-packages/airflow/example_dags/example_external_task_marker_dag.py
[2023-05-21T22:38:51.075+0200] {processor.py:768} INFO - DAG(s) dict_keys(['example_external_task_marker_parent', 'example_external_task_marker_child']) retrieved from /home/nanah/airflow_venv/lib/python3.10/site-packages/airflow/example_dags/example_external_task_marker_dag.py
[2023-05-21T22:38:51.136+0200] {logging_mixin.py:117} INFO - [2023-05-21T22:38:51.136+0200] {dag.py:2573} INFO - Sync 2 DAGs
[2023-05-21T22:38:51.188+0200] {logging_mixin.py:117} INFO - [2023-05-21T22:38:51.187+0200] {dag.py:3324} INFO - Setting next_dagrun for example_external_task_marker_child to None, run_after=None
[2023-05-21T22:38:51.196+0200] {logging_mixin.py:117} INFO - [2023-05-21T22:38:51.196+0200] {dag.py:3324} INFO - Setting next_dagrun for example_external_task_marker_parent to None, run_after=None
[2023-05-21T22:38:51.261+0200] {processor.py:178} INFO - Processing /home/nanah/airflow_venv/lib/python3.10/site-packages/airflow/example_dags/example_external_task_marker_dag.py took 0.218 seconds
[2023-05-21T22:40:10.700+0200] {processor.py:156} INFO - Started process (PID=7420) to work on /home/nanah/airflow_venv/lib/python3.10/site-packages/airflow/example_dags/example_external_task_marker_dag.py
[2023-05-21T22:40:10.704+0200] {processor.py:758} INFO - Processing file /home/nanah/airflow_venv/lib/python3.10/site-packages/airflow/example_dags/example_external_task_marker_dag.py for tasks to queue
[2023-05-21T22:40:10.705+0200] {logging_mixin.py:117} INFO - [2023-05-21T22:40:10.705+0200] {dagbag.py:525} INFO - Filling up the DagBag from /home/nanah/airflow_venv/lib/python3.10/site-packages/airflow/example_dags/example_external_task_marker_dag.py
[2023-05-21T22:40:10.718+0200] {processor.py:768} INFO - DAG(s) dict_keys(['example_external_task_marker_child', 'example_external_task_marker_parent']) retrieved from /home/nanah/airflow_venv/lib/python3.10/site-packages/airflow/example_dags/example_external_task_marker_dag.py
[2023-05-21T22:40:10.763+0200] {logging_mixin.py:117} INFO - [2023-05-21T22:40:10.762+0200] {dag.py:2573} INFO - Sync 2 DAGs
[2023-05-21T22:40:10.810+0200] {logging_mixin.py:117} INFO - [2023-05-21T22:40:10.810+0200] {dag.py:3324} INFO - Setting next_dagrun for example_external_task_marker_child to None, run_after=None
[2023-05-21T22:40:10.815+0200] {logging_mixin.py:117} INFO - [2023-05-21T22:40:10.815+0200] {dag.py:3324} INFO - Setting next_dagrun for example_external_task_marker_parent to None, run_after=None
[2023-05-21T22:40:10.868+0200] {processor.py:178} INFO - Processing /home/nanah/airflow_venv/lib/python3.10/site-packages/airflow/example_dags/example_external_task_marker_dag.py took 0.174 seconds
[2023-05-21T22:41:36.972+0200] {processor.py:156} INFO - Started process (PID=7489) to work on /home/nanah/airflow_venv/lib/python3.10/site-packages/airflow/example_dags/example_external_task_marker_dag.py
[2023-05-21T22:41:36.980+0200] {processor.py:758} INFO - Processing file /home/nanah/airflow_venv/lib/python3.10/site-packages/airflow/example_dags/example_external_task_marker_dag.py for tasks to queue
[2023-05-21T22:41:36.981+0200] {logging_mixin.py:117} INFO - [2023-05-21T22:41:36.981+0200] {dagbag.py:525} INFO - Filling up the DagBag from /home/nanah/airflow_venv/lib/python3.10/site-packages/airflow/example_dags/example_external_task_marker_dag.py
[2023-05-21T22:41:36.999+0200] {processor.py:768} INFO - DAG(s) dict_keys(['example_external_task_marker_child', 'example_external_task_marker_parent']) retrieved from /home/nanah/airflow_venv/lib/python3.10/site-packages/airflow/example_dags/example_external_task_marker_dag.py
[2023-05-21T22:41:37.067+0200] {logging_mixin.py:117} INFO - [2023-05-21T22:41:37.067+0200] {dag.py:2573} INFO - Sync 2 DAGs
[2023-05-21T22:41:37.131+0200] {logging_mixin.py:117} INFO - [2023-05-21T22:41:37.131+0200] {dag.py:3324} INFO - Setting next_dagrun for example_external_task_marker_child to None, run_after=None
[2023-05-21T22:41:37.139+0200] {logging_mixin.py:117} INFO - [2023-05-21T22:41:37.138+0200] {dag.py:3324} INFO - Setting next_dagrun for example_external_task_marker_parent to None, run_after=None
[2023-05-21T22:41:37.255+0200] {processor.py:178} INFO - Processing /home/nanah/airflow_venv/lib/python3.10/site-packages/airflow/example_dags/example_external_task_marker_dag.py took 0.301 seconds
