[2023-05-21T21:19:24.798+0200] {processor.py:156} INFO - Started process (PID=2366) to work on /home/nanah/airflow_venv/lib/python3.10/site-packages/airflow/example_dags/example_bash_operator.py
[2023-05-21T21:19:24.800+0200] {processor.py:758} INFO - Processing file /home/nanah/airflow_venv/lib/python3.10/site-packages/airflow/example_dags/example_bash_operator.py for tasks to queue
[2023-05-21T21:19:24.802+0200] {logging_mixin.py:117} INFO - [2023-05-21T21:19:24.801+0200] {dagbag.py:525} INFO - Filling up the DagBag from /home/nanah/airflow_venv/lib/python3.10/site-packages/airflow/example_dags/example_bash_operator.py
[2023-05-21T21:19:24.992+0200] {processor.py:768} INFO - DAG(s) dict_keys(['example_bash_operator']) retrieved from /home/nanah/airflow_venv/lib/python3.10/site-packages/airflow/example_dags/example_bash_operator.py
[2023-05-21T21:19:25.178+0200] {logging_mixin.py:117} INFO - [2023-05-21T21:19:25.177+0200] {dag.py:2573} INFO - Sync 1 DAGs
[2023-05-21T21:19:25.599+0200] {logging_mixin.py:117} INFO - [2023-05-21T21:19:25.598+0200] {dag.py:3324} INFO - Setting next_dagrun for example_bash_operator to 2023-05-20T00:00:00+00:00, run_after=2023-05-21T00:00:00+00:00
[2023-05-21T21:19:25.826+0200] {processor.py:178} INFO - Processing /home/nanah/airflow_venv/lib/python3.10/site-packages/airflow/example_dags/example_bash_operator.py took 1.044 seconds
[2023-05-21T21:21:39.823+0200] {processor.py:156} INFO - Started process (PID=2490) to work on /home/nanah/airflow_venv/lib/python3.10/site-packages/airflow/example_dags/example_bash_operator.py
[2023-05-21T21:21:39.836+0200] {processor.py:758} INFO - Processing file /home/nanah/airflow_venv/lib/python3.10/site-packages/airflow/example_dags/example_bash_operator.py for tasks to queue
[2023-05-21T21:21:39.838+0200] {logging_mixin.py:117} INFO - [2023-05-21T21:21:39.838+0200] {dagbag.py:525} INFO - Filling up the DagBag from /home/nanah/airflow_venv/lib/python3.10/site-packages/airflow/example_dags/example_bash_operator.py
[2023-05-21T21:21:39.993+0200] {processor.py:768} INFO - DAG(s) dict_keys(['example_bash_operator']) retrieved from /home/nanah/airflow_venv/lib/python3.10/site-packages/airflow/example_dags/example_bash_operator.py
[2023-05-21T21:21:40.323+0200] {logging_mixin.py:117} INFO - [2023-05-21T21:21:40.322+0200] {dag.py:2573} INFO - Sync 1 DAGs
[2023-05-21T21:21:40.479+0200] {logging_mixin.py:117} INFO - [2023-05-21T21:21:40.479+0200] {dag.py:3324} INFO - Setting next_dagrun for example_bash_operator to 2023-05-20T00:00:00+00:00, run_after=2023-05-21T00:00:00+00:00
[2023-05-21T21:21:40.729+0200] {processor.py:178} INFO - Processing /home/nanah/airflow_venv/lib/python3.10/site-packages/airflow/example_dags/example_bash_operator.py took 0.924 seconds
[2023-05-21T21:25:39.074+0200] {processor.py:156} INFO - Started process (PID=2905) to work on /home/nanah/airflow_venv/lib/python3.10/site-packages/airflow/example_dags/example_bash_operator.py
[2023-05-21T21:25:39.078+0200] {processor.py:758} INFO - Processing file /home/nanah/airflow_venv/lib/python3.10/site-packages/airflow/example_dags/example_bash_operator.py for tasks to queue
[2023-05-21T21:25:39.079+0200] {logging_mixin.py:117} INFO - [2023-05-21T21:25:39.079+0200] {dagbag.py:525} INFO - Filling up the DagBag from /home/nanah/airflow_venv/lib/python3.10/site-packages/airflow/example_dags/example_bash_operator.py
[2023-05-21T21:25:39.217+0200] {processor.py:768} INFO - DAG(s) dict_keys(['example_bash_operator']) retrieved from /home/nanah/airflow_venv/lib/python3.10/site-packages/airflow/example_dags/example_bash_operator.py
[2023-05-21T21:25:39.445+0200] {logging_mixin.py:117} INFO - [2023-05-21T21:25:39.445+0200] {dag.py:2573} INFO - Sync 1 DAGs
[2023-05-21T21:25:39.578+0200] {logging_mixin.py:117} INFO - [2023-05-21T21:25:39.578+0200] {dag.py:3324} INFO - Setting next_dagrun for example_bash_operator to 2023-05-20T00:00:00+00:00, run_after=2023-05-21T00:00:00+00:00
[2023-05-21T21:25:39.713+0200] {processor.py:178} INFO - Processing /home/nanah/airflow_venv/lib/python3.10/site-packages/airflow/example_dags/example_bash_operator.py took 0.656 seconds
[2023-05-21T21:29:13.035+0200] {processor.py:156} INFO - Started process (PID=3008) to work on /home/nanah/airflow_venv/lib/python3.10/site-packages/airflow/example_dags/example_bash_operator.py
[2023-05-21T21:29:13.044+0200] {processor.py:758} INFO - Processing file /home/nanah/airflow_venv/lib/python3.10/site-packages/airflow/example_dags/example_bash_operator.py for tasks to queue
[2023-05-21T21:29:13.045+0200] {logging_mixin.py:117} INFO - [2023-05-21T21:29:13.045+0200] {dagbag.py:525} INFO - Filling up the DagBag from /home/nanah/airflow_venv/lib/python3.10/site-packages/airflow/example_dags/example_bash_operator.py
[2023-05-21T21:29:13.625+0200] {processor.py:768} INFO - DAG(s) dict_keys(['example_bash_operator']) retrieved from /home/nanah/airflow_venv/lib/python3.10/site-packages/airflow/example_dags/example_bash_operator.py
[2023-05-21T21:29:13.846+0200] {logging_mixin.py:117} INFO - [2023-05-21T21:29:13.835+0200] {dag.py:2573} INFO - Sync 1 DAGs
[2023-05-21T21:29:13.949+0200] {logging_mixin.py:117} INFO - [2023-05-21T21:29:13.949+0200] {dag.py:3324} INFO - Setting next_dagrun for example_bash_operator to 2023-05-20T00:00:00+00:00, run_after=2023-05-21T00:00:00+00:00
[2023-05-21T21:29:14.018+0200] {processor.py:178} INFO - Processing /home/nanah/airflow_venv/lib/python3.10/site-packages/airflow/example_dags/example_bash_operator.py took 0.999 seconds
[2023-05-21T21:33:07.804+0200] {processor.py:156} INFO - Started process (PID=3812) to work on /home/nanah/airflow_venv/lib/python3.10/site-packages/airflow/example_dags/example_bash_operator.py
[2023-05-21T21:33:07.807+0200] {processor.py:758} INFO - Processing file /home/nanah/airflow_venv/lib/python3.10/site-packages/airflow/example_dags/example_bash_operator.py for tasks to queue
[2023-05-21T21:33:07.808+0200] {logging_mixin.py:117} INFO - [2023-05-21T21:33:07.808+0200] {dagbag.py:525} INFO - Filling up the DagBag from /home/nanah/airflow_venv/lib/python3.10/site-packages/airflow/example_dags/example_bash_operator.py
[2023-05-21T21:33:07.839+0200] {processor.py:768} INFO - DAG(s) dict_keys(['example_bash_operator']) retrieved from /home/nanah/airflow_venv/lib/python3.10/site-packages/airflow/example_dags/example_bash_operator.py
[2023-05-21T21:33:07.884+0200] {logging_mixin.py:117} INFO - [2023-05-21T21:33:07.884+0200] {dag.py:2573} INFO - Sync 1 DAGs
[2023-05-21T21:33:07.923+0200] {logging_mixin.py:117} INFO - [2023-05-21T21:33:07.923+0200] {dag.py:3324} INFO - Setting next_dagrun for example_bash_operator to 2023-05-20T00:00:00+00:00, run_after=2023-05-21T00:00:00+00:00
[2023-05-21T21:33:07.986+0200] {processor.py:178} INFO - Processing /home/nanah/airflow_venv/lib/python3.10/site-packages/airflow/example_dags/example_bash_operator.py took 0.190 seconds
[2023-05-21T21:34:37.684+0200] {processor.py:156} INFO - Started process (PID=3881) to work on /home/nanah/airflow_venv/lib/python3.10/site-packages/airflow/example_dags/example_bash_operator.py
[2023-05-21T21:34:37.686+0200] {processor.py:758} INFO - Processing file /home/nanah/airflow_venv/lib/python3.10/site-packages/airflow/example_dags/example_bash_operator.py for tasks to queue
[2023-05-21T21:34:37.688+0200] {logging_mixin.py:117} INFO - [2023-05-21T21:34:37.688+0200] {dagbag.py:525} INFO - Filling up the DagBag from /home/nanah/airflow_venv/lib/python3.10/site-packages/airflow/example_dags/example_bash_operator.py
[2023-05-21T21:34:37.714+0200] {processor.py:768} INFO - DAG(s) dict_keys(['example_bash_operator']) retrieved from /home/nanah/airflow_venv/lib/python3.10/site-packages/airflow/example_dags/example_bash_operator.py
[2023-05-21T21:34:37.760+0200] {logging_mixin.py:117} INFO - [2023-05-21T21:34:37.759+0200] {dag.py:2573} INFO - Sync 1 DAGs
[2023-05-21T21:34:37.800+0200] {logging_mixin.py:117} INFO - [2023-05-21T21:34:37.800+0200] {dag.py:3324} INFO - Setting next_dagrun for example_bash_operator to 2023-05-20T00:00:00+00:00, run_after=2023-05-21T00:00:00+00:00
[2023-05-21T21:34:37.854+0200] {processor.py:178} INFO - Processing /home/nanah/airflow_venv/lib/python3.10/site-packages/airflow/example_dags/example_bash_operator.py took 0.176 seconds
[2023-05-21T21:35:57.454+0200] {processor.py:156} INFO - Started process (PID=3952) to work on /home/nanah/airflow_venv/lib/python3.10/site-packages/airflow/example_dags/example_bash_operator.py
[2023-05-21T21:35:57.461+0200] {processor.py:758} INFO - Processing file /home/nanah/airflow_venv/lib/python3.10/site-packages/airflow/example_dags/example_bash_operator.py for tasks to queue
[2023-05-21T21:35:57.463+0200] {logging_mixin.py:117} INFO - [2023-05-21T21:35:57.463+0200] {dagbag.py:525} INFO - Filling up the DagBag from /home/nanah/airflow_venv/lib/python3.10/site-packages/airflow/example_dags/example_bash_operator.py
[2023-05-21T21:35:57.501+0200] {processor.py:768} INFO - DAG(s) dict_keys(['example_bash_operator']) retrieved from /home/nanah/airflow_venv/lib/python3.10/site-packages/airflow/example_dags/example_bash_operator.py
[2023-05-21T21:35:57.818+0200] {logging_mixin.py:117} INFO - [2023-05-21T21:35:57.818+0200] {dag.py:2573} INFO - Sync 1 DAGs
[2023-05-21T21:35:57.907+0200] {logging_mixin.py:117} INFO - [2023-05-21T21:35:57.906+0200] {dag.py:3324} INFO - Setting next_dagrun for example_bash_operator to 2023-05-20T00:00:00+00:00, run_after=2023-05-21T00:00:00+00:00
[2023-05-21T21:35:58.023+0200] {processor.py:178} INFO - Processing /home/nanah/airflow_venv/lib/python3.10/site-packages/airflow/example_dags/example_bash_operator.py took 0.576 seconds
[2023-05-21T21:37:25.934+0200] {processor.py:156} INFO - Started process (PID=4032) to work on /home/nanah/airflow_venv/lib/python3.10/site-packages/airflow/example_dags/example_bash_operator.py
[2023-05-21T21:37:25.938+0200] {processor.py:758} INFO - Processing file /home/nanah/airflow_venv/lib/python3.10/site-packages/airflow/example_dags/example_bash_operator.py for tasks to queue
[2023-05-21T21:37:25.939+0200] {logging_mixin.py:117} INFO - [2023-05-21T21:37:25.939+0200] {dagbag.py:525} INFO - Filling up the DagBag from /home/nanah/airflow_venv/lib/python3.10/site-packages/airflow/example_dags/example_bash_operator.py
[2023-05-21T21:37:25.966+0200] {processor.py:768} INFO - DAG(s) dict_keys(['example_bash_operator']) retrieved from /home/nanah/airflow_venv/lib/python3.10/site-packages/airflow/example_dags/example_bash_operator.py
[2023-05-21T21:37:26.013+0200] {logging_mixin.py:117} INFO - [2023-05-21T21:37:26.013+0200] {dag.py:2573} INFO - Sync 1 DAGs
[2023-05-21T21:37:26.052+0200] {logging_mixin.py:117} INFO - [2023-05-21T21:37:26.051+0200] {dag.py:3324} INFO - Setting next_dagrun for example_bash_operator to 2023-05-20T00:00:00+00:00, run_after=2023-05-21T00:00:00+00:00
[2023-05-21T21:37:26.106+0200] {processor.py:178} INFO - Processing /home/nanah/airflow_venv/lib/python3.10/site-packages/airflow/example_dags/example_bash_operator.py took 0.179 seconds
[2023-05-21T21:38:48.459+0200] {processor.py:156} INFO - Started process (PID=4107) to work on /home/nanah/airflow_venv/lib/python3.10/site-packages/airflow/example_dags/example_bash_operator.py
[2023-05-21T21:38:48.473+0200] {processor.py:758} INFO - Processing file /home/nanah/airflow_venv/lib/python3.10/site-packages/airflow/example_dags/example_bash_operator.py for tasks to queue
[2023-05-21T21:38:48.474+0200] {logging_mixin.py:117} INFO - [2023-05-21T21:38:48.474+0200] {dagbag.py:525} INFO - Filling up the DagBag from /home/nanah/airflow_venv/lib/python3.10/site-packages/airflow/example_dags/example_bash_operator.py
[2023-05-21T21:38:48.554+0200] {processor.py:768} INFO - DAG(s) dict_keys(['example_bash_operator']) retrieved from /home/nanah/airflow_venv/lib/python3.10/site-packages/airflow/example_dags/example_bash_operator.py
[2023-05-21T21:38:48.671+0200] {logging_mixin.py:117} INFO - [2023-05-21T21:38:48.670+0200] {dag.py:2573} INFO - Sync 1 DAGs
[2023-05-21T21:38:48.801+0200] {logging_mixin.py:117} INFO - [2023-05-21T21:38:48.800+0200] {dag.py:3324} INFO - Setting next_dagrun for example_bash_operator to 2023-05-20T00:00:00+00:00, run_after=2023-05-21T00:00:00+00:00
[2023-05-21T21:38:48.983+0200] {processor.py:178} INFO - Processing /home/nanah/airflow_venv/lib/python3.10/site-packages/airflow/example_dags/example_bash_operator.py took 0.555 seconds
[2023-05-21T21:40:26.731+0200] {processor.py:156} INFO - Started process (PID=4182) to work on /home/nanah/airflow_venv/lib/python3.10/site-packages/airflow/example_dags/example_bash_operator.py
[2023-05-21T21:40:26.737+0200] {processor.py:758} INFO - Processing file /home/nanah/airflow_venv/lib/python3.10/site-packages/airflow/example_dags/example_bash_operator.py for tasks to queue
[2023-05-21T21:40:26.738+0200] {logging_mixin.py:117} INFO - [2023-05-21T21:40:26.738+0200] {dagbag.py:525} INFO - Filling up the DagBag from /home/nanah/airflow_venv/lib/python3.10/site-packages/airflow/example_dags/example_bash_operator.py
[2023-05-21T21:40:26.769+0200] {processor.py:768} INFO - DAG(s) dict_keys(['example_bash_operator']) retrieved from /home/nanah/airflow_venv/lib/python3.10/site-packages/airflow/example_dags/example_bash_operator.py
[2023-05-21T21:40:26.815+0200] {logging_mixin.py:117} INFO - [2023-05-21T21:40:26.814+0200] {dag.py:2573} INFO - Sync 1 DAGs
[2023-05-21T21:40:26.855+0200] {logging_mixin.py:117} INFO - [2023-05-21T21:40:26.854+0200] {dag.py:3324} INFO - Setting next_dagrun for example_bash_operator to 2023-05-20T00:00:00+00:00, run_after=2023-05-21T00:00:00+00:00
[2023-05-21T21:40:26.902+0200] {processor.py:178} INFO - Processing /home/nanah/airflow_venv/lib/python3.10/site-packages/airflow/example_dags/example_bash_operator.py took 0.180 seconds
[2023-05-21T21:41:50.746+0200] {processor.py:156} INFO - Started process (PID=4252) to work on /home/nanah/airflow_venv/lib/python3.10/site-packages/airflow/example_dags/example_bash_operator.py
[2023-05-21T21:41:50.752+0200] {processor.py:758} INFO - Processing file /home/nanah/airflow_venv/lib/python3.10/site-packages/airflow/example_dags/example_bash_operator.py for tasks to queue
[2023-05-21T21:41:50.753+0200] {logging_mixin.py:117} INFO - [2023-05-21T21:41:50.753+0200] {dagbag.py:525} INFO - Filling up the DagBag from /home/nanah/airflow_venv/lib/python3.10/site-packages/airflow/example_dags/example_bash_operator.py
[2023-05-21T21:41:50.779+0200] {processor.py:768} INFO - DAG(s) dict_keys(['example_bash_operator']) retrieved from /home/nanah/airflow_venv/lib/python3.10/site-packages/airflow/example_dags/example_bash_operator.py
[2023-05-21T21:41:50.826+0200] {logging_mixin.py:117} INFO - [2023-05-21T21:41:50.826+0200] {dag.py:2573} INFO - Sync 1 DAGs
[2023-05-21T21:41:50.866+0200] {logging_mixin.py:117} INFO - [2023-05-21T21:41:50.865+0200] {dag.py:3324} INFO - Setting next_dagrun for example_bash_operator to 2023-05-20T00:00:00+00:00, run_after=2023-05-21T00:00:00+00:00
[2023-05-21T21:41:50.916+0200] {processor.py:178} INFO - Processing /home/nanah/airflow_venv/lib/python3.10/site-packages/airflow/example_dags/example_bash_operator.py took 0.178 seconds
[2023-05-21T21:43:10.101+0200] {processor.py:156} INFO - Started process (PID=4320) to work on /home/nanah/airflow_venv/lib/python3.10/site-packages/airflow/example_dags/example_bash_operator.py
[2023-05-21T21:43:10.106+0200] {processor.py:758} INFO - Processing file /home/nanah/airflow_venv/lib/python3.10/site-packages/airflow/example_dags/example_bash_operator.py for tasks to queue
[2023-05-21T21:43:10.107+0200] {logging_mixin.py:117} INFO - [2023-05-21T21:43:10.107+0200] {dagbag.py:525} INFO - Filling up the DagBag from /home/nanah/airflow_venv/lib/python3.10/site-packages/airflow/example_dags/example_bash_operator.py
[2023-05-21T21:43:10.133+0200] {processor.py:768} INFO - DAG(s) dict_keys(['example_bash_operator']) retrieved from /home/nanah/airflow_venv/lib/python3.10/site-packages/airflow/example_dags/example_bash_operator.py
[2023-05-21T21:43:10.180+0200] {logging_mixin.py:117} INFO - [2023-05-21T21:43:10.180+0200] {dag.py:2573} INFO - Sync 1 DAGs
[2023-05-21T21:43:10.219+0200] {logging_mixin.py:117} INFO - [2023-05-21T21:43:10.218+0200] {dag.py:3324} INFO - Setting next_dagrun for example_bash_operator to 2023-05-20T00:00:00+00:00, run_after=2023-05-21T00:00:00+00:00
[2023-05-21T21:43:10.271+0200] {processor.py:178} INFO - Processing /home/nanah/airflow_venv/lib/python3.10/site-packages/airflow/example_dags/example_bash_operator.py took 0.179 seconds
[2023-05-21T21:44:29.639+0200] {processor.py:156} INFO - Started process (PID=4389) to work on /home/nanah/airflow_venv/lib/python3.10/site-packages/airflow/example_dags/example_bash_operator.py
[2023-05-21T21:44:29.645+0200] {processor.py:758} INFO - Processing file /home/nanah/airflow_venv/lib/python3.10/site-packages/airflow/example_dags/example_bash_operator.py for tasks to queue
[2023-05-21T21:44:29.653+0200] {logging_mixin.py:117} INFO - [2023-05-21T21:44:29.653+0200] {dagbag.py:525} INFO - Filling up the DagBag from /home/nanah/airflow_venv/lib/python3.10/site-packages/airflow/example_dags/example_bash_operator.py
[2023-05-21T21:44:29.698+0200] {processor.py:768} INFO - DAG(s) dict_keys(['example_bash_operator']) retrieved from /home/nanah/airflow_venv/lib/python3.10/site-packages/airflow/example_dags/example_bash_operator.py
[2023-05-21T21:44:29.784+0200] {logging_mixin.py:117} INFO - [2023-05-21T21:44:29.783+0200] {dag.py:2573} INFO - Sync 1 DAGs
[2023-05-21T21:44:29.869+0200] {logging_mixin.py:117} INFO - [2023-05-21T21:44:29.869+0200] {dag.py:3324} INFO - Setting next_dagrun for example_bash_operator to 2023-05-20T00:00:00+00:00, run_after=2023-05-21T00:00:00+00:00
[2023-05-21T21:44:29.979+0200] {processor.py:178} INFO - Processing /home/nanah/airflow_venv/lib/python3.10/site-packages/airflow/example_dags/example_bash_operator.py took 0.355 seconds
[2023-05-21T21:45:48.343+0200] {processor.py:156} INFO - Started process (PID=4457) to work on /home/nanah/airflow_venv/lib/python3.10/site-packages/airflow/example_dags/example_bash_operator.py
[2023-05-21T21:45:48.347+0200] {processor.py:758} INFO - Processing file /home/nanah/airflow_venv/lib/python3.10/site-packages/airflow/example_dags/example_bash_operator.py for tasks to queue
[2023-05-21T21:45:48.356+0200] {logging_mixin.py:117} INFO - [2023-05-21T21:45:48.350+0200] {dagbag.py:525} INFO - Filling up the DagBag from /home/nanah/airflow_venv/lib/python3.10/site-packages/airflow/example_dags/example_bash_operator.py
[2023-05-21T21:45:48.439+0200] {processor.py:768} INFO - DAG(s) dict_keys(['example_bash_operator']) retrieved from /home/nanah/airflow_venv/lib/python3.10/site-packages/airflow/example_dags/example_bash_operator.py
[2023-05-21T21:45:48.586+0200] {logging_mixin.py:117} INFO - [2023-05-21T21:45:48.586+0200] {dag.py:2573} INFO - Sync 1 DAGs
[2023-05-21T21:45:48.708+0200] {logging_mixin.py:117} INFO - [2023-05-21T21:45:48.707+0200] {dag.py:3324} INFO - Setting next_dagrun for example_bash_operator to 2023-05-20T00:00:00+00:00, run_after=2023-05-21T00:00:00+00:00
[2023-05-21T21:45:48.815+0200] {processor.py:178} INFO - Processing /home/nanah/airflow_venv/lib/python3.10/site-packages/airflow/example_dags/example_bash_operator.py took 0.479 seconds
[2023-05-21T21:47:10.184+0200] {processor.py:156} INFO - Started process (PID=4526) to work on /home/nanah/airflow_venv/lib/python3.10/site-packages/airflow/example_dags/example_bash_operator.py
[2023-05-21T21:47:10.190+0200] {processor.py:758} INFO - Processing file /home/nanah/airflow_venv/lib/python3.10/site-packages/airflow/example_dags/example_bash_operator.py for tasks to queue
[2023-05-21T21:47:10.192+0200] {logging_mixin.py:117} INFO - [2023-05-21T21:47:10.191+0200] {dagbag.py:525} INFO - Filling up the DagBag from /home/nanah/airflow_venv/lib/python3.10/site-packages/airflow/example_dags/example_bash_operator.py
[2023-05-21T21:47:10.219+0200] {processor.py:768} INFO - DAG(s) dict_keys(['example_bash_operator']) retrieved from /home/nanah/airflow_venv/lib/python3.10/site-packages/airflow/example_dags/example_bash_operator.py
[2023-05-21T21:47:10.265+0200] {logging_mixin.py:117} INFO - [2023-05-21T21:47:10.265+0200] {dag.py:2573} INFO - Sync 1 DAGs
[2023-05-21T21:47:10.304+0200] {logging_mixin.py:117} INFO - [2023-05-21T21:47:10.304+0200] {dag.py:3324} INFO - Setting next_dagrun for example_bash_operator to 2023-05-20T00:00:00+00:00, run_after=2023-05-21T00:00:00+00:00
[2023-05-21T21:47:10.353+0200] {processor.py:178} INFO - Processing /home/nanah/airflow_venv/lib/python3.10/site-packages/airflow/example_dags/example_bash_operator.py took 0.175 seconds
[2023-05-21T21:48:26.391+0200] {processor.py:156} INFO - Started process (PID=4593) to work on /home/nanah/airflow_venv/lib/python3.10/site-packages/airflow/example_dags/example_bash_operator.py
[2023-05-21T21:48:26.397+0200] {processor.py:758} INFO - Processing file /home/nanah/airflow_venv/lib/python3.10/site-packages/airflow/example_dags/example_bash_operator.py for tasks to queue
[2023-05-21T21:48:26.399+0200] {logging_mixin.py:117} INFO - [2023-05-21T21:48:26.398+0200] {dagbag.py:525} INFO - Filling up the DagBag from /home/nanah/airflow_venv/lib/python3.10/site-packages/airflow/example_dags/example_bash_operator.py
[2023-05-21T21:48:26.425+0200] {processor.py:768} INFO - DAG(s) dict_keys(['example_bash_operator']) retrieved from /home/nanah/airflow_venv/lib/python3.10/site-packages/airflow/example_dags/example_bash_operator.py
[2023-05-21T21:48:26.471+0200] {logging_mixin.py:117} INFO - [2023-05-21T21:48:26.471+0200] {dag.py:2573} INFO - Sync 1 DAGs
[2023-05-21T21:48:26.510+0200] {logging_mixin.py:117} INFO - [2023-05-21T21:48:26.510+0200] {dag.py:3324} INFO - Setting next_dagrun for example_bash_operator to 2023-05-20T00:00:00+00:00, run_after=2023-05-21T00:00:00+00:00
[2023-05-21T21:48:26.559+0200] {processor.py:178} INFO - Processing /home/nanah/airflow_venv/lib/python3.10/site-packages/airflow/example_dags/example_bash_operator.py took 0.174 seconds
[2023-05-21T21:49:40.837+0200] {processor.py:156} INFO - Started process (PID=4661) to work on /home/nanah/airflow_venv/lib/python3.10/site-packages/airflow/example_dags/example_bash_operator.py
[2023-05-21T21:49:40.843+0200] {processor.py:758} INFO - Processing file /home/nanah/airflow_venv/lib/python3.10/site-packages/airflow/example_dags/example_bash_operator.py for tasks to queue
[2023-05-21T21:49:40.844+0200] {logging_mixin.py:117} INFO - [2023-05-21T21:49:40.844+0200] {dagbag.py:525} INFO - Filling up the DagBag from /home/nanah/airflow_venv/lib/python3.10/site-packages/airflow/example_dags/example_bash_operator.py
[2023-05-21T21:49:40.871+0200] {processor.py:768} INFO - DAG(s) dict_keys(['example_bash_operator']) retrieved from /home/nanah/airflow_venv/lib/python3.10/site-packages/airflow/example_dags/example_bash_operator.py
[2023-05-21T21:49:40.917+0200] {logging_mixin.py:117} INFO - [2023-05-21T21:49:40.916+0200] {dag.py:2573} INFO - Sync 1 DAGs
[2023-05-21T21:49:40.958+0200] {logging_mixin.py:117} INFO - [2023-05-21T21:49:40.958+0200] {dag.py:3324} INFO - Setting next_dagrun for example_bash_operator to 2023-05-20T00:00:00+00:00, run_after=2023-05-21T00:00:00+00:00
[2023-05-21T21:49:41.007+0200] {processor.py:178} INFO - Processing /home/nanah/airflow_venv/lib/python3.10/site-packages/airflow/example_dags/example_bash_operator.py took 0.176 seconds
[2023-05-21T21:51:00.874+0200] {processor.py:156} INFO - Started process (PID=4730) to work on /home/nanah/airflow_venv/lib/python3.10/site-packages/airflow/example_dags/example_bash_operator.py
[2023-05-21T21:51:00.880+0200] {processor.py:758} INFO - Processing file /home/nanah/airflow_venv/lib/python3.10/site-packages/airflow/example_dags/example_bash_operator.py for tasks to queue
[2023-05-21T21:51:00.882+0200] {logging_mixin.py:117} INFO - [2023-05-21T21:51:00.881+0200] {dagbag.py:525} INFO - Filling up the DagBag from /home/nanah/airflow_venv/lib/python3.10/site-packages/airflow/example_dags/example_bash_operator.py
[2023-05-21T21:51:00.914+0200] {processor.py:768} INFO - DAG(s) dict_keys(['example_bash_operator']) retrieved from /home/nanah/airflow_venv/lib/python3.10/site-packages/airflow/example_dags/example_bash_operator.py
[2023-05-21T21:51:00.986+0200] {logging_mixin.py:117} INFO - [2023-05-21T21:51:00.986+0200] {dag.py:2573} INFO - Sync 1 DAGs
[2023-05-21T21:51:01.068+0200] {logging_mixin.py:117} INFO - [2023-05-21T21:51:01.067+0200] {dag.py:3324} INFO - Setting next_dagrun for example_bash_operator to 2023-05-20T00:00:00+00:00, run_after=2023-05-21T00:00:00+00:00
[2023-05-21T21:51:01.388+0200] {processor.py:178} INFO - Processing /home/nanah/airflow_venv/lib/python3.10/site-packages/airflow/example_dags/example_bash_operator.py took 0.515 seconds
[2023-05-21T21:52:35.033+0200] {processor.py:156} INFO - Started process (PID=4811) to work on /home/nanah/airflow_venv/lib/python3.10/site-packages/airflow/example_dags/example_bash_operator.py
[2023-05-21T21:52:35.039+0200] {processor.py:758} INFO - Processing file /home/nanah/airflow_venv/lib/python3.10/site-packages/airflow/example_dags/example_bash_operator.py for tasks to queue
[2023-05-21T21:52:35.041+0200] {logging_mixin.py:117} INFO - [2023-05-21T21:52:35.041+0200] {dagbag.py:525} INFO - Filling up the DagBag from /home/nanah/airflow_venv/lib/python3.10/site-packages/airflow/example_dags/example_bash_operator.py
[2023-05-21T21:52:35.069+0200] {processor.py:768} INFO - DAG(s) dict_keys(['example_bash_operator']) retrieved from /home/nanah/airflow_venv/lib/python3.10/site-packages/airflow/example_dags/example_bash_operator.py
[2023-05-21T21:52:35.128+0200] {logging_mixin.py:117} INFO - [2023-05-21T21:52:35.128+0200] {dag.py:2573} INFO - Sync 1 DAGs
[2023-05-21T21:52:35.170+0200] {logging_mixin.py:117} INFO - [2023-05-21T21:52:35.169+0200] {dag.py:3324} INFO - Setting next_dagrun for example_bash_operator to 2023-05-20T00:00:00+00:00, run_after=2023-05-21T00:00:00+00:00
[2023-05-21T21:52:35.216+0200] {processor.py:178} INFO - Processing /home/nanah/airflow_venv/lib/python3.10/site-packages/airflow/example_dags/example_bash_operator.py took 0.190 seconds
[2023-05-21T21:53:58.255+0200] {processor.py:156} INFO - Started process (PID=4880) to work on /home/nanah/airflow_venv/lib/python3.10/site-packages/airflow/example_dags/example_bash_operator.py
[2023-05-21T21:53:58.262+0200] {processor.py:758} INFO - Processing file /home/nanah/airflow_venv/lib/python3.10/site-packages/airflow/example_dags/example_bash_operator.py for tasks to queue
[2023-05-21T21:53:58.263+0200] {logging_mixin.py:117} INFO - [2023-05-21T21:53:58.263+0200] {dagbag.py:525} INFO - Filling up the DagBag from /home/nanah/airflow_venv/lib/python3.10/site-packages/airflow/example_dags/example_bash_operator.py
[2023-05-21T21:53:58.291+0200] {processor.py:768} INFO - DAG(s) dict_keys(['example_bash_operator']) retrieved from /home/nanah/airflow_venv/lib/python3.10/site-packages/airflow/example_dags/example_bash_operator.py
[2023-05-21T21:53:58.337+0200] {logging_mixin.py:117} INFO - [2023-05-21T21:53:58.336+0200] {dag.py:2573} INFO - Sync 1 DAGs
[2023-05-21T21:53:58.377+0200] {logging_mixin.py:117} INFO - [2023-05-21T21:53:58.377+0200] {dag.py:3324} INFO - Setting next_dagrun for example_bash_operator to 2023-05-20T00:00:00+00:00, run_after=2023-05-21T00:00:00+00:00
[2023-05-21T21:53:58.422+0200] {processor.py:178} INFO - Processing /home/nanah/airflow_venv/lib/python3.10/site-packages/airflow/example_dags/example_bash_operator.py took 0.173 seconds
[2023-05-21T21:55:14.903+0200] {processor.py:156} INFO - Started process (PID=4947) to work on /home/nanah/airflow_venv/lib/python3.10/site-packages/airflow/example_dags/example_bash_operator.py
[2023-05-21T21:55:14.906+0200] {processor.py:758} INFO - Processing file /home/nanah/airflow_venv/lib/python3.10/site-packages/airflow/example_dags/example_bash_operator.py for tasks to queue
[2023-05-21T21:55:14.908+0200] {logging_mixin.py:117} INFO - [2023-05-21T21:55:14.907+0200] {dagbag.py:525} INFO - Filling up the DagBag from /home/nanah/airflow_venv/lib/python3.10/site-packages/airflow/example_dags/example_bash_operator.py
[2023-05-21T21:55:14.936+0200] {processor.py:768} INFO - DAG(s) dict_keys(['example_bash_operator']) retrieved from /home/nanah/airflow_venv/lib/python3.10/site-packages/airflow/example_dags/example_bash_operator.py
[2023-05-21T21:55:14.983+0200] {logging_mixin.py:117} INFO - [2023-05-21T21:55:14.982+0200] {dag.py:2573} INFO - Sync 1 DAGs
[2023-05-21T21:55:15.021+0200] {logging_mixin.py:117} INFO - [2023-05-21T21:55:15.021+0200] {dag.py:3324} INFO - Setting next_dagrun for example_bash_operator to 2023-05-20T00:00:00+00:00, run_after=2023-05-21T00:00:00+00:00
[2023-05-21T21:55:15.070+0200] {processor.py:178} INFO - Processing /home/nanah/airflow_venv/lib/python3.10/site-packages/airflow/example_dags/example_bash_operator.py took 0.174 seconds
[2023-05-21T21:56:33.555+0200] {processor.py:156} INFO - Started process (PID=5015) to work on /home/nanah/airflow_venv/lib/python3.10/site-packages/airflow/example_dags/example_bash_operator.py
[2023-05-21T21:56:33.560+0200] {processor.py:758} INFO - Processing file /home/nanah/airflow_venv/lib/python3.10/site-packages/airflow/example_dags/example_bash_operator.py for tasks to queue
[2023-05-21T21:56:33.562+0200] {logging_mixin.py:117} INFO - [2023-05-21T21:56:33.561+0200] {dagbag.py:525} INFO - Filling up the DagBag from /home/nanah/airflow_venv/lib/python3.10/site-packages/airflow/example_dags/example_bash_operator.py
[2023-05-21T21:56:33.589+0200] {processor.py:768} INFO - DAG(s) dict_keys(['example_bash_operator']) retrieved from /home/nanah/airflow_venv/lib/python3.10/site-packages/airflow/example_dags/example_bash_operator.py
[2023-05-21T21:56:33.638+0200] {logging_mixin.py:117} INFO - [2023-05-21T21:56:33.638+0200] {dag.py:2573} INFO - Sync 1 DAGs
[2023-05-21T21:56:33.680+0200] {logging_mixin.py:117} INFO - [2023-05-21T21:56:33.679+0200] {dag.py:3324} INFO - Setting next_dagrun for example_bash_operator to 2023-05-20T00:00:00+00:00, run_after=2023-05-21T00:00:00+00:00
[2023-05-21T21:56:33.738+0200] {processor.py:178} INFO - Processing /home/nanah/airflow_venv/lib/python3.10/site-packages/airflow/example_dags/example_bash_operator.py took 0.193 seconds
[2023-05-21T21:58:05.405+0200] {processor.py:156} INFO - Started process (PID=5083) to work on /home/nanah/airflow_venv/lib/python3.10/site-packages/airflow/example_dags/example_bash_operator.py
[2023-05-21T21:58:05.409+0200] {processor.py:758} INFO - Processing file /home/nanah/airflow_venv/lib/python3.10/site-packages/airflow/example_dags/example_bash_operator.py for tasks to queue
[2023-05-21T21:58:05.411+0200] {logging_mixin.py:117} INFO - [2023-05-21T21:58:05.410+0200] {dagbag.py:525} INFO - Filling up the DagBag from /home/nanah/airflow_venv/lib/python3.10/site-packages/airflow/example_dags/example_bash_operator.py
[2023-05-21T21:58:05.442+0200] {processor.py:768} INFO - DAG(s) dict_keys(['example_bash_operator']) retrieved from /home/nanah/airflow_venv/lib/python3.10/site-packages/airflow/example_dags/example_bash_operator.py
[2023-05-21T21:58:05.502+0200] {logging_mixin.py:117} INFO - [2023-05-21T21:58:05.501+0200] {dag.py:2573} INFO - Sync 1 DAGs
[2023-05-21T21:58:05.555+0200] {logging_mixin.py:117} INFO - [2023-05-21T21:58:05.554+0200] {dag.py:3324} INFO - Setting next_dagrun for example_bash_operator to 2023-05-20T00:00:00+00:00, run_after=2023-05-21T00:00:00+00:00
[2023-05-21T21:58:05.633+0200] {processor.py:178} INFO - Processing /home/nanah/airflow_venv/lib/python3.10/site-packages/airflow/example_dags/example_bash_operator.py took 0.236 seconds
[2023-05-21T21:59:28.109+0200] {processor.py:156} INFO - Started process (PID=5151) to work on /home/nanah/airflow_venv/lib/python3.10/site-packages/airflow/example_dags/example_bash_operator.py
[2023-05-21T21:59:28.112+0200] {processor.py:758} INFO - Processing file /home/nanah/airflow_venv/lib/python3.10/site-packages/airflow/example_dags/example_bash_operator.py for tasks to queue
[2023-05-21T21:59:28.113+0200] {logging_mixin.py:117} INFO - [2023-05-21T21:59:28.113+0200] {dagbag.py:525} INFO - Filling up the DagBag from /home/nanah/airflow_venv/lib/python3.10/site-packages/airflow/example_dags/example_bash_operator.py
[2023-05-21T21:59:28.140+0200] {processor.py:768} INFO - DAG(s) dict_keys(['example_bash_operator']) retrieved from /home/nanah/airflow_venv/lib/python3.10/site-packages/airflow/example_dags/example_bash_operator.py
[2023-05-21T21:59:28.186+0200] {logging_mixin.py:117} INFO - [2023-05-21T21:59:28.186+0200] {dag.py:2573} INFO - Sync 1 DAGs
[2023-05-21T21:59:28.229+0200] {logging_mixin.py:117} INFO - [2023-05-21T21:59:28.229+0200] {dag.py:3324} INFO - Setting next_dagrun for example_bash_operator to 2023-05-20T00:00:00+00:00, run_after=2023-05-21T00:00:00+00:00
[2023-05-21T21:59:28.292+0200] {processor.py:178} INFO - Processing /home/nanah/airflow_venv/lib/python3.10/site-packages/airflow/example_dags/example_bash_operator.py took 0.192 seconds
[2023-05-21T22:00:46.383+0200] {processor.py:156} INFO - Started process (PID=5219) to work on /home/nanah/airflow_venv/lib/python3.10/site-packages/airflow/example_dags/example_bash_operator.py
[2023-05-21T22:00:46.389+0200] {processor.py:758} INFO - Processing file /home/nanah/airflow_venv/lib/python3.10/site-packages/airflow/example_dags/example_bash_operator.py for tasks to queue
[2023-05-21T22:00:46.390+0200] {logging_mixin.py:117} INFO - [2023-05-21T22:00:46.390+0200] {dagbag.py:525} INFO - Filling up the DagBag from /home/nanah/airflow_venv/lib/python3.10/site-packages/airflow/example_dags/example_bash_operator.py
[2023-05-21T22:00:46.417+0200] {processor.py:768} INFO - DAG(s) dict_keys(['example_bash_operator']) retrieved from /home/nanah/airflow_venv/lib/python3.10/site-packages/airflow/example_dags/example_bash_operator.py
[2023-05-21T22:00:46.462+0200] {logging_mixin.py:117} INFO - [2023-05-21T22:00:46.462+0200] {dag.py:2573} INFO - Sync 1 DAGs
[2023-05-21T22:00:46.502+0200] {logging_mixin.py:117} INFO - [2023-05-21T22:00:46.501+0200] {dag.py:3324} INFO - Setting next_dagrun for example_bash_operator to 2023-05-20T00:00:00+00:00, run_after=2023-05-21T00:00:00+00:00
[2023-05-21T22:00:46.552+0200] {processor.py:178} INFO - Processing /home/nanah/airflow_venv/lib/python3.10/site-packages/airflow/example_dags/example_bash_operator.py took 0.175 seconds
[2023-05-21T22:02:05.009+0200] {processor.py:156} INFO - Started process (PID=5286) to work on /home/nanah/airflow_venv/lib/python3.10/site-packages/airflow/example_dags/example_bash_operator.py
[2023-05-21T22:02:05.016+0200] {processor.py:758} INFO - Processing file /home/nanah/airflow_venv/lib/python3.10/site-packages/airflow/example_dags/example_bash_operator.py for tasks to queue
[2023-05-21T22:02:05.018+0200] {logging_mixin.py:117} INFO - [2023-05-21T22:02:05.017+0200] {dagbag.py:525} INFO - Filling up the DagBag from /home/nanah/airflow_venv/lib/python3.10/site-packages/airflow/example_dags/example_bash_operator.py
[2023-05-21T22:02:05.044+0200] {processor.py:768} INFO - DAG(s) dict_keys(['example_bash_operator']) retrieved from /home/nanah/airflow_venv/lib/python3.10/site-packages/airflow/example_dags/example_bash_operator.py
[2023-05-21T22:02:05.093+0200] {logging_mixin.py:117} INFO - [2023-05-21T22:02:05.093+0200] {dag.py:2573} INFO - Sync 1 DAGs
[2023-05-21T22:02:05.144+0200] {logging_mixin.py:117} INFO - [2023-05-21T22:02:05.143+0200] {dag.py:3324} INFO - Setting next_dagrun for example_bash_operator to 2023-05-20T00:00:00+00:00, run_after=2023-05-21T00:00:00+00:00
[2023-05-21T22:02:05.201+0200] {processor.py:178} INFO - Processing /home/nanah/airflow_venv/lib/python3.10/site-packages/airflow/example_dags/example_bash_operator.py took 0.199 seconds
[2023-05-21T22:03:29.373+0200] {processor.py:156} INFO - Started process (PID=5354) to work on /home/nanah/airflow_venv/lib/python3.10/site-packages/airflow/example_dags/example_bash_operator.py
[2023-05-21T22:03:29.379+0200] {processor.py:758} INFO - Processing file /home/nanah/airflow_venv/lib/python3.10/site-packages/airflow/example_dags/example_bash_operator.py for tasks to queue
[2023-05-21T22:03:29.380+0200] {logging_mixin.py:117} INFO - [2023-05-21T22:03:29.380+0200] {dagbag.py:525} INFO - Filling up the DagBag from /home/nanah/airflow_venv/lib/python3.10/site-packages/airflow/example_dags/example_bash_operator.py
[2023-05-21T22:03:29.406+0200] {processor.py:768} INFO - DAG(s) dict_keys(['example_bash_operator']) retrieved from /home/nanah/airflow_venv/lib/python3.10/site-packages/airflow/example_dags/example_bash_operator.py
[2023-05-21T22:03:29.454+0200] {logging_mixin.py:117} INFO - [2023-05-21T22:03:29.453+0200] {dag.py:2573} INFO - Sync 1 DAGs
[2023-05-21T22:03:29.492+0200] {logging_mixin.py:117} INFO - [2023-05-21T22:03:29.491+0200] {dag.py:3324} INFO - Setting next_dagrun for example_bash_operator to 2023-05-20T00:00:00+00:00, run_after=2023-05-21T00:00:00+00:00
[2023-05-21T22:03:29.542+0200] {processor.py:178} INFO - Processing /home/nanah/airflow_venv/lib/python3.10/site-packages/airflow/example_dags/example_bash_operator.py took 0.176 seconds
[2023-05-21T22:04:47.969+0200] {processor.py:156} INFO - Started process (PID=5422) to work on /home/nanah/airflow_venv/lib/python3.10/site-packages/airflow/example_dags/example_bash_operator.py
[2023-05-21T22:04:47.975+0200] {processor.py:758} INFO - Processing file /home/nanah/airflow_venv/lib/python3.10/site-packages/airflow/example_dags/example_bash_operator.py for tasks to queue
[2023-05-21T22:04:47.976+0200] {logging_mixin.py:117} INFO - [2023-05-21T22:04:47.976+0200] {dagbag.py:525} INFO - Filling up the DagBag from /home/nanah/airflow_venv/lib/python3.10/site-packages/airflow/example_dags/example_bash_operator.py
[2023-05-21T22:04:48.003+0200] {processor.py:768} INFO - DAG(s) dict_keys(['example_bash_operator']) retrieved from /home/nanah/airflow_venv/lib/python3.10/site-packages/airflow/example_dags/example_bash_operator.py
[2023-05-21T22:04:48.055+0200] {logging_mixin.py:117} INFO - [2023-05-21T22:04:48.055+0200] {dag.py:2573} INFO - Sync 1 DAGs
[2023-05-21T22:04:48.095+0200] {logging_mixin.py:117} INFO - [2023-05-21T22:04:48.095+0200] {dag.py:3324} INFO - Setting next_dagrun for example_bash_operator to 2023-05-20T00:00:00+00:00, run_after=2023-05-21T00:00:00+00:00
[2023-05-21T22:04:48.144+0200] {processor.py:178} INFO - Processing /home/nanah/airflow_venv/lib/python3.10/site-packages/airflow/example_dags/example_bash_operator.py took 0.182 seconds
[2023-05-21T22:06:06.070+0200] {processor.py:156} INFO - Started process (PID=5490) to work on /home/nanah/airflow_venv/lib/python3.10/site-packages/airflow/example_dags/example_bash_operator.py
[2023-05-21T22:06:06.076+0200] {processor.py:758} INFO - Processing file /home/nanah/airflow_venv/lib/python3.10/site-packages/airflow/example_dags/example_bash_operator.py for tasks to queue
[2023-05-21T22:06:06.078+0200] {logging_mixin.py:117} INFO - [2023-05-21T22:06:06.077+0200] {dagbag.py:525} INFO - Filling up the DagBag from /home/nanah/airflow_venv/lib/python3.10/site-packages/airflow/example_dags/example_bash_operator.py
[2023-05-21T22:06:06.104+0200] {processor.py:768} INFO - DAG(s) dict_keys(['example_bash_operator']) retrieved from /home/nanah/airflow_venv/lib/python3.10/site-packages/airflow/example_dags/example_bash_operator.py
[2023-05-21T22:06:06.150+0200] {logging_mixin.py:117} INFO - [2023-05-21T22:06:06.150+0200] {dag.py:2573} INFO - Sync 1 DAGs
[2023-05-21T22:06:06.189+0200] {logging_mixin.py:117} INFO - [2023-05-21T22:06:06.189+0200] {dag.py:3324} INFO - Setting next_dagrun for example_bash_operator to 2023-05-20T00:00:00+00:00, run_after=2023-05-21T00:00:00+00:00
[2023-05-21T22:06:06.239+0200] {processor.py:178} INFO - Processing /home/nanah/airflow_venv/lib/python3.10/site-packages/airflow/example_dags/example_bash_operator.py took 0.175 seconds
[2023-05-21T22:07:25.460+0200] {processor.py:156} INFO - Started process (PID=5558) to work on /home/nanah/airflow_venv/lib/python3.10/site-packages/airflow/example_dags/example_bash_operator.py
[2023-05-21T22:07:25.466+0200] {processor.py:758} INFO - Processing file /home/nanah/airflow_venv/lib/python3.10/site-packages/airflow/example_dags/example_bash_operator.py for tasks to queue
[2023-05-21T22:07:25.468+0200] {logging_mixin.py:117} INFO - [2023-05-21T22:07:25.467+0200] {dagbag.py:525} INFO - Filling up the DagBag from /home/nanah/airflow_venv/lib/python3.10/site-packages/airflow/example_dags/example_bash_operator.py
[2023-05-21T22:07:25.494+0200] {processor.py:768} INFO - DAG(s) dict_keys(['example_bash_operator']) retrieved from /home/nanah/airflow_venv/lib/python3.10/site-packages/airflow/example_dags/example_bash_operator.py
[2023-05-21T22:07:25.540+0200] {logging_mixin.py:117} INFO - [2023-05-21T22:07:25.540+0200] {dag.py:2573} INFO - Sync 1 DAGs
[2023-05-21T22:07:25.579+0200] {logging_mixin.py:117} INFO - [2023-05-21T22:07:25.579+0200] {dag.py:3324} INFO - Setting next_dagrun for example_bash_operator to 2023-05-20T00:00:00+00:00, run_after=2023-05-21T00:00:00+00:00
[2023-05-21T22:07:25.633+0200] {processor.py:178} INFO - Processing /home/nanah/airflow_venv/lib/python3.10/site-packages/airflow/example_dags/example_bash_operator.py took 0.179 seconds
[2023-05-21T22:08:43.682+0200] {processor.py:156} INFO - Started process (PID=5654) to work on /home/nanah/airflow_venv/lib/python3.10/site-packages/airflow/example_dags/example_bash_operator.py
[2023-05-21T22:08:43.688+0200] {processor.py:758} INFO - Processing file /home/nanah/airflow_venv/lib/python3.10/site-packages/airflow/example_dags/example_bash_operator.py for tasks to queue
[2023-05-21T22:08:43.689+0200] {logging_mixin.py:117} INFO - [2023-05-21T22:08:43.689+0200] {dagbag.py:525} INFO - Filling up the DagBag from /home/nanah/airflow_venv/lib/python3.10/site-packages/airflow/example_dags/example_bash_operator.py
[2023-05-21T22:08:43.715+0200] {processor.py:768} INFO - DAG(s) dict_keys(['example_bash_operator']) retrieved from /home/nanah/airflow_venv/lib/python3.10/site-packages/airflow/example_dags/example_bash_operator.py
[2023-05-21T22:08:43.764+0200] {logging_mixin.py:117} INFO - [2023-05-21T22:08:43.763+0200] {dag.py:2573} INFO - Sync 1 DAGs
[2023-05-21T22:08:43.804+0200] {logging_mixin.py:117} INFO - [2023-05-21T22:08:43.803+0200] {dag.py:3324} INFO - Setting next_dagrun for example_bash_operator to 2023-05-20T00:00:00+00:00, run_after=2023-05-21T00:00:00+00:00
[2023-05-21T22:08:43.847+0200] {processor.py:178} INFO - Processing /home/nanah/airflow_venv/lib/python3.10/site-packages/airflow/example_dags/example_bash_operator.py took 0.174 seconds
[2023-05-21T22:10:02.466+0200] {processor.py:156} INFO - Started process (PID=5722) to work on /home/nanah/airflow_venv/lib/python3.10/site-packages/airflow/example_dags/example_bash_operator.py
[2023-05-21T22:10:02.471+0200] {processor.py:758} INFO - Processing file /home/nanah/airflow_venv/lib/python3.10/site-packages/airflow/example_dags/example_bash_operator.py for tasks to queue
[2023-05-21T22:10:02.473+0200] {logging_mixin.py:117} INFO - [2023-05-21T22:10:02.472+0200] {dagbag.py:525} INFO - Filling up the DagBag from /home/nanah/airflow_venv/lib/python3.10/site-packages/airflow/example_dags/example_bash_operator.py
[2023-05-21T22:10:02.501+0200] {processor.py:768} INFO - DAG(s) dict_keys(['example_bash_operator']) retrieved from /home/nanah/airflow_venv/lib/python3.10/site-packages/airflow/example_dags/example_bash_operator.py
[2023-05-21T22:10:02.547+0200] {logging_mixin.py:117} INFO - [2023-05-21T22:10:02.546+0200] {dag.py:2573} INFO - Sync 1 DAGs
[2023-05-21T22:10:02.586+0200] {logging_mixin.py:117} INFO - [2023-05-21T22:10:02.586+0200] {dag.py:3324} INFO - Setting next_dagrun for example_bash_operator to 2023-05-20T00:00:00+00:00, run_after=2023-05-21T00:00:00+00:00
[2023-05-21T22:10:02.641+0200] {processor.py:178} INFO - Processing /home/nanah/airflow_venv/lib/python3.10/site-packages/airflow/example_dags/example_bash_operator.py took 0.182 seconds
[2023-05-21T22:11:33.866+0200] {processor.py:156} INFO - Started process (PID=5790) to work on /home/nanah/airflow_venv/lib/python3.10/site-packages/airflow/example_dags/example_bash_operator.py
[2023-05-21T22:11:33.872+0200] {processor.py:758} INFO - Processing file /home/nanah/airflow_venv/lib/python3.10/site-packages/airflow/example_dags/example_bash_operator.py for tasks to queue
[2023-05-21T22:11:33.873+0200] {logging_mixin.py:117} INFO - [2023-05-21T22:11:33.873+0200] {dagbag.py:525} INFO - Filling up the DagBag from /home/nanah/airflow_venv/lib/python3.10/site-packages/airflow/example_dags/example_bash_operator.py
[2023-05-21T22:11:33.900+0200] {processor.py:768} INFO - DAG(s) dict_keys(['example_bash_operator']) retrieved from /home/nanah/airflow_venv/lib/python3.10/site-packages/airflow/example_dags/example_bash_operator.py
[2023-05-21T22:11:33.948+0200] {logging_mixin.py:117} INFO - [2023-05-21T22:11:33.948+0200] {dag.py:2573} INFO - Sync 1 DAGs
[2023-05-21T22:11:33.986+0200] {logging_mixin.py:117} INFO - [2023-05-21T22:11:33.986+0200] {dag.py:3324} INFO - Setting next_dagrun for example_bash_operator to 2023-05-20T00:00:00+00:00, run_after=2023-05-21T00:00:00+00:00
[2023-05-21T22:11:34.036+0200] {processor.py:178} INFO - Processing /home/nanah/airflow_venv/lib/python3.10/site-packages/airflow/example_dags/example_bash_operator.py took 0.176 seconds
[2023-05-21T22:13:00.041+0200] {processor.py:156} INFO - Started process (PID=5859) to work on /home/nanah/airflow_venv/lib/python3.10/site-packages/airflow/example_dags/example_bash_operator.py
[2023-05-21T22:13:00.045+0200] {processor.py:758} INFO - Processing file /home/nanah/airflow_venv/lib/python3.10/site-packages/airflow/example_dags/example_bash_operator.py for tasks to queue
[2023-05-21T22:13:00.046+0200] {logging_mixin.py:117} INFO - [2023-05-21T22:13:00.046+0200] {dagbag.py:525} INFO - Filling up the DagBag from /home/nanah/airflow_venv/lib/python3.10/site-packages/airflow/example_dags/example_bash_operator.py
[2023-05-21T22:13:00.082+0200] {processor.py:768} INFO - DAG(s) dict_keys(['example_bash_operator']) retrieved from /home/nanah/airflow_venv/lib/python3.10/site-packages/airflow/example_dags/example_bash_operator.py
[2023-05-21T22:13:00.128+0200] {logging_mixin.py:117} INFO - [2023-05-21T22:13:00.127+0200] {dag.py:2573} INFO - Sync 1 DAGs
[2023-05-21T22:13:00.170+0200] {logging_mixin.py:117} INFO - [2023-05-21T22:13:00.170+0200] {dag.py:3324} INFO - Setting next_dagrun for example_bash_operator to 2023-05-20T00:00:00+00:00, run_after=2023-05-21T00:00:00+00:00
[2023-05-21T22:13:00.222+0200] {processor.py:178} INFO - Processing /home/nanah/airflow_venv/lib/python3.10/site-packages/airflow/example_dags/example_bash_operator.py took 0.189 seconds
[2023-05-21T22:14:18.611+0200] {processor.py:156} INFO - Started process (PID=5929) to work on /home/nanah/airflow_venv/lib/python3.10/site-packages/airflow/example_dags/example_bash_operator.py
[2023-05-21T22:14:18.616+0200] {processor.py:758} INFO - Processing file /home/nanah/airflow_venv/lib/python3.10/site-packages/airflow/example_dags/example_bash_operator.py for tasks to queue
[2023-05-21T22:14:18.618+0200] {logging_mixin.py:117} INFO - [2023-05-21T22:14:18.618+0200] {dagbag.py:525} INFO - Filling up the DagBag from /home/nanah/airflow_venv/lib/python3.10/site-packages/airflow/example_dags/example_bash_operator.py
[2023-05-21T22:14:18.646+0200] {processor.py:768} INFO - DAG(s) dict_keys(['example_bash_operator']) retrieved from /home/nanah/airflow_venv/lib/python3.10/site-packages/airflow/example_dags/example_bash_operator.py
[2023-05-21T22:14:18.693+0200] {logging_mixin.py:117} INFO - [2023-05-21T22:14:18.693+0200] {dag.py:2573} INFO - Sync 1 DAGs
[2023-05-21T22:14:18.734+0200] {logging_mixin.py:117} INFO - [2023-05-21T22:14:18.734+0200] {dag.py:3324} INFO - Setting next_dagrun for example_bash_operator to 2023-05-20T00:00:00+00:00, run_after=2023-05-21T00:00:00+00:00
[2023-05-21T22:14:18.784+0200] {processor.py:178} INFO - Processing /home/nanah/airflow_venv/lib/python3.10/site-packages/airflow/example_dags/example_bash_operator.py took 0.180 seconds
[2023-05-21T22:15:41.966+0200] {processor.py:156} INFO - Started process (PID=5998) to work on /home/nanah/airflow_venv/lib/python3.10/site-packages/airflow/example_dags/example_bash_operator.py
[2023-05-21T22:15:41.972+0200] {processor.py:758} INFO - Processing file /home/nanah/airflow_venv/lib/python3.10/site-packages/airflow/example_dags/example_bash_operator.py for tasks to queue
[2023-05-21T22:15:41.973+0200] {logging_mixin.py:117} INFO - [2023-05-21T22:15:41.973+0200] {dagbag.py:525} INFO - Filling up the DagBag from /home/nanah/airflow_venv/lib/python3.10/site-packages/airflow/example_dags/example_bash_operator.py
[2023-05-21T22:15:42.001+0200] {processor.py:768} INFO - DAG(s) dict_keys(['example_bash_operator']) retrieved from /home/nanah/airflow_venv/lib/python3.10/site-packages/airflow/example_dags/example_bash_operator.py
[2023-05-21T22:15:42.049+0200] {logging_mixin.py:117} INFO - [2023-05-21T22:15:42.049+0200] {dag.py:2573} INFO - Sync 1 DAGs
[2023-05-21T22:15:42.090+0200] {logging_mixin.py:117} INFO - [2023-05-21T22:15:42.090+0200] {dag.py:3324} INFO - Setting next_dagrun for example_bash_operator to 2023-05-20T00:00:00+00:00, run_after=2023-05-21T00:00:00+00:00
[2023-05-21T22:15:42.149+0200] {processor.py:178} INFO - Processing /home/nanah/airflow_venv/lib/python3.10/site-packages/airflow/example_dags/example_bash_operator.py took 0.189 seconds
[2023-05-21T22:17:06.252+0200] {processor.py:156} INFO - Started process (PID=6070) to work on /home/nanah/airflow_venv/lib/python3.10/site-packages/airflow/example_dags/example_bash_operator.py
[2023-05-21T22:17:06.258+0200] {processor.py:758} INFO - Processing file /home/nanah/airflow_venv/lib/python3.10/site-packages/airflow/example_dags/example_bash_operator.py for tasks to queue
[2023-05-21T22:17:06.259+0200] {logging_mixin.py:117} INFO - [2023-05-21T22:17:06.259+0200] {dagbag.py:525} INFO - Filling up the DagBag from /home/nanah/airflow_venv/lib/python3.10/site-packages/airflow/example_dags/example_bash_operator.py
[2023-05-21T22:17:06.286+0200] {processor.py:768} INFO - DAG(s) dict_keys(['example_bash_operator']) retrieved from /home/nanah/airflow_venv/lib/python3.10/site-packages/airflow/example_dags/example_bash_operator.py
[2023-05-21T22:17:06.333+0200] {logging_mixin.py:117} INFO - [2023-05-21T22:17:06.332+0200] {dag.py:2573} INFO - Sync 1 DAGs
[2023-05-21T22:17:06.372+0200] {logging_mixin.py:117} INFO - [2023-05-21T22:17:06.371+0200] {dag.py:3324} INFO - Setting next_dagrun for example_bash_operator to 2023-05-20T00:00:00+00:00, run_after=2023-05-21T00:00:00+00:00
[2023-05-21T22:17:06.416+0200] {processor.py:178} INFO - Processing /home/nanah/airflow_venv/lib/python3.10/site-packages/airflow/example_dags/example_bash_operator.py took 0.171 seconds
[2023-05-21T22:18:21.500+0200] {processor.py:156} INFO - Started process (PID=6139) to work on /home/nanah/airflow_venv/lib/python3.10/site-packages/airflow/example_dags/example_bash_operator.py
[2023-05-21T22:18:21.503+0200] {processor.py:758} INFO - Processing file /home/nanah/airflow_venv/lib/python3.10/site-packages/airflow/example_dags/example_bash_operator.py for tasks to queue
[2023-05-21T22:18:21.504+0200] {logging_mixin.py:117} INFO - [2023-05-21T22:18:21.504+0200] {dagbag.py:525} INFO - Filling up the DagBag from /home/nanah/airflow_venv/lib/python3.10/site-packages/airflow/example_dags/example_bash_operator.py
[2023-05-21T22:18:21.537+0200] {processor.py:768} INFO - DAG(s) dict_keys(['example_bash_operator']) retrieved from /home/nanah/airflow_venv/lib/python3.10/site-packages/airflow/example_dags/example_bash_operator.py
[2023-05-21T22:18:21.583+0200] {logging_mixin.py:117} INFO - [2023-05-21T22:18:21.583+0200] {dag.py:2573} INFO - Sync 1 DAGs
[2023-05-21T22:18:21.621+0200] {logging_mixin.py:117} INFO - [2023-05-21T22:18:21.621+0200] {dag.py:3324} INFO - Setting next_dagrun for example_bash_operator to 2023-05-20T00:00:00+00:00, run_after=2023-05-21T00:00:00+00:00
[2023-05-21T22:18:21.674+0200] {processor.py:178} INFO - Processing /home/nanah/airflow_venv/lib/python3.10/site-packages/airflow/example_dags/example_bash_operator.py took 0.181 seconds
[2023-05-21T22:19:44.554+0200] {processor.py:156} INFO - Started process (PID=6207) to work on /home/nanah/airflow_venv/lib/python3.10/site-packages/airflow/example_dags/example_bash_operator.py
[2023-05-21T22:19:44.557+0200] {processor.py:758} INFO - Processing file /home/nanah/airflow_venv/lib/python3.10/site-packages/airflow/example_dags/example_bash_operator.py for tasks to queue
[2023-05-21T22:19:44.559+0200] {logging_mixin.py:117} INFO - [2023-05-21T22:19:44.558+0200] {dagbag.py:525} INFO - Filling up the DagBag from /home/nanah/airflow_venv/lib/python3.10/site-packages/airflow/example_dags/example_bash_operator.py
[2023-05-21T22:19:44.586+0200] {processor.py:768} INFO - DAG(s) dict_keys(['example_bash_operator']) retrieved from /home/nanah/airflow_venv/lib/python3.10/site-packages/airflow/example_dags/example_bash_operator.py
[2023-05-21T22:19:44.635+0200] {logging_mixin.py:117} INFO - [2023-05-21T22:19:44.634+0200] {dag.py:2573} INFO - Sync 1 DAGs
[2023-05-21T22:19:44.674+0200] {logging_mixin.py:117} INFO - [2023-05-21T22:19:44.673+0200] {dag.py:3324} INFO - Setting next_dagrun for example_bash_operator to 2023-05-20T00:00:00+00:00, run_after=2023-05-21T00:00:00+00:00
[2023-05-21T22:19:44.722+0200] {processor.py:178} INFO - Processing /home/nanah/airflow_venv/lib/python3.10/site-packages/airflow/example_dags/example_bash_operator.py took 0.176 seconds
[2023-05-21T22:21:10.750+0200] {processor.py:156} INFO - Started process (PID=6276) to work on /home/nanah/airflow_venv/lib/python3.10/site-packages/airflow/example_dags/example_bash_operator.py
[2023-05-21T22:21:10.756+0200] {processor.py:758} INFO - Processing file /home/nanah/airflow_venv/lib/python3.10/site-packages/airflow/example_dags/example_bash_operator.py for tasks to queue
[2023-05-21T22:21:10.757+0200] {logging_mixin.py:117} INFO - [2023-05-21T22:21:10.757+0200] {dagbag.py:525} INFO - Filling up the DagBag from /home/nanah/airflow_venv/lib/python3.10/site-packages/airflow/example_dags/example_bash_operator.py
[2023-05-21T22:21:10.782+0200] {processor.py:768} INFO - DAG(s) dict_keys(['example_bash_operator']) retrieved from /home/nanah/airflow_venv/lib/python3.10/site-packages/airflow/example_dags/example_bash_operator.py
[2023-05-21T22:21:10.834+0200] {logging_mixin.py:117} INFO - [2023-05-21T22:21:10.834+0200] {dag.py:2573} INFO - Sync 1 DAGs
[2023-05-21T22:21:10.874+0200] {logging_mixin.py:117} INFO - [2023-05-21T22:21:10.874+0200] {dag.py:3324} INFO - Setting next_dagrun for example_bash_operator to 2023-05-20T00:00:00+00:00, run_after=2023-05-21T00:00:00+00:00
[2023-05-21T22:21:10.929+0200] {processor.py:178} INFO - Processing /home/nanah/airflow_venv/lib/python3.10/site-packages/airflow/example_dags/example_bash_operator.py took 0.188 seconds
[2023-05-21T22:22:30.639+0200] {processor.py:156} INFO - Started process (PID=6345) to work on /home/nanah/airflow_venv/lib/python3.10/site-packages/airflow/example_dags/example_bash_operator.py
[2023-05-21T22:22:30.650+0200] {processor.py:758} INFO - Processing file /home/nanah/airflow_venv/lib/python3.10/site-packages/airflow/example_dags/example_bash_operator.py for tasks to queue
[2023-05-21T22:22:30.651+0200] {logging_mixin.py:117} INFO - [2023-05-21T22:22:30.651+0200] {dagbag.py:525} INFO - Filling up the DagBag from /home/nanah/airflow_venv/lib/python3.10/site-packages/airflow/example_dags/example_bash_operator.py
[2023-05-21T22:22:30.688+0200] {processor.py:768} INFO - DAG(s) dict_keys(['example_bash_operator']) retrieved from /home/nanah/airflow_venv/lib/python3.10/site-packages/airflow/example_dags/example_bash_operator.py
[2023-05-21T22:22:30.760+0200] {logging_mixin.py:117} INFO - [2023-05-21T22:22:30.760+0200] {dag.py:2573} INFO - Sync 1 DAGs
[2023-05-21T22:22:30.806+0200] {logging_mixin.py:117} INFO - [2023-05-21T22:22:30.806+0200] {dag.py:3324} INFO - Setting next_dagrun for example_bash_operator to 2023-05-20T00:00:00+00:00, run_after=2023-05-21T00:00:00+00:00
[2023-05-21T22:22:30.980+0200] {processor.py:178} INFO - Processing /home/nanah/airflow_venv/lib/python3.10/site-packages/airflow/example_dags/example_bash_operator.py took 0.369 seconds
[2023-05-21T22:23:51.921+0200] {processor.py:156} INFO - Started process (PID=6415) to work on /home/nanah/airflow_venv/lib/python3.10/site-packages/airflow/example_dags/example_bash_operator.py
[2023-05-21T22:23:51.926+0200] {processor.py:758} INFO - Processing file /home/nanah/airflow_venv/lib/python3.10/site-packages/airflow/example_dags/example_bash_operator.py for tasks to queue
[2023-05-21T22:23:51.928+0200] {logging_mixin.py:117} INFO - [2023-05-21T22:23:51.927+0200] {dagbag.py:525} INFO - Filling up the DagBag from /home/nanah/airflow_venv/lib/python3.10/site-packages/airflow/example_dags/example_bash_operator.py
[2023-05-21T22:23:51.954+0200] {processor.py:768} INFO - DAG(s) dict_keys(['example_bash_operator']) retrieved from /home/nanah/airflow_venv/lib/python3.10/site-packages/airflow/example_dags/example_bash_operator.py
[2023-05-21T22:23:51.999+0200] {logging_mixin.py:117} INFO - [2023-05-21T22:23:51.998+0200] {dag.py:2573} INFO - Sync 1 DAGs
[2023-05-21T22:23:52.038+0200] {logging_mixin.py:117} INFO - [2023-05-21T22:23:52.037+0200] {dag.py:3324} INFO - Setting next_dagrun for example_bash_operator to 2023-05-20T00:00:00+00:00, run_after=2023-05-21T00:00:00+00:00
[2023-05-21T22:23:52.096+0200] {processor.py:178} INFO - Processing /home/nanah/airflow_venv/lib/python3.10/site-packages/airflow/example_dags/example_bash_operator.py took 0.183 seconds
[2023-05-21T22:25:12.105+0200] {processor.py:156} INFO - Started process (PID=6482) to work on /home/nanah/airflow_venv/lib/python3.10/site-packages/airflow/example_dags/example_bash_operator.py
[2023-05-21T22:25:12.110+0200] {processor.py:758} INFO - Processing file /home/nanah/airflow_venv/lib/python3.10/site-packages/airflow/example_dags/example_bash_operator.py for tasks to queue
[2023-05-21T22:25:12.111+0200] {logging_mixin.py:117} INFO - [2023-05-21T22:25:12.111+0200] {dagbag.py:525} INFO - Filling up the DagBag from /home/nanah/airflow_venv/lib/python3.10/site-packages/airflow/example_dags/example_bash_operator.py
[2023-05-21T22:25:12.138+0200] {processor.py:768} INFO - DAG(s) dict_keys(['example_bash_operator']) retrieved from /home/nanah/airflow_venv/lib/python3.10/site-packages/airflow/example_dags/example_bash_operator.py
[2023-05-21T22:25:12.185+0200] {logging_mixin.py:117} INFO - [2023-05-21T22:25:12.184+0200] {dag.py:2573} INFO - Sync 1 DAGs
[2023-05-21T22:25:12.225+0200] {logging_mixin.py:117} INFO - [2023-05-21T22:25:12.224+0200] {dag.py:3324} INFO - Setting next_dagrun for example_bash_operator to 2023-05-20T00:00:00+00:00, run_after=2023-05-21T00:00:00+00:00
[2023-05-21T22:25:12.291+0200] {processor.py:178} INFO - Processing /home/nanah/airflow_venv/lib/python3.10/site-packages/airflow/example_dags/example_bash_operator.py took 0.191 seconds
[2023-05-21T22:26:27.434+0200] {processor.py:156} INFO - Started process (PID=6550) to work on /home/nanah/airflow_venv/lib/python3.10/site-packages/airflow/example_dags/example_bash_operator.py
[2023-05-21T22:26:27.440+0200] {processor.py:758} INFO - Processing file /home/nanah/airflow_venv/lib/python3.10/site-packages/airflow/example_dags/example_bash_operator.py for tasks to queue
[2023-05-21T22:26:27.441+0200] {logging_mixin.py:117} INFO - [2023-05-21T22:26:27.441+0200] {dagbag.py:525} INFO - Filling up the DagBag from /home/nanah/airflow_venv/lib/python3.10/site-packages/airflow/example_dags/example_bash_operator.py
[2023-05-21T22:26:27.469+0200] {processor.py:768} INFO - DAG(s) dict_keys(['example_bash_operator']) retrieved from /home/nanah/airflow_venv/lib/python3.10/site-packages/airflow/example_dags/example_bash_operator.py
[2023-05-21T22:26:27.515+0200] {logging_mixin.py:117} INFO - [2023-05-21T22:26:27.514+0200] {dag.py:2573} INFO - Sync 1 DAGs
[2023-05-21T22:26:27.553+0200] {logging_mixin.py:117} INFO - [2023-05-21T22:26:27.553+0200] {dag.py:3324} INFO - Setting next_dagrun for example_bash_operator to 2023-05-20T00:00:00+00:00, run_after=2023-05-21T00:00:00+00:00
[2023-05-21T22:26:27.603+0200] {processor.py:178} INFO - Processing /home/nanah/airflow_venv/lib/python3.10/site-packages/airflow/example_dags/example_bash_operator.py took 0.175 seconds
[2023-05-21T22:27:45.565+0200] {processor.py:156} INFO - Started process (PID=6620) to work on /home/nanah/airflow_venv/lib/python3.10/site-packages/airflow/example_dags/example_bash_operator.py
[2023-05-21T22:27:45.571+0200] {processor.py:758} INFO - Processing file /home/nanah/airflow_venv/lib/python3.10/site-packages/airflow/example_dags/example_bash_operator.py for tasks to queue
[2023-05-21T22:27:45.572+0200] {logging_mixin.py:117} INFO - [2023-05-21T22:27:45.572+0200] {dagbag.py:525} INFO - Filling up the DagBag from /home/nanah/airflow_venv/lib/python3.10/site-packages/airflow/example_dags/example_bash_operator.py
[2023-05-21T22:27:45.600+0200] {processor.py:768} INFO - DAG(s) dict_keys(['example_bash_operator']) retrieved from /home/nanah/airflow_venv/lib/python3.10/site-packages/airflow/example_dags/example_bash_operator.py
[2023-05-21T22:27:45.645+0200] {logging_mixin.py:117} INFO - [2023-05-21T22:27:45.645+0200] {dag.py:2573} INFO - Sync 1 DAGs
[2023-05-21T22:27:45.684+0200] {logging_mixin.py:117} INFO - [2023-05-21T22:27:45.684+0200] {dag.py:3324} INFO - Setting next_dagrun for example_bash_operator to 2023-05-20T00:00:00+00:00, run_after=2023-05-21T00:00:00+00:00
[2023-05-21T22:27:45.734+0200] {processor.py:178} INFO - Processing /home/nanah/airflow_venv/lib/python3.10/site-packages/airflow/example_dags/example_bash_operator.py took 0.177 seconds
[2023-05-21T22:29:07.925+0200] {processor.py:156} INFO - Started process (PID=6693) to work on /home/nanah/airflow_venv/lib/python3.10/site-packages/airflow/example_dags/example_bash_operator.py
[2023-05-21T22:29:07.931+0200] {processor.py:758} INFO - Processing file /home/nanah/airflow_venv/lib/python3.10/site-packages/airflow/example_dags/example_bash_operator.py for tasks to queue
[2023-05-21T22:29:07.932+0200] {logging_mixin.py:117} INFO - [2023-05-21T22:29:07.932+0200] {dagbag.py:525} INFO - Filling up the DagBag from /home/nanah/airflow_venv/lib/python3.10/site-packages/airflow/example_dags/example_bash_operator.py
[2023-05-21T22:29:07.964+0200] {processor.py:768} INFO - DAG(s) dict_keys(['example_bash_operator']) retrieved from /home/nanah/airflow_venv/lib/python3.10/site-packages/airflow/example_dags/example_bash_operator.py
[2023-05-21T22:29:08.016+0200] {logging_mixin.py:117} INFO - [2023-05-21T22:29:08.015+0200] {dag.py:2573} INFO - Sync 1 DAGs
[2023-05-21T22:29:08.054+0200] {logging_mixin.py:117} INFO - [2023-05-21T22:29:08.054+0200] {dag.py:3324} INFO - Setting next_dagrun for example_bash_operator to 2023-05-20T00:00:00+00:00, run_after=2023-05-21T00:00:00+00:00
[2023-05-21T22:29:08.104+0200] {processor.py:178} INFO - Processing /home/nanah/airflow_venv/lib/python3.10/site-packages/airflow/example_dags/example_bash_operator.py took 0.186 seconds
[2023-05-21T22:30:25.388+0200] {processor.py:156} INFO - Started process (PID=6762) to work on /home/nanah/airflow_venv/lib/python3.10/site-packages/airflow/example_dags/example_bash_operator.py
[2023-05-21T22:30:25.395+0200] {processor.py:758} INFO - Processing file /home/nanah/airflow_venv/lib/python3.10/site-packages/airflow/example_dags/example_bash_operator.py for tasks to queue
[2023-05-21T22:30:25.396+0200] {logging_mixin.py:117} INFO - [2023-05-21T22:30:25.396+0200] {dagbag.py:525} INFO - Filling up the DagBag from /home/nanah/airflow_venv/lib/python3.10/site-packages/airflow/example_dags/example_bash_operator.py
[2023-05-21T22:30:25.425+0200] {processor.py:768} INFO - DAG(s) dict_keys(['example_bash_operator']) retrieved from /home/nanah/airflow_venv/lib/python3.10/site-packages/airflow/example_dags/example_bash_operator.py
[2023-05-21T22:30:25.471+0200] {logging_mixin.py:117} INFO - [2023-05-21T22:30:25.471+0200] {dag.py:2573} INFO - Sync 1 DAGs
[2023-05-21T22:30:25.511+0200] {logging_mixin.py:117} INFO - [2023-05-21T22:30:25.511+0200] {dag.py:3324} INFO - Setting next_dagrun for example_bash_operator to 2023-05-20T00:00:00+00:00, run_after=2023-05-21T00:00:00+00:00
[2023-05-21T22:30:25.556+0200] {processor.py:178} INFO - Processing /home/nanah/airflow_venv/lib/python3.10/site-packages/airflow/example_dags/example_bash_operator.py took 0.174 seconds
[2023-05-21T22:31:43.007+0200] {processor.py:156} INFO - Started process (PID=6830) to work on /home/nanah/airflow_venv/lib/python3.10/site-packages/airflow/example_dags/example_bash_operator.py
[2023-05-21T22:31:43.023+0200] {processor.py:758} INFO - Processing file /home/nanah/airflow_venv/lib/python3.10/site-packages/airflow/example_dags/example_bash_operator.py for tasks to queue
[2023-05-21T22:31:43.024+0200] {logging_mixin.py:117} INFO - [2023-05-21T22:31:43.024+0200] {dagbag.py:525} INFO - Filling up the DagBag from /home/nanah/airflow_venv/lib/python3.10/site-packages/airflow/example_dags/example_bash_operator.py
[2023-05-21T22:31:43.080+0200] {processor.py:768} INFO - DAG(s) dict_keys(['example_bash_operator']) retrieved from /home/nanah/airflow_venv/lib/python3.10/site-packages/airflow/example_dags/example_bash_operator.py
[2023-05-21T22:31:43.127+0200] {logging_mixin.py:117} INFO - [2023-05-21T22:31:43.127+0200] {dag.py:2573} INFO - Sync 1 DAGs
[2023-05-21T22:31:43.168+0200] {logging_mixin.py:117} INFO - [2023-05-21T22:31:43.168+0200] {dag.py:3324} INFO - Setting next_dagrun for example_bash_operator to 2023-05-20T00:00:00+00:00, run_after=2023-05-21T00:00:00+00:00
[2023-05-21T22:31:43.212+0200] {processor.py:178} INFO - Processing /home/nanah/airflow_venv/lib/python3.10/site-packages/airflow/example_dags/example_bash_operator.py took 0.212 seconds
[2023-05-21T22:33:13.313+0200] {processor.py:156} INFO - Started process (PID=6907) to work on /home/nanah/airflow_venv/lib/python3.10/site-packages/airflow/example_dags/example_bash_operator.py
[2023-05-21T22:33:13.318+0200] {processor.py:758} INFO - Processing file /home/nanah/airflow_venv/lib/python3.10/site-packages/airflow/example_dags/example_bash_operator.py for tasks to queue
[2023-05-21T22:33:13.320+0200] {logging_mixin.py:117} INFO - [2023-05-21T22:33:13.319+0200] {dagbag.py:525} INFO - Filling up the DagBag from /home/nanah/airflow_venv/lib/python3.10/site-packages/airflow/example_dags/example_bash_operator.py
[2023-05-21T22:33:13.351+0200] {processor.py:768} INFO - DAG(s) dict_keys(['example_bash_operator']) retrieved from /home/nanah/airflow_venv/lib/python3.10/site-packages/airflow/example_dags/example_bash_operator.py
[2023-05-21T22:33:13.399+0200] {logging_mixin.py:117} INFO - [2023-05-21T22:33:13.398+0200] {dag.py:2573} INFO - Sync 1 DAGs
[2023-05-21T22:33:13.436+0200] {logging_mixin.py:117} INFO - [2023-05-21T22:33:13.436+0200] {dag.py:3324} INFO - Setting next_dagrun for example_bash_operator to 2023-05-20T00:00:00+00:00, run_after=2023-05-21T00:00:00+00:00
[2023-05-21T22:33:13.489+0200] {processor.py:178} INFO - Processing /home/nanah/airflow_venv/lib/python3.10/site-packages/airflow/example_dags/example_bash_operator.py took 0.183 seconds
[2023-05-21T22:34:29.950+0200] {processor.py:156} INFO - Started process (PID=6977) to work on /home/nanah/airflow_venv/lib/python3.10/site-packages/airflow/example_dags/example_bash_operator.py
[2023-05-21T22:34:29.953+0200] {processor.py:758} INFO - Processing file /home/nanah/airflow_venv/lib/python3.10/site-packages/airflow/example_dags/example_bash_operator.py for tasks to queue
[2023-05-21T22:34:29.955+0200] {logging_mixin.py:117} INFO - [2023-05-21T22:34:29.954+0200] {dagbag.py:525} INFO - Filling up the DagBag from /home/nanah/airflow_venv/lib/python3.10/site-packages/airflow/example_dags/example_bash_operator.py
[2023-05-21T22:34:30.001+0200] {processor.py:768} INFO - DAG(s) dict_keys(['example_bash_operator']) retrieved from /home/nanah/airflow_venv/lib/python3.10/site-packages/airflow/example_dags/example_bash_operator.py
[2023-05-21T22:34:30.071+0200] {logging_mixin.py:117} INFO - [2023-05-21T22:34:30.071+0200] {dag.py:2573} INFO - Sync 1 DAGs
[2023-05-21T22:34:30.124+0200] {logging_mixin.py:117} INFO - [2023-05-21T22:34:30.124+0200] {dag.py:3324} INFO - Setting next_dagrun for example_bash_operator to 2023-05-20T00:00:00+00:00, run_after=2023-05-21T00:00:00+00:00
[2023-05-21T22:34:30.212+0200] {processor.py:178} INFO - Processing /home/nanah/airflow_venv/lib/python3.10/site-packages/airflow/example_dags/example_bash_operator.py took 0.269 seconds
[2023-05-21T22:35:59.265+0200] {processor.py:156} INFO - Started process (PID=7072) to work on /home/nanah/airflow_venv/lib/python3.10/site-packages/airflow/example_dags/example_bash_operator.py
[2023-05-21T22:35:59.280+0200] {processor.py:758} INFO - Processing file /home/nanah/airflow_venv/lib/python3.10/site-packages/airflow/example_dags/example_bash_operator.py for tasks to queue
[2023-05-21T22:35:59.281+0200] {logging_mixin.py:117} INFO - [2023-05-21T22:35:59.281+0200] {dagbag.py:525} INFO - Filling up the DagBag from /home/nanah/airflow_venv/lib/python3.10/site-packages/airflow/example_dags/example_bash_operator.py
[2023-05-21T22:35:59.359+0200] {processor.py:768} INFO - DAG(s) dict_keys(['example_bash_operator']) retrieved from /home/nanah/airflow_venv/lib/python3.10/site-packages/airflow/example_dags/example_bash_operator.py
[2023-05-21T22:35:59.520+0200] {logging_mixin.py:117} INFO - [2023-05-21T22:35:59.509+0200] {dag.py:2573} INFO - Sync 1 DAGs
[2023-05-21T22:35:59.667+0200] {logging_mixin.py:117} INFO - [2023-05-21T22:35:59.666+0200] {dag.py:3324} INFO - Setting next_dagrun for example_bash_operator to 2023-05-20T00:00:00+00:00, run_after=2023-05-21T00:00:00+00:00
[2023-05-21T22:35:59.839+0200] {processor.py:178} INFO - Processing /home/nanah/airflow_venv/lib/python3.10/site-packages/airflow/example_dags/example_bash_operator.py took 0.590 seconds
[2023-05-21T22:38:07.328+0200] {processor.py:156} INFO - Started process (PID=7318) to work on /home/nanah/airflow_venv/lib/python3.10/site-packages/airflow/example_dags/example_bash_operator.py
[2023-05-21T22:38:07.347+0200] {processor.py:758} INFO - Processing file /home/nanah/airflow_venv/lib/python3.10/site-packages/airflow/example_dags/example_bash_operator.py for tasks to queue
[2023-05-21T22:38:07.349+0200] {logging_mixin.py:117} INFO - [2023-05-21T22:38:07.349+0200] {dagbag.py:525} INFO - Filling up the DagBag from /home/nanah/airflow_venv/lib/python3.10/site-packages/airflow/example_dags/example_bash_operator.py
[2023-05-21T22:38:07.438+0200] {processor.py:768} INFO - DAG(s) dict_keys(['example_bash_operator']) retrieved from /home/nanah/airflow_venv/lib/python3.10/site-packages/airflow/example_dags/example_bash_operator.py
[2023-05-21T22:38:07.597+0200] {logging_mixin.py:117} INFO - [2023-05-21T22:38:07.596+0200] {dag.py:2573} INFO - Sync 1 DAGs
[2023-05-21T22:38:07.728+0200] {logging_mixin.py:117} INFO - [2023-05-21T22:38:07.727+0200] {dag.py:3324} INFO - Setting next_dagrun for example_bash_operator to 2023-05-20T00:00:00+00:00, run_after=2023-05-21T00:00:00+00:00
[2023-05-21T22:38:07.886+0200] {processor.py:178} INFO - Processing /home/nanah/airflow_venv/lib/python3.10/site-packages/airflow/example_dags/example_bash_operator.py took 0.569 seconds
[2023-05-21T22:39:33.474+0200] {processor.py:156} INFO - Started process (PID=7388) to work on /home/nanah/airflow_venv/lib/python3.10/site-packages/airflow/example_dags/example_bash_operator.py
[2023-05-21T22:39:33.480+0200] {processor.py:758} INFO - Processing file /home/nanah/airflow_venv/lib/python3.10/site-packages/airflow/example_dags/example_bash_operator.py for tasks to queue
[2023-05-21T22:39:33.481+0200] {logging_mixin.py:117} INFO - [2023-05-21T22:39:33.481+0200] {dagbag.py:525} INFO - Filling up the DagBag from /home/nanah/airflow_venv/lib/python3.10/site-packages/airflow/example_dags/example_bash_operator.py
[2023-05-21T22:39:33.508+0200] {processor.py:768} INFO - DAG(s) dict_keys(['example_bash_operator']) retrieved from /home/nanah/airflow_venv/lib/python3.10/site-packages/airflow/example_dags/example_bash_operator.py
[2023-05-21T22:39:33.552+0200] {logging_mixin.py:117} INFO - [2023-05-21T22:39:33.552+0200] {dag.py:2573} INFO - Sync 1 DAGs
[2023-05-21T22:39:33.592+0200] {logging_mixin.py:117} INFO - [2023-05-21T22:39:33.592+0200] {dag.py:3324} INFO - Setting next_dagrun for example_bash_operator to 2023-05-20T00:00:00+00:00, run_after=2023-05-21T00:00:00+00:00
[2023-05-21T22:39:33.641+0200] {processor.py:178} INFO - Processing /home/nanah/airflow_venv/lib/python3.10/site-packages/airflow/example_dags/example_bash_operator.py took 0.174 seconds
[2023-05-21T22:40:57.287+0200] {processor.py:156} INFO - Started process (PID=7456) to work on /home/nanah/airflow_venv/lib/python3.10/site-packages/airflow/example_dags/example_bash_operator.py
[2023-05-21T22:40:57.290+0200] {processor.py:758} INFO - Processing file /home/nanah/airflow_venv/lib/python3.10/site-packages/airflow/example_dags/example_bash_operator.py for tasks to queue
[2023-05-21T22:40:57.292+0200] {logging_mixin.py:117} INFO - [2023-05-21T22:40:57.292+0200] {dagbag.py:525} INFO - Filling up the DagBag from /home/nanah/airflow_venv/lib/python3.10/site-packages/airflow/example_dags/example_bash_operator.py
[2023-05-21T22:40:57.326+0200] {processor.py:768} INFO - DAG(s) dict_keys(['example_bash_operator']) retrieved from /home/nanah/airflow_venv/lib/python3.10/site-packages/airflow/example_dags/example_bash_operator.py
[2023-05-21T22:40:57.381+0200] {logging_mixin.py:117} INFO - [2023-05-21T22:40:57.381+0200] {dag.py:2573} INFO - Sync 1 DAGs
[2023-05-21T22:40:57.424+0200] {logging_mixin.py:117} INFO - [2023-05-21T22:40:57.424+0200] {dag.py:3324} INFO - Setting next_dagrun for example_bash_operator to 2023-05-20T00:00:00+00:00, run_after=2023-05-21T00:00:00+00:00
[2023-05-21T22:40:57.471+0200] {processor.py:178} INFO - Processing /home/nanah/airflow_venv/lib/python3.10/site-packages/airflow/example_dags/example_bash_operator.py took 0.192 seconds
[2023-05-21T22:42:19.869+0200] {processor.py:156} INFO - Started process (PID=7529) to work on /home/nanah/airflow_venv/lib/python3.10/site-packages/airflow/example_dags/example_bash_operator.py
[2023-05-21T22:42:19.872+0200] {processor.py:758} INFO - Processing file /home/nanah/airflow_venv/lib/python3.10/site-packages/airflow/example_dags/example_bash_operator.py for tasks to queue
[2023-05-21T22:42:19.873+0200] {logging_mixin.py:117} INFO - [2023-05-21T22:42:19.873+0200] {dagbag.py:525} INFO - Filling up the DagBag from /home/nanah/airflow_venv/lib/python3.10/site-packages/airflow/example_dags/example_bash_operator.py
[2023-05-21T22:42:19.900+0200] {processor.py:768} INFO - DAG(s) dict_keys(['example_bash_operator']) retrieved from /home/nanah/airflow_venv/lib/python3.10/site-packages/airflow/example_dags/example_bash_operator.py
[2023-05-21T22:42:19.957+0200] {logging_mixin.py:117} INFO - [2023-05-21T22:42:19.956+0200] {dag.py:2573} INFO - Sync 1 DAGs
[2023-05-21T22:42:19.998+0200] {logging_mixin.py:117} INFO - [2023-05-21T22:42:19.998+0200] {dag.py:3324} INFO - Setting next_dagrun for example_bash_operator to 2023-05-20T00:00:00+00:00, run_after=2023-05-21T00:00:00+00:00
[2023-05-21T22:42:20.046+0200] {processor.py:178} INFO - Processing /home/nanah/airflow_venv/lib/python3.10/site-packages/airflow/example_dags/example_bash_operator.py took 0.184 seconds
