[2023-05-21T21:19:20.772+0200] {processor.py:156} INFO - Started process (PID=2361) to work on /home/nanah/airflow_venv/lib/python3.10/site-packages/airflow/example_dags/example_trigger_controller_dag.py
[2023-05-21T21:19:20.786+0200] {processor.py:758} INFO - Processing file /home/nanah/airflow_venv/lib/python3.10/site-packages/airflow/example_dags/example_trigger_controller_dag.py for tasks to queue
[2023-05-21T21:19:20.788+0200] {logging_mixin.py:117} INFO - [2023-05-21T21:19:20.788+0200] {dagbag.py:525} INFO - Filling up the DagBag from /home/nanah/airflow_venv/lib/python3.10/site-packages/airflow/example_dags/example_trigger_controller_dag.py
[2023-05-21T21:19:20.855+0200] {processor.py:768} INFO - DAG(s) dict_keys(['example_trigger_controller_dag']) retrieved from /home/nanah/airflow_venv/lib/python3.10/site-packages/airflow/example_dags/example_trigger_controller_dag.py
[2023-05-21T21:19:21.052+0200] {logging_mixin.py:117} INFO - [2023-05-21T21:19:21.052+0200] {dag.py:2573} INFO - Sync 1 DAGs
[2023-05-21T21:19:21.184+0200] {logging_mixin.py:117} INFO - [2023-05-21T21:19:21.184+0200] {dag.py:3324} INFO - Setting next_dagrun for example_trigger_controller_dag to 2021-01-01T00:00:00+00:00, run_after=2021-01-01T00:00:00+00:00
[2023-05-21T21:19:21.301+0200] {processor.py:178} INFO - Processing /home/nanah/airflow_venv/lib/python3.10/site-packages/airflow/example_dags/example_trigger_controller_dag.py took 0.537 seconds
[2023-05-21T21:20:37.598+0200] {processor.py:156} INFO - Started process (PID=2454) to work on /home/nanah/airflow_venv/lib/python3.10/site-packages/airflow/example_dags/example_trigger_controller_dag.py
[2023-05-21T21:20:37.602+0200] {processor.py:758} INFO - Processing file /home/nanah/airflow_venv/lib/python3.10/site-packages/airflow/example_dags/example_trigger_controller_dag.py for tasks to queue
[2023-05-21T21:20:37.604+0200] {logging_mixin.py:117} INFO - [2023-05-21T21:20:37.603+0200] {dagbag.py:525} INFO - Filling up the DagBag from /home/nanah/airflow_venv/lib/python3.10/site-packages/airflow/example_dags/example_trigger_controller_dag.py
[2023-05-21T21:20:37.640+0200] {processor.py:768} INFO - DAG(s) dict_keys(['example_trigger_controller_dag']) retrieved from /home/nanah/airflow_venv/lib/python3.10/site-packages/airflow/example_dags/example_trigger_controller_dag.py
[2023-05-21T21:20:37.725+0200] {logging_mixin.py:117} INFO - [2023-05-21T21:20:37.724+0200] {dag.py:2573} INFO - Sync 1 DAGs
[2023-05-21T21:20:37.793+0200] {logging_mixin.py:117} INFO - [2023-05-21T21:20:37.792+0200] {dag.py:3324} INFO - Setting next_dagrun for example_trigger_controller_dag to 2021-01-01T00:00:00+00:00, run_after=2021-01-01T00:00:00+00:00
[2023-05-21T21:20:37.857+0200] {processor.py:178} INFO - Processing /home/nanah/airflow_venv/lib/python3.10/site-packages/airflow/example_dags/example_trigger_controller_dag.py took 0.268 seconds
[2023-05-21T21:23:37.285+0200] {processor.py:156} INFO - Started process (PID=2547) to work on /home/nanah/airflow_venv/lib/python3.10/site-packages/airflow/example_dags/example_trigger_controller_dag.py
[2023-05-21T21:23:37.298+0200] {processor.py:758} INFO - Processing file /home/nanah/airflow_venv/lib/python3.10/site-packages/airflow/example_dags/example_trigger_controller_dag.py for tasks to queue
[2023-05-21T21:23:37.299+0200] {logging_mixin.py:117} INFO - [2023-05-21T21:23:37.299+0200] {dagbag.py:525} INFO - Filling up the DagBag from /home/nanah/airflow_venv/lib/python3.10/site-packages/airflow/example_dags/example_trigger_controller_dag.py
[2023-05-21T21:23:37.379+0200] {processor.py:768} INFO - DAG(s) dict_keys(['example_trigger_controller_dag']) retrieved from /home/nanah/airflow_venv/lib/python3.10/site-packages/airflow/example_dags/example_trigger_controller_dag.py
[2023-05-21T21:23:37.601+0200] {logging_mixin.py:117} INFO - [2023-05-21T21:23:37.589+0200] {dag.py:2573} INFO - Sync 1 DAGs
[2023-05-21T21:23:38.166+0200] {logging_mixin.py:117} INFO - [2023-05-21T21:23:38.165+0200] {dag.py:3324} INFO - Setting next_dagrun for example_trigger_controller_dag to 2021-01-01T00:00:00+00:00, run_after=2021-01-01T00:00:00+00:00
[2023-05-21T21:23:38.356+0200] {processor.py:178} INFO - Processing /home/nanah/airflow_venv/lib/python3.10/site-packages/airflow/example_dags/example_trigger_controller_dag.py took 1.079 seconds
[2023-05-21T21:28:05.784+0200] {processor.py:156} INFO - Started process (PID=2973) to work on /home/nanah/airflow_venv/lib/python3.10/site-packages/airflow/example_dags/example_trigger_controller_dag.py
[2023-05-21T21:28:05.788+0200] {processor.py:758} INFO - Processing file /home/nanah/airflow_venv/lib/python3.10/site-packages/airflow/example_dags/example_trigger_controller_dag.py for tasks to queue
[2023-05-21T21:28:05.790+0200] {logging_mixin.py:117} INFO - [2023-05-21T21:28:05.789+0200] {dagbag.py:525} INFO - Filling up the DagBag from /home/nanah/airflow_venv/lib/python3.10/site-packages/airflow/example_dags/example_trigger_controller_dag.py
[2023-05-21T21:28:05.844+0200] {processor.py:768} INFO - DAG(s) dict_keys(['example_trigger_controller_dag']) retrieved from /home/nanah/airflow_venv/lib/python3.10/site-packages/airflow/example_dags/example_trigger_controller_dag.py
[2023-05-21T21:28:05.946+0200] {logging_mixin.py:117} INFO - [2023-05-21T21:28:05.946+0200] {dag.py:2573} INFO - Sync 1 DAGs
[2023-05-21T21:28:06.144+0200] {logging_mixin.py:117} INFO - [2023-05-21T21:28:06.133+0200] {dag.py:3324} INFO - Setting next_dagrun for example_trigger_controller_dag to 2021-01-01T00:00:00+00:00, run_after=2021-01-01T00:00:00+00:00
[2023-05-21T21:28:06.396+0200] {processor.py:178} INFO - Processing /home/nanah/airflow_venv/lib/python3.10/site-packages/airflow/example_dags/example_trigger_controller_dag.py took 0.626 seconds
[2023-05-21T21:33:05.142+0200] {processor.py:156} INFO - Started process (PID=3810) to work on /home/nanah/airflow_venv/lib/python3.10/site-packages/airflow/example_dags/example_trigger_controller_dag.py
[2023-05-21T21:33:05.148+0200] {processor.py:758} INFO - Processing file /home/nanah/airflow_venv/lib/python3.10/site-packages/airflow/example_dags/example_trigger_controller_dag.py for tasks to queue
[2023-05-21T21:33:05.151+0200] {logging_mixin.py:117} INFO - [2023-05-21T21:33:05.150+0200] {dagbag.py:525} INFO - Filling up the DagBag from /home/nanah/airflow_venv/lib/python3.10/site-packages/airflow/example_dags/example_trigger_controller_dag.py
[2023-05-21T21:33:05.165+0200] {processor.py:768} INFO - DAG(s) dict_keys(['example_trigger_controller_dag']) retrieved from /home/nanah/airflow_venv/lib/python3.10/site-packages/airflow/example_dags/example_trigger_controller_dag.py
[2023-05-21T21:33:05.213+0200] {logging_mixin.py:117} INFO - [2023-05-21T21:33:05.213+0200] {dag.py:2573} INFO - Sync 1 DAGs
[2023-05-21T21:33:05.255+0200] {logging_mixin.py:117} INFO - [2023-05-21T21:33:05.255+0200] {dag.py:3324} INFO - Setting next_dagrun for example_trigger_controller_dag to 2021-01-01T00:00:00+00:00, run_after=2021-01-01T00:00:00+00:00
[2023-05-21T21:33:05.309+0200] {processor.py:178} INFO - Processing /home/nanah/airflow_venv/lib/python3.10/site-packages/airflow/example_dags/example_trigger_controller_dag.py took 0.174 seconds
[2023-05-21T21:34:35.798+0200] {processor.py:156} INFO - Started process (PID=3879) to work on /home/nanah/airflow_venv/lib/python3.10/site-packages/airflow/example_dags/example_trigger_controller_dag.py
[2023-05-21T21:34:35.808+0200] {processor.py:758} INFO - Processing file /home/nanah/airflow_venv/lib/python3.10/site-packages/airflow/example_dags/example_trigger_controller_dag.py for tasks to queue
[2023-05-21T21:34:35.809+0200] {logging_mixin.py:117} INFO - [2023-05-21T21:34:35.809+0200] {dagbag.py:525} INFO - Filling up the DagBag from /home/nanah/airflow_venv/lib/python3.10/site-packages/airflow/example_dags/example_trigger_controller_dag.py
[2023-05-21T21:34:35.818+0200] {processor.py:768} INFO - DAG(s) dict_keys(['example_trigger_controller_dag']) retrieved from /home/nanah/airflow_venv/lib/python3.10/site-packages/airflow/example_dags/example_trigger_controller_dag.py
[2023-05-21T21:34:35.852+0200] {logging_mixin.py:117} INFO - [2023-05-21T21:34:35.852+0200] {dag.py:2573} INFO - Sync 1 DAGs
[2023-05-21T21:34:35.889+0200] {logging_mixin.py:117} INFO - [2023-05-21T21:34:35.889+0200] {dag.py:3324} INFO - Setting next_dagrun for example_trigger_controller_dag to 2021-01-01T00:00:00+00:00, run_after=2021-01-01T00:00:00+00:00
[2023-05-21T21:34:35.975+0200] {processor.py:178} INFO - Processing /home/nanah/airflow_venv/lib/python3.10/site-packages/airflow/example_dags/example_trigger_controller_dag.py took 0.184 seconds
[2023-05-21T21:35:54.230+0200] {processor.py:156} INFO - Started process (PID=3949) to work on /home/nanah/airflow_venv/lib/python3.10/site-packages/airflow/example_dags/example_trigger_controller_dag.py
[2023-05-21T21:35:54.235+0200] {processor.py:758} INFO - Processing file /home/nanah/airflow_venv/lib/python3.10/site-packages/airflow/example_dags/example_trigger_controller_dag.py for tasks to queue
[2023-05-21T21:35:54.237+0200] {logging_mixin.py:117} INFO - [2023-05-21T21:35:54.236+0200] {dagbag.py:525} INFO - Filling up the DagBag from /home/nanah/airflow_venv/lib/python3.10/site-packages/airflow/example_dags/example_trigger_controller_dag.py
[2023-05-21T21:35:54.250+0200] {processor.py:768} INFO - DAG(s) dict_keys(['example_trigger_controller_dag']) retrieved from /home/nanah/airflow_venv/lib/python3.10/site-packages/airflow/example_dags/example_trigger_controller_dag.py
[2023-05-21T21:35:54.300+0200] {logging_mixin.py:117} INFO - [2023-05-21T21:35:54.299+0200] {dag.py:2573} INFO - Sync 1 DAGs
[2023-05-21T21:35:54.351+0200] {logging_mixin.py:117} INFO - [2023-05-21T21:35:54.351+0200] {dag.py:3324} INFO - Setting next_dagrun for example_trigger_controller_dag to 2021-01-01T00:00:00+00:00, run_after=2021-01-01T00:00:00+00:00
[2023-05-21T21:35:54.423+0200] {processor.py:178} INFO - Processing /home/nanah/airflow_venv/lib/python3.10/site-packages/airflow/example_dags/example_trigger_controller_dag.py took 0.201 seconds
[2023-05-21T21:37:23.156+0200] {processor.py:156} INFO - Started process (PID=4030) to work on /home/nanah/airflow_venv/lib/python3.10/site-packages/airflow/example_dags/example_trigger_controller_dag.py
[2023-05-21T21:37:23.160+0200] {processor.py:758} INFO - Processing file /home/nanah/airflow_venv/lib/python3.10/site-packages/airflow/example_dags/example_trigger_controller_dag.py for tasks to queue
[2023-05-21T21:37:23.161+0200] {logging_mixin.py:117} INFO - [2023-05-21T21:37:23.161+0200] {dagbag.py:525} INFO - Filling up the DagBag from /home/nanah/airflow_venv/lib/python3.10/site-packages/airflow/example_dags/example_trigger_controller_dag.py
[2023-05-21T21:37:23.173+0200] {processor.py:768} INFO - DAG(s) dict_keys(['example_trigger_controller_dag']) retrieved from /home/nanah/airflow_venv/lib/python3.10/site-packages/airflow/example_dags/example_trigger_controller_dag.py
[2023-05-21T21:37:23.212+0200] {logging_mixin.py:117} INFO - [2023-05-21T21:37:23.211+0200] {dag.py:2573} INFO - Sync 1 DAGs
[2023-05-21T21:37:23.253+0200] {logging_mixin.py:117} INFO - [2023-05-21T21:37:23.253+0200] {dag.py:3324} INFO - Setting next_dagrun for example_trigger_controller_dag to 2021-01-01T00:00:00+00:00, run_after=2021-01-01T00:00:00+00:00
[2023-05-21T21:37:23.320+0200] {processor.py:178} INFO - Processing /home/nanah/airflow_venv/lib/python3.10/site-packages/airflow/example_dags/example_trigger_controller_dag.py took 0.174 seconds
[2023-05-21T21:38:44.445+0200] {processor.py:156} INFO - Started process (PID=4099) to work on /home/nanah/airflow_venv/lib/python3.10/site-packages/airflow/example_dags/example_trigger_controller_dag.py
[2023-05-21T21:38:44.449+0200] {processor.py:758} INFO - Processing file /home/nanah/airflow_venv/lib/python3.10/site-packages/airflow/example_dags/example_trigger_controller_dag.py for tasks to queue
[2023-05-21T21:38:44.451+0200] {logging_mixin.py:117} INFO - [2023-05-21T21:38:44.451+0200] {dagbag.py:525} INFO - Filling up the DagBag from /home/nanah/airflow_venv/lib/python3.10/site-packages/airflow/example_dags/example_trigger_controller_dag.py
[2023-05-21T21:38:44.472+0200] {processor.py:768} INFO - DAG(s) dict_keys(['example_trigger_controller_dag']) retrieved from /home/nanah/airflow_venv/lib/python3.10/site-packages/airflow/example_dags/example_trigger_controller_dag.py
[2023-05-21T21:38:44.564+0200] {logging_mixin.py:117} INFO - [2023-05-21T21:38:44.564+0200] {dag.py:2573} INFO - Sync 1 DAGs
[2023-05-21T21:38:44.653+0200] {logging_mixin.py:117} INFO - [2023-05-21T21:38:44.653+0200] {dag.py:3324} INFO - Setting next_dagrun for example_trigger_controller_dag to 2021-01-01T00:00:00+00:00, run_after=2021-01-01T00:00:00+00:00
[2023-05-21T21:38:44.844+0200] {processor.py:178} INFO - Processing /home/nanah/airflow_venv/lib/python3.10/site-packages/airflow/example_dags/example_trigger_controller_dag.py took 0.415 seconds
[2023-05-21T21:39:45.045+0200] {processor.py:156} INFO - Started process (PID=4148) to work on /home/nanah/airflow_venv/lib/python3.10/site-packages/airflow/example_dags/example_trigger_controller_dag.py
[2023-05-21T21:39:45.053+0200] {processor.py:758} INFO - Processing file /home/nanah/airflow_venv/lib/python3.10/site-packages/airflow/example_dags/example_trigger_controller_dag.py for tasks to queue
[2023-05-21T21:39:45.055+0200] {logging_mixin.py:117} INFO - [2023-05-21T21:39:45.055+0200] {dagbag.py:525} INFO - Filling up the DagBag from /home/nanah/airflow_venv/lib/python3.10/site-packages/airflow/example_dags/example_trigger_controller_dag.py
[2023-05-21T21:39:45.070+0200] {processor.py:768} INFO - DAG(s) dict_keys(['example_trigger_controller_dag']) retrieved from /home/nanah/airflow_venv/lib/python3.10/site-packages/airflow/example_dags/example_trigger_controller_dag.py
[2023-05-21T21:39:45.125+0200] {logging_mixin.py:117} INFO - [2023-05-21T21:39:45.124+0200] {dag.py:2573} INFO - Sync 1 DAGs
[2023-05-21T21:39:45.202+0200] {logging_mixin.py:117} INFO - [2023-05-21T21:39:45.201+0200] {dag.py:3324} INFO - Setting next_dagrun for example_trigger_controller_dag to 2021-01-01T00:00:00+00:00, run_after=2021-01-01T00:00:00+00:00
[2023-05-21T21:39:45.262+0200] {processor.py:178} INFO - Processing /home/nanah/airflow_venv/lib/python3.10/site-packages/airflow/example_dags/example_trigger_controller_dag.py took 0.252 seconds
[2023-05-21T21:41:08.090+0200] {processor.py:156} INFO - Started process (PID=4217) to work on /home/nanah/airflow_venv/lib/python3.10/site-packages/airflow/example_dags/example_trigger_controller_dag.py
[2023-05-21T21:41:08.100+0200] {processor.py:758} INFO - Processing file /home/nanah/airflow_venv/lib/python3.10/site-packages/airflow/example_dags/example_trigger_controller_dag.py for tasks to queue
[2023-05-21T21:41:08.105+0200] {logging_mixin.py:117} INFO - [2023-05-21T21:41:08.101+0200] {dagbag.py:525} INFO - Filling up the DagBag from /home/nanah/airflow_venv/lib/python3.10/site-packages/airflow/example_dags/example_trigger_controller_dag.py
[2023-05-21T21:41:08.122+0200] {processor.py:768} INFO - DAG(s) dict_keys(['example_trigger_controller_dag']) retrieved from /home/nanah/airflow_venv/lib/python3.10/site-packages/airflow/example_dags/example_trigger_controller_dag.py
[2023-05-21T21:41:08.189+0200] {logging_mixin.py:117} INFO - [2023-05-21T21:41:08.189+0200] {dag.py:2573} INFO - Sync 1 DAGs
[2023-05-21T21:41:08.256+0200] {logging_mixin.py:117} INFO - [2023-05-21T21:41:08.255+0200] {dag.py:3324} INFO - Setting next_dagrun for example_trigger_controller_dag to 2021-01-01T00:00:00+00:00, run_after=2021-01-01T00:00:00+00:00
[2023-05-21T21:41:08.338+0200] {processor.py:178} INFO - Processing /home/nanah/airflow_venv/lib/python3.10/site-packages/airflow/example_dags/example_trigger_controller_dag.py took 0.259 seconds
[2023-05-21T21:42:27.953+0200] {processor.py:156} INFO - Started process (PID=4286) to work on /home/nanah/airflow_venv/lib/python3.10/site-packages/airflow/example_dags/example_trigger_controller_dag.py
[2023-05-21T21:42:27.958+0200] {processor.py:758} INFO - Processing file /home/nanah/airflow_venv/lib/python3.10/site-packages/airflow/example_dags/example_trigger_controller_dag.py for tasks to queue
[2023-05-21T21:42:27.959+0200] {logging_mixin.py:117} INFO - [2023-05-21T21:42:27.959+0200] {dagbag.py:525} INFO - Filling up the DagBag from /home/nanah/airflow_venv/lib/python3.10/site-packages/airflow/example_dags/example_trigger_controller_dag.py
[2023-05-21T21:42:27.969+0200] {processor.py:768} INFO - DAG(s) dict_keys(['example_trigger_controller_dag']) retrieved from /home/nanah/airflow_venv/lib/python3.10/site-packages/airflow/example_dags/example_trigger_controller_dag.py
[2023-05-21T21:42:28.015+0200] {logging_mixin.py:117} INFO - [2023-05-21T21:42:28.015+0200] {dag.py:2573} INFO - Sync 1 DAGs
[2023-05-21T21:42:28.074+0200] {logging_mixin.py:117} INFO - [2023-05-21T21:42:28.074+0200] {dag.py:3324} INFO - Setting next_dagrun for example_trigger_controller_dag to 2021-01-01T00:00:00+00:00, run_after=2021-01-01T00:00:00+00:00
[2023-05-21T21:42:28.151+0200] {processor.py:178} INFO - Processing /home/nanah/airflow_venv/lib/python3.10/site-packages/airflow/example_dags/example_trigger_controller_dag.py took 0.206 seconds
[2023-05-21T21:43:49.693+0200] {processor.py:156} INFO - Started process (PID=4355) to work on /home/nanah/airflow_venv/lib/python3.10/site-packages/airflow/example_dags/example_trigger_controller_dag.py
[2023-05-21T21:43:49.700+0200] {processor.py:758} INFO - Processing file /home/nanah/airflow_venv/lib/python3.10/site-packages/airflow/example_dags/example_trigger_controller_dag.py for tasks to queue
[2023-05-21T21:43:49.701+0200] {logging_mixin.py:117} INFO - [2023-05-21T21:43:49.701+0200] {dagbag.py:525} INFO - Filling up the DagBag from /home/nanah/airflow_venv/lib/python3.10/site-packages/airflow/example_dags/example_trigger_controller_dag.py
[2023-05-21T21:43:49.709+0200] {processor.py:768} INFO - DAG(s) dict_keys(['example_trigger_controller_dag']) retrieved from /home/nanah/airflow_venv/lib/python3.10/site-packages/airflow/example_dags/example_trigger_controller_dag.py
[2023-05-21T21:43:49.743+0200] {logging_mixin.py:117} INFO - [2023-05-21T21:43:49.743+0200] {dag.py:2573} INFO - Sync 1 DAGs
[2023-05-21T21:43:49.780+0200] {logging_mixin.py:117} INFO - [2023-05-21T21:43:49.780+0200] {dag.py:3324} INFO - Setting next_dagrun for example_trigger_controller_dag to 2021-01-01T00:00:00+00:00, run_after=2021-01-01T00:00:00+00:00
[2023-05-21T21:43:49.849+0200] {processor.py:178} INFO - Processing /home/nanah/airflow_venv/lib/python3.10/site-packages/airflow/example_dags/example_trigger_controller_dag.py took 0.162 seconds
[2023-05-21T21:45:08.457+0200] {processor.py:156} INFO - Started process (PID=4423) to work on /home/nanah/airflow_venv/lib/python3.10/site-packages/airflow/example_dags/example_trigger_controller_dag.py
[2023-05-21T21:45:08.465+0200] {processor.py:758} INFO - Processing file /home/nanah/airflow_venv/lib/python3.10/site-packages/airflow/example_dags/example_trigger_controller_dag.py for tasks to queue
[2023-05-21T21:45:08.468+0200] {logging_mixin.py:117} INFO - [2023-05-21T21:45:08.467+0200] {dagbag.py:525} INFO - Filling up the DagBag from /home/nanah/airflow_venv/lib/python3.10/site-packages/airflow/example_dags/example_trigger_controller_dag.py
[2023-05-21T21:45:08.485+0200] {processor.py:768} INFO - DAG(s) dict_keys(['example_trigger_controller_dag']) retrieved from /home/nanah/airflow_venv/lib/python3.10/site-packages/airflow/example_dags/example_trigger_controller_dag.py
[2023-05-21T21:45:08.545+0200] {logging_mixin.py:117} INFO - [2023-05-21T21:45:08.544+0200] {dag.py:2573} INFO - Sync 1 DAGs
[2023-05-21T21:45:08.610+0200] {logging_mixin.py:117} INFO - [2023-05-21T21:45:08.610+0200] {dag.py:3324} INFO - Setting next_dagrun for example_trigger_controller_dag to 2021-01-01T00:00:00+00:00, run_after=2021-01-01T00:00:00+00:00
[2023-05-21T21:45:08.660+0200] {processor.py:178} INFO - Processing /home/nanah/airflow_venv/lib/python3.10/site-packages/airflow/example_dags/example_trigger_controller_dag.py took 0.213 seconds
[2023-05-21T21:46:30.231+0200] {processor.py:156} INFO - Started process (PID=4492) to work on /home/nanah/airflow_venv/lib/python3.10/site-packages/airflow/example_dags/example_trigger_controller_dag.py
[2023-05-21T21:46:30.237+0200] {processor.py:758} INFO - Processing file /home/nanah/airflow_venv/lib/python3.10/site-packages/airflow/example_dags/example_trigger_controller_dag.py for tasks to queue
[2023-05-21T21:46:30.239+0200] {logging_mixin.py:117} INFO - [2023-05-21T21:46:30.238+0200] {dagbag.py:525} INFO - Filling up the DagBag from /home/nanah/airflow_venv/lib/python3.10/site-packages/airflow/example_dags/example_trigger_controller_dag.py
[2023-05-21T21:46:30.246+0200] {processor.py:768} INFO - DAG(s) dict_keys(['example_trigger_controller_dag']) retrieved from /home/nanah/airflow_venv/lib/python3.10/site-packages/airflow/example_dags/example_trigger_controller_dag.py
[2023-05-21T21:46:30.280+0200] {logging_mixin.py:117} INFO - [2023-05-21T21:46:30.280+0200] {dag.py:2573} INFO - Sync 1 DAGs
[2023-05-21T21:46:30.320+0200] {logging_mixin.py:117} INFO - [2023-05-21T21:46:30.319+0200] {dag.py:3324} INFO - Setting next_dagrun for example_trigger_controller_dag to 2021-01-01T00:00:00+00:00, run_after=2021-01-01T00:00:00+00:00
[2023-05-21T21:46:30.366+0200] {processor.py:178} INFO - Processing /home/nanah/airflow_venv/lib/python3.10/site-packages/airflow/example_dags/example_trigger_controller_dag.py took 0.142 seconds
[2023-05-21T21:47:48.398+0200] {processor.py:156} INFO - Started process (PID=4560) to work on /home/nanah/airflow_venv/lib/python3.10/site-packages/airflow/example_dags/example_trigger_controller_dag.py
[2023-05-21T21:47:48.404+0200] {processor.py:758} INFO - Processing file /home/nanah/airflow_venv/lib/python3.10/site-packages/airflow/example_dags/example_trigger_controller_dag.py for tasks to queue
[2023-05-21T21:47:48.405+0200] {logging_mixin.py:117} INFO - [2023-05-21T21:47:48.405+0200] {dagbag.py:525} INFO - Filling up the DagBag from /home/nanah/airflow_venv/lib/python3.10/site-packages/airflow/example_dags/example_trigger_controller_dag.py
[2023-05-21T21:47:48.413+0200] {processor.py:768} INFO - DAG(s) dict_keys(['example_trigger_controller_dag']) retrieved from /home/nanah/airflow_venv/lib/python3.10/site-packages/airflow/example_dags/example_trigger_controller_dag.py
[2023-05-21T21:47:48.447+0200] {logging_mixin.py:117} INFO - [2023-05-21T21:47:48.447+0200] {dag.py:2573} INFO - Sync 1 DAGs
[2023-05-21T21:47:48.484+0200] {logging_mixin.py:117} INFO - [2023-05-21T21:47:48.484+0200] {dag.py:3324} INFO - Setting next_dagrun for example_trigger_controller_dag to 2021-01-01T00:00:00+00:00, run_after=2021-01-01T00:00:00+00:00
[2023-05-21T21:47:48.532+0200] {processor.py:178} INFO - Processing /home/nanah/airflow_venv/lib/python3.10/site-packages/airflow/example_dags/example_trigger_controller_dag.py took 0.141 seconds
[2023-05-21T21:49:04.601+0200] {processor.py:156} INFO - Started process (PID=4628) to work on /home/nanah/airflow_venv/lib/python3.10/site-packages/airflow/example_dags/example_trigger_controller_dag.py
[2023-05-21T21:49:04.607+0200] {processor.py:758} INFO - Processing file /home/nanah/airflow_venv/lib/python3.10/site-packages/airflow/example_dags/example_trigger_controller_dag.py for tasks to queue
[2023-05-21T21:49:04.608+0200] {logging_mixin.py:117} INFO - [2023-05-21T21:49:04.608+0200] {dagbag.py:525} INFO - Filling up the DagBag from /home/nanah/airflow_venv/lib/python3.10/site-packages/airflow/example_dags/example_trigger_controller_dag.py
[2023-05-21T21:49:04.616+0200] {processor.py:768} INFO - DAG(s) dict_keys(['example_trigger_controller_dag']) retrieved from /home/nanah/airflow_venv/lib/python3.10/site-packages/airflow/example_dags/example_trigger_controller_dag.py
[2023-05-21T21:49:04.651+0200] {logging_mixin.py:117} INFO - [2023-05-21T21:49:04.650+0200] {dag.py:2573} INFO - Sync 1 DAGs
[2023-05-21T21:49:04.688+0200] {logging_mixin.py:117} INFO - [2023-05-21T21:49:04.687+0200] {dag.py:3324} INFO - Setting next_dagrun for example_trigger_controller_dag to 2021-01-01T00:00:00+00:00, run_after=2021-01-01T00:00:00+00:00
[2023-05-21T21:49:04.730+0200] {processor.py:178} INFO - Processing /home/nanah/airflow_venv/lib/python3.10/site-packages/airflow/example_dags/example_trigger_controller_dag.py took 0.135 seconds
[2023-05-21T21:50:21.795+0200] {processor.py:156} INFO - Started process (PID=4695) to work on /home/nanah/airflow_venv/lib/python3.10/site-packages/airflow/example_dags/example_trigger_controller_dag.py
[2023-05-21T21:50:21.801+0200] {processor.py:758} INFO - Processing file /home/nanah/airflow_venv/lib/python3.10/site-packages/airflow/example_dags/example_trigger_controller_dag.py for tasks to queue
[2023-05-21T21:50:21.802+0200] {logging_mixin.py:117} INFO - [2023-05-21T21:50:21.802+0200] {dagbag.py:525} INFO - Filling up the DagBag from /home/nanah/airflow_venv/lib/python3.10/site-packages/airflow/example_dags/example_trigger_controller_dag.py
[2023-05-21T21:50:21.811+0200] {processor.py:768} INFO - DAG(s) dict_keys(['example_trigger_controller_dag']) retrieved from /home/nanah/airflow_venv/lib/python3.10/site-packages/airflow/example_dags/example_trigger_controller_dag.py
[2023-05-21T21:50:21.847+0200] {logging_mixin.py:117} INFO - [2023-05-21T21:50:21.847+0200] {dag.py:2573} INFO - Sync 1 DAGs
[2023-05-21T21:50:21.886+0200] {logging_mixin.py:117} INFO - [2023-05-21T21:50:21.886+0200] {dag.py:3324} INFO - Setting next_dagrun for example_trigger_controller_dag to 2021-01-01T00:00:00+00:00, run_after=2021-01-01T00:00:00+00:00
[2023-05-21T21:50:21.935+0200] {processor.py:178} INFO - Processing /home/nanah/airflow_venv/lib/python3.10/site-packages/airflow/example_dags/example_trigger_controller_dag.py took 0.146 seconds
[2023-05-21T21:51:51.614+0200] {processor.py:156} INFO - Started process (PID=4771) to work on /home/nanah/airflow_venv/lib/python3.10/site-packages/airflow/example_dags/example_trigger_controller_dag.py
[2023-05-21T21:51:51.622+0200] {processor.py:758} INFO - Processing file /home/nanah/airflow_venv/lib/python3.10/site-packages/airflow/example_dags/example_trigger_controller_dag.py for tasks to queue
[2023-05-21T21:51:51.623+0200] {logging_mixin.py:117} INFO - [2023-05-21T21:51:51.623+0200] {dagbag.py:525} INFO - Filling up the DagBag from /home/nanah/airflow_venv/lib/python3.10/site-packages/airflow/example_dags/example_trigger_controller_dag.py
[2023-05-21T21:51:51.633+0200] {processor.py:768} INFO - DAG(s) dict_keys(['example_trigger_controller_dag']) retrieved from /home/nanah/airflow_venv/lib/python3.10/site-packages/airflow/example_dags/example_trigger_controller_dag.py
[2023-05-21T21:51:51.676+0200] {logging_mixin.py:117} INFO - [2023-05-21T21:51:51.676+0200] {dag.py:2573} INFO - Sync 1 DAGs
[2023-05-21T21:51:51.713+0200] {logging_mixin.py:117} INFO - [2023-05-21T21:51:51.712+0200] {dag.py:3324} INFO - Setting next_dagrun for example_trigger_controller_dag to 2021-01-01T00:00:00+00:00, run_after=2021-01-01T00:00:00+00:00
[2023-05-21T21:51:52.000+0200] {processor.py:178} INFO - Processing /home/nanah/airflow_venv/lib/python3.10/site-packages/airflow/example_dags/example_trigger_controller_dag.py took 0.392 seconds
[2023-05-21T21:53:17.426+0200] {processor.py:156} INFO - Started process (PID=4845) to work on /home/nanah/airflow_venv/lib/python3.10/site-packages/airflow/example_dags/example_trigger_controller_dag.py
[2023-05-21T21:53:17.433+0200] {processor.py:758} INFO - Processing file /home/nanah/airflow_venv/lib/python3.10/site-packages/airflow/example_dags/example_trigger_controller_dag.py for tasks to queue
[2023-05-21T21:53:17.434+0200] {logging_mixin.py:117} INFO - [2023-05-21T21:53:17.434+0200] {dagbag.py:525} INFO - Filling up the DagBag from /home/nanah/airflow_venv/lib/python3.10/site-packages/airflow/example_dags/example_trigger_controller_dag.py
[2023-05-21T21:53:17.449+0200] {processor.py:768} INFO - DAG(s) dict_keys(['example_trigger_controller_dag']) retrieved from /home/nanah/airflow_venv/lib/python3.10/site-packages/airflow/example_dags/example_trigger_controller_dag.py
[2023-05-21T21:53:17.506+0200] {logging_mixin.py:117} INFO - [2023-05-21T21:53:17.505+0200] {dag.py:2573} INFO - Sync 1 DAGs
[2023-05-21T21:53:17.569+0200] {logging_mixin.py:117} INFO - [2023-05-21T21:53:17.569+0200] {dag.py:3324} INFO - Setting next_dagrun for example_trigger_controller_dag to 2021-01-01T00:00:00+00:00, run_after=2021-01-01T00:00:00+00:00
[2023-05-21T21:53:17.639+0200] {processor.py:178} INFO - Processing /home/nanah/airflow_venv/lib/python3.10/site-packages/airflow/example_dags/example_trigger_controller_dag.py took 0.220 seconds
[2023-05-21T21:54:37.311+0200] {processor.py:156} INFO - Started process (PID=4913) to work on /home/nanah/airflow_venv/lib/python3.10/site-packages/airflow/example_dags/example_trigger_controller_dag.py
[2023-05-21T21:54:37.317+0200] {processor.py:758} INFO - Processing file /home/nanah/airflow_venv/lib/python3.10/site-packages/airflow/example_dags/example_trigger_controller_dag.py for tasks to queue
[2023-05-21T21:54:37.318+0200] {logging_mixin.py:117} INFO - [2023-05-21T21:54:37.318+0200] {dagbag.py:525} INFO - Filling up the DagBag from /home/nanah/airflow_venv/lib/python3.10/site-packages/airflow/example_dags/example_trigger_controller_dag.py
[2023-05-21T21:54:37.325+0200] {processor.py:768} INFO - DAG(s) dict_keys(['example_trigger_controller_dag']) retrieved from /home/nanah/airflow_venv/lib/python3.10/site-packages/airflow/example_dags/example_trigger_controller_dag.py
[2023-05-21T21:54:37.361+0200] {logging_mixin.py:117} INFO - [2023-05-21T21:54:37.360+0200] {dag.py:2573} INFO - Sync 1 DAGs
[2023-05-21T21:54:37.396+0200] {logging_mixin.py:117} INFO - [2023-05-21T21:54:37.396+0200] {dag.py:3324} INFO - Setting next_dagrun for example_trigger_controller_dag to 2021-01-01T00:00:00+00:00, run_after=2021-01-01T00:00:00+00:00
[2023-05-21T21:54:37.440+0200] {processor.py:178} INFO - Processing /home/nanah/airflow_venv/lib/python3.10/site-packages/airflow/example_dags/example_trigger_controller_dag.py took 0.136 seconds
[2023-05-21T21:55:54.259+0200] {processor.py:156} INFO - Started process (PID=4981) to work on /home/nanah/airflow_venv/lib/python3.10/site-packages/airflow/example_dags/example_trigger_controller_dag.py
[2023-05-21T21:55:54.264+0200] {processor.py:758} INFO - Processing file /home/nanah/airflow_venv/lib/python3.10/site-packages/airflow/example_dags/example_trigger_controller_dag.py for tasks to queue
[2023-05-21T21:55:54.266+0200] {logging_mixin.py:117} INFO - [2023-05-21T21:55:54.265+0200] {dagbag.py:525} INFO - Filling up the DagBag from /home/nanah/airflow_venv/lib/python3.10/site-packages/airflow/example_dags/example_trigger_controller_dag.py
[2023-05-21T21:55:54.274+0200] {processor.py:768} INFO - DAG(s) dict_keys(['example_trigger_controller_dag']) retrieved from /home/nanah/airflow_venv/lib/python3.10/site-packages/airflow/example_dags/example_trigger_controller_dag.py
[2023-05-21T21:55:54.311+0200] {logging_mixin.py:117} INFO - [2023-05-21T21:55:54.311+0200] {dag.py:2573} INFO - Sync 1 DAGs
[2023-05-21T21:55:54.355+0200] {logging_mixin.py:117} INFO - [2023-05-21T21:55:54.354+0200] {dag.py:3324} INFO - Setting next_dagrun for example_trigger_controller_dag to 2021-01-01T00:00:00+00:00, run_after=2021-01-01T00:00:00+00:00
[2023-05-21T21:55:54.424+0200] {processor.py:178} INFO - Processing /home/nanah/airflow_venv/lib/python3.10/site-packages/airflow/example_dags/example_trigger_controller_dag.py took 0.173 seconds
[2023-05-21T21:57:12.341+0200] {processor.py:156} INFO - Started process (PID=5048) to work on /home/nanah/airflow_venv/lib/python3.10/site-packages/airflow/example_dags/example_trigger_controller_dag.py
[2023-05-21T21:57:12.353+0200] {processor.py:758} INFO - Processing file /home/nanah/airflow_venv/lib/python3.10/site-packages/airflow/example_dags/example_trigger_controller_dag.py for tasks to queue
[2023-05-21T21:57:12.358+0200] {logging_mixin.py:117} INFO - [2023-05-21T21:57:12.357+0200] {dagbag.py:525} INFO - Filling up the DagBag from /home/nanah/airflow_venv/lib/python3.10/site-packages/airflow/example_dags/example_trigger_controller_dag.py
[2023-05-21T21:57:12.388+0200] {processor.py:768} INFO - DAG(s) dict_keys(['example_trigger_controller_dag']) retrieved from /home/nanah/airflow_venv/lib/python3.10/site-packages/airflow/example_dags/example_trigger_controller_dag.py
[2023-05-21T21:57:12.449+0200] {logging_mixin.py:117} INFO - [2023-05-21T21:57:12.449+0200] {dag.py:2573} INFO - Sync 1 DAGs
[2023-05-21T21:57:12.499+0200] {logging_mixin.py:117} INFO - [2023-05-21T21:57:12.498+0200] {dag.py:3324} INFO - Setting next_dagrun for example_trigger_controller_dag to 2021-01-01T00:00:00+00:00, run_after=2021-01-01T00:00:00+00:00
[2023-05-21T21:57:12.551+0200] {processor.py:178} INFO - Processing /home/nanah/airflow_venv/lib/python3.10/site-packages/airflow/example_dags/example_trigger_controller_dag.py took 0.242 seconds
[2023-05-21T21:58:48.390+0200] {processor.py:156} INFO - Started process (PID=5117) to work on /home/nanah/airflow_venv/lib/python3.10/site-packages/airflow/example_dags/example_trigger_controller_dag.py
[2023-05-21T21:58:48.398+0200] {processor.py:758} INFO - Processing file /home/nanah/airflow_venv/lib/python3.10/site-packages/airflow/example_dags/example_trigger_controller_dag.py for tasks to queue
[2023-05-21T21:58:48.400+0200] {logging_mixin.py:117} INFO - [2023-05-21T21:58:48.399+0200] {dagbag.py:525} INFO - Filling up the DagBag from /home/nanah/airflow_venv/lib/python3.10/site-packages/airflow/example_dags/example_trigger_controller_dag.py
[2023-05-21T21:58:48.408+0200] {processor.py:768} INFO - DAG(s) dict_keys(['example_trigger_controller_dag']) retrieved from /home/nanah/airflow_venv/lib/python3.10/site-packages/airflow/example_dags/example_trigger_controller_dag.py
[2023-05-21T21:58:48.489+0200] {logging_mixin.py:117} INFO - [2023-05-21T21:58:48.488+0200] {dag.py:2573} INFO - Sync 1 DAGs
[2023-05-21T21:58:48.543+0200] {logging_mixin.py:117} INFO - [2023-05-21T21:58:48.542+0200] {dag.py:3324} INFO - Setting next_dagrun for example_trigger_controller_dag to 2021-01-01T00:00:00+00:00, run_after=2021-01-01T00:00:00+00:00
[2023-05-21T21:58:48.637+0200] {processor.py:178} INFO - Processing /home/nanah/airflow_venv/lib/python3.10/site-packages/airflow/example_dags/example_trigger_controller_dag.py took 0.254 seconds
[2023-05-21T22:00:05.603+0200] {processor.py:156} INFO - Started process (PID=5185) to work on /home/nanah/airflow_venv/lib/python3.10/site-packages/airflow/example_dags/example_trigger_controller_dag.py
[2023-05-21T22:00:05.610+0200] {processor.py:758} INFO - Processing file /home/nanah/airflow_venv/lib/python3.10/site-packages/airflow/example_dags/example_trigger_controller_dag.py for tasks to queue
[2023-05-21T22:00:05.612+0200] {logging_mixin.py:117} INFO - [2023-05-21T22:00:05.611+0200] {dagbag.py:525} INFO - Filling up the DagBag from /home/nanah/airflow_venv/lib/python3.10/site-packages/airflow/example_dags/example_trigger_controller_dag.py
[2023-05-21T22:00:05.620+0200] {processor.py:768} INFO - DAG(s) dict_keys(['example_trigger_controller_dag']) retrieved from /home/nanah/airflow_venv/lib/python3.10/site-packages/airflow/example_dags/example_trigger_controller_dag.py
[2023-05-21T22:00:05.683+0200] {logging_mixin.py:117} INFO - [2023-05-21T22:00:05.682+0200] {dag.py:2573} INFO - Sync 1 DAGs
[2023-05-21T22:00:05.735+0200] {logging_mixin.py:117} INFO - [2023-05-21T22:00:05.734+0200] {dag.py:3324} INFO - Setting next_dagrun for example_trigger_controller_dag to 2021-01-01T00:00:00+00:00, run_after=2021-01-01T00:00:00+00:00
[2023-05-21T22:00:05.793+0200] {processor.py:178} INFO - Processing /home/nanah/airflow_venv/lib/python3.10/site-packages/airflow/example_dags/example_trigger_controller_dag.py took 0.197 seconds
[2023-05-21T22:01:24.545+0200] {processor.py:156} INFO - Started process (PID=5253) to work on /home/nanah/airflow_venv/lib/python3.10/site-packages/airflow/example_dags/example_trigger_controller_dag.py
[2023-05-21T22:01:24.551+0200] {processor.py:758} INFO - Processing file /home/nanah/airflow_venv/lib/python3.10/site-packages/airflow/example_dags/example_trigger_controller_dag.py for tasks to queue
[2023-05-21T22:01:24.552+0200] {logging_mixin.py:117} INFO - [2023-05-21T22:01:24.552+0200] {dagbag.py:525} INFO - Filling up the DagBag from /home/nanah/airflow_venv/lib/python3.10/site-packages/airflow/example_dags/example_trigger_controller_dag.py
[2023-05-21T22:01:24.562+0200] {processor.py:768} INFO - DAG(s) dict_keys(['example_trigger_controller_dag']) retrieved from /home/nanah/airflow_venv/lib/python3.10/site-packages/airflow/example_dags/example_trigger_controller_dag.py
[2023-05-21T22:01:24.600+0200] {logging_mixin.py:117} INFO - [2023-05-21T22:01:24.600+0200] {dag.py:2573} INFO - Sync 1 DAGs
[2023-05-21T22:01:24.643+0200] {logging_mixin.py:117} INFO - [2023-05-21T22:01:24.643+0200] {dag.py:3324} INFO - Setting next_dagrun for example_trigger_controller_dag to 2021-01-01T00:00:00+00:00, run_after=2021-01-01T00:00:00+00:00
[2023-05-21T22:01:24.697+0200] {processor.py:178} INFO - Processing /home/nanah/airflow_venv/lib/python3.10/site-packages/airflow/example_dags/example_trigger_controller_dag.py took 0.159 seconds
[2023-05-21T22:02:48.045+0200] {processor.py:156} INFO - Started process (PID=5320) to work on /home/nanah/airflow_venv/lib/python3.10/site-packages/airflow/example_dags/example_trigger_controller_dag.py
[2023-05-21T22:02:48.049+0200] {processor.py:758} INFO - Processing file /home/nanah/airflow_venv/lib/python3.10/site-packages/airflow/example_dags/example_trigger_controller_dag.py for tasks to queue
[2023-05-21T22:02:48.050+0200] {logging_mixin.py:117} INFO - [2023-05-21T22:02:48.050+0200] {dagbag.py:525} INFO - Filling up the DagBag from /home/nanah/airflow_venv/lib/python3.10/site-packages/airflow/example_dags/example_trigger_controller_dag.py
[2023-05-21T22:02:48.068+0200] {processor.py:768} INFO - DAG(s) dict_keys(['example_trigger_controller_dag']) retrieved from /home/nanah/airflow_venv/lib/python3.10/site-packages/airflow/example_dags/example_trigger_controller_dag.py
[2023-05-21T22:02:48.145+0200] {logging_mixin.py:117} INFO - [2023-05-21T22:02:48.145+0200] {dag.py:2573} INFO - Sync 1 DAGs
[2023-05-21T22:02:48.290+0200] {logging_mixin.py:117} INFO - [2023-05-21T22:02:48.289+0200] {dag.py:3324} INFO - Setting next_dagrun for example_trigger_controller_dag to 2021-01-01T00:00:00+00:00, run_after=2021-01-01T00:00:00+00:00
[2023-05-21T22:02:48.614+0200] {processor.py:178} INFO - Processing /home/nanah/airflow_venv/lib/python3.10/site-packages/airflow/example_dags/example_trigger_controller_dag.py took 0.584 seconds
[2023-05-21T22:04:09.664+0200] {processor.py:156} INFO - Started process (PID=5388) to work on /home/nanah/airflow_venv/lib/python3.10/site-packages/airflow/example_dags/example_trigger_controller_dag.py
[2023-05-21T22:04:09.676+0200] {processor.py:758} INFO - Processing file /home/nanah/airflow_venv/lib/python3.10/site-packages/airflow/example_dags/example_trigger_controller_dag.py for tasks to queue
[2023-05-21T22:04:09.678+0200] {logging_mixin.py:117} INFO - [2023-05-21T22:04:09.677+0200] {dagbag.py:525} INFO - Filling up the DagBag from /home/nanah/airflow_venv/lib/python3.10/site-packages/airflow/example_dags/example_trigger_controller_dag.py
[2023-05-21T22:04:09.685+0200] {processor.py:768} INFO - DAG(s) dict_keys(['example_trigger_controller_dag']) retrieved from /home/nanah/airflow_venv/lib/python3.10/site-packages/airflow/example_dags/example_trigger_controller_dag.py
[2023-05-21T22:04:09.720+0200] {logging_mixin.py:117} INFO - [2023-05-21T22:04:09.719+0200] {dag.py:2573} INFO - Sync 1 DAGs
[2023-05-21T22:04:09.756+0200] {logging_mixin.py:117} INFO - [2023-05-21T22:04:09.756+0200] {dag.py:3324} INFO - Setting next_dagrun for example_trigger_controller_dag to 2021-01-01T00:00:00+00:00, run_after=2021-01-01T00:00:00+00:00
[2023-05-21T22:04:09.797+0200] {processor.py:178} INFO - Processing /home/nanah/airflow_venv/lib/python3.10/site-packages/airflow/example_dags/example_trigger_controller_dag.py took 0.139 seconds
[2023-05-21T22:05:25.798+0200] {processor.py:156} INFO - Started process (PID=5456) to work on /home/nanah/airflow_venv/lib/python3.10/site-packages/airflow/example_dags/example_trigger_controller_dag.py
[2023-05-21T22:05:25.804+0200] {processor.py:758} INFO - Processing file /home/nanah/airflow_venv/lib/python3.10/site-packages/airflow/example_dags/example_trigger_controller_dag.py for tasks to queue
[2023-05-21T22:05:25.805+0200] {logging_mixin.py:117} INFO - [2023-05-21T22:05:25.805+0200] {dagbag.py:525} INFO - Filling up the DagBag from /home/nanah/airflow_venv/lib/python3.10/site-packages/airflow/example_dags/example_trigger_controller_dag.py
[2023-05-21T22:05:25.813+0200] {processor.py:768} INFO - DAG(s) dict_keys(['example_trigger_controller_dag']) retrieved from /home/nanah/airflow_venv/lib/python3.10/site-packages/airflow/example_dags/example_trigger_controller_dag.py
[2023-05-21T22:05:25.852+0200] {logging_mixin.py:117} INFO - [2023-05-21T22:05:25.852+0200] {dag.py:2573} INFO - Sync 1 DAGs
[2023-05-21T22:05:25.888+0200] {logging_mixin.py:117} INFO - [2023-05-21T22:05:25.887+0200] {dag.py:3324} INFO - Setting next_dagrun for example_trigger_controller_dag to 2021-01-01T00:00:00+00:00, run_after=2021-01-01T00:00:00+00:00
[2023-05-21T22:05:25.932+0200] {processor.py:178} INFO - Processing /home/nanah/airflow_venv/lib/python3.10/site-packages/airflow/example_dags/example_trigger_controller_dag.py took 0.140 seconds
[2023-05-21T22:06:44.581+0200] {processor.py:156} INFO - Started process (PID=5524) to work on /home/nanah/airflow_venv/lib/python3.10/site-packages/airflow/example_dags/example_trigger_controller_dag.py
[2023-05-21T22:06:44.586+0200] {processor.py:758} INFO - Processing file /home/nanah/airflow_venv/lib/python3.10/site-packages/airflow/example_dags/example_trigger_controller_dag.py for tasks to queue
[2023-05-21T22:06:44.587+0200] {logging_mixin.py:117} INFO - [2023-05-21T22:06:44.587+0200] {dagbag.py:525} INFO - Filling up the DagBag from /home/nanah/airflow_venv/lib/python3.10/site-packages/airflow/example_dags/example_trigger_controller_dag.py
[2023-05-21T22:06:44.599+0200] {processor.py:768} INFO - DAG(s) dict_keys(['example_trigger_controller_dag']) retrieved from /home/nanah/airflow_venv/lib/python3.10/site-packages/airflow/example_dags/example_trigger_controller_dag.py
[2023-05-21T22:06:44.633+0200] {logging_mixin.py:117} INFO - [2023-05-21T22:06:44.633+0200] {dag.py:2573} INFO - Sync 1 DAGs
[2023-05-21T22:06:44.670+0200] {logging_mixin.py:117} INFO - [2023-05-21T22:06:44.670+0200] {dag.py:3324} INFO - Setting next_dagrun for example_trigger_controller_dag to 2021-01-01T00:00:00+00:00, run_after=2021-01-01T00:00:00+00:00
[2023-05-21T22:06:44.715+0200] {processor.py:178} INFO - Processing /home/nanah/airflow_venv/lib/python3.10/site-packages/airflow/example_dags/example_trigger_controller_dag.py took 0.142 seconds
[2023-05-21T22:08:04.922+0200] {processor.py:156} INFO - Started process (PID=5593) to work on /home/nanah/airflow_venv/lib/python3.10/site-packages/airflow/example_dags/example_trigger_controller_dag.py
[2023-05-21T22:08:04.927+0200] {processor.py:758} INFO - Processing file /home/nanah/airflow_venv/lib/python3.10/site-packages/airflow/example_dags/example_trigger_controller_dag.py for tasks to queue
[2023-05-21T22:08:04.929+0200] {logging_mixin.py:117} INFO - [2023-05-21T22:08:04.928+0200] {dagbag.py:525} INFO - Filling up the DagBag from /home/nanah/airflow_venv/lib/python3.10/site-packages/airflow/example_dags/example_trigger_controller_dag.py
[2023-05-21T22:08:04.936+0200] {processor.py:768} INFO - DAG(s) dict_keys(['example_trigger_controller_dag']) retrieved from /home/nanah/airflow_venv/lib/python3.10/site-packages/airflow/example_dags/example_trigger_controller_dag.py
[2023-05-21T22:08:04.972+0200] {logging_mixin.py:117} INFO - [2023-05-21T22:08:04.972+0200] {dag.py:2573} INFO - Sync 1 DAGs
[2023-05-21T22:08:05.009+0200] {logging_mixin.py:117} INFO - [2023-05-21T22:08:05.009+0200] {dag.py:3324} INFO - Setting next_dagrun for example_trigger_controller_dag to 2021-01-01T00:00:00+00:00, run_after=2021-01-01T00:00:00+00:00
[2023-05-21T22:08:05.057+0200] {processor.py:178} INFO - Processing /home/nanah/airflow_venv/lib/python3.10/site-packages/airflow/example_dags/example_trigger_controller_dag.py took 0.142 seconds
[2023-05-21T22:09:21.233+0200] {processor.py:156} INFO - Started process (PID=5688) to work on /home/nanah/airflow_venv/lib/python3.10/site-packages/airflow/example_dags/example_trigger_controller_dag.py
[2023-05-21T22:09:21.238+0200] {processor.py:758} INFO - Processing file /home/nanah/airflow_venv/lib/python3.10/site-packages/airflow/example_dags/example_trigger_controller_dag.py for tasks to queue
[2023-05-21T22:09:21.240+0200] {logging_mixin.py:117} INFO - [2023-05-21T22:09:21.240+0200] {dagbag.py:525} INFO - Filling up the DagBag from /home/nanah/airflow_venv/lib/python3.10/site-packages/airflow/example_dags/example_trigger_controller_dag.py
[2023-05-21T22:09:21.247+0200] {processor.py:768} INFO - DAG(s) dict_keys(['example_trigger_controller_dag']) retrieved from /home/nanah/airflow_venv/lib/python3.10/site-packages/airflow/example_dags/example_trigger_controller_dag.py
[2023-05-21T22:09:21.285+0200] {logging_mixin.py:117} INFO - [2023-05-21T22:09:21.285+0200] {dag.py:2573} INFO - Sync 1 DAGs
[2023-05-21T22:09:21.322+0200] {logging_mixin.py:117} INFO - [2023-05-21T22:09:21.322+0200] {dag.py:3324} INFO - Setting next_dagrun for example_trigger_controller_dag to 2021-01-01T00:00:00+00:00, run_after=2021-01-01T00:00:00+00:00
[2023-05-21T22:09:21.371+0200] {processor.py:178} INFO - Processing /home/nanah/airflow_venv/lib/python3.10/site-packages/airflow/example_dags/example_trigger_controller_dag.py took 0.144 seconds
[2023-05-21T22:10:45.325+0200] {processor.py:156} INFO - Started process (PID=5756) to work on /home/nanah/airflow_venv/lib/python3.10/site-packages/airflow/example_dags/example_trigger_controller_dag.py
[2023-05-21T22:10:45.328+0200] {processor.py:758} INFO - Processing file /home/nanah/airflow_venv/lib/python3.10/site-packages/airflow/example_dags/example_trigger_controller_dag.py for tasks to queue
[2023-05-21T22:10:45.329+0200] {logging_mixin.py:117} INFO - [2023-05-21T22:10:45.329+0200] {dagbag.py:525} INFO - Filling up the DagBag from /home/nanah/airflow_venv/lib/python3.10/site-packages/airflow/example_dags/example_trigger_controller_dag.py
[2023-05-21T22:10:45.337+0200] {processor.py:768} INFO - DAG(s) dict_keys(['example_trigger_controller_dag']) retrieved from /home/nanah/airflow_venv/lib/python3.10/site-packages/airflow/example_dags/example_trigger_controller_dag.py
[2023-05-21T22:10:45.372+0200] {logging_mixin.py:117} INFO - [2023-05-21T22:10:45.371+0200] {dag.py:2573} INFO - Sync 1 DAGs
[2023-05-21T22:10:45.409+0200] {logging_mixin.py:117} INFO - [2023-05-21T22:10:45.409+0200] {dag.py:3324} INFO - Setting next_dagrun for example_trigger_controller_dag to 2021-01-01T00:00:00+00:00, run_after=2021-01-01T00:00:00+00:00
[2023-05-21T22:10:45.455+0200] {processor.py:178} INFO - Processing /home/nanah/airflow_venv/lib/python3.10/site-packages/airflow/example_dags/example_trigger_controller_dag.py took 0.137 seconds
[2023-05-21T22:12:18.340+0200] {processor.py:156} INFO - Started process (PID=5824) to work on /home/nanah/airflow_venv/lib/python3.10/site-packages/airflow/example_dags/example_trigger_controller_dag.py
[2023-05-21T22:12:18.346+0200] {processor.py:758} INFO - Processing file /home/nanah/airflow_venv/lib/python3.10/site-packages/airflow/example_dags/example_trigger_controller_dag.py for tasks to queue
[2023-05-21T22:12:18.347+0200] {logging_mixin.py:117} INFO - [2023-05-21T22:12:18.347+0200] {dagbag.py:525} INFO - Filling up the DagBag from /home/nanah/airflow_venv/lib/python3.10/site-packages/airflow/example_dags/example_trigger_controller_dag.py
[2023-05-21T22:12:18.356+0200] {processor.py:768} INFO - DAG(s) dict_keys(['example_trigger_controller_dag']) retrieved from /home/nanah/airflow_venv/lib/python3.10/site-packages/airflow/example_dags/example_trigger_controller_dag.py
[2023-05-21T22:12:18.390+0200] {logging_mixin.py:117} INFO - [2023-05-21T22:12:18.389+0200] {dag.py:2573} INFO - Sync 1 DAGs
[2023-05-21T22:12:18.425+0200] {logging_mixin.py:117} INFO - [2023-05-21T22:12:18.425+0200] {dag.py:3324} INFO - Setting next_dagrun for example_trigger_controller_dag to 2021-01-01T00:00:00+00:00, run_after=2021-01-01T00:00:00+00:00
[2023-05-21T22:12:18.476+0200] {processor.py:178} INFO - Processing /home/nanah/airflow_venv/lib/python3.10/site-packages/airflow/example_dags/example_trigger_controller_dag.py took 0.142 seconds
[2023-05-21T22:13:39.215+0200] {processor.py:156} INFO - Started process (PID=5895) to work on /home/nanah/airflow_venv/lib/python3.10/site-packages/airflow/example_dags/example_trigger_controller_dag.py
[2023-05-21T22:13:39.218+0200] {processor.py:758} INFO - Processing file /home/nanah/airflow_venv/lib/python3.10/site-packages/airflow/example_dags/example_trigger_controller_dag.py for tasks to queue
[2023-05-21T22:13:39.220+0200] {logging_mixin.py:117} INFO - [2023-05-21T22:13:39.219+0200] {dagbag.py:525} INFO - Filling up the DagBag from /home/nanah/airflow_venv/lib/python3.10/site-packages/airflow/example_dags/example_trigger_controller_dag.py
[2023-05-21T22:13:39.231+0200] {processor.py:768} INFO - DAG(s) dict_keys(['example_trigger_controller_dag']) retrieved from /home/nanah/airflow_venv/lib/python3.10/site-packages/airflow/example_dags/example_trigger_controller_dag.py
[2023-05-21T22:13:39.264+0200] {logging_mixin.py:117} INFO - [2023-05-21T22:13:39.264+0200] {dag.py:2573} INFO - Sync 1 DAGs
[2023-05-21T22:13:39.299+0200] {logging_mixin.py:117} INFO - [2023-05-21T22:13:39.299+0200] {dag.py:3324} INFO - Setting next_dagrun for example_trigger_controller_dag to 2021-01-01T00:00:00+00:00, run_after=2021-01-01T00:00:00+00:00
[2023-05-21T22:13:39.345+0200] {processor.py:178} INFO - Processing /home/nanah/airflow_venv/lib/python3.10/site-packages/airflow/example_dags/example_trigger_controller_dag.py took 0.137 seconds
[2023-05-21T22:15:00.239+0200] {processor.py:156} INFO - Started process (PID=5963) to work on /home/nanah/airflow_venv/lib/python3.10/site-packages/airflow/example_dags/example_trigger_controller_dag.py
[2023-05-21T22:15:00.247+0200] {processor.py:758} INFO - Processing file /home/nanah/airflow_venv/lib/python3.10/site-packages/airflow/example_dags/example_trigger_controller_dag.py for tasks to queue
[2023-05-21T22:15:00.248+0200] {logging_mixin.py:117} INFO - [2023-05-21T22:15:00.248+0200] {dagbag.py:525} INFO - Filling up the DagBag from /home/nanah/airflow_venv/lib/python3.10/site-packages/airflow/example_dags/example_trigger_controller_dag.py
[2023-05-21T22:15:00.259+0200] {processor.py:768} INFO - DAG(s) dict_keys(['example_trigger_controller_dag']) retrieved from /home/nanah/airflow_venv/lib/python3.10/site-packages/airflow/example_dags/example_trigger_controller_dag.py
[2023-05-21T22:15:00.313+0200] {logging_mixin.py:117} INFO - [2023-05-21T22:15:00.312+0200] {dag.py:2573} INFO - Sync 1 DAGs
[2023-05-21T22:15:00.355+0200] {logging_mixin.py:117} INFO - [2023-05-21T22:15:00.355+0200] {dag.py:3324} INFO - Setting next_dagrun for example_trigger_controller_dag to 2021-01-01T00:00:00+00:00, run_after=2021-01-01T00:00:00+00:00
[2023-05-21T22:15:00.408+0200] {processor.py:178} INFO - Processing /home/nanah/airflow_venv/lib/python3.10/site-packages/airflow/example_dags/example_trigger_controller_dag.py took 0.182 seconds
[2023-05-21T22:16:23.723+0200] {processor.py:156} INFO - Started process (PID=6032) to work on /home/nanah/airflow_venv/lib/python3.10/site-packages/airflow/example_dags/example_trigger_controller_dag.py
[2023-05-21T22:16:23.731+0200] {processor.py:758} INFO - Processing file /home/nanah/airflow_venv/lib/python3.10/site-packages/airflow/example_dags/example_trigger_controller_dag.py for tasks to queue
[2023-05-21T22:16:23.733+0200] {logging_mixin.py:117} INFO - [2023-05-21T22:16:23.732+0200] {dagbag.py:525} INFO - Filling up the DagBag from /home/nanah/airflow_venv/lib/python3.10/site-packages/airflow/example_dags/example_trigger_controller_dag.py
[2023-05-21T22:16:23.751+0200] {processor.py:768} INFO - DAG(s) dict_keys(['example_trigger_controller_dag']) retrieved from /home/nanah/airflow_venv/lib/python3.10/site-packages/airflow/example_dags/example_trigger_controller_dag.py
[2023-05-21T22:16:23.814+0200] {logging_mixin.py:117} INFO - [2023-05-21T22:16:23.806+0200] {dag.py:2573} INFO - Sync 1 DAGs
[2023-05-21T22:16:23.870+0200] {logging_mixin.py:117} INFO - [2023-05-21T22:16:23.870+0200] {dag.py:3324} INFO - Setting next_dagrun for example_trigger_controller_dag to 2021-01-01T00:00:00+00:00, run_after=2021-01-01T00:00:00+00:00
[2023-05-21T22:16:23.928+0200] {processor.py:178} INFO - Processing /home/nanah/airflow_venv/lib/python3.10/site-packages/airflow/example_dags/example_trigger_controller_dag.py took 0.216 seconds
[2023-05-21T22:17:44.293+0200] {processor.py:156} INFO - Started process (PID=6105) to work on /home/nanah/airflow_venv/lib/python3.10/site-packages/airflow/example_dags/example_trigger_controller_dag.py
[2023-05-21T22:17:44.298+0200] {processor.py:758} INFO - Processing file /home/nanah/airflow_venv/lib/python3.10/site-packages/airflow/example_dags/example_trigger_controller_dag.py for tasks to queue
[2023-05-21T22:17:44.300+0200] {logging_mixin.py:117} INFO - [2023-05-21T22:17:44.299+0200] {dagbag.py:525} INFO - Filling up the DagBag from /home/nanah/airflow_venv/lib/python3.10/site-packages/airflow/example_dags/example_trigger_controller_dag.py
[2023-05-21T22:17:44.309+0200] {processor.py:768} INFO - DAG(s) dict_keys(['example_trigger_controller_dag']) retrieved from /home/nanah/airflow_venv/lib/python3.10/site-packages/airflow/example_dags/example_trigger_controller_dag.py
[2023-05-21T22:17:44.342+0200] {logging_mixin.py:117} INFO - [2023-05-21T22:17:44.342+0200] {dag.py:2573} INFO - Sync 1 DAGs
[2023-05-21T22:17:44.378+0200] {logging_mixin.py:117} INFO - [2023-05-21T22:17:44.378+0200] {dag.py:3324} INFO - Setting next_dagrun for example_trigger_controller_dag to 2021-01-01T00:00:00+00:00, run_after=2021-01-01T00:00:00+00:00
[2023-05-21T22:17:44.426+0200] {processor.py:178} INFO - Processing /home/nanah/airflow_venv/lib/python3.10/site-packages/airflow/example_dags/example_trigger_controller_dag.py took 0.139 seconds
[2023-05-21T22:18:59.650+0200] {processor.py:156} INFO - Started process (PID=6173) to work on /home/nanah/airflow_venv/lib/python3.10/site-packages/airflow/example_dags/example_trigger_controller_dag.py
[2023-05-21T22:18:59.656+0200] {processor.py:758} INFO - Processing file /home/nanah/airflow_venv/lib/python3.10/site-packages/airflow/example_dags/example_trigger_controller_dag.py for tasks to queue
[2023-05-21T22:18:59.658+0200] {logging_mixin.py:117} INFO - [2023-05-21T22:18:59.657+0200] {dagbag.py:525} INFO - Filling up the DagBag from /home/nanah/airflow_venv/lib/python3.10/site-packages/airflow/example_dags/example_trigger_controller_dag.py
[2023-05-21T22:18:59.665+0200] {processor.py:768} INFO - DAG(s) dict_keys(['example_trigger_controller_dag']) retrieved from /home/nanah/airflow_venv/lib/python3.10/site-packages/airflow/example_dags/example_trigger_controller_dag.py
[2023-05-21T22:18:59.700+0200] {logging_mixin.py:117} INFO - [2023-05-21T22:18:59.700+0200] {dag.py:2573} INFO - Sync 1 DAGs
[2023-05-21T22:18:59.735+0200] {logging_mixin.py:117} INFO - [2023-05-21T22:18:59.735+0200] {dag.py:3324} INFO - Setting next_dagrun for example_trigger_controller_dag to 2021-01-01T00:00:00+00:00, run_after=2021-01-01T00:00:00+00:00
[2023-05-21T22:18:59.785+0200] {processor.py:178} INFO - Processing /home/nanah/airflow_venv/lib/python3.10/site-packages/airflow/example_dags/example_trigger_controller_dag.py took 0.142 seconds
[2023-05-21T22:20:26.278+0200] {processor.py:156} INFO - Started process (PID=6241) to work on /home/nanah/airflow_venv/lib/python3.10/site-packages/airflow/example_dags/example_trigger_controller_dag.py
[2023-05-21T22:20:26.284+0200] {processor.py:758} INFO - Processing file /home/nanah/airflow_venv/lib/python3.10/site-packages/airflow/example_dags/example_trigger_controller_dag.py for tasks to queue
[2023-05-21T22:20:26.285+0200] {logging_mixin.py:117} INFO - [2023-05-21T22:20:26.285+0200] {dagbag.py:525} INFO - Filling up the DagBag from /home/nanah/airflow_venv/lib/python3.10/site-packages/airflow/example_dags/example_trigger_controller_dag.py
[2023-05-21T22:20:26.295+0200] {processor.py:768} INFO - DAG(s) dict_keys(['example_trigger_controller_dag']) retrieved from /home/nanah/airflow_venv/lib/python3.10/site-packages/airflow/example_dags/example_trigger_controller_dag.py
[2023-05-21T22:20:26.350+0200] {logging_mixin.py:117} INFO - [2023-05-21T22:20:26.350+0200] {dag.py:2573} INFO - Sync 1 DAGs
[2023-05-21T22:20:26.390+0200] {logging_mixin.py:117} INFO - [2023-05-21T22:20:26.390+0200] {dag.py:3324} INFO - Setting next_dagrun for example_trigger_controller_dag to 2021-01-01T00:00:00+00:00, run_after=2021-01-01T00:00:00+00:00
[2023-05-21T22:20:26.436+0200] {processor.py:178} INFO - Processing /home/nanah/airflow_venv/lib/python3.10/site-packages/airflow/example_dags/example_trigger_controller_dag.py took 0.168 seconds
[2023-05-21T22:21:48.695+0200] {processor.py:156} INFO - Started process (PID=6310) to work on /home/nanah/airflow_venv/lib/python3.10/site-packages/airflow/example_dags/example_trigger_controller_dag.py
[2023-05-21T22:21:48.701+0200] {processor.py:758} INFO - Processing file /home/nanah/airflow_venv/lib/python3.10/site-packages/airflow/example_dags/example_trigger_controller_dag.py for tasks to queue
[2023-05-21T22:21:48.702+0200] {logging_mixin.py:117} INFO - [2023-05-21T22:21:48.702+0200] {dagbag.py:525} INFO - Filling up the DagBag from /home/nanah/airflow_venv/lib/python3.10/site-packages/airflow/example_dags/example_trigger_controller_dag.py
[2023-05-21T22:21:48.712+0200] {processor.py:768} INFO - DAG(s) dict_keys(['example_trigger_controller_dag']) retrieved from /home/nanah/airflow_venv/lib/python3.10/site-packages/airflow/example_dags/example_trigger_controller_dag.py
[2023-05-21T22:21:48.754+0200] {logging_mixin.py:117} INFO - [2023-05-21T22:21:48.753+0200] {dag.py:2573} INFO - Sync 1 DAGs
[2023-05-21T22:21:48.796+0200] {logging_mixin.py:117} INFO - [2023-05-21T22:21:48.795+0200] {dag.py:3324} INFO - Setting next_dagrun for example_trigger_controller_dag to 2021-01-01T00:00:00+00:00, run_after=2021-01-01T00:00:00+00:00
[2023-05-21T22:21:48.851+0200] {processor.py:178} INFO - Processing /home/nanah/airflow_venv/lib/python3.10/site-packages/airflow/example_dags/example_trigger_controller_dag.py took 0.163 seconds
[2023-05-21T22:23:12.337+0200] {processor.py:156} INFO - Started process (PID=6380) to work on /home/nanah/airflow_venv/lib/python3.10/site-packages/airflow/example_dags/example_trigger_controller_dag.py
[2023-05-21T22:23:12.344+0200] {processor.py:758} INFO - Processing file /home/nanah/airflow_venv/lib/python3.10/site-packages/airflow/example_dags/example_trigger_controller_dag.py for tasks to queue
[2023-05-21T22:23:12.346+0200] {logging_mixin.py:117} INFO - [2023-05-21T22:23:12.345+0200] {dagbag.py:525} INFO - Filling up the DagBag from /home/nanah/airflow_venv/lib/python3.10/site-packages/airflow/example_dags/example_trigger_controller_dag.py
[2023-05-21T22:23:12.354+0200] {processor.py:768} INFO - DAG(s) dict_keys(['example_trigger_controller_dag']) retrieved from /home/nanah/airflow_venv/lib/python3.10/site-packages/airflow/example_dags/example_trigger_controller_dag.py
[2023-05-21T22:23:12.393+0200] {logging_mixin.py:117} INFO - [2023-05-21T22:23:12.393+0200] {dag.py:2573} INFO - Sync 1 DAGs
[2023-05-21T22:23:12.429+0200] {logging_mixin.py:117} INFO - [2023-05-21T22:23:12.429+0200] {dag.py:3324} INFO - Setting next_dagrun for example_trigger_controller_dag to 2021-01-01T00:00:00+00:00, run_after=2021-01-01T00:00:00+00:00
[2023-05-21T22:23:12.481+0200] {processor.py:178} INFO - Processing /home/nanah/airflow_venv/lib/python3.10/site-packages/airflow/example_dags/example_trigger_controller_dag.py took 0.151 seconds
[2023-05-21T22:24:29.091+0200] {processor.py:156} INFO - Started process (PID=6448) to work on /home/nanah/airflow_venv/lib/python3.10/site-packages/airflow/example_dags/example_trigger_controller_dag.py
[2023-05-21T22:24:29.097+0200] {processor.py:758} INFO - Processing file /home/nanah/airflow_venv/lib/python3.10/site-packages/airflow/example_dags/example_trigger_controller_dag.py for tasks to queue
[2023-05-21T22:24:29.098+0200] {logging_mixin.py:117} INFO - [2023-05-21T22:24:29.098+0200] {dagbag.py:525} INFO - Filling up the DagBag from /home/nanah/airflow_venv/lib/python3.10/site-packages/airflow/example_dags/example_trigger_controller_dag.py
[2023-05-21T22:24:29.106+0200] {processor.py:768} INFO - DAG(s) dict_keys(['example_trigger_controller_dag']) retrieved from /home/nanah/airflow_venv/lib/python3.10/site-packages/airflow/example_dags/example_trigger_controller_dag.py
[2023-05-21T22:24:29.141+0200] {logging_mixin.py:117} INFO - [2023-05-21T22:24:29.140+0200] {dag.py:2573} INFO - Sync 1 DAGs
[2023-05-21T22:24:29.178+0200] {logging_mixin.py:117} INFO - [2023-05-21T22:24:29.177+0200] {dag.py:3324} INFO - Setting next_dagrun for example_trigger_controller_dag to 2021-01-01T00:00:00+00:00, run_after=2021-01-01T00:00:00+00:00
[2023-05-21T22:24:29.228+0200] {processor.py:178} INFO - Processing /home/nanah/airflow_venv/lib/python3.10/site-packages/airflow/example_dags/example_trigger_controller_dag.py took 0.144 seconds
[2023-05-21T22:25:50.170+0200] {processor.py:156} INFO - Started process (PID=6516) to work on /home/nanah/airflow_venv/lib/python3.10/site-packages/airflow/example_dags/example_trigger_controller_dag.py
[2023-05-21T22:25:50.176+0200] {processor.py:758} INFO - Processing file /home/nanah/airflow_venv/lib/python3.10/site-packages/airflow/example_dags/example_trigger_controller_dag.py for tasks to queue
[2023-05-21T22:25:50.178+0200] {logging_mixin.py:117} INFO - [2023-05-21T22:25:50.177+0200] {dagbag.py:525} INFO - Filling up the DagBag from /home/nanah/airflow_venv/lib/python3.10/site-packages/airflow/example_dags/example_trigger_controller_dag.py
[2023-05-21T22:25:50.185+0200] {processor.py:768} INFO - DAG(s) dict_keys(['example_trigger_controller_dag']) retrieved from /home/nanah/airflow_venv/lib/python3.10/site-packages/airflow/example_dags/example_trigger_controller_dag.py
[2023-05-21T22:25:50.220+0200] {logging_mixin.py:117} INFO - [2023-05-21T22:25:50.219+0200] {dag.py:2573} INFO - Sync 1 DAGs
[2023-05-21T22:25:50.256+0200] {logging_mixin.py:117} INFO - [2023-05-21T22:25:50.256+0200] {dag.py:3324} INFO - Setting next_dagrun for example_trigger_controller_dag to 2021-01-01T00:00:00+00:00, run_after=2021-01-01T00:00:00+00:00
[2023-05-21T22:25:50.301+0200] {processor.py:178} INFO - Processing /home/nanah/airflow_venv/lib/python3.10/site-packages/airflow/example_dags/example_trigger_controller_dag.py took 0.137 seconds
[2023-05-21T22:27:08.732+0200] {processor.py:156} INFO - Started process (PID=6586) to work on /home/nanah/airflow_venv/lib/python3.10/site-packages/airflow/example_dags/example_trigger_controller_dag.py
[2023-05-21T22:27:08.737+0200] {processor.py:758} INFO - Processing file /home/nanah/airflow_venv/lib/python3.10/site-packages/airflow/example_dags/example_trigger_controller_dag.py for tasks to queue
[2023-05-21T22:27:08.739+0200] {logging_mixin.py:117} INFO - [2023-05-21T22:27:08.738+0200] {dagbag.py:525} INFO - Filling up the DagBag from /home/nanah/airflow_venv/lib/python3.10/site-packages/airflow/example_dags/example_trigger_controller_dag.py
[2023-05-21T22:27:08.746+0200] {processor.py:768} INFO - DAG(s) dict_keys(['example_trigger_controller_dag']) retrieved from /home/nanah/airflow_venv/lib/python3.10/site-packages/airflow/example_dags/example_trigger_controller_dag.py
[2023-05-21T22:27:08.781+0200] {logging_mixin.py:117} INFO - [2023-05-21T22:27:08.780+0200] {dag.py:2573} INFO - Sync 1 DAGs
[2023-05-21T22:27:08.816+0200] {logging_mixin.py:117} INFO - [2023-05-21T22:27:08.816+0200] {dag.py:3324} INFO - Setting next_dagrun for example_trigger_controller_dag to 2021-01-01T00:00:00+00:00, run_after=2021-01-01T00:00:00+00:00
[2023-05-21T22:27:08.863+0200] {processor.py:178} INFO - Processing /home/nanah/airflow_venv/lib/python3.10/site-packages/airflow/example_dags/example_trigger_controller_dag.py took 0.138 seconds
[2023-05-21T22:28:27.975+0200] {processor.py:156} INFO - Started process (PID=6656) to work on /home/nanah/airflow_venv/lib/python3.10/site-packages/airflow/example_dags/example_trigger_controller_dag.py
[2023-05-21T22:28:27.979+0200] {processor.py:758} INFO - Processing file /home/nanah/airflow_venv/lib/python3.10/site-packages/airflow/example_dags/example_trigger_controller_dag.py for tasks to queue
[2023-05-21T22:28:27.980+0200] {logging_mixin.py:117} INFO - [2023-05-21T22:28:27.980+0200] {dagbag.py:525} INFO - Filling up the DagBag from /home/nanah/airflow_venv/lib/python3.10/site-packages/airflow/example_dags/example_trigger_controller_dag.py
[2023-05-21T22:28:27.989+0200] {processor.py:768} INFO - DAG(s) dict_keys(['example_trigger_controller_dag']) retrieved from /home/nanah/airflow_venv/lib/python3.10/site-packages/airflow/example_dags/example_trigger_controller_dag.py
[2023-05-21T22:28:28.027+0200] {logging_mixin.py:117} INFO - [2023-05-21T22:28:28.027+0200] {dag.py:2573} INFO - Sync 1 DAGs
[2023-05-21T22:28:28.068+0200] {logging_mixin.py:117} INFO - [2023-05-21T22:28:28.068+0200] {dag.py:3324} INFO - Setting next_dagrun for example_trigger_controller_dag to 2021-01-01T00:00:00+00:00, run_after=2021-01-01T00:00:00+00:00
[2023-05-21T22:28:28.130+0200] {processor.py:178} INFO - Processing /home/nanah/airflow_venv/lib/python3.10/site-packages/airflow/example_dags/example_trigger_controller_dag.py took 0.163 seconds
[2023-05-21T22:29:46.166+0200] {processor.py:156} INFO - Started process (PID=6728) to work on /home/nanah/airflow_venv/lib/python3.10/site-packages/airflow/example_dags/example_trigger_controller_dag.py
[2023-05-21T22:29:46.172+0200] {processor.py:758} INFO - Processing file /home/nanah/airflow_venv/lib/python3.10/site-packages/airflow/example_dags/example_trigger_controller_dag.py for tasks to queue
[2023-05-21T22:29:46.174+0200] {logging_mixin.py:117} INFO - [2023-05-21T22:29:46.173+0200] {dagbag.py:525} INFO - Filling up the DagBag from /home/nanah/airflow_venv/lib/python3.10/site-packages/airflow/example_dags/example_trigger_controller_dag.py
[2023-05-21T22:29:46.181+0200] {processor.py:768} INFO - DAG(s) dict_keys(['example_trigger_controller_dag']) retrieved from /home/nanah/airflow_venv/lib/python3.10/site-packages/airflow/example_dags/example_trigger_controller_dag.py
[2023-05-21T22:29:46.217+0200] {logging_mixin.py:117} INFO - [2023-05-21T22:29:46.216+0200] {dag.py:2573} INFO - Sync 1 DAGs
[2023-05-21T22:29:46.253+0200] {logging_mixin.py:117} INFO - [2023-05-21T22:29:46.253+0200] {dag.py:3324} INFO - Setting next_dagrun for example_trigger_controller_dag to 2021-01-01T00:00:00+00:00, run_after=2021-01-01T00:00:00+00:00
[2023-05-21T22:29:46.304+0200] {processor.py:178} INFO - Processing /home/nanah/airflow_venv/lib/python3.10/site-packages/airflow/example_dags/example_trigger_controller_dag.py took 0.144 seconds
[2023-05-21T22:31:03.304+0200] {processor.py:156} INFO - Started process (PID=6796) to work on /home/nanah/airflow_venv/lib/python3.10/site-packages/airflow/example_dags/example_trigger_controller_dag.py
[2023-05-21T22:31:03.310+0200] {processor.py:758} INFO - Processing file /home/nanah/airflow_venv/lib/python3.10/site-packages/airflow/example_dags/example_trigger_controller_dag.py for tasks to queue
[2023-05-21T22:31:03.311+0200] {logging_mixin.py:117} INFO - [2023-05-21T22:31:03.311+0200] {dagbag.py:525} INFO - Filling up the DagBag from /home/nanah/airflow_venv/lib/python3.10/site-packages/airflow/example_dags/example_trigger_controller_dag.py
[2023-05-21T22:31:03.320+0200] {processor.py:768} INFO - DAG(s) dict_keys(['example_trigger_controller_dag']) retrieved from /home/nanah/airflow_venv/lib/python3.10/site-packages/airflow/example_dags/example_trigger_controller_dag.py
[2023-05-21T22:31:03.354+0200] {logging_mixin.py:117} INFO - [2023-05-21T22:31:03.353+0200] {dag.py:2573} INFO - Sync 1 DAGs
[2023-05-21T22:31:03.389+0200] {logging_mixin.py:117} INFO - [2023-05-21T22:31:03.389+0200] {dag.py:3324} INFO - Setting next_dagrun for example_trigger_controller_dag to 2021-01-01T00:00:00+00:00, run_after=2021-01-01T00:00:00+00:00
[2023-05-21T22:31:03.438+0200] {processor.py:178} INFO - Processing /home/nanah/airflow_venv/lib/python3.10/site-packages/airflow/example_dags/example_trigger_controller_dag.py took 0.142 seconds
[2023-05-21T22:32:34.484+0200] {processor.py:156} INFO - Started process (PID=6873) to work on /home/nanah/airflow_venv/lib/python3.10/site-packages/airflow/example_dags/example_trigger_controller_dag.py
[2023-05-21T22:32:34.490+0200] {processor.py:758} INFO - Processing file /home/nanah/airflow_venv/lib/python3.10/site-packages/airflow/example_dags/example_trigger_controller_dag.py for tasks to queue
[2023-05-21T22:32:34.491+0200] {logging_mixin.py:117} INFO - [2023-05-21T22:32:34.491+0200] {dagbag.py:525} INFO - Filling up the DagBag from /home/nanah/airflow_venv/lib/python3.10/site-packages/airflow/example_dags/example_trigger_controller_dag.py
[2023-05-21T22:32:34.499+0200] {processor.py:768} INFO - DAG(s) dict_keys(['example_trigger_controller_dag']) retrieved from /home/nanah/airflow_venv/lib/python3.10/site-packages/airflow/example_dags/example_trigger_controller_dag.py
[2023-05-21T22:32:34.533+0200] {logging_mixin.py:117} INFO - [2023-05-21T22:32:34.532+0200] {dag.py:2573} INFO - Sync 1 DAGs
[2023-05-21T22:32:34.568+0200] {logging_mixin.py:117} INFO - [2023-05-21T22:32:34.568+0200] {dag.py:3324} INFO - Setting next_dagrun for example_trigger_controller_dag to 2021-01-01T00:00:00+00:00, run_after=2021-01-01T00:00:00+00:00
[2023-05-21T22:32:34.613+0200] {processor.py:178} INFO - Processing /home/nanah/airflow_venv/lib/python3.10/site-packages/airflow/example_dags/example_trigger_controller_dag.py took 0.135 seconds
[2023-05-21T22:33:51.684+0200] {processor.py:156} INFO - Started process (PID=6941) to work on /home/nanah/airflow_venv/lib/python3.10/site-packages/airflow/example_dags/example_trigger_controller_dag.py
[2023-05-21T22:33:51.689+0200] {processor.py:758} INFO - Processing file /home/nanah/airflow_venv/lib/python3.10/site-packages/airflow/example_dags/example_trigger_controller_dag.py for tasks to queue
[2023-05-21T22:33:51.690+0200] {logging_mixin.py:117} INFO - [2023-05-21T22:33:51.690+0200] {dagbag.py:525} INFO - Filling up the DagBag from /home/nanah/airflow_venv/lib/python3.10/site-packages/airflow/example_dags/example_trigger_controller_dag.py
[2023-05-21T22:33:51.698+0200] {processor.py:768} INFO - DAG(s) dict_keys(['example_trigger_controller_dag']) retrieved from /home/nanah/airflow_venv/lib/python3.10/site-packages/airflow/example_dags/example_trigger_controller_dag.py
[2023-05-21T22:33:51.732+0200] {logging_mixin.py:117} INFO - [2023-05-21T22:33:51.731+0200] {dag.py:2573} INFO - Sync 1 DAGs
[2023-05-21T22:33:51.768+0200] {logging_mixin.py:117} INFO - [2023-05-21T22:33:51.768+0200] {dag.py:3324} INFO - Setting next_dagrun for example_trigger_controller_dag to 2021-01-01T00:00:00+00:00, run_after=2021-01-01T00:00:00+00:00
[2023-05-21T22:33:51.817+0200] {processor.py:178} INFO - Processing /home/nanah/airflow_venv/lib/python3.10/site-packages/airflow/example_dags/example_trigger_controller_dag.py took 0.142 seconds
[2023-05-21T22:35:16.035+0200] {processor.py:156} INFO - Started process (PID=7030) to work on /home/nanah/airflow_venv/lib/python3.10/site-packages/airflow/example_dags/example_trigger_controller_dag.py
[2023-05-21T22:35:16.039+0200] {processor.py:758} INFO - Processing file /home/nanah/airflow_venv/lib/python3.10/site-packages/airflow/example_dags/example_trigger_controller_dag.py for tasks to queue
[2023-05-21T22:35:16.041+0200] {logging_mixin.py:117} INFO - [2023-05-21T22:35:16.040+0200] {dagbag.py:525} INFO - Filling up the DagBag from /home/nanah/airflow_venv/lib/python3.10/site-packages/airflow/example_dags/example_trigger_controller_dag.py
[2023-05-21T22:35:16.052+0200] {processor.py:768} INFO - DAG(s) dict_keys(['example_trigger_controller_dag']) retrieved from /home/nanah/airflow_venv/lib/python3.10/site-packages/airflow/example_dags/example_trigger_controller_dag.py
[2023-05-21T22:35:16.086+0200] {logging_mixin.py:117} INFO - [2023-05-21T22:35:16.086+0200] {dag.py:2573} INFO - Sync 1 DAGs
[2023-05-21T22:35:16.122+0200] {logging_mixin.py:117} INFO - [2023-05-21T22:35:16.122+0200] {dag.py:3324} INFO - Setting next_dagrun for example_trigger_controller_dag to 2021-01-01T00:00:00+00:00, run_after=2021-01-01T00:00:00+00:00
[2023-05-21T22:35:16.173+0200] {processor.py:178} INFO - Processing /home/nanah/airflow_venv/lib/python3.10/site-packages/airflow/example_dags/example_trigger_controller_dag.py took 0.144 seconds
[2023-05-21T22:36:50.924+0200] {processor.py:156} INFO - Started process (PID=7281) to work on /home/nanah/airflow_venv/lib/python3.10/site-packages/airflow/example_dags/example_trigger_controller_dag.py
[2023-05-21T22:36:50.937+0200] {processor.py:758} INFO - Processing file /home/nanah/airflow_venv/lib/python3.10/site-packages/airflow/example_dags/example_trigger_controller_dag.py for tasks to queue
[2023-05-21T22:36:50.939+0200] {logging_mixin.py:117} INFO - [2023-05-21T22:36:50.938+0200] {dagbag.py:525} INFO - Filling up the DagBag from /home/nanah/airflow_venv/lib/python3.10/site-packages/airflow/example_dags/example_trigger_controller_dag.py
[2023-05-21T22:36:50.958+0200] {processor.py:768} INFO - DAG(s) dict_keys(['example_trigger_controller_dag']) retrieved from /home/nanah/airflow_venv/lib/python3.10/site-packages/airflow/example_dags/example_trigger_controller_dag.py
[2023-05-21T22:36:51.031+0200] {logging_mixin.py:117} INFO - [2023-05-21T22:36:51.031+0200] {dag.py:2573} INFO - Sync 1 DAGs
[2023-05-21T22:36:51.106+0200] {logging_mixin.py:117} INFO - [2023-05-21T22:36:51.105+0200] {dag.py:3324} INFO - Setting next_dagrun for example_trigger_controller_dag to 2021-01-01T00:00:00+00:00, run_after=2021-01-01T00:00:00+00:00
[2023-05-21T22:36:51.512+0200] {processor.py:178} INFO - Processing /home/nanah/airflow_venv/lib/python3.10/site-packages/airflow/example_dags/example_trigger_controller_dag.py took 0.604 seconds
[2023-05-21T22:38:53.136+0200] {processor.py:156} INFO - Started process (PID=7354) to work on /home/nanah/airflow_venv/lib/python3.10/site-packages/airflow/example_dags/example_trigger_controller_dag.py
[2023-05-21T22:38:53.141+0200] {processor.py:758} INFO - Processing file /home/nanah/airflow_venv/lib/python3.10/site-packages/airflow/example_dags/example_trigger_controller_dag.py for tasks to queue
[2023-05-21T22:38:53.143+0200] {logging_mixin.py:117} INFO - [2023-05-21T22:38:53.142+0200] {dagbag.py:525} INFO - Filling up the DagBag from /home/nanah/airflow_venv/lib/python3.10/site-packages/airflow/example_dags/example_trigger_controller_dag.py
[2023-05-21T22:38:53.153+0200] {processor.py:768} INFO - DAG(s) dict_keys(['example_trigger_controller_dag']) retrieved from /home/nanah/airflow_venv/lib/python3.10/site-packages/airflow/example_dags/example_trigger_controller_dag.py
[2023-05-21T22:38:53.194+0200] {logging_mixin.py:117} INFO - [2023-05-21T22:38:53.194+0200] {dag.py:2573} INFO - Sync 1 DAGs
[2023-05-21T22:38:53.237+0200] {logging_mixin.py:117} INFO - [2023-05-21T22:38:53.236+0200] {dag.py:3324} INFO - Setting next_dagrun for example_trigger_controller_dag to 2021-01-01T00:00:00+00:00, run_after=2021-01-01T00:00:00+00:00
[2023-05-21T22:38:53.298+0200] {processor.py:178} INFO - Processing /home/nanah/airflow_venv/lib/python3.10/site-packages/airflow/example_dags/example_trigger_controller_dag.py took 0.173 seconds
[2023-05-21T22:40:13.399+0200] {processor.py:156} INFO - Started process (PID=7422) to work on /home/nanah/airflow_venv/lib/python3.10/site-packages/airflow/example_dags/example_trigger_controller_dag.py
[2023-05-21T22:40:13.406+0200] {processor.py:758} INFO - Processing file /home/nanah/airflow_venv/lib/python3.10/site-packages/airflow/example_dags/example_trigger_controller_dag.py for tasks to queue
[2023-05-21T22:40:13.408+0200] {logging_mixin.py:117} INFO - [2023-05-21T22:40:13.407+0200] {dagbag.py:525} INFO - Filling up the DagBag from /home/nanah/airflow_venv/lib/python3.10/site-packages/airflow/example_dags/example_trigger_controller_dag.py
[2023-05-21T22:40:13.417+0200] {processor.py:768} INFO - DAG(s) dict_keys(['example_trigger_controller_dag']) retrieved from /home/nanah/airflow_venv/lib/python3.10/site-packages/airflow/example_dags/example_trigger_controller_dag.py
[2023-05-21T22:40:13.453+0200] {logging_mixin.py:117} INFO - [2023-05-21T22:40:13.452+0200] {dag.py:2573} INFO - Sync 1 DAGs
[2023-05-21T22:40:13.489+0200] {logging_mixin.py:117} INFO - [2023-05-21T22:40:13.488+0200] {dag.py:3324} INFO - Setting next_dagrun for example_trigger_controller_dag to 2021-01-01T00:00:00+00:00, run_after=2021-01-01T00:00:00+00:00
[2023-05-21T22:40:13.536+0200] {processor.py:178} INFO - Processing /home/nanah/airflow_venv/lib/python3.10/site-packages/airflow/example_dags/example_trigger_controller_dag.py took 0.144 seconds
[2023-05-21T22:41:38.950+0200] {processor.py:156} INFO - Started process (PID=7491) to work on /home/nanah/airflow_venv/lib/python3.10/site-packages/airflow/example_dags/example_trigger_controller_dag.py
[2023-05-21T22:41:38.958+0200] {processor.py:758} INFO - Processing file /home/nanah/airflow_venv/lib/python3.10/site-packages/airflow/example_dags/example_trigger_controller_dag.py for tasks to queue
[2023-05-21T22:41:38.960+0200] {logging_mixin.py:117} INFO - [2023-05-21T22:41:38.960+0200] {dagbag.py:525} INFO - Filling up the DagBag from /home/nanah/airflow_venv/lib/python3.10/site-packages/airflow/example_dags/example_trigger_controller_dag.py
[2023-05-21T22:41:38.979+0200] {processor.py:768} INFO - DAG(s) dict_keys(['example_trigger_controller_dag']) retrieved from /home/nanah/airflow_venv/lib/python3.10/site-packages/airflow/example_dags/example_trigger_controller_dag.py
[2023-05-21T22:41:39.041+0200] {logging_mixin.py:117} INFO - [2023-05-21T22:41:39.040+0200] {dag.py:2573} INFO - Sync 1 DAGs
[2023-05-21T22:41:39.111+0200] {logging_mixin.py:117} INFO - [2023-05-21T22:41:39.099+0200] {dag.py:3324} INFO - Setting next_dagrun for example_trigger_controller_dag to 2021-01-01T00:00:00+00:00, run_after=2021-01-01T00:00:00+00:00
[2023-05-21T22:41:39.216+0200] {processor.py:178} INFO - Processing /home/nanah/airflow_venv/lib/python3.10/site-packages/airflow/example_dags/example_trigger_controller_dag.py took 0.272 seconds
