[2023-06-11T00:10:16.749+0200] {processor.py:156} INFO - Started process (PID=4377) to work on /home/nanah/airflow_venv/lib/python3.10/site-packages/airflow/example_dags/plugins/workday.py
[2023-06-11T00:10:16.751+0200] {processor.py:758} INFO - Processing file /home/nanah/airflow_venv/lib/python3.10/site-packages/airflow/example_dags/plugins/workday.py for tasks to queue
[2023-06-11T00:10:16.780+0200] {logging_mixin.py:117} INFO - [2023-06-11T00:10:16.754+0200] {dagbag.py:525} INFO - Filling up the DagBag from /home/nanah/airflow_venv/lib/python3.10/site-packages/airflow/example_dags/plugins/workday.py
[2023-06-11T00:10:16.785+0200] {processor.py:770} WARNING - No viable dags retrieved from /home/nanah/airflow_venv/lib/python3.10/site-packages/airflow/example_dags/plugins/workday.py
[2023-06-11T00:10:16.887+0200] {processor.py:178} INFO - Processing /home/nanah/airflow_venv/lib/python3.10/site-packages/airflow/example_dags/plugins/workday.py took 0.164 seconds
[2023-06-11T00:12:48.010+0200] {processor.py:156} INFO - Started process (PID=4634) to work on /home/nanah/airflow_venv/lib/python3.10/site-packages/airflow/example_dags/plugins/workday.py
[2023-06-11T00:12:48.026+0200] {processor.py:758} INFO - Processing file /home/nanah/airflow_venv/lib/python3.10/site-packages/airflow/example_dags/plugins/workday.py for tasks to queue
[2023-06-11T00:12:48.028+0200] {logging_mixin.py:117} INFO - [2023-06-11T00:12:48.027+0200] {dagbag.py:525} INFO - Filling up the DagBag from /home/nanah/airflow_venv/lib/python3.10/site-packages/airflow/example_dags/plugins/workday.py
[2023-06-11T00:12:48.041+0200] {processor.py:770} WARNING - No viable dags retrieved from /home/nanah/airflow_venv/lib/python3.10/site-packages/airflow/example_dags/plugins/workday.py
[2023-06-11T00:12:48.117+0200] {processor.py:178} INFO - Processing /home/nanah/airflow_venv/lib/python3.10/site-packages/airflow/example_dags/plugins/workday.py took 0.126 seconds
[2023-06-11T00:14:05.176+0200] {processor.py:156} INFO - Started process (PID=4670) to work on /home/nanah/airflow_venv/lib/python3.10/site-packages/airflow/example_dags/plugins/workday.py
[2023-06-11T00:14:05.179+0200] {processor.py:758} INFO - Processing file /home/nanah/airflow_venv/lib/python3.10/site-packages/airflow/example_dags/plugins/workday.py for tasks to queue
[2023-06-11T00:14:05.180+0200] {logging_mixin.py:117} INFO - [2023-06-11T00:14:05.180+0200] {dagbag.py:525} INFO - Filling up the DagBag from /home/nanah/airflow_venv/lib/python3.10/site-packages/airflow/example_dags/plugins/workday.py
[2023-06-11T00:14:05.196+0200] {processor.py:770} WARNING - No viable dags retrieved from /home/nanah/airflow_venv/lib/python3.10/site-packages/airflow/example_dags/plugins/workday.py
[2023-06-11T00:14:05.218+0200] {processor.py:178} INFO - Processing /home/nanah/airflow_venv/lib/python3.10/site-packages/airflow/example_dags/plugins/workday.py took 0.048 seconds
[2023-06-11T00:15:16.256+0200] {processor.py:156} INFO - Started process (PID=4710) to work on /home/nanah/airflow_venv/lib/python3.10/site-packages/airflow/example_dags/plugins/workday.py
[2023-06-11T00:15:16.271+0200] {processor.py:758} INFO - Processing file /home/nanah/airflow_venv/lib/python3.10/site-packages/airflow/example_dags/plugins/workday.py for tasks to queue
[2023-06-11T00:15:16.273+0200] {logging_mixin.py:117} INFO - [2023-06-11T00:15:16.273+0200] {dagbag.py:525} INFO - Filling up the DagBag from /home/nanah/airflow_venv/lib/python3.10/site-packages/airflow/example_dags/plugins/workday.py
[2023-06-11T00:15:16.299+0200] {processor.py:770} WARNING - No viable dags retrieved from /home/nanah/airflow_venv/lib/python3.10/site-packages/airflow/example_dags/plugins/workday.py
[2023-06-11T00:15:16.354+0200] {processor.py:178} INFO - Processing /home/nanah/airflow_venv/lib/python3.10/site-packages/airflow/example_dags/plugins/workday.py took 0.109 seconds
[2023-06-11T00:16:39.397+0200] {processor.py:156} INFO - Started process (PID=4757) to work on /home/nanah/airflow_venv/lib/python3.10/site-packages/airflow/example_dags/plugins/workday.py
[2023-06-11T00:16:39.402+0200] {processor.py:758} INFO - Processing file /home/nanah/airflow_venv/lib/python3.10/site-packages/airflow/example_dags/plugins/workday.py for tasks to queue
[2023-06-11T00:16:39.403+0200] {logging_mixin.py:117} INFO - [2023-06-11T00:16:39.403+0200] {dagbag.py:525} INFO - Filling up the DagBag from /home/nanah/airflow_venv/lib/python3.10/site-packages/airflow/example_dags/plugins/workday.py
[2023-06-11T00:16:39.407+0200] {processor.py:770} WARNING - No viable dags retrieved from /home/nanah/airflow_venv/lib/python3.10/site-packages/airflow/example_dags/plugins/workday.py
[2023-06-11T00:16:39.430+0200] {processor.py:178} INFO - Processing /home/nanah/airflow_venv/lib/python3.10/site-packages/airflow/example_dags/plugins/workday.py took 0.040 seconds
[2023-06-11T00:17:28.783+0200] {processor.py:156} INFO - Started process (PID=4794) to work on /home/nanah/airflow_venv/lib/python3.10/site-packages/airflow/example_dags/plugins/workday.py
[2023-06-11T00:17:28.787+0200] {processor.py:758} INFO - Processing file /home/nanah/airflow_venv/lib/python3.10/site-packages/airflow/example_dags/plugins/workday.py for tasks to queue
[2023-06-11T00:17:28.789+0200] {logging_mixin.py:117} INFO - [2023-06-11T00:17:28.788+0200] {dagbag.py:525} INFO - Filling up the DagBag from /home/nanah/airflow_venv/lib/python3.10/site-packages/airflow/example_dags/plugins/workday.py
[2023-06-11T00:17:28.792+0200] {processor.py:770} WARNING - No viable dags retrieved from /home/nanah/airflow_venv/lib/python3.10/site-packages/airflow/example_dags/plugins/workday.py
[2023-06-11T00:17:28.816+0200] {processor.py:178} INFO - Processing /home/nanah/airflow_venv/lib/python3.10/site-packages/airflow/example_dags/plugins/workday.py took 0.040 seconds
[2023-06-11T00:18:17.648+0200] {processor.py:156} INFO - Started process (PID=4830) to work on /home/nanah/airflow_venv/lib/python3.10/site-packages/airflow/example_dags/plugins/workday.py
[2023-06-11T00:18:17.663+0200] {processor.py:758} INFO - Processing file /home/nanah/airflow_venv/lib/python3.10/site-packages/airflow/example_dags/plugins/workday.py for tasks to queue
[2023-06-11T00:18:17.665+0200] {logging_mixin.py:117} INFO - [2023-06-11T00:18:17.664+0200] {dagbag.py:525} INFO - Filling up the DagBag from /home/nanah/airflow_venv/lib/python3.10/site-packages/airflow/example_dags/plugins/workday.py
[2023-06-11T00:18:17.668+0200] {processor.py:770} WARNING - No viable dags retrieved from /home/nanah/airflow_venv/lib/python3.10/site-packages/airflow/example_dags/plugins/workday.py
[2023-06-11T00:18:17.690+0200] {processor.py:178} INFO - Processing /home/nanah/airflow_venv/lib/python3.10/site-packages/airflow/example_dags/plugins/workday.py took 0.049 seconds
[2023-06-11T00:18:59.539+0200] {processor.py:156} INFO - Started process (PID=4863) to work on /home/nanah/airflow_venv/lib/python3.10/site-packages/airflow/example_dags/plugins/workday.py
[2023-06-11T00:18:59.542+0200] {processor.py:758} INFO - Processing file /home/nanah/airflow_venv/lib/python3.10/site-packages/airflow/example_dags/plugins/workday.py for tasks to queue
[2023-06-11T00:18:59.544+0200] {logging_mixin.py:117} INFO - [2023-06-11T00:18:59.543+0200] {dagbag.py:525} INFO - Filling up the DagBag from /home/nanah/airflow_venv/lib/python3.10/site-packages/airflow/example_dags/plugins/workday.py
[2023-06-11T00:18:59.552+0200] {processor.py:770} WARNING - No viable dags retrieved from /home/nanah/airflow_venv/lib/python3.10/site-packages/airflow/example_dags/plugins/workday.py
[2023-06-11T00:18:59.580+0200] {processor.py:178} INFO - Processing /home/nanah/airflow_venv/lib/python3.10/site-packages/airflow/example_dags/plugins/workday.py took 0.049 seconds
[2023-06-11T00:20:29.129+0200] {processor.py:156} INFO - Started process (PID=4909) to work on /home/nanah/airflow_venv/lib/python3.10/site-packages/airflow/example_dags/plugins/workday.py
[2023-06-11T00:20:29.140+0200] {processor.py:758} INFO - Processing file /home/nanah/airflow_venv/lib/python3.10/site-packages/airflow/example_dags/plugins/workday.py for tasks to queue
[2023-06-11T00:20:29.142+0200] {logging_mixin.py:117} INFO - [2023-06-11T00:20:29.141+0200] {dagbag.py:525} INFO - Filling up the DagBag from /home/nanah/airflow_venv/lib/python3.10/site-packages/airflow/example_dags/plugins/workday.py
[2023-06-11T00:20:29.146+0200] {processor.py:770} WARNING - No viable dags retrieved from /home/nanah/airflow_venv/lib/python3.10/site-packages/airflow/example_dags/plugins/workday.py
[2023-06-11T00:20:29.179+0200] {processor.py:178} INFO - Processing /home/nanah/airflow_venv/lib/python3.10/site-packages/airflow/example_dags/plugins/workday.py took 0.067 seconds
[2023-06-11T00:21:27.493+0200] {processor.py:156} INFO - Started process (PID=4944) to work on /home/nanah/airflow_venv/lib/python3.10/site-packages/airflow/example_dags/plugins/workday.py
[2023-06-11T00:21:27.500+0200] {processor.py:758} INFO - Processing file /home/nanah/airflow_venv/lib/python3.10/site-packages/airflow/example_dags/plugins/workday.py for tasks to queue
[2023-06-11T00:21:27.501+0200] {logging_mixin.py:117} INFO - [2023-06-11T00:21:27.501+0200] {dagbag.py:525} INFO - Filling up the DagBag from /home/nanah/airflow_venv/lib/python3.10/site-packages/airflow/example_dags/plugins/workday.py
[2023-06-11T00:21:27.525+0200] {processor.py:770} WARNING - No viable dags retrieved from /home/nanah/airflow_venv/lib/python3.10/site-packages/airflow/example_dags/plugins/workday.py
[2023-06-11T00:21:27.577+0200] {processor.py:178} INFO - Processing /home/nanah/airflow_venv/lib/python3.10/site-packages/airflow/example_dags/plugins/workday.py took 0.112 seconds
[2023-06-11T00:22:36.310+0200] {processor.py:156} INFO - Started process (PID=4980) to work on /home/nanah/airflow_venv/lib/python3.10/site-packages/airflow/example_dags/plugins/workday.py
[2023-06-11T00:22:36.313+0200] {processor.py:758} INFO - Processing file /home/nanah/airflow_venv/lib/python3.10/site-packages/airflow/example_dags/plugins/workday.py for tasks to queue
[2023-06-11T00:22:36.315+0200] {logging_mixin.py:117} INFO - [2023-06-11T00:22:36.314+0200] {dagbag.py:525} INFO - Filling up the DagBag from /home/nanah/airflow_venv/lib/python3.10/site-packages/airflow/example_dags/plugins/workday.py
[2023-06-11T00:22:36.326+0200] {processor.py:770} WARNING - No viable dags retrieved from /home/nanah/airflow_venv/lib/python3.10/site-packages/airflow/example_dags/plugins/workday.py
[2023-06-11T00:22:36.366+0200] {processor.py:178} INFO - Processing /home/nanah/airflow_venv/lib/python3.10/site-packages/airflow/example_dags/plugins/workday.py took 0.069 seconds
[2023-06-11T00:23:32.172+0200] {processor.py:156} INFO - Started process (PID=5014) to work on /home/nanah/airflow_venv/lib/python3.10/site-packages/airflow/example_dags/plugins/workday.py
[2023-06-11T00:23:32.189+0200] {processor.py:758} INFO - Processing file /home/nanah/airflow_venv/lib/python3.10/site-packages/airflow/example_dags/plugins/workday.py for tasks to queue
[2023-06-11T00:23:32.193+0200] {logging_mixin.py:117} INFO - [2023-06-11T00:23:32.192+0200] {dagbag.py:525} INFO - Filling up the DagBag from /home/nanah/airflow_venv/lib/python3.10/site-packages/airflow/example_dags/plugins/workday.py
[2023-06-11T00:23:32.212+0200] {processor.py:770} WARNING - No viable dags retrieved from /home/nanah/airflow_venv/lib/python3.10/site-packages/airflow/example_dags/plugins/workday.py
[2023-06-11T00:23:32.306+0200] {processor.py:178} INFO - Processing /home/nanah/airflow_venv/lib/python3.10/site-packages/airflow/example_dags/plugins/workday.py took 0.186 seconds
[2023-06-11T00:24:52.345+0200] {processor.py:156} INFO - Started process (PID=5051) to work on /home/nanah/airflow_venv/lib/python3.10/site-packages/airflow/example_dags/plugins/workday.py
[2023-06-11T00:24:52.367+0200] {processor.py:758} INFO - Processing file /home/nanah/airflow_venv/lib/python3.10/site-packages/airflow/example_dags/plugins/workday.py for tasks to queue
[2023-06-11T00:24:52.370+0200] {logging_mixin.py:117} INFO - [2023-06-11T00:24:52.369+0200] {dagbag.py:525} INFO - Filling up the DagBag from /home/nanah/airflow_venv/lib/python3.10/site-packages/airflow/example_dags/plugins/workday.py
[2023-06-11T00:24:52.654+0200] {processor.py:770} WARNING - No viable dags retrieved from /home/nanah/airflow_venv/lib/python3.10/site-packages/airflow/example_dags/plugins/workday.py
[2023-06-11T00:24:52.724+0200] {processor.py:178} INFO - Processing /home/nanah/airflow_venv/lib/python3.10/site-packages/airflow/example_dags/plugins/workday.py took 0.397 seconds
[2023-06-11T00:26:30.763+0200] {processor.py:156} INFO - Started process (PID=5086) to work on /home/nanah/airflow_venv/lib/python3.10/site-packages/airflow/example_dags/plugins/workday.py
[2023-06-11T00:26:30.769+0200] {processor.py:758} INFO - Processing file /home/nanah/airflow_venv/lib/python3.10/site-packages/airflow/example_dags/plugins/workday.py for tasks to queue
[2023-06-11T00:26:30.773+0200] {logging_mixin.py:117} INFO - [2023-06-11T00:26:30.773+0200] {dagbag.py:525} INFO - Filling up the DagBag from /home/nanah/airflow_venv/lib/python3.10/site-packages/airflow/example_dags/plugins/workday.py
[2023-06-11T00:26:30.777+0200] {processor.py:770} WARNING - No viable dags retrieved from /home/nanah/airflow_venv/lib/python3.10/site-packages/airflow/example_dags/plugins/workday.py
[2023-06-11T00:26:30.808+0200] {processor.py:178} INFO - Processing /home/nanah/airflow_venv/lib/python3.10/site-packages/airflow/example_dags/plugins/workday.py took 0.053 seconds
[2023-06-11T00:27:27.548+0200] {processor.py:156} INFO - Started process (PID=5123) to work on /home/nanah/airflow_venv/lib/python3.10/site-packages/airflow/example_dags/plugins/workday.py
[2023-06-11T00:27:27.554+0200] {processor.py:758} INFO - Processing file /home/nanah/airflow_venv/lib/python3.10/site-packages/airflow/example_dags/plugins/workday.py for tasks to queue
[2023-06-11T00:27:27.556+0200] {logging_mixin.py:117} INFO - [2023-06-11T00:27:27.555+0200] {dagbag.py:525} INFO - Filling up the DagBag from /home/nanah/airflow_venv/lib/python3.10/site-packages/airflow/example_dags/plugins/workday.py
[2023-06-11T00:27:27.563+0200] {processor.py:770} WARNING - No viable dags retrieved from /home/nanah/airflow_venv/lib/python3.10/site-packages/airflow/example_dags/plugins/workday.py
[2023-06-11T00:27:27.583+0200] {processor.py:178} INFO - Processing /home/nanah/airflow_venv/lib/python3.10/site-packages/airflow/example_dags/plugins/workday.py took 0.041 seconds
[2023-06-11T00:28:29.209+0200] {processor.py:156} INFO - Started process (PID=5159) to work on /home/nanah/airflow_venv/lib/python3.10/site-packages/airflow/example_dags/plugins/workday.py
[2023-06-11T00:28:29.224+0200] {processor.py:758} INFO - Processing file /home/nanah/airflow_venv/lib/python3.10/site-packages/airflow/example_dags/plugins/workday.py for tasks to queue
[2023-06-11T00:28:29.226+0200] {logging_mixin.py:117} INFO - [2023-06-11T00:28:29.226+0200] {dagbag.py:525} INFO - Filling up the DagBag from /home/nanah/airflow_venv/lib/python3.10/site-packages/airflow/example_dags/plugins/workday.py
[2023-06-11T00:28:29.238+0200] {processor.py:770} WARNING - No viable dags retrieved from /home/nanah/airflow_venv/lib/python3.10/site-packages/airflow/example_dags/plugins/workday.py
[2023-06-11T00:28:29.292+0200] {processor.py:178} INFO - Processing /home/nanah/airflow_venv/lib/python3.10/site-packages/airflow/example_dags/plugins/workday.py took 0.092 seconds
[2023-06-11T00:29:24.688+0200] {processor.py:156} INFO - Started process (PID=5193) to work on /home/nanah/airflow_venv/lib/python3.10/site-packages/airflow/example_dags/plugins/workday.py
[2023-06-11T00:29:24.694+0200] {processor.py:758} INFO - Processing file /home/nanah/airflow_venv/lib/python3.10/site-packages/airflow/example_dags/plugins/workday.py for tasks to queue
[2023-06-11T00:29:24.696+0200] {logging_mixin.py:117} INFO - [2023-06-11T00:29:24.696+0200] {dagbag.py:525} INFO - Filling up the DagBag from /home/nanah/airflow_venv/lib/python3.10/site-packages/airflow/example_dags/plugins/workday.py
[2023-06-11T00:29:24.700+0200] {processor.py:770} WARNING - No viable dags retrieved from /home/nanah/airflow_venv/lib/python3.10/site-packages/airflow/example_dags/plugins/workday.py
[2023-06-11T00:29:24.731+0200] {processor.py:178} INFO - Processing /home/nanah/airflow_venv/lib/python3.10/site-packages/airflow/example_dags/plugins/workday.py took 0.050 seconds
[2023-06-11T00:30:35.894+0200] {processor.py:156} INFO - Started process (PID=5230) to work on /home/nanah/airflow_venv/lib/python3.10/site-packages/airflow/example_dags/plugins/workday.py
[2023-06-11T00:30:35.901+0200] {processor.py:758} INFO - Processing file /home/nanah/airflow_venv/lib/python3.10/site-packages/airflow/example_dags/plugins/workday.py for tasks to queue
[2023-06-11T00:30:35.902+0200] {logging_mixin.py:117} INFO - [2023-06-11T00:30:35.902+0200] {dagbag.py:525} INFO - Filling up the DagBag from /home/nanah/airflow_venv/lib/python3.10/site-packages/airflow/example_dags/plugins/workday.py
[2023-06-11T00:30:35.906+0200] {processor.py:770} WARNING - No viable dags retrieved from /home/nanah/airflow_venv/lib/python3.10/site-packages/airflow/example_dags/plugins/workday.py
[2023-06-11T00:30:35.938+0200] {processor.py:178} INFO - Processing /home/nanah/airflow_venv/lib/python3.10/site-packages/airflow/example_dags/plugins/workday.py took 0.055 seconds
[2023-06-11T00:31:34.883+0200] {processor.py:156} INFO - Started process (PID=5265) to work on /home/nanah/airflow_venv/lib/python3.10/site-packages/airflow/example_dags/plugins/workday.py
[2023-06-11T00:31:34.889+0200] {processor.py:758} INFO - Processing file /home/nanah/airflow_venv/lib/python3.10/site-packages/airflow/example_dags/plugins/workday.py for tasks to queue
[2023-06-11T00:31:34.891+0200] {logging_mixin.py:117} INFO - [2023-06-11T00:31:34.891+0200] {dagbag.py:525} INFO - Filling up the DagBag from /home/nanah/airflow_venv/lib/python3.10/site-packages/airflow/example_dags/plugins/workday.py
[2023-06-11T00:31:34.900+0200] {processor.py:770} WARNING - No viable dags retrieved from /home/nanah/airflow_venv/lib/python3.10/site-packages/airflow/example_dags/plugins/workday.py
[2023-06-11T00:31:34.929+0200] {processor.py:178} INFO - Processing /home/nanah/airflow_venv/lib/python3.10/site-packages/airflow/example_dags/plugins/workday.py took 0.055 seconds
[2023-06-11T00:32:30.515+0200] {processor.py:156} INFO - Started process (PID=5300) to work on /home/nanah/airflow_venv/lib/python3.10/site-packages/airflow/example_dags/plugins/workday.py
[2023-06-11T00:32:30.521+0200] {processor.py:758} INFO - Processing file /home/nanah/airflow_venv/lib/python3.10/site-packages/airflow/example_dags/plugins/workday.py for tasks to queue
[2023-06-11T00:32:30.523+0200] {logging_mixin.py:117} INFO - [2023-06-11T00:32:30.522+0200] {dagbag.py:525} INFO - Filling up the DagBag from /home/nanah/airflow_venv/lib/python3.10/site-packages/airflow/example_dags/plugins/workday.py
[2023-06-11T00:32:30.526+0200] {processor.py:770} WARNING - No viable dags retrieved from /home/nanah/airflow_venv/lib/python3.10/site-packages/airflow/example_dags/plugins/workday.py
[2023-06-11T00:32:30.552+0200] {processor.py:178} INFO - Processing /home/nanah/airflow_venv/lib/python3.10/site-packages/airflow/example_dags/plugins/workday.py took 0.045 seconds
[2023-06-11T00:33:23.360+0200] {processor.py:156} INFO - Started process (PID=5336) to work on /home/nanah/airflow_venv/lib/python3.10/site-packages/airflow/example_dags/plugins/workday.py
[2023-06-11T00:33:23.363+0200] {processor.py:758} INFO - Processing file /home/nanah/airflow_venv/lib/python3.10/site-packages/airflow/example_dags/plugins/workday.py for tasks to queue
[2023-06-11T00:33:23.365+0200] {logging_mixin.py:117} INFO - [2023-06-11T00:33:23.364+0200] {dagbag.py:525} INFO - Filling up the DagBag from /home/nanah/airflow_venv/lib/python3.10/site-packages/airflow/example_dags/plugins/workday.py
[2023-06-11T00:33:23.368+0200] {processor.py:770} WARNING - No viable dags retrieved from /home/nanah/airflow_venv/lib/python3.10/site-packages/airflow/example_dags/plugins/workday.py
[2023-06-11T00:33:23.403+0200] {processor.py:178} INFO - Processing /home/nanah/airflow_venv/lib/python3.10/site-packages/airflow/example_dags/plugins/workday.py took 0.057 seconds
[2023-06-11T00:34:22.168+0200] {processor.py:156} INFO - Started process (PID=5371) to work on /home/nanah/airflow_venv/lib/python3.10/site-packages/airflow/example_dags/plugins/workday.py
[2023-06-11T00:34:22.183+0200] {processor.py:758} INFO - Processing file /home/nanah/airflow_venv/lib/python3.10/site-packages/airflow/example_dags/plugins/workday.py for tasks to queue
[2023-06-11T00:34:22.186+0200] {logging_mixin.py:117} INFO - [2023-06-11T00:34:22.185+0200] {dagbag.py:525} INFO - Filling up the DagBag from /home/nanah/airflow_venv/lib/python3.10/site-packages/airflow/example_dags/plugins/workday.py
[2023-06-11T00:34:22.199+0200] {processor.py:770} WARNING - No viable dags retrieved from /home/nanah/airflow_venv/lib/python3.10/site-packages/airflow/example_dags/plugins/workday.py
[2023-06-11T00:34:22.292+0200] {processor.py:178} INFO - Processing /home/nanah/airflow_venv/lib/python3.10/site-packages/airflow/example_dags/plugins/workday.py took 0.143 seconds
[2023-06-11T00:35:26.827+0200] {processor.py:156} INFO - Started process (PID=5410) to work on /home/nanah/airflow_venv/lib/python3.10/site-packages/airflow/example_dags/plugins/workday.py
[2023-06-11T00:35:26.835+0200] {processor.py:758} INFO - Processing file /home/nanah/airflow_venv/lib/python3.10/site-packages/airflow/example_dags/plugins/workday.py for tasks to queue
[2023-06-11T00:35:26.836+0200] {logging_mixin.py:117} INFO - [2023-06-11T00:35:26.836+0200] {dagbag.py:525} INFO - Filling up the DagBag from /home/nanah/airflow_venv/lib/python3.10/site-packages/airflow/example_dags/plugins/workday.py
[2023-06-11T00:35:26.840+0200] {processor.py:770} WARNING - No viable dags retrieved from /home/nanah/airflow_venv/lib/python3.10/site-packages/airflow/example_dags/plugins/workday.py
[2023-06-11T00:35:26.865+0200] {processor.py:178} INFO - Processing /home/nanah/airflow_venv/lib/python3.10/site-packages/airflow/example_dags/plugins/workday.py took 0.046 seconds
[2023-06-11T00:36:10.571+0200] {processor.py:156} INFO - Started process (PID=5443) to work on /home/nanah/airflow_venv/lib/python3.10/site-packages/airflow/example_dags/plugins/workday.py
[2023-06-11T00:36:10.574+0200] {processor.py:758} INFO - Processing file /home/nanah/airflow_venv/lib/python3.10/site-packages/airflow/example_dags/plugins/workday.py for tasks to queue
[2023-06-11T00:36:10.576+0200] {logging_mixin.py:117} INFO - [2023-06-11T00:36:10.576+0200] {dagbag.py:525} INFO - Filling up the DagBag from /home/nanah/airflow_venv/lib/python3.10/site-packages/airflow/example_dags/plugins/workday.py
[2023-06-11T00:36:10.579+0200] {processor.py:770} WARNING - No viable dags retrieved from /home/nanah/airflow_venv/lib/python3.10/site-packages/airflow/example_dags/plugins/workday.py
[2023-06-11T00:36:10.600+0200] {processor.py:178} INFO - Processing /home/nanah/airflow_venv/lib/python3.10/site-packages/airflow/example_dags/plugins/workday.py took 0.035 seconds
[2023-06-11T00:36:54.706+0200] {processor.py:156} INFO - Started process (PID=5477) to work on /home/nanah/airflow_venv/lib/python3.10/site-packages/airflow/example_dags/plugins/workday.py
[2023-06-11T00:36:54.721+0200] {processor.py:758} INFO - Processing file /home/nanah/airflow_venv/lib/python3.10/site-packages/airflow/example_dags/plugins/workday.py for tasks to queue
[2023-06-11T00:36:54.733+0200] {logging_mixin.py:117} INFO - [2023-06-11T00:36:54.723+0200] {dagbag.py:525} INFO - Filling up the DagBag from /home/nanah/airflow_venv/lib/python3.10/site-packages/airflow/example_dags/plugins/workday.py
[2023-06-11T00:36:54.749+0200] {processor.py:770} WARNING - No viable dags retrieved from /home/nanah/airflow_venv/lib/python3.10/site-packages/airflow/example_dags/plugins/workday.py
[2023-06-11T00:36:54.907+0200] {processor.py:178} INFO - Processing /home/nanah/airflow_venv/lib/python3.10/site-packages/airflow/example_dags/plugins/workday.py took 0.220 seconds
[2023-06-11T00:37:41.464+0200] {processor.py:156} INFO - Started process (PID=5511) to work on /home/nanah/airflow_venv/lib/python3.10/site-packages/airflow/example_dags/plugins/workday.py
[2023-06-11T00:37:41.469+0200] {processor.py:758} INFO - Processing file /home/nanah/airflow_venv/lib/python3.10/site-packages/airflow/example_dags/plugins/workday.py for tasks to queue
[2023-06-11T00:37:41.471+0200] {logging_mixin.py:117} INFO - [2023-06-11T00:37:41.470+0200] {dagbag.py:525} INFO - Filling up the DagBag from /home/nanah/airflow_venv/lib/python3.10/site-packages/airflow/example_dags/plugins/workday.py
[2023-06-11T00:37:41.483+0200] {processor.py:770} WARNING - No viable dags retrieved from /home/nanah/airflow_venv/lib/python3.10/site-packages/airflow/example_dags/plugins/workday.py
[2023-06-11T00:37:41.542+0200] {processor.py:178} INFO - Processing /home/nanah/airflow_venv/lib/python3.10/site-packages/airflow/example_dags/plugins/workday.py took 0.106 seconds
[2023-06-11T00:38:32.500+0200] {processor.py:156} INFO - Started process (PID=5545) to work on /home/nanah/airflow_venv/lib/python3.10/site-packages/airflow/example_dags/plugins/workday.py
[2023-06-11T00:38:32.506+0200] {processor.py:758} INFO - Processing file /home/nanah/airflow_venv/lib/python3.10/site-packages/airflow/example_dags/plugins/workday.py for tasks to queue
[2023-06-11T00:38:32.507+0200] {logging_mixin.py:117} INFO - [2023-06-11T00:38:32.507+0200] {dagbag.py:525} INFO - Filling up the DagBag from /home/nanah/airflow_venv/lib/python3.10/site-packages/airflow/example_dags/plugins/workday.py
[2023-06-11T00:38:32.511+0200] {processor.py:770} WARNING - No viable dags retrieved from /home/nanah/airflow_venv/lib/python3.10/site-packages/airflow/example_dags/plugins/workday.py
[2023-06-11T00:38:32.534+0200] {processor.py:178} INFO - Processing /home/nanah/airflow_venv/lib/python3.10/site-packages/airflow/example_dags/plugins/workday.py took 0.041 seconds
[2023-06-11T00:39:16.756+0200] {processor.py:156} INFO - Started process (PID=5580) to work on /home/nanah/airflow_venv/lib/python3.10/site-packages/airflow/example_dags/plugins/workday.py
[2023-06-11T00:39:16.761+0200] {processor.py:758} INFO - Processing file /home/nanah/airflow_venv/lib/python3.10/site-packages/airflow/example_dags/plugins/workday.py for tasks to queue
[2023-06-11T00:39:16.763+0200] {logging_mixin.py:117} INFO - [2023-06-11T00:39:16.763+0200] {dagbag.py:525} INFO - Filling up the DagBag from /home/nanah/airflow_venv/lib/python3.10/site-packages/airflow/example_dags/plugins/workday.py
[2023-06-11T00:39:16.770+0200] {processor.py:770} WARNING - No viable dags retrieved from /home/nanah/airflow_venv/lib/python3.10/site-packages/airflow/example_dags/plugins/workday.py
[2023-06-11T00:39:16.815+0200] {processor.py:178} INFO - Processing /home/nanah/airflow_venv/lib/python3.10/site-packages/airflow/example_dags/plugins/workday.py took 0.067 seconds
[2023-06-11T00:39:59.868+0200] {processor.py:156} INFO - Started process (PID=5614) to work on /home/nanah/airflow_venv/lib/python3.10/site-packages/airflow/example_dags/plugins/workday.py
[2023-06-11T00:39:59.881+0200] {processor.py:758} INFO - Processing file /home/nanah/airflow_venv/lib/python3.10/site-packages/airflow/example_dags/plugins/workday.py for tasks to queue
[2023-06-11T00:39:59.883+0200] {logging_mixin.py:117} INFO - [2023-06-11T00:39:59.883+0200] {dagbag.py:525} INFO - Filling up the DagBag from /home/nanah/airflow_venv/lib/python3.10/site-packages/airflow/example_dags/plugins/workday.py
[2023-06-11T00:39:59.887+0200] {processor.py:770} WARNING - No viable dags retrieved from /home/nanah/airflow_venv/lib/python3.10/site-packages/airflow/example_dags/plugins/workday.py
[2023-06-11T00:39:59.945+0200] {processor.py:178} INFO - Processing /home/nanah/airflow_venv/lib/python3.10/site-packages/airflow/example_dags/plugins/workday.py took 0.094 seconds
[2023-06-11T00:40:42.716+0200] {processor.py:156} INFO - Started process (PID=5648) to work on /home/nanah/airflow_venv/lib/python3.10/site-packages/airflow/example_dags/plugins/workday.py
[2023-06-11T00:40:42.722+0200] {processor.py:758} INFO - Processing file /home/nanah/airflow_venv/lib/python3.10/site-packages/airflow/example_dags/plugins/workday.py for tasks to queue
[2023-06-11T00:40:42.723+0200] {logging_mixin.py:117} INFO - [2023-06-11T00:40:42.723+0200] {dagbag.py:525} INFO - Filling up the DagBag from /home/nanah/airflow_venv/lib/python3.10/site-packages/airflow/example_dags/plugins/workday.py
[2023-06-11T00:40:42.727+0200] {processor.py:770} WARNING - No viable dags retrieved from /home/nanah/airflow_venv/lib/python3.10/site-packages/airflow/example_dags/plugins/workday.py
[2023-06-11T00:40:42.752+0200] {processor.py:178} INFO - Processing /home/nanah/airflow_venv/lib/python3.10/site-packages/airflow/example_dags/plugins/workday.py took 0.042 seconds
[2023-06-11T00:41:25.673+0200] {processor.py:156} INFO - Started process (PID=5682) to work on /home/nanah/airflow_venv/lib/python3.10/site-packages/airflow/example_dags/plugins/workday.py
[2023-06-11T00:41:25.678+0200] {processor.py:758} INFO - Processing file /home/nanah/airflow_venv/lib/python3.10/site-packages/airflow/example_dags/plugins/workday.py for tasks to queue
[2023-06-11T00:41:25.679+0200] {logging_mixin.py:117} INFO - [2023-06-11T00:41:25.679+0200] {dagbag.py:525} INFO - Filling up the DagBag from /home/nanah/airflow_venv/lib/python3.10/site-packages/airflow/example_dags/plugins/workday.py
[2023-06-11T00:41:25.683+0200] {processor.py:770} WARNING - No viable dags retrieved from /home/nanah/airflow_venv/lib/python3.10/site-packages/airflow/example_dags/plugins/workday.py
[2023-06-11T00:41:25.707+0200] {processor.py:178} INFO - Processing /home/nanah/airflow_venv/lib/python3.10/site-packages/airflow/example_dags/plugins/workday.py took 0.042 seconds
[2023-06-11T00:42:13.077+0200] {processor.py:156} INFO - Started process (PID=5720) to work on /home/nanah/airflow_venv/lib/python3.10/site-packages/airflow/example_dags/plugins/workday.py
[2023-06-11T00:42:13.088+0200] {processor.py:758} INFO - Processing file /home/nanah/airflow_venv/lib/python3.10/site-packages/airflow/example_dags/plugins/workday.py for tasks to queue
[2023-06-11T00:42:13.100+0200] {logging_mixin.py:117} INFO - [2023-06-11T00:42:13.099+0200] {dagbag.py:525} INFO - Filling up the DagBag from /home/nanah/airflow_venv/lib/python3.10/site-packages/airflow/example_dags/plugins/workday.py
[2023-06-11T00:42:13.104+0200] {processor.py:770} WARNING - No viable dags retrieved from /home/nanah/airflow_venv/lib/python3.10/site-packages/airflow/example_dags/plugins/workday.py
[2023-06-11T00:42:13.127+0200] {processor.py:178} INFO - Processing /home/nanah/airflow_venv/lib/python3.10/site-packages/airflow/example_dags/plugins/workday.py took 0.065 seconds
[2023-06-11T00:43:02.173+0200] {processor.py:156} INFO - Started process (PID=5754) to work on /home/nanah/airflow_venv/lib/python3.10/site-packages/airflow/example_dags/plugins/workday.py
[2023-06-11T00:43:02.188+0200] {processor.py:758} INFO - Processing file /home/nanah/airflow_venv/lib/python3.10/site-packages/airflow/example_dags/plugins/workday.py for tasks to queue
[2023-06-11T00:43:02.190+0200] {logging_mixin.py:117} INFO - [2023-06-11T00:43:02.190+0200] {dagbag.py:525} INFO - Filling up the DagBag from /home/nanah/airflow_venv/lib/python3.10/site-packages/airflow/example_dags/plugins/workday.py
[2023-06-11T00:43:02.195+0200] {processor.py:770} WARNING - No viable dags retrieved from /home/nanah/airflow_venv/lib/python3.10/site-packages/airflow/example_dags/plugins/workday.py
[2023-06-11T00:43:02.227+0200] {processor.py:178} INFO - Processing /home/nanah/airflow_venv/lib/python3.10/site-packages/airflow/example_dags/plugins/workday.py took 0.062 seconds
[2023-06-11T00:43:45.337+0200] {processor.py:156} INFO - Started process (PID=5788) to work on /home/nanah/airflow_venv/lib/python3.10/site-packages/airflow/example_dags/plugins/workday.py
[2023-06-11T00:43:45.342+0200] {processor.py:758} INFO - Processing file /home/nanah/airflow_venv/lib/python3.10/site-packages/airflow/example_dags/plugins/workday.py for tasks to queue
[2023-06-11T00:43:45.344+0200] {logging_mixin.py:117} INFO - [2023-06-11T00:43:45.343+0200] {dagbag.py:525} INFO - Filling up the DagBag from /home/nanah/airflow_venv/lib/python3.10/site-packages/airflow/example_dags/plugins/workday.py
[2023-06-11T00:43:45.347+0200] {processor.py:770} WARNING - No viable dags retrieved from /home/nanah/airflow_venv/lib/python3.10/site-packages/airflow/example_dags/plugins/workday.py
[2023-06-11T00:43:45.371+0200] {processor.py:178} INFO - Processing /home/nanah/airflow_venv/lib/python3.10/site-packages/airflow/example_dags/plugins/workday.py took 0.041 seconds
[2023-06-11T00:44:34.475+0200] {processor.py:156} INFO - Started process (PID=5822) to work on /home/nanah/airflow_venv/lib/python3.10/site-packages/airflow/example_dags/plugins/workday.py
[2023-06-11T00:44:34.481+0200] {processor.py:758} INFO - Processing file /home/nanah/airflow_venv/lib/python3.10/site-packages/airflow/example_dags/plugins/workday.py for tasks to queue
[2023-06-11T00:44:34.482+0200] {logging_mixin.py:117} INFO - [2023-06-11T00:44:34.482+0200] {dagbag.py:525} INFO - Filling up the DagBag from /home/nanah/airflow_venv/lib/python3.10/site-packages/airflow/example_dags/plugins/workday.py
[2023-06-11T00:44:34.486+0200] {processor.py:770} WARNING - No viable dags retrieved from /home/nanah/airflow_venv/lib/python3.10/site-packages/airflow/example_dags/plugins/workday.py
[2023-06-11T00:44:34.510+0200] {processor.py:178} INFO - Processing /home/nanah/airflow_venv/lib/python3.10/site-packages/airflow/example_dags/plugins/workday.py took 0.047 seconds
[2023-06-11T00:45:23.073+0200] {processor.py:156} INFO - Started process (PID=5857) to work on /home/nanah/airflow_venv/lib/python3.10/site-packages/airflow/example_dags/plugins/workday.py
[2023-06-11T00:45:23.080+0200] {processor.py:758} INFO - Processing file /home/nanah/airflow_venv/lib/python3.10/site-packages/airflow/example_dags/plugins/workday.py for tasks to queue
[2023-06-11T00:45:23.090+0200] {logging_mixin.py:117} INFO - [2023-06-11T00:45:23.090+0200] {dagbag.py:525} INFO - Filling up the DagBag from /home/nanah/airflow_venv/lib/python3.10/site-packages/airflow/example_dags/plugins/workday.py
[2023-06-11T00:45:23.112+0200] {processor.py:770} WARNING - No viable dags retrieved from /home/nanah/airflow_venv/lib/python3.10/site-packages/airflow/example_dags/plugins/workday.py
[2023-06-11T00:45:23.212+0200] {processor.py:178} INFO - Processing /home/nanah/airflow_venv/lib/python3.10/site-packages/airflow/example_dags/plugins/workday.py took 0.157 seconds
