[2023-06-11T00:10:18.576+0200] {processor.py:156} INFO - Started process (PID=4378) to work on /home/nanah/airflow_venv/lib/python3.10/site-packages/airflow/example_dags/subdags/subdag.py
[2023-06-11T00:10:18.582+0200] {processor.py:758} INFO - Processing file /home/nanah/airflow_venv/lib/python3.10/site-packages/airflow/example_dags/subdags/subdag.py for tasks to queue
[2023-06-11T00:10:18.593+0200] {logging_mixin.py:117} INFO - [2023-06-11T00:10:18.584+0200] {dagbag.py:525} INFO - Filling up the DagBag from /home/nanah/airflow_venv/lib/python3.10/site-packages/airflow/example_dags/subdags/subdag.py
[2023-06-11T00:10:18.628+0200] {processor.py:770} WARNING - No viable dags retrieved from /home/nanah/airflow_venv/lib/python3.10/site-packages/airflow/example_dags/subdags/subdag.py
[2023-06-11T00:10:18.728+0200] {processor.py:178} INFO - Processing /home/nanah/airflow_venv/lib/python3.10/site-packages/airflow/example_dags/subdags/subdag.py took 0.208 seconds
[2023-06-11T00:12:49.514+0200] {processor.py:156} INFO - Started process (PID=4635) to work on /home/nanah/airflow_venv/lib/python3.10/site-packages/airflow/example_dags/subdags/subdag.py
[2023-06-11T00:12:49.520+0200] {processor.py:758} INFO - Processing file /home/nanah/airflow_venv/lib/python3.10/site-packages/airflow/example_dags/subdags/subdag.py for tasks to queue
[2023-06-11T00:12:49.522+0200] {logging_mixin.py:117} INFO - [2023-06-11T00:12:49.522+0200] {dagbag.py:525} INFO - Filling up the DagBag from /home/nanah/airflow_venv/lib/python3.10/site-packages/airflow/example_dags/subdags/subdag.py
[2023-06-11T00:12:49.550+0200] {processor.py:770} WARNING - No viable dags retrieved from /home/nanah/airflow_venv/lib/python3.10/site-packages/airflow/example_dags/subdags/subdag.py
[2023-06-11T00:12:49.604+0200] {processor.py:178} INFO - Processing /home/nanah/airflow_venv/lib/python3.10/site-packages/airflow/example_dags/subdags/subdag.py took 0.107 seconds
[2023-06-11T00:14:06.450+0200] {processor.py:156} INFO - Started process (PID=4671) to work on /home/nanah/airflow_venv/lib/python3.10/site-packages/airflow/example_dags/subdags/subdag.py
[2023-06-11T00:14:06.456+0200] {processor.py:758} INFO - Processing file /home/nanah/airflow_venv/lib/python3.10/site-packages/airflow/example_dags/subdags/subdag.py for tasks to queue
[2023-06-11T00:14:06.458+0200] {logging_mixin.py:117} INFO - [2023-06-11T00:14:06.458+0200] {dagbag.py:525} INFO - Filling up the DagBag from /home/nanah/airflow_venv/lib/python3.10/site-packages/airflow/example_dags/subdags/subdag.py
[2023-06-11T00:14:06.473+0200] {processor.py:770} WARNING - No viable dags retrieved from /home/nanah/airflow_venv/lib/python3.10/site-packages/airflow/example_dags/subdags/subdag.py
[2023-06-11T00:14:06.495+0200] {processor.py:178} INFO - Processing /home/nanah/airflow_venv/lib/python3.10/site-packages/airflow/example_dags/subdags/subdag.py took 0.052 seconds
[2023-06-11T00:15:16.663+0200] {processor.py:156} INFO - Started process (PID=4711) to work on /home/nanah/airflow_venv/lib/python3.10/site-packages/airflow/example_dags/subdags/subdag.py
[2023-06-11T00:15:16.667+0200] {processor.py:758} INFO - Processing file /home/nanah/airflow_venv/lib/python3.10/site-packages/airflow/example_dags/subdags/subdag.py for tasks to queue
[2023-06-11T00:15:16.676+0200] {logging_mixin.py:117} INFO - [2023-06-11T00:15:16.675+0200] {dagbag.py:525} INFO - Filling up the DagBag from /home/nanah/airflow_venv/lib/python3.10/site-packages/airflow/example_dags/subdags/subdag.py
[2023-06-11T00:15:16.687+0200] {processor.py:770} WARNING - No viable dags retrieved from /home/nanah/airflow_venv/lib/python3.10/site-packages/airflow/example_dags/subdags/subdag.py
[2023-06-11T00:15:16.734+0200] {processor.py:178} INFO - Processing /home/nanah/airflow_venv/lib/python3.10/site-packages/airflow/example_dags/subdags/subdag.py took 0.079 seconds
[2023-06-11T00:16:40.583+0200] {processor.py:156} INFO - Started process (PID=4758) to work on /home/nanah/airflow_venv/lib/python3.10/site-packages/airflow/example_dags/subdags/subdag.py
[2023-06-11T00:16:40.588+0200] {processor.py:758} INFO - Processing file /home/nanah/airflow_venv/lib/python3.10/site-packages/airflow/example_dags/subdags/subdag.py for tasks to queue
[2023-06-11T00:16:40.590+0200] {logging_mixin.py:117} INFO - [2023-06-11T00:16:40.590+0200] {dagbag.py:525} INFO - Filling up the DagBag from /home/nanah/airflow_venv/lib/python3.10/site-packages/airflow/example_dags/subdags/subdag.py
[2023-06-11T00:16:40.599+0200] {processor.py:770} WARNING - No viable dags retrieved from /home/nanah/airflow_venv/lib/python3.10/site-packages/airflow/example_dags/subdags/subdag.py
[2023-06-11T00:16:40.623+0200] {processor.py:178} INFO - Processing /home/nanah/airflow_venv/lib/python3.10/site-packages/airflow/example_dags/subdags/subdag.py took 0.046 seconds
[2023-06-11T00:17:29.978+0200] {processor.py:156} INFO - Started process (PID=4795) to work on /home/nanah/airflow_venv/lib/python3.10/site-packages/airflow/example_dags/subdags/subdag.py
[2023-06-11T00:17:29.981+0200] {processor.py:758} INFO - Processing file /home/nanah/airflow_venv/lib/python3.10/site-packages/airflow/example_dags/subdags/subdag.py for tasks to queue
[2023-06-11T00:17:29.982+0200] {logging_mixin.py:117} INFO - [2023-06-11T00:17:29.982+0200] {dagbag.py:525} INFO - Filling up the DagBag from /home/nanah/airflow_venv/lib/python3.10/site-packages/airflow/example_dags/subdags/subdag.py
[2023-06-11T00:17:29.990+0200] {processor.py:770} WARNING - No viable dags retrieved from /home/nanah/airflow_venv/lib/python3.10/site-packages/airflow/example_dags/subdags/subdag.py
[2023-06-11T00:17:30.010+0200] {processor.py:178} INFO - Processing /home/nanah/airflow_venv/lib/python3.10/site-packages/airflow/example_dags/subdags/subdag.py took 0.039 seconds
[2023-06-11T00:18:19.193+0200] {processor.py:156} INFO - Started process (PID=4831) to work on /home/nanah/airflow_venv/lib/python3.10/site-packages/airflow/example_dags/subdags/subdag.py
[2023-06-11T00:18:19.265+0200] {processor.py:758} INFO - Processing file /home/nanah/airflow_venv/lib/python3.10/site-packages/airflow/example_dags/subdags/subdag.py for tasks to queue
[2023-06-11T00:18:19.266+0200] {logging_mixin.py:117} INFO - [2023-06-11T00:18:19.266+0200] {dagbag.py:525} INFO - Filling up the DagBag from /home/nanah/airflow_venv/lib/python3.10/site-packages/airflow/example_dags/subdags/subdag.py
[2023-06-11T00:18:19.285+0200] {processor.py:770} WARNING - No viable dags retrieved from /home/nanah/airflow_venv/lib/python3.10/site-packages/airflow/example_dags/subdags/subdag.py
[2023-06-11T00:18:19.335+0200] {processor.py:178} INFO - Processing /home/nanah/airflow_venv/lib/python3.10/site-packages/airflow/example_dags/subdags/subdag.py took 0.168 seconds
[2023-06-11T00:18:59.941+0200] {processor.py:156} INFO - Started process (PID=4864) to work on /home/nanah/airflow_venv/lib/python3.10/site-packages/airflow/example_dags/subdags/subdag.py
[2023-06-11T00:18:59.945+0200] {processor.py:758} INFO - Processing file /home/nanah/airflow_venv/lib/python3.10/site-packages/airflow/example_dags/subdags/subdag.py for tasks to queue
[2023-06-11T00:18:59.946+0200] {logging_mixin.py:117} INFO - [2023-06-11T00:18:59.946+0200] {dagbag.py:525} INFO - Filling up the DagBag from /home/nanah/airflow_venv/lib/python3.10/site-packages/airflow/example_dags/subdags/subdag.py
[2023-06-11T00:18:59.954+0200] {processor.py:770} WARNING - No viable dags retrieved from /home/nanah/airflow_venv/lib/python3.10/site-packages/airflow/example_dags/subdags/subdag.py
[2023-06-11T00:18:59.986+0200] {processor.py:178} INFO - Processing /home/nanah/airflow_venv/lib/python3.10/site-packages/airflow/example_dags/subdags/subdag.py took 0.052 seconds
[2023-06-11T00:20:30.329+0200] {processor.py:156} INFO - Started process (PID=4910) to work on /home/nanah/airflow_venv/lib/python3.10/site-packages/airflow/example_dags/subdags/subdag.py
[2023-06-11T00:20:30.347+0200] {processor.py:758} INFO - Processing file /home/nanah/airflow_venv/lib/python3.10/site-packages/airflow/example_dags/subdags/subdag.py for tasks to queue
[2023-06-11T00:20:30.349+0200] {logging_mixin.py:117} INFO - [2023-06-11T00:20:30.348+0200] {dagbag.py:525} INFO - Filling up the DagBag from /home/nanah/airflow_venv/lib/python3.10/site-packages/airflow/example_dags/subdags/subdag.py
[2023-06-11T00:20:30.360+0200] {processor.py:770} WARNING - No viable dags retrieved from /home/nanah/airflow_venv/lib/python3.10/site-packages/airflow/example_dags/subdags/subdag.py
[2023-06-11T00:20:30.383+0200] {processor.py:178} INFO - Processing /home/nanah/airflow_venv/lib/python3.10/site-packages/airflow/example_dags/subdags/subdag.py took 0.062 seconds
[2023-06-11T00:21:28.880+0200] {processor.py:156} INFO - Started process (PID=4945) to work on /home/nanah/airflow_venv/lib/python3.10/site-packages/airflow/example_dags/subdags/subdag.py
[2023-06-11T00:21:28.883+0200] {processor.py:758} INFO - Processing file /home/nanah/airflow_venv/lib/python3.10/site-packages/airflow/example_dags/subdags/subdag.py for tasks to queue
[2023-06-11T00:21:28.885+0200] {logging_mixin.py:117} INFO - [2023-06-11T00:21:28.885+0200] {dagbag.py:525} INFO - Filling up the DagBag from /home/nanah/airflow_venv/lib/python3.10/site-packages/airflow/example_dags/subdags/subdag.py
[2023-06-11T00:21:28.894+0200] {processor.py:770} WARNING - No viable dags retrieved from /home/nanah/airflow_venv/lib/python3.10/site-packages/airflow/example_dags/subdags/subdag.py
[2023-06-11T00:21:28.943+0200] {processor.py:178} INFO - Processing /home/nanah/airflow_venv/lib/python3.10/site-packages/airflow/example_dags/subdags/subdag.py took 0.073 seconds
[2023-06-11T00:22:38.305+0200] {processor.py:156} INFO - Started process (PID=4981) to work on /home/nanah/airflow_venv/lib/python3.10/site-packages/airflow/example_dags/subdags/subdag.py
[2023-06-11T00:22:38.324+0200] {processor.py:758} INFO - Processing file /home/nanah/airflow_venv/lib/python3.10/site-packages/airflow/example_dags/subdags/subdag.py for tasks to queue
[2023-06-11T00:22:38.337+0200] {logging_mixin.py:117} INFO - [2023-06-11T00:22:38.334+0200] {dagbag.py:525} INFO - Filling up the DagBag from /home/nanah/airflow_venv/lib/python3.10/site-packages/airflow/example_dags/subdags/subdag.py
[2023-06-11T00:22:38.404+0200] {processor.py:770} WARNING - No viable dags retrieved from /home/nanah/airflow_venv/lib/python3.10/site-packages/airflow/example_dags/subdags/subdag.py
[2023-06-11T00:22:38.510+0200] {processor.py:178} INFO - Processing /home/nanah/airflow_venv/lib/python3.10/site-packages/airflow/example_dags/subdags/subdag.py took 0.286 seconds
[2023-06-11T00:23:33.855+0200] {processor.py:156} INFO - Started process (PID=5015) to work on /home/nanah/airflow_venv/lib/python3.10/site-packages/airflow/example_dags/subdags/subdag.py
[2023-06-11T00:23:33.885+0200] {processor.py:758} INFO - Processing file /home/nanah/airflow_venv/lib/python3.10/site-packages/airflow/example_dags/subdags/subdag.py for tasks to queue
[2023-06-11T00:23:33.902+0200] {logging_mixin.py:117} INFO - [2023-06-11T00:23:33.901+0200] {dagbag.py:525} INFO - Filling up the DagBag from /home/nanah/airflow_venv/lib/python3.10/site-packages/airflow/example_dags/subdags/subdag.py
[2023-06-11T00:23:34.030+0200] {processor.py:770} WARNING - No viable dags retrieved from /home/nanah/airflow_venv/lib/python3.10/site-packages/airflow/example_dags/subdags/subdag.py
[2023-06-11T00:23:35.030+0200] {processor.py:178} INFO - Processing /home/nanah/airflow_venv/lib/python3.10/site-packages/airflow/example_dags/subdags/subdag.py took 1.243 seconds
[2023-06-11T00:24:54.751+0200] {processor.py:156} INFO - Started process (PID=5052) to work on /home/nanah/airflow_venv/lib/python3.10/site-packages/airflow/example_dags/subdags/subdag.py
[2023-06-11T00:24:54.788+0200] {processor.py:758} INFO - Processing file /home/nanah/airflow_venv/lib/python3.10/site-packages/airflow/example_dags/subdags/subdag.py for tasks to queue
[2023-06-11T00:24:54.790+0200] {logging_mixin.py:117} INFO - [2023-06-11T00:24:54.789+0200] {dagbag.py:525} INFO - Filling up the DagBag from /home/nanah/airflow_venv/lib/python3.10/site-packages/airflow/example_dags/subdags/subdag.py
[2023-06-11T00:24:54.822+0200] {processor.py:770} WARNING - No viable dags retrieved from /home/nanah/airflow_venv/lib/python3.10/site-packages/airflow/example_dags/subdags/subdag.py
[2023-06-11T00:24:54.901+0200] {processor.py:178} INFO - Processing /home/nanah/airflow_venv/lib/python3.10/site-packages/airflow/example_dags/subdags/subdag.py took 0.169 seconds
[2023-06-11T00:26:31.316+0200] {processor.py:156} INFO - Started process (PID=5087) to work on /home/nanah/airflow_venv/lib/python3.10/site-packages/airflow/example_dags/subdags/subdag.py
[2023-06-11T00:26:31.326+0200] {processor.py:758} INFO - Processing file /home/nanah/airflow_venv/lib/python3.10/site-packages/airflow/example_dags/subdags/subdag.py for tasks to queue
[2023-06-11T00:26:31.327+0200] {logging_mixin.py:117} INFO - [2023-06-11T00:26:31.327+0200] {dagbag.py:525} INFO - Filling up the DagBag from /home/nanah/airflow_venv/lib/python3.10/site-packages/airflow/example_dags/subdags/subdag.py
[2023-06-11T00:26:31.341+0200] {processor.py:770} WARNING - No viable dags retrieved from /home/nanah/airflow_venv/lib/python3.10/site-packages/airflow/example_dags/subdags/subdag.py
[2023-06-11T00:26:31.380+0200] {processor.py:178} INFO - Processing /home/nanah/airflow_venv/lib/python3.10/site-packages/airflow/example_dags/subdags/subdag.py took 0.070 seconds
[2023-06-11T00:27:28.766+0200] {processor.py:156} INFO - Started process (PID=5124) to work on /home/nanah/airflow_venv/lib/python3.10/site-packages/airflow/example_dags/subdags/subdag.py
[2023-06-11T00:27:28.778+0200] {processor.py:758} INFO - Processing file /home/nanah/airflow_venv/lib/python3.10/site-packages/airflow/example_dags/subdags/subdag.py for tasks to queue
[2023-06-11T00:27:28.779+0200] {logging_mixin.py:117} INFO - [2023-06-11T00:27:28.779+0200] {dagbag.py:525} INFO - Filling up the DagBag from /home/nanah/airflow_venv/lib/python3.10/site-packages/airflow/example_dags/subdags/subdag.py
[2023-06-11T00:27:28.787+0200] {processor.py:770} WARNING - No viable dags retrieved from /home/nanah/airflow_venv/lib/python3.10/site-packages/airflow/example_dags/subdags/subdag.py
[2023-06-11T00:27:28.813+0200] {processor.py:178} INFO - Processing /home/nanah/airflow_venv/lib/python3.10/site-packages/airflow/example_dags/subdags/subdag.py took 0.056 seconds
[2023-06-11T00:28:30.194+0200] {processor.py:156} INFO - Started process (PID=5160) to work on /home/nanah/airflow_venv/lib/python3.10/site-packages/airflow/example_dags/subdags/subdag.py
[2023-06-11T00:28:30.199+0200] {processor.py:758} INFO - Processing file /home/nanah/airflow_venv/lib/python3.10/site-packages/airflow/example_dags/subdags/subdag.py for tasks to queue
[2023-06-11T00:28:30.202+0200] {logging_mixin.py:117} INFO - [2023-06-11T00:28:30.202+0200] {dagbag.py:525} INFO - Filling up the DagBag from /home/nanah/airflow_venv/lib/python3.10/site-packages/airflow/example_dags/subdags/subdag.py
[2023-06-11T00:28:30.211+0200] {processor.py:770} WARNING - No viable dags retrieved from /home/nanah/airflow_venv/lib/python3.10/site-packages/airflow/example_dags/subdags/subdag.py
[2023-06-11T00:28:30.243+0200] {processor.py:178} INFO - Processing /home/nanah/airflow_venv/lib/python3.10/site-packages/airflow/example_dags/subdags/subdag.py took 0.056 seconds
[2023-06-11T00:29:25.467+0200] {processor.py:156} INFO - Started process (PID=5194) to work on /home/nanah/airflow_venv/lib/python3.10/site-packages/airflow/example_dags/subdags/subdag.py
[2023-06-11T00:29:25.475+0200] {processor.py:758} INFO - Processing file /home/nanah/airflow_venv/lib/python3.10/site-packages/airflow/example_dags/subdags/subdag.py for tasks to queue
[2023-06-11T00:29:25.480+0200] {logging_mixin.py:117} INFO - [2023-06-11T00:29:25.478+0200] {dagbag.py:525} INFO - Filling up the DagBag from /home/nanah/airflow_venv/lib/python3.10/site-packages/airflow/example_dags/subdags/subdag.py
[2023-06-11T00:29:25.491+0200] {processor.py:770} WARNING - No viable dags retrieved from /home/nanah/airflow_venv/lib/python3.10/site-packages/airflow/example_dags/subdags/subdag.py
[2023-06-11T00:29:25.517+0200] {processor.py:178} INFO - Processing /home/nanah/airflow_venv/lib/python3.10/site-packages/airflow/example_dags/subdags/subdag.py took 0.059 seconds
[2023-06-11T00:30:37.096+0200] {processor.py:156} INFO - Started process (PID=5231) to work on /home/nanah/airflow_venv/lib/python3.10/site-packages/airflow/example_dags/subdags/subdag.py
[2023-06-11T00:30:37.107+0200] {processor.py:758} INFO - Processing file /home/nanah/airflow_venv/lib/python3.10/site-packages/airflow/example_dags/subdags/subdag.py for tasks to queue
[2023-06-11T00:30:37.108+0200] {logging_mixin.py:117} INFO - [2023-06-11T00:30:37.108+0200] {dagbag.py:525} INFO - Filling up the DagBag from /home/nanah/airflow_venv/lib/python3.10/site-packages/airflow/example_dags/subdags/subdag.py
[2023-06-11T00:30:37.121+0200] {processor.py:770} WARNING - No viable dags retrieved from /home/nanah/airflow_venv/lib/python3.10/site-packages/airflow/example_dags/subdags/subdag.py
[2023-06-11T00:30:37.154+0200] {processor.py:178} INFO - Processing /home/nanah/airflow_venv/lib/python3.10/site-packages/airflow/example_dags/subdags/subdag.py took 0.065 seconds
[2023-06-11T00:31:35.615+0200] {processor.py:156} INFO - Started process (PID=5266) to work on /home/nanah/airflow_venv/lib/python3.10/site-packages/airflow/example_dags/subdags/subdag.py
[2023-06-11T00:31:35.621+0200] {processor.py:758} INFO - Processing file /home/nanah/airflow_venv/lib/python3.10/site-packages/airflow/example_dags/subdags/subdag.py for tasks to queue
[2023-06-11T00:31:35.625+0200] {logging_mixin.py:117} INFO - [2023-06-11T00:31:35.623+0200] {dagbag.py:525} INFO - Filling up the DagBag from /home/nanah/airflow_venv/lib/python3.10/site-packages/airflow/example_dags/subdags/subdag.py
[2023-06-11T00:31:35.635+0200] {processor.py:770} WARNING - No viable dags retrieved from /home/nanah/airflow_venv/lib/python3.10/site-packages/airflow/example_dags/subdags/subdag.py
[2023-06-11T00:31:35.677+0200] {processor.py:178} INFO - Processing /home/nanah/airflow_venv/lib/python3.10/site-packages/airflow/example_dags/subdags/subdag.py took 0.069 seconds
[2023-06-11T00:32:31.465+0200] {processor.py:156} INFO - Started process (PID=5301) to work on /home/nanah/airflow_venv/lib/python3.10/site-packages/airflow/example_dags/subdags/subdag.py
[2023-06-11T00:32:31.475+0200] {processor.py:758} INFO - Processing file /home/nanah/airflow_venv/lib/python3.10/site-packages/airflow/example_dags/subdags/subdag.py for tasks to queue
[2023-06-11T00:32:31.476+0200] {logging_mixin.py:117} INFO - [2023-06-11T00:32:31.476+0200] {dagbag.py:525} INFO - Filling up the DagBag from /home/nanah/airflow_venv/lib/python3.10/site-packages/airflow/example_dags/subdags/subdag.py
[2023-06-11T00:32:31.492+0200] {processor.py:770} WARNING - No viable dags retrieved from /home/nanah/airflow_venv/lib/python3.10/site-packages/airflow/example_dags/subdags/subdag.py
[2023-06-11T00:32:31.534+0200] {processor.py:178} INFO - Processing /home/nanah/airflow_venv/lib/python3.10/site-packages/airflow/example_dags/subdags/subdag.py took 0.077 seconds
[2023-06-11T00:33:24.551+0200] {processor.py:156} INFO - Started process (PID=5337) to work on /home/nanah/airflow_venv/lib/python3.10/site-packages/airflow/example_dags/subdags/subdag.py
[2023-06-11T00:33:24.562+0200] {processor.py:758} INFO - Processing file /home/nanah/airflow_venv/lib/python3.10/site-packages/airflow/example_dags/subdags/subdag.py for tasks to queue
[2023-06-11T00:33:24.564+0200] {logging_mixin.py:117} INFO - [2023-06-11T00:33:24.563+0200] {dagbag.py:525} INFO - Filling up the DagBag from /home/nanah/airflow_venv/lib/python3.10/site-packages/airflow/example_dags/subdags/subdag.py
[2023-06-11T00:33:24.578+0200] {processor.py:770} WARNING - No viable dags retrieved from /home/nanah/airflow_venv/lib/python3.10/site-packages/airflow/example_dags/subdags/subdag.py
[2023-06-11T00:33:24.610+0200] {processor.py:178} INFO - Processing /home/nanah/airflow_venv/lib/python3.10/site-packages/airflow/example_dags/subdags/subdag.py took 0.066 seconds
[2023-06-11T00:34:23.573+0200] {processor.py:156} INFO - Started process (PID=5372) to work on /home/nanah/airflow_venv/lib/python3.10/site-packages/airflow/example_dags/subdags/subdag.py
[2023-06-11T00:34:23.580+0200] {processor.py:758} INFO - Processing file /home/nanah/airflow_venv/lib/python3.10/site-packages/airflow/example_dags/subdags/subdag.py for tasks to queue
[2023-06-11T00:34:23.585+0200] {logging_mixin.py:117} INFO - [2023-06-11T00:34:23.585+0200] {dagbag.py:525} INFO - Filling up the DagBag from /home/nanah/airflow_venv/lib/python3.10/site-packages/airflow/example_dags/subdags/subdag.py
[2023-06-11T00:34:23.602+0200] {processor.py:770} WARNING - No viable dags retrieved from /home/nanah/airflow_venv/lib/python3.10/site-packages/airflow/example_dags/subdags/subdag.py
[2023-06-11T00:34:23.633+0200] {processor.py:178} INFO - Processing /home/nanah/airflow_venv/lib/python3.10/site-packages/airflow/example_dags/subdags/subdag.py took 0.070 seconds
[2023-06-11T00:35:28.004+0200] {processor.py:156} INFO - Started process (PID=5411) to work on /home/nanah/airflow_venv/lib/python3.10/site-packages/airflow/example_dags/subdags/subdag.py
[2023-06-11T00:35:28.009+0200] {processor.py:758} INFO - Processing file /home/nanah/airflow_venv/lib/python3.10/site-packages/airflow/example_dags/subdags/subdag.py for tasks to queue
[2023-06-11T00:35:28.011+0200] {logging_mixin.py:117} INFO - [2023-06-11T00:35:28.010+0200] {dagbag.py:525} INFO - Filling up the DagBag from /home/nanah/airflow_venv/lib/python3.10/site-packages/airflow/example_dags/subdags/subdag.py
[2023-06-11T00:35:28.021+0200] {processor.py:770} WARNING - No viable dags retrieved from /home/nanah/airflow_venv/lib/python3.10/site-packages/airflow/example_dags/subdags/subdag.py
[2023-06-11T00:35:28.040+0200] {processor.py:178} INFO - Processing /home/nanah/airflow_venv/lib/python3.10/site-packages/airflow/example_dags/subdags/subdag.py took 0.047 seconds
[2023-06-11T00:36:11.760+0200] {processor.py:156} INFO - Started process (PID=5444) to work on /home/nanah/airflow_venv/lib/python3.10/site-packages/airflow/example_dags/subdags/subdag.py
[2023-06-11T00:36:11.763+0200] {processor.py:758} INFO - Processing file /home/nanah/airflow_venv/lib/python3.10/site-packages/airflow/example_dags/subdags/subdag.py for tasks to queue
[2023-06-11T00:36:11.764+0200] {logging_mixin.py:117} INFO - [2023-06-11T00:36:11.764+0200] {dagbag.py:525} INFO - Filling up the DagBag from /home/nanah/airflow_venv/lib/python3.10/site-packages/airflow/example_dags/subdags/subdag.py
[2023-06-11T00:36:11.774+0200] {processor.py:770} WARNING - No viable dags retrieved from /home/nanah/airflow_venv/lib/python3.10/site-packages/airflow/example_dags/subdags/subdag.py
[2023-06-11T00:36:11.800+0200] {processor.py:178} INFO - Processing /home/nanah/airflow_venv/lib/python3.10/site-packages/airflow/example_dags/subdags/subdag.py took 0.057 seconds
[2023-06-11T00:36:55.535+0200] {processor.py:156} INFO - Started process (PID=5478) to work on /home/nanah/airflow_venv/lib/python3.10/site-packages/airflow/example_dags/subdags/subdag.py
[2023-06-11T00:36:55.548+0200] {processor.py:758} INFO - Processing file /home/nanah/airflow_venv/lib/python3.10/site-packages/airflow/example_dags/subdags/subdag.py for tasks to queue
[2023-06-11T00:36:55.550+0200] {logging_mixin.py:117} INFO - [2023-06-11T00:36:55.549+0200] {dagbag.py:525} INFO - Filling up the DagBag from /home/nanah/airflow_venv/lib/python3.10/site-packages/airflow/example_dags/subdags/subdag.py
[2023-06-11T00:36:55.568+0200] {processor.py:770} WARNING - No viable dags retrieved from /home/nanah/airflow_venv/lib/python3.10/site-packages/airflow/example_dags/subdags/subdag.py
[2023-06-11T00:36:55.633+0200] {processor.py:178} INFO - Processing /home/nanah/airflow_venv/lib/python3.10/site-packages/airflow/example_dags/subdags/subdag.py took 0.116 seconds
[2023-06-11T00:37:42.752+0200] {processor.py:156} INFO - Started process (PID=5512) to work on /home/nanah/airflow_venv/lib/python3.10/site-packages/airflow/example_dags/subdags/subdag.py
[2023-06-11T00:37:42.759+0200] {processor.py:758} INFO - Processing file /home/nanah/airflow_venv/lib/python3.10/site-packages/airflow/example_dags/subdags/subdag.py for tasks to queue
[2023-06-11T00:37:42.760+0200] {logging_mixin.py:117} INFO - [2023-06-11T00:37:42.760+0200] {dagbag.py:525} INFO - Filling up the DagBag from /home/nanah/airflow_venv/lib/python3.10/site-packages/airflow/example_dags/subdags/subdag.py
[2023-06-11T00:37:42.770+0200] {processor.py:770} WARNING - No viable dags retrieved from /home/nanah/airflow_venv/lib/python3.10/site-packages/airflow/example_dags/subdags/subdag.py
[2023-06-11T00:37:42.801+0200] {processor.py:178} INFO - Processing /home/nanah/airflow_venv/lib/python3.10/site-packages/airflow/example_dags/subdags/subdag.py took 0.069 seconds
[2023-06-11T00:38:33.699+0200] {processor.py:156} INFO - Started process (PID=5548) to work on /home/nanah/airflow_venv/lib/python3.10/site-packages/airflow/example_dags/subdags/subdag.py
[2023-06-11T00:38:33.713+0200] {processor.py:758} INFO - Processing file /home/nanah/airflow_venv/lib/python3.10/site-packages/airflow/example_dags/subdags/subdag.py for tasks to queue
[2023-06-11T00:38:33.715+0200] {logging_mixin.py:117} INFO - [2023-06-11T00:38:33.714+0200] {dagbag.py:525} INFO - Filling up the DagBag from /home/nanah/airflow_venv/lib/python3.10/site-packages/airflow/example_dags/subdags/subdag.py
[2023-06-11T00:38:33.722+0200] {processor.py:770} WARNING - No viable dags retrieved from /home/nanah/airflow_venv/lib/python3.10/site-packages/airflow/example_dags/subdags/subdag.py
[2023-06-11T00:38:33.797+0200] {processor.py:178} INFO - Processing /home/nanah/airflow_venv/lib/python3.10/site-packages/airflow/example_dags/subdags/subdag.py took 0.125 seconds
[2023-06-11T00:39:17.377+0200] {processor.py:156} INFO - Started process (PID=5581) to work on /home/nanah/airflow_venv/lib/python3.10/site-packages/airflow/example_dags/subdags/subdag.py
[2023-06-11T00:39:17.385+0200] {processor.py:758} INFO - Processing file /home/nanah/airflow_venv/lib/python3.10/site-packages/airflow/example_dags/subdags/subdag.py for tasks to queue
[2023-06-11T00:39:17.391+0200] {logging_mixin.py:117} INFO - [2023-06-11T00:39:17.390+0200] {dagbag.py:525} INFO - Filling up the DagBag from /home/nanah/airflow_venv/lib/python3.10/site-packages/airflow/example_dags/subdags/subdag.py
[2023-06-11T00:39:17.412+0200] {processor.py:770} WARNING - No viable dags retrieved from /home/nanah/airflow_venv/lib/python3.10/site-packages/airflow/example_dags/subdags/subdag.py
[2023-06-11T00:39:17.462+0200] {processor.py:178} INFO - Processing /home/nanah/airflow_venv/lib/python3.10/site-packages/airflow/example_dags/subdags/subdag.py took 0.103 seconds
[2023-06-11T00:40:01.129+0200] {processor.py:156} INFO - Started process (PID=5615) to work on /home/nanah/airflow_venv/lib/python3.10/site-packages/airflow/example_dags/subdags/subdag.py
[2023-06-11T00:40:01.134+0200] {processor.py:758} INFO - Processing file /home/nanah/airflow_venv/lib/python3.10/site-packages/airflow/example_dags/subdags/subdag.py for tasks to queue
[2023-06-11T00:40:01.136+0200] {logging_mixin.py:117} INFO - [2023-06-11T00:40:01.136+0200] {dagbag.py:525} INFO - Filling up the DagBag from /home/nanah/airflow_venv/lib/python3.10/site-packages/airflow/example_dags/subdags/subdag.py
[2023-06-11T00:40:01.145+0200] {processor.py:770} WARNING - No viable dags retrieved from /home/nanah/airflow_venv/lib/python3.10/site-packages/airflow/example_dags/subdags/subdag.py
[2023-06-11T00:40:01.198+0200] {processor.py:178} INFO - Processing /home/nanah/airflow_venv/lib/python3.10/site-packages/airflow/example_dags/subdags/subdag.py took 0.080 seconds
[2023-06-11T00:40:43.977+0200] {processor.py:156} INFO - Started process (PID=5649) to work on /home/nanah/airflow_venv/lib/python3.10/site-packages/airflow/example_dags/subdags/subdag.py
[2023-06-11T00:40:43.986+0200] {processor.py:758} INFO - Processing file /home/nanah/airflow_venv/lib/python3.10/site-packages/airflow/example_dags/subdags/subdag.py for tasks to queue
[2023-06-11T00:40:43.990+0200] {logging_mixin.py:117} INFO - [2023-06-11T00:40:43.989+0200] {dagbag.py:525} INFO - Filling up the DagBag from /home/nanah/airflow_venv/lib/python3.10/site-packages/airflow/example_dags/subdags/subdag.py
[2023-06-11T00:40:44.019+0200] {processor.py:770} WARNING - No viable dags retrieved from /home/nanah/airflow_venv/lib/python3.10/site-packages/airflow/example_dags/subdags/subdag.py
[2023-06-11T00:40:44.040+0200] {processor.py:178} INFO - Processing /home/nanah/airflow_venv/lib/python3.10/site-packages/airflow/example_dags/subdags/subdag.py took 0.082 seconds
[2023-06-11T00:41:26.876+0200] {processor.py:156} INFO - Started process (PID=5683) to work on /home/nanah/airflow_venv/lib/python3.10/site-packages/airflow/example_dags/subdags/subdag.py
[2023-06-11T00:41:26.908+0200] {processor.py:758} INFO - Processing file /home/nanah/airflow_venv/lib/python3.10/site-packages/airflow/example_dags/subdags/subdag.py for tasks to queue
[2023-06-11T00:41:26.922+0200] {logging_mixin.py:117} INFO - [2023-06-11T00:41:26.920+0200] {dagbag.py:525} INFO - Filling up the DagBag from /home/nanah/airflow_venv/lib/python3.10/site-packages/airflow/example_dags/subdags/subdag.py
[2023-06-11T00:41:26.978+0200] {processor.py:770} WARNING - No viable dags retrieved from /home/nanah/airflow_venv/lib/python3.10/site-packages/airflow/example_dags/subdags/subdag.py
[2023-06-11T00:41:27.003+0200] {processor.py:178} INFO - Processing /home/nanah/airflow_venv/lib/python3.10/site-packages/airflow/example_dags/subdags/subdag.py took 0.165 seconds
[2023-06-11T00:42:14.034+0200] {processor.py:156} INFO - Started process (PID=5721) to work on /home/nanah/airflow_venv/lib/python3.10/site-packages/airflow/example_dags/subdags/subdag.py
[2023-06-11T00:42:14.038+0200] {processor.py:758} INFO - Processing file /home/nanah/airflow_venv/lib/python3.10/site-packages/airflow/example_dags/subdags/subdag.py for tasks to queue
[2023-06-11T00:42:14.048+0200] {logging_mixin.py:117} INFO - [2023-06-11T00:42:14.048+0200] {dagbag.py:525} INFO - Filling up the DagBag from /home/nanah/airflow_venv/lib/python3.10/site-packages/airflow/example_dags/subdags/subdag.py
[2023-06-11T00:42:14.068+0200] {processor.py:770} WARNING - No viable dags retrieved from /home/nanah/airflow_venv/lib/python3.10/site-packages/airflow/example_dags/subdags/subdag.py
[2023-06-11T00:42:14.114+0200] {processor.py:178} INFO - Processing /home/nanah/airflow_venv/lib/python3.10/site-packages/airflow/example_dags/subdags/subdag.py took 0.097 seconds
[2023-06-11T00:43:02.854+0200] {processor.py:156} INFO - Started process (PID=5755) to work on /home/nanah/airflow_venv/lib/python3.10/site-packages/airflow/example_dags/subdags/subdag.py
[2023-06-11T00:43:02.860+0200] {processor.py:758} INFO - Processing file /home/nanah/airflow_venv/lib/python3.10/site-packages/airflow/example_dags/subdags/subdag.py for tasks to queue
[2023-06-11T00:43:02.862+0200] {logging_mixin.py:117} INFO - [2023-06-11T00:43:02.861+0200] {dagbag.py:525} INFO - Filling up the DagBag from /home/nanah/airflow_venv/lib/python3.10/site-packages/airflow/example_dags/subdags/subdag.py
[2023-06-11T00:43:02.873+0200] {processor.py:770} WARNING - No viable dags retrieved from /home/nanah/airflow_venv/lib/python3.10/site-packages/airflow/example_dags/subdags/subdag.py
[2023-06-11T00:43:02.901+0200] {processor.py:178} INFO - Processing /home/nanah/airflow_venv/lib/python3.10/site-packages/airflow/example_dags/subdags/subdag.py took 0.058 seconds
[2023-06-11T00:43:46.513+0200] {processor.py:156} INFO - Started process (PID=5789) to work on /home/nanah/airflow_venv/lib/python3.10/site-packages/airflow/example_dags/subdags/subdag.py
[2023-06-11T00:43:46.520+0200] {processor.py:758} INFO - Processing file /home/nanah/airflow_venv/lib/python3.10/site-packages/airflow/example_dags/subdags/subdag.py for tasks to queue
[2023-06-11T00:43:46.522+0200] {logging_mixin.py:117} INFO - [2023-06-11T00:43:46.521+0200] {dagbag.py:525} INFO - Filling up the DagBag from /home/nanah/airflow_venv/lib/python3.10/site-packages/airflow/example_dags/subdags/subdag.py
[2023-06-11T00:43:46.538+0200] {processor.py:770} WARNING - No viable dags retrieved from /home/nanah/airflow_venv/lib/python3.10/site-packages/airflow/example_dags/subdags/subdag.py
[2023-06-11T00:43:46.573+0200] {processor.py:178} INFO - Processing /home/nanah/airflow_venv/lib/python3.10/site-packages/airflow/example_dags/subdags/subdag.py took 0.068 seconds
[2023-06-11T00:44:35.660+0200] {processor.py:156} INFO - Started process (PID=5823) to work on /home/nanah/airflow_venv/lib/python3.10/site-packages/airflow/example_dags/subdags/subdag.py
[2023-06-11T00:44:35.665+0200] {processor.py:758} INFO - Processing file /home/nanah/airflow_venv/lib/python3.10/site-packages/airflow/example_dags/subdags/subdag.py for tasks to queue
[2023-06-11T00:44:35.666+0200] {logging_mixin.py:117} INFO - [2023-06-11T00:44:35.666+0200] {dagbag.py:525} INFO - Filling up the DagBag from /home/nanah/airflow_venv/lib/python3.10/site-packages/airflow/example_dags/subdags/subdag.py
[2023-06-11T00:44:35.677+0200] {processor.py:770} WARNING - No viable dags retrieved from /home/nanah/airflow_venv/lib/python3.10/site-packages/airflow/example_dags/subdags/subdag.py
[2023-06-11T00:44:35.705+0200] {processor.py:178} INFO - Processing /home/nanah/airflow_venv/lib/python3.10/site-packages/airflow/example_dags/subdags/subdag.py took 0.054 seconds
[2023-06-11T00:45:24.790+0200] {processor.py:156} INFO - Started process (PID=5858) to work on /home/nanah/airflow_venv/lib/python3.10/site-packages/airflow/example_dags/subdags/subdag.py
[2023-06-11T00:45:24.803+0200] {processor.py:758} INFO - Processing file /home/nanah/airflow_venv/lib/python3.10/site-packages/airflow/example_dags/subdags/subdag.py for tasks to queue
[2023-06-11T00:45:24.805+0200] {logging_mixin.py:117} INFO - [2023-06-11T00:45:24.804+0200] {dagbag.py:525} INFO - Filling up the DagBag from /home/nanah/airflow_venv/lib/python3.10/site-packages/airflow/example_dags/subdags/subdag.py
[2023-06-11T00:45:24.829+0200] {processor.py:770} WARNING - No viable dags retrieved from /home/nanah/airflow_venv/lib/python3.10/site-packages/airflow/example_dags/subdags/subdag.py
[2023-06-11T00:45:24.887+0200] {processor.py:178} INFO - Processing /home/nanah/airflow_venv/lib/python3.10/site-packages/airflow/example_dags/subdags/subdag.py took 0.105 seconds
