[2023-06-11T00:11:58.572+0200] {processor.py:156} INFO - Started process (PID=4605) to work on /home/nanah/airflow_venv/lib/python3.10/site-packages/airflow/example_dags/example_branch_operator.py
[2023-06-11T00:11:58.575+0200] {processor.py:758} INFO - Processing file /home/nanah/airflow_venv/lib/python3.10/site-packages/airflow/example_dags/example_branch_operator.py for tasks to queue
[2023-06-11T00:11:58.576+0200] {logging_mixin.py:117} INFO - [2023-06-11T00:11:58.576+0200] {dagbag.py:525} INFO - Filling up the DagBag from /home/nanah/airflow_venv/lib/python3.10/site-packages/airflow/example_dags/example_branch_operator.py
[2023-06-11T00:11:58.635+0200] {processor.py:768} INFO - DAG(s) dict_keys(['example_branch_operator']) retrieved from /home/nanah/airflow_venv/lib/python3.10/site-packages/airflow/example_dags/example_branch_operator.py
[2023-06-11T00:11:58.757+0200] {logging_mixin.py:117} INFO - [2023-06-11T00:11:58.756+0200] {dag.py:2573} INFO - Sync 1 DAGs
[2023-06-11T00:11:58.868+0200] {logging_mixin.py:117} INFO - [2023-06-11T00:11:58.868+0200] {dag.py:3324} INFO - Setting next_dagrun for example_branch_operator to 2023-06-09T00:00:00+00:00, run_after=2023-06-10T00:00:00+00:00
[2023-06-11T00:11:58.946+0200] {processor.py:178} INFO - Processing /home/nanah/airflow_venv/lib/python3.10/site-packages/airflow/example_dags/example_branch_operator.py took 0.392 seconds
[2023-06-11T00:13:05.363+0200] {processor.py:156} INFO - Started process (PID=4645) to work on /home/nanah/airflow_venv/lib/python3.10/site-packages/airflow/example_dags/example_branch_operator.py
[2023-06-11T00:13:05.373+0200] {processor.py:758} INFO - Processing file /home/nanah/airflow_venv/lib/python3.10/site-packages/airflow/example_dags/example_branch_operator.py for tasks to queue
[2023-06-11T00:13:05.377+0200] {logging_mixin.py:117} INFO - [2023-06-11T00:13:05.377+0200] {dagbag.py:525} INFO - Filling up the DagBag from /home/nanah/airflow_venv/lib/python3.10/site-packages/airflow/example_dags/example_branch_operator.py
[2023-06-11T00:13:05.489+0200] {processor.py:768} INFO - DAG(s) dict_keys(['example_branch_operator']) retrieved from /home/nanah/airflow_venv/lib/python3.10/site-packages/airflow/example_dags/example_branch_operator.py
[2023-06-11T00:13:05.662+0200] {logging_mixin.py:117} INFO - [2023-06-11T00:13:05.661+0200] {dag.py:2573} INFO - Sync 1 DAGs
[2023-06-11T00:13:05.788+0200] {logging_mixin.py:117} INFO - [2023-06-11T00:13:05.787+0200] {dag.py:3324} INFO - Setting next_dagrun for example_branch_operator to 2023-06-09T00:00:00+00:00, run_after=2023-06-10T00:00:00+00:00
[2023-06-11T00:13:05.948+0200] {processor.py:178} INFO - Processing /home/nanah/airflow_venv/lib/python3.10/site-packages/airflow/example_dags/example_branch_operator.py took 0.602 seconds
[2023-06-11T00:14:21.616+0200] {processor.py:156} INFO - Started process (PID=4681) to work on /home/nanah/airflow_venv/lib/python3.10/site-packages/airflow/example_dags/example_branch_operator.py
[2023-06-11T00:14:21.643+0200] {processor.py:758} INFO - Processing file /home/nanah/airflow_venv/lib/python3.10/site-packages/airflow/example_dags/example_branch_operator.py for tasks to queue
[2023-06-11T00:14:21.644+0200] {logging_mixin.py:117} INFO - [2023-06-11T00:14:21.644+0200] {dagbag.py:525} INFO - Filling up the DagBag from /home/nanah/airflow_venv/lib/python3.10/site-packages/airflow/example_dags/example_branch_operator.py
[2023-06-11T00:14:21.720+0200] {processor.py:768} INFO - DAG(s) dict_keys(['example_branch_operator']) retrieved from /home/nanah/airflow_venv/lib/python3.10/site-packages/airflow/example_dags/example_branch_operator.py
[2023-06-11T00:14:21.973+0200] {logging_mixin.py:117} INFO - [2023-06-11T00:14:21.973+0200] {dag.py:2573} INFO - Sync 1 DAGs
[2023-06-11T00:14:22.038+0200] {logging_mixin.py:117} INFO - [2023-06-11T00:14:22.037+0200] {dag.py:3324} INFO - Setting next_dagrun for example_branch_operator to 2023-06-09T00:00:00+00:00, run_after=2023-06-10T00:00:00+00:00
[2023-06-11T00:14:22.250+0200] {processor.py:178} INFO - Processing /home/nanah/airflow_venv/lib/python3.10/site-packages/airflow/example_dags/example_branch_operator.py took 0.639 seconds
[2023-06-11T00:15:57.111+0200] {processor.py:156} INFO - Started process (PID=4724) to work on /home/nanah/airflow_venv/lib/python3.10/site-packages/airflow/example_dags/example_branch_operator.py
[2023-06-11T00:15:57.131+0200] {processor.py:758} INFO - Processing file /home/nanah/airflow_venv/lib/python3.10/site-packages/airflow/example_dags/example_branch_operator.py for tasks to queue
[2023-06-11T00:15:57.133+0200] {logging_mixin.py:117} INFO - [2023-06-11T00:15:57.133+0200] {dagbag.py:525} INFO - Filling up the DagBag from /home/nanah/airflow_venv/lib/python3.10/site-packages/airflow/example_dags/example_branch_operator.py
[2023-06-11T00:15:57.292+0200] {processor.py:768} INFO - DAG(s) dict_keys(['example_branch_operator']) retrieved from /home/nanah/airflow_venv/lib/python3.10/site-packages/airflow/example_dags/example_branch_operator.py
[2023-06-11T00:15:57.626+0200] {logging_mixin.py:117} INFO - [2023-06-11T00:15:57.625+0200] {dag.py:2573} INFO - Sync 1 DAGs
[2023-06-11T00:15:57.795+0200] {logging_mixin.py:117} INFO - [2023-06-11T00:15:57.794+0200] {dag.py:3324} INFO - Setting next_dagrun for example_branch_operator to 2023-06-09T00:00:00+00:00, run_after=2023-06-10T00:00:00+00:00
[2023-06-11T00:15:58.548+0200] {processor.py:178} INFO - Processing /home/nanah/airflow_venv/lib/python3.10/site-packages/airflow/example_dags/example_branch_operator.py took 1.456 seconds
[2023-06-11T00:16:54.323+0200] {processor.py:156} INFO - Started process (PID=4768) to work on /home/nanah/airflow_venv/lib/python3.10/site-packages/airflow/example_dags/example_branch_operator.py
[2023-06-11T00:16:54.331+0200] {processor.py:758} INFO - Processing file /home/nanah/airflow_venv/lib/python3.10/site-packages/airflow/example_dags/example_branch_operator.py for tasks to queue
[2023-06-11T00:16:54.333+0200] {logging_mixin.py:117} INFO - [2023-06-11T00:16:54.333+0200] {dagbag.py:525} INFO - Filling up the DagBag from /home/nanah/airflow_venv/lib/python3.10/site-packages/airflow/example_dags/example_branch_operator.py
[2023-06-11T00:16:54.455+0200] {processor.py:768} INFO - DAG(s) dict_keys(['example_branch_operator']) retrieved from /home/nanah/airflow_venv/lib/python3.10/site-packages/airflow/example_dags/example_branch_operator.py
[2023-06-11T00:16:54.610+0200] {logging_mixin.py:117} INFO - [2023-06-11T00:16:54.610+0200] {dag.py:2573} INFO - Sync 1 DAGs
[2023-06-11T00:16:54.692+0200] {logging_mixin.py:117} INFO - [2023-06-11T00:16:54.691+0200] {dag.py:3324} INFO - Setting next_dagrun for example_branch_operator to 2023-06-09T00:00:00+00:00, run_after=2023-06-10T00:00:00+00:00
[2023-06-11T00:16:54.872+0200] {processor.py:178} INFO - Processing /home/nanah/airflow_venv/lib/python3.10/site-packages/airflow/example_dags/example_branch_operator.py took 0.559 seconds
[2023-06-11T00:17:44.655+0200] {processor.py:156} INFO - Started process (PID=4805) to work on /home/nanah/airflow_venv/lib/python3.10/site-packages/airflow/example_dags/example_branch_operator.py
[2023-06-11T00:17:44.660+0200] {processor.py:758} INFO - Processing file /home/nanah/airflow_venv/lib/python3.10/site-packages/airflow/example_dags/example_branch_operator.py for tasks to queue
[2023-06-11T00:17:44.662+0200] {logging_mixin.py:117} INFO - [2023-06-11T00:17:44.662+0200] {dagbag.py:525} INFO - Filling up the DagBag from /home/nanah/airflow_venv/lib/python3.10/site-packages/airflow/example_dags/example_branch_operator.py
[2023-06-11T00:17:44.713+0200] {processor.py:768} INFO - DAG(s) dict_keys(['example_branch_operator']) retrieved from /home/nanah/airflow_venv/lib/python3.10/site-packages/airflow/example_dags/example_branch_operator.py
[2023-06-11T00:17:44.799+0200] {logging_mixin.py:117} INFO - [2023-06-11T00:17:44.799+0200] {dag.py:2573} INFO - Sync 1 DAGs
[2023-06-11T00:17:44.856+0200] {logging_mixin.py:117} INFO - [2023-06-11T00:17:44.856+0200] {dag.py:3324} INFO - Setting next_dagrun for example_branch_operator to 2023-06-09T00:00:00+00:00, run_after=2023-06-10T00:00:00+00:00
[2023-06-11T00:17:44.908+0200] {processor.py:178} INFO - Processing /home/nanah/airflow_venv/lib/python3.10/site-packages/airflow/example_dags/example_branch_operator.py took 0.259 seconds
[2023-06-11T00:18:32.592+0200] {processor.py:156} INFO - Started process (PID=4841) to work on /home/nanah/airflow_venv/lib/python3.10/site-packages/airflow/example_dags/example_branch_operator.py
[2023-06-11T00:18:32.597+0200] {processor.py:758} INFO - Processing file /home/nanah/airflow_venv/lib/python3.10/site-packages/airflow/example_dags/example_branch_operator.py for tasks to queue
[2023-06-11T00:18:32.599+0200] {logging_mixin.py:117} INFO - [2023-06-11T00:18:32.598+0200] {dagbag.py:525} INFO - Filling up the DagBag from /home/nanah/airflow_venv/lib/python3.10/site-packages/airflow/example_dags/example_branch_operator.py
[2023-06-11T00:18:32.638+0200] {processor.py:768} INFO - DAG(s) dict_keys(['example_branch_operator']) retrieved from /home/nanah/airflow_venv/lib/python3.10/site-packages/airflow/example_dags/example_branch_operator.py
[2023-06-11T00:18:32.700+0200] {logging_mixin.py:117} INFO - [2023-06-11T00:18:32.700+0200] {dag.py:2573} INFO - Sync 1 DAGs
[2023-06-11T00:18:32.747+0200] {logging_mixin.py:117} INFO - [2023-06-11T00:18:32.747+0200] {dag.py:3324} INFO - Setting next_dagrun for example_branch_operator to 2023-06-09T00:00:00+00:00, run_after=2023-06-10T00:00:00+00:00
[2023-06-11T00:18:32.804+0200] {processor.py:178} INFO - Processing /home/nanah/airflow_venv/lib/python3.10/site-packages/airflow/example_dags/example_branch_operator.py took 0.218 seconds
[2023-06-11T00:19:14.120+0200] {processor.py:156} INFO - Started process (PID=4874) to work on /home/nanah/airflow_venv/lib/python3.10/site-packages/airflow/example_dags/example_branch_operator.py
[2023-06-11T00:19:14.125+0200] {processor.py:758} INFO - Processing file /home/nanah/airflow_venv/lib/python3.10/site-packages/airflow/example_dags/example_branch_operator.py for tasks to queue
[2023-06-11T00:19:14.127+0200] {logging_mixin.py:117} INFO - [2023-06-11T00:19:14.126+0200] {dagbag.py:525} INFO - Filling up the DagBag from /home/nanah/airflow_venv/lib/python3.10/site-packages/airflow/example_dags/example_branch_operator.py
[2023-06-11T00:19:14.223+0200] {processor.py:768} INFO - DAG(s) dict_keys(['example_branch_operator']) retrieved from /home/nanah/airflow_venv/lib/python3.10/site-packages/airflow/example_dags/example_branch_operator.py
[2023-06-11T00:19:14.354+0200] {logging_mixin.py:117} INFO - [2023-06-11T00:19:14.354+0200] {dag.py:2573} INFO - Sync 1 DAGs
[2023-06-11T00:19:14.453+0200] {logging_mixin.py:117} INFO - [2023-06-11T00:19:14.453+0200] {dag.py:3324} INFO - Setting next_dagrun for example_branch_operator to 2023-06-09T00:00:00+00:00, run_after=2023-06-10T00:00:00+00:00
[2023-06-11T00:19:16.085+0200] {processor.py:178} INFO - Processing /home/nanah/airflow_venv/lib/python3.10/site-packages/airflow/example_dags/example_branch_operator.py took 1.983 seconds
[2023-06-11T00:20:49.207+0200] {processor.py:156} INFO - Started process (PID=4920) to work on /home/nanah/airflow_venv/lib/python3.10/site-packages/airflow/example_dags/example_branch_operator.py
[2023-06-11T00:20:49.220+0200] {processor.py:758} INFO - Processing file /home/nanah/airflow_venv/lib/python3.10/site-packages/airflow/example_dags/example_branch_operator.py for tasks to queue
[2023-06-11T00:20:49.223+0200] {logging_mixin.py:117} INFO - [2023-06-11T00:20:49.223+0200] {dagbag.py:525} INFO - Filling up the DagBag from /home/nanah/airflow_venv/lib/python3.10/site-packages/airflow/example_dags/example_branch_operator.py
[2023-06-11T00:20:49.289+0200] {processor.py:768} INFO - DAG(s) dict_keys(['example_branch_operator']) retrieved from /home/nanah/airflow_venv/lib/python3.10/site-packages/airflow/example_dags/example_branch_operator.py
[2023-06-11T00:20:49.429+0200] {logging_mixin.py:117} INFO - [2023-06-11T00:20:49.429+0200] {dag.py:2573} INFO - Sync 1 DAGs
[2023-06-11T00:20:49.488+0200] {logging_mixin.py:117} INFO - [2023-06-11T00:20:49.488+0200] {dag.py:3324} INFO - Setting next_dagrun for example_branch_operator to 2023-06-09T00:00:00+00:00, run_after=2023-06-10T00:00:00+00:00
[2023-06-11T00:20:49.555+0200] {processor.py:178} INFO - Processing /home/nanah/airflow_venv/lib/python3.10/site-packages/airflow/example_dags/example_branch_operator.py took 0.382 seconds
[2023-06-11T00:21:58.896+0200] {processor.py:156} INFO - Started process (PID=4957) to work on /home/nanah/airflow_venv/lib/python3.10/site-packages/airflow/example_dags/example_branch_operator.py
[2023-06-11T00:21:58.963+0200] {processor.py:758} INFO - Processing file /home/nanah/airflow_venv/lib/python3.10/site-packages/airflow/example_dags/example_branch_operator.py for tasks to queue
[2023-06-11T00:21:58.966+0200] {logging_mixin.py:117} INFO - [2023-06-11T00:21:58.965+0200] {dagbag.py:525} INFO - Filling up the DagBag from /home/nanah/airflow_venv/lib/python3.10/site-packages/airflow/example_dags/example_branch_operator.py
[2023-06-11T00:21:59.130+0200] {processor.py:768} INFO - DAG(s) dict_keys(['example_branch_operator']) retrieved from /home/nanah/airflow_venv/lib/python3.10/site-packages/airflow/example_dags/example_branch_operator.py
[2023-06-11T00:21:59.394+0200] {logging_mixin.py:117} INFO - [2023-06-11T00:21:59.393+0200] {dag.py:2573} INFO - Sync 1 DAGs
[2023-06-11T00:21:59.601+0200] {logging_mixin.py:117} INFO - [2023-06-11T00:21:59.601+0200] {dag.py:3324} INFO - Setting next_dagrun for example_branch_operator to 2023-06-09T00:00:00+00:00, run_after=2023-06-10T00:00:00+00:00
[2023-06-11T00:22:00.241+0200] {processor.py:178} INFO - Processing /home/nanah/airflow_venv/lib/python3.10/site-packages/airflow/example_dags/example_branch_operator.py took 1.415 seconds
[2023-06-11T00:22:56.677+0200] {processor.py:156} INFO - Started process (PID=4991) to work on /home/nanah/airflow_venv/lib/python3.10/site-packages/airflow/example_dags/example_branch_operator.py
[2023-06-11T00:22:56.685+0200] {processor.py:758} INFO - Processing file /home/nanah/airflow_venv/lib/python3.10/site-packages/airflow/example_dags/example_branch_operator.py for tasks to queue
[2023-06-11T00:22:56.687+0200] {logging_mixin.py:117} INFO - [2023-06-11T00:22:56.686+0200] {dagbag.py:525} INFO - Filling up the DagBag from /home/nanah/airflow_venv/lib/python3.10/site-packages/airflow/example_dags/example_branch_operator.py
[2023-06-11T00:22:56.759+0200] {processor.py:768} INFO - DAG(s) dict_keys(['example_branch_operator']) retrieved from /home/nanah/airflow_venv/lib/python3.10/site-packages/airflow/example_dags/example_branch_operator.py
[2023-06-11T00:22:56.842+0200] {logging_mixin.py:117} INFO - [2023-06-11T00:22:56.842+0200] {dag.py:2573} INFO - Sync 1 DAGs
[2023-06-11T00:22:56.895+0200] {logging_mixin.py:117} INFO - [2023-06-11T00:22:56.894+0200] {dag.py:3324} INFO - Setting next_dagrun for example_branch_operator to 2023-06-09T00:00:00+00:00, run_after=2023-06-10T00:00:00+00:00
[2023-06-11T00:22:56.963+0200] {processor.py:178} INFO - Processing /home/nanah/airflow_venv/lib/python3.10/site-packages/airflow/example_dags/example_branch_operator.py took 0.293 seconds
[2023-06-11T00:23:52.618+0200] {processor.py:156} INFO - Started process (PID=5025) to work on /home/nanah/airflow_venv/lib/python3.10/site-packages/airflow/example_dags/example_branch_operator.py
[2023-06-11T00:23:52.623+0200] {processor.py:758} INFO - Processing file /home/nanah/airflow_venv/lib/python3.10/site-packages/airflow/example_dags/example_branch_operator.py for tasks to queue
[2023-06-11T00:23:52.633+0200] {logging_mixin.py:117} INFO - [2023-06-11T00:23:52.632+0200] {dagbag.py:525} INFO - Filling up the DagBag from /home/nanah/airflow_venv/lib/python3.10/site-packages/airflow/example_dags/example_branch_operator.py
[2023-06-11T00:23:52.737+0200] {processor.py:768} INFO - DAG(s) dict_keys(['example_branch_operator']) retrieved from /home/nanah/airflow_venv/lib/python3.10/site-packages/airflow/example_dags/example_branch_operator.py
[2023-06-11T00:23:52.854+0200] {logging_mixin.py:117} INFO - [2023-06-11T00:23:52.853+0200] {dag.py:2573} INFO - Sync 1 DAGs
[2023-06-11T00:23:52.972+0200] {logging_mixin.py:117} INFO - [2023-06-11T00:23:52.972+0200] {dag.py:3324} INFO - Setting next_dagrun for example_branch_operator to 2023-06-09T00:00:00+00:00, run_after=2023-06-10T00:00:00+00:00
[2023-06-11T00:23:53.083+0200] {processor.py:178} INFO - Processing /home/nanah/airflow_venv/lib/python3.10/site-packages/airflow/example_dags/example_branch_operator.py took 0.479 seconds
[2023-06-11T00:25:45.949+0200] {processor.py:156} INFO - Started process (PID=5062) to work on /home/nanah/airflow_venv/lib/python3.10/site-packages/airflow/example_dags/example_branch_operator.py
[2023-06-11T00:25:45.952+0200] {processor.py:758} INFO - Processing file /home/nanah/airflow_venv/lib/python3.10/site-packages/airflow/example_dags/example_branch_operator.py for tasks to queue
[2023-06-11T00:25:45.953+0200] {logging_mixin.py:117} INFO - [2023-06-11T00:25:45.953+0200] {dagbag.py:525} INFO - Filling up the DagBag from /home/nanah/airflow_venv/lib/python3.10/site-packages/airflow/example_dags/example_branch_operator.py
[2023-06-11T00:25:46.019+0200] {processor.py:768} INFO - DAG(s) dict_keys(['example_branch_operator']) retrieved from /home/nanah/airflow_venv/lib/python3.10/site-packages/airflow/example_dags/example_branch_operator.py
[2023-06-11T00:25:46.149+0200] {logging_mixin.py:117} INFO - [2023-06-11T00:25:46.148+0200] {dag.py:2573} INFO - Sync 1 DAGs
[2023-06-11T00:25:46.272+0200] {logging_mixin.py:117} INFO - [2023-06-11T00:25:46.272+0200] {dag.py:3324} INFO - Setting next_dagrun for example_branch_operator to 2023-06-09T00:00:00+00:00, run_after=2023-06-10T00:00:00+00:00
[2023-06-11T00:25:47.013+0200] {processor.py:178} INFO - Processing /home/nanah/airflow_venv/lib/python3.10/site-packages/airflow/example_dags/example_branch_operator.py took 1.071 seconds
[2023-06-11T00:26:48.324+0200] {processor.py:156} INFO - Started process (PID=5097) to work on /home/nanah/airflow_venv/lib/python3.10/site-packages/airflow/example_dags/example_branch_operator.py
[2023-06-11T00:26:48.340+0200] {processor.py:758} INFO - Processing file /home/nanah/airflow_venv/lib/python3.10/site-packages/airflow/example_dags/example_branch_operator.py for tasks to queue
[2023-06-11T00:26:48.343+0200] {logging_mixin.py:117} INFO - [2023-06-11T00:26:48.343+0200] {dagbag.py:525} INFO - Filling up the DagBag from /home/nanah/airflow_venv/lib/python3.10/site-packages/airflow/example_dags/example_branch_operator.py
[2023-06-11T00:26:48.588+0200] {processor.py:768} INFO - DAG(s) dict_keys(['example_branch_operator']) retrieved from /home/nanah/airflow_venv/lib/python3.10/site-packages/airflow/example_dags/example_branch_operator.py
[2023-06-11T00:26:48.792+0200] {logging_mixin.py:117} INFO - [2023-06-11T00:26:48.792+0200] {dag.py:2573} INFO - Sync 1 DAGs
[2023-06-11T00:26:49.400+0200] {logging_mixin.py:117} INFO - [2023-06-11T00:26:49.400+0200] {dag.py:3324} INFO - Setting next_dagrun for example_branch_operator to 2023-06-09T00:00:00+00:00, run_after=2023-06-10T00:00:00+00:00
[2023-06-11T00:26:49.483+0200] {processor.py:178} INFO - Processing /home/nanah/airflow_venv/lib/python3.10/site-packages/airflow/example_dags/example_branch_operator.py took 1.202 seconds
[2023-06-11T00:27:48.850+0200] {processor.py:156} INFO - Started process (PID=5136) to work on /home/nanah/airflow_venv/lib/python3.10/site-packages/airflow/example_dags/example_branch_operator.py
[2023-06-11T00:27:48.856+0200] {processor.py:758} INFO - Processing file /home/nanah/airflow_venv/lib/python3.10/site-packages/airflow/example_dags/example_branch_operator.py for tasks to queue
[2023-06-11T00:27:48.860+0200] {logging_mixin.py:117} INFO - [2023-06-11T00:27:48.859+0200] {dagbag.py:525} INFO - Filling up the DagBag from /home/nanah/airflow_venv/lib/python3.10/site-packages/airflow/example_dags/example_branch_operator.py
[2023-06-11T00:27:48.944+0200] {processor.py:768} INFO - DAG(s) dict_keys(['example_branch_operator']) retrieved from /home/nanah/airflow_venv/lib/python3.10/site-packages/airflow/example_dags/example_branch_operator.py
[2023-06-11T00:27:49.054+0200] {logging_mixin.py:117} INFO - [2023-06-11T00:27:49.053+0200] {dag.py:2573} INFO - Sync 1 DAGs
[2023-06-11T00:27:49.497+0200] {logging_mixin.py:117} INFO - [2023-06-11T00:27:49.496+0200] {dag.py:3324} INFO - Setting next_dagrun for example_branch_operator to 2023-06-09T00:00:00+00:00, run_after=2023-06-10T00:00:00+00:00
[2023-06-11T00:27:49.571+0200] {processor.py:178} INFO - Processing /home/nanah/airflow_venv/lib/python3.10/site-packages/airflow/example_dags/example_branch_operator.py took 0.727 seconds
[2023-06-11T00:28:45.400+0200] {processor.py:156} INFO - Started process (PID=5170) to work on /home/nanah/airflow_venv/lib/python3.10/site-packages/airflow/example_dags/example_branch_operator.py
[2023-06-11T00:28:45.405+0200] {processor.py:758} INFO - Processing file /home/nanah/airflow_venv/lib/python3.10/site-packages/airflow/example_dags/example_branch_operator.py for tasks to queue
[2023-06-11T00:28:45.407+0200] {logging_mixin.py:117} INFO - [2023-06-11T00:28:45.407+0200] {dagbag.py:525} INFO - Filling up the DagBag from /home/nanah/airflow_venv/lib/python3.10/site-packages/airflow/example_dags/example_branch_operator.py
[2023-06-11T00:28:45.481+0200] {processor.py:768} INFO - DAG(s) dict_keys(['example_branch_operator']) retrieved from /home/nanah/airflow_venv/lib/python3.10/site-packages/airflow/example_dags/example_branch_operator.py
[2023-06-11T00:28:45.562+0200] {logging_mixin.py:117} INFO - [2023-06-11T00:28:45.562+0200] {dag.py:2573} INFO - Sync 1 DAGs
[2023-06-11T00:28:45.903+0200] {logging_mixin.py:117} INFO - [2023-06-11T00:28:45.903+0200] {dag.py:3324} INFO - Setting next_dagrun for example_branch_operator to 2023-06-09T00:00:00+00:00, run_after=2023-06-10T00:00:00+00:00
[2023-06-11T00:28:46.008+0200] {processor.py:178} INFO - Processing /home/nanah/airflow_venv/lib/python3.10/site-packages/airflow/example_dags/example_branch_operator.py took 0.616 seconds
[2023-06-11T00:29:42.700+0200] {processor.py:156} INFO - Started process (PID=5204) to work on /home/nanah/airflow_venv/lib/python3.10/site-packages/airflow/example_dags/example_branch_operator.py
[2023-06-11T00:29:42.706+0200] {processor.py:758} INFO - Processing file /home/nanah/airflow_venv/lib/python3.10/site-packages/airflow/example_dags/example_branch_operator.py for tasks to queue
[2023-06-11T00:29:42.708+0200] {logging_mixin.py:117} INFO - [2023-06-11T00:29:42.708+0200] {dagbag.py:525} INFO - Filling up the DagBag from /home/nanah/airflow_venv/lib/python3.10/site-packages/airflow/example_dags/example_branch_operator.py
[2023-06-11T00:29:42.762+0200] {processor.py:768} INFO - DAG(s) dict_keys(['example_branch_operator']) retrieved from /home/nanah/airflow_venv/lib/python3.10/site-packages/airflow/example_dags/example_branch_operator.py
[2023-06-11T00:29:43.127+0200] {logging_mixin.py:117} INFO - [2023-06-11T00:29:43.127+0200] {dag.py:2573} INFO - Sync 1 DAGs
[2023-06-11T00:29:43.175+0200] {logging_mixin.py:117} INFO - [2023-06-11T00:29:43.175+0200] {dag.py:3324} INFO - Setting next_dagrun for example_branch_operator to 2023-06-09T00:00:00+00:00, run_after=2023-06-10T00:00:00+00:00
[2023-06-11T00:29:43.232+0200] {processor.py:178} INFO - Processing /home/nanah/airflow_venv/lib/python3.10/site-packages/airflow/example_dags/example_branch_operator.py took 0.539 seconds
[2023-06-11T00:30:53.997+0200] {processor.py:156} INFO - Started process (PID=5241) to work on /home/nanah/airflow_venv/lib/python3.10/site-packages/airflow/example_dags/example_branch_operator.py
[2023-06-11T00:30:54.004+0200] {processor.py:758} INFO - Processing file /home/nanah/airflow_venv/lib/python3.10/site-packages/airflow/example_dags/example_branch_operator.py for tasks to queue
[2023-06-11T00:30:54.005+0200] {logging_mixin.py:117} INFO - [2023-06-11T00:30:54.005+0200] {dagbag.py:525} INFO - Filling up the DagBag from /home/nanah/airflow_venv/lib/python3.10/site-packages/airflow/example_dags/example_branch_operator.py
[2023-06-11T00:30:54.060+0200] {processor.py:768} INFO - DAG(s) dict_keys(['example_branch_operator']) retrieved from /home/nanah/airflow_venv/lib/python3.10/site-packages/airflow/example_dags/example_branch_operator.py
[2023-06-11T00:30:54.650+0200] {logging_mixin.py:117} INFO - [2023-06-11T00:30:54.649+0200] {dag.py:2573} INFO - Sync 1 DAGs
[2023-06-11T00:30:54.756+0200] {logging_mixin.py:117} INFO - [2023-06-11T00:30:54.756+0200] {dag.py:3324} INFO - Setting next_dagrun for example_branch_operator to 2023-06-09T00:00:00+00:00, run_after=2023-06-10T00:00:00+00:00
[2023-06-11T00:30:54.871+0200] {processor.py:178} INFO - Processing /home/nanah/airflow_venv/lib/python3.10/site-packages/airflow/example_dags/example_branch_operator.py took 0.883 seconds
[2023-06-11T00:31:50.305+0200] {processor.py:156} INFO - Started process (PID=5276) to work on /home/nanah/airflow_venv/lib/python3.10/site-packages/airflow/example_dags/example_branch_operator.py
[2023-06-11T00:31:50.309+0200] {processor.py:758} INFO - Processing file /home/nanah/airflow_venv/lib/python3.10/site-packages/airflow/example_dags/example_branch_operator.py for tasks to queue
[2023-06-11T00:31:50.319+0200] {logging_mixin.py:117} INFO - [2023-06-11T00:31:50.318+0200] {dagbag.py:525} INFO - Filling up the DagBag from /home/nanah/airflow_venv/lib/python3.10/site-packages/airflow/example_dags/example_branch_operator.py
[2023-06-11T00:31:50.370+0200] {processor.py:768} INFO - DAG(s) dict_keys(['example_branch_operator']) retrieved from /home/nanah/airflow_venv/lib/python3.10/site-packages/airflow/example_dags/example_branch_operator.py
[2023-06-11T00:31:50.722+0200] {logging_mixin.py:117} INFO - [2023-06-11T00:31:50.722+0200] {dag.py:2573} INFO - Sync 1 DAGs
[2023-06-11T00:31:50.770+0200] {logging_mixin.py:117} INFO - [2023-06-11T00:31:50.769+0200] {dag.py:3324} INFO - Setting next_dagrun for example_branch_operator to 2023-06-09T00:00:00+00:00, run_after=2023-06-10T00:00:00+00:00
[2023-06-11T00:31:50.839+0200] {processor.py:178} INFO - Processing /home/nanah/airflow_venv/lib/python3.10/site-packages/airflow/example_dags/example_branch_operator.py took 0.542 seconds
[2023-06-11T00:32:46.247+0200] {processor.py:156} INFO - Started process (PID=5312) to work on /home/nanah/airflow_venv/lib/python3.10/site-packages/airflow/example_dags/example_branch_operator.py
[2023-06-11T00:32:46.253+0200] {processor.py:758} INFO - Processing file /home/nanah/airflow_venv/lib/python3.10/site-packages/airflow/example_dags/example_branch_operator.py for tasks to queue
[2023-06-11T00:32:46.255+0200] {logging_mixin.py:117} INFO - [2023-06-11T00:32:46.255+0200] {dagbag.py:525} INFO - Filling up the DagBag from /home/nanah/airflow_venv/lib/python3.10/site-packages/airflow/example_dags/example_branch_operator.py
[2023-06-11T00:32:46.606+0200] {processor.py:768} INFO - DAG(s) dict_keys(['example_branch_operator']) retrieved from /home/nanah/airflow_venv/lib/python3.10/site-packages/airflow/example_dags/example_branch_operator.py
[2023-06-11T00:32:46.667+0200] {logging_mixin.py:117} INFO - [2023-06-11T00:32:46.667+0200] {dag.py:2573} INFO - Sync 1 DAGs
[2023-06-11T00:32:46.716+0200] {logging_mixin.py:117} INFO - [2023-06-11T00:32:46.716+0200] {dag.py:3324} INFO - Setting next_dagrun for example_branch_operator to 2023-06-09T00:00:00+00:00, run_after=2023-06-10T00:00:00+00:00
[2023-06-11T00:32:46.780+0200] {processor.py:178} INFO - Processing /home/nanah/airflow_venv/lib/python3.10/site-packages/airflow/example_dags/example_branch_operator.py took 0.540 seconds
[2023-06-11T00:33:40.249+0200] {processor.py:156} INFO - Started process (PID=5347) to work on /home/nanah/airflow_venv/lib/python3.10/site-packages/airflow/example_dags/example_branch_operator.py
[2023-06-11T00:33:40.253+0200] {processor.py:758} INFO - Processing file /home/nanah/airflow_venv/lib/python3.10/site-packages/airflow/example_dags/example_branch_operator.py for tasks to queue
[2023-06-11T00:33:40.255+0200] {logging_mixin.py:117} INFO - [2023-06-11T00:33:40.255+0200] {dagbag.py:525} INFO - Filling up the DagBag from /home/nanah/airflow_venv/lib/python3.10/site-packages/airflow/example_dags/example_branch_operator.py
[2023-06-11T00:33:40.593+0200] {processor.py:768} INFO - DAG(s) dict_keys(['example_branch_operator']) retrieved from /home/nanah/airflow_venv/lib/python3.10/site-packages/airflow/example_dags/example_branch_operator.py
[2023-06-11T00:33:40.657+0200] {logging_mixin.py:117} INFO - [2023-06-11T00:33:40.656+0200] {dag.py:2573} INFO - Sync 1 DAGs
[2023-06-11T00:33:40.726+0200] {logging_mixin.py:117} INFO - [2023-06-11T00:33:40.726+0200] {dag.py:3324} INFO - Setting next_dagrun for example_branch_operator to 2023-06-09T00:00:00+00:00, run_after=2023-06-10T00:00:00+00:00
[2023-06-11T00:33:40.781+0200] {processor.py:178} INFO - Processing /home/nanah/airflow_venv/lib/python3.10/site-packages/airflow/example_dags/example_branch_operator.py took 0.539 seconds
[2023-06-11T00:34:39.729+0200] {processor.py:156} INFO - Started process (PID=5385) to work on /home/nanah/airflow_venv/lib/python3.10/site-packages/airflow/example_dags/example_branch_operator.py
[2023-06-11T00:34:39.734+0200] {processor.py:758} INFO - Processing file /home/nanah/airflow_venv/lib/python3.10/site-packages/airflow/example_dags/example_branch_operator.py for tasks to queue
[2023-06-11T00:34:39.735+0200] {logging_mixin.py:117} INFO - [2023-06-11T00:34:39.735+0200] {dagbag.py:525} INFO - Filling up the DagBag from /home/nanah/airflow_venv/lib/python3.10/site-packages/airflow/example_dags/example_branch_operator.py
[2023-06-11T00:34:39.849+0200] {processor.py:768} INFO - DAG(s) dict_keys(['example_branch_operator']) retrieved from /home/nanah/airflow_venv/lib/python3.10/site-packages/airflow/example_dags/example_branch_operator.py
[2023-06-11T00:34:40.017+0200] {logging_mixin.py:117} INFO - [2023-06-11T00:34:40.016+0200] {dag.py:2573} INFO - Sync 1 DAGs
[2023-06-11T00:34:40.148+0200] {logging_mixin.py:117} INFO - [2023-06-11T00:34:40.147+0200] {dag.py:3324} INFO - Setting next_dagrun for example_branch_operator to 2023-06-09T00:00:00+00:00, run_after=2023-06-10T00:00:00+00:00
[2023-06-11T00:34:40.307+0200] {processor.py:178} INFO - Processing /home/nanah/airflow_venv/lib/python3.10/site-packages/airflow/example_dags/example_branch_operator.py took 0.596 seconds
[2023-06-11T00:35:40.513+0200] {processor.py:156} INFO - Started process (PID=5421) to work on /home/nanah/airflow_venv/lib/python3.10/site-packages/airflow/example_dags/example_branch_operator.py
[2023-06-11T00:35:40.516+0200] {processor.py:758} INFO - Processing file /home/nanah/airflow_venv/lib/python3.10/site-packages/airflow/example_dags/example_branch_operator.py for tasks to queue
[2023-06-11T00:35:40.517+0200] {logging_mixin.py:117} INFO - [2023-06-11T00:35:40.517+0200] {dagbag.py:525} INFO - Filling up the DagBag from /home/nanah/airflow_venv/lib/python3.10/site-packages/airflow/example_dags/example_branch_operator.py
[2023-06-11T00:35:40.556+0200] {processor.py:768} INFO - DAG(s) dict_keys(['example_branch_operator']) retrieved from /home/nanah/airflow_venv/lib/python3.10/site-packages/airflow/example_dags/example_branch_operator.py
[2023-06-11T00:35:40.655+0200] {logging_mixin.py:117} INFO - [2023-06-11T00:35:40.654+0200] {dag.py:2573} INFO - Sync 1 DAGs
[2023-06-11T00:35:40.731+0200] {logging_mixin.py:117} INFO - [2023-06-11T00:35:40.730+0200] {dag.py:3324} INFO - Setting next_dagrun for example_branch_operator to 2023-06-09T00:00:00+00:00, run_after=2023-06-10T00:00:00+00:00
[2023-06-11T00:35:40.989+0200] {processor.py:178} INFO - Processing /home/nanah/airflow_venv/lib/python3.10/site-packages/airflow/example_dags/example_branch_operator.py took 0.488 seconds
[2023-06-11T00:36:24.532+0200] {processor.py:156} INFO - Started process (PID=5454) to work on /home/nanah/airflow_venv/lib/python3.10/site-packages/airflow/example_dags/example_branch_operator.py
[2023-06-11T00:36:24.536+0200] {processor.py:758} INFO - Processing file /home/nanah/airflow_venv/lib/python3.10/site-packages/airflow/example_dags/example_branch_operator.py for tasks to queue
[2023-06-11T00:36:24.537+0200] {logging_mixin.py:117} INFO - [2023-06-11T00:36:24.537+0200] {dagbag.py:525} INFO - Filling up the DagBag from /home/nanah/airflow_venv/lib/python3.10/site-packages/airflow/example_dags/example_branch_operator.py
[2023-06-11T00:36:24.583+0200] {processor.py:768} INFO - DAG(s) dict_keys(['example_branch_operator']) retrieved from /home/nanah/airflow_venv/lib/python3.10/site-packages/airflow/example_dags/example_branch_operator.py
[2023-06-11T00:36:24.654+0200] {logging_mixin.py:117} INFO - [2023-06-11T00:36:24.653+0200] {dag.py:2573} INFO - Sync 1 DAGs
[2023-06-11T00:36:24.707+0200] {logging_mixin.py:117} INFO - [2023-06-11T00:36:24.707+0200] {dag.py:3324} INFO - Setting next_dagrun for example_branch_operator to 2023-06-09T00:00:00+00:00, run_after=2023-06-10T00:00:00+00:00
[2023-06-11T00:36:24.764+0200] {processor.py:178} INFO - Processing /home/nanah/airflow_venv/lib/python3.10/site-packages/airflow/example_dags/example_branch_operator.py took 0.240 seconds
[2023-06-11T00:37:10.705+0200] {processor.py:156} INFO - Started process (PID=5488) to work on /home/nanah/airflow_venv/lib/python3.10/site-packages/airflow/example_dags/example_branch_operator.py
[2023-06-11T00:37:10.710+0200] {processor.py:758} INFO - Processing file /home/nanah/airflow_venv/lib/python3.10/site-packages/airflow/example_dags/example_branch_operator.py for tasks to queue
[2023-06-11T00:37:10.712+0200] {logging_mixin.py:117} INFO - [2023-06-11T00:37:10.711+0200] {dagbag.py:525} INFO - Filling up the DagBag from /home/nanah/airflow_venv/lib/python3.10/site-packages/airflow/example_dags/example_branch_operator.py
[2023-06-11T00:37:10.758+0200] {processor.py:768} INFO - DAG(s) dict_keys(['example_branch_operator']) retrieved from /home/nanah/airflow_venv/lib/python3.10/site-packages/airflow/example_dags/example_branch_operator.py
[2023-06-11T00:37:10.824+0200] {logging_mixin.py:117} INFO - [2023-06-11T00:37:10.823+0200] {dag.py:2573} INFO - Sync 1 DAGs
[2023-06-11T00:37:10.886+0200] {logging_mixin.py:117} INFO - [2023-06-11T00:37:10.886+0200] {dag.py:3324} INFO - Setting next_dagrun for example_branch_operator to 2023-06-09T00:00:00+00:00, run_after=2023-06-10T00:00:00+00:00
[2023-06-11T00:37:10.937+0200] {processor.py:178} INFO - Processing /home/nanah/airflow_venv/lib/python3.10/site-packages/airflow/example_dags/example_branch_operator.py took 0.240 seconds
[2023-06-11T00:38:02.967+0200] {processor.py:156} INFO - Started process (PID=5522) to work on /home/nanah/airflow_venv/lib/python3.10/site-packages/airflow/example_dags/example_branch_operator.py
[2023-06-11T00:38:02.970+0200] {processor.py:758} INFO - Processing file /home/nanah/airflow_venv/lib/python3.10/site-packages/airflow/example_dags/example_branch_operator.py for tasks to queue
[2023-06-11T00:38:02.972+0200] {logging_mixin.py:117} INFO - [2023-06-11T00:38:02.971+0200] {dagbag.py:525} INFO - Filling up the DagBag from /home/nanah/airflow_venv/lib/python3.10/site-packages/airflow/example_dags/example_branch_operator.py
[2023-06-11T00:38:03.021+0200] {processor.py:768} INFO - DAG(s) dict_keys(['example_branch_operator']) retrieved from /home/nanah/airflow_venv/lib/python3.10/site-packages/airflow/example_dags/example_branch_operator.py
[2023-06-11T00:38:03.087+0200] {logging_mixin.py:117} INFO - [2023-06-11T00:38:03.087+0200] {dag.py:2573} INFO - Sync 1 DAGs
[2023-06-11T00:38:03.145+0200] {logging_mixin.py:117} INFO - [2023-06-11T00:38:03.145+0200] {dag.py:3324} INFO - Setting next_dagrun for example_branch_operator to 2023-06-09T00:00:00+00:00, run_after=2023-06-10T00:00:00+00:00
[2023-06-11T00:38:03.202+0200] {processor.py:178} INFO - Processing /home/nanah/airflow_venv/lib/python3.10/site-packages/airflow/example_dags/example_branch_operator.py took 0.250 seconds
[2023-06-11T00:38:48.029+0200] {processor.py:156} INFO - Started process (PID=5558) to work on /home/nanah/airflow_venv/lib/python3.10/site-packages/airflow/example_dags/example_branch_operator.py
[2023-06-11T00:38:48.048+0200] {processor.py:758} INFO - Processing file /home/nanah/airflow_venv/lib/python3.10/site-packages/airflow/example_dags/example_branch_operator.py for tasks to queue
[2023-06-11T00:38:48.052+0200] {logging_mixin.py:117} INFO - [2023-06-11T00:38:48.051+0200] {dagbag.py:525} INFO - Filling up the DagBag from /home/nanah/airflow_venv/lib/python3.10/site-packages/airflow/example_dags/example_branch_operator.py
[2023-06-11T00:38:48.128+0200] {processor.py:768} INFO - DAG(s) dict_keys(['example_branch_operator']) retrieved from /home/nanah/airflow_venv/lib/python3.10/site-packages/airflow/example_dags/example_branch_operator.py
[2023-06-11T00:38:48.199+0200] {logging_mixin.py:117} INFO - [2023-06-11T00:38:48.198+0200] {dag.py:2573} INFO - Sync 1 DAGs
[2023-06-11T00:38:48.255+0200] {logging_mixin.py:117} INFO - [2023-06-11T00:38:48.255+0200] {dag.py:3324} INFO - Setting next_dagrun for example_branch_operator to 2023-06-09T00:00:00+00:00, run_after=2023-06-10T00:00:00+00:00
[2023-06-11T00:38:48.327+0200] {processor.py:178} INFO - Processing /home/nanah/airflow_venv/lib/python3.10/site-packages/airflow/example_dags/example_branch_operator.py took 0.314 seconds
[2023-06-11T00:39:29.780+0200] {processor.py:156} INFO - Started process (PID=5591) to work on /home/nanah/airflow_venv/lib/python3.10/site-packages/airflow/example_dags/example_branch_operator.py
[2023-06-11T00:39:29.783+0200] {processor.py:758} INFO - Processing file /home/nanah/airflow_venv/lib/python3.10/site-packages/airflow/example_dags/example_branch_operator.py for tasks to queue
[2023-06-11T00:39:29.785+0200] {logging_mixin.py:117} INFO - [2023-06-11T00:39:29.785+0200] {dagbag.py:525} INFO - Filling up the DagBag from /home/nanah/airflow_venv/lib/python3.10/site-packages/airflow/example_dags/example_branch_operator.py
[2023-06-11T00:39:29.831+0200] {processor.py:768} INFO - DAG(s) dict_keys(['example_branch_operator']) retrieved from /home/nanah/airflow_venv/lib/python3.10/site-packages/airflow/example_dags/example_branch_operator.py
[2023-06-11T00:39:29.899+0200] {logging_mixin.py:117} INFO - [2023-06-11T00:39:29.898+0200] {dag.py:2573} INFO - Sync 1 DAGs
[2023-06-11T00:39:29.953+0200] {logging_mixin.py:117} INFO - [2023-06-11T00:39:29.952+0200] {dag.py:3324} INFO - Setting next_dagrun for example_branch_operator to 2023-06-09T00:00:00+00:00, run_after=2023-06-10T00:00:00+00:00
[2023-06-11T00:39:30.009+0200] {processor.py:178} INFO - Processing /home/nanah/airflow_venv/lib/python3.10/site-packages/airflow/example_dags/example_branch_operator.py took 0.237 seconds
[2023-06-11T00:40:12.307+0200] {processor.py:156} INFO - Started process (PID=5625) to work on /home/nanah/airflow_venv/lib/python3.10/site-packages/airflow/example_dags/example_branch_operator.py
[2023-06-11T00:40:12.313+0200] {processor.py:758} INFO - Processing file /home/nanah/airflow_venv/lib/python3.10/site-packages/airflow/example_dags/example_branch_operator.py for tasks to queue
[2023-06-11T00:40:12.315+0200] {logging_mixin.py:117} INFO - [2023-06-11T00:40:12.314+0200] {dagbag.py:525} INFO - Filling up the DagBag from /home/nanah/airflow_venv/lib/python3.10/site-packages/airflow/example_dags/example_branch_operator.py
[2023-06-11T00:40:12.357+0200] {processor.py:768} INFO - DAG(s) dict_keys(['example_branch_operator']) retrieved from /home/nanah/airflow_venv/lib/python3.10/site-packages/airflow/example_dags/example_branch_operator.py
[2023-06-11T00:40:12.427+0200] {logging_mixin.py:117} INFO - [2023-06-11T00:40:12.427+0200] {dag.py:2573} INFO - Sync 1 DAGs
[2023-06-11T00:40:12.490+0200] {logging_mixin.py:117} INFO - [2023-06-11T00:40:12.490+0200] {dag.py:3324} INFO - Setting next_dagrun for example_branch_operator to 2023-06-09T00:00:00+00:00, run_after=2023-06-10T00:00:00+00:00
[2023-06-11T00:40:12.544+0200] {processor.py:178} INFO - Processing /home/nanah/airflow_venv/lib/python3.10/site-packages/airflow/example_dags/example_branch_operator.py took 0.245 seconds
[2023-06-11T00:40:56.921+0200] {processor.py:156} INFO - Started process (PID=5659) to work on /home/nanah/airflow_venv/lib/python3.10/site-packages/airflow/example_dags/example_branch_operator.py
[2023-06-11T00:40:56.927+0200] {processor.py:758} INFO - Processing file /home/nanah/airflow_venv/lib/python3.10/site-packages/airflow/example_dags/example_branch_operator.py for tasks to queue
[2023-06-11T00:40:56.928+0200] {logging_mixin.py:117} INFO - [2023-06-11T00:40:56.928+0200] {dagbag.py:525} INFO - Filling up the DagBag from /home/nanah/airflow_venv/lib/python3.10/site-packages/airflow/example_dags/example_branch_operator.py
[2023-06-11T00:40:56.966+0200] {processor.py:768} INFO - DAG(s) dict_keys(['example_branch_operator']) retrieved from /home/nanah/airflow_venv/lib/python3.10/site-packages/airflow/example_dags/example_branch_operator.py
[2023-06-11T00:40:57.022+0200] {logging_mixin.py:117} INFO - [2023-06-11T00:40:57.022+0200] {dag.py:2573} INFO - Sync 1 DAGs
[2023-06-11T00:40:57.068+0200] {logging_mixin.py:117} INFO - [2023-06-11T00:40:57.068+0200] {dag.py:3324} INFO - Setting next_dagrun for example_branch_operator to 2023-06-09T00:00:00+00:00, run_after=2023-06-10T00:00:00+00:00
[2023-06-11T00:40:57.120+0200] {processor.py:178} INFO - Processing /home/nanah/airflow_venv/lib/python3.10/site-packages/airflow/example_dags/example_branch_operator.py took 0.205 seconds
[2023-06-11T00:41:40.379+0200] {processor.py:156} INFO - Started process (PID=5695) to work on /home/nanah/airflow_venv/lib/python3.10/site-packages/airflow/example_dags/example_branch_operator.py
[2023-06-11T00:41:40.385+0200] {processor.py:758} INFO - Processing file /home/nanah/airflow_venv/lib/python3.10/site-packages/airflow/example_dags/example_branch_operator.py for tasks to queue
[2023-06-11T00:41:40.386+0200] {logging_mixin.py:117} INFO - [2023-06-11T00:41:40.386+0200] {dagbag.py:525} INFO - Filling up the DagBag from /home/nanah/airflow_venv/lib/python3.10/site-packages/airflow/example_dags/example_branch_operator.py
[2023-06-11T00:41:40.442+0200] {processor.py:768} INFO - DAG(s) dict_keys(['example_branch_operator']) retrieved from /home/nanah/airflow_venv/lib/python3.10/site-packages/airflow/example_dags/example_branch_operator.py
[2023-06-11T00:41:40.543+0200] {logging_mixin.py:117} INFO - [2023-06-11T00:41:40.542+0200] {dag.py:2573} INFO - Sync 1 DAGs
[2023-06-11T00:41:40.607+0200] {logging_mixin.py:117} INFO - [2023-06-11T00:41:40.607+0200] {dag.py:3324} INFO - Setting next_dagrun for example_branch_operator to 2023-06-09T00:00:00+00:00, run_after=2023-06-10T00:00:00+00:00
[2023-06-11T00:41:40.700+0200] {processor.py:178} INFO - Processing /home/nanah/airflow_venv/lib/python3.10/site-packages/airflow/example_dags/example_branch_operator.py took 0.329 seconds
[2023-06-11T00:42:27.893+0200] {processor.py:156} INFO - Started process (PID=5731) to work on /home/nanah/airflow_venv/lib/python3.10/site-packages/airflow/example_dags/example_branch_operator.py
[2023-06-11T00:42:27.906+0200] {processor.py:758} INFO - Processing file /home/nanah/airflow_venv/lib/python3.10/site-packages/airflow/example_dags/example_branch_operator.py for tasks to queue
[2023-06-11T00:42:27.909+0200] {logging_mixin.py:117} INFO - [2023-06-11T00:42:27.908+0200] {dagbag.py:525} INFO - Filling up the DagBag from /home/nanah/airflow_venv/lib/python3.10/site-packages/airflow/example_dags/example_branch_operator.py
[2023-06-11T00:42:28.082+0200] {processor.py:768} INFO - DAG(s) dict_keys(['example_branch_operator']) retrieved from /home/nanah/airflow_venv/lib/python3.10/site-packages/airflow/example_dags/example_branch_operator.py
[2023-06-11T00:42:28.255+0200] {logging_mixin.py:117} INFO - [2023-06-11T00:42:28.255+0200] {dag.py:2573} INFO - Sync 1 DAGs
[2023-06-11T00:42:28.336+0200] {logging_mixin.py:117} INFO - [2023-06-11T00:42:28.335+0200] {dag.py:3324} INFO - Setting next_dagrun for example_branch_operator to 2023-06-09T00:00:00+00:00, run_after=2023-06-10T00:00:00+00:00
[2023-06-11T00:42:28.421+0200] {processor.py:178} INFO - Processing /home/nanah/airflow_venv/lib/python3.10/site-packages/airflow/example_dags/example_branch_operator.py took 0.557 seconds
[2023-06-11T00:43:15.765+0200] {processor.py:156} INFO - Started process (PID=5765) to work on /home/nanah/airflow_venv/lib/python3.10/site-packages/airflow/example_dags/example_branch_operator.py
[2023-06-11T00:43:15.769+0200] {processor.py:758} INFO - Processing file /home/nanah/airflow_venv/lib/python3.10/site-packages/airflow/example_dags/example_branch_operator.py for tasks to queue
[2023-06-11T00:43:15.771+0200] {logging_mixin.py:117} INFO - [2023-06-11T00:43:15.771+0200] {dagbag.py:525} INFO - Filling up the DagBag from /home/nanah/airflow_venv/lib/python3.10/site-packages/airflow/example_dags/example_branch_operator.py
[2023-06-11T00:43:15.827+0200] {processor.py:768} INFO - DAG(s) dict_keys(['example_branch_operator']) retrieved from /home/nanah/airflow_venv/lib/python3.10/site-packages/airflow/example_dags/example_branch_operator.py
[2023-06-11T00:43:15.909+0200] {logging_mixin.py:117} INFO - [2023-06-11T00:43:15.908+0200] {dag.py:2573} INFO - Sync 1 DAGs
[2023-06-11T00:43:15.975+0200] {logging_mixin.py:117} INFO - [2023-06-11T00:43:15.975+0200] {dag.py:3324} INFO - Setting next_dagrun for example_branch_operator to 2023-06-09T00:00:00+00:00, run_after=2023-06-10T00:00:00+00:00
[2023-06-11T00:43:16.043+0200] {processor.py:178} INFO - Processing /home/nanah/airflow_venv/lib/python3.10/site-packages/airflow/example_dags/example_branch_operator.py took 0.290 seconds
[2023-06-11T00:43:58.314+0200] {processor.py:156} INFO - Started process (PID=5799) to work on /home/nanah/airflow_venv/lib/python3.10/site-packages/airflow/example_dags/example_branch_operator.py
[2023-06-11T00:43:58.320+0200] {processor.py:758} INFO - Processing file /home/nanah/airflow_venv/lib/python3.10/site-packages/airflow/example_dags/example_branch_operator.py for tasks to queue
[2023-06-11T00:43:58.323+0200] {logging_mixin.py:117} INFO - [2023-06-11T00:43:58.321+0200] {dagbag.py:525} INFO - Filling up the DagBag from /home/nanah/airflow_venv/lib/python3.10/site-packages/airflow/example_dags/example_branch_operator.py
[2023-06-11T00:43:58.371+0200] {processor.py:768} INFO - DAG(s) dict_keys(['example_branch_operator']) retrieved from /home/nanah/airflow_venv/lib/python3.10/site-packages/airflow/example_dags/example_branch_operator.py
[2023-06-11T00:43:58.434+0200] {logging_mixin.py:117} INFO - [2023-06-11T00:43:58.434+0200] {dag.py:2573} INFO - Sync 1 DAGs
[2023-06-11T00:43:58.494+0200] {logging_mixin.py:117} INFO - [2023-06-11T00:43:58.493+0200] {dag.py:3324} INFO - Setting next_dagrun for example_branch_operator to 2023-06-09T00:00:00+00:00, run_after=2023-06-10T00:00:00+00:00
[2023-06-11T00:43:58.560+0200] {processor.py:178} INFO - Processing /home/nanah/airflow_venv/lib/python3.10/site-packages/airflow/example_dags/example_branch_operator.py took 0.256 seconds
[2023-06-11T00:44:48.303+0200] {processor.py:156} INFO - Started process (PID=5833) to work on /home/nanah/airflow_venv/lib/python3.10/site-packages/airflow/example_dags/example_branch_operator.py
[2023-06-11T00:44:48.310+0200] {processor.py:758} INFO - Processing file /home/nanah/airflow_venv/lib/python3.10/site-packages/airflow/example_dags/example_branch_operator.py for tasks to queue
[2023-06-11T00:44:48.311+0200] {logging_mixin.py:117} INFO - [2023-06-11T00:44:48.311+0200] {dagbag.py:525} INFO - Filling up the DagBag from /home/nanah/airflow_venv/lib/python3.10/site-packages/airflow/example_dags/example_branch_operator.py
[2023-06-11T00:44:48.393+0200] {processor.py:768} INFO - DAG(s) dict_keys(['example_branch_operator']) retrieved from /home/nanah/airflow_venv/lib/python3.10/site-packages/airflow/example_dags/example_branch_operator.py
[2023-06-11T00:44:48.463+0200] {logging_mixin.py:117} INFO - [2023-06-11T00:44:48.463+0200] {dag.py:2573} INFO - Sync 1 DAGs
[2023-06-11T00:44:48.527+0200] {logging_mixin.py:117} INFO - [2023-06-11T00:44:48.527+0200] {dag.py:3324} INFO - Setting next_dagrun for example_branch_operator to 2023-06-09T00:00:00+00:00, run_after=2023-06-10T00:00:00+00:00
[2023-06-11T00:44:48.617+0200] {processor.py:178} INFO - Processing /home/nanah/airflow_venv/lib/python3.10/site-packages/airflow/example_dags/example_branch_operator.py took 0.321 seconds
[2023-06-11T00:45:38.283+0200] {processor.py:156} INFO - Started process (PID=5868) to work on /home/nanah/airflow_venv/lib/python3.10/site-packages/airflow/example_dags/example_branch_operator.py
[2023-06-11T00:45:38.299+0200] {processor.py:758} INFO - Processing file /home/nanah/airflow_venv/lib/python3.10/site-packages/airflow/example_dags/example_branch_operator.py for tasks to queue
[2023-06-11T00:45:38.302+0200] {logging_mixin.py:117} INFO - [2023-06-11T00:45:38.301+0200] {dagbag.py:525} INFO - Filling up the DagBag from /home/nanah/airflow_venv/lib/python3.10/site-packages/airflow/example_dags/example_branch_operator.py
[2023-06-11T00:45:38.392+0200] {processor.py:768} INFO - DAG(s) dict_keys(['example_branch_operator']) retrieved from /home/nanah/airflow_venv/lib/python3.10/site-packages/airflow/example_dags/example_branch_operator.py
[2023-06-11T00:45:38.494+0200] {logging_mixin.py:117} INFO - [2023-06-11T00:45:38.494+0200] {dag.py:2573} INFO - Sync 1 DAGs
[2023-06-11T00:45:38.639+0200] {logging_mixin.py:117} INFO - [2023-06-11T00:45:38.638+0200] {dag.py:3324} INFO - Setting next_dagrun for example_branch_operator to 2023-06-09T00:00:00+00:00, run_after=2023-06-10T00:00:00+00:00
[2023-06-11T00:45:38.941+0200] {processor.py:178} INFO - Processing /home/nanah/airflow_venv/lib/python3.10/site-packages/airflow/example_dags/example_branch_operator.py took 0.665 seconds
