[2023-06-11T00:12:01.918+0200] {processor.py:156} INFO - Started process (PID=4607) to work on /home/nanah/airflow_venv/lib/python3.10/site-packages/airflow/example_dags/example_branch_day_of_week_operator.py
[2023-06-11T00:12:01.920+0200] {processor.py:758} INFO - Processing file /home/nanah/airflow_venv/lib/python3.10/site-packages/airflow/example_dags/example_branch_day_of_week_operator.py for tasks to queue
[2023-06-11T00:12:01.922+0200] {logging_mixin.py:117} INFO - [2023-06-11T00:12:01.922+0200] {dagbag.py:525} INFO - Filling up the DagBag from /home/nanah/airflow_venv/lib/python3.10/site-packages/airflow/example_dags/example_branch_day_of_week_operator.py
[2023-06-11T00:12:02.034+0200] {processor.py:768} INFO - DAG(s) dict_keys(['example_weekday_branch_operator']) retrieved from /home/nanah/airflow_venv/lib/python3.10/site-packages/airflow/example_dags/example_branch_day_of_week_operator.py
[2023-06-11T00:12:02.160+0200] {logging_mixin.py:117} INFO - [2023-06-11T00:12:02.160+0200] {dag.py:2573} INFO - Sync 1 DAGs
[2023-06-11T00:12:02.220+0200] {logging_mixin.py:117} INFO - [2023-06-11T00:12:02.220+0200] {dag.py:3324} INFO - Setting next_dagrun for example_weekday_branch_operator to 2023-06-09T00:00:00+00:00, run_after=2023-06-10T00:00:00+00:00
[2023-06-11T00:12:02.306+0200] {processor.py:178} INFO - Processing /home/nanah/airflow_venv/lib/python3.10/site-packages/airflow/example_dags/example_branch_day_of_week_operator.py took 0.404 seconds
[2023-06-11T00:13:07.720+0200] {processor.py:156} INFO - Started process (PID=4647) to work on /home/nanah/airflow_venv/lib/python3.10/site-packages/airflow/example_dags/example_branch_day_of_week_operator.py
[2023-06-11T00:13:07.728+0200] {processor.py:758} INFO - Processing file /home/nanah/airflow_venv/lib/python3.10/site-packages/airflow/example_dags/example_branch_day_of_week_operator.py for tasks to queue
[2023-06-11T00:13:07.731+0200] {logging_mixin.py:117} INFO - [2023-06-11T00:13:07.731+0200] {dagbag.py:525} INFO - Filling up the DagBag from /home/nanah/airflow_venv/lib/python3.10/site-packages/airflow/example_dags/example_branch_day_of_week_operator.py
[2023-06-11T00:13:07.778+0200] {processor.py:768} INFO - DAG(s) dict_keys(['example_weekday_branch_operator']) retrieved from /home/nanah/airflow_venv/lib/python3.10/site-packages/airflow/example_dags/example_branch_day_of_week_operator.py
[2023-06-11T00:13:07.858+0200] {logging_mixin.py:117} INFO - [2023-06-11T00:13:07.857+0200] {dag.py:2573} INFO - Sync 1 DAGs
[2023-06-11T00:13:07.905+0200] {logging_mixin.py:117} INFO - [2023-06-11T00:13:07.904+0200] {dag.py:3324} INFO - Setting next_dagrun for example_weekday_branch_operator to 2023-06-09T00:00:00+00:00, run_after=2023-06-10T00:00:00+00:00
[2023-06-11T00:13:07.987+0200] {processor.py:178} INFO - Processing /home/nanah/airflow_venv/lib/python3.10/site-packages/airflow/example_dags/example_branch_day_of_week_operator.py took 0.292 seconds
[2023-06-11T00:14:25.081+0200] {processor.py:156} INFO - Started process (PID=4683) to work on /home/nanah/airflow_venv/lib/python3.10/site-packages/airflow/example_dags/example_branch_day_of_week_operator.py
[2023-06-11T00:14:25.084+0200] {processor.py:758} INFO - Processing file /home/nanah/airflow_venv/lib/python3.10/site-packages/airflow/example_dags/example_branch_day_of_week_operator.py for tasks to queue
[2023-06-11T00:14:25.086+0200] {logging_mixin.py:117} INFO - [2023-06-11T00:14:25.085+0200] {dagbag.py:525} INFO - Filling up the DagBag from /home/nanah/airflow_venv/lib/python3.10/site-packages/airflow/example_dags/example_branch_day_of_week_operator.py
[2023-06-11T00:14:25.137+0200] {processor.py:768} INFO - DAG(s) dict_keys(['example_weekday_branch_operator']) retrieved from /home/nanah/airflow_venv/lib/python3.10/site-packages/airflow/example_dags/example_branch_day_of_week_operator.py
[2023-06-11T00:14:25.213+0200] {logging_mixin.py:117} INFO - [2023-06-11T00:14:25.213+0200] {dag.py:2573} INFO - Sync 1 DAGs
[2023-06-11T00:14:25.278+0200] {logging_mixin.py:117} INFO - [2023-06-11T00:14:25.277+0200] {dag.py:3324} INFO - Setting next_dagrun for example_weekday_branch_operator to 2023-06-09T00:00:00+00:00, run_after=2023-06-10T00:00:00+00:00
[2023-06-11T00:14:25.336+0200] {processor.py:178} INFO - Processing /home/nanah/airflow_venv/lib/python3.10/site-packages/airflow/example_dags/example_branch_day_of_week_operator.py took 0.269 seconds
[2023-06-11T00:16:02.175+0200] {processor.py:156} INFO - Started process (PID=4728) to work on /home/nanah/airflow_venv/lib/python3.10/site-packages/airflow/example_dags/example_branch_day_of_week_operator.py
[2023-06-11T00:16:02.181+0200] {processor.py:758} INFO - Processing file /home/nanah/airflow_venv/lib/python3.10/site-packages/airflow/example_dags/example_branch_day_of_week_operator.py for tasks to queue
[2023-06-11T00:16:02.183+0200] {logging_mixin.py:117} INFO - [2023-06-11T00:16:02.182+0200] {dagbag.py:525} INFO - Filling up the DagBag from /home/nanah/airflow_venv/lib/python3.10/site-packages/airflow/example_dags/example_branch_day_of_week_operator.py
[2023-06-11T00:16:02.290+0200] {processor.py:768} INFO - DAG(s) dict_keys(['example_weekday_branch_operator']) retrieved from /home/nanah/airflow_venv/lib/python3.10/site-packages/airflow/example_dags/example_branch_day_of_week_operator.py
[2023-06-11T00:16:02.420+0200] {logging_mixin.py:117} INFO - [2023-06-11T00:16:02.419+0200] {dag.py:2573} INFO - Sync 1 DAGs
[2023-06-11T00:16:02.506+0200] {logging_mixin.py:117} INFO - [2023-06-11T00:16:02.505+0200] {dag.py:3324} INFO - Setting next_dagrun for example_weekday_branch_operator to 2023-06-09T00:00:00+00:00, run_after=2023-06-10T00:00:00+00:00
[2023-06-11T00:16:02.664+0200] {processor.py:178} INFO - Processing /home/nanah/airflow_venv/lib/python3.10/site-packages/airflow/example_dags/example_branch_day_of_week_operator.py took 0.497 seconds
[2023-06-11T00:16:57.825+0200] {processor.py:156} INFO - Started process (PID=4770) to work on /home/nanah/airflow_venv/lib/python3.10/site-packages/airflow/example_dags/example_branch_day_of_week_operator.py
[2023-06-11T00:16:57.828+0200] {processor.py:758} INFO - Processing file /home/nanah/airflow_venv/lib/python3.10/site-packages/airflow/example_dags/example_branch_day_of_week_operator.py for tasks to queue
[2023-06-11T00:16:57.829+0200] {logging_mixin.py:117} INFO - [2023-06-11T00:16:57.829+0200] {dagbag.py:525} INFO - Filling up the DagBag from /home/nanah/airflow_venv/lib/python3.10/site-packages/airflow/example_dags/example_branch_day_of_week_operator.py
[2023-06-11T00:16:57.951+0200] {processor.py:768} INFO - DAG(s) dict_keys(['example_weekday_branch_operator']) retrieved from /home/nanah/airflow_venv/lib/python3.10/site-packages/airflow/example_dags/example_branch_day_of_week_operator.py
[2023-06-11T00:16:58.076+0200] {logging_mixin.py:117} INFO - [2023-06-11T00:16:58.076+0200] {dag.py:2573} INFO - Sync 1 DAGs
[2023-06-11T00:16:58.166+0200] {logging_mixin.py:117} INFO - [2023-06-11T00:16:58.165+0200] {dag.py:3324} INFO - Setting next_dagrun for example_weekday_branch_operator to 2023-06-09T00:00:00+00:00, run_after=2023-06-10T00:00:00+00:00
[2023-06-11T00:16:58.247+0200] {processor.py:178} INFO - Processing /home/nanah/airflow_venv/lib/python3.10/site-packages/airflow/example_dags/example_branch_day_of_week_operator.py took 0.522 seconds
[2023-06-11T00:17:47.629+0200] {processor.py:156} INFO - Started process (PID=4807) to work on /home/nanah/airflow_venv/lib/python3.10/site-packages/airflow/example_dags/example_branch_day_of_week_operator.py
[2023-06-11T00:17:47.632+0200] {processor.py:758} INFO - Processing file /home/nanah/airflow_venv/lib/python3.10/site-packages/airflow/example_dags/example_branch_day_of_week_operator.py for tasks to queue
[2023-06-11T00:17:47.634+0200] {logging_mixin.py:117} INFO - [2023-06-11T00:17:47.634+0200] {dagbag.py:525} INFO - Filling up the DagBag from /home/nanah/airflow_venv/lib/python3.10/site-packages/airflow/example_dags/example_branch_day_of_week_operator.py
[2023-06-11T00:17:47.673+0200] {processor.py:768} INFO - DAG(s) dict_keys(['example_weekday_branch_operator']) retrieved from /home/nanah/airflow_venv/lib/python3.10/site-packages/airflow/example_dags/example_branch_day_of_week_operator.py
[2023-06-11T00:17:47.729+0200] {logging_mixin.py:117} INFO - [2023-06-11T00:17:47.729+0200] {dag.py:2573} INFO - Sync 1 DAGs
[2023-06-11T00:17:47.775+0200] {logging_mixin.py:117} INFO - [2023-06-11T00:17:47.774+0200] {dag.py:3324} INFO - Setting next_dagrun for example_weekday_branch_operator to 2023-06-09T00:00:00+00:00, run_after=2023-06-10T00:00:00+00:00
[2023-06-11T00:17:47.825+0200] {processor.py:178} INFO - Processing /home/nanah/airflow_venv/lib/python3.10/site-packages/airflow/example_dags/example_branch_day_of_week_operator.py took 0.204 seconds
[2023-06-11T00:18:35.488+0200] {processor.py:156} INFO - Started process (PID=4843) to work on /home/nanah/airflow_venv/lib/python3.10/site-packages/airflow/example_dags/example_branch_day_of_week_operator.py
[2023-06-11T00:18:35.495+0200] {processor.py:758} INFO - Processing file /home/nanah/airflow_venv/lib/python3.10/site-packages/airflow/example_dags/example_branch_day_of_week_operator.py for tasks to queue
[2023-06-11T00:18:35.496+0200] {logging_mixin.py:117} INFO - [2023-06-11T00:18:35.496+0200] {dagbag.py:525} INFO - Filling up the DagBag from /home/nanah/airflow_venv/lib/python3.10/site-packages/airflow/example_dags/example_branch_day_of_week_operator.py
[2023-06-11T00:18:35.536+0200] {processor.py:768} INFO - DAG(s) dict_keys(['example_weekday_branch_operator']) retrieved from /home/nanah/airflow_venv/lib/python3.10/site-packages/airflow/example_dags/example_branch_day_of_week_operator.py
[2023-06-11T00:18:35.592+0200] {logging_mixin.py:117} INFO - [2023-06-11T00:18:35.592+0200] {dag.py:2573} INFO - Sync 1 DAGs
[2023-06-11T00:18:35.640+0200] {logging_mixin.py:117} INFO - [2023-06-11T00:18:35.640+0200] {dag.py:3324} INFO - Setting next_dagrun for example_weekday_branch_operator to 2023-06-09T00:00:00+00:00, run_after=2023-06-10T00:00:00+00:00
[2023-06-11T00:18:35.714+0200] {processor.py:178} INFO - Processing /home/nanah/airflow_venv/lib/python3.10/site-packages/airflow/example_dags/example_branch_day_of_week_operator.py took 0.234 seconds
[2023-06-11T00:19:19.950+0200] {processor.py:156} INFO - Started process (PID=4876) to work on /home/nanah/airflow_venv/lib/python3.10/site-packages/airflow/example_dags/example_branch_day_of_week_operator.py
[2023-06-11T00:19:19.956+0200] {processor.py:758} INFO - Processing file /home/nanah/airflow_venv/lib/python3.10/site-packages/airflow/example_dags/example_branch_day_of_week_operator.py for tasks to queue
[2023-06-11T00:19:19.958+0200] {logging_mixin.py:117} INFO - [2023-06-11T00:19:19.957+0200] {dagbag.py:525} INFO - Filling up the DagBag from /home/nanah/airflow_venv/lib/python3.10/site-packages/airflow/example_dags/example_branch_day_of_week_operator.py
[2023-06-11T00:19:20.097+0200] {processor.py:768} INFO - DAG(s) dict_keys(['example_weekday_branch_operator']) retrieved from /home/nanah/airflow_venv/lib/python3.10/site-packages/airflow/example_dags/example_branch_day_of_week_operator.py
[2023-06-11T00:19:20.318+0200] {logging_mixin.py:117} INFO - [2023-06-11T00:19:20.306+0200] {dag.py:2573} INFO - Sync 1 DAGs
[2023-06-11T00:19:20.511+0200] {logging_mixin.py:117} INFO - [2023-06-11T00:19:20.510+0200] {dag.py:3324} INFO - Setting next_dagrun for example_weekday_branch_operator to 2023-06-09T00:00:00+00:00, run_after=2023-06-10T00:00:00+00:00
[2023-06-11T00:19:21.501+0200] {processor.py:178} INFO - Processing /home/nanah/airflow_venv/lib/python3.10/site-packages/airflow/example_dags/example_branch_day_of_week_operator.py took 1.569 seconds
[2023-06-11T00:20:51.922+0200] {processor.py:156} INFO - Started process (PID=4922) to work on /home/nanah/airflow_venv/lib/python3.10/site-packages/airflow/example_dags/example_branch_day_of_week_operator.py
[2023-06-11T00:20:51.928+0200] {processor.py:758} INFO - Processing file /home/nanah/airflow_venv/lib/python3.10/site-packages/airflow/example_dags/example_branch_day_of_week_operator.py for tasks to queue
[2023-06-11T00:20:51.933+0200] {logging_mixin.py:117} INFO - [2023-06-11T00:20:51.932+0200] {dagbag.py:525} INFO - Filling up the DagBag from /home/nanah/airflow_venv/lib/python3.10/site-packages/airflow/example_dags/example_branch_day_of_week_operator.py
[2023-06-11T00:20:52.003+0200] {processor.py:768} INFO - DAG(s) dict_keys(['example_weekday_branch_operator']) retrieved from /home/nanah/airflow_venv/lib/python3.10/site-packages/airflow/example_dags/example_branch_day_of_week_operator.py
[2023-06-11T00:20:52.100+0200] {logging_mixin.py:117} INFO - [2023-06-11T00:20:52.100+0200] {dag.py:2573} INFO - Sync 1 DAGs
[2023-06-11T00:20:52.174+0200] {logging_mixin.py:117} INFO - [2023-06-11T00:20:52.173+0200] {dag.py:3324} INFO - Setting next_dagrun for example_weekday_branch_operator to 2023-06-09T00:00:00+00:00, run_after=2023-06-10T00:00:00+00:00
[2023-06-11T00:20:52.298+0200] {processor.py:178} INFO - Processing /home/nanah/airflow_venv/lib/python3.10/site-packages/airflow/example_dags/example_branch_day_of_week_operator.py took 0.386 seconds
[2023-06-11T00:22:03.482+0200] {processor.py:156} INFO - Started process (PID=4959) to work on /home/nanah/airflow_venv/lib/python3.10/site-packages/airflow/example_dags/example_branch_day_of_week_operator.py
[2023-06-11T00:22:03.488+0200] {processor.py:758} INFO - Processing file /home/nanah/airflow_venv/lib/python3.10/site-packages/airflow/example_dags/example_branch_day_of_week_operator.py for tasks to queue
[2023-06-11T00:22:03.491+0200] {logging_mixin.py:117} INFO - [2023-06-11T00:22:03.490+0200] {dagbag.py:525} INFO - Filling up the DagBag from /home/nanah/airflow_venv/lib/python3.10/site-packages/airflow/example_dags/example_branch_day_of_week_operator.py
[2023-06-11T00:22:03.550+0200] {processor.py:768} INFO - DAG(s) dict_keys(['example_weekday_branch_operator']) retrieved from /home/nanah/airflow_venv/lib/python3.10/site-packages/airflow/example_dags/example_branch_day_of_week_operator.py
[2023-06-11T00:22:03.674+0200] {logging_mixin.py:117} INFO - [2023-06-11T00:22:03.674+0200] {dag.py:2573} INFO - Sync 1 DAGs
[2023-06-11T00:22:03.733+0200] {logging_mixin.py:117} INFO - [2023-06-11T00:22:03.731+0200] {dag.py:3324} INFO - Setting next_dagrun for example_weekday_branch_operator to 2023-06-09T00:00:00+00:00, run_after=2023-06-10T00:00:00+00:00
[2023-06-11T00:22:03.808+0200] {processor.py:178} INFO - Processing /home/nanah/airflow_venv/lib/python3.10/site-packages/airflow/example_dags/example_branch_day_of_week_operator.py took 0.333 seconds
[2023-06-11T00:22:58.773+0200] {processor.py:156} INFO - Started process (PID=4993) to work on /home/nanah/airflow_venv/lib/python3.10/site-packages/airflow/example_dags/example_branch_day_of_week_operator.py
[2023-06-11T00:22:58.783+0200] {processor.py:758} INFO - Processing file /home/nanah/airflow_venv/lib/python3.10/site-packages/airflow/example_dags/example_branch_day_of_week_operator.py for tasks to queue
[2023-06-11T00:22:58.784+0200] {logging_mixin.py:117} INFO - [2023-06-11T00:22:58.784+0200] {dagbag.py:525} INFO - Filling up the DagBag from /home/nanah/airflow_venv/lib/python3.10/site-packages/airflow/example_dags/example_branch_day_of_week_operator.py
[2023-06-11T00:22:58.839+0200] {processor.py:768} INFO - DAG(s) dict_keys(['example_weekday_branch_operator']) retrieved from /home/nanah/airflow_venv/lib/python3.10/site-packages/airflow/example_dags/example_branch_day_of_week_operator.py
[2023-06-11T00:22:58.943+0200] {logging_mixin.py:117} INFO - [2023-06-11T00:22:58.943+0200] {dag.py:2573} INFO - Sync 1 DAGs
[2023-06-11T00:22:59.007+0200] {logging_mixin.py:117} INFO - [2023-06-11T00:22:59.007+0200] {dag.py:3324} INFO - Setting next_dagrun for example_weekday_branch_operator to 2023-06-09T00:00:00+00:00, run_after=2023-06-10T00:00:00+00:00
[2023-06-11T00:22:59.092+0200] {processor.py:178} INFO - Processing /home/nanah/airflow_venv/lib/python3.10/site-packages/airflow/example_dags/example_branch_day_of_week_operator.py took 0.329 seconds
[2023-06-11T00:23:55.227+0200] {processor.py:156} INFO - Started process (PID=5027) to work on /home/nanah/airflow_venv/lib/python3.10/site-packages/airflow/example_dags/example_branch_day_of_week_operator.py
[2023-06-11T00:23:55.231+0200] {processor.py:758} INFO - Processing file /home/nanah/airflow_venv/lib/python3.10/site-packages/airflow/example_dags/example_branch_day_of_week_operator.py for tasks to queue
[2023-06-11T00:23:55.233+0200] {logging_mixin.py:117} INFO - [2023-06-11T00:23:55.232+0200] {dagbag.py:525} INFO - Filling up the DagBag from /home/nanah/airflow_venv/lib/python3.10/site-packages/airflow/example_dags/example_branch_day_of_week_operator.py
[2023-06-11T00:23:55.287+0200] {processor.py:768} INFO - DAG(s) dict_keys(['example_weekday_branch_operator']) retrieved from /home/nanah/airflow_venv/lib/python3.10/site-packages/airflow/example_dags/example_branch_day_of_week_operator.py
[2023-06-11T00:23:55.358+0200] {logging_mixin.py:117} INFO - [2023-06-11T00:23:55.358+0200] {dag.py:2573} INFO - Sync 1 DAGs
[2023-06-11T00:23:55.433+0200] {logging_mixin.py:117} INFO - [2023-06-11T00:23:55.432+0200] {dag.py:3324} INFO - Setting next_dagrun for example_weekday_branch_operator to 2023-06-09T00:00:00+00:00, run_after=2023-06-10T00:00:00+00:00
[2023-06-11T00:23:55.498+0200] {processor.py:178} INFO - Processing /home/nanah/airflow_venv/lib/python3.10/site-packages/airflow/example_dags/example_branch_day_of_week_operator.py took 0.278 seconds
[2023-06-11T00:25:49.668+0200] {processor.py:156} INFO - Started process (PID=5064) to work on /home/nanah/airflow_venv/lib/python3.10/site-packages/airflow/example_dags/example_branch_day_of_week_operator.py
[2023-06-11T00:25:49.672+0200] {processor.py:758} INFO - Processing file /home/nanah/airflow_venv/lib/python3.10/site-packages/airflow/example_dags/example_branch_day_of_week_operator.py for tasks to queue
[2023-06-11T00:25:49.676+0200] {logging_mixin.py:117} INFO - [2023-06-11T00:25:49.676+0200] {dagbag.py:525} INFO - Filling up the DagBag from /home/nanah/airflow_venv/lib/python3.10/site-packages/airflow/example_dags/example_branch_day_of_week_operator.py
[2023-06-11T00:25:49.745+0200] {processor.py:768} INFO - DAG(s) dict_keys(['example_weekday_branch_operator']) retrieved from /home/nanah/airflow_venv/lib/python3.10/site-packages/airflow/example_dags/example_branch_day_of_week_operator.py
[2023-06-11T00:25:49.875+0200] {logging_mixin.py:117} INFO - [2023-06-11T00:25:49.874+0200] {dag.py:2573} INFO - Sync 1 DAGs
[2023-06-11T00:25:49.984+0200] {logging_mixin.py:117} INFO - [2023-06-11T00:25:49.984+0200] {dag.py:3324} INFO - Setting next_dagrun for example_weekday_branch_operator to 2023-06-09T00:00:00+00:00, run_after=2023-06-10T00:00:00+00:00
[2023-06-11T00:25:50.071+0200] {processor.py:178} INFO - Processing /home/nanah/airflow_venv/lib/python3.10/site-packages/airflow/example_dags/example_branch_day_of_week_operator.py took 0.417 seconds
[2023-06-11T00:26:53.579+0200] {processor.py:156} INFO - Started process (PID=5099) to work on /home/nanah/airflow_venv/lib/python3.10/site-packages/airflow/example_dags/example_branch_day_of_week_operator.py
[2023-06-11T00:26:53.586+0200] {processor.py:758} INFO - Processing file /home/nanah/airflow_venv/lib/python3.10/site-packages/airflow/example_dags/example_branch_day_of_week_operator.py for tasks to queue
[2023-06-11T00:26:53.587+0200] {logging_mixin.py:117} INFO - [2023-06-11T00:26:53.587+0200] {dagbag.py:525} INFO - Filling up the DagBag from /home/nanah/airflow_venv/lib/python3.10/site-packages/airflow/example_dags/example_branch_day_of_week_operator.py
[2023-06-11T00:26:53.632+0200] {processor.py:768} INFO - DAG(s) dict_keys(['example_weekday_branch_operator']) retrieved from /home/nanah/airflow_venv/lib/python3.10/site-packages/airflow/example_dags/example_branch_day_of_week_operator.py
[2023-06-11T00:26:53.699+0200] {logging_mixin.py:117} INFO - [2023-06-11T00:26:53.699+0200] {dag.py:2573} INFO - Sync 1 DAGs
[2023-06-11T00:26:53.762+0200] {logging_mixin.py:117} INFO - [2023-06-11T00:26:53.761+0200] {dag.py:3324} INFO - Setting next_dagrun for example_weekday_branch_operator to 2023-06-09T00:00:00+00:00, run_after=2023-06-10T00:00:00+00:00
[2023-06-11T00:26:54.099+0200] {processor.py:178} INFO - Processing /home/nanah/airflow_venv/lib/python3.10/site-packages/airflow/example_dags/example_branch_day_of_week_operator.py took 0.534 seconds
[2023-06-11T00:27:51.584+0200] {processor.py:156} INFO - Started process (PID=5138) to work on /home/nanah/airflow_venv/lib/python3.10/site-packages/airflow/example_dags/example_branch_day_of_week_operator.py
[2023-06-11T00:27:51.590+0200] {processor.py:758} INFO - Processing file /home/nanah/airflow_venv/lib/python3.10/site-packages/airflow/example_dags/example_branch_day_of_week_operator.py for tasks to queue
[2023-06-11T00:27:51.597+0200] {logging_mixin.py:117} INFO - [2023-06-11T00:27:51.597+0200] {dagbag.py:525} INFO - Filling up the DagBag from /home/nanah/airflow_venv/lib/python3.10/site-packages/airflow/example_dags/example_branch_day_of_week_operator.py
[2023-06-11T00:27:51.712+0200] {processor.py:768} INFO - DAG(s) dict_keys(['example_weekday_branch_operator']) retrieved from /home/nanah/airflow_venv/lib/python3.10/site-packages/airflow/example_dags/example_branch_day_of_week_operator.py
[2023-06-11T00:27:51.901+0200] {logging_mixin.py:117} INFO - [2023-06-11T00:27:51.901+0200] {dag.py:2573} INFO - Sync 1 DAGs
[2023-06-11T00:27:52.704+0200] {logging_mixin.py:117} INFO - [2023-06-11T00:27:52.703+0200] {dag.py:3324} INFO - Setting next_dagrun for example_weekday_branch_operator to 2023-06-09T00:00:00+00:00, run_after=2023-06-10T00:00:00+00:00
[2023-06-11T00:27:52.825+0200] {processor.py:178} INFO - Processing /home/nanah/airflow_venv/lib/python3.10/site-packages/airflow/example_dags/example_branch_day_of_week_operator.py took 1.260 seconds
[2023-06-11T00:28:48.978+0200] {processor.py:156} INFO - Started process (PID=5172) to work on /home/nanah/airflow_venv/lib/python3.10/site-packages/airflow/example_dags/example_branch_day_of_week_operator.py
[2023-06-11T00:28:48.984+0200] {processor.py:758} INFO - Processing file /home/nanah/airflow_venv/lib/python3.10/site-packages/airflow/example_dags/example_branch_day_of_week_operator.py for tasks to queue
[2023-06-11T00:28:48.985+0200] {logging_mixin.py:117} INFO - [2023-06-11T00:28:48.985+0200] {dagbag.py:525} INFO - Filling up the DagBag from /home/nanah/airflow_venv/lib/python3.10/site-packages/airflow/example_dags/example_branch_day_of_week_operator.py
[2023-06-11T00:28:49.028+0200] {processor.py:768} INFO - DAG(s) dict_keys(['example_weekday_branch_operator']) retrieved from /home/nanah/airflow_venv/lib/python3.10/site-packages/airflow/example_dags/example_branch_day_of_week_operator.py
[2023-06-11T00:28:49.103+0200] {logging_mixin.py:117} INFO - [2023-06-11T00:28:49.103+0200] {dag.py:2573} INFO - Sync 1 DAGs
[2023-06-11T00:28:49.442+0200] {logging_mixin.py:117} INFO - [2023-06-11T00:28:49.442+0200] {dag.py:3324} INFO - Setting next_dagrun for example_weekday_branch_operator to 2023-06-09T00:00:00+00:00, run_after=2023-06-10T00:00:00+00:00
[2023-06-11T00:28:49.497+0200] {processor.py:178} INFO - Processing /home/nanah/airflow_venv/lib/python3.10/site-packages/airflow/example_dags/example_branch_day_of_week_operator.py took 0.528 seconds
[2023-06-11T00:29:45.514+0200] {processor.py:156} INFO - Started process (PID=5206) to work on /home/nanah/airflow_venv/lib/python3.10/site-packages/airflow/example_dags/example_branch_day_of_week_operator.py
[2023-06-11T00:29:45.520+0200] {processor.py:758} INFO - Processing file /home/nanah/airflow_venv/lib/python3.10/site-packages/airflow/example_dags/example_branch_day_of_week_operator.py for tasks to queue
[2023-06-11T00:29:45.521+0200] {logging_mixin.py:117} INFO - [2023-06-11T00:29:45.521+0200] {dagbag.py:525} INFO - Filling up the DagBag from /home/nanah/airflow_venv/lib/python3.10/site-packages/airflow/example_dags/example_branch_day_of_week_operator.py
[2023-06-11T00:29:45.569+0200] {processor.py:768} INFO - DAG(s) dict_keys(['example_weekday_branch_operator']) retrieved from /home/nanah/airflow_venv/lib/python3.10/site-packages/airflow/example_dags/example_branch_day_of_week_operator.py
[2023-06-11T00:29:45.656+0200] {logging_mixin.py:117} INFO - [2023-06-11T00:29:45.656+0200] {dag.py:2573} INFO - Sync 1 DAGs
[2023-06-11T00:29:46.085+0200] {logging_mixin.py:117} INFO - [2023-06-11T00:29:46.084+0200] {dag.py:3324} INFO - Setting next_dagrun for example_weekday_branch_operator to 2023-06-09T00:00:00+00:00, run_after=2023-06-10T00:00:00+00:00
[2023-06-11T00:29:46.223+0200] {processor.py:178} INFO - Processing /home/nanah/airflow_venv/lib/python3.10/site-packages/airflow/example_dags/example_branch_day_of_week_operator.py took 0.716 seconds
[2023-06-11T00:30:57.140+0200] {processor.py:156} INFO - Started process (PID=5243) to work on /home/nanah/airflow_venv/lib/python3.10/site-packages/airflow/example_dags/example_branch_day_of_week_operator.py
[2023-06-11T00:30:57.149+0200] {processor.py:758} INFO - Processing file /home/nanah/airflow_venv/lib/python3.10/site-packages/airflow/example_dags/example_branch_day_of_week_operator.py for tasks to queue
[2023-06-11T00:30:57.155+0200] {logging_mixin.py:117} INFO - [2023-06-11T00:30:57.155+0200] {dagbag.py:525} INFO - Filling up the DagBag from /home/nanah/airflow_venv/lib/python3.10/site-packages/airflow/example_dags/example_branch_day_of_week_operator.py
[2023-06-11T00:30:57.247+0200] {processor.py:768} INFO - DAG(s) dict_keys(['example_weekday_branch_operator']) retrieved from /home/nanah/airflow_venv/lib/python3.10/site-packages/airflow/example_dags/example_branch_day_of_week_operator.py
[2023-06-11T00:30:57.712+0200] {logging_mixin.py:117} INFO - [2023-06-11T00:30:57.707+0200] {dag.py:2573} INFO - Sync 1 DAGs
[2023-06-11T00:30:57.766+0200] {logging_mixin.py:117} INFO - [2023-06-11T00:30:57.765+0200] {dag.py:3324} INFO - Setting next_dagrun for example_weekday_branch_operator to 2023-06-09T00:00:00+00:00, run_after=2023-06-10T00:00:00+00:00
[2023-06-11T00:30:57.829+0200] {processor.py:178} INFO - Processing /home/nanah/airflow_venv/lib/python3.10/site-packages/airflow/example_dags/example_branch_day_of_week_operator.py took 0.702 seconds
[2023-06-11T00:31:53.785+0200] {processor.py:156} INFO - Started process (PID=5278) to work on /home/nanah/airflow_venv/lib/python3.10/site-packages/airflow/example_dags/example_branch_day_of_week_operator.py
[2023-06-11T00:31:53.790+0200] {processor.py:758} INFO - Processing file /home/nanah/airflow_venv/lib/python3.10/site-packages/airflow/example_dags/example_branch_day_of_week_operator.py for tasks to queue
[2023-06-11T00:31:53.792+0200] {logging_mixin.py:117} INFO - [2023-06-11T00:31:53.791+0200] {dagbag.py:525} INFO - Filling up the DagBag from /home/nanah/airflow_venv/lib/python3.10/site-packages/airflow/example_dags/example_branch_day_of_week_operator.py
[2023-06-11T00:31:53.846+0200] {processor.py:768} INFO - DAG(s) dict_keys(['example_weekday_branch_operator']) retrieved from /home/nanah/airflow_venv/lib/python3.10/site-packages/airflow/example_dags/example_branch_day_of_week_operator.py
[2023-06-11T00:31:54.211+0200] {logging_mixin.py:117} INFO - [2023-06-11T00:31:54.211+0200] {dag.py:2573} INFO - Sync 1 DAGs
[2023-06-11T00:31:54.260+0200] {logging_mixin.py:117} INFO - [2023-06-11T00:31:54.260+0200] {dag.py:3324} INFO - Setting next_dagrun for example_weekday_branch_operator to 2023-06-09T00:00:00+00:00, run_after=2023-06-10T00:00:00+00:00
[2023-06-11T00:31:54.318+0200] {processor.py:178} INFO - Processing /home/nanah/airflow_venv/lib/python3.10/site-packages/airflow/example_dags/example_branch_day_of_week_operator.py took 0.540 seconds
[2023-06-11T00:32:49.706+0200] {processor.py:156} INFO - Started process (PID=5314) to work on /home/nanah/airflow_venv/lib/python3.10/site-packages/airflow/example_dags/example_branch_day_of_week_operator.py
[2023-06-11T00:32:49.710+0200] {processor.py:758} INFO - Processing file /home/nanah/airflow_venv/lib/python3.10/site-packages/airflow/example_dags/example_branch_day_of_week_operator.py for tasks to queue
[2023-06-11T00:32:49.712+0200] {logging_mixin.py:117} INFO - [2023-06-11T00:32:49.711+0200] {dagbag.py:525} INFO - Filling up the DagBag from /home/nanah/airflow_venv/lib/python3.10/site-packages/airflow/example_dags/example_branch_day_of_week_operator.py
[2023-06-11T00:32:50.181+0200] {processor.py:768} INFO - DAG(s) dict_keys(['example_weekday_branch_operator']) retrieved from /home/nanah/airflow_venv/lib/python3.10/site-packages/airflow/example_dags/example_branch_day_of_week_operator.py
[2023-06-11T00:32:50.242+0200] {logging_mixin.py:117} INFO - [2023-06-11T00:32:50.241+0200] {dag.py:2573} INFO - Sync 1 DAGs
[2023-06-11T00:32:50.307+0200] {logging_mixin.py:117} INFO - [2023-06-11T00:32:50.306+0200] {dag.py:3324} INFO - Setting next_dagrun for example_weekday_branch_operator to 2023-06-09T00:00:00+00:00, run_after=2023-06-10T00:00:00+00:00
[2023-06-11T00:32:50.373+0200] {processor.py:178} INFO - Processing /home/nanah/airflow_venv/lib/python3.10/site-packages/airflow/example_dags/example_branch_day_of_week_operator.py took 0.676 seconds
[2023-06-11T00:33:43.162+0200] {processor.py:156} INFO - Started process (PID=5349) to work on /home/nanah/airflow_venv/lib/python3.10/site-packages/airflow/example_dags/example_branch_day_of_week_operator.py
[2023-06-11T00:33:43.168+0200] {processor.py:758} INFO - Processing file /home/nanah/airflow_venv/lib/python3.10/site-packages/airflow/example_dags/example_branch_day_of_week_operator.py for tasks to queue
[2023-06-11T00:33:43.171+0200] {logging_mixin.py:117} INFO - [2023-06-11T00:33:43.171+0200] {dagbag.py:525} INFO - Filling up the DagBag from /home/nanah/airflow_venv/lib/python3.10/site-packages/airflow/example_dags/example_branch_day_of_week_operator.py
[2023-06-11T00:33:43.531+0200] {processor.py:768} INFO - DAG(s) dict_keys(['example_weekday_branch_operator']) retrieved from /home/nanah/airflow_venv/lib/python3.10/site-packages/airflow/example_dags/example_branch_day_of_week_operator.py
[2023-06-11T00:33:43.581+0200] {logging_mixin.py:117} INFO - [2023-06-11T00:33:43.581+0200] {dag.py:2573} INFO - Sync 1 DAGs
[2023-06-11T00:33:43.639+0200] {logging_mixin.py:117} INFO - [2023-06-11T00:33:43.639+0200] {dag.py:3324} INFO - Setting next_dagrun for example_weekday_branch_operator to 2023-06-09T00:00:00+00:00, run_after=2023-06-10T00:00:00+00:00
[2023-06-11T00:33:43.686+0200] {processor.py:178} INFO - Processing /home/nanah/airflow_venv/lib/python3.10/site-packages/airflow/example_dags/example_branch_day_of_week_operator.py took 0.533 seconds
[2023-06-11T00:34:43.636+0200] {processor.py:156} INFO - Started process (PID=5387) to work on /home/nanah/airflow_venv/lib/python3.10/site-packages/airflow/example_dags/example_branch_day_of_week_operator.py
[2023-06-11T00:34:43.641+0200] {processor.py:758} INFO - Processing file /home/nanah/airflow_venv/lib/python3.10/site-packages/airflow/example_dags/example_branch_day_of_week_operator.py for tasks to queue
[2023-06-11T00:34:43.644+0200] {logging_mixin.py:117} INFO - [2023-06-11T00:34:43.643+0200] {dagbag.py:525} INFO - Filling up the DagBag from /home/nanah/airflow_venv/lib/python3.10/site-packages/airflow/example_dags/example_branch_day_of_week_operator.py
[2023-06-11T00:34:43.714+0200] {processor.py:768} INFO - DAG(s) dict_keys(['example_weekday_branch_operator']) retrieved from /home/nanah/airflow_venv/lib/python3.10/site-packages/airflow/example_dags/example_branch_day_of_week_operator.py
[2023-06-11T00:34:43.812+0200] {logging_mixin.py:117} INFO - [2023-06-11T00:34:43.811+0200] {dag.py:2573} INFO - Sync 1 DAGs
[2023-06-11T00:34:43.893+0200] {logging_mixin.py:117} INFO - [2023-06-11T00:34:43.892+0200] {dag.py:3324} INFO - Setting next_dagrun for example_weekday_branch_operator to 2023-06-09T00:00:00+00:00, run_after=2023-06-10T00:00:00+00:00
[2023-06-11T00:34:43.986+0200] {processor.py:178} INFO - Processing /home/nanah/airflow_venv/lib/python3.10/site-packages/airflow/example_dags/example_branch_day_of_week_operator.py took 0.366 seconds
[2023-06-11T00:35:42.687+0200] {processor.py:156} INFO - Started process (PID=5423) to work on /home/nanah/airflow_venv/lib/python3.10/site-packages/airflow/example_dags/example_branch_day_of_week_operator.py
[2023-06-11T00:35:42.694+0200] {processor.py:758} INFO - Processing file /home/nanah/airflow_venv/lib/python3.10/site-packages/airflow/example_dags/example_branch_day_of_week_operator.py for tasks to queue
[2023-06-11T00:35:42.696+0200] {logging_mixin.py:117} INFO - [2023-06-11T00:35:42.695+0200] {dagbag.py:525} INFO - Filling up the DagBag from /home/nanah/airflow_venv/lib/python3.10/site-packages/airflow/example_dags/example_branch_day_of_week_operator.py
[2023-06-11T00:35:42.730+0200] {processor.py:768} INFO - DAG(s) dict_keys(['example_weekday_branch_operator']) retrieved from /home/nanah/airflow_venv/lib/python3.10/site-packages/airflow/example_dags/example_branch_day_of_week_operator.py
[2023-06-11T00:35:42.786+0200] {logging_mixin.py:117} INFO - [2023-06-11T00:35:42.786+0200] {dag.py:2573} INFO - Sync 1 DAGs
[2023-06-11T00:35:42.835+0200] {logging_mixin.py:117} INFO - [2023-06-11T00:35:42.835+0200] {dag.py:3324} INFO - Setting next_dagrun for example_weekday_branch_operator to 2023-06-09T00:00:00+00:00, run_after=2023-06-10T00:00:00+00:00
[2023-06-11T00:35:42.900+0200] {processor.py:178} INFO - Processing /home/nanah/airflow_venv/lib/python3.10/site-packages/airflow/example_dags/example_branch_day_of_week_operator.py took 0.219 seconds
[2023-06-11T00:36:27.437+0200] {processor.py:156} INFO - Started process (PID=5456) to work on /home/nanah/airflow_venv/lib/python3.10/site-packages/airflow/example_dags/example_branch_day_of_week_operator.py
[2023-06-11T00:36:27.442+0200] {processor.py:758} INFO - Processing file /home/nanah/airflow_venv/lib/python3.10/site-packages/airflow/example_dags/example_branch_day_of_week_operator.py for tasks to queue
[2023-06-11T00:36:27.444+0200] {logging_mixin.py:117} INFO - [2023-06-11T00:36:27.443+0200] {dagbag.py:525} INFO - Filling up the DagBag from /home/nanah/airflow_venv/lib/python3.10/site-packages/airflow/example_dags/example_branch_day_of_week_operator.py
[2023-06-11T00:36:27.481+0200] {processor.py:768} INFO - DAG(s) dict_keys(['example_weekday_branch_operator']) retrieved from /home/nanah/airflow_venv/lib/python3.10/site-packages/airflow/example_dags/example_branch_day_of_week_operator.py
[2023-06-11T00:36:27.541+0200] {logging_mixin.py:117} INFO - [2023-06-11T00:36:27.540+0200] {dag.py:2573} INFO - Sync 1 DAGs
[2023-06-11T00:36:27.582+0200] {logging_mixin.py:117} INFO - [2023-06-11T00:36:27.581+0200] {dag.py:3324} INFO - Setting next_dagrun for example_weekday_branch_operator to 2023-06-09T00:00:00+00:00, run_after=2023-06-10T00:00:00+00:00
[2023-06-11T00:36:27.626+0200] {processor.py:178} INFO - Processing /home/nanah/airflow_venv/lib/python3.10/site-packages/airflow/example_dags/example_branch_day_of_week_operator.py took 0.196 seconds
[2023-06-11T00:37:13.129+0200] {processor.py:156} INFO - Started process (PID=5490) to work on /home/nanah/airflow_venv/lib/python3.10/site-packages/airflow/example_dags/example_branch_day_of_week_operator.py
[2023-06-11T00:37:13.135+0200] {processor.py:758} INFO - Processing file /home/nanah/airflow_venv/lib/python3.10/site-packages/airflow/example_dags/example_branch_day_of_week_operator.py for tasks to queue
[2023-06-11T00:37:13.136+0200] {logging_mixin.py:117} INFO - [2023-06-11T00:37:13.136+0200] {dagbag.py:525} INFO - Filling up the DagBag from /home/nanah/airflow_venv/lib/python3.10/site-packages/airflow/example_dags/example_branch_day_of_week_operator.py
[2023-06-11T00:37:13.179+0200] {processor.py:768} INFO - DAG(s) dict_keys(['example_weekday_branch_operator']) retrieved from /home/nanah/airflow_venv/lib/python3.10/site-packages/airflow/example_dags/example_branch_day_of_week_operator.py
[2023-06-11T00:37:13.246+0200] {logging_mixin.py:117} INFO - [2023-06-11T00:37:13.245+0200] {dag.py:2573} INFO - Sync 1 DAGs
[2023-06-11T00:37:13.306+0200] {logging_mixin.py:117} INFO - [2023-06-11T00:37:13.306+0200] {dag.py:3324} INFO - Setting next_dagrun for example_weekday_branch_operator to 2023-06-09T00:00:00+00:00, run_after=2023-06-10T00:00:00+00:00
[2023-06-11T00:37:13.365+0200] {processor.py:178} INFO - Processing /home/nanah/airflow_venv/lib/python3.10/site-packages/airflow/example_dags/example_branch_day_of_week_operator.py took 0.244 seconds
[2023-06-11T00:38:05.841+0200] {processor.py:156} INFO - Started process (PID=5524) to work on /home/nanah/airflow_venv/lib/python3.10/site-packages/airflow/example_dags/example_branch_day_of_week_operator.py
[2023-06-11T00:38:05.853+0200] {processor.py:758} INFO - Processing file /home/nanah/airflow_venv/lib/python3.10/site-packages/airflow/example_dags/example_branch_day_of_week_operator.py for tasks to queue
[2023-06-11T00:38:05.854+0200] {logging_mixin.py:117} INFO - [2023-06-11T00:38:05.854+0200] {dagbag.py:525} INFO - Filling up the DagBag from /home/nanah/airflow_venv/lib/python3.10/site-packages/airflow/example_dags/example_branch_day_of_week_operator.py
[2023-06-11T00:38:05.909+0200] {processor.py:768} INFO - DAG(s) dict_keys(['example_weekday_branch_operator']) retrieved from /home/nanah/airflow_venv/lib/python3.10/site-packages/airflow/example_dags/example_branch_day_of_week_operator.py
[2023-06-11T00:38:05.993+0200] {logging_mixin.py:117} INFO - [2023-06-11T00:38:05.993+0200] {dag.py:2573} INFO - Sync 1 DAGs
[2023-06-11T00:38:06.040+0200] {logging_mixin.py:117} INFO - [2023-06-11T00:38:06.040+0200] {dag.py:3324} INFO - Setting next_dagrun for example_weekday_branch_operator to 2023-06-09T00:00:00+00:00, run_after=2023-06-10T00:00:00+00:00
[2023-06-11T00:38:06.108+0200] {processor.py:178} INFO - Processing /home/nanah/airflow_venv/lib/python3.10/site-packages/airflow/example_dags/example_branch_day_of_week_operator.py took 0.275 seconds
[2023-06-11T00:38:50.961+0200] {processor.py:156} INFO - Started process (PID=5560) to work on /home/nanah/airflow_venv/lib/python3.10/site-packages/airflow/example_dags/example_branch_day_of_week_operator.py
[2023-06-11T00:38:50.971+0200] {processor.py:758} INFO - Processing file /home/nanah/airflow_venv/lib/python3.10/site-packages/airflow/example_dags/example_branch_day_of_week_operator.py for tasks to queue
[2023-06-11T00:38:50.975+0200] {logging_mixin.py:117} INFO - [2023-06-11T00:38:50.974+0200] {dagbag.py:525} INFO - Filling up the DagBag from /home/nanah/airflow_venv/lib/python3.10/site-packages/airflow/example_dags/example_branch_day_of_week_operator.py
[2023-06-11T00:38:51.037+0200] {processor.py:768} INFO - DAG(s) dict_keys(['example_weekday_branch_operator']) retrieved from /home/nanah/airflow_venv/lib/python3.10/site-packages/airflow/example_dags/example_branch_day_of_week_operator.py
[2023-06-11T00:38:51.108+0200] {logging_mixin.py:117} INFO - [2023-06-11T00:38:51.107+0200] {dag.py:2573} INFO - Sync 1 DAGs
[2023-06-11T00:38:51.164+0200] {logging_mixin.py:117} INFO - [2023-06-11T00:38:51.163+0200] {dag.py:3324} INFO - Setting next_dagrun for example_weekday_branch_operator to 2023-06-09T00:00:00+00:00, run_after=2023-06-10T00:00:00+00:00
[2023-06-11T00:38:51.217+0200] {processor.py:178} INFO - Processing /home/nanah/airflow_venv/lib/python3.10/site-packages/airflow/example_dags/example_branch_day_of_week_operator.py took 0.276 seconds
[2023-06-11T00:39:31.957+0200] {processor.py:156} INFO - Started process (PID=5593) to work on /home/nanah/airflow_venv/lib/python3.10/site-packages/airflow/example_dags/example_branch_day_of_week_operator.py
[2023-06-11T00:39:31.969+0200] {processor.py:758} INFO - Processing file /home/nanah/airflow_venv/lib/python3.10/site-packages/airflow/example_dags/example_branch_day_of_week_operator.py for tasks to queue
[2023-06-11T00:39:31.971+0200] {logging_mixin.py:117} INFO - [2023-06-11T00:39:31.971+0200] {dagbag.py:525} INFO - Filling up the DagBag from /home/nanah/airflow_venv/lib/python3.10/site-packages/airflow/example_dags/example_branch_day_of_week_operator.py
[2023-06-11T00:39:32.048+0200] {processor.py:768} INFO - DAG(s) dict_keys(['example_weekday_branch_operator']) retrieved from /home/nanah/airflow_venv/lib/python3.10/site-packages/airflow/example_dags/example_branch_day_of_week_operator.py
[2023-06-11T00:39:32.202+0200] {logging_mixin.py:117} INFO - [2023-06-11T00:39:32.201+0200] {dag.py:2573} INFO - Sync 1 DAGs
[2023-06-11T00:39:32.300+0200] {logging_mixin.py:117} INFO - [2023-06-11T00:39:32.299+0200] {dag.py:3324} INFO - Setting next_dagrun for example_weekday_branch_operator to 2023-06-09T00:00:00+00:00, run_after=2023-06-10T00:00:00+00:00
[2023-06-11T00:39:32.377+0200] {processor.py:178} INFO - Processing /home/nanah/airflow_venv/lib/python3.10/site-packages/airflow/example_dags/example_branch_day_of_week_operator.py took 0.430 seconds
[2023-06-11T00:40:14.939+0200] {processor.py:156} INFO - Started process (PID=5627) to work on /home/nanah/airflow_venv/lib/python3.10/site-packages/airflow/example_dags/example_branch_day_of_week_operator.py
[2023-06-11T00:40:14.945+0200] {processor.py:758} INFO - Processing file /home/nanah/airflow_venv/lib/python3.10/site-packages/airflow/example_dags/example_branch_day_of_week_operator.py for tasks to queue
[2023-06-11T00:40:14.946+0200] {logging_mixin.py:117} INFO - [2023-06-11T00:40:14.946+0200] {dagbag.py:525} INFO - Filling up the DagBag from /home/nanah/airflow_venv/lib/python3.10/site-packages/airflow/example_dags/example_branch_day_of_week_operator.py
[2023-06-11T00:40:14.989+0200] {processor.py:768} INFO - DAG(s) dict_keys(['example_weekday_branch_operator']) retrieved from /home/nanah/airflow_venv/lib/python3.10/site-packages/airflow/example_dags/example_branch_day_of_week_operator.py
[2023-06-11T00:40:15.060+0200] {logging_mixin.py:117} INFO - [2023-06-11T00:40:15.060+0200] {dag.py:2573} INFO - Sync 1 DAGs
[2023-06-11T00:40:15.122+0200] {logging_mixin.py:117} INFO - [2023-06-11T00:40:15.122+0200] {dag.py:3324} INFO - Setting next_dagrun for example_weekday_branch_operator to 2023-06-09T00:00:00+00:00, run_after=2023-06-10T00:00:00+00:00
[2023-06-11T00:40:15.174+0200] {processor.py:178} INFO - Processing /home/nanah/airflow_venv/lib/python3.10/site-packages/airflow/example_dags/example_branch_day_of_week_operator.py took 0.241 seconds
[2023-06-11T00:40:58.766+0200] {processor.py:156} INFO - Started process (PID=5661) to work on /home/nanah/airflow_venv/lib/python3.10/site-packages/airflow/example_dags/example_branch_day_of_week_operator.py
[2023-06-11T00:40:58.772+0200] {processor.py:758} INFO - Processing file /home/nanah/airflow_venv/lib/python3.10/site-packages/airflow/example_dags/example_branch_day_of_week_operator.py for tasks to queue
[2023-06-11T00:40:58.774+0200] {logging_mixin.py:117} INFO - [2023-06-11T00:40:58.774+0200] {dagbag.py:525} INFO - Filling up the DagBag from /home/nanah/airflow_venv/lib/python3.10/site-packages/airflow/example_dags/example_branch_day_of_week_operator.py
[2023-06-11T00:40:58.808+0200] {processor.py:768} INFO - DAG(s) dict_keys(['example_weekday_branch_operator']) retrieved from /home/nanah/airflow_venv/lib/python3.10/site-packages/airflow/example_dags/example_branch_day_of_week_operator.py
[2023-06-11T00:40:58.862+0200] {logging_mixin.py:117} INFO - [2023-06-11T00:40:58.861+0200] {dag.py:2573} INFO - Sync 1 DAGs
[2023-06-11T00:40:58.916+0200] {logging_mixin.py:117} INFO - [2023-06-11T00:40:58.916+0200] {dag.py:3324} INFO - Setting next_dagrun for example_weekday_branch_operator to 2023-06-09T00:00:00+00:00, run_after=2023-06-10T00:00:00+00:00
[2023-06-11T00:40:58.961+0200] {processor.py:178} INFO - Processing /home/nanah/airflow_venv/lib/python3.10/site-packages/airflow/example_dags/example_branch_day_of_week_operator.py took 0.201 seconds
[2023-06-11T00:41:43.277+0200] {processor.py:156} INFO - Started process (PID=5697) to work on /home/nanah/airflow_venv/lib/python3.10/site-packages/airflow/example_dags/example_branch_day_of_week_operator.py
[2023-06-11T00:41:43.282+0200] {processor.py:758} INFO - Processing file /home/nanah/airflow_venv/lib/python3.10/site-packages/airflow/example_dags/example_branch_day_of_week_operator.py for tasks to queue
[2023-06-11T00:41:43.284+0200] {logging_mixin.py:117} INFO - [2023-06-11T00:41:43.283+0200] {dagbag.py:525} INFO - Filling up the DagBag from /home/nanah/airflow_venv/lib/python3.10/site-packages/airflow/example_dags/example_branch_day_of_week_operator.py
[2023-06-11T00:41:43.325+0200] {processor.py:768} INFO - DAG(s) dict_keys(['example_weekday_branch_operator']) retrieved from /home/nanah/airflow_venv/lib/python3.10/site-packages/airflow/example_dags/example_branch_day_of_week_operator.py
[2023-06-11T00:41:43.387+0200] {logging_mixin.py:117} INFO - [2023-06-11T00:41:43.386+0200] {dag.py:2573} INFO - Sync 1 DAGs
[2023-06-11T00:41:43.442+0200] {logging_mixin.py:117} INFO - [2023-06-11T00:41:43.442+0200] {dag.py:3324} INFO - Setting next_dagrun for example_weekday_branch_operator to 2023-06-09T00:00:00+00:00, run_after=2023-06-10T00:00:00+00:00
[2023-06-11T00:41:43.497+0200] {processor.py:178} INFO - Processing /home/nanah/airflow_venv/lib/python3.10/site-packages/airflow/example_dags/example_branch_day_of_week_operator.py took 0.227 seconds
[2023-06-11T00:42:30.262+0200] {processor.py:156} INFO - Started process (PID=5733) to work on /home/nanah/airflow_venv/lib/python3.10/site-packages/airflow/example_dags/example_branch_day_of_week_operator.py
[2023-06-11T00:42:30.269+0200] {processor.py:758} INFO - Processing file /home/nanah/airflow_venv/lib/python3.10/site-packages/airflow/example_dags/example_branch_day_of_week_operator.py for tasks to queue
[2023-06-11T00:42:30.270+0200] {logging_mixin.py:117} INFO - [2023-06-11T00:42:30.270+0200] {dagbag.py:525} INFO - Filling up the DagBag from /home/nanah/airflow_venv/lib/python3.10/site-packages/airflow/example_dags/example_branch_day_of_week_operator.py
[2023-06-11T00:42:30.314+0200] {processor.py:768} INFO - DAG(s) dict_keys(['example_weekday_branch_operator']) retrieved from /home/nanah/airflow_venv/lib/python3.10/site-packages/airflow/example_dags/example_branch_day_of_week_operator.py
[2023-06-11T00:42:30.446+0200] {logging_mixin.py:117} INFO - [2023-06-11T00:42:30.446+0200] {dag.py:2573} INFO - Sync 1 DAGs
[2023-06-11T00:42:30.520+0200] {logging_mixin.py:117} INFO - [2023-06-11T00:42:30.520+0200] {dag.py:3324} INFO - Setting next_dagrun for example_weekday_branch_operator to 2023-06-09T00:00:00+00:00, run_after=2023-06-10T00:00:00+00:00
[2023-06-11T00:42:30.596+0200] {processor.py:178} INFO - Processing /home/nanah/airflow_venv/lib/python3.10/site-packages/airflow/example_dags/example_branch_day_of_week_operator.py took 0.344 seconds
[2023-06-11T00:43:18.822+0200] {processor.py:156} INFO - Started process (PID=5767) to work on /home/nanah/airflow_venv/lib/python3.10/site-packages/airflow/example_dags/example_branch_day_of_week_operator.py
[2023-06-11T00:43:18.832+0200] {processor.py:758} INFO - Processing file /home/nanah/airflow_venv/lib/python3.10/site-packages/airflow/example_dags/example_branch_day_of_week_operator.py for tasks to queue
[2023-06-11T00:43:18.835+0200] {logging_mixin.py:117} INFO - [2023-06-11T00:43:18.835+0200] {dagbag.py:525} INFO - Filling up the DagBag from /home/nanah/airflow_venv/lib/python3.10/site-packages/airflow/example_dags/example_branch_day_of_week_operator.py
[2023-06-11T00:43:18.921+0200] {processor.py:768} INFO - DAG(s) dict_keys(['example_weekday_branch_operator']) retrieved from /home/nanah/airflow_venv/lib/python3.10/site-packages/airflow/example_dags/example_branch_day_of_week_operator.py
[2023-06-11T00:43:19.017+0200] {logging_mixin.py:117} INFO - [2023-06-11T00:43:19.016+0200] {dag.py:2573} INFO - Sync 1 DAGs
[2023-06-11T00:43:19.087+0200] {logging_mixin.py:117} INFO - [2023-06-11T00:43:19.087+0200] {dag.py:3324} INFO - Setting next_dagrun for example_weekday_branch_operator to 2023-06-09T00:00:00+00:00, run_after=2023-06-10T00:00:00+00:00
[2023-06-11T00:43:19.137+0200] {processor.py:178} INFO - Processing /home/nanah/airflow_venv/lib/python3.10/site-packages/airflow/example_dags/example_branch_day_of_week_operator.py took 0.340 seconds
[2023-06-11T00:44:01.163+0200] {processor.py:156} INFO - Started process (PID=5801) to work on /home/nanah/airflow_venv/lib/python3.10/site-packages/airflow/example_dags/example_branch_day_of_week_operator.py
[2023-06-11T00:44:01.168+0200] {processor.py:758} INFO - Processing file /home/nanah/airflow_venv/lib/python3.10/site-packages/airflow/example_dags/example_branch_day_of_week_operator.py for tasks to queue
[2023-06-11T00:44:01.169+0200] {logging_mixin.py:117} INFO - [2023-06-11T00:44:01.169+0200] {dagbag.py:525} INFO - Filling up the DagBag from /home/nanah/airflow_venv/lib/python3.10/site-packages/airflow/example_dags/example_branch_day_of_week_operator.py
[2023-06-11T00:44:01.216+0200] {processor.py:768} INFO - DAG(s) dict_keys(['example_weekday_branch_operator']) retrieved from /home/nanah/airflow_venv/lib/python3.10/site-packages/airflow/example_dags/example_branch_day_of_week_operator.py
[2023-06-11T00:44:01.312+0200] {logging_mixin.py:117} INFO - [2023-06-11T00:44:01.311+0200] {dag.py:2573} INFO - Sync 1 DAGs
[2023-06-11T00:44:01.363+0200] {logging_mixin.py:117} INFO - [2023-06-11T00:44:01.363+0200] {dag.py:3324} INFO - Setting next_dagrun for example_weekday_branch_operator to 2023-06-09T00:00:00+00:00, run_after=2023-06-10T00:00:00+00:00
[2023-06-11T00:44:01.417+0200] {processor.py:178} INFO - Processing /home/nanah/airflow_venv/lib/python3.10/site-packages/airflow/example_dags/example_branch_day_of_week_operator.py took 0.262 seconds
[2023-06-11T00:44:51.284+0200] {processor.py:156} INFO - Started process (PID=5835) to work on /home/nanah/airflow_venv/lib/python3.10/site-packages/airflow/example_dags/example_branch_day_of_week_operator.py
[2023-06-11T00:44:51.290+0200] {processor.py:758} INFO - Processing file /home/nanah/airflow_venv/lib/python3.10/site-packages/airflow/example_dags/example_branch_day_of_week_operator.py for tasks to queue
[2023-06-11T00:44:51.292+0200] {logging_mixin.py:117} INFO - [2023-06-11T00:44:51.291+0200] {dagbag.py:525} INFO - Filling up the DagBag from /home/nanah/airflow_venv/lib/python3.10/site-packages/airflow/example_dags/example_branch_day_of_week_operator.py
[2023-06-11T00:44:51.333+0200] {processor.py:768} INFO - DAG(s) dict_keys(['example_weekday_branch_operator']) retrieved from /home/nanah/airflow_venv/lib/python3.10/site-packages/airflow/example_dags/example_branch_day_of_week_operator.py
[2023-06-11T00:44:51.400+0200] {logging_mixin.py:117} INFO - [2023-06-11T00:44:51.400+0200] {dag.py:2573} INFO - Sync 1 DAGs
[2023-06-11T00:44:51.471+0200] {logging_mixin.py:117} INFO - [2023-06-11T00:44:51.470+0200] {dag.py:3324} INFO - Setting next_dagrun for example_weekday_branch_operator to 2023-06-09T00:00:00+00:00, run_after=2023-06-10T00:00:00+00:00
[2023-06-11T00:44:51.524+0200] {processor.py:178} INFO - Processing /home/nanah/airflow_venv/lib/python3.10/site-packages/airflow/example_dags/example_branch_day_of_week_operator.py took 0.246 seconds
[2023-06-11T00:45:40.868+0200] {processor.py:156} INFO - Started process (PID=5870) to work on /home/nanah/airflow_venv/lib/python3.10/site-packages/airflow/example_dags/example_branch_day_of_week_operator.py
[2023-06-11T00:45:40.874+0200] {processor.py:758} INFO - Processing file /home/nanah/airflow_venv/lib/python3.10/site-packages/airflow/example_dags/example_branch_day_of_week_operator.py for tasks to queue
[2023-06-11T00:45:40.876+0200] {logging_mixin.py:117} INFO - [2023-06-11T00:45:40.875+0200] {dagbag.py:525} INFO - Filling up the DagBag from /home/nanah/airflow_venv/lib/python3.10/site-packages/airflow/example_dags/example_branch_day_of_week_operator.py
[2023-06-11T00:45:40.957+0200] {processor.py:768} INFO - DAG(s) dict_keys(['example_weekday_branch_operator']) retrieved from /home/nanah/airflow_venv/lib/python3.10/site-packages/airflow/example_dags/example_branch_day_of_week_operator.py
[2023-06-11T00:45:41.128+0200] {logging_mixin.py:117} INFO - [2023-06-11T00:45:41.128+0200] {dag.py:2573} INFO - Sync 1 DAGs
[2023-06-11T00:45:41.236+0200] {logging_mixin.py:117} INFO - [2023-06-11T00:45:41.235+0200] {dag.py:3324} INFO - Setting next_dagrun for example_weekday_branch_operator to 2023-06-09T00:00:00+00:00, run_after=2023-06-10T00:00:00+00:00
[2023-06-11T00:45:41.365+0200] {processor.py:178} INFO - Processing /home/nanah/airflow_venv/lib/python3.10/site-packages/airflow/example_dags/example_branch_day_of_week_operator.py took 0.507 seconds
