[2023-06-11T00:11:56.414+0200] {processor.py:156} INFO - Started process (PID=4602) to work on /home/nanah/airflow_venv/lib/python3.10/site-packages/airflow/example_dags/example_nested_branch_dag.py
[2023-06-11T00:11:56.426+0200] {processor.py:758} INFO - Processing file /home/nanah/airflow_venv/lib/python3.10/site-packages/airflow/example_dags/example_nested_branch_dag.py for tasks to queue
[2023-06-11T00:11:56.427+0200] {logging_mixin.py:117} INFO - [2023-06-11T00:11:56.427+0200] {dagbag.py:525} INFO - Filling up the DagBag from /home/nanah/airflow_venv/lib/python3.10/site-packages/airflow/example_dags/example_nested_branch_dag.py
[2023-06-11T00:11:56.974+0200] {processor.py:768} INFO - DAG(s) dict_keys(['example_nested_branch_dag']) retrieved from /home/nanah/airflow_venv/lib/python3.10/site-packages/airflow/example_dags/example_nested_branch_dag.py
[2023-06-11T00:11:57.111+0200] {logging_mixin.py:117} INFO - [2023-06-11T00:11:57.110+0200] {dag.py:2573} INFO - Sync 1 DAGs
[2023-06-11T00:11:57.216+0200] {logging_mixin.py:117} INFO - [2023-06-11T00:11:57.216+0200] {dag.py:3324} INFO - Setting next_dagrun for example_nested_branch_dag to 2023-06-09T00:00:00+00:00, run_after=2023-06-10T00:00:00+00:00
[2023-06-11T00:11:57.684+0200] {processor.py:178} INFO - Processing /home/nanah/airflow_venv/lib/python3.10/site-packages/airflow/example_dags/example_nested_branch_dag.py took 1.286 seconds
[2023-06-11T00:13:03.680+0200] {processor.py:156} INFO - Started process (PID=4644) to work on /home/nanah/airflow_venv/lib/python3.10/site-packages/airflow/example_dags/example_nested_branch_dag.py
[2023-06-11T00:13:03.684+0200] {processor.py:758} INFO - Processing file /home/nanah/airflow_venv/lib/python3.10/site-packages/airflow/example_dags/example_nested_branch_dag.py for tasks to queue
[2023-06-11T00:13:03.686+0200] {logging_mixin.py:117} INFO - [2023-06-11T00:13:03.686+0200] {dagbag.py:525} INFO - Filling up the DagBag from /home/nanah/airflow_venv/lib/python3.10/site-packages/airflow/example_dags/example_nested_branch_dag.py
[2023-06-11T00:13:03.800+0200] {processor.py:768} INFO - DAG(s) dict_keys(['example_nested_branch_dag']) retrieved from /home/nanah/airflow_venv/lib/python3.10/site-packages/airflow/example_dags/example_nested_branch_dag.py
[2023-06-11T00:13:03.881+0200] {logging_mixin.py:117} INFO - [2023-06-11T00:13:03.880+0200] {dag.py:2573} INFO - Sync 1 DAGs
[2023-06-11T00:13:03.945+0200] {logging_mixin.py:117} INFO - [2023-06-11T00:13:03.944+0200] {dag.py:3324} INFO - Setting next_dagrun for example_nested_branch_dag to 2023-06-09T00:00:00+00:00, run_after=2023-06-10T00:00:00+00:00
[2023-06-11T00:13:04.095+0200] {processor.py:178} INFO - Processing /home/nanah/airflow_venv/lib/python3.10/site-packages/airflow/example_dags/example_nested_branch_dag.py took 0.424 seconds
[2023-06-11T00:14:20.149+0200] {processor.py:156} INFO - Started process (PID=4680) to work on /home/nanah/airflow_venv/lib/python3.10/site-packages/airflow/example_dags/example_nested_branch_dag.py
[2023-06-11T00:14:20.153+0200] {processor.py:758} INFO - Processing file /home/nanah/airflow_venv/lib/python3.10/site-packages/airflow/example_dags/example_nested_branch_dag.py for tasks to queue
[2023-06-11T00:14:20.163+0200] {logging_mixin.py:117} INFO - [2023-06-11T00:14:20.162+0200] {dagbag.py:525} INFO - Filling up the DagBag from /home/nanah/airflow_venv/lib/python3.10/site-packages/airflow/example_dags/example_nested_branch_dag.py
[2023-06-11T00:14:20.285+0200] {processor.py:768} INFO - DAG(s) dict_keys(['example_nested_branch_dag']) retrieved from /home/nanah/airflow_venv/lib/python3.10/site-packages/airflow/example_dags/example_nested_branch_dag.py
[2023-06-11T00:14:20.351+0200] {logging_mixin.py:117} INFO - [2023-06-11T00:14:20.351+0200] {dag.py:2573} INFO - Sync 1 DAGs
[2023-06-11T00:14:20.413+0200] {logging_mixin.py:117} INFO - [2023-06-11T00:14:20.412+0200] {dag.py:3324} INFO - Setting next_dagrun for example_nested_branch_dag to 2023-06-09T00:00:00+00:00, run_after=2023-06-10T00:00:00+00:00
[2023-06-11T00:14:20.516+0200] {processor.py:178} INFO - Processing /home/nanah/airflow_venv/lib/python3.10/site-packages/airflow/example_dags/example_nested_branch_dag.py took 0.373 seconds
[2023-06-11T00:15:50.027+0200] {processor.py:156} INFO - Started process (PID=4723) to work on /home/nanah/airflow_venv/lib/python3.10/site-packages/airflow/example_dags/example_nested_branch_dag.py
[2023-06-11T00:15:50.033+0200] {processor.py:758} INFO - Processing file /home/nanah/airflow_venv/lib/python3.10/site-packages/airflow/example_dags/example_nested_branch_dag.py for tasks to queue
[2023-06-11T00:15:50.037+0200] {logging_mixin.py:117} INFO - [2023-06-11T00:15:50.035+0200] {dagbag.py:525} INFO - Filling up the DagBag from /home/nanah/airflow_venv/lib/python3.10/site-packages/airflow/example_dags/example_nested_branch_dag.py
[2023-06-11T00:15:51.057+0200] {processor.py:768} INFO - DAG(s) dict_keys(['example_nested_branch_dag']) retrieved from /home/nanah/airflow_venv/lib/python3.10/site-packages/airflow/example_dags/example_nested_branch_dag.py
[2023-06-11T00:15:53.724+0200] {logging_mixin.py:117} INFO - [2023-06-11T00:15:53.724+0200] {dag.py:2573} INFO - Sync 1 DAGs
[2023-06-11T00:15:54.087+0200] {logging_mixin.py:117} INFO - [2023-06-11T00:15:54.087+0200] {dag.py:3324} INFO - Setting next_dagrun for example_nested_branch_dag to 2023-06-09T00:00:00+00:00, run_after=2023-06-10T00:00:00+00:00
[2023-06-11T00:15:54.440+0200] {processor.py:178} INFO - Processing /home/nanah/airflow_venv/lib/python3.10/site-packages/airflow/example_dags/example_nested_branch_dag.py took 4.432 seconds
[2023-06-11T00:16:52.895+0200] {processor.py:156} INFO - Started process (PID=4767) to work on /home/nanah/airflow_venv/lib/python3.10/site-packages/airflow/example_dags/example_nested_branch_dag.py
[2023-06-11T00:16:52.898+0200] {processor.py:758} INFO - Processing file /home/nanah/airflow_venv/lib/python3.10/site-packages/airflow/example_dags/example_nested_branch_dag.py for tasks to queue
[2023-06-11T00:16:52.899+0200] {logging_mixin.py:117} INFO - [2023-06-11T00:16:52.899+0200] {dagbag.py:525} INFO - Filling up the DagBag from /home/nanah/airflow_venv/lib/python3.10/site-packages/airflow/example_dags/example_nested_branch_dag.py
[2023-06-11T00:16:52.958+0200] {processor.py:768} INFO - DAG(s) dict_keys(['example_nested_branch_dag']) retrieved from /home/nanah/airflow_venv/lib/python3.10/site-packages/airflow/example_dags/example_nested_branch_dag.py
[2023-06-11T00:16:53.015+0200] {logging_mixin.py:117} INFO - [2023-06-11T00:16:53.015+0200] {dag.py:2573} INFO - Sync 1 DAGs
[2023-06-11T00:16:53.062+0200] {logging_mixin.py:117} INFO - [2023-06-11T00:16:53.062+0200] {dag.py:3324} INFO - Setting next_dagrun for example_nested_branch_dag to 2023-06-09T00:00:00+00:00, run_after=2023-06-10T00:00:00+00:00
[2023-06-11T00:16:53.124+0200] {processor.py:178} INFO - Processing /home/nanah/airflow_venv/lib/python3.10/site-packages/airflow/example_dags/example_nested_branch_dag.py took 0.235 seconds
[2023-06-11T00:17:42.844+0200] {processor.py:156} INFO - Started process (PID=4804) to work on /home/nanah/airflow_venv/lib/python3.10/site-packages/airflow/example_dags/example_nested_branch_dag.py
[2023-06-11T00:17:42.849+0200] {processor.py:758} INFO - Processing file /home/nanah/airflow_venv/lib/python3.10/site-packages/airflow/example_dags/example_nested_branch_dag.py for tasks to queue
[2023-06-11T00:17:42.851+0200] {logging_mixin.py:117} INFO - [2023-06-11T00:17:42.850+0200] {dagbag.py:525} INFO - Filling up the DagBag from /home/nanah/airflow_venv/lib/python3.10/site-packages/airflow/example_dags/example_nested_branch_dag.py
[2023-06-11T00:17:42.954+0200] {processor.py:768} INFO - DAG(s) dict_keys(['example_nested_branch_dag']) retrieved from /home/nanah/airflow_venv/lib/python3.10/site-packages/airflow/example_dags/example_nested_branch_dag.py
[2023-06-11T00:17:43.063+0200] {logging_mixin.py:117} INFO - [2023-06-11T00:17:43.063+0200] {dag.py:2573} INFO - Sync 1 DAGs
[2023-06-11T00:17:43.188+0200] {logging_mixin.py:117} INFO - [2023-06-11T00:17:43.176+0200] {dag.py:3324} INFO - Setting next_dagrun for example_nested_branch_dag to 2023-06-09T00:00:00+00:00, run_after=2023-06-10T00:00:00+00:00
[2023-06-11T00:17:43.444+0200] {processor.py:178} INFO - Processing /home/nanah/airflow_venv/lib/python3.10/site-packages/airflow/example_dags/example_nested_branch_dag.py took 0.606 seconds
[2023-06-11T00:18:31.099+0200] {processor.py:156} INFO - Started process (PID=4840) to work on /home/nanah/airflow_venv/lib/python3.10/site-packages/airflow/example_dags/example_nested_branch_dag.py
[2023-06-11T00:18:31.102+0200] {processor.py:758} INFO - Processing file /home/nanah/airflow_venv/lib/python3.10/site-packages/airflow/example_dags/example_nested_branch_dag.py for tasks to queue
[2023-06-11T00:18:31.103+0200] {logging_mixin.py:117} INFO - [2023-06-11T00:18:31.103+0200] {dagbag.py:525} INFO - Filling up the DagBag from /home/nanah/airflow_venv/lib/python3.10/site-packages/airflow/example_dags/example_nested_branch_dag.py
[2023-06-11T00:18:31.159+0200] {processor.py:768} INFO - DAG(s) dict_keys(['example_nested_branch_dag']) retrieved from /home/nanah/airflow_venv/lib/python3.10/site-packages/airflow/example_dags/example_nested_branch_dag.py
[2023-06-11T00:18:31.212+0200] {logging_mixin.py:117} INFO - [2023-06-11T00:18:31.212+0200] {dag.py:2573} INFO - Sync 1 DAGs
[2023-06-11T00:18:31.258+0200] {logging_mixin.py:117} INFO - [2023-06-11T00:18:31.258+0200] {dag.py:3324} INFO - Setting next_dagrun for example_nested_branch_dag to 2023-06-09T00:00:00+00:00, run_after=2023-06-10T00:00:00+00:00
[2023-06-11T00:18:31.308+0200] {processor.py:178} INFO - Processing /home/nanah/airflow_venv/lib/python3.10/site-packages/airflow/example_dags/example_nested_branch_dag.py took 0.215 seconds
[2023-06-11T00:19:12.454+0200] {processor.py:156} INFO - Started process (PID=4873) to work on /home/nanah/airflow_venv/lib/python3.10/site-packages/airflow/example_dags/example_nested_branch_dag.py
[2023-06-11T00:19:12.463+0200] {processor.py:758} INFO - Processing file /home/nanah/airflow_venv/lib/python3.10/site-packages/airflow/example_dags/example_nested_branch_dag.py for tasks to queue
[2023-06-11T00:19:12.465+0200] {logging_mixin.py:117} INFO - [2023-06-11T00:19:12.464+0200] {dagbag.py:525} INFO - Filling up the DagBag from /home/nanah/airflow_venv/lib/python3.10/site-packages/airflow/example_dags/example_nested_branch_dag.py
[2023-06-11T00:19:12.684+0200] {processor.py:768} INFO - DAG(s) dict_keys(['example_nested_branch_dag']) retrieved from /home/nanah/airflow_venv/lib/python3.10/site-packages/airflow/example_dags/example_nested_branch_dag.py
[2023-06-11T00:19:12.767+0200] {logging_mixin.py:117} INFO - [2023-06-11T00:19:12.766+0200] {dag.py:2573} INFO - Sync 1 DAGs
[2023-06-11T00:19:12.836+0200] {logging_mixin.py:117} INFO - [2023-06-11T00:19:12.835+0200] {dag.py:3324} INFO - Setting next_dagrun for example_nested_branch_dag to 2023-06-09T00:00:00+00:00, run_after=2023-06-10T00:00:00+00:00
[2023-06-11T00:19:12.909+0200] {processor.py:178} INFO - Processing /home/nanah/airflow_venv/lib/python3.10/site-packages/airflow/example_dags/example_nested_branch_dag.py took 0.506 seconds
[2023-06-11T00:20:47.925+0200] {processor.py:156} INFO - Started process (PID=4919) to work on /home/nanah/airflow_venv/lib/python3.10/site-packages/airflow/example_dags/example_nested_branch_dag.py
[2023-06-11T00:20:47.933+0200] {processor.py:758} INFO - Processing file /home/nanah/airflow_venv/lib/python3.10/site-packages/airflow/example_dags/example_nested_branch_dag.py for tasks to queue
[2023-06-11T00:20:47.936+0200] {logging_mixin.py:117} INFO - [2023-06-11T00:20:47.935+0200] {dagbag.py:525} INFO - Filling up the DagBag from /home/nanah/airflow_venv/lib/python3.10/site-packages/airflow/example_dags/example_nested_branch_dag.py
[2023-06-11T00:20:48.126+0200] {processor.py:768} INFO - DAG(s) dict_keys(['example_nested_branch_dag']) retrieved from /home/nanah/airflow_venv/lib/python3.10/site-packages/airflow/example_dags/example_nested_branch_dag.py
[2023-06-11T00:20:48.384+0200] {logging_mixin.py:117} INFO - [2023-06-11T00:20:48.384+0200] {dag.py:2573} INFO - Sync 1 DAGs
[2023-06-11T00:20:48.541+0200] {logging_mixin.py:117} INFO - [2023-06-11T00:20:48.538+0200] {dag.py:3324} INFO - Setting next_dagrun for example_nested_branch_dag to 2023-06-09T00:00:00+00:00, run_after=2023-06-10T00:00:00+00:00
[2023-06-11T00:20:48.657+0200] {processor.py:178} INFO - Processing /home/nanah/airflow_venv/lib/python3.10/site-packages/airflow/example_dags/example_nested_branch_dag.py took 0.741 seconds
[2023-06-11T00:21:53.581+0200] {processor.py:156} INFO - Started process (PID=4954) to work on /home/nanah/airflow_venv/lib/python3.10/site-packages/airflow/example_dags/example_nested_branch_dag.py
[2023-06-11T00:21:53.663+0200] {processor.py:758} INFO - Processing file /home/nanah/airflow_venv/lib/python3.10/site-packages/airflow/example_dags/example_nested_branch_dag.py for tasks to queue
[2023-06-11T00:21:53.677+0200] {logging_mixin.py:117} INFO - [2023-06-11T00:21:53.675+0200] {dagbag.py:525} INFO - Filling up the DagBag from /home/nanah/airflow_venv/lib/python3.10/site-packages/airflow/example_dags/example_nested_branch_dag.py
[2023-06-11T00:21:54.347+0200] {processor.py:768} INFO - DAG(s) dict_keys(['example_nested_branch_dag']) retrieved from /home/nanah/airflow_venv/lib/python3.10/site-packages/airflow/example_dags/example_nested_branch_dag.py
[2023-06-11T00:21:54.587+0200] {logging_mixin.py:117} INFO - [2023-06-11T00:21:54.587+0200] {dag.py:2573} INFO - Sync 1 DAGs
[2023-06-11T00:21:54.683+0200] {logging_mixin.py:117} INFO - [2023-06-11T00:21:54.681+0200] {dag.py:3324} INFO - Setting next_dagrun for example_nested_branch_dag to 2023-06-09T00:00:00+00:00, run_after=2023-06-10T00:00:00+00:00
[2023-06-11T00:21:54.994+0200] {processor.py:178} INFO - Processing /home/nanah/airflow_venv/lib/python3.10/site-packages/airflow/example_dags/example_nested_branch_dag.py took 1.473 seconds
[2023-06-11T00:22:55.011+0200] {processor.py:156} INFO - Started process (PID=4990) to work on /home/nanah/airflow_venv/lib/python3.10/site-packages/airflow/example_dags/example_nested_branch_dag.py
[2023-06-11T00:22:55.019+0200] {processor.py:758} INFO - Processing file /home/nanah/airflow_venv/lib/python3.10/site-packages/airflow/example_dags/example_nested_branch_dag.py for tasks to queue
[2023-06-11T00:22:55.021+0200] {logging_mixin.py:117} INFO - [2023-06-11T00:22:55.020+0200] {dagbag.py:525} INFO - Filling up the DagBag from /home/nanah/airflow_venv/lib/python3.10/site-packages/airflow/example_dags/example_nested_branch_dag.py
[2023-06-11T00:22:55.117+0200] {processor.py:768} INFO - DAG(s) dict_keys(['example_nested_branch_dag']) retrieved from /home/nanah/airflow_venv/lib/python3.10/site-packages/airflow/example_dags/example_nested_branch_dag.py
[2023-06-11T00:22:55.255+0200] {logging_mixin.py:117} INFO - [2023-06-11T00:22:55.245+0200] {dag.py:2573} INFO - Sync 1 DAGs
[2023-06-11T00:22:55.330+0200] {logging_mixin.py:117} INFO - [2023-06-11T00:22:55.329+0200] {dag.py:3324} INFO - Setting next_dagrun for example_nested_branch_dag to 2023-06-09T00:00:00+00:00, run_after=2023-06-10T00:00:00+00:00
[2023-06-11T00:22:55.403+0200] {processor.py:178} INFO - Processing /home/nanah/airflow_venv/lib/python3.10/site-packages/airflow/example_dags/example_nested_branch_dag.py took 0.400 seconds
[2023-06-11T00:23:50.686+0200] {processor.py:156} INFO - Started process (PID=5024) to work on /home/nanah/airflow_venv/lib/python3.10/site-packages/airflow/example_dags/example_nested_branch_dag.py
[2023-06-11T00:23:50.689+0200] {processor.py:758} INFO - Processing file /home/nanah/airflow_venv/lib/python3.10/site-packages/airflow/example_dags/example_nested_branch_dag.py for tasks to queue
[2023-06-11T00:23:50.691+0200] {logging_mixin.py:117} INFO - [2023-06-11T00:23:50.690+0200] {dagbag.py:525} INFO - Filling up the DagBag from /home/nanah/airflow_venv/lib/python3.10/site-packages/airflow/example_dags/example_nested_branch_dag.py
[2023-06-11T00:23:50.798+0200] {processor.py:768} INFO - DAG(s) dict_keys(['example_nested_branch_dag']) retrieved from /home/nanah/airflow_venv/lib/python3.10/site-packages/airflow/example_dags/example_nested_branch_dag.py
[2023-06-11T00:23:50.910+0200] {logging_mixin.py:117} INFO - [2023-06-11T00:23:50.907+0200] {dag.py:2573} INFO - Sync 1 DAGs
[2023-06-11T00:23:50.987+0200] {logging_mixin.py:117} INFO - [2023-06-11T00:23:50.986+0200] {dag.py:3324} INFO - Setting next_dagrun for example_nested_branch_dag to 2023-06-09T00:00:00+00:00, run_after=2023-06-10T00:00:00+00:00
[2023-06-11T00:23:51.585+0200] {processor.py:178} INFO - Processing /home/nanah/airflow_venv/lib/python3.10/site-packages/airflow/example_dags/example_nested_branch_dag.py took 0.909 seconds
[2023-06-11T00:25:43.473+0200] {processor.py:156} INFO - Started process (PID=5061) to work on /home/nanah/airflow_venv/lib/python3.10/site-packages/airflow/example_dags/example_nested_branch_dag.py
[2023-06-11T00:25:43.479+0200] {processor.py:758} INFO - Processing file /home/nanah/airflow_venv/lib/python3.10/site-packages/airflow/example_dags/example_nested_branch_dag.py for tasks to queue
[2023-06-11T00:25:43.488+0200] {logging_mixin.py:117} INFO - [2023-06-11T00:25:43.487+0200] {dagbag.py:525} INFO - Filling up the DagBag from /home/nanah/airflow_venv/lib/python3.10/site-packages/airflow/example_dags/example_nested_branch_dag.py
[2023-06-11T00:25:43.670+0200] {processor.py:768} INFO - DAG(s) dict_keys(['example_nested_branch_dag']) retrieved from /home/nanah/airflow_venv/lib/python3.10/site-packages/airflow/example_dags/example_nested_branch_dag.py
[2023-06-11T00:25:43.836+0200] {logging_mixin.py:117} INFO - [2023-06-11T00:25:43.835+0200] {dag.py:2573} INFO - Sync 1 DAGs
[2023-06-11T00:25:44.611+0200] {logging_mixin.py:117} INFO - [2023-06-11T00:25:44.610+0200] {dag.py:3324} INFO - Setting next_dagrun for example_nested_branch_dag to 2023-06-09T00:00:00+00:00, run_after=2023-06-10T00:00:00+00:00
[2023-06-11T00:25:44.726+0200] {processor.py:178} INFO - Processing /home/nanah/airflow_venv/lib/python3.10/site-packages/airflow/example_dags/example_nested_branch_dag.py took 1.261 seconds
[2023-06-11T00:26:44.937+0200] {processor.py:156} INFO - Started process (PID=5096) to work on /home/nanah/airflow_venv/lib/python3.10/site-packages/airflow/example_dags/example_nested_branch_dag.py
[2023-06-11T00:26:44.947+0200] {processor.py:758} INFO - Processing file /home/nanah/airflow_venv/lib/python3.10/site-packages/airflow/example_dags/example_nested_branch_dag.py for tasks to queue
[2023-06-11T00:26:44.949+0200] {logging_mixin.py:117} INFO - [2023-06-11T00:26:44.949+0200] {dagbag.py:525} INFO - Filling up the DagBag from /home/nanah/airflow_venv/lib/python3.10/site-packages/airflow/example_dags/example_nested_branch_dag.py
[2023-06-11T00:26:45.079+0200] {processor.py:768} INFO - DAG(s) dict_keys(['example_nested_branch_dag']) retrieved from /home/nanah/airflow_venv/lib/python3.10/site-packages/airflow/example_dags/example_nested_branch_dag.py
[2023-06-11T00:26:45.257+0200] {logging_mixin.py:117} INFO - [2023-06-11T00:26:45.257+0200] {dag.py:2573} INFO - Sync 1 DAGs
[2023-06-11T00:26:45.862+0200] {logging_mixin.py:117} INFO - [2023-06-11T00:26:45.862+0200] {dag.py:3324} INFO - Setting next_dagrun for example_nested_branch_dag to 2023-06-09T00:00:00+00:00, run_after=2023-06-10T00:00:00+00:00
[2023-06-11T00:26:46.246+0200] {processor.py:178} INFO - Processing /home/nanah/airflow_venv/lib/python3.10/site-packages/airflow/example_dags/example_nested_branch_dag.py took 1.329 seconds
[2023-06-11T00:27:46.516+0200] {processor.py:156} INFO - Started process (PID=5135) to work on /home/nanah/airflow_venv/lib/python3.10/site-packages/airflow/example_dags/example_nested_branch_dag.py
[2023-06-11T00:27:46.521+0200] {processor.py:758} INFO - Processing file /home/nanah/airflow_venv/lib/python3.10/site-packages/airflow/example_dags/example_nested_branch_dag.py for tasks to queue
[2023-06-11T00:27:46.524+0200] {logging_mixin.py:117} INFO - [2023-06-11T00:27:46.523+0200] {dagbag.py:525} INFO - Filling up the DagBag from /home/nanah/airflow_venv/lib/python3.10/site-packages/airflow/example_dags/example_nested_branch_dag.py
[2023-06-11T00:27:46.692+0200] {processor.py:768} INFO - DAG(s) dict_keys(['example_nested_branch_dag']) retrieved from /home/nanah/airflow_venv/lib/python3.10/site-packages/airflow/example_dags/example_nested_branch_dag.py
[2023-06-11T00:27:46.876+0200] {logging_mixin.py:117} INFO - [2023-06-11T00:27:46.870+0200] {dag.py:2573} INFO - Sync 1 DAGs
[2023-06-11T00:27:47.421+0200] {logging_mixin.py:117} INFO - [2023-06-11T00:27:47.411+0200] {dag.py:3324} INFO - Setting next_dagrun for example_nested_branch_dag to 2023-06-09T00:00:00+00:00, run_after=2023-06-10T00:00:00+00:00
[2023-06-11T00:27:47.623+0200] {processor.py:178} INFO - Processing /home/nanah/airflow_venv/lib/python3.10/site-packages/airflow/example_dags/example_nested_branch_dag.py took 1.118 seconds
[2023-06-11T00:28:43.646+0200] {processor.py:156} INFO - Started process (PID=5169) to work on /home/nanah/airflow_venv/lib/python3.10/site-packages/airflow/example_dags/example_nested_branch_dag.py
[2023-06-11T00:28:43.651+0200] {processor.py:758} INFO - Processing file /home/nanah/airflow_venv/lib/python3.10/site-packages/airflow/example_dags/example_nested_branch_dag.py for tasks to queue
[2023-06-11T00:28:43.653+0200] {logging_mixin.py:117} INFO - [2023-06-11T00:28:43.653+0200] {dagbag.py:525} INFO - Filling up the DagBag from /home/nanah/airflow_venv/lib/python3.10/site-packages/airflow/example_dags/example_nested_branch_dag.py
[2023-06-11T00:28:43.734+0200] {processor.py:768} INFO - DAG(s) dict_keys(['example_nested_branch_dag']) retrieved from /home/nanah/airflow_venv/lib/python3.10/site-packages/airflow/example_dags/example_nested_branch_dag.py
[2023-06-11T00:28:43.809+0200] {logging_mixin.py:117} INFO - [2023-06-11T00:28:43.809+0200] {dag.py:2573} INFO - Sync 1 DAGs
[2023-06-11T00:28:44.160+0200] {logging_mixin.py:117} INFO - [2023-06-11T00:28:44.160+0200] {dag.py:3324} INFO - Setting next_dagrun for example_nested_branch_dag to 2023-06-09T00:00:00+00:00, run_after=2023-06-10T00:00:00+00:00
[2023-06-11T00:28:44.212+0200] {processor.py:178} INFO - Processing /home/nanah/airflow_venv/lib/python3.10/site-packages/airflow/example_dags/example_nested_branch_dag.py took 0.573 seconds
[2023-06-11T00:29:40.713+0200] {processor.py:156} INFO - Started process (PID=5203) to work on /home/nanah/airflow_venv/lib/python3.10/site-packages/airflow/example_dags/example_nested_branch_dag.py
[2023-06-11T00:29:40.718+0200] {processor.py:758} INFO - Processing file /home/nanah/airflow_venv/lib/python3.10/site-packages/airflow/example_dags/example_nested_branch_dag.py for tasks to queue
[2023-06-11T00:29:40.722+0200] {logging_mixin.py:117} INFO - [2023-06-11T00:29:40.721+0200] {dagbag.py:525} INFO - Filling up the DagBag from /home/nanah/airflow_venv/lib/python3.10/site-packages/airflow/example_dags/example_nested_branch_dag.py
[2023-06-11T00:29:40.941+0200] {processor.py:768} INFO - DAG(s) dict_keys(['example_nested_branch_dag']) retrieved from /home/nanah/airflow_venv/lib/python3.10/site-packages/airflow/example_dags/example_nested_branch_dag.py
[2023-06-11T00:29:41.400+0200] {logging_mixin.py:117} INFO - [2023-06-11T00:29:41.400+0200] {dag.py:2573} INFO - Sync 1 DAGs
[2023-06-11T00:29:41.468+0200] {logging_mixin.py:117} INFO - [2023-06-11T00:29:41.467+0200] {dag.py:3324} INFO - Setting next_dagrun for example_nested_branch_dag to 2023-06-09T00:00:00+00:00, run_after=2023-06-10T00:00:00+00:00
[2023-06-11T00:29:41.533+0200] {processor.py:178} INFO - Processing /home/nanah/airflow_venv/lib/python3.10/site-packages/airflow/example_dags/example_nested_branch_dag.py took 0.838 seconds
[2023-06-11T00:30:51.322+0200] {processor.py:156} INFO - Started process (PID=5240) to work on /home/nanah/airflow_venv/lib/python3.10/site-packages/airflow/example_dags/example_nested_branch_dag.py
[2023-06-11T00:30:51.328+0200] {processor.py:758} INFO - Processing file /home/nanah/airflow_venv/lib/python3.10/site-packages/airflow/example_dags/example_nested_branch_dag.py for tasks to queue
[2023-06-11T00:30:51.330+0200] {logging_mixin.py:117} INFO - [2023-06-11T00:30:51.330+0200] {dagbag.py:525} INFO - Filling up the DagBag from /home/nanah/airflow_venv/lib/python3.10/site-packages/airflow/example_dags/example_nested_branch_dag.py
[2023-06-11T00:30:51.407+0200] {processor.py:768} INFO - DAG(s) dict_keys(['example_nested_branch_dag']) retrieved from /home/nanah/airflow_venv/lib/python3.10/site-packages/airflow/example_dags/example_nested_branch_dag.py
[2023-06-11T00:30:52.395+0200] {logging_mixin.py:117} INFO - [2023-06-11T00:30:52.394+0200] {dag.py:2573} INFO - Sync 1 DAGs
[2023-06-11T00:30:52.616+0200] {logging_mixin.py:117} INFO - [2023-06-11T00:30:52.615+0200] {dag.py:3324} INFO - Setting next_dagrun for example_nested_branch_dag to 2023-06-09T00:00:00+00:00, run_after=2023-06-10T00:00:00+00:00
[2023-06-11T00:30:53.087+0200] {processor.py:178} INFO - Processing /home/nanah/airflow_venv/lib/python3.10/site-packages/airflow/example_dags/example_nested_branch_dag.py took 1.771 seconds
[2023-06-11T00:31:48.644+0200] {processor.py:156} INFO - Started process (PID=5275) to work on /home/nanah/airflow_venv/lib/python3.10/site-packages/airflow/example_dags/example_nested_branch_dag.py
[2023-06-11T00:31:48.649+0200] {processor.py:758} INFO - Processing file /home/nanah/airflow_venv/lib/python3.10/site-packages/airflow/example_dags/example_nested_branch_dag.py for tasks to queue
[2023-06-11T00:31:48.651+0200] {logging_mixin.py:117} INFO - [2023-06-11T00:31:48.651+0200] {dagbag.py:525} INFO - Filling up the DagBag from /home/nanah/airflow_venv/lib/python3.10/site-packages/airflow/example_dags/example_nested_branch_dag.py
[2023-06-11T00:31:49.045+0200] {processor.py:768} INFO - DAG(s) dict_keys(['example_nested_branch_dag']) retrieved from /home/nanah/airflow_venv/lib/python3.10/site-packages/airflow/example_dags/example_nested_branch_dag.py
[2023-06-11T00:31:49.113+0200] {logging_mixin.py:117} INFO - [2023-06-11T00:31:49.112+0200] {dag.py:2573} INFO - Sync 1 DAGs
[2023-06-11T00:31:49.170+0200] {logging_mixin.py:117} INFO - [2023-06-11T00:31:49.169+0200] {dag.py:3324} INFO - Setting next_dagrun for example_nested_branch_dag to 2023-06-09T00:00:00+00:00, run_after=2023-06-10T00:00:00+00:00
[2023-06-11T00:31:49.250+0200] {processor.py:178} INFO - Processing /home/nanah/airflow_venv/lib/python3.10/site-packages/airflow/example_dags/example_nested_branch_dag.py took 0.615 seconds
[2023-06-11T00:32:44.491+0200] {processor.py:156} INFO - Started process (PID=5311) to work on /home/nanah/airflow_venv/lib/python3.10/site-packages/airflow/example_dags/example_nested_branch_dag.py
[2023-06-11T00:32:44.496+0200] {processor.py:758} INFO - Processing file /home/nanah/airflow_venv/lib/python3.10/site-packages/airflow/example_dags/example_nested_branch_dag.py for tasks to queue
[2023-06-11T00:32:44.498+0200] {logging_mixin.py:117} INFO - [2023-06-11T00:32:44.498+0200] {dagbag.py:525} INFO - Filling up the DagBag from /home/nanah/airflow_venv/lib/python3.10/site-packages/airflow/example_dags/example_nested_branch_dag.py
[2023-06-11T00:32:44.881+0200] {processor.py:768} INFO - DAG(s) dict_keys(['example_nested_branch_dag']) retrieved from /home/nanah/airflow_venv/lib/python3.10/site-packages/airflow/example_dags/example_nested_branch_dag.py
[2023-06-11T00:32:44.948+0200] {logging_mixin.py:117} INFO - [2023-06-11T00:32:44.947+0200] {dag.py:2573} INFO - Sync 1 DAGs
[2023-06-11T00:32:45.019+0200] {logging_mixin.py:117} INFO - [2023-06-11T00:32:45.019+0200] {dag.py:3324} INFO - Setting next_dagrun for example_nested_branch_dag to 2023-06-09T00:00:00+00:00, run_after=2023-06-10T00:00:00+00:00
[2023-06-11T00:32:45.074+0200] {processor.py:178} INFO - Processing /home/nanah/airflow_venv/lib/python3.10/site-packages/airflow/example_dags/example_nested_branch_dag.py took 0.591 seconds
[2023-06-11T00:33:38.553+0200] {processor.py:156} INFO - Started process (PID=5346) to work on /home/nanah/airflow_venv/lib/python3.10/site-packages/airflow/example_dags/example_nested_branch_dag.py
[2023-06-11T00:33:38.559+0200] {processor.py:758} INFO - Processing file /home/nanah/airflow_venv/lib/python3.10/site-packages/airflow/example_dags/example_nested_branch_dag.py for tasks to queue
[2023-06-11T00:33:38.561+0200] {logging_mixin.py:117} INFO - [2023-06-11T00:33:38.561+0200] {dagbag.py:525} INFO - Filling up the DagBag from /home/nanah/airflow_venv/lib/python3.10/site-packages/airflow/example_dags/example_nested_branch_dag.py
[2023-06-11T00:33:38.934+0200] {processor.py:768} INFO - DAG(s) dict_keys(['example_nested_branch_dag']) retrieved from /home/nanah/airflow_venv/lib/python3.10/site-packages/airflow/example_dags/example_nested_branch_dag.py
[2023-06-11T00:33:38.990+0200] {logging_mixin.py:117} INFO - [2023-06-11T00:33:38.989+0200] {dag.py:2573} INFO - Sync 1 DAGs
[2023-06-11T00:33:39.050+0200] {logging_mixin.py:117} INFO - [2023-06-11T00:33:39.050+0200] {dag.py:3324} INFO - Setting next_dagrun for example_nested_branch_dag to 2023-06-09T00:00:00+00:00, run_after=2023-06-10T00:00:00+00:00
[2023-06-11T00:33:39.103+0200] {processor.py:178} INFO - Processing /home/nanah/airflow_venv/lib/python3.10/site-packages/airflow/example_dags/example_nested_branch_dag.py took 0.557 seconds
[2023-06-11T00:34:38.361+0200] {processor.py:156} INFO - Started process (PID=5384) to work on /home/nanah/airflow_venv/lib/python3.10/site-packages/airflow/example_dags/example_nested_branch_dag.py
[2023-06-11T00:34:38.370+0200] {processor.py:758} INFO - Processing file /home/nanah/airflow_venv/lib/python3.10/site-packages/airflow/example_dags/example_nested_branch_dag.py for tasks to queue
[2023-06-11T00:34:38.372+0200] {logging_mixin.py:117} INFO - [2023-06-11T00:34:38.372+0200] {dagbag.py:525} INFO - Filling up the DagBag from /home/nanah/airflow_venv/lib/python3.10/site-packages/airflow/example_dags/example_nested_branch_dag.py
[2023-06-11T00:34:38.546+0200] {processor.py:768} INFO - DAG(s) dict_keys(['example_nested_branch_dag']) retrieved from /home/nanah/airflow_venv/lib/python3.10/site-packages/airflow/example_dags/example_nested_branch_dag.py
[2023-06-11T00:34:38.683+0200] {logging_mixin.py:117} INFO - [2023-06-11T00:34:38.683+0200] {dag.py:2573} INFO - Sync 1 DAGs
[2023-06-11T00:34:38.830+0200] {logging_mixin.py:117} INFO - [2023-06-11T00:34:38.830+0200] {dag.py:3324} INFO - Setting next_dagrun for example_nested_branch_dag to 2023-06-09T00:00:00+00:00, run_after=2023-06-10T00:00:00+00:00
[2023-06-11T00:34:38.932+0200] {processor.py:178} INFO - Processing /home/nanah/airflow_venv/lib/python3.10/site-packages/airflow/example_dags/example_nested_branch_dag.py took 0.596 seconds
[2023-06-11T00:35:39.040+0200] {processor.py:156} INFO - Started process (PID=5420) to work on /home/nanah/airflow_venv/lib/python3.10/site-packages/airflow/example_dags/example_nested_branch_dag.py
[2023-06-11T00:35:39.044+0200] {processor.py:758} INFO - Processing file /home/nanah/airflow_venv/lib/python3.10/site-packages/airflow/example_dags/example_nested_branch_dag.py for tasks to queue
[2023-06-11T00:35:39.046+0200] {logging_mixin.py:117} INFO - [2023-06-11T00:35:39.045+0200] {dagbag.py:525} INFO - Filling up the DagBag from /home/nanah/airflow_venv/lib/python3.10/site-packages/airflow/example_dags/example_nested_branch_dag.py
[2023-06-11T00:35:39.101+0200] {processor.py:768} INFO - DAG(s) dict_keys(['example_nested_branch_dag']) retrieved from /home/nanah/airflow_venv/lib/python3.10/site-packages/airflow/example_dags/example_nested_branch_dag.py
[2023-06-11T00:35:39.167+0200] {logging_mixin.py:117} INFO - [2023-06-11T00:35:39.166+0200] {dag.py:2573} INFO - Sync 1 DAGs
[2023-06-11T00:35:39.217+0200] {logging_mixin.py:117} INFO - [2023-06-11T00:35:39.217+0200] {dag.py:3324} INFO - Setting next_dagrun for example_nested_branch_dag to 2023-06-09T00:00:00+00:00, run_after=2023-06-10T00:00:00+00:00
[2023-06-11T00:35:39.277+0200] {processor.py:178} INFO - Processing /home/nanah/airflow_venv/lib/python3.10/site-packages/airflow/example_dags/example_nested_branch_dag.py took 0.244 seconds
[2023-06-11T00:36:23.923+0200] {processor.py:156} INFO - Started process (PID=5453) to work on /home/nanah/airflow_venv/lib/python3.10/site-packages/airflow/example_dags/example_nested_branch_dag.py
[2023-06-11T00:36:23.929+0200] {processor.py:758} INFO - Processing file /home/nanah/airflow_venv/lib/python3.10/site-packages/airflow/example_dags/example_nested_branch_dag.py for tasks to queue
[2023-06-11T00:36:23.931+0200] {logging_mixin.py:117} INFO - [2023-06-11T00:36:23.930+0200] {dagbag.py:525} INFO - Filling up the DagBag from /home/nanah/airflow_venv/lib/python3.10/site-packages/airflow/example_dags/example_nested_branch_dag.py
[2023-06-11T00:36:23.983+0200] {processor.py:768} INFO - DAG(s) dict_keys(['example_nested_branch_dag']) retrieved from /home/nanah/airflow_venv/lib/python3.10/site-packages/airflow/example_dags/example_nested_branch_dag.py
[2023-06-11T00:36:24.040+0200] {logging_mixin.py:117} INFO - [2023-06-11T00:36:24.040+0200] {dag.py:2573} INFO - Sync 1 DAGs
[2023-06-11T00:36:24.086+0200] {logging_mixin.py:117} INFO - [2023-06-11T00:36:24.086+0200] {dag.py:3324} INFO - Setting next_dagrun for example_nested_branch_dag to 2023-06-09T00:00:00+00:00, run_after=2023-06-10T00:00:00+00:00
[2023-06-11T00:36:24.128+0200] {processor.py:178} INFO - Processing /home/nanah/airflow_venv/lib/python3.10/site-packages/airflow/example_dags/example_nested_branch_dag.py took 0.211 seconds
[2023-06-11T00:37:09.336+0200] {processor.py:156} INFO - Started process (PID=5487) to work on /home/nanah/airflow_venv/lib/python3.10/site-packages/airflow/example_dags/example_nested_branch_dag.py
[2023-06-11T00:37:09.341+0200] {processor.py:758} INFO - Processing file /home/nanah/airflow_venv/lib/python3.10/site-packages/airflow/example_dags/example_nested_branch_dag.py for tasks to queue
[2023-06-11T00:37:09.343+0200] {logging_mixin.py:117} INFO - [2023-06-11T00:37:09.343+0200] {dagbag.py:525} INFO - Filling up the DagBag from /home/nanah/airflow_venv/lib/python3.10/site-packages/airflow/example_dags/example_nested_branch_dag.py
[2023-06-11T00:37:09.410+0200] {processor.py:768} INFO - DAG(s) dict_keys(['example_nested_branch_dag']) retrieved from /home/nanah/airflow_venv/lib/python3.10/site-packages/airflow/example_dags/example_nested_branch_dag.py
[2023-06-11T00:37:09.475+0200] {logging_mixin.py:117} INFO - [2023-06-11T00:37:09.475+0200] {dag.py:2573} INFO - Sync 1 DAGs
[2023-06-11T00:37:09.534+0200] {logging_mixin.py:117} INFO - [2023-06-11T00:37:09.534+0200] {dag.py:3324} INFO - Setting next_dagrun for example_nested_branch_dag to 2023-06-09T00:00:00+00:00, run_after=2023-06-10T00:00:00+00:00
[2023-06-11T00:37:09.593+0200] {processor.py:178} INFO - Processing /home/nanah/airflow_venv/lib/python3.10/site-packages/airflow/example_dags/example_nested_branch_dag.py took 0.265 seconds
[2023-06-11T00:38:01.679+0200] {processor.py:156} INFO - Started process (PID=5521) to work on /home/nanah/airflow_venv/lib/python3.10/site-packages/airflow/example_dags/example_nested_branch_dag.py
[2023-06-11T00:38:01.686+0200] {processor.py:758} INFO - Processing file /home/nanah/airflow_venv/lib/python3.10/site-packages/airflow/example_dags/example_nested_branch_dag.py for tasks to queue
[2023-06-11T00:38:01.687+0200] {logging_mixin.py:117} INFO - [2023-06-11T00:38:01.687+0200] {dagbag.py:525} INFO - Filling up the DagBag from /home/nanah/airflow_venv/lib/python3.10/site-packages/airflow/example_dags/example_nested_branch_dag.py
[2023-06-11T00:38:01.751+0200] {processor.py:768} INFO - DAG(s) dict_keys(['example_nested_branch_dag']) retrieved from /home/nanah/airflow_venv/lib/python3.10/site-packages/airflow/example_dags/example_nested_branch_dag.py
[2023-06-11T00:38:01.819+0200] {logging_mixin.py:117} INFO - [2023-06-11T00:38:01.819+0200] {dag.py:2573} INFO - Sync 1 DAGs
[2023-06-11T00:38:01.894+0200] {logging_mixin.py:117} INFO - [2023-06-11T00:38:01.893+0200] {dag.py:3324} INFO - Setting next_dagrun for example_nested_branch_dag to 2023-06-09T00:00:00+00:00, run_after=2023-06-10T00:00:00+00:00
[2023-06-11T00:38:01.953+0200] {processor.py:178} INFO - Processing /home/nanah/airflow_venv/lib/python3.10/site-packages/airflow/example_dags/example_nested_branch_dag.py took 0.282 seconds
[2023-06-11T00:38:46.113+0200] {processor.py:156} INFO - Started process (PID=5557) to work on /home/nanah/airflow_venv/lib/python3.10/site-packages/airflow/example_dags/example_nested_branch_dag.py
[2023-06-11T00:38:46.125+0200] {processor.py:758} INFO - Processing file /home/nanah/airflow_venv/lib/python3.10/site-packages/airflow/example_dags/example_nested_branch_dag.py for tasks to queue
[2023-06-11T00:38:46.127+0200] {logging_mixin.py:117} INFO - [2023-06-11T00:38:46.126+0200] {dagbag.py:525} INFO - Filling up the DagBag from /home/nanah/airflow_venv/lib/python3.10/site-packages/airflow/example_dags/example_nested_branch_dag.py
[2023-06-11T00:38:46.312+0200] {processor.py:768} INFO - DAG(s) dict_keys(['example_nested_branch_dag']) retrieved from /home/nanah/airflow_venv/lib/python3.10/site-packages/airflow/example_dags/example_nested_branch_dag.py
[2023-06-11T00:38:46.453+0200] {logging_mixin.py:117} INFO - [2023-06-11T00:38:46.453+0200] {dag.py:2573} INFO - Sync 1 DAGs
[2023-06-11T00:38:46.586+0200] {logging_mixin.py:117} INFO - [2023-06-11T00:38:46.585+0200] {dag.py:3324} INFO - Setting next_dagrun for example_nested_branch_dag to 2023-06-09T00:00:00+00:00, run_after=2023-06-10T00:00:00+00:00
[2023-06-11T00:38:46.705+0200] {processor.py:178} INFO - Processing /home/nanah/airflow_venv/lib/python3.10/site-packages/airflow/example_dags/example_nested_branch_dag.py took 0.600 seconds
[2023-06-11T00:39:28.393+0200] {processor.py:156} INFO - Started process (PID=5590) to work on /home/nanah/airflow_venv/lib/python3.10/site-packages/airflow/example_dags/example_nested_branch_dag.py
[2023-06-11T00:39:28.396+0200] {processor.py:758} INFO - Processing file /home/nanah/airflow_venv/lib/python3.10/site-packages/airflow/example_dags/example_nested_branch_dag.py for tasks to queue
[2023-06-11T00:39:28.398+0200] {logging_mixin.py:117} INFO - [2023-06-11T00:39:28.397+0200] {dagbag.py:525} INFO - Filling up the DagBag from /home/nanah/airflow_venv/lib/python3.10/site-packages/airflow/example_dags/example_nested_branch_dag.py
[2023-06-11T00:39:28.474+0200] {processor.py:768} INFO - DAG(s) dict_keys(['example_nested_branch_dag']) retrieved from /home/nanah/airflow_venv/lib/python3.10/site-packages/airflow/example_dags/example_nested_branch_dag.py
[2023-06-11T00:39:28.539+0200] {logging_mixin.py:117} INFO - [2023-06-11T00:39:28.539+0200] {dag.py:2573} INFO - Sync 1 DAGs
[2023-06-11T00:39:28.603+0200] {logging_mixin.py:117} INFO - [2023-06-11T00:39:28.603+0200] {dag.py:3324} INFO - Setting next_dagrun for example_nested_branch_dag to 2023-06-09T00:00:00+00:00, run_after=2023-06-10T00:00:00+00:00
[2023-06-11T00:39:28.662+0200] {processor.py:178} INFO - Processing /home/nanah/airflow_venv/lib/python3.10/site-packages/airflow/example_dags/example_nested_branch_dag.py took 0.276 seconds
[2023-06-11T00:40:10.929+0200] {processor.py:156} INFO - Started process (PID=5624) to work on /home/nanah/airflow_venv/lib/python3.10/site-packages/airflow/example_dags/example_nested_branch_dag.py
[2023-06-11T00:40:10.935+0200] {processor.py:758} INFO - Processing file /home/nanah/airflow_venv/lib/python3.10/site-packages/airflow/example_dags/example_nested_branch_dag.py for tasks to queue
[2023-06-11T00:40:10.936+0200] {logging_mixin.py:117} INFO - [2023-06-11T00:40:10.936+0200] {dagbag.py:525} INFO - Filling up the DagBag from /home/nanah/airflow_venv/lib/python3.10/site-packages/airflow/example_dags/example_nested_branch_dag.py
[2023-06-11T00:40:11.006+0200] {processor.py:768} INFO - DAG(s) dict_keys(['example_nested_branch_dag']) retrieved from /home/nanah/airflow_venv/lib/python3.10/site-packages/airflow/example_dags/example_nested_branch_dag.py
[2023-06-11T00:40:11.074+0200] {logging_mixin.py:117} INFO - [2023-06-11T00:40:11.074+0200] {dag.py:2573} INFO - Sync 1 DAGs
[2023-06-11T00:40:11.161+0200] {logging_mixin.py:117} INFO - [2023-06-11T00:40:11.161+0200] {dag.py:3324} INFO - Setting next_dagrun for example_nested_branch_dag to 2023-06-09T00:00:00+00:00, run_after=2023-06-10T00:00:00+00:00
[2023-06-11T00:40:11.210+0200] {processor.py:178} INFO - Processing /home/nanah/airflow_venv/lib/python3.10/site-packages/airflow/example_dags/example_nested_branch_dag.py took 0.287 seconds
[2023-06-11T00:40:56.235+0200] {processor.py:156} INFO - Started process (PID=5658) to work on /home/nanah/airflow_venv/lib/python3.10/site-packages/airflow/example_dags/example_nested_branch_dag.py
[2023-06-11T00:40:56.241+0200] {processor.py:758} INFO - Processing file /home/nanah/airflow_venv/lib/python3.10/site-packages/airflow/example_dags/example_nested_branch_dag.py for tasks to queue
[2023-06-11T00:40:56.242+0200] {logging_mixin.py:117} INFO - [2023-06-11T00:40:56.242+0200] {dagbag.py:525} INFO - Filling up the DagBag from /home/nanah/airflow_venv/lib/python3.10/site-packages/airflow/example_dags/example_nested_branch_dag.py
[2023-06-11T00:40:56.298+0200] {processor.py:768} INFO - DAG(s) dict_keys(['example_nested_branch_dag']) retrieved from /home/nanah/airflow_venv/lib/python3.10/site-packages/airflow/example_dags/example_nested_branch_dag.py
[2023-06-11T00:40:56.352+0200] {logging_mixin.py:117} INFO - [2023-06-11T00:40:56.352+0200] {dag.py:2573} INFO - Sync 1 DAGs
[2023-06-11T00:40:56.397+0200] {logging_mixin.py:117} INFO - [2023-06-11T00:40:56.396+0200] {dag.py:3324} INFO - Setting next_dagrun for example_nested_branch_dag to 2023-06-09T00:00:00+00:00, run_after=2023-06-10T00:00:00+00:00
[2023-06-11T00:40:56.445+0200] {processor.py:178} INFO - Processing /home/nanah/airflow_venv/lib/python3.10/site-packages/airflow/example_dags/example_nested_branch_dag.py took 0.216 seconds
[2023-06-11T00:41:38.620+0200] {processor.py:156} INFO - Started process (PID=5694) to work on /home/nanah/airflow_venv/lib/python3.10/site-packages/airflow/example_dags/example_nested_branch_dag.py
[2023-06-11T00:41:38.624+0200] {processor.py:758} INFO - Processing file /home/nanah/airflow_venv/lib/python3.10/site-packages/airflow/example_dags/example_nested_branch_dag.py for tasks to queue
[2023-06-11T00:41:38.625+0200] {logging_mixin.py:117} INFO - [2023-06-11T00:41:38.625+0200] {dagbag.py:525} INFO - Filling up the DagBag from /home/nanah/airflow_venv/lib/python3.10/site-packages/airflow/example_dags/example_nested_branch_dag.py
[2023-06-11T00:41:38.737+0200] {processor.py:768} INFO - DAG(s) dict_keys(['example_nested_branch_dag']) retrieved from /home/nanah/airflow_venv/lib/python3.10/site-packages/airflow/example_dags/example_nested_branch_dag.py
[2023-06-11T00:41:38.856+0200] {logging_mixin.py:117} INFO - [2023-06-11T00:41:38.855+0200] {dag.py:2573} INFO - Sync 1 DAGs
[2023-06-11T00:41:39.045+0200] {logging_mixin.py:117} INFO - [2023-06-11T00:41:39.044+0200] {dag.py:3324} INFO - Setting next_dagrun for example_nested_branch_dag to 2023-06-09T00:00:00+00:00, run_after=2023-06-10T00:00:00+00:00
[2023-06-11T00:41:39.205+0200] {processor.py:178} INFO - Processing /home/nanah/airflow_venv/lib/python3.10/site-packages/airflow/example_dags/example_nested_branch_dag.py took 0.594 seconds
[2023-06-11T00:42:26.263+0200] {processor.py:156} INFO - Started process (PID=5730) to work on /home/nanah/airflow_venv/lib/python3.10/site-packages/airflow/example_dags/example_nested_branch_dag.py
[2023-06-11T00:42:26.272+0200] {processor.py:758} INFO - Processing file /home/nanah/airflow_venv/lib/python3.10/site-packages/airflow/example_dags/example_nested_branch_dag.py for tasks to queue
[2023-06-11T00:42:26.273+0200] {logging_mixin.py:117} INFO - [2023-06-11T00:42:26.273+0200] {dagbag.py:525} INFO - Filling up the DagBag from /home/nanah/airflow_venv/lib/python3.10/site-packages/airflow/example_dags/example_nested_branch_dag.py
[2023-06-11T00:42:26.406+0200] {processor.py:768} INFO - DAG(s) dict_keys(['example_nested_branch_dag']) retrieved from /home/nanah/airflow_venv/lib/python3.10/site-packages/airflow/example_dags/example_nested_branch_dag.py
[2023-06-11T00:42:26.566+0200] {logging_mixin.py:117} INFO - [2023-06-11T00:42:26.566+0200] {dag.py:2573} INFO - Sync 1 DAGs
[2023-06-11T00:42:26.685+0200] {logging_mixin.py:117} INFO - [2023-06-11T00:42:26.684+0200] {dag.py:3324} INFO - Setting next_dagrun for example_nested_branch_dag to 2023-06-09T00:00:00+00:00, run_after=2023-06-10T00:00:00+00:00
[2023-06-11T00:42:26.738+0200] {processor.py:178} INFO - Processing /home/nanah/airflow_venv/lib/python3.10/site-packages/airflow/example_dags/example_nested_branch_dag.py took 0.492 seconds
[2023-06-11T00:43:14.349+0200] {processor.py:156} INFO - Started process (PID=5764) to work on /home/nanah/airflow_venv/lib/python3.10/site-packages/airflow/example_dags/example_nested_branch_dag.py
[2023-06-11T00:43:14.356+0200] {processor.py:758} INFO - Processing file /home/nanah/airflow_venv/lib/python3.10/site-packages/airflow/example_dags/example_nested_branch_dag.py for tasks to queue
[2023-06-11T00:43:14.357+0200] {logging_mixin.py:117} INFO - [2023-06-11T00:43:14.357+0200] {dagbag.py:525} INFO - Filling up the DagBag from /home/nanah/airflow_venv/lib/python3.10/site-packages/airflow/example_dags/example_nested_branch_dag.py
[2023-06-11T00:43:14.419+0200] {processor.py:768} INFO - DAG(s) dict_keys(['example_nested_branch_dag']) retrieved from /home/nanah/airflow_venv/lib/python3.10/site-packages/airflow/example_dags/example_nested_branch_dag.py
[2023-06-11T00:43:14.493+0200] {logging_mixin.py:117} INFO - [2023-06-11T00:43:14.493+0200] {dag.py:2573} INFO - Sync 1 DAGs
[2023-06-11T00:43:14.544+0200] {logging_mixin.py:117} INFO - [2023-06-11T00:43:14.544+0200] {dag.py:3324} INFO - Setting next_dagrun for example_nested_branch_dag to 2023-06-09T00:00:00+00:00, run_after=2023-06-10T00:00:00+00:00
[2023-06-11T00:43:14.603+0200] {processor.py:178} INFO - Processing /home/nanah/airflow_venv/lib/python3.10/site-packages/airflow/example_dags/example_nested_branch_dag.py took 0.263 seconds
[2023-06-11T00:43:57.816+0200] {processor.py:156} INFO - Started process (PID=5798) to work on /home/nanah/airflow_venv/lib/python3.10/site-packages/airflow/example_dags/example_nested_branch_dag.py
[2023-06-11T00:43:57.822+0200] {processor.py:758} INFO - Processing file /home/nanah/airflow_venv/lib/python3.10/site-packages/airflow/example_dags/example_nested_branch_dag.py for tasks to queue
[2023-06-11T00:43:57.823+0200] {logging_mixin.py:117} INFO - [2023-06-11T00:43:57.823+0200] {dagbag.py:525} INFO - Filling up the DagBag from /home/nanah/airflow_venv/lib/python3.10/site-packages/airflow/example_dags/example_nested_branch_dag.py
[2023-06-11T00:43:57.897+0200] {processor.py:768} INFO - DAG(s) dict_keys(['example_nested_branch_dag']) retrieved from /home/nanah/airflow_venv/lib/python3.10/site-packages/airflow/example_dags/example_nested_branch_dag.py
[2023-06-11T00:43:57.962+0200] {logging_mixin.py:117} INFO - [2023-06-11T00:43:57.962+0200] {dag.py:2573} INFO - Sync 1 DAGs
[2023-06-11T00:43:58.014+0200] {logging_mixin.py:117} INFO - [2023-06-11T00:43:58.013+0200] {dag.py:3324} INFO - Setting next_dagrun for example_nested_branch_dag to 2023-06-09T00:00:00+00:00, run_after=2023-06-10T00:00:00+00:00
[2023-06-11T00:43:58.071+0200] {processor.py:178} INFO - Processing /home/nanah/airflow_venv/lib/python3.10/site-packages/airflow/example_dags/example_nested_branch_dag.py took 0.266 seconds
[2023-06-11T00:44:46.908+0200] {processor.py:156} INFO - Started process (PID=5832) to work on /home/nanah/airflow_venv/lib/python3.10/site-packages/airflow/example_dags/example_nested_branch_dag.py
[2023-06-11T00:44:46.913+0200] {processor.py:758} INFO - Processing file /home/nanah/airflow_venv/lib/python3.10/site-packages/airflow/example_dags/example_nested_branch_dag.py for tasks to queue
[2023-06-11T00:44:46.914+0200] {logging_mixin.py:117} INFO - [2023-06-11T00:44:46.914+0200] {dagbag.py:525} INFO - Filling up the DagBag from /home/nanah/airflow_venv/lib/python3.10/site-packages/airflow/example_dags/example_nested_branch_dag.py
[2023-06-11T00:44:46.981+0200] {processor.py:768} INFO - DAG(s) dict_keys(['example_nested_branch_dag']) retrieved from /home/nanah/airflow_venv/lib/python3.10/site-packages/airflow/example_dags/example_nested_branch_dag.py
[2023-06-11T00:44:47.056+0200] {logging_mixin.py:117} INFO - [2023-06-11T00:44:47.055+0200] {dag.py:2573} INFO - Sync 1 DAGs
[2023-06-11T00:44:47.107+0200] {logging_mixin.py:117} INFO - [2023-06-11T00:44:47.106+0200] {dag.py:3324} INFO - Setting next_dagrun for example_nested_branch_dag to 2023-06-09T00:00:00+00:00, run_after=2023-06-10T00:00:00+00:00
[2023-06-11T00:44:47.163+0200] {processor.py:178} INFO - Processing /home/nanah/airflow_venv/lib/python3.10/site-packages/airflow/example_dags/example_nested_branch_dag.py took 0.263 seconds
[2023-06-11T00:45:36.918+0200] {processor.py:156} INFO - Started process (PID=5867) to work on /home/nanah/airflow_venv/lib/python3.10/site-packages/airflow/example_dags/example_nested_branch_dag.py
[2023-06-11T00:45:36.923+0200] {processor.py:758} INFO - Processing file /home/nanah/airflow_venv/lib/python3.10/site-packages/airflow/example_dags/example_nested_branch_dag.py for tasks to queue
[2023-06-11T00:45:36.934+0200] {logging_mixin.py:117} INFO - [2023-06-11T00:45:36.933+0200] {dagbag.py:525} INFO - Filling up the DagBag from /home/nanah/airflow_venv/lib/python3.10/site-packages/airflow/example_dags/example_nested_branch_dag.py
[2023-06-11T00:45:37.164+0200] {processor.py:768} INFO - DAG(s) dict_keys(['example_nested_branch_dag']) retrieved from /home/nanah/airflow_venv/lib/python3.10/site-packages/airflow/example_dags/example_nested_branch_dag.py
[2023-06-11T00:45:37.331+0200] {logging_mixin.py:117} INFO - [2023-06-11T00:45:37.330+0200] {dag.py:2573} INFO - Sync 1 DAGs
[2023-06-11T00:45:37.498+0200] {logging_mixin.py:117} INFO - [2023-06-11T00:45:37.497+0200] {dag.py:3324} INFO - Setting next_dagrun for example_nested_branch_dag to 2023-06-09T00:00:00+00:00, run_after=2023-06-10T00:00:00+00:00
[2023-06-11T00:45:37.786+0200] {processor.py:178} INFO - Processing /home/nanah/airflow_venv/lib/python3.10/site-packages/airflow/example_dags/example_nested_branch_dag.py took 0.899 seconds
