[2023-06-11T00:12:31.895+0200] {processor.py:156} INFO - Started process (PID=4628) to work on /home/nanah/airflow_venv/lib/python3.10/site-packages/airflow/example_dags/example_external_task_marker_dag.py
[2023-06-11T00:12:31.908+0200] {processor.py:758} INFO - Processing file /home/nanah/airflow_venv/lib/python3.10/site-packages/airflow/example_dags/example_external_task_marker_dag.py for tasks to queue
[2023-06-11T00:12:31.910+0200] {logging_mixin.py:117} INFO - [2023-06-11T00:12:31.909+0200] {dagbag.py:525} INFO - Filling up the DagBag from /home/nanah/airflow_venv/lib/python3.10/site-packages/airflow/example_dags/example_external_task_marker_dag.py
[2023-06-11T00:12:31.989+0200] {processor.py:768} INFO - DAG(s) dict_keys(['example_external_task_marker_parent', 'example_external_task_marker_child']) retrieved from /home/nanah/airflow_venv/lib/python3.10/site-packages/airflow/example_dags/example_external_task_marker_dag.py
[2023-06-11T00:12:32.477+0200] {logging_mixin.py:117} INFO - [2023-06-11T00:12:32.476+0200] {dag.py:2573} INFO - Sync 2 DAGs
[2023-06-11T00:12:32.584+0200] {logging_mixin.py:117} INFO - [2023-06-11T00:12:32.583+0200] {dag.py:3324} INFO - Setting next_dagrun for example_external_task_marker_child to None, run_after=None
[2023-06-11T00:12:32.592+0200] {logging_mixin.py:117} INFO - [2023-06-11T00:12:32.592+0200] {dag.py:3324} INFO - Setting next_dagrun for example_external_task_marker_parent to None, run_after=None
[2023-06-11T00:12:32.663+0200] {processor.py:178} INFO - Processing /home/nanah/airflow_venv/lib/python3.10/site-packages/airflow/example_dags/example_external_task_marker_dag.py took 0.777 seconds
[2023-06-11T00:13:58.442+0200] {processor.py:156} INFO - Started process (PID=4667) to work on /home/nanah/airflow_venv/lib/python3.10/site-packages/airflow/example_dags/example_external_task_marker_dag.py
[2023-06-11T00:13:58.447+0200] {processor.py:758} INFO - Processing file /home/nanah/airflow_venv/lib/python3.10/site-packages/airflow/example_dags/example_external_task_marker_dag.py for tasks to queue
[2023-06-11T00:13:58.448+0200] {logging_mixin.py:117} INFO - [2023-06-11T00:13:58.448+0200] {dagbag.py:525} INFO - Filling up the DagBag from /home/nanah/airflow_venv/lib/python3.10/site-packages/airflow/example_dags/example_external_task_marker_dag.py
[2023-06-11T00:13:58.534+0200] {processor.py:768} INFO - DAG(s) dict_keys(['example_external_task_marker_parent', 'example_external_task_marker_child']) retrieved from /home/nanah/airflow_venv/lib/python3.10/site-packages/airflow/example_dags/example_external_task_marker_dag.py
[2023-06-11T00:13:58.982+0200] {logging_mixin.py:117} INFO - [2023-06-11T00:13:58.981+0200] {dag.py:2573} INFO - Sync 2 DAGs
[2023-06-11T00:13:59.078+0200] {logging_mixin.py:117} INFO - [2023-06-11T00:13:59.077+0200] {dag.py:3324} INFO - Setting next_dagrun for example_external_task_marker_child to None, run_after=None
[2023-06-11T00:13:59.104+0200] {logging_mixin.py:117} INFO - [2023-06-11T00:13:59.104+0200] {dag.py:3324} INFO - Setting next_dagrun for example_external_task_marker_parent to None, run_after=None
[2023-06-11T00:13:59.231+0200] {processor.py:178} INFO - Processing /home/nanah/airflow_venv/lib/python3.10/site-packages/airflow/example_dags/example_external_task_marker_dag.py took 0.801 seconds
[2023-06-11T00:15:03.459+0200] {processor.py:156} INFO - Started process (PID=4705) to work on /home/nanah/airflow_venv/lib/python3.10/site-packages/airflow/example_dags/example_external_task_marker_dag.py
[2023-06-11T00:15:03.463+0200] {processor.py:758} INFO - Processing file /home/nanah/airflow_venv/lib/python3.10/site-packages/airflow/example_dags/example_external_task_marker_dag.py for tasks to queue
[2023-06-11T00:15:03.465+0200] {logging_mixin.py:117} INFO - [2023-06-11T00:15:03.464+0200] {dagbag.py:525} INFO - Filling up the DagBag from /home/nanah/airflow_venv/lib/python3.10/site-packages/airflow/example_dags/example_external_task_marker_dag.py
[2023-06-11T00:15:03.575+0200] {processor.py:768} INFO - DAG(s) dict_keys(['example_external_task_marker_parent', 'example_external_task_marker_child']) retrieved from /home/nanah/airflow_venv/lib/python3.10/site-packages/airflow/example_dags/example_external_task_marker_dag.py
[2023-06-11T00:15:03.946+0200] {logging_mixin.py:117} INFO - [2023-06-11T00:15:03.946+0200] {dag.py:2573} INFO - Sync 2 DAGs
[2023-06-11T00:15:04.075+0200] {logging_mixin.py:117} INFO - [2023-06-11T00:15:04.074+0200] {dag.py:3324} INFO - Setting next_dagrun for example_external_task_marker_child to None, run_after=None
[2023-06-11T00:15:04.090+0200] {logging_mixin.py:117} INFO - [2023-06-11T00:15:04.089+0200] {dag.py:3324} INFO - Setting next_dagrun for example_external_task_marker_parent to None, run_after=None
[2023-06-11T00:15:04.232+0200] {processor.py:178} INFO - Processing /home/nanah/airflow_venv/lib/python3.10/site-packages/airflow/example_dags/example_external_task_marker_dag.py took 0.785 seconds
[2023-06-11T00:16:31.008+0200] {processor.py:156} INFO - Started process (PID=4750) to work on /home/nanah/airflow_venv/lib/python3.10/site-packages/airflow/example_dags/example_external_task_marker_dag.py
[2023-06-11T00:16:31.018+0200] {processor.py:758} INFO - Processing file /home/nanah/airflow_venv/lib/python3.10/site-packages/airflow/example_dags/example_external_task_marker_dag.py for tasks to queue
[2023-06-11T00:16:31.020+0200] {logging_mixin.py:117} INFO - [2023-06-11T00:16:31.020+0200] {dagbag.py:525} INFO - Filling up the DagBag from /home/nanah/airflow_venv/lib/python3.10/site-packages/airflow/example_dags/example_external_task_marker_dag.py
[2023-06-11T00:16:31.129+0200] {processor.py:768} INFO - DAG(s) dict_keys(['example_external_task_marker_parent', 'example_external_task_marker_child']) retrieved from /home/nanah/airflow_venv/lib/python3.10/site-packages/airflow/example_dags/example_external_task_marker_dag.py
[2023-06-11T00:16:31.637+0200] {logging_mixin.py:117} INFO - [2023-06-11T00:16:31.637+0200] {dag.py:2573} INFO - Sync 2 DAGs
[2023-06-11T00:16:31.796+0200] {logging_mixin.py:117} INFO - [2023-06-11T00:16:31.794+0200] {dag.py:3324} INFO - Setting next_dagrun for example_external_task_marker_child to None, run_after=None
[2023-06-11T00:16:31.812+0200] {logging_mixin.py:117} INFO - [2023-06-11T00:16:31.812+0200] {dag.py:3324} INFO - Setting next_dagrun for example_external_task_marker_parent to None, run_after=None
[2023-06-11T00:16:31.964+0200] {processor.py:178} INFO - Processing /home/nanah/airflow_venv/lib/python3.10/site-packages/airflow/example_dags/example_external_task_marker_dag.py took 0.968 seconds
[2023-06-11T00:17:23.340+0200] {processor.py:156} INFO - Started process (PID=4791) to work on /home/nanah/airflow_venv/lib/python3.10/site-packages/airflow/example_dags/example_external_task_marker_dag.py
[2023-06-11T00:17:23.346+0200] {processor.py:758} INFO - Processing file /home/nanah/airflow_venv/lib/python3.10/site-packages/airflow/example_dags/example_external_task_marker_dag.py for tasks to queue
[2023-06-11T00:17:23.348+0200] {logging_mixin.py:117} INFO - [2023-06-11T00:17:23.348+0200] {dagbag.py:525} INFO - Filling up the DagBag from /home/nanah/airflow_venv/lib/python3.10/site-packages/airflow/example_dags/example_external_task_marker_dag.py
[2023-06-11T00:17:23.425+0200] {processor.py:768} INFO - DAG(s) dict_keys(['example_external_task_marker_child', 'example_external_task_marker_parent']) retrieved from /home/nanah/airflow_venv/lib/python3.10/site-packages/airflow/example_dags/example_external_task_marker_dag.py
[2023-06-11T00:17:23.766+0200] {logging_mixin.py:117} INFO - [2023-06-11T00:17:23.758+0200] {dag.py:2573} INFO - Sync 2 DAGs
[2023-06-11T00:17:23.870+0200] {logging_mixin.py:117} INFO - [2023-06-11T00:17:23.870+0200] {dag.py:3324} INFO - Setting next_dagrun for example_external_task_marker_child to None, run_after=None
[2023-06-11T00:17:23.876+0200] {logging_mixin.py:117} INFO - [2023-06-11T00:17:23.876+0200] {dag.py:3324} INFO - Setting next_dagrun for example_external_task_marker_parent to None, run_after=None
[2023-06-11T00:17:23.932+0200] {processor.py:178} INFO - Processing /home/nanah/airflow_venv/lib/python3.10/site-packages/airflow/example_dags/example_external_task_marker_dag.py took 0.598 seconds
[2023-06-11T00:18:55.664+0200] {processor.py:156} INFO - Started process (PID=4860) to work on /home/nanah/airflow_venv/lib/python3.10/site-packages/airflow/example_dags/example_external_task_marker_dag.py
[2023-06-11T00:18:55.669+0200] {processor.py:758} INFO - Processing file /home/nanah/airflow_venv/lib/python3.10/site-packages/airflow/example_dags/example_external_task_marker_dag.py for tasks to queue
[2023-06-11T00:18:55.670+0200] {logging_mixin.py:117} INFO - [2023-06-11T00:18:55.670+0200] {dagbag.py:525} INFO - Filling up the DagBag from /home/nanah/airflow_venv/lib/python3.10/site-packages/airflow/example_dags/example_external_task_marker_dag.py
[2023-06-11T00:18:55.701+0200] {processor.py:768} INFO - DAG(s) dict_keys(['example_external_task_marker_child', 'example_external_task_marker_parent']) retrieved from /home/nanah/airflow_venv/lib/python3.10/site-packages/airflow/example_dags/example_external_task_marker_dag.py
[2023-06-11T00:18:55.865+0200] {logging_mixin.py:117} INFO - [2023-06-11T00:18:55.864+0200] {dag.py:2573} INFO - Sync 2 DAGs
[2023-06-11T00:18:55.905+0200] {logging_mixin.py:117} INFO - [2023-06-11T00:18:55.904+0200] {dag.py:3324} INFO - Setting next_dagrun for example_external_task_marker_child to None, run_after=None
[2023-06-11T00:18:55.910+0200] {logging_mixin.py:117} INFO - [2023-06-11T00:18:55.910+0200] {dag.py:3324} INFO - Setting next_dagrun for example_external_task_marker_parent to None, run_after=None
[2023-06-11T00:18:55.963+0200] {processor.py:178} INFO - Processing /home/nanah/airflow_venv/lib/python3.10/site-packages/airflow/example_dags/example_external_task_marker_dag.py took 0.307 seconds
[2023-06-11T00:21:21.719+0200] {processor.py:156} INFO - Started process (PID=4940) to work on /home/nanah/airflow_venv/lib/python3.10/site-packages/airflow/example_dags/example_external_task_marker_dag.py
[2023-06-11T00:21:21.724+0200] {processor.py:758} INFO - Processing file /home/nanah/airflow_venv/lib/python3.10/site-packages/airflow/example_dags/example_external_task_marker_dag.py for tasks to queue
[2023-06-11T00:21:21.726+0200] {logging_mixin.py:117} INFO - [2023-06-11T00:21:21.726+0200] {dagbag.py:525} INFO - Filling up the DagBag from /home/nanah/airflow_venv/lib/python3.10/site-packages/airflow/example_dags/example_external_task_marker_dag.py
[2023-06-11T00:21:21.790+0200] {processor.py:768} INFO - DAG(s) dict_keys(['example_external_task_marker_child', 'example_external_task_marker_parent']) retrieved from /home/nanah/airflow_venv/lib/python3.10/site-packages/airflow/example_dags/example_external_task_marker_dag.py
[2023-06-11T00:21:22.043+0200] {logging_mixin.py:117} INFO - [2023-06-11T00:21:22.043+0200] {dag.py:2573} INFO - Sync 2 DAGs
[2023-06-11T00:21:22.117+0200] {logging_mixin.py:117} INFO - [2023-06-11T00:21:22.117+0200] {dag.py:3324} INFO - Setting next_dagrun for example_external_task_marker_child to None, run_after=None
[2023-06-11T00:21:22.134+0200] {logging_mixin.py:117} INFO - [2023-06-11T00:21:22.134+0200] {dag.py:3324} INFO - Setting next_dagrun for example_external_task_marker_parent to None, run_after=None
[2023-06-11T00:21:22.208+0200] {processor.py:178} INFO - Processing /home/nanah/airflow_venv/lib/python3.10/site-packages/airflow/example_dags/example_external_task_marker_dag.py took 0.499 seconds
[2023-06-11T00:23:22.925+0200] {processor.py:156} INFO - Started process (PID=5010) to work on /home/nanah/airflow_venv/lib/python3.10/site-packages/airflow/example_dags/example_external_task_marker_dag.py
[2023-06-11T00:23:22.937+0200] {processor.py:758} INFO - Processing file /home/nanah/airflow_venv/lib/python3.10/site-packages/airflow/example_dags/example_external_task_marker_dag.py for tasks to queue
[2023-06-11T00:23:22.939+0200] {logging_mixin.py:117} INFO - [2023-06-11T00:23:22.938+0200] {dagbag.py:525} INFO - Filling up the DagBag from /home/nanah/airflow_venv/lib/python3.10/site-packages/airflow/example_dags/example_external_task_marker_dag.py
[2023-06-11T00:23:22.999+0200] {processor.py:768} INFO - DAG(s) dict_keys(['example_external_task_marker_child', 'example_external_task_marker_parent']) retrieved from /home/nanah/airflow_venv/lib/python3.10/site-packages/airflow/example_dags/example_external_task_marker_dag.py
[2023-06-11T00:23:23.260+0200] {logging_mixin.py:117} INFO - [2023-06-11T00:23:23.260+0200] {dag.py:2573} INFO - Sync 2 DAGs
[2023-06-11T00:23:23.310+0200] {logging_mixin.py:117} INFO - [2023-06-11T00:23:23.309+0200] {dag.py:3324} INFO - Setting next_dagrun for example_external_task_marker_child to None, run_after=None
[2023-06-11T00:23:23.316+0200] {logging_mixin.py:117} INFO - [2023-06-11T00:23:23.316+0200] {dag.py:3324} INFO - Setting next_dagrun for example_external_task_marker_parent to None, run_after=None
[2023-06-11T00:23:23.718+0200] {processor.py:178} INFO - Processing /home/nanah/airflow_venv/lib/python3.10/site-packages/airflow/example_dags/example_external_task_marker_dag.py took 0.800 seconds
[2023-06-11T00:24:41.843+0200] {processor.py:156} INFO - Started process (PID=5047) to work on /home/nanah/airflow_venv/lib/python3.10/site-packages/airflow/example_dags/example_external_task_marker_dag.py
[2023-06-11T00:24:41.846+0200] {processor.py:758} INFO - Processing file /home/nanah/airflow_venv/lib/python3.10/site-packages/airflow/example_dags/example_external_task_marker_dag.py for tasks to queue
[2023-06-11T00:24:41.847+0200] {logging_mixin.py:117} INFO - [2023-06-11T00:24:41.847+0200] {dagbag.py:525} INFO - Filling up the DagBag from /home/nanah/airflow_venv/lib/python3.10/site-packages/airflow/example_dags/example_external_task_marker_dag.py
[2023-06-11T00:24:41.917+0200] {processor.py:768} INFO - DAG(s) dict_keys(['example_external_task_marker_child', 'example_external_task_marker_parent']) retrieved from /home/nanah/airflow_venv/lib/python3.10/site-packages/airflow/example_dags/example_external_task_marker_dag.py
[2023-06-11T00:24:42.235+0200] {logging_mixin.py:117} INFO - [2023-06-11T00:24:42.234+0200] {dag.py:2573} INFO - Sync 2 DAGs
[2023-06-11T00:24:42.320+0200] {logging_mixin.py:117} INFO - [2023-06-11T00:24:42.320+0200] {dag.py:3324} INFO - Setting next_dagrun for example_external_task_marker_child to None, run_after=None
[2023-06-11T00:24:42.329+0200] {logging_mixin.py:117} INFO - [2023-06-11T00:24:42.328+0200] {dag.py:3324} INFO - Setting next_dagrun for example_external_task_marker_parent to None, run_after=None
[2023-06-11T00:24:42.805+0200] {processor.py:178} INFO - Processing /home/nanah/airflow_venv/lib/python3.10/site-packages/airflow/example_dags/example_external_task_marker_dag.py took 0.978 seconds
[2023-06-11T00:26:23.511+0200] {processor.py:156} INFO - Started process (PID=5082) to work on /home/nanah/airflow_venv/lib/python3.10/site-packages/airflow/example_dags/example_external_task_marker_dag.py
[2023-06-11T00:26:23.516+0200] {processor.py:758} INFO - Processing file /home/nanah/airflow_venv/lib/python3.10/site-packages/airflow/example_dags/example_external_task_marker_dag.py for tasks to queue
[2023-06-11T00:26:23.517+0200] {logging_mixin.py:117} INFO - [2023-06-11T00:26:23.517+0200] {dagbag.py:525} INFO - Filling up the DagBag from /home/nanah/airflow_venv/lib/python3.10/site-packages/airflow/example_dags/example_external_task_marker_dag.py
[2023-06-11T00:26:23.564+0200] {processor.py:768} INFO - DAG(s) dict_keys(['example_external_task_marker_child', 'example_external_task_marker_parent']) retrieved from /home/nanah/airflow_venv/lib/python3.10/site-packages/airflow/example_dags/example_external_task_marker_dag.py
[2023-06-11T00:26:23.773+0200] {logging_mixin.py:117} INFO - [2023-06-11T00:26:23.773+0200] {dag.py:2573} INFO - Sync 2 DAGs
[2023-06-11T00:26:24.135+0200] {logging_mixin.py:117} INFO - [2023-06-11T00:26:24.135+0200] {dag.py:3324} INFO - Setting next_dagrun for example_external_task_marker_child to None, run_after=None
[2023-06-11T00:26:24.143+0200] {logging_mixin.py:117} INFO - [2023-06-11T00:26:24.143+0200] {dag.py:3324} INFO - Setting next_dagrun for example_external_task_marker_parent to None, run_after=None
[2023-06-11T00:26:24.201+0200] {processor.py:178} INFO - Processing /home/nanah/airflow_venv/lib/python3.10/site-packages/airflow/example_dags/example_external_task_marker_dag.py took 0.698 seconds
[2023-06-11T00:27:21.736+0200] {processor.py:156} INFO - Started process (PID=5119) to work on /home/nanah/airflow_venv/lib/python3.10/site-packages/airflow/example_dags/example_external_task_marker_dag.py
[2023-06-11T00:27:21.742+0200] {processor.py:758} INFO - Processing file /home/nanah/airflow_venv/lib/python3.10/site-packages/airflow/example_dags/example_external_task_marker_dag.py for tasks to queue
[2023-06-11T00:27:21.744+0200] {logging_mixin.py:117} INFO - [2023-06-11T00:27:21.743+0200] {dagbag.py:525} INFO - Filling up the DagBag from /home/nanah/airflow_venv/lib/python3.10/site-packages/airflow/example_dags/example_external_task_marker_dag.py
[2023-06-11T00:27:21.795+0200] {processor.py:768} INFO - DAG(s) dict_keys(['example_external_task_marker_child', 'example_external_task_marker_parent']) retrieved from /home/nanah/airflow_venv/lib/python3.10/site-packages/airflow/example_dags/example_external_task_marker_dag.py
[2023-06-11T00:27:22.019+0200] {logging_mixin.py:117} INFO - [2023-06-11T00:27:22.019+0200] {dag.py:2573} INFO - Sync 2 DAGs
[2023-06-11T00:27:22.343+0200] {logging_mixin.py:117} INFO - [2023-06-11T00:27:22.343+0200] {dag.py:3324} INFO - Setting next_dagrun for example_external_task_marker_child to None, run_after=None
[2023-06-11T00:27:22.350+0200] {logging_mixin.py:117} INFO - [2023-06-11T00:27:22.350+0200] {dag.py:3324} INFO - Setting next_dagrun for example_external_task_marker_parent to None, run_after=None
[2023-06-11T00:27:22.402+0200] {processor.py:178} INFO - Processing /home/nanah/airflow_venv/lib/python3.10/site-packages/airflow/example_dags/example_external_task_marker_dag.py took 0.672 seconds
[2023-06-11T00:29:17.842+0200] {processor.py:156} INFO - Started process (PID=5189) to work on /home/nanah/airflow_venv/lib/python3.10/site-packages/airflow/example_dags/example_external_task_marker_dag.py
[2023-06-11T00:29:17.847+0200] {processor.py:758} INFO - Processing file /home/nanah/airflow_venv/lib/python3.10/site-packages/airflow/example_dags/example_external_task_marker_dag.py for tasks to queue
[2023-06-11T00:29:17.849+0200] {logging_mixin.py:117} INFO - [2023-06-11T00:29:17.848+0200] {dagbag.py:525} INFO - Filling up the DagBag from /home/nanah/airflow_venv/lib/python3.10/site-packages/airflow/example_dags/example_external_task_marker_dag.py
[2023-06-11T00:29:17.888+0200] {processor.py:768} INFO - DAG(s) dict_keys(['example_external_task_marker_child', 'example_external_task_marker_parent']) retrieved from /home/nanah/airflow_venv/lib/python3.10/site-packages/airflow/example_dags/example_external_task_marker_dag.py
[2023-06-11T00:29:18.400+0200] {logging_mixin.py:117} INFO - [2023-06-11T00:29:18.399+0200] {dag.py:2573} INFO - Sync 2 DAGs
[2023-06-11T00:29:18.461+0200] {logging_mixin.py:117} INFO - [2023-06-11T00:29:18.461+0200] {dag.py:3324} INFO - Setting next_dagrun for example_external_task_marker_child to None, run_after=None
[2023-06-11T00:29:18.473+0200] {logging_mixin.py:117} INFO - [2023-06-11T00:29:18.473+0200] {dag.py:3324} INFO - Setting next_dagrun for example_external_task_marker_parent to None, run_after=None
[2023-06-11T00:29:18.524+0200] {processor.py:178} INFO - Processing /home/nanah/airflow_venv/lib/python3.10/site-packages/airflow/example_dags/example_external_task_marker_dag.py took 0.689 seconds
[2023-06-11T00:30:26.605+0200] {processor.py:156} INFO - Started process (PID=5224) to work on /home/nanah/airflow_venv/lib/python3.10/site-packages/airflow/example_dags/example_external_task_marker_dag.py
[2023-06-11T00:30:26.629+0200] {processor.py:758} INFO - Processing file /home/nanah/airflow_venv/lib/python3.10/site-packages/airflow/example_dags/example_external_task_marker_dag.py for tasks to queue
[2023-06-11T00:30:26.631+0200] {logging_mixin.py:117} INFO - [2023-06-11T00:30:26.631+0200] {dagbag.py:525} INFO - Filling up the DagBag from /home/nanah/airflow_venv/lib/python3.10/site-packages/airflow/example_dags/example_external_task_marker_dag.py
[2023-06-11T00:30:26.724+0200] {processor.py:768} INFO - DAG(s) dict_keys(['example_external_task_marker_parent', 'example_external_task_marker_child']) retrieved from /home/nanah/airflow_venv/lib/python3.10/site-packages/airflow/example_dags/example_external_task_marker_dag.py
[2023-06-11T00:30:28.002+0200] {logging_mixin.py:117} INFO - [2023-06-11T00:30:28.001+0200] {dag.py:2573} INFO - Sync 2 DAGs
[2023-06-11T00:30:28.104+0200] {logging_mixin.py:117} INFO - [2023-06-11T00:30:28.103+0200] {dag.py:3324} INFO - Setting next_dagrun for example_external_task_marker_child to None, run_after=None
[2023-06-11T00:30:28.112+0200] {logging_mixin.py:117} INFO - [2023-06-11T00:30:28.112+0200] {dag.py:3324} INFO - Setting next_dagrun for example_external_task_marker_parent to None, run_after=None
[2023-06-11T00:30:28.224+0200] {processor.py:178} INFO - Processing /home/nanah/airflow_venv/lib/python3.10/site-packages/airflow/example_dags/example_external_task_marker_dag.py took 1.635 seconds
[2023-06-11T00:31:27.719+0200] {processor.py:156} INFO - Started process (PID=5261) to work on /home/nanah/airflow_venv/lib/python3.10/site-packages/airflow/example_dags/example_external_task_marker_dag.py
[2023-06-11T00:31:27.722+0200] {processor.py:758} INFO - Processing file /home/nanah/airflow_venv/lib/python3.10/site-packages/airflow/example_dags/example_external_task_marker_dag.py for tasks to queue
[2023-06-11T00:31:27.726+0200] {logging_mixin.py:117} INFO - [2023-06-11T00:31:27.726+0200] {dagbag.py:525} INFO - Filling up the DagBag from /home/nanah/airflow_venv/lib/python3.10/site-packages/airflow/example_dags/example_external_task_marker_dag.py
[2023-06-11T00:31:27.770+0200] {processor.py:768} INFO - DAG(s) dict_keys(['example_external_task_marker_child', 'example_external_task_marker_parent']) retrieved from /home/nanah/airflow_venv/lib/python3.10/site-packages/airflow/example_dags/example_external_task_marker_dag.py
[2023-06-11T00:31:28.415+0200] {logging_mixin.py:117} INFO - [2023-06-11T00:31:28.415+0200] {dag.py:2573} INFO - Sync 2 DAGs
[2023-06-11T00:31:28.468+0200] {logging_mixin.py:117} INFO - [2023-06-11T00:31:28.468+0200] {dag.py:3324} INFO - Setting next_dagrun for example_external_task_marker_child to None, run_after=None
[2023-06-11T00:31:28.475+0200] {logging_mixin.py:117} INFO - [2023-06-11T00:31:28.475+0200] {dag.py:3324} INFO - Setting next_dagrun for example_external_task_marker_parent to None, run_after=None
[2023-06-11T00:31:28.535+0200] {processor.py:178} INFO - Processing /home/nanah/airflow_venv/lib/python3.10/site-packages/airflow/example_dags/example_external_task_marker_dag.py took 0.822 seconds
[2023-06-11T00:32:21.306+0200] {processor.py:156} INFO - Started process (PID=5296) to work on /home/nanah/airflow_venv/lib/python3.10/site-packages/airflow/example_dags/example_external_task_marker_dag.py
[2023-06-11T00:32:21.312+0200] {processor.py:758} INFO - Processing file /home/nanah/airflow_venv/lib/python3.10/site-packages/airflow/example_dags/example_external_task_marker_dag.py for tasks to queue
[2023-06-11T00:32:21.313+0200] {logging_mixin.py:117} INFO - [2023-06-11T00:32:21.313+0200] {dagbag.py:525} INFO - Filling up the DagBag from /home/nanah/airflow_venv/lib/python3.10/site-packages/airflow/example_dags/example_external_task_marker_dag.py
[2023-06-11T00:32:21.369+0200] {processor.py:768} INFO - DAG(s) dict_keys(['example_external_task_marker_parent', 'example_external_task_marker_child']) retrieved from /home/nanah/airflow_venv/lib/python3.10/site-packages/airflow/example_dags/example_external_task_marker_dag.py
[2023-06-11T00:32:21.903+0200] {logging_mixin.py:117} INFO - [2023-06-11T00:32:21.903+0200] {dag.py:2573} INFO - Sync 2 DAGs
[2023-06-11T00:32:21.951+0200] {logging_mixin.py:117} INFO - [2023-06-11T00:32:21.951+0200] {dag.py:3324} INFO - Setting next_dagrun for example_external_task_marker_child to None, run_after=None
[2023-06-11T00:32:21.961+0200] {logging_mixin.py:117} INFO - [2023-06-11T00:32:21.961+0200] {dag.py:3324} INFO - Setting next_dagrun for example_external_task_marker_parent to None, run_after=None
[2023-06-11T00:32:22.009+0200] {processor.py:178} INFO - Processing /home/nanah/airflow_venv/lib/python3.10/site-packages/airflow/example_dags/example_external_task_marker_dag.py took 0.710 seconds
[2023-06-11T00:33:18.454+0200] {processor.py:156} INFO - Started process (PID=5332) to work on /home/nanah/airflow_venv/lib/python3.10/site-packages/airflow/example_dags/example_external_task_marker_dag.py
[2023-06-11T00:33:18.459+0200] {processor.py:758} INFO - Processing file /home/nanah/airflow_venv/lib/python3.10/site-packages/airflow/example_dags/example_external_task_marker_dag.py for tasks to queue
[2023-06-11T00:33:18.461+0200] {logging_mixin.py:117} INFO - [2023-06-11T00:33:18.461+0200] {dagbag.py:525} INFO - Filling up the DagBag from /home/nanah/airflow_venv/lib/python3.10/site-packages/airflow/example_dags/example_external_task_marker_dag.py
[2023-06-11T00:33:18.806+0200] {processor.py:768} INFO - DAG(s) dict_keys(['example_external_task_marker_parent', 'example_external_task_marker_child']) retrieved from /home/nanah/airflow_venv/lib/python3.10/site-packages/airflow/example_dags/example_external_task_marker_dag.py
[2023-06-11T00:33:19.015+0200] {logging_mixin.py:117} INFO - [2023-06-11T00:33:19.015+0200] {dag.py:2573} INFO - Sync 2 DAGs
[2023-06-11T00:33:19.062+0200] {logging_mixin.py:117} INFO - [2023-06-11T00:33:19.061+0200] {dag.py:3324} INFO - Setting next_dagrun for example_external_task_marker_child to None, run_after=None
[2023-06-11T00:33:19.072+0200] {logging_mixin.py:117} INFO - [2023-06-11T00:33:19.071+0200] {dag.py:3324} INFO - Setting next_dagrun for example_external_task_marker_parent to None, run_after=None
[2023-06-11T00:33:19.118+0200] {processor.py:178} INFO - Processing /home/nanah/airflow_venv/lib/python3.10/site-packages/airflow/example_dags/example_external_task_marker_dag.py took 0.672 seconds
[2023-06-11T00:35:21.804+0200] {processor.py:156} INFO - Started process (PID=5406) to work on /home/nanah/airflow_venv/lib/python3.10/site-packages/airflow/example_dags/example_external_task_marker_dag.py
[2023-06-11T00:35:21.813+0200] {processor.py:758} INFO - Processing file /home/nanah/airflow_venv/lib/python3.10/site-packages/airflow/example_dags/example_external_task_marker_dag.py for tasks to queue
[2023-06-11T00:35:21.815+0200] {logging_mixin.py:117} INFO - [2023-06-11T00:35:21.815+0200] {dagbag.py:525} INFO - Filling up the DagBag from /home/nanah/airflow_venv/lib/python3.10/site-packages/airflow/example_dags/example_external_task_marker_dag.py
[2023-06-11T00:35:21.848+0200] {processor.py:768} INFO - DAG(s) dict_keys(['example_external_task_marker_parent', 'example_external_task_marker_child']) retrieved from /home/nanah/airflow_venv/lib/python3.10/site-packages/airflow/example_dags/example_external_task_marker_dag.py
[2023-06-11T00:35:22.012+0200] {logging_mixin.py:117} INFO - [2023-06-11T00:35:22.012+0200] {dag.py:2573} INFO - Sync 2 DAGs
[2023-06-11T00:35:22.056+0200] {logging_mixin.py:117} INFO - [2023-06-11T00:35:22.055+0200] {dag.py:3324} INFO - Setting next_dagrun for example_external_task_marker_child to None, run_after=None
[2023-06-11T00:35:22.062+0200] {logging_mixin.py:117} INFO - [2023-06-11T00:35:22.061+0200] {dag.py:3324} INFO - Setting next_dagrun for example_external_task_marker_parent to None, run_after=None
[2023-06-11T00:35:22.104+0200] {processor.py:178} INFO - Processing /home/nanah/airflow_venv/lib/python3.10/site-packages/airflow/example_dags/example_external_task_marker_dag.py took 0.306 seconds
[2023-06-11T00:36:49.074+0200] {processor.py:156} INFO - Started process (PID=5473) to work on /home/nanah/airflow_venv/lib/python3.10/site-packages/airflow/example_dags/example_external_task_marker_dag.py
[2023-06-11T00:36:49.080+0200] {processor.py:758} INFO - Processing file /home/nanah/airflow_venv/lib/python3.10/site-packages/airflow/example_dags/example_external_task_marker_dag.py for tasks to queue
[2023-06-11T00:36:49.083+0200] {logging_mixin.py:117} INFO - [2023-06-11T00:36:49.083+0200] {dagbag.py:525} INFO - Filling up the DagBag from /home/nanah/airflow_venv/lib/python3.10/site-packages/airflow/example_dags/example_external_task_marker_dag.py
[2023-06-11T00:36:49.113+0200] {processor.py:768} INFO - DAG(s) dict_keys(['example_external_task_marker_child', 'example_external_task_marker_parent']) retrieved from /home/nanah/airflow_venv/lib/python3.10/site-packages/airflow/example_dags/example_external_task_marker_dag.py
[2023-06-11T00:36:49.283+0200] {logging_mixin.py:117} INFO - [2023-06-11T00:36:49.283+0200] {dag.py:2573} INFO - Sync 2 DAGs
[2023-06-11T00:36:49.322+0200] {logging_mixin.py:117} INFO - [2023-06-11T00:36:49.321+0200] {dag.py:3324} INFO - Setting next_dagrun for example_external_task_marker_child to None, run_after=None
[2023-06-11T00:36:49.328+0200] {logging_mixin.py:117} INFO - [2023-06-11T00:36:49.327+0200] {dag.py:3324} INFO - Setting next_dagrun for example_external_task_marker_parent to None, run_after=None
[2023-06-11T00:36:49.370+0200] {processor.py:178} INFO - Processing /home/nanah/airflow_venv/lib/python3.10/site-packages/airflow/example_dags/example_external_task_marker_dag.py took 0.302 seconds
[2023-06-11T00:38:28.490+0200] {processor.py:156} INFO - Started process (PID=5541) to work on /home/nanah/airflow_venv/lib/python3.10/site-packages/airflow/example_dags/example_external_task_marker_dag.py
[2023-06-11T00:38:28.498+0200] {processor.py:758} INFO - Processing file /home/nanah/airflow_venv/lib/python3.10/site-packages/airflow/example_dags/example_external_task_marker_dag.py for tasks to queue
[2023-06-11T00:38:28.500+0200] {logging_mixin.py:117} INFO - [2023-06-11T00:38:28.499+0200] {dagbag.py:525} INFO - Filling up the DagBag from /home/nanah/airflow_venv/lib/python3.10/site-packages/airflow/example_dags/example_external_task_marker_dag.py
[2023-06-11T00:38:28.536+0200] {processor.py:768} INFO - DAG(s) dict_keys(['example_external_task_marker_child', 'example_external_task_marker_parent']) retrieved from /home/nanah/airflow_venv/lib/python3.10/site-packages/airflow/example_dags/example_external_task_marker_dag.py
[2023-06-11T00:38:28.735+0200] {logging_mixin.py:117} INFO - [2023-06-11T00:38:28.735+0200] {dag.py:2573} INFO - Sync 2 DAGs
[2023-06-11T00:38:28.783+0200] {logging_mixin.py:117} INFO - [2023-06-11T00:38:28.783+0200] {dag.py:3324} INFO - Setting next_dagrun for example_external_task_marker_child to None, run_after=None
[2023-06-11T00:38:28.790+0200] {logging_mixin.py:117} INFO - [2023-06-11T00:38:28.789+0200] {dag.py:3324} INFO - Setting next_dagrun for example_external_task_marker_parent to None, run_after=None
[2023-06-11T00:38:28.862+0200] {processor.py:178} INFO - Processing /home/nanah/airflow_venv/lib/python3.10/site-packages/airflow/example_dags/example_external_task_marker_dag.py took 0.379 seconds
[2023-06-11T00:39:54.114+0200] {processor.py:156} INFO - Started process (PID=5610) to work on /home/nanah/airflow_venv/lib/python3.10/site-packages/airflow/example_dags/example_external_task_marker_dag.py
[2023-06-11T00:39:54.121+0200] {processor.py:758} INFO - Processing file /home/nanah/airflow_venv/lib/python3.10/site-packages/airflow/example_dags/example_external_task_marker_dag.py for tasks to queue
[2023-06-11T00:39:54.123+0200] {logging_mixin.py:117} INFO - [2023-06-11T00:39:54.123+0200] {dagbag.py:525} INFO - Filling up the DagBag from /home/nanah/airflow_venv/lib/python3.10/site-packages/airflow/example_dags/example_external_task_marker_dag.py
[2023-06-11T00:39:54.163+0200] {processor.py:768} INFO - DAG(s) dict_keys(['example_external_task_marker_child', 'example_external_task_marker_parent']) retrieved from /home/nanah/airflow_venv/lib/python3.10/site-packages/airflow/example_dags/example_external_task_marker_dag.py
[2023-06-11T00:39:54.349+0200] {logging_mixin.py:117} INFO - [2023-06-11T00:39:54.349+0200] {dag.py:2573} INFO - Sync 2 DAGs
[2023-06-11T00:39:54.396+0200] {logging_mixin.py:117} INFO - [2023-06-11T00:39:54.396+0200] {dag.py:3324} INFO - Setting next_dagrun for example_external_task_marker_child to None, run_after=None
[2023-06-11T00:39:54.404+0200] {logging_mixin.py:117} INFO - [2023-06-11T00:39:54.404+0200] {dag.py:3324} INFO - Setting next_dagrun for example_external_task_marker_parent to None, run_after=None
[2023-06-11T00:39:54.456+0200] {processor.py:178} INFO - Processing /home/nanah/airflow_venv/lib/python3.10/site-packages/airflow/example_dags/example_external_task_marker_dag.py took 0.349 seconds
[2023-06-11T00:41:19.908+0200] {processor.py:156} INFO - Started process (PID=5678) to work on /home/nanah/airflow_venv/lib/python3.10/site-packages/airflow/example_dags/example_external_task_marker_dag.py
[2023-06-11T00:41:19.913+0200] {processor.py:758} INFO - Processing file /home/nanah/airflow_venv/lib/python3.10/site-packages/airflow/example_dags/example_external_task_marker_dag.py for tasks to queue
[2023-06-11T00:41:19.914+0200] {logging_mixin.py:117} INFO - [2023-06-11T00:41:19.914+0200] {dagbag.py:525} INFO - Filling up the DagBag from /home/nanah/airflow_venv/lib/python3.10/site-packages/airflow/example_dags/example_external_task_marker_dag.py
[2023-06-11T00:41:20.014+0200] {processor.py:768} INFO - DAG(s) dict_keys(['example_external_task_marker_parent', 'example_external_task_marker_child']) retrieved from /home/nanah/airflow_venv/lib/python3.10/site-packages/airflow/example_dags/example_external_task_marker_dag.py
[2023-06-11T00:41:20.347+0200] {logging_mixin.py:117} INFO - [2023-06-11T00:41:20.346+0200] {dag.py:2573} INFO - Sync 2 DAGs
[2023-06-11T00:41:20.429+0200] {logging_mixin.py:117} INFO - [2023-06-11T00:41:20.428+0200] {dag.py:3324} INFO - Setting next_dagrun for example_external_task_marker_child to None, run_after=None
[2023-06-11T00:41:20.437+0200] {logging_mixin.py:117} INFO - [2023-06-11T00:41:20.437+0200] {dag.py:3324} INFO - Setting next_dagrun for example_external_task_marker_parent to None, run_after=None
[2023-06-11T00:41:20.771+0200] {processor.py:178} INFO - Processing /home/nanah/airflow_venv/lib/python3.10/site-packages/airflow/example_dags/example_external_task_marker_dag.py took 0.889 seconds
[2023-06-11T00:42:55.741+0200] {processor.py:156} INFO - Started process (PID=5750) to work on /home/nanah/airflow_venv/lib/python3.10/site-packages/airflow/example_dags/example_external_task_marker_dag.py
[2023-06-11T00:42:55.756+0200] {processor.py:758} INFO - Processing file /home/nanah/airflow_venv/lib/python3.10/site-packages/airflow/example_dags/example_external_task_marker_dag.py for tasks to queue
[2023-06-11T00:42:55.768+0200] {logging_mixin.py:117} INFO - [2023-06-11T00:42:55.766+0200] {dagbag.py:525} INFO - Filling up the DagBag from /home/nanah/airflow_venv/lib/python3.10/site-packages/airflow/example_dags/example_external_task_marker_dag.py
[2023-06-11T00:42:55.846+0200] {processor.py:768} INFO - DAG(s) dict_keys(['example_external_task_marker_parent', 'example_external_task_marker_child']) retrieved from /home/nanah/airflow_venv/lib/python3.10/site-packages/airflow/example_dags/example_external_task_marker_dag.py
[2023-06-11T00:42:56.353+0200] {logging_mixin.py:117} INFO - [2023-06-11T00:42:56.352+0200] {dag.py:2573} INFO - Sync 2 DAGs
[2023-06-11T00:42:56.499+0200] {logging_mixin.py:117} INFO - [2023-06-11T00:42:56.499+0200] {dag.py:3324} INFO - Setting next_dagrun for example_external_task_marker_child to None, run_after=None
[2023-06-11T00:42:56.525+0200] {logging_mixin.py:117} INFO - [2023-06-11T00:42:56.524+0200] {dag.py:3324} INFO - Setting next_dagrun for example_external_task_marker_parent to None, run_after=None
[2023-06-11T00:42:56.610+0200] {processor.py:178} INFO - Processing /home/nanah/airflow_venv/lib/python3.10/site-packages/airflow/example_dags/example_external_task_marker_dag.py took 0.893 seconds
[2023-06-11T00:44:24.005+0200] {processor.py:156} INFO - Started process (PID=5817) to work on /home/nanah/airflow_venv/lib/python3.10/site-packages/airflow/example_dags/example_external_task_marker_dag.py
[2023-06-11T00:44:24.013+0200] {processor.py:758} INFO - Processing file /home/nanah/airflow_venv/lib/python3.10/site-packages/airflow/example_dags/example_external_task_marker_dag.py for tasks to queue
[2023-06-11T00:44:24.015+0200] {logging_mixin.py:117} INFO - [2023-06-11T00:44:24.015+0200] {dagbag.py:525} INFO - Filling up the DagBag from /home/nanah/airflow_venv/lib/python3.10/site-packages/airflow/example_dags/example_external_task_marker_dag.py
[2023-06-11T00:44:24.063+0200] {processor.py:768} INFO - DAG(s) dict_keys(['example_external_task_marker_parent', 'example_external_task_marker_child']) retrieved from /home/nanah/airflow_venv/lib/python3.10/site-packages/airflow/example_dags/example_external_task_marker_dag.py
[2023-06-11T00:44:24.259+0200] {logging_mixin.py:117} INFO - [2023-06-11T00:44:24.259+0200] {dag.py:2573} INFO - Sync 2 DAGs
[2023-06-11T00:44:24.406+0200] {logging_mixin.py:117} INFO - [2023-06-11T00:44:24.405+0200] {dag.py:3324} INFO - Setting next_dagrun for example_external_task_marker_child to None, run_after=None
[2023-06-11T00:44:24.437+0200] {logging_mixin.py:117} INFO - [2023-06-11T00:44:24.436+0200] {dag.py:3324} INFO - Setting next_dagrun for example_external_task_marker_parent to None, run_after=None
[2023-06-11T00:44:24.787+0200] {processor.py:178} INFO - Processing /home/nanah/airflow_venv/lib/python3.10/site-packages/airflow/example_dags/example_external_task_marker_dag.py took 0.789 seconds
[2023-06-11T00:45:15.914+0200] {processor.py:156} INFO - Started process (PID=5853) to work on /home/nanah/airflow_venv/lib/python3.10/site-packages/airflow/example_dags/example_external_task_marker_dag.py
[2023-06-11T00:45:15.919+0200] {processor.py:758} INFO - Processing file /home/nanah/airflow_venv/lib/python3.10/site-packages/airflow/example_dags/example_external_task_marker_dag.py for tasks to queue
[2023-06-11T00:45:15.923+0200] {logging_mixin.py:117} INFO - [2023-06-11T00:45:15.922+0200] {dagbag.py:525} INFO - Filling up the DagBag from /home/nanah/airflow_venv/lib/python3.10/site-packages/airflow/example_dags/example_external_task_marker_dag.py
[2023-06-11T00:45:15.968+0200] {processor.py:768} INFO - DAG(s) dict_keys(['example_external_task_marker_child', 'example_external_task_marker_parent']) retrieved from /home/nanah/airflow_venv/lib/python3.10/site-packages/airflow/example_dags/example_external_task_marker_dag.py
[2023-06-11T00:45:16.215+0200] {logging_mixin.py:117} INFO - [2023-06-11T00:45:16.215+0200] {dag.py:2573} INFO - Sync 2 DAGs
[2023-06-11T00:45:16.277+0200] {logging_mixin.py:117} INFO - [2023-06-11T00:45:16.277+0200] {dag.py:3324} INFO - Setting next_dagrun for example_external_task_marker_child to None, run_after=None
[2023-06-11T00:45:16.288+0200] {logging_mixin.py:117} INFO - [2023-06-11T00:45:16.287+0200] {dag.py:3324} INFO - Setting next_dagrun for example_external_task_marker_parent to None, run_after=None
[2023-06-11T00:45:16.372+0200] {processor.py:178} INFO - Processing /home/nanah/airflow_venv/lib/python3.10/site-packages/airflow/example_dags/example_external_task_marker_dag.py took 0.466 seconds
