[2023-06-11T00:12:27.264+0200] {processor.py:156} INFO - Started process (PID=4625) to work on /home/nanah/airflow_venv/lib/python3.10/site-packages/airflow/example_dags/example_branch_labels.py
[2023-06-11T00:12:27.271+0200] {processor.py:758} INFO - Processing file /home/nanah/airflow_venv/lib/python3.10/site-packages/airflow/example_dags/example_branch_labels.py for tasks to queue
[2023-06-11T00:12:27.273+0200] {logging_mixin.py:117} INFO - [2023-06-11T00:12:27.273+0200] {dagbag.py:525} INFO - Filling up the DagBag from /home/nanah/airflow_venv/lib/python3.10/site-packages/airflow/example_dags/example_branch_labels.py
[2023-06-11T00:12:27.362+0200] {processor.py:768} INFO - DAG(s) dict_keys(['example_branch_labels']) retrieved from /home/nanah/airflow_venv/lib/python3.10/site-packages/airflow/example_dags/example_branch_labels.py
[2023-06-11T00:12:27.678+0200] {logging_mixin.py:117} INFO - [2023-06-11T00:12:27.677+0200] {dag.py:2573} INFO - Sync 1 DAGs
[2023-06-11T00:12:27.855+0200] {logging_mixin.py:117} INFO - [2023-06-11T00:12:27.854+0200] {dag.py:3324} INFO - Setting next_dagrun for example_branch_labels to 2023-06-09T00:00:00+00:00, run_after=2023-06-10T00:00:00+00:00
[2023-06-11T00:12:27.908+0200] {processor.py:178} INFO - Processing /home/nanah/airflow_venv/lib/python3.10/site-packages/airflow/example_dags/example_branch_labels.py took 0.651 seconds
[2023-06-11T00:13:44.770+0200] {processor.py:156} INFO - Started process (PID=4664) to work on /home/nanah/airflow_venv/lib/python3.10/site-packages/airflow/example_dags/example_branch_labels.py
[2023-06-11T00:13:44.774+0200] {processor.py:758} INFO - Processing file /home/nanah/airflow_venv/lib/python3.10/site-packages/airflow/example_dags/example_branch_labels.py for tasks to queue
[2023-06-11T00:13:44.777+0200] {logging_mixin.py:117} INFO - [2023-06-11T00:13:44.777+0200] {dagbag.py:525} INFO - Filling up the DagBag from /home/nanah/airflow_venv/lib/python3.10/site-packages/airflow/example_dags/example_branch_labels.py
[2023-06-11T00:13:44.837+0200] {processor.py:768} INFO - DAG(s) dict_keys(['example_branch_labels']) retrieved from /home/nanah/airflow_venv/lib/python3.10/site-packages/airflow/example_dags/example_branch_labels.py
[2023-06-11T00:13:45.320+0200] {logging_mixin.py:117} INFO - [2023-06-11T00:13:45.319+0200] {dag.py:2573} INFO - Sync 1 DAGs
[2023-06-11T00:13:45.406+0200] {logging_mixin.py:117} INFO - [2023-06-11T00:13:45.405+0200] {dag.py:3324} INFO - Setting next_dagrun for example_branch_labels to 2023-06-09T00:00:00+00:00, run_after=2023-06-10T00:00:00+00:00
[2023-06-11T00:13:46.106+0200] {processor.py:178} INFO - Processing /home/nanah/airflow_venv/lib/python3.10/site-packages/airflow/example_dags/example_branch_labels.py took 1.352 seconds
[2023-06-11T00:14:53.732+0200] {processor.py:156} INFO - Started process (PID=4698) to work on /home/nanah/airflow_venv/lib/python3.10/site-packages/airflow/example_dags/example_branch_labels.py
[2023-06-11T00:14:53.740+0200] {processor.py:758} INFO - Processing file /home/nanah/airflow_venv/lib/python3.10/site-packages/airflow/example_dags/example_branch_labels.py for tasks to queue
[2023-06-11T00:14:53.749+0200] {logging_mixin.py:117} INFO - [2023-06-11T00:14:53.748+0200] {dagbag.py:525} INFO - Filling up the DagBag from /home/nanah/airflow_venv/lib/python3.10/site-packages/airflow/example_dags/example_branch_labels.py
[2023-06-11T00:14:53.863+0200] {processor.py:768} INFO - DAG(s) dict_keys(['example_branch_labels']) retrieved from /home/nanah/airflow_venv/lib/python3.10/site-packages/airflow/example_dags/example_branch_labels.py
[2023-06-11T00:14:53.988+0200] {logging_mixin.py:117} INFO - [2023-06-11T00:14:53.988+0200] {dag.py:2573} INFO - Sync 1 DAGs
[2023-06-11T00:14:54.047+0200] {logging_mixin.py:117} INFO - [2023-06-11T00:14:54.046+0200] {dag.py:3324} INFO - Setting next_dagrun for example_branch_labels to 2023-06-09T00:00:00+00:00, run_after=2023-06-10T00:00:00+00:00
[2023-06-11T00:14:54.162+0200] {processor.py:178} INFO - Processing /home/nanah/airflow_venv/lib/python3.10/site-packages/airflow/example_dags/example_branch_labels.py took 0.459 seconds
[2023-06-11T00:16:26.487+0200] {processor.py:156} INFO - Started process (PID=4747) to work on /home/nanah/airflow_venv/lib/python3.10/site-packages/airflow/example_dags/example_branch_labels.py
[2023-06-11T00:16:26.491+0200] {processor.py:758} INFO - Processing file /home/nanah/airflow_venv/lib/python3.10/site-packages/airflow/example_dags/example_branch_labels.py for tasks to queue
[2023-06-11T00:16:26.493+0200] {logging_mixin.py:117} INFO - [2023-06-11T00:16:26.492+0200] {dagbag.py:525} INFO - Filling up the DagBag from /home/nanah/airflow_venv/lib/python3.10/site-packages/airflow/example_dags/example_branch_labels.py
[2023-06-11T00:16:26.542+0200] {processor.py:768} INFO - DAG(s) dict_keys(['example_branch_labels']) retrieved from /home/nanah/airflow_venv/lib/python3.10/site-packages/airflow/example_dags/example_branch_labels.py
[2023-06-11T00:16:26.606+0200] {logging_mixin.py:117} INFO - [2023-06-11T00:16:26.605+0200] {dag.py:2573} INFO - Sync 1 DAGs
[2023-06-11T00:16:26.658+0200] {logging_mixin.py:117} INFO - [2023-06-11T00:16:26.658+0200] {dag.py:3324} INFO - Setting next_dagrun for example_branch_labels to 2023-06-09T00:00:00+00:00, run_after=2023-06-10T00:00:00+00:00
[2023-06-11T00:16:26.708+0200] {processor.py:178} INFO - Processing /home/nanah/airflow_venv/lib/python3.10/site-packages/airflow/example_dags/example_branch_labels.py took 0.236 seconds
[2023-06-11T00:17:19.016+0200] {processor.py:156} INFO - Started process (PID=4788) to work on /home/nanah/airflow_venv/lib/python3.10/site-packages/airflow/example_dags/example_branch_labels.py
[2023-06-11T00:17:19.025+0200] {processor.py:758} INFO - Processing file /home/nanah/airflow_venv/lib/python3.10/site-packages/airflow/example_dags/example_branch_labels.py for tasks to queue
[2023-06-11T00:17:19.026+0200] {logging_mixin.py:117} INFO - [2023-06-11T00:17:19.026+0200] {dagbag.py:525} INFO - Filling up the DagBag from /home/nanah/airflow_venv/lib/python3.10/site-packages/airflow/example_dags/example_branch_labels.py
[2023-06-11T00:17:19.073+0200] {processor.py:768} INFO - DAG(s) dict_keys(['example_branch_labels']) retrieved from /home/nanah/airflow_venv/lib/python3.10/site-packages/airflow/example_dags/example_branch_labels.py
[2023-06-11T00:17:19.146+0200] {logging_mixin.py:117} INFO - [2023-06-11T00:17:19.145+0200] {dag.py:2573} INFO - Sync 1 DAGs
[2023-06-11T00:17:19.200+0200] {logging_mixin.py:117} INFO - [2023-06-11T00:17:19.199+0200] {dag.py:3324} INFO - Setting next_dagrun for example_branch_labels to 2023-06-09T00:00:00+00:00, run_after=2023-06-10T00:00:00+00:00
[2023-06-11T00:17:19.259+0200] {processor.py:178} INFO - Processing /home/nanah/airflow_venv/lib/python3.10/site-packages/airflow/example_dags/example_branch_labels.py took 0.255 seconds
[2023-06-11T00:18:09.225+0200] {processor.py:156} INFO - Started process (PID=4823) to work on /home/nanah/airflow_venv/lib/python3.10/site-packages/airflow/example_dags/example_branch_labels.py
[2023-06-11T00:18:09.365+0200] {processor.py:758} INFO - Processing file /home/nanah/airflow_venv/lib/python3.10/site-packages/airflow/example_dags/example_branch_labels.py for tasks to queue
[2023-06-11T00:18:09.366+0200] {logging_mixin.py:117} INFO - [2023-06-11T00:18:09.366+0200] {dagbag.py:525} INFO - Filling up the DagBag from /home/nanah/airflow_venv/lib/python3.10/site-packages/airflow/example_dags/example_branch_labels.py
[2023-06-11T00:18:09.415+0200] {processor.py:768} INFO - DAG(s) dict_keys(['example_branch_labels']) retrieved from /home/nanah/airflow_venv/lib/python3.10/site-packages/airflow/example_dags/example_branch_labels.py
[2023-06-11T00:18:09.555+0200] {logging_mixin.py:117} INFO - [2023-06-11T00:18:09.555+0200] {dag.py:2573} INFO - Sync 1 DAGs
[2023-06-11T00:18:09.609+0200] {logging_mixin.py:117} INFO - [2023-06-11T00:18:09.608+0200] {dag.py:3324} INFO - Setting next_dagrun for example_branch_labels to 2023-06-09T00:00:00+00:00, run_after=2023-06-10T00:00:00+00:00
[2023-06-11T00:18:09.674+0200] {processor.py:178} INFO - Processing /home/nanah/airflow_venv/lib/python3.10/site-packages/airflow/example_dags/example_branch_labels.py took 0.457 seconds
[2023-06-11T00:18:52.788+0200] {processor.py:156} INFO - Started process (PID=4858) to work on /home/nanah/airflow_venv/lib/python3.10/site-packages/airflow/example_dags/example_branch_labels.py
[2023-06-11T00:18:52.794+0200] {processor.py:758} INFO - Processing file /home/nanah/airflow_venv/lib/python3.10/site-packages/airflow/example_dags/example_branch_labels.py for tasks to queue
[2023-06-11T00:18:52.795+0200] {logging_mixin.py:117} INFO - [2023-06-11T00:18:52.795+0200] {dagbag.py:525} INFO - Filling up the DagBag from /home/nanah/airflow_venv/lib/python3.10/site-packages/airflow/example_dags/example_branch_labels.py
[2023-06-11T00:18:52.831+0200] {processor.py:768} INFO - DAG(s) dict_keys(['example_branch_labels']) retrieved from /home/nanah/airflow_venv/lib/python3.10/site-packages/airflow/example_dags/example_branch_labels.py
[2023-06-11T00:18:52.888+0200] {logging_mixin.py:117} INFO - [2023-06-11T00:18:52.888+0200] {dag.py:2573} INFO - Sync 1 DAGs
[2023-06-11T00:18:52.936+0200] {logging_mixin.py:117} INFO - [2023-06-11T00:18:52.935+0200] {dag.py:3324} INFO - Setting next_dagrun for example_branch_labels to 2023-06-09T00:00:00+00:00, run_after=2023-06-10T00:00:00+00:00
[2023-06-11T00:18:52.996+0200] {processor.py:178} INFO - Processing /home/nanah/airflow_venv/lib/python3.10/site-packages/airflow/example_dags/example_branch_labels.py took 0.214 seconds
[2023-06-11T00:20:16.520+0200] {processor.py:156} INFO - Started process (PID=4903) to work on /home/nanah/airflow_venv/lib/python3.10/site-packages/airflow/example_dags/example_branch_labels.py
[2023-06-11T00:20:16.523+0200] {processor.py:758} INFO - Processing file /home/nanah/airflow_venv/lib/python3.10/site-packages/airflow/example_dags/example_branch_labels.py for tasks to queue
[2023-06-11T00:20:16.535+0200] {logging_mixin.py:117} INFO - [2023-06-11T00:20:16.534+0200] {dagbag.py:525} INFO - Filling up the DagBag from /home/nanah/airflow_venv/lib/python3.10/site-packages/airflow/example_dags/example_branch_labels.py
[2023-06-11T00:20:16.648+0200] {processor.py:768} INFO - DAG(s) dict_keys(['example_branch_labels']) retrieved from /home/nanah/airflow_venv/lib/python3.10/site-packages/airflow/example_dags/example_branch_labels.py
[2023-06-11T00:20:16.856+0200] {logging_mixin.py:117} INFO - [2023-06-11T00:20:16.856+0200] {dag.py:2573} INFO - Sync 1 DAGs
[2023-06-11T00:20:17.046+0200] {logging_mixin.py:117} INFO - [2023-06-11T00:20:17.045+0200] {dag.py:3324} INFO - Setting next_dagrun for example_branch_labels to 2023-06-09T00:00:00+00:00, run_after=2023-06-10T00:00:00+00:00
[2023-06-11T00:20:17.229+0200] {processor.py:178} INFO - Processing /home/nanah/airflow_venv/lib/python3.10/site-packages/airflow/example_dags/example_branch_labels.py took 0.727 seconds
[2023-06-11T00:21:15.996+0200] {processor.py:156} INFO - Started process (PID=4937) to work on /home/nanah/airflow_venv/lib/python3.10/site-packages/airflow/example_dags/example_branch_labels.py
[2023-06-11T00:21:16.001+0200] {processor.py:758} INFO - Processing file /home/nanah/airflow_venv/lib/python3.10/site-packages/airflow/example_dags/example_branch_labels.py for tasks to queue
[2023-06-11T00:21:16.010+0200] {logging_mixin.py:117} INFO - [2023-06-11T00:21:16.009+0200] {dagbag.py:525} INFO - Filling up the DagBag from /home/nanah/airflow_venv/lib/python3.10/site-packages/airflow/example_dags/example_branch_labels.py
[2023-06-11T00:21:16.185+0200] {processor.py:768} INFO - DAG(s) dict_keys(['example_branch_labels']) retrieved from /home/nanah/airflow_venv/lib/python3.10/site-packages/airflow/example_dags/example_branch_labels.py
[2023-06-11T00:21:16.453+0200] {logging_mixin.py:117} INFO - [2023-06-11T00:21:16.443+0200] {dag.py:2573} INFO - Sync 1 DAGs
[2023-06-11T00:21:16.644+0200] {logging_mixin.py:117} INFO - [2023-06-11T00:21:16.644+0200] {dag.py:3324} INFO - Setting next_dagrun for example_branch_labels to 2023-06-09T00:00:00+00:00, run_after=2023-06-10T00:00:00+00:00
[2023-06-11T00:21:16.902+0200] {processor.py:178} INFO - Processing /home/nanah/airflow_venv/lib/python3.10/site-packages/airflow/example_dags/example_branch_labels.py took 0.923 seconds
[2023-06-11T00:22:25.860+0200] {processor.py:156} INFO - Started process (PID=4974) to work on /home/nanah/airflow_venv/lib/python3.10/site-packages/airflow/example_dags/example_branch_labels.py
[2023-06-11T00:22:25.877+0200] {processor.py:758} INFO - Processing file /home/nanah/airflow_venv/lib/python3.10/site-packages/airflow/example_dags/example_branch_labels.py for tasks to queue
[2023-06-11T00:22:25.879+0200] {logging_mixin.py:117} INFO - [2023-06-11T00:22:25.878+0200] {dagbag.py:525} INFO - Filling up the DagBag from /home/nanah/airflow_venv/lib/python3.10/site-packages/airflow/example_dags/example_branch_labels.py
[2023-06-11T00:22:25.946+0200] {processor.py:768} INFO - DAG(s) dict_keys(['example_branch_labels']) retrieved from /home/nanah/airflow_venv/lib/python3.10/site-packages/airflow/example_dags/example_branch_labels.py
[2023-06-11T00:22:26.079+0200] {logging_mixin.py:117} INFO - [2023-06-11T00:22:26.077+0200] {dag.py:2573} INFO - Sync 1 DAGs
[2023-06-11T00:22:26.169+0200] {logging_mixin.py:117} INFO - [2023-06-11T00:22:26.169+0200] {dag.py:3324} INFO - Setting next_dagrun for example_branch_labels to 2023-06-09T00:00:00+00:00, run_after=2023-06-10T00:00:00+00:00
[2023-06-11T00:22:26.229+0200] {processor.py:178} INFO - Processing /home/nanah/airflow_venv/lib/python3.10/site-packages/airflow/example_dags/example_branch_labels.py took 0.384 seconds
[2023-06-11T00:23:19.329+0200] {processor.py:156} INFO - Started process (PID=5008) to work on /home/nanah/airflow_venv/lib/python3.10/site-packages/airflow/example_dags/example_branch_labels.py
[2023-06-11T00:23:19.337+0200] {processor.py:758} INFO - Processing file /home/nanah/airflow_venv/lib/python3.10/site-packages/airflow/example_dags/example_branch_labels.py for tasks to queue
[2023-06-11T00:23:19.339+0200] {logging_mixin.py:117} INFO - [2023-06-11T00:23:19.339+0200] {dagbag.py:525} INFO - Filling up the DagBag from /home/nanah/airflow_venv/lib/python3.10/site-packages/airflow/example_dags/example_branch_labels.py
[2023-06-11T00:23:19.389+0200] {processor.py:768} INFO - DAG(s) dict_keys(['example_branch_labels']) retrieved from /home/nanah/airflow_venv/lib/python3.10/site-packages/airflow/example_dags/example_branch_labels.py
[2023-06-11T00:23:19.540+0200] {logging_mixin.py:117} INFO - [2023-06-11T00:23:19.537+0200] {dag.py:2573} INFO - Sync 1 DAGs
[2023-06-11T00:23:19.635+0200] {logging_mixin.py:117} INFO - [2023-06-11T00:23:19.634+0200] {dag.py:3324} INFO - Setting next_dagrun for example_branch_labels to 2023-06-09T00:00:00+00:00, run_after=2023-06-10T00:00:00+00:00
[2023-06-11T00:23:19.740+0200] {processor.py:178} INFO - Processing /home/nanah/airflow_venv/lib/python3.10/site-packages/airflow/example_dags/example_branch_labels.py took 0.417 seconds
[2023-06-11T00:24:31.355+0200] {processor.py:156} INFO - Started process (PID=5044) to work on /home/nanah/airflow_venv/lib/python3.10/site-packages/airflow/example_dags/example_branch_labels.py
[2023-06-11T00:24:31.360+0200] {processor.py:758} INFO - Processing file /home/nanah/airflow_venv/lib/python3.10/site-packages/airflow/example_dags/example_branch_labels.py for tasks to queue
[2023-06-11T00:24:31.364+0200] {logging_mixin.py:117} INFO - [2023-06-11T00:24:31.363+0200] {dagbag.py:525} INFO - Filling up the DagBag from /home/nanah/airflow_venv/lib/python3.10/site-packages/airflow/example_dags/example_branch_labels.py
[2023-06-11T00:24:31.435+0200] {processor.py:768} INFO - DAG(s) dict_keys(['example_branch_labels']) retrieved from /home/nanah/airflow_venv/lib/python3.10/site-packages/airflow/example_dags/example_branch_labels.py
[2023-06-11T00:24:31.534+0200] {logging_mixin.py:117} INFO - [2023-06-11T00:24:31.534+0200] {dag.py:2573} INFO - Sync 1 DAGs
[2023-06-11T00:24:31.636+0200] {logging_mixin.py:117} INFO - [2023-06-11T00:24:31.636+0200] {dag.py:3324} INFO - Setting next_dagrun for example_branch_labels to 2023-06-09T00:00:00+00:00, run_after=2023-06-10T00:00:00+00:00
[2023-06-11T00:24:31.917+0200] {processor.py:178} INFO - Processing /home/nanah/airflow_venv/lib/python3.10/site-packages/airflow/example_dags/example_branch_labels.py took 0.570 seconds
[2023-06-11T00:26:15.921+0200] {processor.py:156} INFO - Started process (PID=5079) to work on /home/nanah/airflow_venv/lib/python3.10/site-packages/airflow/example_dags/example_branch_labels.py
[2023-06-11T00:26:15.948+0200] {processor.py:758} INFO - Processing file /home/nanah/airflow_venv/lib/python3.10/site-packages/airflow/example_dags/example_branch_labels.py for tasks to queue
[2023-06-11T00:26:15.964+0200] {logging_mixin.py:117} INFO - [2023-06-11T00:26:15.953+0200] {dagbag.py:525} INFO - Filling up the DagBag from /home/nanah/airflow_venv/lib/python3.10/site-packages/airflow/example_dags/example_branch_labels.py
[2023-06-11T00:26:16.318+0200] {processor.py:768} INFO - DAG(s) dict_keys(['example_branch_labels']) retrieved from /home/nanah/airflow_venv/lib/python3.10/site-packages/airflow/example_dags/example_branch_labels.py
[2023-06-11T00:26:16.654+0200] {logging_mixin.py:117} INFO - [2023-06-11T00:26:16.643+0200] {dag.py:2573} INFO - Sync 1 DAGs
[2023-06-11T00:26:16.871+0200] {logging_mixin.py:117} INFO - [2023-06-11T00:26:16.870+0200] {dag.py:3324} INFO - Setting next_dagrun for example_branch_labels to 2023-06-09T00:00:00+00:00, run_after=2023-06-10T00:00:00+00:00
[2023-06-11T00:26:18.033+0200] {processor.py:178} INFO - Processing /home/nanah/airflow_venv/lib/python3.10/site-packages/airflow/example_dags/example_branch_labels.py took 2.180 seconds
[2023-06-11T00:27:16.346+0200] {processor.py:156} INFO - Started process (PID=5116) to work on /home/nanah/airflow_venv/lib/python3.10/site-packages/airflow/example_dags/example_branch_labels.py
[2023-06-11T00:27:16.354+0200] {processor.py:758} INFO - Processing file /home/nanah/airflow_venv/lib/python3.10/site-packages/airflow/example_dags/example_branch_labels.py for tasks to queue
[2023-06-11T00:27:16.356+0200] {logging_mixin.py:117} INFO - [2023-06-11T00:27:16.355+0200] {dagbag.py:525} INFO - Filling up the DagBag from /home/nanah/airflow_venv/lib/python3.10/site-packages/airflow/example_dags/example_branch_labels.py
[2023-06-11T00:27:16.402+0200] {processor.py:768} INFO - DAG(s) dict_keys(['example_branch_labels']) retrieved from /home/nanah/airflow_venv/lib/python3.10/site-packages/airflow/example_dags/example_branch_labels.py
[2023-06-11T00:27:16.491+0200] {logging_mixin.py:117} INFO - [2023-06-11T00:27:16.490+0200] {dag.py:2573} INFO - Sync 1 DAGs
[2023-06-11T00:27:16.550+0200] {logging_mixin.py:117} INFO - [2023-06-11T00:27:16.550+0200] {dag.py:3324} INFO - Setting next_dagrun for example_branch_labels to 2023-06-09T00:00:00+00:00, run_after=2023-06-10T00:00:00+00:00
[2023-06-11T00:27:16.899+0200] {processor.py:178} INFO - Processing /home/nanah/airflow_venv/lib/python3.10/site-packages/airflow/example_dags/example_branch_labels.py took 0.560 seconds
[2023-06-11T00:28:19.496+0200] {processor.py:156} INFO - Started process (PID=5153) to work on /home/nanah/airflow_venv/lib/python3.10/site-packages/airflow/example_dags/example_branch_labels.py
[2023-06-11T00:28:19.501+0200] {processor.py:758} INFO - Processing file /home/nanah/airflow_venv/lib/python3.10/site-packages/airflow/example_dags/example_branch_labels.py for tasks to queue
[2023-06-11T00:28:19.503+0200] {logging_mixin.py:117} INFO - [2023-06-11T00:28:19.502+0200] {dagbag.py:525} INFO - Filling up the DagBag from /home/nanah/airflow_venv/lib/python3.10/site-packages/airflow/example_dags/example_branch_labels.py
[2023-06-11T00:28:19.585+0200] {processor.py:768} INFO - DAG(s) dict_keys(['example_branch_labels']) retrieved from /home/nanah/airflow_venv/lib/python3.10/site-packages/airflow/example_dags/example_branch_labels.py
[2023-06-11T00:28:19.727+0200] {logging_mixin.py:117} INFO - [2023-06-11T00:28:19.727+0200] {dag.py:2573} INFO - Sync 1 DAGs
[2023-06-11T00:28:20.277+0200] {logging_mixin.py:117} INFO - [2023-06-11T00:28:20.276+0200] {dag.py:3324} INFO - Setting next_dagrun for example_branch_labels to 2023-06-09T00:00:00+00:00, run_after=2023-06-10T00:00:00+00:00
[2023-06-11T00:28:20.378+0200] {processor.py:178} INFO - Processing /home/nanah/airflow_venv/lib/python3.10/site-packages/airflow/example_dags/example_branch_labels.py took 0.901 seconds
[2023-06-11T00:29:13.658+0200] {processor.py:156} INFO - Started process (PID=5187) to work on /home/nanah/airflow_venv/lib/python3.10/site-packages/airflow/example_dags/example_branch_labels.py
[2023-06-11T00:29:13.666+0200] {processor.py:758} INFO - Processing file /home/nanah/airflow_venv/lib/python3.10/site-packages/airflow/example_dags/example_branch_labels.py for tasks to queue
[2023-06-11T00:29:13.670+0200] {logging_mixin.py:117} INFO - [2023-06-11T00:29:13.670+0200] {dagbag.py:525} INFO - Filling up the DagBag from /home/nanah/airflow_venv/lib/python3.10/site-packages/airflow/example_dags/example_branch_labels.py
[2023-06-11T00:29:13.743+0200] {processor.py:768} INFO - DAG(s) dict_keys(['example_branch_labels']) retrieved from /home/nanah/airflow_venv/lib/python3.10/site-packages/airflow/example_dags/example_branch_labels.py
[2023-06-11T00:29:13.866+0200] {logging_mixin.py:117} INFO - [2023-06-11T00:29:13.866+0200] {dag.py:2573} INFO - Sync 1 DAGs
[2023-06-11T00:29:14.373+0200] {logging_mixin.py:117} INFO - [2023-06-11T00:29:14.372+0200] {dag.py:3324} INFO - Setting next_dagrun for example_branch_labels to 2023-06-09T00:00:00+00:00, run_after=2023-06-10T00:00:00+00:00
[2023-06-11T00:29:14.438+0200] {processor.py:178} INFO - Processing /home/nanah/airflow_venv/lib/python3.10/site-packages/airflow/example_dags/example_branch_labels.py took 0.789 seconds
[2023-06-11T00:30:14.348+0200] {processor.py:156} INFO - Started process (PID=5221) to work on /home/nanah/airflow_venv/lib/python3.10/site-packages/airflow/example_dags/example_branch_labels.py
[2023-06-11T00:30:14.354+0200] {processor.py:758} INFO - Processing file /home/nanah/airflow_venv/lib/python3.10/site-packages/airflow/example_dags/example_branch_labels.py for tasks to queue
[2023-06-11T00:30:14.355+0200] {logging_mixin.py:117} INFO - [2023-06-11T00:30:14.355+0200] {dagbag.py:525} INFO - Filling up the DagBag from /home/nanah/airflow_venv/lib/python3.10/site-packages/airflow/example_dags/example_branch_labels.py
[2023-06-11T00:30:14.466+0200] {processor.py:768} INFO - DAG(s) dict_keys(['example_branch_labels']) retrieved from /home/nanah/airflow_venv/lib/python3.10/site-packages/airflow/example_dags/example_branch_labels.py
[2023-06-11T00:30:14.629+0200] {logging_mixin.py:117} INFO - [2023-06-11T00:30:14.628+0200] {dag.py:2573} INFO - Sync 1 DAGs
[2023-06-11T00:30:15.290+0200] {logging_mixin.py:117} INFO - [2023-06-11T00:30:15.289+0200] {dag.py:3324} INFO - Setting next_dagrun for example_branch_labels to 2023-06-09T00:00:00+00:00, run_after=2023-06-10T00:00:00+00:00
[2023-06-11T00:30:15.392+0200] {processor.py:178} INFO - Processing /home/nanah/airflow_venv/lib/python3.10/site-packages/airflow/example_dags/example_branch_labels.py took 1.062 seconds
[2023-06-11T00:31:22.455+0200] {processor.py:156} INFO - Started process (PID=5258) to work on /home/nanah/airflow_venv/lib/python3.10/site-packages/airflow/example_dags/example_branch_labels.py
[2023-06-11T00:31:22.459+0200] {processor.py:758} INFO - Processing file /home/nanah/airflow_venv/lib/python3.10/site-packages/airflow/example_dags/example_branch_labels.py for tasks to queue
[2023-06-11T00:31:22.460+0200] {logging_mixin.py:117} INFO - [2023-06-11T00:31:22.460+0200] {dagbag.py:525} INFO - Filling up the DagBag from /home/nanah/airflow_venv/lib/python3.10/site-packages/airflow/example_dags/example_branch_labels.py
[2023-06-11T00:31:22.511+0200] {processor.py:768} INFO - DAG(s) dict_keys(['example_branch_labels']) retrieved from /home/nanah/airflow_venv/lib/python3.10/site-packages/airflow/example_dags/example_branch_labels.py
[2023-06-11T00:31:23.062+0200] {logging_mixin.py:117} INFO - [2023-06-11T00:31:23.061+0200] {dag.py:2573} INFO - Sync 1 DAGs
[2023-06-11T00:31:23.145+0200] {logging_mixin.py:117} INFO - [2023-06-11T00:31:23.144+0200] {dag.py:3324} INFO - Setting next_dagrun for example_branch_labels to 2023-06-09T00:00:00+00:00, run_after=2023-06-10T00:00:00+00:00
[2023-06-11T00:31:23.212+0200] {processor.py:178} INFO - Processing /home/nanah/airflow_venv/lib/python3.10/site-packages/airflow/example_dags/example_branch_labels.py took 0.764 seconds
[2023-06-11T00:32:16.723+0200] {processor.py:156} INFO - Started process (PID=5293) to work on /home/nanah/airflow_venv/lib/python3.10/site-packages/airflow/example_dags/example_branch_labels.py
[2023-06-11T00:32:16.729+0200] {processor.py:758} INFO - Processing file /home/nanah/airflow_venv/lib/python3.10/site-packages/airflow/example_dags/example_branch_labels.py for tasks to queue
[2023-06-11T00:32:16.731+0200] {logging_mixin.py:117} INFO - [2023-06-11T00:32:16.730+0200] {dagbag.py:525} INFO - Filling up the DagBag from /home/nanah/airflow_venv/lib/python3.10/site-packages/airflow/example_dags/example_branch_labels.py
[2023-06-11T00:32:16.772+0200] {processor.py:768} INFO - DAG(s) dict_keys(['example_branch_labels']) retrieved from /home/nanah/airflow_venv/lib/python3.10/site-packages/airflow/example_dags/example_branch_labels.py
[2023-06-11T00:32:17.127+0200] {logging_mixin.py:117} INFO - [2023-06-11T00:32:17.127+0200] {dag.py:2573} INFO - Sync 1 DAGs
[2023-06-11T00:32:17.175+0200] {logging_mixin.py:117} INFO - [2023-06-11T00:32:17.175+0200] {dag.py:3324} INFO - Setting next_dagrun for example_branch_labels to 2023-06-09T00:00:00+00:00, run_after=2023-06-10T00:00:00+00:00
[2023-06-11T00:32:17.231+0200] {processor.py:178} INFO - Processing /home/nanah/airflow_venv/lib/python3.10/site-packages/airflow/example_dags/example_branch_labels.py took 0.516 seconds
[2023-06-11T00:33:13.133+0200] {processor.py:156} INFO - Started process (PID=5329) to work on /home/nanah/airflow_venv/lib/python3.10/site-packages/airflow/example_dags/example_branch_labels.py
[2023-06-11T00:33:13.137+0200] {processor.py:758} INFO - Processing file /home/nanah/airflow_venv/lib/python3.10/site-packages/airflow/example_dags/example_branch_labels.py for tasks to queue
[2023-06-11T00:33:13.140+0200] {logging_mixin.py:117} INFO - [2023-06-11T00:33:13.140+0200] {dagbag.py:525} INFO - Filling up the DagBag from /home/nanah/airflow_venv/lib/python3.10/site-packages/airflow/example_dags/example_branch_labels.py
[2023-06-11T00:33:13.535+0200] {processor.py:768} INFO - DAG(s) dict_keys(['example_branch_labels']) retrieved from /home/nanah/airflow_venv/lib/python3.10/site-packages/airflow/example_dags/example_branch_labels.py
[2023-06-11T00:33:13.595+0200] {logging_mixin.py:117} INFO - [2023-06-11T00:33:13.595+0200] {dag.py:2573} INFO - Sync 1 DAGs
[2023-06-11T00:33:13.646+0200] {logging_mixin.py:117} INFO - [2023-06-11T00:33:13.646+0200] {dag.py:3324} INFO - Setting next_dagrun for example_branch_labels to 2023-06-09T00:00:00+00:00, run_after=2023-06-10T00:00:00+00:00
[2023-06-11T00:33:13.700+0200] {processor.py:178} INFO - Processing /home/nanah/airflow_venv/lib/python3.10/site-packages/airflow/example_dags/example_branch_labels.py took 0.574 seconds
[2023-06-11T00:34:13.300+0200] {processor.py:156} INFO - Started process (PID=5364) to work on /home/nanah/airflow_venv/lib/python3.10/site-packages/airflow/example_dags/example_branch_labels.py
[2023-06-11T00:34:13.304+0200] {processor.py:758} INFO - Processing file /home/nanah/airflow_venv/lib/python3.10/site-packages/airflow/example_dags/example_branch_labels.py for tasks to queue
[2023-06-11T00:34:13.306+0200] {logging_mixin.py:117} INFO - [2023-06-11T00:34:13.305+0200] {dagbag.py:525} INFO - Filling up the DagBag from /home/nanah/airflow_venv/lib/python3.10/site-packages/airflow/example_dags/example_branch_labels.py
[2023-06-11T00:34:13.357+0200] {processor.py:768} INFO - DAG(s) dict_keys(['example_branch_labels']) retrieved from /home/nanah/airflow_venv/lib/python3.10/site-packages/airflow/example_dags/example_branch_labels.py
[2023-06-11T00:34:13.454+0200] {logging_mixin.py:117} INFO - [2023-06-11T00:34:13.453+0200] {dag.py:2573} INFO - Sync 1 DAGs
[2023-06-11T00:34:13.523+0200] {logging_mixin.py:117} INFO - [2023-06-11T00:34:13.523+0200] {dag.py:3324} INFO - Setting next_dagrun for example_branch_labels to 2023-06-09T00:00:00+00:00, run_after=2023-06-10T00:00:00+00:00
[2023-06-11T00:34:13.614+0200] {processor.py:178} INFO - Processing /home/nanah/airflow_venv/lib/python3.10/site-packages/airflow/example_dags/example_branch_labels.py took 0.710 seconds
[2023-06-11T00:35:18.838+0200] {processor.py:156} INFO - Started process (PID=5404) to work on /home/nanah/airflow_venv/lib/python3.10/site-packages/airflow/example_dags/example_branch_labels.py
[2023-06-11T00:35:18.841+0200] {processor.py:758} INFO - Processing file /home/nanah/airflow_venv/lib/python3.10/site-packages/airflow/example_dags/example_branch_labels.py for tasks to queue
[2023-06-11T00:35:18.843+0200] {logging_mixin.py:117} INFO - [2023-06-11T00:35:18.842+0200] {dagbag.py:525} INFO - Filling up the DagBag from /home/nanah/airflow_venv/lib/python3.10/site-packages/airflow/example_dags/example_branch_labels.py
[2023-06-11T00:35:18.885+0200] {processor.py:768} INFO - DAG(s) dict_keys(['example_branch_labels']) retrieved from /home/nanah/airflow_venv/lib/python3.10/site-packages/airflow/example_dags/example_branch_labels.py
[2023-06-11T00:35:18.943+0200] {logging_mixin.py:117} INFO - [2023-06-11T00:35:18.943+0200] {dag.py:2573} INFO - Sync 1 DAGs
[2023-06-11T00:35:18.991+0200] {logging_mixin.py:117} INFO - [2023-06-11T00:35:18.991+0200] {dag.py:3324} INFO - Setting next_dagrun for example_branch_labels to 2023-06-09T00:00:00+00:00, run_after=2023-06-10T00:00:00+00:00
[2023-06-11T00:35:19.045+0200] {processor.py:178} INFO - Processing /home/nanah/airflow_venv/lib/python3.10/site-packages/airflow/example_dags/example_branch_labels.py took 0.214 seconds
[2023-06-11T00:36:03.712+0200] {processor.py:156} INFO - Started process (PID=5438) to work on /home/nanah/airflow_venv/lib/python3.10/site-packages/airflow/example_dags/example_branch_labels.py
[2023-06-11T00:36:03.718+0200] {processor.py:758} INFO - Processing file /home/nanah/airflow_venv/lib/python3.10/site-packages/airflow/example_dags/example_branch_labels.py for tasks to queue
[2023-06-11T00:36:03.719+0200] {logging_mixin.py:117} INFO - [2023-06-11T00:36:03.719+0200] {dagbag.py:525} INFO - Filling up the DagBag from /home/nanah/airflow_venv/lib/python3.10/site-packages/airflow/example_dags/example_branch_labels.py
[2023-06-11T00:36:03.752+0200] {processor.py:768} INFO - DAG(s) dict_keys(['example_branch_labels']) retrieved from /home/nanah/airflow_venv/lib/python3.10/site-packages/airflow/example_dags/example_branch_labels.py
[2023-06-11T00:36:03.808+0200] {logging_mixin.py:117} INFO - [2023-06-11T00:36:03.807+0200] {dag.py:2573} INFO - Sync 1 DAGs
[2023-06-11T00:36:03.851+0200] {logging_mixin.py:117} INFO - [2023-06-11T00:36:03.851+0200] {dag.py:3324} INFO - Setting next_dagrun for example_branch_labels to 2023-06-09T00:00:00+00:00, run_after=2023-06-10T00:00:00+00:00
[2023-06-11T00:36:03.898+0200] {processor.py:178} INFO - Processing /home/nanah/airflow_venv/lib/python3.10/site-packages/airflow/example_dags/example_branch_labels.py took 0.192 seconds
[2023-06-11T00:36:46.483+0200] {processor.py:156} INFO - Started process (PID=5471) to work on /home/nanah/airflow_venv/lib/python3.10/site-packages/airflow/example_dags/example_branch_labels.py
[2023-06-11T00:36:46.489+0200] {processor.py:758} INFO - Processing file /home/nanah/airflow_venv/lib/python3.10/site-packages/airflow/example_dags/example_branch_labels.py for tasks to queue
[2023-06-11T00:36:46.490+0200] {logging_mixin.py:117} INFO - [2023-06-11T00:36:46.490+0200] {dagbag.py:525} INFO - Filling up the DagBag from /home/nanah/airflow_venv/lib/python3.10/site-packages/airflow/example_dags/example_branch_labels.py
[2023-06-11T00:36:46.525+0200] {processor.py:768} INFO - DAG(s) dict_keys(['example_branch_labels']) retrieved from /home/nanah/airflow_venv/lib/python3.10/site-packages/airflow/example_dags/example_branch_labels.py
[2023-06-11T00:36:46.579+0200] {logging_mixin.py:117} INFO - [2023-06-11T00:36:46.579+0200] {dag.py:2573} INFO - Sync 1 DAGs
[2023-06-11T00:36:46.622+0200] {logging_mixin.py:117} INFO - [2023-06-11T00:36:46.622+0200] {dag.py:3324} INFO - Setting next_dagrun for example_branch_labels to 2023-06-09T00:00:00+00:00, run_after=2023-06-10T00:00:00+00:00
[2023-06-11T00:36:46.676+0200] {processor.py:178} INFO - Processing /home/nanah/airflow_venv/lib/python3.10/site-packages/airflow/example_dags/example_branch_labels.py took 0.198 seconds
[2023-06-11T00:37:33.614+0200] {processor.py:156} INFO - Started process (PID=5505) to work on /home/nanah/airflow_venv/lib/python3.10/site-packages/airflow/example_dags/example_branch_labels.py
[2023-06-11T00:37:33.617+0200] {processor.py:758} INFO - Processing file /home/nanah/airflow_venv/lib/python3.10/site-packages/airflow/example_dags/example_branch_labels.py for tasks to queue
[2023-06-11T00:37:33.619+0200] {logging_mixin.py:117} INFO - [2023-06-11T00:37:33.619+0200] {dagbag.py:525} INFO - Filling up the DagBag from /home/nanah/airflow_venv/lib/python3.10/site-packages/airflow/example_dags/example_branch_labels.py
[2023-06-11T00:37:33.668+0200] {processor.py:768} INFO - DAG(s) dict_keys(['example_branch_labels']) retrieved from /home/nanah/airflow_venv/lib/python3.10/site-packages/airflow/example_dags/example_branch_labels.py
[2023-06-11T00:37:33.743+0200] {logging_mixin.py:117} INFO - [2023-06-11T00:37:33.743+0200] {dag.py:2573} INFO - Sync 1 DAGs
[2023-06-11T00:37:33.801+0200] {logging_mixin.py:117} INFO - [2023-06-11T00:37:33.800+0200] {dag.py:3324} INFO - Setting next_dagrun for example_branch_labels to 2023-06-09T00:00:00+00:00, run_after=2023-06-10T00:00:00+00:00
[2023-06-11T00:37:33.849+0200] {processor.py:178} INFO - Processing /home/nanah/airflow_venv/lib/python3.10/site-packages/airflow/example_dags/example_branch_labels.py took 0.247 seconds
[2023-06-11T00:38:25.246+0200] {processor.py:156} INFO - Started process (PID=5539) to work on /home/nanah/airflow_venv/lib/python3.10/site-packages/airflow/example_dags/example_branch_labels.py
[2023-06-11T00:38:25.251+0200] {processor.py:758} INFO - Processing file /home/nanah/airflow_venv/lib/python3.10/site-packages/airflow/example_dags/example_branch_labels.py for tasks to queue
[2023-06-11T00:38:25.253+0200] {logging_mixin.py:117} INFO - [2023-06-11T00:38:25.252+0200] {dagbag.py:525} INFO - Filling up the DagBag from /home/nanah/airflow_venv/lib/python3.10/site-packages/airflow/example_dags/example_branch_labels.py
[2023-06-11T00:38:25.299+0200] {processor.py:768} INFO - DAG(s) dict_keys(['example_branch_labels']) retrieved from /home/nanah/airflow_venv/lib/python3.10/site-packages/airflow/example_dags/example_branch_labels.py
[2023-06-11T00:38:25.364+0200] {logging_mixin.py:117} INFO - [2023-06-11T00:38:25.363+0200] {dag.py:2573} INFO - Sync 1 DAGs
[2023-06-11T00:38:25.414+0200] {logging_mixin.py:117} INFO - [2023-06-11T00:38:25.413+0200] {dag.py:3324} INFO - Setting next_dagrun for example_branch_labels to 2023-06-09T00:00:00+00:00, run_after=2023-06-10T00:00:00+00:00
[2023-06-11T00:38:25.465+0200] {processor.py:178} INFO - Processing /home/nanah/airflow_venv/lib/python3.10/site-packages/airflow/example_dags/example_branch_labels.py took 0.230 seconds
[2023-06-11T00:39:09.580+0200] {processor.py:156} INFO - Started process (PID=5575) to work on /home/nanah/airflow_venv/lib/python3.10/site-packages/airflow/example_dags/example_branch_labels.py
[2023-06-11T00:39:09.585+0200] {processor.py:758} INFO - Processing file /home/nanah/airflow_venv/lib/python3.10/site-packages/airflow/example_dags/example_branch_labels.py for tasks to queue
[2023-06-11T00:39:09.587+0200] {logging_mixin.py:117} INFO - [2023-06-11T00:39:09.586+0200] {dagbag.py:525} INFO - Filling up the DagBag from /home/nanah/airflow_venv/lib/python3.10/site-packages/airflow/example_dags/example_branch_labels.py
[2023-06-11T00:39:09.624+0200] {processor.py:768} INFO - DAG(s) dict_keys(['example_branch_labels']) retrieved from /home/nanah/airflow_venv/lib/python3.10/site-packages/airflow/example_dags/example_branch_labels.py
[2023-06-11T00:39:09.689+0200] {logging_mixin.py:117} INFO - [2023-06-11T00:39:09.689+0200] {dag.py:2573} INFO - Sync 1 DAGs
[2023-06-11T00:39:09.746+0200] {logging_mixin.py:117} INFO - [2023-06-11T00:39:09.745+0200] {dag.py:3324} INFO - Setting next_dagrun for example_branch_labels to 2023-06-09T00:00:00+00:00, run_after=2023-06-10T00:00:00+00:00
[2023-06-11T00:39:09.798+0200] {processor.py:178} INFO - Processing /home/nanah/airflow_venv/lib/python3.10/site-packages/airflow/example_dags/example_branch_labels.py took 0.225 seconds
[2023-06-11T00:39:52.514+0200] {processor.py:156} INFO - Started process (PID=5608) to work on /home/nanah/airflow_venv/lib/python3.10/site-packages/airflow/example_dags/example_branch_labels.py
[2023-06-11T00:39:52.524+0200] {processor.py:758} INFO - Processing file /home/nanah/airflow_venv/lib/python3.10/site-packages/airflow/example_dags/example_branch_labels.py for tasks to queue
[2023-06-11T00:39:52.526+0200] {logging_mixin.py:117} INFO - [2023-06-11T00:39:52.526+0200] {dagbag.py:525} INFO - Filling up the DagBag from /home/nanah/airflow_venv/lib/python3.10/site-packages/airflow/example_dags/example_branch_labels.py
[2023-06-11T00:39:52.571+0200] {processor.py:768} INFO - DAG(s) dict_keys(['example_branch_labels']) retrieved from /home/nanah/airflow_venv/lib/python3.10/site-packages/airflow/example_dags/example_branch_labels.py
[2023-06-11T00:39:52.645+0200] {logging_mixin.py:117} INFO - [2023-06-11T00:39:52.644+0200] {dag.py:2573} INFO - Sync 1 DAGs
[2023-06-11T00:39:52.709+0200] {logging_mixin.py:117} INFO - [2023-06-11T00:39:52.708+0200] {dag.py:3324} INFO - Setting next_dagrun for example_branch_labels to 2023-06-09T00:00:00+00:00, run_after=2023-06-10T00:00:00+00:00
[2023-06-11T00:39:52.775+0200] {processor.py:178} INFO - Processing /home/nanah/airflow_venv/lib/python3.10/site-packages/airflow/example_dags/example_branch_labels.py took 0.267 seconds
[2023-06-11T00:40:35.259+0200] {processor.py:156} INFO - Started process (PID=5642) to work on /home/nanah/airflow_venv/lib/python3.10/site-packages/airflow/example_dags/example_branch_labels.py
[2023-06-11T00:40:35.265+0200] {processor.py:758} INFO - Processing file /home/nanah/airflow_venv/lib/python3.10/site-packages/airflow/example_dags/example_branch_labels.py for tasks to queue
[2023-06-11T00:40:35.266+0200] {logging_mixin.py:117} INFO - [2023-06-11T00:40:35.266+0200] {dagbag.py:525} INFO - Filling up the DagBag from /home/nanah/airflow_venv/lib/python3.10/site-packages/airflow/example_dags/example_branch_labels.py
[2023-06-11T00:40:35.310+0200] {processor.py:768} INFO - DAG(s) dict_keys(['example_branch_labels']) retrieved from /home/nanah/airflow_venv/lib/python3.10/site-packages/airflow/example_dags/example_branch_labels.py
[2023-06-11T00:40:35.376+0200] {logging_mixin.py:117} INFO - [2023-06-11T00:40:35.376+0200] {dag.py:2573} INFO - Sync 1 DAGs
[2023-06-11T00:40:35.433+0200] {logging_mixin.py:117} INFO - [2023-06-11T00:40:35.431+0200] {dag.py:3324} INFO - Setting next_dagrun for example_branch_labels to 2023-06-09T00:00:00+00:00, run_after=2023-06-10T00:00:00+00:00
[2023-06-11T00:40:35.488+0200] {processor.py:178} INFO - Processing /home/nanah/airflow_venv/lib/python3.10/site-packages/airflow/example_dags/example_branch_labels.py took 0.235 seconds
[2023-06-11T00:41:17.778+0200] {processor.py:156} INFO - Started process (PID=5676) to work on /home/nanah/airflow_venv/lib/python3.10/site-packages/airflow/example_dags/example_branch_labels.py
[2023-06-11T00:41:17.784+0200] {processor.py:758} INFO - Processing file /home/nanah/airflow_venv/lib/python3.10/site-packages/airflow/example_dags/example_branch_labels.py for tasks to queue
[2023-06-11T00:41:17.785+0200] {logging_mixin.py:117} INFO - [2023-06-11T00:41:17.785+0200] {dagbag.py:525} INFO - Filling up the DagBag from /home/nanah/airflow_venv/lib/python3.10/site-packages/airflow/example_dags/example_branch_labels.py
[2023-06-11T00:41:17.824+0200] {processor.py:768} INFO - DAG(s) dict_keys(['example_branch_labels']) retrieved from /home/nanah/airflow_venv/lib/python3.10/site-packages/airflow/example_dags/example_branch_labels.py
[2023-06-11T00:41:17.879+0200] {logging_mixin.py:117} INFO - [2023-06-11T00:41:17.879+0200] {dag.py:2573} INFO - Sync 1 DAGs
[2023-06-11T00:41:17.923+0200] {logging_mixin.py:117} INFO - [2023-06-11T00:41:17.923+0200] {dag.py:3324} INFO - Setting next_dagrun for example_branch_labels to 2023-06-09T00:00:00+00:00, run_after=2023-06-10T00:00:00+00:00
[2023-06-11T00:41:17.974+0200] {processor.py:178} INFO - Processing /home/nanah/airflow_venv/lib/python3.10/site-packages/airflow/example_dags/example_branch_labels.py took 0.202 seconds
[2023-06-11T00:42:02.637+0200] {processor.py:156} INFO - Started process (PID=5714) to work on /home/nanah/airflow_venv/lib/python3.10/site-packages/airflow/example_dags/example_branch_labels.py
[2023-06-11T00:42:02.640+0200] {processor.py:758} INFO - Processing file /home/nanah/airflow_venv/lib/python3.10/site-packages/airflow/example_dags/example_branch_labels.py for tasks to queue
[2023-06-11T00:42:02.642+0200] {logging_mixin.py:117} INFO - [2023-06-11T00:42:02.641+0200] {dagbag.py:525} INFO - Filling up the DagBag from /home/nanah/airflow_venv/lib/python3.10/site-packages/airflow/example_dags/example_branch_labels.py
[2023-06-11T00:42:02.692+0200] {processor.py:768} INFO - DAG(s) dict_keys(['example_branch_labels']) retrieved from /home/nanah/airflow_venv/lib/python3.10/site-packages/airflow/example_dags/example_branch_labels.py
[2023-06-11T00:42:02.801+0200] {logging_mixin.py:117} INFO - [2023-06-11T00:42:02.801+0200] {dag.py:2573} INFO - Sync 1 DAGs
[2023-06-11T00:42:02.957+0200] {logging_mixin.py:117} INFO - [2023-06-11T00:42:02.956+0200] {dag.py:3324} INFO - Setting next_dagrun for example_branch_labels to 2023-06-09T00:00:00+00:00, run_after=2023-06-10T00:00:00+00:00
[2023-06-11T00:42:03.079+0200] {processor.py:178} INFO - Processing /home/nanah/airflow_venv/lib/python3.10/site-packages/airflow/example_dags/example_branch_labels.py took 0.475 seconds
[2023-06-11T00:42:52.144+0200] {processor.py:156} INFO - Started process (PID=5748) to work on /home/nanah/airflow_venv/lib/python3.10/site-packages/airflow/example_dags/example_branch_labels.py
[2023-06-11T00:42:52.157+0200] {processor.py:758} INFO - Processing file /home/nanah/airflow_venv/lib/python3.10/site-packages/airflow/example_dags/example_branch_labels.py for tasks to queue
[2023-06-11T00:42:52.159+0200] {logging_mixin.py:117} INFO - [2023-06-11T00:42:52.159+0200] {dagbag.py:525} INFO - Filling up the DagBag from /home/nanah/airflow_venv/lib/python3.10/site-packages/airflow/example_dags/example_branch_labels.py
[2023-06-11T00:42:52.253+0200] {processor.py:768} INFO - DAG(s) dict_keys(['example_branch_labels']) retrieved from /home/nanah/airflow_venv/lib/python3.10/site-packages/airflow/example_dags/example_branch_labels.py
[2023-06-11T00:42:52.374+0200] {logging_mixin.py:117} INFO - [2023-06-11T00:42:52.374+0200] {dag.py:2573} INFO - Sync 1 DAGs
[2023-06-11T00:42:52.498+0200] {logging_mixin.py:117} INFO - [2023-06-11T00:42:52.497+0200] {dag.py:3324} INFO - Setting next_dagrun for example_branch_labels to 2023-06-09T00:00:00+00:00, run_after=2023-06-10T00:00:00+00:00
[2023-06-11T00:42:52.587+0200] {processor.py:178} INFO - Processing /home/nanah/airflow_venv/lib/python3.10/site-packages/airflow/example_dags/example_branch_labels.py took 0.450 seconds
[2023-06-11T00:43:37.785+0200] {processor.py:156} INFO - Started process (PID=5782) to work on /home/nanah/airflow_venv/lib/python3.10/site-packages/airflow/example_dags/example_branch_labels.py
[2023-06-11T00:43:37.789+0200] {processor.py:758} INFO - Processing file /home/nanah/airflow_venv/lib/python3.10/site-packages/airflow/example_dags/example_branch_labels.py for tasks to queue
[2023-06-11T00:43:37.791+0200] {logging_mixin.py:117} INFO - [2023-06-11T00:43:37.790+0200] {dagbag.py:525} INFO - Filling up the DagBag from /home/nanah/airflow_venv/lib/python3.10/site-packages/airflow/example_dags/example_branch_labels.py
[2023-06-11T00:43:37.834+0200] {processor.py:768} INFO - DAG(s) dict_keys(['example_branch_labels']) retrieved from /home/nanah/airflow_venv/lib/python3.10/site-packages/airflow/example_dags/example_branch_labels.py
[2023-06-11T00:43:37.900+0200] {logging_mixin.py:117} INFO - [2023-06-11T00:43:37.900+0200] {dag.py:2573} INFO - Sync 1 DAGs
[2023-06-11T00:43:37.953+0200] {logging_mixin.py:117} INFO - [2023-06-11T00:43:37.953+0200] {dag.py:3324} INFO - Setting next_dagrun for example_branch_labels to 2023-06-09T00:00:00+00:00, run_after=2023-06-10T00:00:00+00:00
[2023-06-11T00:43:38.003+0200] {processor.py:178} INFO - Processing /home/nanah/airflow_venv/lib/python3.10/site-packages/airflow/example_dags/example_branch_labels.py took 0.228 seconds
[2023-06-11T00:44:22.148+0200] {processor.py:156} INFO - Started process (PID=5816) to work on /home/nanah/airflow_venv/lib/python3.10/site-packages/airflow/example_dags/example_branch_labels.py
[2023-06-11T00:44:22.152+0200] {processor.py:758} INFO - Processing file /home/nanah/airflow_venv/lib/python3.10/site-packages/airflow/example_dags/example_branch_labels.py for tasks to queue
[2023-06-11T00:44:22.159+0200] {logging_mixin.py:117} INFO - [2023-06-11T00:44:22.158+0200] {dagbag.py:525} INFO - Filling up the DagBag from /home/nanah/airflow_venv/lib/python3.10/site-packages/airflow/example_dags/example_branch_labels.py
[2023-06-11T00:44:22.223+0200] {processor.py:768} INFO - DAG(s) dict_keys(['example_branch_labels']) retrieved from /home/nanah/airflow_venv/lib/python3.10/site-packages/airflow/example_dags/example_branch_labels.py
[2023-06-11T00:44:22.366+0200] {logging_mixin.py:117} INFO - [2023-06-11T00:44:22.365+0200] {dag.py:2573} INFO - Sync 1 DAGs
[2023-06-11T00:44:22.548+0200] {logging_mixin.py:117} INFO - [2023-06-11T00:44:22.548+0200] {dag.py:3324} INFO - Setting next_dagrun for example_branch_labels to 2023-06-09T00:00:00+00:00, run_after=2023-06-10T00:00:00+00:00
[2023-06-11T00:44:22.755+0200] {processor.py:178} INFO - Processing /home/nanah/airflow_venv/lib/python3.10/site-packages/airflow/example_dags/example_branch_labels.py took 0.613 seconds
[2023-06-11T00:45:11.498+0200] {processor.py:156} INFO - Started process (PID=5850) to work on /home/nanah/airflow_venv/lib/python3.10/site-packages/airflow/example_dags/example_branch_labels.py
[2023-06-11T00:45:11.503+0200] {processor.py:758} INFO - Processing file /home/nanah/airflow_venv/lib/python3.10/site-packages/airflow/example_dags/example_branch_labels.py for tasks to queue
[2023-06-11T00:45:11.505+0200] {logging_mixin.py:117} INFO - [2023-06-11T00:45:11.505+0200] {dagbag.py:525} INFO - Filling up the DagBag from /home/nanah/airflow_venv/lib/python3.10/site-packages/airflow/example_dags/example_branch_labels.py
[2023-06-11T00:45:11.550+0200] {processor.py:768} INFO - DAG(s) dict_keys(['example_branch_labels']) retrieved from /home/nanah/airflow_venv/lib/python3.10/site-packages/airflow/example_dags/example_branch_labels.py
[2023-06-11T00:45:11.618+0200] {logging_mixin.py:117} INFO - [2023-06-11T00:45:11.618+0200] {dag.py:2573} INFO - Sync 1 DAGs
[2023-06-11T00:45:11.672+0200] {logging_mixin.py:117} INFO - [2023-06-11T00:45:11.671+0200] {dag.py:3324} INFO - Setting next_dagrun for example_branch_labels to 2023-06-09T00:00:00+00:00, run_after=2023-06-10T00:00:00+00:00
[2023-06-11T00:45:11.724+0200] {processor.py:178} INFO - Processing /home/nanah/airflow_venv/lib/python3.10/site-packages/airflow/example_dags/example_branch_labels.py took 0.233 seconds
