[2023-06-11T00:12:00.211+0200] {processor.py:156} INFO - Started process (PID=4606) to work on /home/nanah/airflow_venv/lib/python3.10/site-packages/airflow/example_dags/example_short_circuit_operator.py
[2023-06-11T00:12:00.213+0200] {processor.py:758} INFO - Processing file /home/nanah/airflow_venv/lib/python3.10/site-packages/airflow/example_dags/example_short_circuit_operator.py for tasks to queue
[2023-06-11T00:12:00.214+0200] {logging_mixin.py:117} INFO - [2023-06-11T00:12:00.214+0200] {dagbag.py:525} INFO - Filling up the DagBag from /home/nanah/airflow_venv/lib/python3.10/site-packages/airflow/example_dags/example_short_circuit_operator.py
[2023-06-11T00:12:00.259+0200] {processor.py:768} INFO - DAG(s) dict_keys(['example_short_circuit_operator']) retrieved from /home/nanah/airflow_venv/lib/python3.10/site-packages/airflow/example_dags/example_short_circuit_operator.py
[2023-06-11T00:12:00.334+0200] {logging_mixin.py:117} INFO - [2023-06-11T00:12:00.334+0200] {dag.py:2573} INFO - Sync 1 DAGs
[2023-06-11T00:12:00.398+0200] {logging_mixin.py:117} INFO - [2023-06-11T00:12:00.398+0200] {dag.py:3324} INFO - Setting next_dagrun for example_short_circuit_operator to 2023-06-09T22:12:00.385790+00:00, run_after=2023-06-10T22:12:00.385790+00:00
[2023-06-11T00:12:00.496+0200] {processor.py:178} INFO - Processing /home/nanah/airflow_venv/lib/python3.10/site-packages/airflow/example_dags/example_short_circuit_operator.py took 0.292 seconds
[2023-06-11T00:13:07.183+0200] {processor.py:156} INFO - Started process (PID=4646) to work on /home/nanah/airflow_venv/lib/python3.10/site-packages/airflow/example_dags/example_short_circuit_operator.py
[2023-06-11T00:13:07.186+0200] {processor.py:758} INFO - Processing file /home/nanah/airflow_venv/lib/python3.10/site-packages/airflow/example_dags/example_short_circuit_operator.py for tasks to queue
[2023-06-11T00:13:07.188+0200] {logging_mixin.py:117} INFO - [2023-06-11T00:13:07.187+0200] {dagbag.py:525} INFO - Filling up the DagBag from /home/nanah/airflow_venv/lib/python3.10/site-packages/airflow/example_dags/example_short_circuit_operator.py
[2023-06-11T00:13:07.234+0200] {processor.py:768} INFO - DAG(s) dict_keys(['example_short_circuit_operator']) retrieved from /home/nanah/airflow_venv/lib/python3.10/site-packages/airflow/example_dags/example_short_circuit_operator.py
[2023-06-11T00:13:07.310+0200] {logging_mixin.py:117} INFO - [2023-06-11T00:13:07.309+0200] {dag.py:2573} INFO - Sync 1 DAGs
[2023-06-11T00:13:07.359+0200] {logging_mixin.py:117} INFO - [2023-06-11T00:13:07.359+0200] {dag.py:3324} INFO - Setting next_dagrun for example_short_circuit_operator to 2023-06-09T22:13:07.358791+00:00, run_after=2023-06-10T22:13:07.358791+00:00
[2023-06-11T00:13:07.466+0200] {processor.py:178} INFO - Processing /home/nanah/airflow_venv/lib/python3.10/site-packages/airflow/example_dags/example_short_circuit_operator.py took 0.292 seconds
[2023-06-11T00:14:23.465+0200] {processor.py:156} INFO - Started process (PID=4682) to work on /home/nanah/airflow_venv/lib/python3.10/site-packages/airflow/example_dags/example_short_circuit_operator.py
[2023-06-11T00:14:23.470+0200] {processor.py:758} INFO - Processing file /home/nanah/airflow_venv/lib/python3.10/site-packages/airflow/example_dags/example_short_circuit_operator.py for tasks to queue
[2023-06-11T00:14:23.479+0200] {logging_mixin.py:117} INFO - [2023-06-11T00:14:23.472+0200] {dagbag.py:525} INFO - Filling up the DagBag from /home/nanah/airflow_venv/lib/python3.10/site-packages/airflow/example_dags/example_short_circuit_operator.py
[2023-06-11T00:14:23.583+0200] {processor.py:768} INFO - DAG(s) dict_keys(['example_short_circuit_operator']) retrieved from /home/nanah/airflow_venv/lib/python3.10/site-packages/airflow/example_dags/example_short_circuit_operator.py
[2023-06-11T00:14:23.749+0200] {logging_mixin.py:117} INFO - [2023-06-11T00:14:23.748+0200] {dag.py:2573} INFO - Sync 1 DAGs
[2023-06-11T00:14:23.870+0200] {logging_mixin.py:117} INFO - [2023-06-11T00:14:23.870+0200] {dag.py:3324} INFO - Setting next_dagrun for example_short_circuit_operator to 2023-06-09T22:14:23.869406+00:00, run_after=2023-06-10T22:14:23.869406+00:00
[2023-06-11T00:14:23.947+0200] {processor.py:178} INFO - Processing /home/nanah/airflow_venv/lib/python3.10/site-packages/airflow/example_dags/example_short_circuit_operator.py took 0.499 seconds
[2023-06-11T00:16:00.083+0200] {processor.py:156} INFO - Started process (PID=4725) to work on /home/nanah/airflow_venv/lib/python3.10/site-packages/airflow/example_dags/example_short_circuit_operator.py
[2023-06-11T00:16:00.102+0200] {processor.py:758} INFO - Processing file /home/nanah/airflow_venv/lib/python3.10/site-packages/airflow/example_dags/example_short_circuit_operator.py for tasks to queue
[2023-06-11T00:16:00.104+0200] {logging_mixin.py:117} INFO - [2023-06-11T00:16:00.104+0200] {dagbag.py:525} INFO - Filling up the DagBag from /home/nanah/airflow_venv/lib/python3.10/site-packages/airflow/example_dags/example_short_circuit_operator.py
[2023-06-11T00:16:00.227+0200] {processor.py:768} INFO - DAG(s) dict_keys(['example_short_circuit_operator']) retrieved from /home/nanah/airflow_venv/lib/python3.10/site-packages/airflow/example_dags/example_short_circuit_operator.py
[2023-06-11T00:16:00.412+0200] {logging_mixin.py:117} INFO - [2023-06-11T00:16:00.412+0200] {dag.py:2573} INFO - Sync 1 DAGs
[2023-06-11T00:16:00.692+0200] {logging_mixin.py:117} INFO - [2023-06-11T00:16:00.692+0200] {dag.py:3324} INFO - Setting next_dagrun for example_short_circuit_operator to 2023-06-09T22:16:00.690244+00:00, run_after=2023-06-10T22:16:00.690244+00:00
[2023-06-11T00:16:00.942+0200] {processor.py:178} INFO - Processing /home/nanah/airflow_venv/lib/python3.10/site-packages/airflow/example_dags/example_short_circuit_operator.py took 0.877 seconds
[2023-06-11T00:16:56.275+0200] {processor.py:156} INFO - Started process (PID=4769) to work on /home/nanah/airflow_venv/lib/python3.10/site-packages/airflow/example_dags/example_short_circuit_operator.py
[2023-06-11T00:16:56.278+0200] {processor.py:758} INFO - Processing file /home/nanah/airflow_venv/lib/python3.10/site-packages/airflow/example_dags/example_short_circuit_operator.py for tasks to queue
[2023-06-11T00:16:56.280+0200] {logging_mixin.py:117} INFO - [2023-06-11T00:16:56.279+0200] {dagbag.py:525} INFO - Filling up the DagBag from /home/nanah/airflow_venv/lib/python3.10/site-packages/airflow/example_dags/example_short_circuit_operator.py
[2023-06-11T00:16:56.332+0200] {processor.py:768} INFO - DAG(s) dict_keys(['example_short_circuit_operator']) retrieved from /home/nanah/airflow_venv/lib/python3.10/site-packages/airflow/example_dags/example_short_circuit_operator.py
[2023-06-11T00:16:57.037+0200] {logging_mixin.py:117} INFO - [2023-06-11T00:16:57.036+0200] {dag.py:2573} INFO - Sync 1 DAGs
[2023-06-11T00:16:57.133+0200] {logging_mixin.py:117} INFO - [2023-06-11T00:16:57.132+0200] {dag.py:3324} INFO - Setting next_dagrun for example_short_circuit_operator to 2023-06-09T22:16:57.132381+00:00, run_after=2023-06-10T22:16:57.132381+00:00
[2023-06-11T00:16:57.190+0200] {processor.py:178} INFO - Processing /home/nanah/airflow_venv/lib/python3.10/site-packages/airflow/example_dags/example_short_circuit_operator.py took 0.923 seconds
[2023-06-11T00:17:46.042+0200] {processor.py:156} INFO - Started process (PID=4806) to work on /home/nanah/airflow_venv/lib/python3.10/site-packages/airflow/example_dags/example_short_circuit_operator.py
[2023-06-11T00:17:46.056+0200] {processor.py:758} INFO - Processing file /home/nanah/airflow_venv/lib/python3.10/site-packages/airflow/example_dags/example_short_circuit_operator.py for tasks to queue
[2023-06-11T00:17:46.057+0200] {logging_mixin.py:117} INFO - [2023-06-11T00:17:46.057+0200] {dagbag.py:525} INFO - Filling up the DagBag from /home/nanah/airflow_venv/lib/python3.10/site-packages/airflow/example_dags/example_short_circuit_operator.py
[2023-06-11T00:17:46.098+0200] {processor.py:768} INFO - DAG(s) dict_keys(['example_short_circuit_operator']) retrieved from /home/nanah/airflow_venv/lib/python3.10/site-packages/airflow/example_dags/example_short_circuit_operator.py
[2023-06-11T00:17:46.182+0200] {logging_mixin.py:117} INFO - [2023-06-11T00:17:46.181+0200] {dag.py:2573} INFO - Sync 1 DAGs
[2023-06-11T00:17:46.242+0200] {logging_mixin.py:117} INFO - [2023-06-11T00:17:46.242+0200] {dag.py:3324} INFO - Setting next_dagrun for example_short_circuit_operator to 2023-06-09T22:17:46.241460+00:00, run_after=2023-06-10T22:17:46.241460+00:00
[2023-06-11T00:17:46.550+0200] {processor.py:178} INFO - Processing /home/nanah/airflow_venv/lib/python3.10/site-packages/airflow/example_dags/example_short_circuit_operator.py took 0.515 seconds
[2023-06-11T00:18:34.057+0200] {processor.py:156} INFO - Started process (PID=4842) to work on /home/nanah/airflow_venv/lib/python3.10/site-packages/airflow/example_dags/example_short_circuit_operator.py
[2023-06-11T00:18:34.062+0200] {processor.py:758} INFO - Processing file /home/nanah/airflow_venv/lib/python3.10/site-packages/airflow/example_dags/example_short_circuit_operator.py for tasks to queue
[2023-06-11T00:18:34.064+0200] {logging_mixin.py:117} INFO - [2023-06-11T00:18:34.063+0200] {dagbag.py:525} INFO - Filling up the DagBag from /home/nanah/airflow_venv/lib/python3.10/site-packages/airflow/example_dags/example_short_circuit_operator.py
[2023-06-11T00:18:34.103+0200] {processor.py:768} INFO - DAG(s) dict_keys(['example_short_circuit_operator']) retrieved from /home/nanah/airflow_venv/lib/python3.10/site-packages/airflow/example_dags/example_short_circuit_operator.py
[2023-06-11T00:18:34.157+0200] {logging_mixin.py:117} INFO - [2023-06-11T00:18:34.157+0200] {dag.py:2573} INFO - Sync 1 DAGs
[2023-06-11T00:18:34.200+0200] {logging_mixin.py:117} INFO - [2023-06-11T00:18:34.199+0200] {dag.py:3324} INFO - Setting next_dagrun for example_short_circuit_operator to 2023-06-09T22:18:34.199210+00:00, run_after=2023-06-10T22:18:34.199210+00:00
[2023-06-11T00:18:34.248+0200] {processor.py:178} INFO - Processing /home/nanah/airflow_venv/lib/python3.10/site-packages/airflow/example_dags/example_short_circuit_operator.py took 0.197 seconds
[2023-06-11T00:19:17.761+0200] {processor.py:156} INFO - Started process (PID=4875) to work on /home/nanah/airflow_venv/lib/python3.10/site-packages/airflow/example_dags/example_short_circuit_operator.py
[2023-06-11T00:19:17.764+0200] {processor.py:758} INFO - Processing file /home/nanah/airflow_venv/lib/python3.10/site-packages/airflow/example_dags/example_short_circuit_operator.py for tasks to queue
[2023-06-11T00:19:17.766+0200] {logging_mixin.py:117} INFO - [2023-06-11T00:19:17.765+0200] {dagbag.py:525} INFO - Filling up the DagBag from /home/nanah/airflow_venv/lib/python3.10/site-packages/airflow/example_dags/example_short_circuit_operator.py
[2023-06-11T00:19:17.895+0200] {processor.py:768} INFO - DAG(s) dict_keys(['example_short_circuit_operator']) retrieved from /home/nanah/airflow_venv/lib/python3.10/site-packages/airflow/example_dags/example_short_circuit_operator.py
[2023-06-11T00:19:18.092+0200] {logging_mixin.py:117} INFO - [2023-06-11T00:19:18.092+0200] {dag.py:2573} INFO - Sync 1 DAGs
[2023-06-11T00:19:18.435+0200] {logging_mixin.py:117} INFO - [2023-06-11T00:19:18.434+0200] {dag.py:3324} INFO - Setting next_dagrun for example_short_circuit_operator to 2023-06-09T22:19:18.433982+00:00, run_after=2023-06-10T22:19:18.433982+00:00
[2023-06-11T00:19:18.686+0200] {processor.py:178} INFO - Processing /home/nanah/airflow_venv/lib/python3.10/site-packages/airflow/example_dags/example_short_circuit_operator.py took 0.940 seconds
[2023-06-11T00:20:50.682+0200] {processor.py:156} INFO - Started process (PID=4921) to work on /home/nanah/airflow_venv/lib/python3.10/site-packages/airflow/example_dags/example_short_circuit_operator.py
[2023-06-11T00:20:50.688+0200] {processor.py:758} INFO - Processing file /home/nanah/airflow_venv/lib/python3.10/site-packages/airflow/example_dags/example_short_circuit_operator.py for tasks to queue
[2023-06-11T00:20:50.690+0200] {logging_mixin.py:117} INFO - [2023-06-11T00:20:50.689+0200] {dagbag.py:525} INFO - Filling up the DagBag from /home/nanah/airflow_venv/lib/python3.10/site-packages/airflow/example_dags/example_short_circuit_operator.py
[2023-06-11T00:20:50.750+0200] {processor.py:768} INFO - DAG(s) dict_keys(['example_short_circuit_operator']) retrieved from /home/nanah/airflow_venv/lib/python3.10/site-packages/airflow/example_dags/example_short_circuit_operator.py
[2023-06-11T00:20:50.855+0200] {logging_mixin.py:117} INFO - [2023-06-11T00:20:50.855+0200] {dag.py:2573} INFO - Sync 1 DAGs
[2023-06-11T00:20:50.911+0200] {logging_mixin.py:117} INFO - [2023-06-11T00:20:50.911+0200] {dag.py:3324} INFO - Setting next_dagrun for example_short_circuit_operator to 2023-06-09T22:20:50.910521+00:00, run_after=2023-06-10T22:20:50.910521+00:00
[2023-06-11T00:20:50.999+0200] {processor.py:178} INFO - Processing /home/nanah/airflow_venv/lib/python3.10/site-packages/airflow/example_dags/example_short_circuit_operator.py took 0.323 seconds
[2023-06-11T00:22:01.830+0200] {processor.py:156} INFO - Started process (PID=4958) to work on /home/nanah/airflow_venv/lib/python3.10/site-packages/airflow/example_dags/example_short_circuit_operator.py
[2023-06-11T00:22:01.847+0200] {processor.py:758} INFO - Processing file /home/nanah/airflow_venv/lib/python3.10/site-packages/airflow/example_dags/example_short_circuit_operator.py for tasks to queue
[2023-06-11T00:22:01.854+0200] {logging_mixin.py:117} INFO - [2023-06-11T00:22:01.853+0200] {dagbag.py:525} INFO - Filling up the DagBag from /home/nanah/airflow_venv/lib/python3.10/site-packages/airflow/example_dags/example_short_circuit_operator.py
[2023-06-11T00:22:02.014+0200] {processor.py:768} INFO - DAG(s) dict_keys(['example_short_circuit_operator']) retrieved from /home/nanah/airflow_venv/lib/python3.10/site-packages/airflow/example_dags/example_short_circuit_operator.py
[2023-06-11T00:22:02.134+0200] {logging_mixin.py:117} INFO - [2023-06-11T00:22:02.133+0200] {dag.py:2573} INFO - Sync 1 DAGs
[2023-06-11T00:22:02.199+0200] {logging_mixin.py:117} INFO - [2023-06-11T00:22:02.198+0200] {dag.py:3324} INFO - Setting next_dagrun for example_short_circuit_operator to 2023-06-09T22:22:02.198079+00:00, run_after=2023-06-10T22:22:02.198079+00:00
[2023-06-11T00:22:02.280+0200] {processor.py:178} INFO - Processing /home/nanah/airflow_venv/lib/python3.10/site-packages/airflow/example_dags/example_short_circuit_operator.py took 0.484 seconds
[2023-06-11T00:22:58.075+0200] {processor.py:156} INFO - Started process (PID=4992) to work on /home/nanah/airflow_venv/lib/python3.10/site-packages/airflow/example_dags/example_short_circuit_operator.py
[2023-06-11T00:22:58.081+0200] {processor.py:758} INFO - Processing file /home/nanah/airflow_venv/lib/python3.10/site-packages/airflow/example_dags/example_short_circuit_operator.py for tasks to queue
[2023-06-11T00:22:58.083+0200] {logging_mixin.py:117} INFO - [2023-06-11T00:22:58.082+0200] {dagbag.py:525} INFO - Filling up the DagBag from /home/nanah/airflow_venv/lib/python3.10/site-packages/airflow/example_dags/example_short_circuit_operator.py
[2023-06-11T00:22:58.138+0200] {processor.py:768} INFO - DAG(s) dict_keys(['example_short_circuit_operator']) retrieved from /home/nanah/airflow_venv/lib/python3.10/site-packages/airflow/example_dags/example_short_circuit_operator.py
[2023-06-11T00:22:58.205+0200] {logging_mixin.py:117} INFO - [2023-06-11T00:22:58.205+0200] {dag.py:2573} INFO - Sync 1 DAGs
[2023-06-11T00:22:58.299+0200] {logging_mixin.py:117} INFO - [2023-06-11T00:22:58.298+0200] {dag.py:3324} INFO - Setting next_dagrun for example_short_circuit_operator to 2023-06-09T22:22:58.297705+00:00, run_after=2023-06-10T22:22:58.297705+00:00
[2023-06-11T00:22:58.391+0200] {processor.py:178} INFO - Processing /home/nanah/airflow_venv/lib/python3.10/site-packages/airflow/example_dags/example_short_circuit_operator.py took 0.322 seconds
[2023-06-11T00:23:53.644+0200] {processor.py:156} INFO - Started process (PID=5026) to work on /home/nanah/airflow_venv/lib/python3.10/site-packages/airflow/example_dags/example_short_circuit_operator.py
[2023-06-11T00:23:53.653+0200] {processor.py:758} INFO - Processing file /home/nanah/airflow_venv/lib/python3.10/site-packages/airflow/example_dags/example_short_circuit_operator.py for tasks to queue
[2023-06-11T00:23:53.657+0200] {logging_mixin.py:117} INFO - [2023-06-11T00:23:53.656+0200] {dagbag.py:525} INFO - Filling up the DagBag from /home/nanah/airflow_venv/lib/python3.10/site-packages/airflow/example_dags/example_short_circuit_operator.py
[2023-06-11T00:23:53.770+0200] {processor.py:768} INFO - DAG(s) dict_keys(['example_short_circuit_operator']) retrieved from /home/nanah/airflow_venv/lib/python3.10/site-packages/airflow/example_dags/example_short_circuit_operator.py
[2023-06-11T00:23:53.902+0200] {logging_mixin.py:117} INFO - [2023-06-11T00:23:53.901+0200] {dag.py:2573} INFO - Sync 1 DAGs
[2023-06-11T00:23:54.017+0200] {logging_mixin.py:117} INFO - [2023-06-11T00:23:54.016+0200] {dag.py:3324} INFO - Setting next_dagrun for example_short_circuit_operator to 2023-06-09T22:23:54.015646+00:00, run_after=2023-06-10T22:23:54.015646+00:00
[2023-06-11T00:23:54.115+0200] {processor.py:178} INFO - Processing /home/nanah/airflow_venv/lib/python3.10/site-packages/airflow/example_dags/example_short_circuit_operator.py took 0.479 seconds
[2023-06-11T00:25:48.172+0200] {processor.py:156} INFO - Started process (PID=5063) to work on /home/nanah/airflow_venv/lib/python3.10/site-packages/airflow/example_dags/example_short_circuit_operator.py
[2023-06-11T00:25:48.183+0200] {processor.py:758} INFO - Processing file /home/nanah/airflow_venv/lib/python3.10/site-packages/airflow/example_dags/example_short_circuit_operator.py for tasks to queue
[2023-06-11T00:25:48.184+0200] {logging_mixin.py:117} INFO - [2023-06-11T00:25:48.184+0200] {dagbag.py:525} INFO - Filling up the DagBag from /home/nanah/airflow_venv/lib/python3.10/site-packages/airflow/example_dags/example_short_circuit_operator.py
[2023-06-11T00:25:48.234+0200] {processor.py:768} INFO - DAG(s) dict_keys(['example_short_circuit_operator']) retrieved from /home/nanah/airflow_venv/lib/python3.10/site-packages/airflow/example_dags/example_short_circuit_operator.py
[2023-06-11T00:25:48.315+0200] {logging_mixin.py:117} INFO - [2023-06-11T00:25:48.315+0200] {dag.py:2573} INFO - Sync 1 DAGs
[2023-06-11T00:25:48.405+0200] {logging_mixin.py:117} INFO - [2023-06-11T00:25:48.404+0200] {dag.py:3324} INFO - Setting next_dagrun for example_short_circuit_operator to 2023-06-09T22:25:48.403934+00:00, run_after=2023-06-10T22:25:48.403934+00:00
[2023-06-11T00:25:49.047+0200] {processor.py:178} INFO - Processing /home/nanah/airflow_venv/lib/python3.10/site-packages/airflow/example_dags/example_short_circuit_operator.py took 0.883 seconds
[2023-06-11T00:26:50.886+0200] {processor.py:156} INFO - Started process (PID=5098) to work on /home/nanah/airflow_venv/lib/python3.10/site-packages/airflow/example_dags/example_short_circuit_operator.py
[2023-06-11T00:26:50.892+0200] {processor.py:758} INFO - Processing file /home/nanah/airflow_venv/lib/python3.10/site-packages/airflow/example_dags/example_short_circuit_operator.py for tasks to queue
[2023-06-11T00:26:50.903+0200] {logging_mixin.py:117} INFO - [2023-06-11T00:26:50.902+0200] {dagbag.py:525} INFO - Filling up the DagBag from /home/nanah/airflow_venv/lib/python3.10/site-packages/airflow/example_dags/example_short_circuit_operator.py
[2023-06-11T00:26:51.065+0200] {processor.py:768} INFO - DAG(s) dict_keys(['example_short_circuit_operator']) retrieved from /home/nanah/airflow_venv/lib/python3.10/site-packages/airflow/example_dags/example_short_circuit_operator.py
[2023-06-11T00:26:51.301+0200] {logging_mixin.py:117} INFO - [2023-06-11T00:26:51.301+0200] {dag.py:2573} INFO - Sync 1 DAGs
[2023-06-11T00:26:51.521+0200] {logging_mixin.py:117} INFO - [2023-06-11T00:26:51.521+0200] {dag.py:3324} INFO - Setting next_dagrun for example_short_circuit_operator to 2023-06-09T22:26:51.517418+00:00, run_after=2023-06-10T22:26:51.517418+00:00
[2023-06-11T00:26:52.427+0200] {processor.py:178} INFO - Processing /home/nanah/airflow_venv/lib/python3.10/site-packages/airflow/example_dags/example_short_circuit_operator.py took 1.561 seconds
[2023-06-11T00:27:50.653+0200] {processor.py:156} INFO - Started process (PID=5137) to work on /home/nanah/airflow_venv/lib/python3.10/site-packages/airflow/example_dags/example_short_circuit_operator.py
[2023-06-11T00:27:50.658+0200] {processor.py:758} INFO - Processing file /home/nanah/airflow_venv/lib/python3.10/site-packages/airflow/example_dags/example_short_circuit_operator.py for tasks to queue
[2023-06-11T00:27:50.659+0200] {logging_mixin.py:117} INFO - [2023-06-11T00:27:50.659+0200] {dagbag.py:525} INFO - Filling up the DagBag from /home/nanah/airflow_venv/lib/python3.10/site-packages/airflow/example_dags/example_short_circuit_operator.py
[2023-06-11T00:27:50.706+0200] {processor.py:768} INFO - DAG(s) dict_keys(['example_short_circuit_operator']) retrieved from /home/nanah/airflow_venv/lib/python3.10/site-packages/airflow/example_dags/example_short_circuit_operator.py
[2023-06-11T00:27:50.780+0200] {logging_mixin.py:117} INFO - [2023-06-11T00:27:50.779+0200] {dag.py:2573} INFO - Sync 1 DAGs
[2023-06-11T00:27:51.129+0200] {logging_mixin.py:117} INFO - [2023-06-11T00:27:51.128+0200] {dag.py:3324} INFO - Setting next_dagrun for example_short_circuit_operator to 2023-06-09T22:27:51.128316+00:00, run_after=2023-06-10T22:27:51.128316+00:00
[2023-06-11T00:27:51.187+0200] {processor.py:178} INFO - Processing /home/nanah/airflow_venv/lib/python3.10/site-packages/airflow/example_dags/example_short_circuit_operator.py took 0.543 seconds
[2023-06-11T00:28:47.216+0200] {processor.py:156} INFO - Started process (PID=5171) to work on /home/nanah/airflow_venv/lib/python3.10/site-packages/airflow/example_dags/example_short_circuit_operator.py
[2023-06-11T00:28:47.222+0200] {processor.py:758} INFO - Processing file /home/nanah/airflow_venv/lib/python3.10/site-packages/airflow/example_dags/example_short_circuit_operator.py for tasks to queue
[2023-06-11T00:28:47.223+0200] {logging_mixin.py:117} INFO - [2023-06-11T00:28:47.223+0200] {dagbag.py:525} INFO - Filling up the DagBag from /home/nanah/airflow_venv/lib/python3.10/site-packages/airflow/example_dags/example_short_circuit_operator.py
[2023-06-11T00:28:47.272+0200] {processor.py:768} INFO - DAG(s) dict_keys(['example_short_circuit_operator']) retrieved from /home/nanah/airflow_venv/lib/python3.10/site-packages/airflow/example_dags/example_short_circuit_operator.py
[2023-06-11T00:28:47.342+0200] {logging_mixin.py:117} INFO - [2023-06-11T00:28:47.341+0200] {dag.py:2573} INFO - Sync 1 DAGs
[2023-06-11T00:28:47.696+0200] {logging_mixin.py:117} INFO - [2023-06-11T00:28:47.695+0200] {dag.py:3324} INFO - Setting next_dagrun for example_short_circuit_operator to 2023-06-09T22:28:47.695277+00:00, run_after=2023-06-10T22:28:47.695277+00:00
[2023-06-11T00:28:47.758+0200] {processor.py:178} INFO - Processing /home/nanah/airflow_venv/lib/python3.10/site-packages/airflow/example_dags/example_short_circuit_operator.py took 0.551 seconds
[2023-06-11T00:29:44.406+0200] {processor.py:156} INFO - Started process (PID=5205) to work on /home/nanah/airflow_venv/lib/python3.10/site-packages/airflow/example_dags/example_short_circuit_operator.py
[2023-06-11T00:29:44.410+0200] {processor.py:758} INFO - Processing file /home/nanah/airflow_venv/lib/python3.10/site-packages/airflow/example_dags/example_short_circuit_operator.py for tasks to queue
[2023-06-11T00:29:44.412+0200] {logging_mixin.py:117} INFO - [2023-06-11T00:29:44.412+0200] {dagbag.py:525} INFO - Filling up the DagBag from /home/nanah/airflow_venv/lib/python3.10/site-packages/airflow/example_dags/example_short_circuit_operator.py
[2023-06-11T00:29:44.464+0200] {processor.py:768} INFO - DAG(s) dict_keys(['example_short_circuit_operator']) retrieved from /home/nanah/airflow_venv/lib/python3.10/site-packages/airflow/example_dags/example_short_circuit_operator.py
[2023-06-11T00:29:44.535+0200] {logging_mixin.py:117} INFO - [2023-06-11T00:29:44.534+0200] {dag.py:2573} INFO - Sync 1 DAGs
[2023-06-11T00:29:44.869+0200] {logging_mixin.py:117} INFO - [2023-06-11T00:29:44.868+0200] {dag.py:3324} INFO - Setting next_dagrun for example_short_circuit_operator to 2023-06-09T22:29:44.868213+00:00, run_after=2023-06-10T22:29:44.868213+00:00
[2023-06-11T00:29:44.928+0200] {processor.py:178} INFO - Processing /home/nanah/airflow_venv/lib/python3.10/site-packages/airflow/example_dags/example_short_circuit_operator.py took 0.531 seconds
[2023-06-11T00:30:55.291+0200] {processor.py:156} INFO - Started process (PID=5242) to work on /home/nanah/airflow_venv/lib/python3.10/site-packages/airflow/example_dags/example_short_circuit_operator.py
[2023-06-11T00:30:55.296+0200] {processor.py:758} INFO - Processing file /home/nanah/airflow_venv/lib/python3.10/site-packages/airflow/example_dags/example_short_circuit_operator.py for tasks to queue
[2023-06-11T00:30:55.297+0200] {logging_mixin.py:117} INFO - [2023-06-11T00:30:55.297+0200] {dagbag.py:525} INFO - Filling up the DagBag from /home/nanah/airflow_venv/lib/python3.10/site-packages/airflow/example_dags/example_short_circuit_operator.py
[2023-06-11T00:30:55.348+0200] {processor.py:768} INFO - DAG(s) dict_keys(['example_short_circuit_operator']) retrieved from /home/nanah/airflow_venv/lib/python3.10/site-packages/airflow/example_dags/example_short_circuit_operator.py
[2023-06-11T00:30:55.813+0200] {logging_mixin.py:117} INFO - [2023-06-11T00:30:55.810+0200] {dag.py:2573} INFO - Sync 1 DAGs
[2023-06-11T00:30:55.872+0200] {logging_mixin.py:117} INFO - [2023-06-11T00:30:55.871+0200] {dag.py:3324} INFO - Setting next_dagrun for example_short_circuit_operator to 2023-06-09T22:30:55.871106+00:00, run_after=2023-06-10T22:30:55.871106+00:00
[2023-06-11T00:30:55.945+0200] {processor.py:178} INFO - Processing /home/nanah/airflow_venv/lib/python3.10/site-packages/airflow/example_dags/example_short_circuit_operator.py took 0.659 seconds
[2023-06-11T00:31:52.038+0200] {processor.py:156} INFO - Started process (PID=5277) to work on /home/nanah/airflow_venv/lib/python3.10/site-packages/airflow/example_dags/example_short_circuit_operator.py
[2023-06-11T00:31:52.045+0200] {processor.py:758} INFO - Processing file /home/nanah/airflow_venv/lib/python3.10/site-packages/airflow/example_dags/example_short_circuit_operator.py for tasks to queue
[2023-06-11T00:31:52.047+0200] {logging_mixin.py:117} INFO - [2023-06-11T00:31:52.046+0200] {dagbag.py:525} INFO - Filling up the DagBag from /home/nanah/airflow_venv/lib/python3.10/site-packages/airflow/example_dags/example_short_circuit_operator.py
[2023-06-11T00:31:52.109+0200] {processor.py:768} INFO - DAG(s) dict_keys(['example_short_circuit_operator']) retrieved from /home/nanah/airflow_venv/lib/python3.10/site-packages/airflow/example_dags/example_short_circuit_operator.py
[2023-06-11T00:31:52.497+0200] {logging_mixin.py:117} INFO - [2023-06-11T00:31:52.497+0200] {dag.py:2573} INFO - Sync 1 DAGs
[2023-06-11T00:31:52.545+0200] {logging_mixin.py:117} INFO - [2023-06-11T00:31:52.545+0200] {dag.py:3324} INFO - Setting next_dagrun for example_short_circuit_operator to 2023-06-09T22:31:52.545025+00:00, run_after=2023-06-10T22:31:52.545025+00:00
[2023-06-11T00:31:52.606+0200] {processor.py:178} INFO - Processing /home/nanah/airflow_venv/lib/python3.10/site-packages/airflow/example_dags/example_short_circuit_operator.py took 0.575 seconds
[2023-06-11T00:32:47.946+0200] {processor.py:156} INFO - Started process (PID=5313) to work on /home/nanah/airflow_venv/lib/python3.10/site-packages/airflow/example_dags/example_short_circuit_operator.py
[2023-06-11T00:32:47.952+0200] {processor.py:758} INFO - Processing file /home/nanah/airflow_venv/lib/python3.10/site-packages/airflow/example_dags/example_short_circuit_operator.py for tasks to queue
[2023-06-11T00:32:47.954+0200] {logging_mixin.py:117} INFO - [2023-06-11T00:32:47.954+0200] {dagbag.py:525} INFO - Filling up the DagBag from /home/nanah/airflow_venv/lib/python3.10/site-packages/airflow/example_dags/example_short_circuit_operator.py
[2023-06-11T00:32:48.366+0200] {processor.py:768} INFO - DAG(s) dict_keys(['example_short_circuit_operator']) retrieved from /home/nanah/airflow_venv/lib/python3.10/site-packages/airflow/example_dags/example_short_circuit_operator.py
[2023-06-11T00:32:48.428+0200] {logging_mixin.py:117} INFO - [2023-06-11T00:32:48.428+0200] {dag.py:2573} INFO - Sync 1 DAGs
[2023-06-11T00:32:48.474+0200] {logging_mixin.py:117} INFO - [2023-06-11T00:32:48.473+0200] {dag.py:3324} INFO - Setting next_dagrun for example_short_circuit_operator to 2023-06-09T22:32:48.473517+00:00, run_after=2023-06-10T22:32:48.473517+00:00
[2023-06-11T00:32:48.529+0200] {processor.py:178} INFO - Processing /home/nanah/airflow_venv/lib/python3.10/site-packages/airflow/example_dags/example_short_circuit_operator.py took 0.590 seconds
[2023-06-11T00:33:41.937+0200] {processor.py:156} INFO - Started process (PID=5348) to work on /home/nanah/airflow_venv/lib/python3.10/site-packages/airflow/example_dags/example_short_circuit_operator.py
[2023-06-11T00:33:41.943+0200] {processor.py:758} INFO - Processing file /home/nanah/airflow_venv/lib/python3.10/site-packages/airflow/example_dags/example_short_circuit_operator.py for tasks to queue
[2023-06-11T00:33:41.944+0200] {logging_mixin.py:117} INFO - [2023-06-11T00:33:41.944+0200] {dagbag.py:525} INFO - Filling up the DagBag from /home/nanah/airflow_venv/lib/python3.10/site-packages/airflow/example_dags/example_short_circuit_operator.py
[2023-06-11T00:33:42.331+0200] {processor.py:768} INFO - DAG(s) dict_keys(['example_short_circuit_operator']) retrieved from /home/nanah/airflow_venv/lib/python3.10/site-packages/airflow/example_dags/example_short_circuit_operator.py
[2023-06-11T00:33:42.403+0200] {logging_mixin.py:117} INFO - [2023-06-11T00:33:42.403+0200] {dag.py:2573} INFO - Sync 1 DAGs
[2023-06-11T00:33:42.459+0200] {logging_mixin.py:117} INFO - [2023-06-11T00:33:42.459+0200] {dag.py:3324} INFO - Setting next_dagrun for example_short_circuit_operator to 2023-06-09T22:33:42.458834+00:00, run_after=2023-06-10T22:33:42.458834+00:00
[2023-06-11T00:33:42.521+0200] {processor.py:178} INFO - Processing /home/nanah/airflow_venv/lib/python3.10/site-packages/airflow/example_dags/example_short_circuit_operator.py took 0.595 seconds
[2023-06-11T00:34:41.562+0200] {processor.py:156} INFO - Started process (PID=5386) to work on /home/nanah/airflow_venv/lib/python3.10/site-packages/airflow/example_dags/example_short_circuit_operator.py
[2023-06-11T00:34:41.571+0200] {processor.py:758} INFO - Processing file /home/nanah/airflow_venv/lib/python3.10/site-packages/airflow/example_dags/example_short_circuit_operator.py for tasks to queue
[2023-06-11T00:34:41.573+0200] {logging_mixin.py:117} INFO - [2023-06-11T00:34:41.572+0200] {dagbag.py:525} INFO - Filling up the DagBag from /home/nanah/airflow_venv/lib/python3.10/site-packages/airflow/example_dags/example_short_circuit_operator.py
[2023-06-11T00:34:41.670+0200] {processor.py:768} INFO - DAG(s) dict_keys(['example_short_circuit_operator']) retrieved from /home/nanah/airflow_venv/lib/python3.10/site-packages/airflow/example_dags/example_short_circuit_operator.py
[2023-06-11T00:34:41.816+0200] {logging_mixin.py:117} INFO - [2023-06-11T00:34:41.815+0200] {dag.py:2573} INFO - Sync 1 DAGs
[2023-06-11T00:34:41.952+0200] {logging_mixin.py:117} INFO - [2023-06-11T00:34:41.952+0200] {dag.py:3324} INFO - Setting next_dagrun for example_short_circuit_operator to 2023-06-09T22:34:41.951956+00:00, run_after=2023-06-10T22:34:41.951956+00:00
[2023-06-11T00:34:42.404+0200] {processor.py:178} INFO - Processing /home/nanah/airflow_venv/lib/python3.10/site-packages/airflow/example_dags/example_short_circuit_operator.py took 0.850 seconds
[2023-06-11T00:35:42.026+0200] {processor.py:156} INFO - Started process (PID=5422) to work on /home/nanah/airflow_venv/lib/python3.10/site-packages/airflow/example_dags/example_short_circuit_operator.py
[2023-06-11T00:35:42.039+0200] {processor.py:758} INFO - Processing file /home/nanah/airflow_venv/lib/python3.10/site-packages/airflow/example_dags/example_short_circuit_operator.py for tasks to queue
[2023-06-11T00:35:42.041+0200] {logging_mixin.py:117} INFO - [2023-06-11T00:35:42.041+0200] {dagbag.py:525} INFO - Filling up the DagBag from /home/nanah/airflow_venv/lib/python3.10/site-packages/airflow/example_dags/example_short_circuit_operator.py
[2023-06-11T00:35:42.082+0200] {processor.py:768} INFO - DAG(s) dict_keys(['example_short_circuit_operator']) retrieved from /home/nanah/airflow_venv/lib/python3.10/site-packages/airflow/example_dags/example_short_circuit_operator.py
[2023-06-11T00:35:42.142+0200] {logging_mixin.py:117} INFO - [2023-06-11T00:35:42.142+0200] {dag.py:2573} INFO - Sync 1 DAGs
[2023-06-11T00:35:42.185+0200] {logging_mixin.py:117} INFO - [2023-06-11T00:35:42.184+0200] {dag.py:3324} INFO - Setting next_dagrun for example_short_circuit_operator to 2023-06-09T22:35:42.184318+00:00, run_after=2023-06-10T22:35:42.184318+00:00
[2023-06-11T00:35:42.233+0200] {processor.py:178} INFO - Processing /home/nanah/airflow_venv/lib/python3.10/site-packages/airflow/example_dags/example_short_circuit_operator.py took 0.213 seconds
[2023-06-11T00:36:26.042+0200] {processor.py:156} INFO - Started process (PID=5455) to work on /home/nanah/airflow_venv/lib/python3.10/site-packages/airflow/example_dags/example_short_circuit_operator.py
[2023-06-11T00:36:26.051+0200] {processor.py:758} INFO - Processing file /home/nanah/airflow_venv/lib/python3.10/site-packages/airflow/example_dags/example_short_circuit_operator.py for tasks to queue
[2023-06-11T00:36:26.055+0200] {logging_mixin.py:117} INFO - [2023-06-11T00:36:26.054+0200] {dagbag.py:525} INFO - Filling up the DagBag from /home/nanah/airflow_venv/lib/python3.10/site-packages/airflow/example_dags/example_short_circuit_operator.py
[2023-06-11T00:36:26.103+0200] {processor.py:768} INFO - DAG(s) dict_keys(['example_short_circuit_operator']) retrieved from /home/nanah/airflow_venv/lib/python3.10/site-packages/airflow/example_dags/example_short_circuit_operator.py
[2023-06-11T00:36:26.165+0200] {logging_mixin.py:117} INFO - [2023-06-11T00:36:26.165+0200] {dag.py:2573} INFO - Sync 1 DAGs
[2023-06-11T00:36:26.205+0200] {logging_mixin.py:117} INFO - [2023-06-11T00:36:26.205+0200] {dag.py:3324} INFO - Setting next_dagrun for example_short_circuit_operator to 2023-06-09T22:36:26.204640+00:00, run_after=2023-06-10T22:36:26.204640+00:00
[2023-06-11T00:36:26.251+0200] {processor.py:178} INFO - Processing /home/nanah/airflow_venv/lib/python3.10/site-packages/airflow/example_dags/example_short_circuit_operator.py took 0.227 seconds
[2023-06-11T00:37:11.698+0200] {processor.py:156} INFO - Started process (PID=5489) to work on /home/nanah/airflow_venv/lib/python3.10/site-packages/airflow/example_dags/example_short_circuit_operator.py
[2023-06-11T00:37:11.703+0200] {processor.py:758} INFO - Processing file /home/nanah/airflow_venv/lib/python3.10/site-packages/airflow/example_dags/example_short_circuit_operator.py for tasks to queue
[2023-06-11T00:37:11.704+0200] {logging_mixin.py:117} INFO - [2023-06-11T00:37:11.704+0200] {dagbag.py:525} INFO - Filling up the DagBag from /home/nanah/airflow_venv/lib/python3.10/site-packages/airflow/example_dags/example_short_circuit_operator.py
[2023-06-11T00:37:11.747+0200] {processor.py:768} INFO - DAG(s) dict_keys(['example_short_circuit_operator']) retrieved from /home/nanah/airflow_venv/lib/python3.10/site-packages/airflow/example_dags/example_short_circuit_operator.py
[2023-06-11T00:37:11.810+0200] {logging_mixin.py:117} INFO - [2023-06-11T00:37:11.810+0200] {dag.py:2573} INFO - Sync 1 DAGs
[2023-06-11T00:37:11.860+0200] {logging_mixin.py:117} INFO - [2023-06-11T00:37:11.860+0200] {dag.py:3324} INFO - Setting next_dagrun for example_short_circuit_operator to 2023-06-09T22:37:11.859198+00:00, run_after=2023-06-10T22:37:11.859198+00:00
[2023-06-11T00:37:11.922+0200] {processor.py:178} INFO - Processing /home/nanah/airflow_venv/lib/python3.10/site-packages/airflow/example_dags/example_short_circuit_operator.py took 0.233 seconds
[2023-06-11T00:38:04.386+0200] {processor.py:156} INFO - Started process (PID=5523) to work on /home/nanah/airflow_venv/lib/python3.10/site-packages/airflow/example_dags/example_short_circuit_operator.py
[2023-06-11T00:38:04.392+0200] {processor.py:758} INFO - Processing file /home/nanah/airflow_venv/lib/python3.10/site-packages/airflow/example_dags/example_short_circuit_operator.py for tasks to queue
[2023-06-11T00:38:04.394+0200] {logging_mixin.py:117} INFO - [2023-06-11T00:38:04.393+0200] {dagbag.py:525} INFO - Filling up the DagBag from /home/nanah/airflow_venv/lib/python3.10/site-packages/airflow/example_dags/example_short_circuit_operator.py
[2023-06-11T00:38:04.439+0200] {processor.py:768} INFO - DAG(s) dict_keys(['example_short_circuit_operator']) retrieved from /home/nanah/airflow_venv/lib/python3.10/site-packages/airflow/example_dags/example_short_circuit_operator.py
[2023-06-11T00:38:04.505+0200] {logging_mixin.py:117} INFO - [2023-06-11T00:38:04.504+0200] {dag.py:2573} INFO - Sync 1 DAGs
[2023-06-11T00:38:04.552+0200] {logging_mixin.py:117} INFO - [2023-06-11T00:38:04.551+0200] {dag.py:3324} INFO - Setting next_dagrun for example_short_circuit_operator to 2023-06-09T22:38:04.551156+00:00, run_after=2023-06-10T22:38:04.551156+00:00
[2023-06-11T00:38:04.605+0200] {processor.py:178} INFO - Processing /home/nanah/airflow_venv/lib/python3.10/site-packages/airflow/example_dags/example_short_circuit_operator.py took 0.227 seconds
[2023-06-11T00:38:49.536+0200] {processor.py:156} INFO - Started process (PID=5559) to work on /home/nanah/airflow_venv/lib/python3.10/site-packages/airflow/example_dags/example_short_circuit_operator.py
[2023-06-11T00:38:49.540+0200] {processor.py:758} INFO - Processing file /home/nanah/airflow_venv/lib/python3.10/site-packages/airflow/example_dags/example_short_circuit_operator.py for tasks to queue
[2023-06-11T00:38:49.542+0200] {logging_mixin.py:117} INFO - [2023-06-11T00:38:49.542+0200] {dagbag.py:525} INFO - Filling up the DagBag from /home/nanah/airflow_venv/lib/python3.10/site-packages/airflow/example_dags/example_short_circuit_operator.py
[2023-06-11T00:38:49.606+0200] {processor.py:768} INFO - DAG(s) dict_keys(['example_short_circuit_operator']) retrieved from /home/nanah/airflow_venv/lib/python3.10/site-packages/airflow/example_dags/example_short_circuit_operator.py
[2023-06-11T00:38:49.679+0200] {logging_mixin.py:117} INFO - [2023-06-11T00:38:49.678+0200] {dag.py:2573} INFO - Sync 1 DAGs
[2023-06-11T00:38:49.734+0200] {logging_mixin.py:117} INFO - [2023-06-11T00:38:49.733+0200] {dag.py:3324} INFO - Setting next_dagrun for example_short_circuit_operator to 2023-06-09T22:38:49.733327+00:00, run_after=2023-06-10T22:38:49.733327+00:00
[2023-06-11T00:38:49.810+0200] {processor.py:178} INFO - Processing /home/nanah/airflow_venv/lib/python3.10/site-packages/airflow/example_dags/example_short_circuit_operator.py took 0.281 seconds
[2023-06-11T00:39:30.529+0200] {processor.py:156} INFO - Started process (PID=5592) to work on /home/nanah/airflow_venv/lib/python3.10/site-packages/airflow/example_dags/example_short_circuit_operator.py
[2023-06-11T00:39:30.535+0200] {processor.py:758} INFO - Processing file /home/nanah/airflow_venv/lib/python3.10/site-packages/airflow/example_dags/example_short_circuit_operator.py for tasks to queue
[2023-06-11T00:39:30.537+0200] {logging_mixin.py:117} INFO - [2023-06-11T00:39:30.537+0200] {dagbag.py:525} INFO - Filling up the DagBag from /home/nanah/airflow_venv/lib/python3.10/site-packages/airflow/example_dags/example_short_circuit_operator.py
[2023-06-11T00:39:30.584+0200] {processor.py:768} INFO - DAG(s) dict_keys(['example_short_circuit_operator']) retrieved from /home/nanah/airflow_venv/lib/python3.10/site-packages/airflow/example_dags/example_short_circuit_operator.py
[2023-06-11T00:39:30.665+0200] {logging_mixin.py:117} INFO - [2023-06-11T00:39:30.664+0200] {dag.py:2573} INFO - Sync 1 DAGs
[2023-06-11T00:39:30.711+0200] {logging_mixin.py:117} INFO - [2023-06-11T00:39:30.710+0200] {dag.py:3324} INFO - Setting next_dagrun for example_short_circuit_operator to 2023-06-09T22:39:30.710110+00:00, run_after=2023-06-10T22:39:30.710110+00:00
[2023-06-11T00:39:30.770+0200] {processor.py:178} INFO - Processing /home/nanah/airflow_venv/lib/python3.10/site-packages/airflow/example_dags/example_short_circuit_operator.py took 0.249 seconds
[2023-06-11T00:40:13.676+0200] {processor.py:156} INFO - Started process (PID=5626) to work on /home/nanah/airflow_venv/lib/python3.10/site-packages/airflow/example_dags/example_short_circuit_operator.py
[2023-06-11T00:40:13.681+0200] {processor.py:758} INFO - Processing file /home/nanah/airflow_venv/lib/python3.10/site-packages/airflow/example_dags/example_short_circuit_operator.py for tasks to queue
[2023-06-11T00:40:13.683+0200] {logging_mixin.py:117} INFO - [2023-06-11T00:40:13.682+0200] {dagbag.py:525} INFO - Filling up the DagBag from /home/nanah/airflow_venv/lib/python3.10/site-packages/airflow/example_dags/example_short_circuit_operator.py
[2023-06-11T00:40:13.723+0200] {processor.py:768} INFO - DAG(s) dict_keys(['example_short_circuit_operator']) retrieved from /home/nanah/airflow_venv/lib/python3.10/site-packages/airflow/example_dags/example_short_circuit_operator.py
[2023-06-11T00:40:13.797+0200] {logging_mixin.py:117} INFO - [2023-06-11T00:40:13.797+0200] {dag.py:2573} INFO - Sync 1 DAGs
[2023-06-11T00:40:13.851+0200] {logging_mixin.py:117} INFO - [2023-06-11T00:40:13.850+0200] {dag.py:3324} INFO - Setting next_dagrun for example_short_circuit_operator to 2023-06-09T22:40:13.850064+00:00, run_after=2023-06-10T22:40:13.850064+00:00
[2023-06-11T00:40:13.908+0200] {processor.py:178} INFO - Processing /home/nanah/airflow_venv/lib/python3.10/site-packages/airflow/example_dags/example_short_circuit_operator.py took 0.241 seconds
[2023-06-11T00:40:57.331+0200] {processor.py:156} INFO - Started process (PID=5660) to work on /home/nanah/airflow_venv/lib/python3.10/site-packages/airflow/example_dags/example_short_circuit_operator.py
[2023-06-11T00:40:57.337+0200] {processor.py:758} INFO - Processing file /home/nanah/airflow_venv/lib/python3.10/site-packages/airflow/example_dags/example_short_circuit_operator.py for tasks to queue
[2023-06-11T00:40:57.338+0200] {logging_mixin.py:117} INFO - [2023-06-11T00:40:57.338+0200] {dagbag.py:525} INFO - Filling up the DagBag from /home/nanah/airflow_venv/lib/python3.10/site-packages/airflow/example_dags/example_short_circuit_operator.py
[2023-06-11T00:40:57.376+0200] {processor.py:768} INFO - DAG(s) dict_keys(['example_short_circuit_operator']) retrieved from /home/nanah/airflow_venv/lib/python3.10/site-packages/airflow/example_dags/example_short_circuit_operator.py
[2023-06-11T00:40:57.429+0200] {logging_mixin.py:117} INFO - [2023-06-11T00:40:57.429+0200] {dag.py:2573} INFO - Sync 1 DAGs
[2023-06-11T00:40:57.475+0200] {logging_mixin.py:117} INFO - [2023-06-11T00:40:57.474+0200] {dag.py:3324} INFO - Setting next_dagrun for example_short_circuit_operator to 2023-06-09T22:40:57.474220+00:00, run_after=2023-06-10T22:40:57.474220+00:00
[2023-06-11T00:40:57.524+0200] {processor.py:178} INFO - Processing /home/nanah/airflow_venv/lib/python3.10/site-packages/airflow/example_dags/example_short_circuit_operator.py took 0.199 seconds
[2023-06-11T00:41:41.893+0200] {processor.py:156} INFO - Started process (PID=5696) to work on /home/nanah/airflow_venv/lib/python3.10/site-packages/airflow/example_dags/example_short_circuit_operator.py
[2023-06-11T00:41:41.897+0200] {processor.py:758} INFO - Processing file /home/nanah/airflow_venv/lib/python3.10/site-packages/airflow/example_dags/example_short_circuit_operator.py for tasks to queue
[2023-06-11T00:41:41.899+0200] {logging_mixin.py:117} INFO - [2023-06-11T00:41:41.898+0200] {dagbag.py:525} INFO - Filling up the DagBag from /home/nanah/airflow_venv/lib/python3.10/site-packages/airflow/example_dags/example_short_circuit_operator.py
[2023-06-11T00:41:41.940+0200] {processor.py:768} INFO - DAG(s) dict_keys(['example_short_circuit_operator']) retrieved from /home/nanah/airflow_venv/lib/python3.10/site-packages/airflow/example_dags/example_short_circuit_operator.py
[2023-06-11T00:41:42.005+0200] {logging_mixin.py:117} INFO - [2023-06-11T00:41:42.004+0200] {dag.py:2573} INFO - Sync 1 DAGs
[2023-06-11T00:41:42.055+0200] {logging_mixin.py:117} INFO - [2023-06-11T00:41:42.054+0200] {dag.py:3324} INFO - Setting next_dagrun for example_short_circuit_operator to 2023-06-09T22:41:42.054239+00:00, run_after=2023-06-10T22:41:42.054239+00:00
[2023-06-11T00:41:42.113+0200] {processor.py:178} INFO - Processing /home/nanah/airflow_venv/lib/python3.10/site-packages/airflow/example_dags/example_short_circuit_operator.py took 0.227 seconds
[2023-06-11T00:42:29.574+0200] {processor.py:156} INFO - Started process (PID=5732) to work on /home/nanah/airflow_venv/lib/python3.10/site-packages/airflow/example_dags/example_short_circuit_operator.py
[2023-06-11T00:42:29.582+0200] {processor.py:758} INFO - Processing file /home/nanah/airflow_venv/lib/python3.10/site-packages/airflow/example_dags/example_short_circuit_operator.py for tasks to queue
[2023-06-11T00:42:29.584+0200] {logging_mixin.py:117} INFO - [2023-06-11T00:42:29.583+0200] {dagbag.py:525} INFO - Filling up the DagBag from /home/nanah/airflow_venv/lib/python3.10/site-packages/airflow/example_dags/example_short_circuit_operator.py
[2023-06-11T00:42:29.632+0200] {processor.py:768} INFO - DAG(s) dict_keys(['example_short_circuit_operator']) retrieved from /home/nanah/airflow_venv/lib/python3.10/site-packages/airflow/example_dags/example_short_circuit_operator.py
[2023-06-11T00:42:29.702+0200] {logging_mixin.py:117} INFO - [2023-06-11T00:42:29.701+0200] {dag.py:2573} INFO - Sync 1 DAGs
[2023-06-11T00:42:29.787+0200] {logging_mixin.py:117} INFO - [2023-06-11T00:42:29.787+0200] {dag.py:3324} INFO - Setting next_dagrun for example_short_circuit_operator to 2023-06-09T22:42:29.786560+00:00, run_after=2023-06-10T22:42:29.786560+00:00
[2023-06-11T00:42:29.870+0200] {processor.py:178} INFO - Processing /home/nanah/airflow_venv/lib/python3.10/site-packages/airflow/example_dags/example_short_circuit_operator.py took 0.304 seconds
[2023-06-11T00:43:17.315+0200] {processor.py:156} INFO - Started process (PID=5766) to work on /home/nanah/airflow_venv/lib/python3.10/site-packages/airflow/example_dags/example_short_circuit_operator.py
[2023-06-11T00:43:17.319+0200] {processor.py:758} INFO - Processing file /home/nanah/airflow_venv/lib/python3.10/site-packages/airflow/example_dags/example_short_circuit_operator.py for tasks to queue
[2023-06-11T00:43:17.321+0200] {logging_mixin.py:117} INFO - [2023-06-11T00:43:17.320+0200] {dagbag.py:525} INFO - Filling up the DagBag from /home/nanah/airflow_venv/lib/python3.10/site-packages/airflow/example_dags/example_short_circuit_operator.py
[2023-06-11T00:43:17.377+0200] {processor.py:768} INFO - DAG(s) dict_keys(['example_short_circuit_operator']) retrieved from /home/nanah/airflow_venv/lib/python3.10/site-packages/airflow/example_dags/example_short_circuit_operator.py
[2023-06-11T00:43:17.444+0200] {logging_mixin.py:117} INFO - [2023-06-11T00:43:17.444+0200] {dag.py:2573} INFO - Sync 1 DAGs
[2023-06-11T00:43:17.495+0200] {logging_mixin.py:117} INFO - [2023-06-11T00:43:17.494+0200] {dag.py:3324} INFO - Setting next_dagrun for example_short_circuit_operator to 2023-06-09T22:43:17.494235+00:00, run_after=2023-06-10T22:43:17.494235+00:00
[2023-06-11T00:43:17.546+0200] {processor.py:178} INFO - Processing /home/nanah/airflow_venv/lib/python3.10/site-packages/airflow/example_dags/example_short_circuit_operator.py took 0.241 seconds
[2023-06-11T00:43:59.732+0200] {processor.py:156} INFO - Started process (PID=5800) to work on /home/nanah/airflow_venv/lib/python3.10/site-packages/airflow/example_dags/example_short_circuit_operator.py
[2023-06-11T00:43:59.738+0200] {processor.py:758} INFO - Processing file /home/nanah/airflow_venv/lib/python3.10/site-packages/airflow/example_dags/example_short_circuit_operator.py for tasks to queue
[2023-06-11T00:43:59.739+0200] {logging_mixin.py:117} INFO - [2023-06-11T00:43:59.739+0200] {dagbag.py:525} INFO - Filling up the DagBag from /home/nanah/airflow_venv/lib/python3.10/site-packages/airflow/example_dags/example_short_circuit_operator.py
[2023-06-11T00:43:59.782+0200] {processor.py:768} INFO - DAG(s) dict_keys(['example_short_circuit_operator']) retrieved from /home/nanah/airflow_venv/lib/python3.10/site-packages/airflow/example_dags/example_short_circuit_operator.py
[2023-06-11T00:43:59.845+0200] {logging_mixin.py:117} INFO - [2023-06-11T00:43:59.845+0200] {dag.py:2573} INFO - Sync 1 DAGs
[2023-06-11T00:43:59.897+0200] {logging_mixin.py:117} INFO - [2023-06-11T00:43:59.896+0200] {dag.py:3324} INFO - Setting next_dagrun for example_short_circuit_operator to 2023-06-09T22:43:59.896285+00:00, run_after=2023-06-10T22:43:59.896285+00:00
[2023-06-11T00:43:59.957+0200] {processor.py:178} INFO - Processing /home/nanah/airflow_venv/lib/python3.10/site-packages/airflow/example_dags/example_short_circuit_operator.py took 0.232 seconds
[2023-06-11T00:44:49.844+0200] {processor.py:156} INFO - Started process (PID=5834) to work on /home/nanah/airflow_venv/lib/python3.10/site-packages/airflow/example_dags/example_short_circuit_operator.py
[2023-06-11T00:44:49.853+0200] {processor.py:758} INFO - Processing file /home/nanah/airflow_venv/lib/python3.10/site-packages/airflow/example_dags/example_short_circuit_operator.py for tasks to queue
[2023-06-11T00:44:49.855+0200] {logging_mixin.py:117} INFO - [2023-06-11T00:44:49.854+0200] {dagbag.py:525} INFO - Filling up the DagBag from /home/nanah/airflow_venv/lib/python3.10/site-packages/airflow/example_dags/example_short_circuit_operator.py
[2023-06-11T00:44:49.897+0200] {processor.py:768} INFO - DAG(s) dict_keys(['example_short_circuit_operator']) retrieved from /home/nanah/airflow_venv/lib/python3.10/site-packages/airflow/example_dags/example_short_circuit_operator.py
[2023-06-11T00:44:49.967+0200] {logging_mixin.py:117} INFO - [2023-06-11T00:44:49.967+0200] {dag.py:2573} INFO - Sync 1 DAGs
[2023-06-11T00:44:50.020+0200] {logging_mixin.py:117} INFO - [2023-06-11T00:44:50.019+0200] {dag.py:3324} INFO - Setting next_dagrun for example_short_circuit_operator to 2023-06-09T22:44:50.018918+00:00, run_after=2023-06-10T22:44:50.018918+00:00
[2023-06-11T00:44:50.078+0200] {processor.py:178} INFO - Processing /home/nanah/airflow_venv/lib/python3.10/site-packages/airflow/example_dags/example_short_circuit_operator.py took 0.243 seconds
[2023-06-11T00:45:40.083+0200] {processor.py:156} INFO - Started process (PID=5869) to work on /home/nanah/airflow_venv/lib/python3.10/site-packages/airflow/example_dags/example_short_circuit_operator.py
[2023-06-11T00:45:40.089+0200] {processor.py:758} INFO - Processing file /home/nanah/airflow_venv/lib/python3.10/site-packages/airflow/example_dags/example_short_circuit_operator.py for tasks to queue
[2023-06-11T00:45:40.092+0200] {logging_mixin.py:117} INFO - [2023-06-11T00:45:40.092+0200] {dagbag.py:525} INFO - Filling up the DagBag from /home/nanah/airflow_venv/lib/python3.10/site-packages/airflow/example_dags/example_short_circuit_operator.py
[2023-06-11T00:45:40.142+0200] {processor.py:768} INFO - DAG(s) dict_keys(['example_short_circuit_operator']) retrieved from /home/nanah/airflow_venv/lib/python3.10/site-packages/airflow/example_dags/example_short_circuit_operator.py
[2023-06-11T00:45:40.226+0200] {logging_mixin.py:117} INFO - [2023-06-11T00:45:40.226+0200] {dag.py:2573} INFO - Sync 1 DAGs
[2023-06-11T00:45:40.307+0200] {logging_mixin.py:117} INFO - [2023-06-11T00:45:40.307+0200] {dag.py:3324} INFO - Setting next_dagrun for example_short_circuit_operator to 2023-06-09T22:45:40.306928+00:00, run_after=2023-06-10T22:45:40.306928+00:00
[2023-06-11T00:45:40.521+0200] {processor.py:178} INFO - Processing /home/nanah/airflow_venv/lib/python3.10/site-packages/airflow/example_dags/example_short_circuit_operator.py took 0.445 seconds
