[2023-06-11T00:12:18.467+0200] {processor.py:156} INFO - Started process (PID=4620) to work on /home/nanah/airflow_venv/lib/python3.10/site-packages/airflow/example_dags/example_sla_dag.py
[2023-06-11T00:12:18.478+0200] {processor.py:758} INFO - Processing file /home/nanah/airflow_venv/lib/python3.10/site-packages/airflow/example_dags/example_sla_dag.py for tasks to queue
[2023-06-11T00:12:18.480+0200] {logging_mixin.py:117} INFO - [2023-06-11T00:12:18.479+0200] {dagbag.py:525} INFO - Filling up the DagBag from /home/nanah/airflow_venv/lib/python3.10/site-packages/airflow/example_dags/example_sla_dag.py
[2023-06-11T00:12:18.596+0200] {processor.py:768} INFO - DAG(s) dict_keys(['example_sla_dag']) retrieved from /home/nanah/airflow_venv/lib/python3.10/site-packages/airflow/example_dags/example_sla_dag.py
[2023-06-11T00:12:18.751+0200] {logging_mixin.py:117} INFO - [2023-06-11T00:12:18.739+0200] {dag.py:2573} INFO - Sync 1 DAGs
[2023-06-11T00:12:18.944+0200] {logging_mixin.py:117} INFO - [2023-06-11T00:12:18.944+0200] {dag.py:3324} INFO - Setting next_dagrun for example_sla_dag to 2023-06-10T22:10:00+00:00, run_after=2023-06-10T22:12:00+00:00
[2023-06-11T00:12:19.425+0200] {processor.py:178} INFO - Processing /home/nanah/airflow_venv/lib/python3.10/site-packages/airflow/example_dags/example_sla_dag.py took 0.966 seconds
[2023-06-11T00:13:36.326+0200] {processor.py:156} INFO - Started process (PID=4659) to work on /home/nanah/airflow_venv/lib/python3.10/site-packages/airflow/example_dags/example_sla_dag.py
[2023-06-11T00:13:36.329+0200] {processor.py:758} INFO - Processing file /home/nanah/airflow_venv/lib/python3.10/site-packages/airflow/example_dags/example_sla_dag.py for tasks to queue
[2023-06-11T00:13:36.331+0200] {logging_mixin.py:117} INFO - [2023-06-11T00:13:36.331+0200] {dagbag.py:525} INFO - Filling up the DagBag from /home/nanah/airflow_venv/lib/python3.10/site-packages/airflow/example_dags/example_sla_dag.py
[2023-06-11T00:13:36.414+0200] {processor.py:768} INFO - DAG(s) dict_keys(['example_sla_dag']) retrieved from /home/nanah/airflow_venv/lib/python3.10/site-packages/airflow/example_dags/example_sla_dag.py
[2023-06-11T00:13:36.501+0200] {logging_mixin.py:117} INFO - [2023-06-11T00:13:36.500+0200] {dag.py:2573} INFO - Sync 1 DAGs
[2023-06-11T00:13:36.566+0200] {logging_mixin.py:117} INFO - [2023-06-11T00:13:36.566+0200] {dag.py:3324} INFO - Setting next_dagrun for example_sla_dag to 2023-06-10T22:10:00+00:00, run_after=2023-06-10T22:12:00+00:00
[2023-06-11T00:13:36.639+0200] {processor.py:178} INFO - Processing /home/nanah/airflow_venv/lib/python3.10/site-packages/airflow/example_dags/example_sla_dag.py took 0.325 seconds
[2023-06-11T00:14:40.251+0200] {processor.py:156} INFO - Started process (PID=4693) to work on /home/nanah/airflow_venv/lib/python3.10/site-packages/airflow/example_dags/example_sla_dag.py
[2023-06-11T00:14:40.263+0200] {processor.py:758} INFO - Processing file /home/nanah/airflow_venv/lib/python3.10/site-packages/airflow/example_dags/example_sla_dag.py for tasks to queue
[2023-06-11T00:14:40.265+0200] {logging_mixin.py:117} INFO - [2023-06-11T00:14:40.264+0200] {dagbag.py:525} INFO - Filling up the DagBag from /home/nanah/airflow_venv/lib/python3.10/site-packages/airflow/example_dags/example_sla_dag.py
[2023-06-11T00:14:40.379+0200] {processor.py:768} INFO - DAG(s) dict_keys(['example_sla_dag']) retrieved from /home/nanah/airflow_venv/lib/python3.10/site-packages/airflow/example_dags/example_sla_dag.py
[2023-06-11T00:14:41.604+0200] {logging_mixin.py:117} INFO - [2023-06-11T00:14:41.604+0200] {dag.py:2573} INFO - Sync 1 DAGs
[2023-06-11T00:14:41.720+0200] {logging_mixin.py:117} INFO - [2023-06-11T00:14:41.720+0200] {dag.py:3324} INFO - Setting next_dagrun for example_sla_dag to 2023-06-10T22:12:00+00:00, run_after=2023-06-10T22:14:00+00:00
[2023-06-11T00:14:44.995+0200] {processor.py:178} INFO - Processing /home/nanah/airflow_venv/lib/python3.10/site-packages/airflow/example_dags/example_sla_dag.py took 4.751 seconds
[2023-06-11T00:16:19.918+0200] {processor.py:156} INFO - Started process (PID=4742) to work on /home/nanah/airflow_venv/lib/python3.10/site-packages/airflow/example_dags/example_sla_dag.py
[2023-06-11T00:16:19.926+0200] {processor.py:758} INFO - Processing file /home/nanah/airflow_venv/lib/python3.10/site-packages/airflow/example_dags/example_sla_dag.py for tasks to queue
[2023-06-11T00:16:19.930+0200] {logging_mixin.py:117} INFO - [2023-06-11T00:16:19.929+0200] {dagbag.py:525} INFO - Filling up the DagBag from /home/nanah/airflow_venv/lib/python3.10/site-packages/airflow/example_dags/example_sla_dag.py
[2023-06-11T00:16:20.024+0200] {processor.py:768} INFO - DAG(s) dict_keys(['example_sla_dag']) retrieved from /home/nanah/airflow_venv/lib/python3.10/site-packages/airflow/example_dags/example_sla_dag.py
[2023-06-11T00:16:20.164+0200] {logging_mixin.py:117} INFO - [2023-06-11T00:16:20.163+0200] {dag.py:2573} INFO - Sync 1 DAGs
[2023-06-11T00:16:20.361+0200] {logging_mixin.py:117} INFO - [2023-06-11T00:16:20.361+0200] {dag.py:3324} INFO - Setting next_dagrun for example_sla_dag to 2023-06-10T22:14:00+00:00, run_after=2023-06-10T22:16:00+00:00
[2023-06-11T00:16:20.759+0200] {processor.py:178} INFO - Processing /home/nanah/airflow_venv/lib/python3.10/site-packages/airflow/example_dags/example_sla_dag.py took 0.852 seconds
[2023-06-11T00:17:12.305+0200] {processor.py:156} INFO - Started process (PID=4783) to work on /home/nanah/airflow_venv/lib/python3.10/site-packages/airflow/example_dags/example_sla_dag.py
[2023-06-11T00:17:12.311+0200] {processor.py:758} INFO - Processing file /home/nanah/airflow_venv/lib/python3.10/site-packages/airflow/example_dags/example_sla_dag.py for tasks to queue
[2023-06-11T00:17:12.313+0200] {logging_mixin.py:117} INFO - [2023-06-11T00:17:12.313+0200] {dagbag.py:525} INFO - Filling up the DagBag from /home/nanah/airflow_venv/lib/python3.10/site-packages/airflow/example_dags/example_sla_dag.py
[2023-06-11T00:17:12.366+0200] {processor.py:768} INFO - DAG(s) dict_keys(['example_sla_dag']) retrieved from /home/nanah/airflow_venv/lib/python3.10/site-packages/airflow/example_dags/example_sla_dag.py
[2023-06-11T00:17:12.420+0200] {logging_mixin.py:117} INFO - [2023-06-11T00:17:12.420+0200] {dag.py:2573} INFO - Sync 1 DAGs
[2023-06-11T00:17:12.469+0200] {logging_mixin.py:117} INFO - [2023-06-11T00:17:12.469+0200] {dag.py:3324} INFO - Setting next_dagrun for example_sla_dag to 2023-06-10T22:14:00+00:00, run_after=2023-06-10T22:16:00+00:00
[2023-06-11T00:17:12.518+0200] {processor.py:178} INFO - Processing /home/nanah/airflow_venv/lib/python3.10/site-packages/airflow/example_dags/example_sla_dag.py took 0.220 seconds
[2023-06-11T00:18:02.633+0200] {processor.py:156} INFO - Started process (PID=4818) to work on /home/nanah/airflow_venv/lib/python3.10/site-packages/airflow/example_dags/example_sla_dag.py
[2023-06-11T00:18:02.639+0200] {processor.py:758} INFO - Processing file /home/nanah/airflow_venv/lib/python3.10/site-packages/airflow/example_dags/example_sla_dag.py for tasks to queue
[2023-06-11T00:18:02.642+0200] {logging_mixin.py:117} INFO - [2023-06-11T00:18:02.642+0200] {dagbag.py:525} INFO - Filling up the DagBag from /home/nanah/airflow_venv/lib/python3.10/site-packages/airflow/example_dags/example_sla_dag.py
[2023-06-11T00:18:02.694+0200] {processor.py:768} INFO - DAG(s) dict_keys(['example_sla_dag']) retrieved from /home/nanah/airflow_venv/lib/python3.10/site-packages/airflow/example_dags/example_sla_dag.py
[2023-06-11T00:18:02.747+0200] {logging_mixin.py:117} INFO - [2023-06-11T00:18:02.746+0200] {dag.py:2573} INFO - Sync 1 DAGs
[2023-06-11T00:18:02.796+0200] {logging_mixin.py:117} INFO - [2023-06-11T00:18:02.796+0200] {dag.py:3324} INFO - Setting next_dagrun for example_sla_dag to 2023-06-10T22:16:00+00:00, run_after=2023-06-10T22:18:00+00:00
[2023-06-11T00:18:02.858+0200] {processor.py:178} INFO - Processing /home/nanah/airflow_venv/lib/python3.10/site-packages/airflow/example_dags/example_sla_dag.py took 0.231 seconds
[2023-06-11T00:18:47.327+0200] {processor.py:156} INFO - Started process (PID=4853) to work on /home/nanah/airflow_venv/lib/python3.10/site-packages/airflow/example_dags/example_sla_dag.py
[2023-06-11T00:18:47.334+0200] {processor.py:758} INFO - Processing file /home/nanah/airflow_venv/lib/python3.10/site-packages/airflow/example_dags/example_sla_dag.py for tasks to queue
[2023-06-11T00:18:47.335+0200] {logging_mixin.py:117} INFO - [2023-06-11T00:18:47.335+0200] {dagbag.py:525} INFO - Filling up the DagBag from /home/nanah/airflow_venv/lib/python3.10/site-packages/airflow/example_dags/example_sla_dag.py
[2023-06-11T00:18:47.386+0200] {processor.py:768} INFO - DAG(s) dict_keys(['example_sla_dag']) retrieved from /home/nanah/airflow_venv/lib/python3.10/site-packages/airflow/example_dags/example_sla_dag.py
[2023-06-11T00:18:47.440+0200] {logging_mixin.py:117} INFO - [2023-06-11T00:18:47.439+0200] {dag.py:2573} INFO - Sync 1 DAGs
[2023-06-11T00:18:47.488+0200] {logging_mixin.py:117} INFO - [2023-06-11T00:18:47.488+0200] {dag.py:3324} INFO - Setting next_dagrun for example_sla_dag to 2023-06-10T22:16:00+00:00, run_after=2023-06-10T22:18:00+00:00
[2023-06-11T00:18:47.544+0200] {processor.py:178} INFO - Processing /home/nanah/airflow_venv/lib/python3.10/site-packages/airflow/example_dags/example_sla_dag.py took 0.223 seconds
[2023-06-11T00:20:04.405+0200] {processor.py:156} INFO - Started process (PID=4894) to work on /home/nanah/airflow_venv/lib/python3.10/site-packages/airflow/example_dags/example_sla_dag.py
[2023-06-11T00:20:04.415+0200] {processor.py:758} INFO - Processing file /home/nanah/airflow_venv/lib/python3.10/site-packages/airflow/example_dags/example_sla_dag.py for tasks to queue
[2023-06-11T00:20:04.420+0200] {logging_mixin.py:117} INFO - [2023-06-11T00:20:04.420+0200] {dagbag.py:525} INFO - Filling up the DagBag from /home/nanah/airflow_venv/lib/python3.10/site-packages/airflow/example_dags/example_sla_dag.py
[2023-06-11T00:20:04.634+0200] {processor.py:768} INFO - DAG(s) dict_keys(['example_sla_dag']) retrieved from /home/nanah/airflow_venv/lib/python3.10/site-packages/airflow/example_dags/example_sla_dag.py
[2023-06-11T00:20:04.824+0200] {logging_mixin.py:117} INFO - [2023-06-11T00:20:04.824+0200] {dag.py:2573} INFO - Sync 1 DAGs
[2023-06-11T00:20:05.082+0200] {logging_mixin.py:117} INFO - [2023-06-11T00:20:05.082+0200] {dag.py:3324} INFO - Setting next_dagrun for example_sla_dag to 2023-06-10T22:18:00+00:00, run_after=2023-06-10T22:20:00+00:00
[2023-06-11T00:20:05.754+0200] {processor.py:178} INFO - Processing /home/nanah/airflow_venv/lib/python3.10/site-packages/airflow/example_dags/example_sla_dag.py took 1.359 seconds
[2023-06-11T00:21:07.571+0200] {processor.py:156} INFO - Started process (PID=4932) to work on /home/nanah/airflow_venv/lib/python3.10/site-packages/airflow/example_dags/example_sla_dag.py
[2023-06-11T00:21:07.583+0200] {processor.py:758} INFO - Processing file /home/nanah/airflow_venv/lib/python3.10/site-packages/airflow/example_dags/example_sla_dag.py for tasks to queue
[2023-06-11T00:21:07.585+0200] {logging_mixin.py:117} INFO - [2023-06-11T00:21:07.585+0200] {dagbag.py:525} INFO - Filling up the DagBag from /home/nanah/airflow_venv/lib/python3.10/site-packages/airflow/example_dags/example_sla_dag.py
[2023-06-11T00:21:07.694+0200] {processor.py:768} INFO - DAG(s) dict_keys(['example_sla_dag']) retrieved from /home/nanah/airflow_venv/lib/python3.10/site-packages/airflow/example_dags/example_sla_dag.py
[2023-06-11T00:21:07.803+0200] {logging_mixin.py:117} INFO - [2023-06-11T00:21:07.802+0200] {dag.py:2573} INFO - Sync 1 DAGs
[2023-06-11T00:21:07.899+0200] {logging_mixin.py:117} INFO - [2023-06-11T00:21:07.899+0200] {dag.py:3324} INFO - Setting next_dagrun for example_sla_dag to 2023-06-10T22:18:00+00:00, run_after=2023-06-10T22:20:00+00:00
[2023-06-11T00:21:08.008+0200] {processor.py:178} INFO - Processing /home/nanah/airflow_venv/lib/python3.10/site-packages/airflow/example_dags/example_sla_dag.py took 0.455 seconds
[2023-06-11T00:22:18.776+0200] {processor.py:156} INFO - Started process (PID=4969) to work on /home/nanah/airflow_venv/lib/python3.10/site-packages/airflow/example_dags/example_sla_dag.py
[2023-06-11T00:22:18.785+0200] {processor.py:758} INFO - Processing file /home/nanah/airflow_venv/lib/python3.10/site-packages/airflow/example_dags/example_sla_dag.py for tasks to queue
[2023-06-11T00:22:18.787+0200] {logging_mixin.py:117} INFO - [2023-06-11T00:22:18.786+0200] {dagbag.py:525} INFO - Filling up the DagBag from /home/nanah/airflow_venv/lib/python3.10/site-packages/airflow/example_dags/example_sla_dag.py
[2023-06-11T00:22:18.860+0200] {processor.py:768} INFO - DAG(s) dict_keys(['example_sla_dag']) retrieved from /home/nanah/airflow_venv/lib/python3.10/site-packages/airflow/example_dags/example_sla_dag.py
[2023-06-11T00:22:18.936+0200] {logging_mixin.py:117} INFO - [2023-06-11T00:22:18.935+0200] {dag.py:2573} INFO - Sync 1 DAGs
[2023-06-11T00:22:18.996+0200] {logging_mixin.py:117} INFO - [2023-06-11T00:22:18.996+0200] {dag.py:3324} INFO - Setting next_dagrun for example_sla_dag to 2023-06-10T22:20:00+00:00, run_after=2023-06-10T22:22:00+00:00
[2023-06-11T00:22:19.078+0200] {processor.py:178} INFO - Processing /home/nanah/airflow_venv/lib/python3.10/site-packages/airflow/example_dags/example_sla_dag.py took 0.309 seconds
[2023-06-11T00:23:13.479+0200] {processor.py:156} INFO - Started process (PID=5003) to work on /home/nanah/airflow_venv/lib/python3.10/site-packages/airflow/example_dags/example_sla_dag.py
[2023-06-11T00:23:13.487+0200] {processor.py:758} INFO - Processing file /home/nanah/airflow_venv/lib/python3.10/site-packages/airflow/example_dags/example_sla_dag.py for tasks to queue
[2023-06-11T00:23:13.490+0200] {logging_mixin.py:117} INFO - [2023-06-11T00:23:13.490+0200] {dagbag.py:525} INFO - Filling up the DagBag from /home/nanah/airflow_venv/lib/python3.10/site-packages/airflow/example_dags/example_sla_dag.py
[2023-06-11T00:23:13.558+0200] {processor.py:768} INFO - DAG(s) dict_keys(['example_sla_dag']) retrieved from /home/nanah/airflow_venv/lib/python3.10/site-packages/airflow/example_dags/example_sla_dag.py
[2023-06-11T00:23:13.645+0200] {logging_mixin.py:117} INFO - [2023-06-11T00:23:13.645+0200] {dag.py:2573} INFO - Sync 1 DAGs
[2023-06-11T00:23:13.708+0200] {logging_mixin.py:117} INFO - [2023-06-11T00:23:13.708+0200] {dag.py:3324} INFO - Setting next_dagrun for example_sla_dag to 2023-06-10T22:20:00+00:00, run_after=2023-06-10T22:22:00+00:00
[2023-06-11T00:23:13.773+0200] {processor.py:178} INFO - Processing /home/nanah/airflow_venv/lib/python3.10/site-packages/airflow/example_dags/example_sla_dag.py took 0.301 seconds
[2023-06-11T00:24:17.924+0200] {processor.py:156} INFO - Started process (PID=5037) to work on /home/nanah/airflow_venv/lib/python3.10/site-packages/airflow/example_dags/example_sla_dag.py
[2023-06-11T00:24:17.931+0200] {processor.py:758} INFO - Processing file /home/nanah/airflow_venv/lib/python3.10/site-packages/airflow/example_dags/example_sla_dag.py for tasks to queue
[2023-06-11T00:24:17.933+0200] {logging_mixin.py:117} INFO - [2023-06-11T00:24:17.933+0200] {dagbag.py:525} INFO - Filling up the DagBag from /home/nanah/airflow_venv/lib/python3.10/site-packages/airflow/example_dags/example_sla_dag.py
[2023-06-11T00:24:18.075+0200] {processor.py:768} INFO - DAG(s) dict_keys(['example_sla_dag']) retrieved from /home/nanah/airflow_venv/lib/python3.10/site-packages/airflow/example_dags/example_sla_dag.py
[2023-06-11T00:24:18.211+0200] {logging_mixin.py:117} INFO - [2023-06-11T00:24:18.207+0200] {dag.py:2573} INFO - Sync 1 DAGs
[2023-06-11T00:24:18.306+0200] {logging_mixin.py:117} INFO - [2023-06-11T00:24:18.305+0200] {dag.py:3324} INFO - Setting next_dagrun for example_sla_dag to 2023-06-10T22:22:00+00:00, run_after=2023-06-10T22:24:00+00:00
[2023-06-11T00:24:18.783+0200] {processor.py:178} INFO - Processing /home/nanah/airflow_venv/lib/python3.10/site-packages/airflow/example_dags/example_sla_dag.py took 0.869 seconds
[2023-06-11T00:26:06.516+0200] {processor.py:156} INFO - Started process (PID=5074) to work on /home/nanah/airflow_venv/lib/python3.10/site-packages/airflow/example_dags/example_sla_dag.py
[2023-06-11T00:26:06.520+0200] {processor.py:758} INFO - Processing file /home/nanah/airflow_venv/lib/python3.10/site-packages/airflow/example_dags/example_sla_dag.py for tasks to queue
[2023-06-11T00:26:06.522+0200] {logging_mixin.py:117} INFO - [2023-06-11T00:26:06.521+0200] {dagbag.py:525} INFO - Filling up the DagBag from /home/nanah/airflow_venv/lib/python3.10/site-packages/airflow/example_dags/example_sla_dag.py
[2023-06-11T00:26:06.586+0200] {processor.py:768} INFO - DAG(s) dict_keys(['example_sla_dag']) retrieved from /home/nanah/airflow_venv/lib/python3.10/site-packages/airflow/example_dags/example_sla_dag.py
[2023-06-11T00:26:06.668+0200] {logging_mixin.py:117} INFO - [2023-06-11T00:26:06.668+0200] {dag.py:2573} INFO - Sync 1 DAGs
[2023-06-11T00:26:07.035+0200] {logging_mixin.py:117} INFO - [2023-06-11T00:26:07.034+0200] {dag.py:3324} INFO - Setting next_dagrun for example_sla_dag to 2023-06-10T22:24:00+00:00, run_after=2023-06-10T22:26:00+00:00
[2023-06-11T00:26:07.102+0200] {processor.py:178} INFO - Processing /home/nanah/airflow_venv/lib/python3.10/site-packages/airflow/example_dags/example_sla_dag.py took 0.592 seconds
[2023-06-11T00:27:08.882+0200] {processor.py:156} INFO - Started process (PID=5111) to work on /home/nanah/airflow_venv/lib/python3.10/site-packages/airflow/example_dags/example_sla_dag.py
[2023-06-11T00:27:08.889+0200] {processor.py:758} INFO - Processing file /home/nanah/airflow_venv/lib/python3.10/site-packages/airflow/example_dags/example_sla_dag.py for tasks to queue
[2023-06-11T00:27:08.892+0200] {logging_mixin.py:117} INFO - [2023-06-11T00:27:08.892+0200] {dagbag.py:525} INFO - Filling up the DagBag from /home/nanah/airflow_venv/lib/python3.10/site-packages/airflow/example_dags/example_sla_dag.py
[2023-06-11T00:27:08.960+0200] {processor.py:768} INFO - DAG(s) dict_keys(['example_sla_dag']) retrieved from /home/nanah/airflow_venv/lib/python3.10/site-packages/airflow/example_dags/example_sla_dag.py
[2023-06-11T00:27:09.032+0200] {logging_mixin.py:117} INFO - [2023-06-11T00:27:09.032+0200] {dag.py:2573} INFO - Sync 1 DAGs
[2023-06-11T00:27:09.382+0200] {logging_mixin.py:117} INFO - [2023-06-11T00:27:09.381+0200] {dag.py:3324} INFO - Setting next_dagrun for example_sla_dag to 2023-06-10T22:24:00+00:00, run_after=2023-06-10T22:26:00+00:00
[2023-06-11T00:27:09.443+0200] {processor.py:178} INFO - Processing /home/nanah/airflow_venv/lib/python3.10/site-packages/airflow/example_dags/example_sla_dag.py took 0.568 seconds
[2023-06-11T00:28:10.468+0200] {processor.py:156} INFO - Started process (PID=5148) to work on /home/nanah/airflow_venv/lib/python3.10/site-packages/airflow/example_dags/example_sla_dag.py
[2023-06-11T00:28:10.472+0200] {processor.py:758} INFO - Processing file /home/nanah/airflow_venv/lib/python3.10/site-packages/airflow/example_dags/example_sla_dag.py for tasks to queue
[2023-06-11T00:28:10.473+0200] {logging_mixin.py:117} INFO - [2023-06-11T00:28:10.473+0200] {dagbag.py:525} INFO - Filling up the DagBag from /home/nanah/airflow_venv/lib/python3.10/site-packages/airflow/example_dags/example_sla_dag.py
[2023-06-11T00:28:10.560+0200] {processor.py:768} INFO - DAG(s) dict_keys(['example_sla_dag']) retrieved from /home/nanah/airflow_venv/lib/python3.10/site-packages/airflow/example_dags/example_sla_dag.py
[2023-06-11T00:28:10.652+0200] {logging_mixin.py:117} INFO - [2023-06-11T00:28:10.652+0200] {dag.py:2573} INFO - Sync 1 DAGs
[2023-06-11T00:28:11.038+0200] {logging_mixin.py:117} INFO - [2023-06-11T00:28:11.037+0200] {dag.py:3324} INFO - Setting next_dagrun for example_sla_dag to 2023-06-10T22:26:00+00:00, run_after=2023-06-10T22:28:00+00:00
[2023-06-11T00:28:11.107+0200] {processor.py:178} INFO - Processing /home/nanah/airflow_venv/lib/python3.10/site-packages/airflow/example_dags/example_sla_dag.py took 0.649 seconds
[2023-06-11T00:29:06.418+0200] {processor.py:156} INFO - Started process (PID=5182) to work on /home/nanah/airflow_venv/lib/python3.10/site-packages/airflow/example_dags/example_sla_dag.py
[2023-06-11T00:29:06.423+0200] {processor.py:758} INFO - Processing file /home/nanah/airflow_venv/lib/python3.10/site-packages/airflow/example_dags/example_sla_dag.py for tasks to queue
[2023-06-11T00:29:06.425+0200] {logging_mixin.py:117} INFO - [2023-06-11T00:29:06.424+0200] {dagbag.py:525} INFO - Filling up the DagBag from /home/nanah/airflow_venv/lib/python3.10/site-packages/airflow/example_dags/example_sla_dag.py
[2023-06-11T00:29:06.538+0200] {processor.py:768} INFO - DAG(s) dict_keys(['example_sla_dag']) retrieved from /home/nanah/airflow_venv/lib/python3.10/site-packages/airflow/example_dags/example_sla_dag.py
[2023-06-11T00:29:07.049+0200] {logging_mixin.py:117} INFO - [2023-06-11T00:29:07.048+0200] {dag.py:2573} INFO - Sync 1 DAGs
[2023-06-11T00:29:07.144+0200] {logging_mixin.py:117} INFO - [2023-06-11T00:29:07.142+0200] {dag.py:3324} INFO - Setting next_dagrun for example_sla_dag to 2023-06-10T22:26:00+00:00, run_after=2023-06-10T22:28:00+00:00
[2023-06-11T00:29:07.212+0200] {processor.py:178} INFO - Processing /home/nanah/airflow_venv/lib/python3.10/site-packages/airflow/example_dags/example_sla_dag.py took 0.808 seconds
[2023-06-11T00:30:05.455+0200] {processor.py:156} INFO - Started process (PID=5216) to work on /home/nanah/airflow_venv/lib/python3.10/site-packages/airflow/example_dags/example_sla_dag.py
[2023-06-11T00:30:05.463+0200] {processor.py:758} INFO - Processing file /home/nanah/airflow_venv/lib/python3.10/site-packages/airflow/example_dags/example_sla_dag.py for tasks to queue
[2023-06-11T00:30:05.465+0200] {logging_mixin.py:117} INFO - [2023-06-11T00:30:05.465+0200] {dagbag.py:525} INFO - Filling up the DagBag from /home/nanah/airflow_venv/lib/python3.10/site-packages/airflow/example_dags/example_sla_dag.py
[2023-06-11T00:30:05.532+0200] {processor.py:768} INFO - DAG(s) dict_keys(['example_sla_dag']) retrieved from /home/nanah/airflow_venv/lib/python3.10/site-packages/airflow/example_dags/example_sla_dag.py
[2023-06-11T00:30:05.918+0200] {logging_mixin.py:117} INFO - [2023-06-11T00:30:05.918+0200] {dag.py:2573} INFO - Sync 1 DAGs
[2023-06-11T00:30:05.991+0200] {logging_mixin.py:117} INFO - [2023-06-11T00:30:05.991+0200] {dag.py:3324} INFO - Setting next_dagrun for example_sla_dag to 2023-06-10T22:28:00+00:00, run_after=2023-06-10T22:30:00+00:00
[2023-06-11T00:30:06.051+0200] {processor.py:178} INFO - Processing /home/nanah/airflow_venv/lib/python3.10/site-packages/airflow/example_dags/example_sla_dag.py took 0.603 seconds
[2023-06-11T00:31:14.002+0200] {processor.py:156} INFO - Started process (PID=5253) to work on /home/nanah/airflow_venv/lib/python3.10/site-packages/airflow/example_dags/example_sla_dag.py
[2023-06-11T00:31:14.012+0200] {processor.py:758} INFO - Processing file /home/nanah/airflow_venv/lib/python3.10/site-packages/airflow/example_dags/example_sla_dag.py for tasks to queue
[2023-06-11T00:31:14.014+0200] {logging_mixin.py:117} INFO - [2023-06-11T00:31:14.013+0200] {dagbag.py:525} INFO - Filling up the DagBag from /home/nanah/airflow_venv/lib/python3.10/site-packages/airflow/example_dags/example_sla_dag.py
[2023-06-11T00:31:14.082+0200] {processor.py:768} INFO - DAG(s) dict_keys(['example_sla_dag']) retrieved from /home/nanah/airflow_venv/lib/python3.10/site-packages/airflow/example_dags/example_sla_dag.py
[2023-06-11T00:31:14.467+0200] {logging_mixin.py:117} INFO - [2023-06-11T00:31:14.466+0200] {dag.py:2573} INFO - Sync 1 DAGs
[2023-06-11T00:31:14.522+0200] {logging_mixin.py:117} INFO - [2023-06-11T00:31:14.521+0200] {dag.py:3324} INFO - Setting next_dagrun for example_sla_dag to 2023-06-10T22:28:00+00:00, run_after=2023-06-10T22:30:00+00:00
[2023-06-11T00:31:14.574+0200] {processor.py:178} INFO - Processing /home/nanah/airflow_venv/lib/python3.10/site-packages/airflow/example_dags/example_sla_dag.py took 0.579 seconds
[2023-06-11T00:32:09.740+0200] {processor.py:156} INFO - Started process (PID=5288) to work on /home/nanah/airflow_venv/lib/python3.10/site-packages/airflow/example_dags/example_sla_dag.py
[2023-06-11T00:32:09.746+0200] {processor.py:758} INFO - Processing file /home/nanah/airflow_venv/lib/python3.10/site-packages/airflow/example_dags/example_sla_dag.py for tasks to queue
[2023-06-11T00:32:09.748+0200] {logging_mixin.py:117} INFO - [2023-06-11T00:32:09.748+0200] {dagbag.py:525} INFO - Filling up the DagBag from /home/nanah/airflow_venv/lib/python3.10/site-packages/airflow/example_dags/example_sla_dag.py
[2023-06-11T00:32:10.153+0200] {processor.py:768} INFO - DAG(s) dict_keys(['example_sla_dag']) retrieved from /home/nanah/airflow_venv/lib/python3.10/site-packages/airflow/example_dags/example_sla_dag.py
[2023-06-11T00:32:10.237+0200] {logging_mixin.py:117} INFO - [2023-06-11T00:32:10.237+0200] {dag.py:2573} INFO - Sync 1 DAGs
[2023-06-11T00:32:10.313+0200] {logging_mixin.py:117} INFO - [2023-06-11T00:32:10.313+0200] {dag.py:3324} INFO - Setting next_dagrun for example_sla_dag to 2023-06-10T22:30:00+00:00, run_after=2023-06-10T22:32:00+00:00
[2023-06-11T00:32:10.402+0200] {processor.py:178} INFO - Processing /home/nanah/airflow_venv/lib/python3.10/site-packages/airflow/example_dags/example_sla_dag.py took 0.670 seconds
[2023-06-11T00:33:04.799+0200] {processor.py:156} INFO - Started process (PID=5324) to work on /home/nanah/airflow_venv/lib/python3.10/site-packages/airflow/example_dags/example_sla_dag.py
[2023-06-11T00:33:04.806+0200] {processor.py:758} INFO - Processing file /home/nanah/airflow_venv/lib/python3.10/site-packages/airflow/example_dags/example_sla_dag.py for tasks to queue
[2023-06-11T00:33:04.808+0200] {logging_mixin.py:117} INFO - [2023-06-11T00:33:04.807+0200] {dagbag.py:525} INFO - Filling up the DagBag from /home/nanah/airflow_venv/lib/python3.10/site-packages/airflow/example_dags/example_sla_dag.py
[2023-06-11T00:33:05.181+0200] {processor.py:768} INFO - DAG(s) dict_keys(['example_sla_dag']) retrieved from /home/nanah/airflow_venv/lib/python3.10/site-packages/airflow/example_dags/example_sla_dag.py
[2023-06-11T00:33:05.233+0200] {logging_mixin.py:117} INFO - [2023-06-11T00:33:05.232+0200] {dag.py:2573} INFO - Sync 1 DAGs
[2023-06-11T00:33:05.292+0200] {logging_mixin.py:117} INFO - [2023-06-11T00:33:05.291+0200] {dag.py:3324} INFO - Setting next_dagrun for example_sla_dag to 2023-06-10T22:30:00+00:00, run_after=2023-06-10T22:32:00+00:00
[2023-06-11T00:33:05.349+0200] {processor.py:178} INFO - Processing /home/nanah/airflow_venv/lib/python3.10/site-packages/airflow/example_dags/example_sla_dag.py took 0.556 seconds
[2023-06-11T00:34:02.508+0200] {processor.py:156} INFO - Started process (PID=5359) to work on /home/nanah/airflow_venv/lib/python3.10/site-packages/airflow/example_dags/example_sla_dag.py
[2023-06-11T00:34:02.512+0200] {processor.py:758} INFO - Processing file /home/nanah/airflow_venv/lib/python3.10/site-packages/airflow/example_dags/example_sla_dag.py for tasks to queue
[2023-06-11T00:34:02.514+0200] {logging_mixin.py:117} INFO - [2023-06-11T00:34:02.514+0200] {dagbag.py:525} INFO - Filling up the DagBag from /home/nanah/airflow_venv/lib/python3.10/site-packages/airflow/example_dags/example_sla_dag.py
[2023-06-11T00:34:03.056+0200] {processor.py:768} INFO - DAG(s) dict_keys(['example_sla_dag']) retrieved from /home/nanah/airflow_venv/lib/python3.10/site-packages/airflow/example_dags/example_sla_dag.py
[2023-06-11T00:34:03.131+0200] {logging_mixin.py:117} INFO - [2023-06-11T00:34:03.130+0200] {dag.py:2573} INFO - Sync 1 DAGs
[2023-06-11T00:34:03.223+0200] {logging_mixin.py:117} INFO - [2023-06-11T00:34:03.223+0200] {dag.py:3324} INFO - Setting next_dagrun for example_sla_dag to 2023-06-10T22:32:00+00:00, run_after=2023-06-10T22:34:00+00:00
[2023-06-11T00:34:03.302+0200] {processor.py:178} INFO - Processing /home/nanah/airflow_venv/lib/python3.10/site-packages/airflow/example_dags/example_sla_dag.py took 0.805 seconds
[2023-06-11T00:35:09.821+0200] {processor.py:156} INFO - Started process (PID=5397) to work on /home/nanah/airflow_venv/lib/python3.10/site-packages/airflow/example_dags/example_sla_dag.py
[2023-06-11T00:35:09.829+0200] {processor.py:758} INFO - Processing file /home/nanah/airflow_venv/lib/python3.10/site-packages/airflow/example_dags/example_sla_dag.py for tasks to queue
[2023-06-11T00:35:09.837+0200] {logging_mixin.py:117} INFO - [2023-06-11T00:35:09.837+0200] {dagbag.py:525} INFO - Filling up the DagBag from /home/nanah/airflow_venv/lib/python3.10/site-packages/airflow/example_dags/example_sla_dag.py
[2023-06-11T00:35:10.060+0200] {processor.py:768} INFO - DAG(s) dict_keys(['example_sla_dag']) retrieved from /home/nanah/airflow_venv/lib/python3.10/site-packages/airflow/example_dags/example_sla_dag.py
[2023-06-11T00:35:10.212+0200] {logging_mixin.py:117} INFO - [2023-06-11T00:35:10.211+0200] {dag.py:2573} INFO - Sync 1 DAGs
[2023-06-11T00:35:10.345+0200] {logging_mixin.py:117} INFO - [2023-06-11T00:35:10.344+0200] {dag.py:3324} INFO - Setting next_dagrun for example_sla_dag to 2023-06-10T22:32:00+00:00, run_after=2023-06-10T22:34:00+00:00
[2023-06-11T00:35:10.472+0200] {processor.py:178} INFO - Processing /home/nanah/airflow_venv/lib/python3.10/site-packages/airflow/example_dags/example_sla_dag.py took 0.679 seconds
[2023-06-11T00:35:57.498+0200] {processor.py:156} INFO - Started process (PID=5433) to work on /home/nanah/airflow_venv/lib/python3.10/site-packages/airflow/example_dags/example_sla_dag.py
[2023-06-11T00:35:57.503+0200] {processor.py:758} INFO - Processing file /home/nanah/airflow_venv/lib/python3.10/site-packages/airflow/example_dags/example_sla_dag.py for tasks to queue
[2023-06-11T00:35:57.504+0200] {logging_mixin.py:117} INFO - [2023-06-11T00:35:57.504+0200] {dagbag.py:525} INFO - Filling up the DagBag from /home/nanah/airflow_venv/lib/python3.10/site-packages/airflow/example_dags/example_sla_dag.py
[2023-06-11T00:35:57.567+0200] {processor.py:768} INFO - DAG(s) dict_keys(['example_sla_dag']) retrieved from /home/nanah/airflow_venv/lib/python3.10/site-packages/airflow/example_dags/example_sla_dag.py
[2023-06-11T00:35:57.630+0200] {logging_mixin.py:117} INFO - [2023-06-11T00:35:57.630+0200] {dag.py:2573} INFO - Sync 1 DAGs
[2023-06-11T00:35:57.681+0200] {logging_mixin.py:117} INFO - [2023-06-11T00:35:57.681+0200] {dag.py:3324} INFO - Setting next_dagrun for example_sla_dag to 2023-06-10T22:32:00+00:00, run_after=2023-06-10T22:34:00+00:00
[2023-06-11T00:35:57.750+0200] {processor.py:178} INFO - Processing /home/nanah/airflow_venv/lib/python3.10/site-packages/airflow/example_dags/example_sla_dag.py took 0.259 seconds
[2023-06-11T00:36:40.978+0200] {processor.py:156} INFO - Started process (PID=5466) to work on /home/nanah/airflow_venv/lib/python3.10/site-packages/airflow/example_dags/example_sla_dag.py
[2023-06-11T00:36:40.984+0200] {processor.py:758} INFO - Processing file /home/nanah/airflow_venv/lib/python3.10/site-packages/airflow/example_dags/example_sla_dag.py for tasks to queue
[2023-06-11T00:36:40.985+0200] {logging_mixin.py:117} INFO - [2023-06-11T00:36:40.985+0200] {dagbag.py:525} INFO - Filling up the DagBag from /home/nanah/airflow_venv/lib/python3.10/site-packages/airflow/example_dags/example_sla_dag.py
[2023-06-11T00:36:41.035+0200] {processor.py:768} INFO - DAG(s) dict_keys(['example_sla_dag']) retrieved from /home/nanah/airflow_venv/lib/python3.10/site-packages/airflow/example_dags/example_sla_dag.py
[2023-06-11T00:36:41.088+0200] {logging_mixin.py:117} INFO - [2023-06-11T00:36:41.087+0200] {dag.py:2573} INFO - Sync 1 DAGs
[2023-06-11T00:36:41.144+0200] {logging_mixin.py:117} INFO - [2023-06-11T00:36:41.144+0200] {dag.py:3324} INFO - Setting next_dagrun for example_sla_dag to 2023-06-10T22:34:00+00:00, run_after=2023-06-10T22:36:00+00:00
[2023-06-11T00:36:41.193+0200] {processor.py:178} INFO - Processing /home/nanah/airflow_venv/lib/python3.10/site-packages/airflow/example_dags/example_sla_dag.py took 0.221 seconds
[2023-06-11T00:37:26.482+0200] {processor.py:156} INFO - Started process (PID=5500) to work on /home/nanah/airflow_venv/lib/python3.10/site-packages/airflow/example_dags/example_sla_dag.py
[2023-06-11T00:37:26.487+0200] {processor.py:758} INFO - Processing file /home/nanah/airflow_venv/lib/python3.10/site-packages/airflow/example_dags/example_sla_dag.py for tasks to queue
[2023-06-11T00:37:26.489+0200] {logging_mixin.py:117} INFO - [2023-06-11T00:37:26.488+0200] {dagbag.py:525} INFO - Filling up the DagBag from /home/nanah/airflow_venv/lib/python3.10/site-packages/airflow/example_dags/example_sla_dag.py
[2023-06-11T00:37:26.564+0200] {processor.py:768} INFO - DAG(s) dict_keys(['example_sla_dag']) retrieved from /home/nanah/airflow_venv/lib/python3.10/site-packages/airflow/example_dags/example_sla_dag.py
[2023-06-11T00:37:26.673+0200] {logging_mixin.py:117} INFO - [2023-06-11T00:37:26.673+0200] {dag.py:2573} INFO - Sync 1 DAGs
[2023-06-11T00:37:26.748+0200] {logging_mixin.py:117} INFO - [2023-06-11T00:37:26.748+0200] {dag.py:3324} INFO - Setting next_dagrun for example_sla_dag to 2023-06-10T22:34:00+00:00, run_after=2023-06-10T22:36:00+00:00
[2023-06-11T00:37:26.819+0200] {processor.py:178} INFO - Processing /home/nanah/airflow_venv/lib/python3.10/site-packages/airflow/example_dags/example_sla_dag.py took 0.347 seconds
[2023-06-11T00:38:18.601+0200] {processor.py:156} INFO - Started process (PID=5534) to work on /home/nanah/airflow_venv/lib/python3.10/site-packages/airflow/example_dags/example_sla_dag.py
[2023-06-11T00:38:18.607+0200] {processor.py:758} INFO - Processing file /home/nanah/airflow_venv/lib/python3.10/site-packages/airflow/example_dags/example_sla_dag.py for tasks to queue
[2023-06-11T00:38:18.610+0200] {logging_mixin.py:117} INFO - [2023-06-11T00:38:18.609+0200] {dagbag.py:525} INFO - Filling up the DagBag from /home/nanah/airflow_venv/lib/python3.10/site-packages/airflow/example_dags/example_sla_dag.py
[2023-06-11T00:38:18.669+0200] {processor.py:768} INFO - DAG(s) dict_keys(['example_sla_dag']) retrieved from /home/nanah/airflow_venv/lib/python3.10/site-packages/airflow/example_dags/example_sla_dag.py
[2023-06-11T00:38:18.767+0200] {logging_mixin.py:117} INFO - [2023-06-11T00:38:18.766+0200] {dag.py:2573} INFO - Sync 1 DAGs
[2023-06-11T00:38:18.819+0200] {logging_mixin.py:117} INFO - [2023-06-11T00:38:18.819+0200] {dag.py:3324} INFO - Setting next_dagrun for example_sla_dag to 2023-06-10T22:36:00+00:00, run_after=2023-06-10T22:38:00+00:00
[2023-06-11T00:38:18.878+0200] {processor.py:178} INFO - Processing /home/nanah/airflow_venv/lib/python3.10/site-packages/airflow/example_dags/example_sla_dag.py took 0.284 seconds
[2023-06-11T00:39:02.696+0200] {processor.py:156} INFO - Started process (PID=5570) to work on /home/nanah/airflow_venv/lib/python3.10/site-packages/airflow/example_dags/example_sla_dag.py
[2023-06-11T00:39:02.701+0200] {processor.py:758} INFO - Processing file /home/nanah/airflow_venv/lib/python3.10/site-packages/airflow/example_dags/example_sla_dag.py for tasks to queue
[2023-06-11T00:39:02.703+0200] {logging_mixin.py:117} INFO - [2023-06-11T00:39:02.702+0200] {dagbag.py:525} INFO - Filling up the DagBag from /home/nanah/airflow_venv/lib/python3.10/site-packages/airflow/example_dags/example_sla_dag.py
[2023-06-11T00:39:02.761+0200] {processor.py:768} INFO - DAG(s) dict_keys(['example_sla_dag']) retrieved from /home/nanah/airflow_venv/lib/python3.10/site-packages/airflow/example_dags/example_sla_dag.py
[2023-06-11T00:39:02.827+0200] {logging_mixin.py:117} INFO - [2023-06-11T00:39:02.826+0200] {dag.py:2573} INFO - Sync 1 DAGs
[2023-06-11T00:39:02.884+0200] {logging_mixin.py:117} INFO - [2023-06-11T00:39:02.883+0200] {dag.py:3324} INFO - Setting next_dagrun for example_sla_dag to 2023-06-10T22:36:00+00:00, run_after=2023-06-10T22:38:00+00:00
[2023-06-11T00:39:02.942+0200] {processor.py:178} INFO - Processing /home/nanah/airflow_venv/lib/python3.10/site-packages/airflow/example_dags/example_sla_dag.py took 0.252 seconds
[2023-06-11T00:39:46.497+0200] {processor.py:156} INFO - Started process (PID=5603) to work on /home/nanah/airflow_venv/lib/python3.10/site-packages/airflow/example_dags/example_sla_dag.py
[2023-06-11T00:39:46.503+0200] {processor.py:758} INFO - Processing file /home/nanah/airflow_venv/lib/python3.10/site-packages/airflow/example_dags/example_sla_dag.py for tasks to queue
[2023-06-11T00:39:46.504+0200] {logging_mixin.py:117} INFO - [2023-06-11T00:39:46.504+0200] {dagbag.py:525} INFO - Filling up the DagBag from /home/nanah/airflow_venv/lib/python3.10/site-packages/airflow/example_dags/example_sla_dag.py
[2023-06-11T00:39:46.561+0200] {processor.py:768} INFO - DAG(s) dict_keys(['example_sla_dag']) retrieved from /home/nanah/airflow_venv/lib/python3.10/site-packages/airflow/example_dags/example_sla_dag.py
[2023-06-11T00:39:46.620+0200] {logging_mixin.py:117} INFO - [2023-06-11T00:39:46.620+0200] {dag.py:2573} INFO - Sync 1 DAGs
[2023-06-11T00:39:46.682+0200] {logging_mixin.py:117} INFO - [2023-06-11T00:39:46.681+0200] {dag.py:3324} INFO - Setting next_dagrun for example_sla_dag to 2023-06-10T22:36:00+00:00, run_after=2023-06-10T22:38:00+00:00
[2023-06-11T00:39:46.737+0200] {processor.py:178} INFO - Processing /home/nanah/airflow_venv/lib/python3.10/site-packages/airflow/example_dags/example_sla_dag.py took 0.246 seconds
[2023-06-11T00:40:28.968+0200] {processor.py:156} INFO - Started process (PID=5637) to work on /home/nanah/airflow_venv/lib/python3.10/site-packages/airflow/example_dags/example_sla_dag.py
[2023-06-11T00:40:28.973+0200] {processor.py:758} INFO - Processing file /home/nanah/airflow_venv/lib/python3.10/site-packages/airflow/example_dags/example_sla_dag.py for tasks to queue
[2023-06-11T00:40:28.976+0200] {logging_mixin.py:117} INFO - [2023-06-11T00:40:28.976+0200] {dagbag.py:525} INFO - Filling up the DagBag from /home/nanah/airflow_venv/lib/python3.10/site-packages/airflow/example_dags/example_sla_dag.py
[2023-06-11T00:40:29.049+0200] {processor.py:768} INFO - DAG(s) dict_keys(['example_sla_dag']) retrieved from /home/nanah/airflow_venv/lib/python3.10/site-packages/airflow/example_dags/example_sla_dag.py
[2023-06-11T00:40:29.112+0200] {logging_mixin.py:117} INFO - [2023-06-11T00:40:29.111+0200] {dag.py:2573} INFO - Sync 1 DAGs
[2023-06-11T00:40:29.168+0200] {logging_mixin.py:117} INFO - [2023-06-11T00:40:29.168+0200] {dag.py:3324} INFO - Setting next_dagrun for example_sla_dag to 2023-06-10T22:38:00+00:00, run_after=2023-06-10T22:40:00+00:00
[2023-06-11T00:40:29.230+0200] {processor.py:178} INFO - Processing /home/nanah/airflow_venv/lib/python3.10/site-packages/airflow/example_dags/example_sla_dag.py took 0.270 seconds
[2023-06-11T00:41:11.085+0200] {processor.py:156} INFO - Started process (PID=5671) to work on /home/nanah/airflow_venv/lib/python3.10/site-packages/airflow/example_dags/example_sla_dag.py
[2023-06-11T00:41:11.088+0200] {processor.py:758} INFO - Processing file /home/nanah/airflow_venv/lib/python3.10/site-packages/airflow/example_dags/example_sla_dag.py for tasks to queue
[2023-06-11T00:41:11.089+0200] {logging_mixin.py:117} INFO - [2023-06-11T00:41:11.089+0200] {dagbag.py:525} INFO - Filling up the DagBag from /home/nanah/airflow_venv/lib/python3.10/site-packages/airflow/example_dags/example_sla_dag.py
[2023-06-11T00:41:11.163+0200] {processor.py:768} INFO - DAG(s) dict_keys(['example_sla_dag']) retrieved from /home/nanah/airflow_venv/lib/python3.10/site-packages/airflow/example_dags/example_sla_dag.py
[2023-06-11T00:41:11.218+0200] {logging_mixin.py:117} INFO - [2023-06-11T00:41:11.218+0200] {dag.py:2573} INFO - Sync 1 DAGs
[2023-06-11T00:41:11.267+0200] {logging_mixin.py:117} INFO - [2023-06-11T00:41:11.267+0200] {dag.py:3324} INFO - Setting next_dagrun for example_sla_dag to 2023-06-10T22:38:00+00:00, run_after=2023-06-10T22:40:00+00:00
[2023-06-11T00:41:11.317+0200] {processor.py:178} INFO - Processing /home/nanah/airflow_venv/lib/python3.10/site-packages/airflow/example_dags/example_sla_dag.py took 0.241 seconds
[2023-06-11T00:41:56.937+0200] {processor.py:156} INFO - Started process (PID=5707) to work on /home/nanah/airflow_venv/lib/python3.10/site-packages/airflow/example_dags/example_sla_dag.py
[2023-06-11T00:41:56.940+0200] {processor.py:758} INFO - Processing file /home/nanah/airflow_venv/lib/python3.10/site-packages/airflow/example_dags/example_sla_dag.py for tasks to queue
[2023-06-11T00:41:56.942+0200] {logging_mixin.py:117} INFO - [2023-06-11T00:41:56.941+0200] {dagbag.py:525} INFO - Filling up the DagBag from /home/nanah/airflow_venv/lib/python3.10/site-packages/airflow/example_dags/example_sla_dag.py
[2023-06-11T00:41:57.014+0200] {processor.py:768} INFO - DAG(s) dict_keys(['example_sla_dag']) retrieved from /home/nanah/airflow_venv/lib/python3.10/site-packages/airflow/example_dags/example_sla_dag.py
[2023-06-11T00:41:57.099+0200] {logging_mixin.py:117} INFO - [2023-06-11T00:41:57.099+0200] {dag.py:2573} INFO - Sync 1 DAGs
[2023-06-11T00:41:57.171+0200] {logging_mixin.py:117} INFO - [2023-06-11T00:41:57.170+0200] {dag.py:3324} INFO - Setting next_dagrun for example_sla_dag to 2023-06-10T22:38:00+00:00, run_after=2023-06-10T22:40:00+00:00
[2023-06-11T00:41:57.233+0200] {processor.py:178} INFO - Processing /home/nanah/airflow_venv/lib/python3.10/site-packages/airflow/example_dags/example_sla_dag.py took 0.307 seconds
[2023-06-11T00:42:45.156+0200] {processor.py:156} INFO - Started process (PID=5743) to work on /home/nanah/airflow_venv/lib/python3.10/site-packages/airflow/example_dags/example_sla_dag.py
[2023-06-11T00:42:45.162+0200] {processor.py:758} INFO - Processing file /home/nanah/airflow_venv/lib/python3.10/site-packages/airflow/example_dags/example_sla_dag.py for tasks to queue
[2023-06-11T00:42:45.164+0200] {logging_mixin.py:117} INFO - [2023-06-11T00:42:45.164+0200] {dagbag.py:525} INFO - Filling up the DagBag from /home/nanah/airflow_venv/lib/python3.10/site-packages/airflow/example_dags/example_sla_dag.py
[2023-06-11T00:42:45.231+0200] {processor.py:768} INFO - DAG(s) dict_keys(['example_sla_dag']) retrieved from /home/nanah/airflow_venv/lib/python3.10/site-packages/airflow/example_dags/example_sla_dag.py
[2023-06-11T00:42:45.337+0200] {logging_mixin.py:117} INFO - [2023-06-11T00:42:45.336+0200] {dag.py:2573} INFO - Sync 1 DAGs
[2023-06-11T00:42:45.394+0200] {logging_mixin.py:117} INFO - [2023-06-11T00:42:45.394+0200] {dag.py:3324} INFO - Setting next_dagrun for example_sla_dag to 2023-06-10T22:40:00+00:00, run_after=2023-06-10T22:42:00+00:00
[2023-06-11T00:42:45.449+0200] {processor.py:178} INFO - Processing /home/nanah/airflow_venv/lib/python3.10/site-packages/airflow/example_dags/example_sla_dag.py took 0.310 seconds
[2023-06-11T00:43:30.718+0200] {processor.py:156} INFO - Started process (PID=5777) to work on /home/nanah/airflow_venv/lib/python3.10/site-packages/airflow/example_dags/example_sla_dag.py
[2023-06-11T00:43:30.728+0200] {processor.py:758} INFO - Processing file /home/nanah/airflow_venv/lib/python3.10/site-packages/airflow/example_dags/example_sla_dag.py for tasks to queue
[2023-06-11T00:43:30.731+0200] {logging_mixin.py:117} INFO - [2023-06-11T00:43:30.730+0200] {dagbag.py:525} INFO - Filling up the DagBag from /home/nanah/airflow_venv/lib/python3.10/site-packages/airflow/example_dags/example_sla_dag.py
[2023-06-11T00:43:30.847+0200] {processor.py:768} INFO - DAG(s) dict_keys(['example_sla_dag']) retrieved from /home/nanah/airflow_venv/lib/python3.10/site-packages/airflow/example_dags/example_sla_dag.py
[2023-06-11T00:43:30.968+0200] {logging_mixin.py:117} INFO - [2023-06-11T00:43:30.967+0200] {dag.py:2573} INFO - Sync 1 DAGs
[2023-06-11T00:43:31.045+0200] {logging_mixin.py:117} INFO - [2023-06-11T00:43:31.044+0200] {dag.py:3324} INFO - Setting next_dagrun for example_sla_dag to 2023-06-10T22:40:00+00:00, run_after=2023-06-10T22:42:00+00:00
[2023-06-11T00:43:31.118+0200] {processor.py:178} INFO - Processing /home/nanah/airflow_venv/lib/python3.10/site-packages/airflow/example_dags/example_sla_dag.py took 0.417 seconds
[2023-06-11T00:44:14.340+0200] {processor.py:156} INFO - Started process (PID=5811) to work on /home/nanah/airflow_venv/lib/python3.10/site-packages/airflow/example_dags/example_sla_dag.py
[2023-06-11T00:44:14.344+0200] {processor.py:758} INFO - Processing file /home/nanah/airflow_venv/lib/python3.10/site-packages/airflow/example_dags/example_sla_dag.py for tasks to queue
[2023-06-11T00:44:14.346+0200] {logging_mixin.py:117} INFO - [2023-06-11T00:44:14.346+0200] {dagbag.py:525} INFO - Filling up the DagBag from /home/nanah/airflow_venv/lib/python3.10/site-packages/airflow/example_dags/example_sla_dag.py
[2023-06-11T00:44:14.407+0200] {processor.py:768} INFO - DAG(s) dict_keys(['example_sla_dag']) retrieved from /home/nanah/airflow_venv/lib/python3.10/site-packages/airflow/example_dags/example_sla_dag.py
[2023-06-11T00:44:14.479+0200] {logging_mixin.py:117} INFO - [2023-06-11T00:44:14.478+0200] {dag.py:2573} INFO - Sync 1 DAGs
[2023-06-11T00:44:14.580+0200] {logging_mixin.py:117} INFO - [2023-06-11T00:44:14.580+0200] {dag.py:3324} INFO - Setting next_dagrun for example_sla_dag to 2023-06-10T22:42:00+00:00, run_after=2023-06-10T22:44:00+00:00
[2023-06-11T00:44:14.670+0200] {processor.py:178} INFO - Processing /home/nanah/airflow_venv/lib/python3.10/site-packages/airflow/example_dags/example_sla_dag.py took 0.337 seconds
[2023-06-11T00:45:03.733+0200] {processor.py:156} INFO - Started process (PID=5845) to work on /home/nanah/airflow_venv/lib/python3.10/site-packages/airflow/example_dags/example_sla_dag.py
[2023-06-11T00:45:03.736+0200] {processor.py:758} INFO - Processing file /home/nanah/airflow_venv/lib/python3.10/site-packages/airflow/example_dags/example_sla_dag.py for tasks to queue
[2023-06-11T00:45:03.738+0200] {logging_mixin.py:117} INFO - [2023-06-11T00:45:03.737+0200] {dagbag.py:525} INFO - Filling up the DagBag from /home/nanah/airflow_venv/lib/python3.10/site-packages/airflow/example_dags/example_sla_dag.py
[2023-06-11T00:45:03.812+0200] {processor.py:768} INFO - DAG(s) dict_keys(['example_sla_dag']) retrieved from /home/nanah/airflow_venv/lib/python3.10/site-packages/airflow/example_dags/example_sla_dag.py
[2023-06-11T00:45:03.890+0200] {logging_mixin.py:117} INFO - [2023-06-11T00:45:03.890+0200] {dag.py:2573} INFO - Sync 1 DAGs
[2023-06-11T00:45:03.996+0200] {logging_mixin.py:117} INFO - [2023-06-11T00:45:03.995+0200] {dag.py:3324} INFO - Setting next_dagrun for example_sla_dag to 2023-06-10T22:42:00+00:00, run_after=2023-06-10T22:44:00+00:00
[2023-06-11T00:45:04.587+0200] {processor.py:178} INFO - Processing /home/nanah/airflow_venv/lib/python3.10/site-packages/airflow/example_dags/example_sla_dag.py took 0.862 seconds
