[2023-06-11T00:12:23.466+0200] {processor.py:156} INFO - Started process (PID=4623) to work on /home/nanah/airflow_venv/lib/python3.10/site-packages/airflow/example_dags/example_branch_python_dop_operator_3.py
[2023-06-11T00:12:23.480+0200] {processor.py:758} INFO - Processing file /home/nanah/airflow_venv/lib/python3.10/site-packages/airflow/example_dags/example_branch_python_dop_operator_3.py for tasks to queue
[2023-06-11T00:12:23.484+0200] {logging_mixin.py:117} INFO - [2023-06-11T00:12:23.483+0200] {dagbag.py:525} INFO - Filling up the DagBag from /home/nanah/airflow_venv/lib/python3.10/site-packages/airflow/example_dags/example_branch_python_dop_operator_3.py
[2023-06-11T00:12:23.639+0200] {processor.py:768} INFO - DAG(s) dict_keys(['example_branch_dop_operator_v3']) retrieved from /home/nanah/airflow_venv/lib/python3.10/site-packages/airflow/example_dags/example_branch_python_dop_operator_3.py
[2023-06-11T00:12:23.752+0200] {logging_mixin.py:117} INFO - [2023-06-11T00:12:23.751+0200] {dag.py:2573} INFO - Sync 1 DAGs
[2023-06-11T00:12:24.019+0200] {logging_mixin.py:117} INFO - [2023-06-11T00:12:24.019+0200] {dag.py:3324} INFO - Setting next_dagrun for example_branch_dop_operator_v3 to 2023-06-10T22:11:00+00:00, run_after=2023-06-10T22:12:00+00:00
[2023-06-11T00:12:24.226+0200] {processor.py:178} INFO - Processing /home/nanah/airflow_venv/lib/python3.10/site-packages/airflow/example_dags/example_branch_python_dop_operator_3.py took 0.792 seconds
[2023-06-11T00:13:40.283+0200] {processor.py:156} INFO - Started process (PID=4662) to work on /home/nanah/airflow_venv/lib/python3.10/site-packages/airflow/example_dags/example_branch_python_dop_operator_3.py
[2023-06-11T00:13:40.286+0200] {processor.py:758} INFO - Processing file /home/nanah/airflow_venv/lib/python3.10/site-packages/airflow/example_dags/example_branch_python_dop_operator_3.py for tasks to queue
[2023-06-11T00:13:40.289+0200] {logging_mixin.py:117} INFO - [2023-06-11T00:13:40.288+0200] {dagbag.py:525} INFO - Filling up the DagBag from /home/nanah/airflow_venv/lib/python3.10/site-packages/airflow/example_dags/example_branch_python_dop_operator_3.py
[2023-06-11T00:13:40.371+0200] {processor.py:768} INFO - DAG(s) dict_keys(['example_branch_dop_operator_v3']) retrieved from /home/nanah/airflow_venv/lib/python3.10/site-packages/airflow/example_dags/example_branch_python_dop_operator_3.py
[2023-06-11T00:13:40.446+0200] {logging_mixin.py:117} INFO - [2023-06-11T00:13:40.445+0200] {dag.py:2573} INFO - Sync 1 DAGs
[2023-06-11T00:13:40.587+0200] {logging_mixin.py:117} INFO - [2023-06-11T00:13:40.587+0200] {dag.py:3324} INFO - Setting next_dagrun for example_branch_dop_operator_v3 to 2023-06-10T22:12:00+00:00, run_after=2023-06-10T22:13:00+00:00
[2023-06-11T00:13:40.712+0200] {processor.py:178} INFO - Processing /home/nanah/airflow_venv/lib/python3.10/site-packages/airflow/example_dags/example_branch_python_dop_operator_3.py took 0.444 seconds
[2023-06-11T00:14:49.284+0200] {processor.py:156} INFO - Started process (PID=4696) to work on /home/nanah/airflow_venv/lib/python3.10/site-packages/airflow/example_dags/example_branch_python_dop_operator_3.py
[2023-06-11T00:14:49.289+0200] {processor.py:758} INFO - Processing file /home/nanah/airflow_venv/lib/python3.10/site-packages/airflow/example_dags/example_branch_python_dop_operator_3.py for tasks to queue
[2023-06-11T00:14:49.290+0200] {logging_mixin.py:117} INFO - [2023-06-11T00:14:49.290+0200] {dagbag.py:525} INFO - Filling up the DagBag from /home/nanah/airflow_venv/lib/python3.10/site-packages/airflow/example_dags/example_branch_python_dop_operator_3.py
[2023-06-11T00:14:49.365+0200] {processor.py:768} INFO - DAG(s) dict_keys(['example_branch_dop_operator_v3']) retrieved from /home/nanah/airflow_venv/lib/python3.10/site-packages/airflow/example_dags/example_branch_python_dop_operator_3.py
[2023-06-11T00:14:49.437+0200] {logging_mixin.py:117} INFO - [2023-06-11T00:14:49.437+0200] {dag.py:2573} INFO - Sync 1 DAGs
[2023-06-11T00:14:49.491+0200] {logging_mixin.py:117} INFO - [2023-06-11T00:14:49.491+0200] {dag.py:3324} INFO - Setting next_dagrun for example_branch_dop_operator_v3 to 2023-06-10T22:13:00+00:00, run_after=2023-06-10T22:14:00+00:00
[2023-06-11T00:14:49.564+0200] {processor.py:178} INFO - Processing /home/nanah/airflow_venv/lib/python3.10/site-packages/airflow/example_dags/example_branch_python_dop_operator_3.py took 0.292 seconds
[2023-06-11T00:16:23.931+0200] {processor.py:156} INFO - Started process (PID=4745) to work on /home/nanah/airflow_venv/lib/python3.10/site-packages/airflow/example_dags/example_branch_python_dop_operator_3.py
[2023-06-11T00:16:23.934+0200] {processor.py:758} INFO - Processing file /home/nanah/airflow_venv/lib/python3.10/site-packages/airflow/example_dags/example_branch_python_dop_operator_3.py for tasks to queue
[2023-06-11T00:16:23.936+0200] {logging_mixin.py:117} INFO - [2023-06-11T00:16:23.935+0200] {dagbag.py:525} INFO - Filling up the DagBag from /home/nanah/airflow_venv/lib/python3.10/site-packages/airflow/example_dags/example_branch_python_dop_operator_3.py
[2023-06-11T00:16:23.994+0200] {processor.py:768} INFO - DAG(s) dict_keys(['example_branch_dop_operator_v3']) retrieved from /home/nanah/airflow_venv/lib/python3.10/site-packages/airflow/example_dags/example_branch_python_dop_operator_3.py
[2023-06-11T00:16:24.051+0200] {logging_mixin.py:117} INFO - [2023-06-11T00:16:24.050+0200] {dag.py:2573} INFO - Sync 1 DAGs
[2023-06-11T00:16:24.106+0200] {logging_mixin.py:117} INFO - [2023-06-11T00:16:24.105+0200] {dag.py:3324} INFO - Setting next_dagrun for example_branch_dop_operator_v3 to 2023-06-10T22:15:00+00:00, run_after=2023-06-10T22:16:00+00:00
[2023-06-11T00:16:24.169+0200] {processor.py:178} INFO - Processing /home/nanah/airflow_venv/lib/python3.10/site-packages/airflow/example_dags/example_branch_python_dop_operator_3.py took 0.246 seconds
[2023-06-11T00:17:16.292+0200] {processor.py:156} INFO - Started process (PID=4786) to work on /home/nanah/airflow_venv/lib/python3.10/site-packages/airflow/example_dags/example_branch_python_dop_operator_3.py
[2023-06-11T00:17:16.297+0200] {processor.py:758} INFO - Processing file /home/nanah/airflow_venv/lib/python3.10/site-packages/airflow/example_dags/example_branch_python_dop_operator_3.py for tasks to queue
[2023-06-11T00:17:16.299+0200] {logging_mixin.py:117} INFO - [2023-06-11T00:17:16.299+0200] {dagbag.py:525} INFO - Filling up the DagBag from /home/nanah/airflow_venv/lib/python3.10/site-packages/airflow/example_dags/example_branch_python_dop_operator_3.py
[2023-06-11T00:17:16.479+0200] {processor.py:768} INFO - DAG(s) dict_keys(['example_branch_dop_operator_v3']) retrieved from /home/nanah/airflow_venv/lib/python3.10/site-packages/airflow/example_dags/example_branch_python_dop_operator_3.py
[2023-06-11T00:17:16.707+0200] {logging_mixin.py:117} INFO - [2023-06-11T00:17:16.706+0200] {dag.py:2573} INFO - Sync 1 DAGs
[2023-06-11T00:17:16.773+0200] {logging_mixin.py:117} INFO - [2023-06-11T00:17:16.772+0200] {dag.py:3324} INFO - Setting next_dagrun for example_branch_dop_operator_v3 to 2023-06-10T22:16:00+00:00, run_after=2023-06-10T22:17:00+00:00
[2023-06-11T00:17:16.827+0200] {processor.py:178} INFO - Processing /home/nanah/airflow_venv/lib/python3.10/site-packages/airflow/example_dags/example_branch_python_dop_operator_3.py took 0.551 seconds
[2023-06-11T00:18:06.451+0200] {processor.py:156} INFO - Started process (PID=4821) to work on /home/nanah/airflow_venv/lib/python3.10/site-packages/airflow/example_dags/example_branch_python_dop_operator_3.py
[2023-06-11T00:18:06.455+0200] {processor.py:758} INFO - Processing file /home/nanah/airflow_venv/lib/python3.10/site-packages/airflow/example_dags/example_branch_python_dop_operator_3.py for tasks to queue
[2023-06-11T00:18:06.457+0200] {logging_mixin.py:117} INFO - [2023-06-11T00:18:06.456+0200] {dagbag.py:525} INFO - Filling up the DagBag from /home/nanah/airflow_venv/lib/python3.10/site-packages/airflow/example_dags/example_branch_python_dop_operator_3.py
[2023-06-11T00:18:06.509+0200] {processor.py:768} INFO - DAG(s) dict_keys(['example_branch_dop_operator_v3']) retrieved from /home/nanah/airflow_venv/lib/python3.10/site-packages/airflow/example_dags/example_branch_python_dop_operator_3.py
[2023-06-11T00:18:06.565+0200] {logging_mixin.py:117} INFO - [2023-06-11T00:18:06.564+0200] {dag.py:2573} INFO - Sync 1 DAGs
[2023-06-11T00:18:06.620+0200] {logging_mixin.py:117} INFO - [2023-06-11T00:18:06.620+0200] {dag.py:3324} INFO - Setting next_dagrun for example_branch_dop_operator_v3 to 2023-06-10T22:17:00+00:00, run_after=2023-06-10T22:18:00+00:00
[2023-06-11T00:18:06.682+0200] {processor.py:178} INFO - Processing /home/nanah/airflow_venv/lib/python3.10/site-packages/airflow/example_dags/example_branch_python_dop_operator_3.py took 0.238 seconds
[2023-06-11T00:18:51.351+0200] {processor.py:156} INFO - Started process (PID=4856) to work on /home/nanah/airflow_venv/lib/python3.10/site-packages/airflow/example_dags/example_branch_python_dop_operator_3.py
[2023-06-11T00:18:51.358+0200] {processor.py:758} INFO - Processing file /home/nanah/airflow_venv/lib/python3.10/site-packages/airflow/example_dags/example_branch_python_dop_operator_3.py for tasks to queue
[2023-06-11T00:18:51.359+0200] {logging_mixin.py:117} INFO - [2023-06-11T00:18:51.359+0200] {dagbag.py:525} INFO - Filling up the DagBag from /home/nanah/airflow_venv/lib/python3.10/site-packages/airflow/example_dags/example_branch_python_dop_operator_3.py
[2023-06-11T00:18:51.411+0200] {processor.py:768} INFO - DAG(s) dict_keys(['example_branch_dop_operator_v3']) retrieved from /home/nanah/airflow_venv/lib/python3.10/site-packages/airflow/example_dags/example_branch_python_dop_operator_3.py
[2023-06-11T00:18:51.463+0200] {logging_mixin.py:117} INFO - [2023-06-11T00:18:51.463+0200] {dag.py:2573} INFO - Sync 1 DAGs
[2023-06-11T00:18:51.518+0200] {logging_mixin.py:117} INFO - [2023-06-11T00:18:51.518+0200] {dag.py:3324} INFO - Setting next_dagrun for example_branch_dop_operator_v3 to 2023-06-10T22:17:00+00:00, run_after=2023-06-10T22:18:00+00:00
[2023-06-11T00:18:51.575+0200] {processor.py:178} INFO - Processing /home/nanah/airflow_venv/lib/python3.10/site-packages/airflow/example_dags/example_branch_python_dop_operator_3.py took 0.229 seconds
[2023-06-11T00:20:11.157+0200] {processor.py:156} INFO - Started process (PID=4899) to work on /home/nanah/airflow_venv/lib/python3.10/site-packages/airflow/example_dags/example_branch_python_dop_operator_3.py
[2023-06-11T00:20:11.163+0200] {processor.py:758} INFO - Processing file /home/nanah/airflow_venv/lib/python3.10/site-packages/airflow/example_dags/example_branch_python_dop_operator_3.py for tasks to queue
[2023-06-11T00:20:11.165+0200] {logging_mixin.py:117} INFO - [2023-06-11T00:20:11.164+0200] {dagbag.py:525} INFO - Filling up the DagBag from /home/nanah/airflow_venv/lib/python3.10/site-packages/airflow/example_dags/example_branch_python_dop_operator_3.py
[2023-06-11T00:20:11.291+0200] {processor.py:768} INFO - DAG(s) dict_keys(['example_branch_dop_operator_v3']) retrieved from /home/nanah/airflow_venv/lib/python3.10/site-packages/airflow/example_dags/example_branch_python_dop_operator_3.py
[2023-06-11T00:20:11.449+0200] {logging_mixin.py:117} INFO - [2023-06-11T00:20:11.448+0200] {dag.py:2573} INFO - Sync 1 DAGs
[2023-06-11T00:20:11.590+0200] {logging_mixin.py:117} INFO - [2023-06-11T00:20:11.578+0200] {dag.py:3324} INFO - Setting next_dagrun for example_branch_dop_operator_v3 to 2023-06-10T22:19:00+00:00, run_after=2023-06-10T22:20:00+00:00
[2023-06-11T00:20:11.749+0200] {processor.py:178} INFO - Processing /home/nanah/airflow_venv/lib/python3.10/site-packages/airflow/example_dags/example_branch_python_dop_operator_3.py took 0.610 seconds
[2023-06-11T00:21:11.772+0200] {processor.py:156} INFO - Started process (PID=4935) to work on /home/nanah/airflow_venv/lib/python3.10/site-packages/airflow/example_dags/example_branch_python_dop_operator_3.py
[2023-06-11T00:21:11.782+0200] {processor.py:758} INFO - Processing file /home/nanah/airflow_venv/lib/python3.10/site-packages/airflow/example_dags/example_branch_python_dop_operator_3.py for tasks to queue
[2023-06-11T00:21:11.786+0200] {logging_mixin.py:117} INFO - [2023-06-11T00:21:11.784+0200] {dagbag.py:525} INFO - Filling up the DagBag from /home/nanah/airflow_venv/lib/python3.10/site-packages/airflow/example_dags/example_branch_python_dop_operator_3.py
[2023-06-11T00:21:12.025+0200] {processor.py:768} INFO - DAG(s) dict_keys(['example_branch_dop_operator_v3']) retrieved from /home/nanah/airflow_venv/lib/python3.10/site-packages/airflow/example_dags/example_branch_python_dop_operator_3.py
[2023-06-11T00:21:12.264+0200] {logging_mixin.py:117} INFO - [2023-06-11T00:21:12.263+0200] {dag.py:2573} INFO - Sync 1 DAGs
[2023-06-11T00:21:12.467+0200] {logging_mixin.py:117} INFO - [2023-06-11T00:21:12.466+0200] {dag.py:3324} INFO - Setting next_dagrun for example_branch_dop_operator_v3 to 2023-06-10T22:20:00+00:00, run_after=2023-06-10T22:21:00+00:00
[2023-06-11T00:21:12.619+0200] {processor.py:178} INFO - Processing /home/nanah/airflow_venv/lib/python3.10/site-packages/airflow/example_dags/example_branch_python_dop_operator_3.py took 0.874 seconds
[2023-06-11T00:22:23.358+0200] {processor.py:156} INFO - Started process (PID=4972) to work on /home/nanah/airflow_venv/lib/python3.10/site-packages/airflow/example_dags/example_branch_python_dop_operator_3.py
[2023-06-11T00:22:23.363+0200] {processor.py:758} INFO - Processing file /home/nanah/airflow_venv/lib/python3.10/site-packages/airflow/example_dags/example_branch_python_dop_operator_3.py for tasks to queue
[2023-06-11T00:22:23.366+0200] {logging_mixin.py:117} INFO - [2023-06-11T00:22:23.364+0200] {dagbag.py:525} INFO - Filling up the DagBag from /home/nanah/airflow_venv/lib/python3.10/site-packages/airflow/example_dags/example_branch_python_dop_operator_3.py
[2023-06-11T00:22:23.447+0200] {processor.py:768} INFO - DAG(s) dict_keys(['example_branch_dop_operator_v3']) retrieved from /home/nanah/airflow_venv/lib/python3.10/site-packages/airflow/example_dags/example_branch_python_dop_operator_3.py
[2023-06-11T00:22:23.521+0200] {logging_mixin.py:117} INFO - [2023-06-11T00:22:23.520+0200] {dag.py:2573} INFO - Sync 1 DAGs
[2023-06-11T00:22:23.596+0200] {logging_mixin.py:117} INFO - [2023-06-11T00:22:23.596+0200] {dag.py:3324} INFO - Setting next_dagrun for example_branch_dop_operator_v3 to 2023-06-10T22:21:00+00:00, run_after=2023-06-10T22:22:00+00:00
[2023-06-11T00:22:23.670+0200] {processor.py:178} INFO - Processing /home/nanah/airflow_venv/lib/python3.10/site-packages/airflow/example_dags/example_branch_python_dop_operator_3.py took 0.323 seconds
[2023-06-11T00:23:16.135+0200] {processor.py:156} INFO - Started process (PID=5006) to work on /home/nanah/airflow_venv/lib/python3.10/site-packages/airflow/example_dags/example_branch_python_dop_operator_3.py
[2023-06-11T00:23:16.149+0200] {processor.py:758} INFO - Processing file /home/nanah/airflow_venv/lib/python3.10/site-packages/airflow/example_dags/example_branch_python_dop_operator_3.py for tasks to queue
[2023-06-11T00:23:16.151+0200] {logging_mixin.py:117} INFO - [2023-06-11T00:23:16.151+0200] {dagbag.py:525} INFO - Filling up the DagBag from /home/nanah/airflow_venv/lib/python3.10/site-packages/airflow/example_dags/example_branch_python_dop_operator_3.py
[2023-06-11T00:23:16.224+0200] {processor.py:768} INFO - DAG(s) dict_keys(['example_branch_dop_operator_v3']) retrieved from /home/nanah/airflow_venv/lib/python3.10/site-packages/airflow/example_dags/example_branch_python_dop_operator_3.py
[2023-06-11T00:23:16.295+0200] {logging_mixin.py:117} INFO - [2023-06-11T00:23:16.294+0200] {dag.py:2573} INFO - Sync 1 DAGs
[2023-06-11T00:23:16.370+0200] {logging_mixin.py:117} INFO - [2023-06-11T00:23:16.370+0200] {dag.py:3324} INFO - Setting next_dagrun for example_branch_dop_operator_v3 to 2023-06-10T22:22:00+00:00, run_after=2023-06-10T22:23:00+00:00
[2023-06-11T00:23:16.437+0200] {processor.py:178} INFO - Processing /home/nanah/airflow_venv/lib/python3.10/site-packages/airflow/example_dags/example_branch_python_dop_operator_3.py took 0.312 seconds
[2023-06-11T00:24:23.139+0200] {processor.py:156} INFO - Started process (PID=5040) to work on /home/nanah/airflow_venv/lib/python3.10/site-packages/airflow/example_dags/example_branch_python_dop_operator_3.py
[2023-06-11T00:24:23.142+0200] {processor.py:758} INFO - Processing file /home/nanah/airflow_venv/lib/python3.10/site-packages/airflow/example_dags/example_branch_python_dop_operator_3.py for tasks to queue
[2023-06-11T00:24:23.153+0200] {logging_mixin.py:117} INFO - [2023-06-11T00:24:23.144+0200] {dagbag.py:525} INFO - Filling up the DagBag from /home/nanah/airflow_venv/lib/python3.10/site-packages/airflow/example_dags/example_branch_python_dop_operator_3.py
[2023-06-11T00:24:23.286+0200] {processor.py:768} INFO - DAG(s) dict_keys(['example_branch_dop_operator_v3']) retrieved from /home/nanah/airflow_venv/lib/python3.10/site-packages/airflow/example_dags/example_branch_python_dop_operator_3.py
[2023-06-11T00:24:23.470+0200] {logging_mixin.py:117} INFO - [2023-06-11T00:24:23.470+0200] {dag.py:2573} INFO - Sync 1 DAGs
[2023-06-11T00:24:23.711+0200] {logging_mixin.py:117} INFO - [2023-06-11T00:24:23.711+0200] {dag.py:3324} INFO - Setting next_dagrun for example_branch_dop_operator_v3 to 2023-06-10T22:23:00+00:00, run_after=2023-06-10T22:24:00+00:00
[2023-06-11T00:24:25.214+0200] {processor.py:178} INFO - Processing /home/nanah/airflow_venv/lib/python3.10/site-packages/airflow/example_dags/example_branch_python_dop_operator_3.py took 2.165 seconds
[2023-06-11T00:26:10.920+0200] {processor.py:156} INFO - Started process (PID=5077) to work on /home/nanah/airflow_venv/lib/python3.10/site-packages/airflow/example_dags/example_branch_python_dop_operator_3.py
[2023-06-11T00:26:10.929+0200] {processor.py:758} INFO - Processing file /home/nanah/airflow_venv/lib/python3.10/site-packages/airflow/example_dags/example_branch_python_dop_operator_3.py for tasks to queue
[2023-06-11T00:26:10.930+0200] {logging_mixin.py:117} INFO - [2023-06-11T00:26:10.930+0200] {dagbag.py:525} INFO - Filling up the DagBag from /home/nanah/airflow_venv/lib/python3.10/site-packages/airflow/example_dags/example_branch_python_dop_operator_3.py
[2023-06-11T00:26:10.995+0200] {processor.py:768} INFO - DAG(s) dict_keys(['example_branch_dop_operator_v3']) retrieved from /home/nanah/airflow_venv/lib/python3.10/site-packages/airflow/example_dags/example_branch_python_dop_operator_3.py
[2023-06-11T00:26:11.077+0200] {logging_mixin.py:117} INFO - [2023-06-11T00:26:11.077+0200] {dag.py:2573} INFO - Sync 1 DAGs
[2023-06-11T00:26:11.573+0200] {logging_mixin.py:117} INFO - [2023-06-11T00:26:11.572+0200] {dag.py:3324} INFO - Setting next_dagrun for example_branch_dop_operator_v3 to 2023-06-10T22:25:00+00:00, run_after=2023-06-10T22:26:00+00:00
[2023-06-11T00:26:11.643+0200] {processor.py:178} INFO - Processing /home/nanah/airflow_venv/lib/python3.10/site-packages/airflow/example_dags/example_branch_python_dop_operator_3.py took 0.729 seconds
[2023-06-11T00:27:13.608+0200] {processor.py:156} INFO - Started process (PID=5114) to work on /home/nanah/airflow_venv/lib/python3.10/site-packages/airflow/example_dags/example_branch_python_dop_operator_3.py
[2023-06-11T00:27:13.614+0200] {processor.py:758} INFO - Processing file /home/nanah/airflow_venv/lib/python3.10/site-packages/airflow/example_dags/example_branch_python_dop_operator_3.py for tasks to queue
[2023-06-11T00:27:13.616+0200] {logging_mixin.py:117} INFO - [2023-06-11T00:27:13.616+0200] {dagbag.py:525} INFO - Filling up the DagBag from /home/nanah/airflow_venv/lib/python3.10/site-packages/airflow/example_dags/example_branch_python_dop_operator_3.py
[2023-06-11T00:27:13.691+0200] {processor.py:768} INFO - DAG(s) dict_keys(['example_branch_dop_operator_v3']) retrieved from /home/nanah/airflow_venv/lib/python3.10/site-packages/airflow/example_dags/example_branch_python_dop_operator_3.py
[2023-06-11T00:27:13.765+0200] {logging_mixin.py:117} INFO - [2023-06-11T00:27:13.765+0200] {dag.py:2573} INFO - Sync 1 DAGs
[2023-06-11T00:27:14.104+0200] {logging_mixin.py:117} INFO - [2023-06-11T00:27:14.103+0200] {dag.py:3324} INFO - Setting next_dagrun for example_branch_dop_operator_v3 to 2023-06-10T22:26:00+00:00, run_after=2023-06-10T22:27:00+00:00
[2023-06-11T00:27:14.171+0200] {processor.py:178} INFO - Processing /home/nanah/airflow_venv/lib/python3.10/site-packages/airflow/example_dags/example_branch_python_dop_operator_3.py took 0.569 seconds
[2023-06-11T00:28:16.213+0200] {processor.py:156} INFO - Started process (PID=5151) to work on /home/nanah/airflow_venv/lib/python3.10/site-packages/airflow/example_dags/example_branch_python_dop_operator_3.py
[2023-06-11T00:28:16.220+0200] {processor.py:758} INFO - Processing file /home/nanah/airflow_venv/lib/python3.10/site-packages/airflow/example_dags/example_branch_python_dop_operator_3.py for tasks to queue
[2023-06-11T00:28:16.221+0200] {logging_mixin.py:117} INFO - [2023-06-11T00:28:16.221+0200] {dagbag.py:525} INFO - Filling up the DagBag from /home/nanah/airflow_venv/lib/python3.10/site-packages/airflow/example_dags/example_branch_python_dop_operator_3.py
[2023-06-11T00:28:16.296+0200] {processor.py:768} INFO - DAG(s) dict_keys(['example_branch_dop_operator_v3']) retrieved from /home/nanah/airflow_venv/lib/python3.10/site-packages/airflow/example_dags/example_branch_python_dop_operator_3.py
[2023-06-11T00:28:16.379+0200] {logging_mixin.py:117} INFO - [2023-06-11T00:28:16.379+0200] {dag.py:2573} INFO - Sync 1 DAGs
[2023-06-11T00:28:16.894+0200] {logging_mixin.py:117} INFO - [2023-06-11T00:28:16.893+0200] {dag.py:3324} INFO - Setting next_dagrun for example_branch_dop_operator_v3 to 2023-06-10T22:27:00+00:00, run_after=2023-06-10T22:28:00+00:00
[2023-06-11T00:28:16.984+0200] {processor.py:178} INFO - Processing /home/nanah/airflow_venv/lib/python3.10/site-packages/airflow/example_dags/example_branch_python_dop_operator_3.py took 0.780 seconds
[2023-06-11T00:29:11.489+0200] {processor.py:156} INFO - Started process (PID=5185) to work on /home/nanah/airflow_venv/lib/python3.10/site-packages/airflow/example_dags/example_branch_python_dop_operator_3.py
[2023-06-11T00:29:11.493+0200] {processor.py:758} INFO - Processing file /home/nanah/airflow_venv/lib/python3.10/site-packages/airflow/example_dags/example_branch_python_dop_operator_3.py for tasks to queue
[2023-06-11T00:29:11.495+0200] {logging_mixin.py:117} INFO - [2023-06-11T00:29:11.495+0200] {dagbag.py:525} INFO - Filling up the DagBag from /home/nanah/airflow_venv/lib/python3.10/site-packages/airflow/example_dags/example_branch_python_dop_operator_3.py
[2023-06-11T00:29:11.580+0200] {processor.py:768} INFO - DAG(s) dict_keys(['example_branch_dop_operator_v3']) retrieved from /home/nanah/airflow_venv/lib/python3.10/site-packages/airflow/example_dags/example_branch_python_dop_operator_3.py
[2023-06-11T00:29:11.943+0200] {logging_mixin.py:117} INFO - [2023-06-11T00:29:11.942+0200] {dag.py:2573} INFO - Sync 1 DAGs
[2023-06-11T00:29:12.000+0200] {logging_mixin.py:117} INFO - [2023-06-11T00:29:11.999+0200] {dag.py:3324} INFO - Setting next_dagrun for example_branch_dop_operator_v3 to 2023-06-10T22:28:00+00:00, run_after=2023-06-10T22:29:00+00:00
[2023-06-11T00:29:12.057+0200] {processor.py:178} INFO - Processing /home/nanah/airflow_venv/lib/python3.10/site-packages/airflow/example_dags/example_branch_python_dop_operator_3.py took 0.576 seconds
[2023-06-11T00:30:10.278+0200] {processor.py:156} INFO - Started process (PID=5219) to work on /home/nanah/airflow_venv/lib/python3.10/site-packages/airflow/example_dags/example_branch_python_dop_operator_3.py
[2023-06-11T00:30:10.283+0200] {processor.py:758} INFO - Processing file /home/nanah/airflow_venv/lib/python3.10/site-packages/airflow/example_dags/example_branch_python_dop_operator_3.py for tasks to queue
[2023-06-11T00:30:10.285+0200] {logging_mixin.py:117} INFO - [2023-06-11T00:30:10.285+0200] {dagbag.py:525} INFO - Filling up the DagBag from /home/nanah/airflow_venv/lib/python3.10/site-packages/airflow/example_dags/example_branch_python_dop_operator_3.py
[2023-06-11T00:30:10.373+0200] {processor.py:768} INFO - DAG(s) dict_keys(['example_branch_dop_operator_v3']) retrieved from /home/nanah/airflow_venv/lib/python3.10/site-packages/airflow/example_dags/example_branch_python_dop_operator_3.py
[2023-06-11T00:30:10.736+0200] {logging_mixin.py:117} INFO - [2023-06-11T00:30:10.735+0200] {dag.py:2573} INFO - Sync 1 DAGs
[2023-06-11T00:30:10.800+0200] {logging_mixin.py:117} INFO - [2023-06-11T00:30:10.800+0200] {dag.py:3324} INFO - Setting next_dagrun for example_branch_dop_operator_v3 to 2023-06-10T22:29:00+00:00, run_after=2023-06-10T22:30:00+00:00
[2023-06-11T00:30:10.849+0200] {processor.py:178} INFO - Processing /home/nanah/airflow_venv/lib/python3.10/site-packages/airflow/example_dags/example_branch_python_dop_operator_3.py took 0.579 seconds
[2023-06-11T00:31:18.029+0200] {processor.py:156} INFO - Started process (PID=5256) to work on /home/nanah/airflow_venv/lib/python3.10/site-packages/airflow/example_dags/example_branch_python_dop_operator_3.py
[2023-06-11T00:31:18.034+0200] {processor.py:758} INFO - Processing file /home/nanah/airflow_venv/lib/python3.10/site-packages/airflow/example_dags/example_branch_python_dop_operator_3.py for tasks to queue
[2023-06-11T00:31:18.036+0200] {logging_mixin.py:117} INFO - [2023-06-11T00:31:18.035+0200] {dagbag.py:525} INFO - Filling up the DagBag from /home/nanah/airflow_venv/lib/python3.10/site-packages/airflow/example_dags/example_branch_python_dop_operator_3.py
[2023-06-11T00:31:18.114+0200] {processor.py:768} INFO - DAG(s) dict_keys(['example_branch_dop_operator_v3']) retrieved from /home/nanah/airflow_venv/lib/python3.10/site-packages/airflow/example_dags/example_branch_python_dop_operator_3.py
[2023-06-11T00:31:18.472+0200] {logging_mixin.py:117} INFO - [2023-06-11T00:31:18.472+0200] {dag.py:2573} INFO - Sync 1 DAGs
[2023-06-11T00:31:18.560+0200] {logging_mixin.py:117} INFO - [2023-06-11T00:31:18.559+0200] {dag.py:3324} INFO - Setting next_dagrun for example_branch_dop_operator_v3 to 2023-06-10T22:30:00+00:00, run_after=2023-06-10T22:31:00+00:00
[2023-06-11T00:31:18.617+0200] {processor.py:178} INFO - Processing /home/nanah/airflow_venv/lib/python3.10/site-packages/airflow/example_dags/example_branch_python_dop_operator_3.py took 0.595 seconds
[2023-06-11T00:32:13.737+0200] {processor.py:156} INFO - Started process (PID=5291) to work on /home/nanah/airflow_venv/lib/python3.10/site-packages/airflow/example_dags/example_branch_python_dop_operator_3.py
[2023-06-11T00:32:13.741+0200] {processor.py:758} INFO - Processing file /home/nanah/airflow_venv/lib/python3.10/site-packages/airflow/example_dags/example_branch_python_dop_operator_3.py for tasks to queue
[2023-06-11T00:32:13.744+0200] {logging_mixin.py:117} INFO - [2023-06-11T00:32:13.743+0200] {dagbag.py:525} INFO - Filling up the DagBag from /home/nanah/airflow_venv/lib/python3.10/site-packages/airflow/example_dags/example_branch_python_dop_operator_3.py
[2023-06-11T00:32:14.114+0200] {processor.py:768} INFO - DAG(s) dict_keys(['example_branch_dop_operator_v3']) retrieved from /home/nanah/airflow_venv/lib/python3.10/site-packages/airflow/example_dags/example_branch_python_dop_operator_3.py
[2023-06-11T00:32:14.164+0200] {logging_mixin.py:117} INFO - [2023-06-11T00:32:14.164+0200] {dag.py:2573} INFO - Sync 1 DAGs
[2023-06-11T00:32:14.230+0200] {logging_mixin.py:117} INFO - [2023-06-11T00:32:14.230+0200] {dag.py:3324} INFO - Setting next_dagrun for example_branch_dop_operator_v3 to 2023-06-10T22:31:00+00:00, run_after=2023-06-10T22:32:00+00:00
[2023-06-11T00:32:14.296+0200] {processor.py:178} INFO - Processing /home/nanah/airflow_venv/lib/python3.10/site-packages/airflow/example_dags/example_branch_python_dop_operator_3.py took 0.570 seconds
[2023-06-11T00:33:09.825+0200] {processor.py:156} INFO - Started process (PID=5327) to work on /home/nanah/airflow_venv/lib/python3.10/site-packages/airflow/example_dags/example_branch_python_dop_operator_3.py
[2023-06-11T00:33:09.831+0200] {processor.py:758} INFO - Processing file /home/nanah/airflow_venv/lib/python3.10/site-packages/airflow/example_dags/example_branch_python_dop_operator_3.py for tasks to queue
[2023-06-11T00:33:09.832+0200] {logging_mixin.py:117} INFO - [2023-06-11T00:33:09.832+0200] {dagbag.py:525} INFO - Filling up the DagBag from /home/nanah/airflow_venv/lib/python3.10/site-packages/airflow/example_dags/example_branch_python_dop_operator_3.py
[2023-06-11T00:33:10.216+0200] {processor.py:768} INFO - DAG(s) dict_keys(['example_branch_dop_operator_v3']) retrieved from /home/nanah/airflow_venv/lib/python3.10/site-packages/airflow/example_dags/example_branch_python_dop_operator_3.py
[2023-06-11T00:33:10.271+0200] {logging_mixin.py:117} INFO - [2023-06-11T00:33:10.268+0200] {dag.py:2573} INFO - Sync 1 DAGs
[2023-06-11T00:33:10.328+0200] {logging_mixin.py:117} INFO - [2023-06-11T00:33:10.327+0200] {dag.py:3324} INFO - Setting next_dagrun for example_branch_dop_operator_v3 to 2023-06-10T22:32:00+00:00, run_after=2023-06-10T22:33:00+00:00
[2023-06-11T00:33:10.382+0200] {processor.py:178} INFO - Processing /home/nanah/airflow_venv/lib/python3.10/site-packages/airflow/example_dags/example_branch_python_dop_operator_3.py took 0.566 seconds
[2023-06-11T00:34:07.536+0200] {processor.py:156} INFO - Started process (PID=5362) to work on /home/nanah/airflow_venv/lib/python3.10/site-packages/airflow/example_dags/example_branch_python_dop_operator_3.py
[2023-06-11T00:34:07.543+0200] {processor.py:758} INFO - Processing file /home/nanah/airflow_venv/lib/python3.10/site-packages/airflow/example_dags/example_branch_python_dop_operator_3.py for tasks to queue
[2023-06-11T00:34:08.238+0200] {logging_mixin.py:117} INFO - [2023-06-11T00:34:08.237+0200] {dagbag.py:525} INFO - Filling up the DagBag from /home/nanah/airflow_venv/lib/python3.10/site-packages/airflow/example_dags/example_branch_python_dop_operator_3.py
[2023-06-11T00:34:08.409+0200] {processor.py:768} INFO - DAG(s) dict_keys(['example_branch_dop_operator_v3']) retrieved from /home/nanah/airflow_venv/lib/python3.10/site-packages/airflow/example_dags/example_branch_python_dop_operator_3.py
[2023-06-11T00:34:08.547+0200] {logging_mixin.py:117} INFO - [2023-06-11T00:34:08.546+0200] {dag.py:2573} INFO - Sync 1 DAGs
[2023-06-11T00:34:08.861+0200] {logging_mixin.py:117} INFO - [2023-06-11T00:34:08.860+0200] {dag.py:3324} INFO - Setting next_dagrun for example_branch_dop_operator_v3 to 2023-06-10T22:33:00+00:00, run_after=2023-06-10T22:34:00+00:00
[2023-06-11T00:34:09.007+0200] {processor.py:178} INFO - Processing /home/nanah/airflow_venv/lib/python3.10/site-packages/airflow/example_dags/example_branch_python_dop_operator_3.py took 1.483 seconds
[2023-06-11T00:35:14.010+0200] {processor.py:156} INFO - Started process (PID=5400) to work on /home/nanah/airflow_venv/lib/python3.10/site-packages/airflow/example_dags/example_branch_python_dop_operator_3.py
[2023-06-11T00:35:14.013+0200] {processor.py:758} INFO - Processing file /home/nanah/airflow_venv/lib/python3.10/site-packages/airflow/example_dags/example_branch_python_dop_operator_3.py for tasks to queue
[2023-06-11T00:35:14.015+0200] {logging_mixin.py:117} INFO - [2023-06-11T00:35:14.015+0200] {dagbag.py:525} INFO - Filling up the DagBag from /home/nanah/airflow_venv/lib/python3.10/site-packages/airflow/example_dags/example_branch_python_dop_operator_3.py
[2023-06-11T00:35:14.104+0200] {processor.py:768} INFO - DAG(s) dict_keys(['example_branch_dop_operator_v3']) retrieved from /home/nanah/airflow_venv/lib/python3.10/site-packages/airflow/example_dags/example_branch_python_dop_operator_3.py
[2023-06-11T00:35:14.316+0200] {logging_mixin.py:117} INFO - [2023-06-11T00:35:14.316+0200] {dag.py:2573} INFO - Sync 1 DAGs
[2023-06-11T00:35:14.492+0200] {logging_mixin.py:117} INFO - [2023-06-11T00:35:14.491+0200] {dag.py:3324} INFO - Setting next_dagrun for example_branch_dop_operator_v3 to 2023-06-10T22:34:00+00:00, run_after=2023-06-10T22:35:00+00:00
[2023-06-11T00:35:14.966+0200] {processor.py:178} INFO - Processing /home/nanah/airflow_venv/lib/python3.10/site-packages/airflow/example_dags/example_branch_python_dop_operator_3.py took 0.963 seconds
[2023-06-11T00:36:00.938+0200] {processor.py:156} INFO - Started process (PID=5436) to work on /home/nanah/airflow_venv/lib/python3.10/site-packages/airflow/example_dags/example_branch_python_dop_operator_3.py
[2023-06-11T00:36:00.943+0200] {processor.py:758} INFO - Processing file /home/nanah/airflow_venv/lib/python3.10/site-packages/airflow/example_dags/example_branch_python_dop_operator_3.py for tasks to queue
[2023-06-11T00:36:00.945+0200] {logging_mixin.py:117} INFO - [2023-06-11T00:36:00.945+0200] {dagbag.py:525} INFO - Filling up the DagBag from /home/nanah/airflow_venv/lib/python3.10/site-packages/airflow/example_dags/example_branch_python_dop_operator_3.py
[2023-06-11T00:36:00.998+0200] {processor.py:768} INFO - DAG(s) dict_keys(['example_branch_dop_operator_v3']) retrieved from /home/nanah/airflow_venv/lib/python3.10/site-packages/airflow/example_dags/example_branch_python_dop_operator_3.py
[2023-06-11T00:36:01.052+0200] {logging_mixin.py:117} INFO - [2023-06-11T00:36:01.051+0200] {dag.py:2573} INFO - Sync 1 DAGs
[2023-06-11T00:36:01.101+0200] {logging_mixin.py:117} INFO - [2023-06-11T00:36:01.101+0200] {dag.py:3324} INFO - Setting next_dagrun for example_branch_dop_operator_v3 to 2023-06-10T22:35:00+00:00, run_after=2023-06-10T22:36:00+00:00
[2023-06-11T00:36:01.148+0200] {processor.py:178} INFO - Processing /home/nanah/airflow_venv/lib/python3.10/site-packages/airflow/example_dags/example_branch_python_dop_operator_3.py took 0.217 seconds
[2023-06-11T00:36:43.724+0200] {processor.py:156} INFO - Started process (PID=5469) to work on /home/nanah/airflow_venv/lib/python3.10/site-packages/airflow/example_dags/example_branch_python_dop_operator_3.py
[2023-06-11T00:36:43.737+0200] {processor.py:758} INFO - Processing file /home/nanah/airflow_venv/lib/python3.10/site-packages/airflow/example_dags/example_branch_python_dop_operator_3.py for tasks to queue
[2023-06-11T00:36:43.741+0200] {logging_mixin.py:117} INFO - [2023-06-11T00:36:43.740+0200] {dagbag.py:525} INFO - Filling up the DagBag from /home/nanah/airflow_venv/lib/python3.10/site-packages/airflow/example_dags/example_branch_python_dop_operator_3.py
[2023-06-11T00:36:43.814+0200] {processor.py:768} INFO - DAG(s) dict_keys(['example_branch_dop_operator_v3']) retrieved from /home/nanah/airflow_venv/lib/python3.10/site-packages/airflow/example_dags/example_branch_python_dop_operator_3.py
[2023-06-11T00:36:43.871+0200] {logging_mixin.py:117} INFO - [2023-06-11T00:36:43.871+0200] {dag.py:2573} INFO - Sync 1 DAGs
[2023-06-11T00:36:43.920+0200] {logging_mixin.py:117} INFO - [2023-06-11T00:36:43.920+0200] {dag.py:3324} INFO - Setting next_dagrun for example_branch_dop_operator_v3 to 2023-06-10T22:35:00+00:00, run_after=2023-06-10T22:36:00+00:00
[2023-06-11T00:36:43.962+0200] {processor.py:178} INFO - Processing /home/nanah/airflow_venv/lib/python3.10/site-packages/airflow/example_dags/example_branch_python_dop_operator_3.py took 0.266 seconds
[2023-06-11T00:37:30.709+0200] {processor.py:156} INFO - Started process (PID=5503) to work on /home/nanah/airflow_venv/lib/python3.10/site-packages/airflow/example_dags/example_branch_python_dop_operator_3.py
[2023-06-11T00:37:30.713+0200] {processor.py:758} INFO - Processing file /home/nanah/airflow_venv/lib/python3.10/site-packages/airflow/example_dags/example_branch_python_dop_operator_3.py for tasks to queue
[2023-06-11T00:37:30.717+0200] {logging_mixin.py:117} INFO - [2023-06-11T00:37:30.716+0200] {dagbag.py:525} INFO - Filling up the DagBag from /home/nanah/airflow_venv/lib/python3.10/site-packages/airflow/example_dags/example_branch_python_dop_operator_3.py
[2023-06-11T00:37:30.812+0200] {processor.py:768} INFO - DAG(s) dict_keys(['example_branch_dop_operator_v3']) retrieved from /home/nanah/airflow_venv/lib/python3.10/site-packages/airflow/example_dags/example_branch_python_dop_operator_3.py
[2023-06-11T00:37:30.903+0200] {logging_mixin.py:117} INFO - [2023-06-11T00:37:30.902+0200] {dag.py:2573} INFO - Sync 1 DAGs
[2023-06-11T00:37:30.988+0200] {logging_mixin.py:117} INFO - [2023-06-11T00:37:30.987+0200] {dag.py:3324} INFO - Setting next_dagrun for example_branch_dop_operator_v3 to 2023-06-10T22:36:00+00:00, run_after=2023-06-10T22:37:00+00:00
[2023-06-11T00:37:31.078+0200] {processor.py:178} INFO - Processing /home/nanah/airflow_venv/lib/python3.10/site-packages/airflow/example_dags/example_branch_python_dop_operator_3.py took 0.381 seconds
[2023-06-11T00:38:22.256+0200] {processor.py:156} INFO - Started process (PID=5537) to work on /home/nanah/airflow_venv/lib/python3.10/site-packages/airflow/example_dags/example_branch_python_dop_operator_3.py
[2023-06-11T00:38:22.262+0200] {processor.py:758} INFO - Processing file /home/nanah/airflow_venv/lib/python3.10/site-packages/airflow/example_dags/example_branch_python_dop_operator_3.py for tasks to queue
[2023-06-11T00:38:22.264+0200] {logging_mixin.py:117} INFO - [2023-06-11T00:38:22.263+0200] {dagbag.py:525} INFO - Filling up the DagBag from /home/nanah/airflow_venv/lib/python3.10/site-packages/airflow/example_dags/example_branch_python_dop_operator_3.py
[2023-06-11T00:38:22.339+0200] {processor.py:768} INFO - DAG(s) dict_keys(['example_branch_dop_operator_v3']) retrieved from /home/nanah/airflow_venv/lib/python3.10/site-packages/airflow/example_dags/example_branch_python_dop_operator_3.py
[2023-06-11T00:38:22.417+0200] {logging_mixin.py:117} INFO - [2023-06-11T00:38:22.416+0200] {dag.py:2573} INFO - Sync 1 DAGs
[2023-06-11T00:38:22.477+0200] {logging_mixin.py:117} INFO - [2023-06-11T00:38:22.477+0200] {dag.py:3324} INFO - Setting next_dagrun for example_branch_dop_operator_v3 to 2023-06-10T22:37:00+00:00, run_after=2023-06-10T22:38:00+00:00
[2023-06-11T00:38:22.537+0200] {processor.py:178} INFO - Processing /home/nanah/airflow_venv/lib/python3.10/site-packages/airflow/example_dags/example_branch_python_dop_operator_3.py took 0.290 seconds
[2023-06-11T00:39:07.007+0200] {processor.py:156} INFO - Started process (PID=5573) to work on /home/nanah/airflow_venv/lib/python3.10/site-packages/airflow/example_dags/example_branch_python_dop_operator_3.py
[2023-06-11T00:39:07.015+0200] {processor.py:758} INFO - Processing file /home/nanah/airflow_venv/lib/python3.10/site-packages/airflow/example_dags/example_branch_python_dop_operator_3.py for tasks to queue
[2023-06-11T00:39:07.018+0200] {logging_mixin.py:117} INFO - [2023-06-11T00:39:07.017+0200] {dagbag.py:525} INFO - Filling up the DagBag from /home/nanah/airflow_venv/lib/python3.10/site-packages/airflow/example_dags/example_branch_python_dop_operator_3.py
[2023-06-11T00:39:07.090+0200] {processor.py:768} INFO - DAG(s) dict_keys(['example_branch_dop_operator_v3']) retrieved from /home/nanah/airflow_venv/lib/python3.10/site-packages/airflow/example_dags/example_branch_python_dop_operator_3.py
[2023-06-11T00:39:07.168+0200] {logging_mixin.py:117} INFO - [2023-06-11T00:39:07.168+0200] {dag.py:2573} INFO - Sync 1 DAGs
[2023-06-11T00:39:07.223+0200] {logging_mixin.py:117} INFO - [2023-06-11T00:39:07.223+0200] {dag.py:3324} INFO - Setting next_dagrun for example_branch_dop_operator_v3 to 2023-06-10T22:38:00+00:00, run_after=2023-06-10T22:39:00+00:00
[2023-06-11T00:39:07.275+0200] {processor.py:178} INFO - Processing /home/nanah/airflow_venv/lib/python3.10/site-packages/airflow/example_dags/example_branch_python_dop_operator_3.py took 0.288 seconds
[2023-06-11T00:39:49.354+0200] {processor.py:156} INFO - Started process (PID=5606) to work on /home/nanah/airflow_venv/lib/python3.10/site-packages/airflow/example_dags/example_branch_python_dop_operator_3.py
[2023-06-11T00:39:49.359+0200] {processor.py:758} INFO - Processing file /home/nanah/airflow_venv/lib/python3.10/site-packages/airflow/example_dags/example_branch_python_dop_operator_3.py for tasks to queue
[2023-06-11T00:39:49.369+0200] {logging_mixin.py:117} INFO - [2023-06-11T00:39:49.368+0200] {dagbag.py:525} INFO - Filling up the DagBag from /home/nanah/airflow_venv/lib/python3.10/site-packages/airflow/example_dags/example_branch_python_dop_operator_3.py
[2023-06-11T00:39:49.548+0200] {processor.py:768} INFO - DAG(s) dict_keys(['example_branch_dop_operator_v3']) retrieved from /home/nanah/airflow_venv/lib/python3.10/site-packages/airflow/example_dags/example_branch_python_dop_operator_3.py
[2023-06-11T00:39:49.744+0200] {logging_mixin.py:117} INFO - [2023-06-11T00:39:49.744+0200] {dag.py:2573} INFO - Sync 1 DAGs
[2023-06-11T00:39:49.893+0200] {logging_mixin.py:117} INFO - [2023-06-11T00:39:49.893+0200] {dag.py:3324} INFO - Setting next_dagrun for example_branch_dop_operator_v3 to 2023-06-10T22:38:00+00:00, run_after=2023-06-10T22:39:00+00:00
[2023-06-11T00:39:49.946+0200] {processor.py:178} INFO - Processing /home/nanah/airflow_venv/lib/python3.10/site-packages/airflow/example_dags/example_branch_python_dop_operator_3.py took 0.609 seconds
[2023-06-11T00:40:33.097+0200] {processor.py:156} INFO - Started process (PID=5640) to work on /home/nanah/airflow_venv/lib/python3.10/site-packages/airflow/example_dags/example_branch_python_dop_operator_3.py
[2023-06-11T00:40:33.103+0200] {processor.py:758} INFO - Processing file /home/nanah/airflow_venv/lib/python3.10/site-packages/airflow/example_dags/example_branch_python_dop_operator_3.py for tasks to queue
[2023-06-11T00:40:33.105+0200] {logging_mixin.py:117} INFO - [2023-06-11T00:40:33.105+0200] {dagbag.py:525} INFO - Filling up the DagBag from /home/nanah/airflow_venv/lib/python3.10/site-packages/airflow/example_dags/example_branch_python_dop_operator_3.py
[2023-06-11T00:40:33.167+0200] {processor.py:768} INFO - DAG(s) dict_keys(['example_branch_dop_operator_v3']) retrieved from /home/nanah/airflow_venv/lib/python3.10/site-packages/airflow/example_dags/example_branch_python_dop_operator_3.py
[2023-06-11T00:40:33.245+0200] {logging_mixin.py:117} INFO - [2023-06-11T00:40:33.245+0200] {dag.py:2573} INFO - Sync 1 DAGs
[2023-06-11T00:40:33.315+0200] {logging_mixin.py:117} INFO - [2023-06-11T00:40:33.314+0200] {dag.py:3324} INFO - Setting next_dagrun for example_branch_dop_operator_v3 to 2023-06-10T22:39:00+00:00, run_after=2023-06-10T22:40:00+00:00
[2023-06-11T00:40:33.379+0200] {processor.py:178} INFO - Processing /home/nanah/airflow_venv/lib/python3.10/site-packages/airflow/example_dags/example_branch_python_dop_operator_3.py took 0.288 seconds
[2023-06-11T00:41:15.036+0200] {processor.py:156} INFO - Started process (PID=5674) to work on /home/nanah/airflow_venv/lib/python3.10/site-packages/airflow/example_dags/example_branch_python_dop_operator_3.py
[2023-06-11T00:41:15.051+0200] {processor.py:758} INFO - Processing file /home/nanah/airflow_venv/lib/python3.10/site-packages/airflow/example_dags/example_branch_python_dop_operator_3.py for tasks to queue
[2023-06-11T00:41:15.053+0200] {logging_mixin.py:117} INFO - [2023-06-11T00:41:15.052+0200] {dagbag.py:525} INFO - Filling up the DagBag from /home/nanah/airflow_venv/lib/python3.10/site-packages/airflow/example_dags/example_branch_python_dop_operator_3.py
[2023-06-11T00:41:15.108+0200] {processor.py:768} INFO - DAG(s) dict_keys(['example_branch_dop_operator_v3']) retrieved from /home/nanah/airflow_venv/lib/python3.10/site-packages/airflow/example_dags/example_branch_python_dop_operator_3.py
[2023-06-11T00:41:15.161+0200] {logging_mixin.py:117} INFO - [2023-06-11T00:41:15.161+0200] {dag.py:2573} INFO - Sync 1 DAGs
[2023-06-11T00:41:15.212+0200] {logging_mixin.py:117} INFO - [2023-06-11T00:41:15.212+0200] {dag.py:3324} INFO - Setting next_dagrun for example_branch_dop_operator_v3 to 2023-06-10T22:40:00+00:00, run_after=2023-06-10T22:41:00+00:00
[2023-06-11T00:41:15.259+0200] {processor.py:178} INFO - Processing /home/nanah/airflow_venv/lib/python3.10/site-packages/airflow/example_dags/example_branch_python_dop_operator_3.py took 0.229 seconds
[2023-06-11T00:41:59.397+0200] {processor.py:156} INFO - Started process (PID=5712) to work on /home/nanah/airflow_venv/lib/python3.10/site-packages/airflow/example_dags/example_branch_python_dop_operator_3.py
[2023-06-11T00:41:59.406+0200] {processor.py:758} INFO - Processing file /home/nanah/airflow_venv/lib/python3.10/site-packages/airflow/example_dags/example_branch_python_dop_operator_3.py for tasks to queue
[2023-06-11T00:41:59.408+0200] {logging_mixin.py:117} INFO - [2023-06-11T00:41:59.408+0200] {dagbag.py:525} INFO - Filling up the DagBag from /home/nanah/airflow_venv/lib/python3.10/site-packages/airflow/example_dags/example_branch_python_dop_operator_3.py
[2023-06-11T00:41:59.501+0200] {processor.py:768} INFO - DAG(s) dict_keys(['example_branch_dop_operator_v3']) retrieved from /home/nanah/airflow_venv/lib/python3.10/site-packages/airflow/example_dags/example_branch_python_dop_operator_3.py
[2023-06-11T00:41:59.756+0200] {logging_mixin.py:117} INFO - [2023-06-11T00:41:59.756+0200] {dag.py:2573} INFO - Sync 1 DAGs
[2023-06-11T00:41:59.823+0200] {logging_mixin.py:117} INFO - [2023-06-11T00:41:59.822+0200] {dag.py:3324} INFO - Setting next_dagrun for example_branch_dop_operator_v3 to 2023-06-10T22:40:00+00:00, run_after=2023-06-10T22:41:00+00:00
[2023-06-11T00:41:59.884+0200] {processor.py:178} INFO - Processing /home/nanah/airflow_venv/lib/python3.10/site-packages/airflow/example_dags/example_branch_python_dop_operator_3.py took 0.495 seconds
[2023-06-11T00:42:49.360+0200] {processor.py:156} INFO - Started process (PID=5746) to work on /home/nanah/airflow_venv/lib/python3.10/site-packages/airflow/example_dags/example_branch_python_dop_operator_3.py
[2023-06-11T00:42:49.370+0200] {processor.py:758} INFO - Processing file /home/nanah/airflow_venv/lib/python3.10/site-packages/airflow/example_dags/example_branch_python_dop_operator_3.py for tasks to queue
[2023-06-11T00:42:49.371+0200] {logging_mixin.py:117} INFO - [2023-06-11T00:42:49.371+0200] {dagbag.py:525} INFO - Filling up the DagBag from /home/nanah/airflow_venv/lib/python3.10/site-packages/airflow/example_dags/example_branch_python_dop_operator_3.py
[2023-06-11T00:42:49.554+0200] {processor.py:768} INFO - DAG(s) dict_keys(['example_branch_dop_operator_v3']) retrieved from /home/nanah/airflow_venv/lib/python3.10/site-packages/airflow/example_dags/example_branch_python_dop_operator_3.py
[2023-06-11T00:42:49.723+0200] {logging_mixin.py:117} INFO - [2023-06-11T00:42:49.723+0200] {dag.py:2573} INFO - Sync 1 DAGs
[2023-06-11T00:42:49.870+0200] {logging_mixin.py:117} INFO - [2023-06-11T00:42:49.869+0200] {dag.py:3324} INFO - Setting next_dagrun for example_branch_dop_operator_v3 to 2023-06-10T22:41:00+00:00, run_after=2023-06-10T22:42:00+00:00
[2023-06-11T00:42:50.000+0200] {processor.py:178} INFO - Processing /home/nanah/airflow_venv/lib/python3.10/site-packages/airflow/example_dags/example_branch_python_dop_operator_3.py took 0.665 seconds
[2023-06-11T00:43:35.128+0200] {processor.py:156} INFO - Started process (PID=5780) to work on /home/nanah/airflow_venv/lib/python3.10/site-packages/airflow/example_dags/example_branch_python_dop_operator_3.py
[2023-06-11T00:43:35.134+0200] {processor.py:758} INFO - Processing file /home/nanah/airflow_venv/lib/python3.10/site-packages/airflow/example_dags/example_branch_python_dop_operator_3.py for tasks to queue
[2023-06-11T00:43:35.135+0200] {logging_mixin.py:117} INFO - [2023-06-11T00:43:35.135+0200] {dagbag.py:525} INFO - Filling up the DagBag from /home/nanah/airflow_venv/lib/python3.10/site-packages/airflow/example_dags/example_branch_python_dop_operator_3.py
[2023-06-11T00:43:35.219+0200] {processor.py:768} INFO - DAG(s) dict_keys(['example_branch_dop_operator_v3']) retrieved from /home/nanah/airflow_venv/lib/python3.10/site-packages/airflow/example_dags/example_branch_python_dop_operator_3.py
[2023-06-11T00:43:35.287+0200] {logging_mixin.py:117} INFO - [2023-06-11T00:43:35.286+0200] {dag.py:2573} INFO - Sync 1 DAGs
[2023-06-11T00:43:35.343+0200] {logging_mixin.py:117} INFO - [2023-06-11T00:43:35.343+0200] {dag.py:3324} INFO - Setting next_dagrun for example_branch_dop_operator_v3 to 2023-06-10T22:42:00+00:00, run_after=2023-06-10T22:43:00+00:00
[2023-06-11T00:43:35.403+0200] {processor.py:178} INFO - Processing /home/nanah/airflow_venv/lib/python3.10/site-packages/airflow/example_dags/example_branch_python_dop_operator_3.py took 0.282 seconds
[2023-06-11T00:44:18.252+0200] {processor.py:156} INFO - Started process (PID=5814) to work on /home/nanah/airflow_venv/lib/python3.10/site-packages/airflow/example_dags/example_branch_python_dop_operator_3.py
[2023-06-11T00:44:18.265+0200] {processor.py:758} INFO - Processing file /home/nanah/airflow_venv/lib/python3.10/site-packages/airflow/example_dags/example_branch_python_dop_operator_3.py for tasks to queue
[2023-06-11T00:44:18.266+0200] {logging_mixin.py:117} INFO - [2023-06-11T00:44:18.266+0200] {dagbag.py:525} INFO - Filling up the DagBag from /home/nanah/airflow_venv/lib/python3.10/site-packages/airflow/example_dags/example_branch_python_dop_operator_3.py
[2023-06-11T00:44:18.368+0200] {processor.py:768} INFO - DAG(s) dict_keys(['example_branch_dop_operator_v3']) retrieved from /home/nanah/airflow_venv/lib/python3.10/site-packages/airflow/example_dags/example_branch_python_dop_operator_3.py
[2023-06-11T00:44:18.459+0200] {logging_mixin.py:117} INFO - [2023-06-11T00:44:18.458+0200] {dag.py:2573} INFO - Sync 1 DAGs
[2023-06-11T00:44:18.577+0200] {logging_mixin.py:117} INFO - [2023-06-11T00:44:18.576+0200] {dag.py:3324} INFO - Setting next_dagrun for example_branch_dop_operator_v3 to 2023-06-10T22:43:00+00:00, run_after=2023-06-10T22:44:00+00:00
[2023-06-11T00:44:18.680+0200] {processor.py:178} INFO - Processing /home/nanah/airflow_venv/lib/python3.10/site-packages/airflow/example_dags/example_branch_python_dop_operator_3.py took 0.436 seconds
[2023-06-11T00:45:08.856+0200] {processor.py:156} INFO - Started process (PID=5848) to work on /home/nanah/airflow_venv/lib/python3.10/site-packages/airflow/example_dags/example_branch_python_dop_operator_3.py
[2023-06-11T00:45:08.864+0200] {processor.py:758} INFO - Processing file /home/nanah/airflow_venv/lib/python3.10/site-packages/airflow/example_dags/example_branch_python_dop_operator_3.py for tasks to queue
[2023-06-11T00:45:08.866+0200] {logging_mixin.py:117} INFO - [2023-06-11T00:45:08.865+0200] {dagbag.py:525} INFO - Filling up the DagBag from /home/nanah/airflow_venv/lib/python3.10/site-packages/airflow/example_dags/example_branch_python_dop_operator_3.py
[2023-06-11T00:45:08.937+0200] {processor.py:768} INFO - DAG(s) dict_keys(['example_branch_dop_operator_v3']) retrieved from /home/nanah/airflow_venv/lib/python3.10/site-packages/airflow/example_dags/example_branch_python_dop_operator_3.py
[2023-06-11T00:45:09.016+0200] {logging_mixin.py:117} INFO - [2023-06-11T00:45:09.015+0200] {dag.py:2573} INFO - Sync 1 DAGs
[2023-06-11T00:45:09.083+0200] {logging_mixin.py:117} INFO - [2023-06-11T00:45:09.083+0200] {dag.py:3324} INFO - Setting next_dagrun for example_branch_dop_operator_v3 to 2023-06-10T22:44:00+00:00, run_after=2023-06-10T22:45:00+00:00
[2023-06-11T00:45:09.138+0200] {processor.py:178} INFO - Processing /home/nanah/airflow_venv/lib/python3.10/site-packages/airflow/example_dags/example_branch_python_dop_operator_3.py took 0.290 seconds
