[2023-06-11T00:12:31.081+0200] {processor.py:156} INFO - Started process (PID=4627) to work on /home/nanah/airflow_venv/lib/python3.10/site-packages/airflow/example_dags/example_datasets.py
[2023-06-11T00:12:31.083+0200] {processor.py:758} INFO - Processing file /home/nanah/airflow_venv/lib/python3.10/site-packages/airflow/example_dags/example_datasets.py for tasks to queue
[2023-06-11T00:12:31.085+0200] {logging_mixin.py:117} INFO - [2023-06-11T00:12:31.084+0200] {dagbag.py:525} INFO - Filling up the DagBag from /home/nanah/airflow_venv/lib/python3.10/site-packages/airflow/example_dags/example_datasets.py
[2023-06-11T00:12:31.135+0200] {processor.py:768} INFO - DAG(s) dict_keys(['dataset_consumes_1_never_scheduled', 'dataset_produces_2', 'dataset_consumes_1_and_2', 'dataset_produces_1', 'dataset_consumes_unknown_never_scheduled', 'dataset_consumes_1']) retrieved from /home/nanah/airflow_venv/lib/python3.10/site-packages/airflow/example_dags/example_datasets.py
[2023-06-11T00:12:31.299+0200] {logging_mixin.py:117} INFO - [2023-06-11T00:12:31.298+0200] {dag.py:2573} INFO - Sync 6 DAGs
[2023-06-11T00:12:31.369+0200] {logging_mixin.py:117} INFO - [2023-06-11T00:12:31.369+0200] {dag.py:3324} INFO - Setting next_dagrun for dataset_consumes_1 to None, run_after=None
[2023-06-11T00:12:31.375+0200] {logging_mixin.py:117} INFO - [2023-06-11T00:12:31.374+0200] {dag.py:3324} INFO - Setting next_dagrun for dataset_consumes_1_and_2 to None, run_after=None
[2023-06-11T00:12:31.377+0200] {logging_mixin.py:117} INFO - [2023-06-11T00:12:31.377+0200] {dag.py:3324} INFO - Setting next_dagrun for dataset_consumes_1_never_scheduled to None, run_after=None
[2023-06-11T00:12:31.379+0200] {logging_mixin.py:117} INFO - [2023-06-11T00:12:31.379+0200] {dag.py:3324} INFO - Setting next_dagrun for dataset_consumes_unknown_never_scheduled to None, run_after=None
[2023-06-11T00:12:31.385+0200] {logging_mixin.py:117} INFO - [2023-06-11T00:12:31.385+0200] {dag.py:3324} INFO - Setting next_dagrun for dataset_produces_1 to 2023-06-09T00:00:00+00:00, run_after=2023-06-10T00:00:00+00:00
[2023-06-11T00:12:31.387+0200] {logging_mixin.py:117} INFO - [2023-06-11T00:12:31.387+0200] {dag.py:3324} INFO - Setting next_dagrun for dataset_produces_2 to None, run_after=None
[2023-06-11T00:12:31.481+0200] {processor.py:178} INFO - Processing /home/nanah/airflow_venv/lib/python3.10/site-packages/airflow/example_dags/example_datasets.py took 0.406 seconds
[2023-06-11T00:13:54.607+0200] {processor.py:156} INFO - Started process (PID=4666) to work on /home/nanah/airflow_venv/lib/python3.10/site-packages/airflow/example_dags/example_datasets.py
[2023-06-11T00:13:54.635+0200] {processor.py:758} INFO - Processing file /home/nanah/airflow_venv/lib/python3.10/site-packages/airflow/example_dags/example_datasets.py for tasks to queue
[2023-06-11T00:13:54.637+0200] {logging_mixin.py:117} INFO - [2023-06-11T00:13:54.636+0200] {dagbag.py:525} INFO - Filling up the DagBag from /home/nanah/airflow_venv/lib/python3.10/site-packages/airflow/example_dags/example_datasets.py
[2023-06-11T00:13:54.926+0200] {processor.py:768} INFO - DAG(s) dict_keys(['dataset_consumes_unknown_never_scheduled', 'dataset_consumes_1', 'dataset_produces_1', 'dataset_consumes_1_never_scheduled', 'dataset_consumes_1_and_2', 'dataset_produces_2']) retrieved from /home/nanah/airflow_venv/lib/python3.10/site-packages/airflow/example_dags/example_datasets.py
[2023-06-11T00:13:56.147+0200] {logging_mixin.py:117} INFO - [2023-06-11T00:13:56.146+0200] {dag.py:2573} INFO - Sync 6 DAGs
[2023-06-11T00:13:56.672+0200] {logging_mixin.py:117} INFO - [2023-06-11T00:13:56.672+0200] {dag.py:3324} INFO - Setting next_dagrun for dataset_consumes_1 to None, run_after=None
[2023-06-11T00:13:56.690+0200] {logging_mixin.py:117} INFO - [2023-06-11T00:13:56.690+0200] {dag.py:3324} INFO - Setting next_dagrun for dataset_consumes_1_and_2 to None, run_after=None
[2023-06-11T00:13:56.692+0200] {logging_mixin.py:117} INFO - [2023-06-11T00:13:56.692+0200] {dag.py:3324} INFO - Setting next_dagrun for dataset_consumes_1_never_scheduled to None, run_after=None
[2023-06-11T00:13:56.705+0200] {logging_mixin.py:117} INFO - [2023-06-11T00:13:56.705+0200] {dag.py:3324} INFO - Setting next_dagrun for dataset_consumes_unknown_never_scheduled to None, run_after=None
[2023-06-11T00:13:56.722+0200] {logging_mixin.py:117} INFO - [2023-06-11T00:13:56.722+0200] {dag.py:3324} INFO - Setting next_dagrun for dataset_produces_1 to 2023-06-09T00:00:00+00:00, run_after=2023-06-10T00:00:00+00:00
[2023-06-11T00:13:56.724+0200] {logging_mixin.py:117} INFO - [2023-06-11T00:13:56.724+0200] {dag.py:3324} INFO - Setting next_dagrun for dataset_produces_2 to None, run_after=None
[2023-06-11T00:13:58.115+0200] {processor.py:178} INFO - Processing /home/nanah/airflow_venv/lib/python3.10/site-packages/airflow/example_dags/example_datasets.py took 3.527 seconds
[2023-06-11T00:14:56.836+0200] {processor.py:156} INFO - Started process (PID=4700) to work on /home/nanah/airflow_venv/lib/python3.10/site-packages/airflow/example_dags/example_datasets.py
[2023-06-11T00:14:56.841+0200] {processor.py:758} INFO - Processing file /home/nanah/airflow_venv/lib/python3.10/site-packages/airflow/example_dags/example_datasets.py for tasks to queue
[2023-06-11T00:14:56.842+0200] {logging_mixin.py:117} INFO - [2023-06-11T00:14:56.842+0200] {dagbag.py:525} INFO - Filling up the DagBag from /home/nanah/airflow_venv/lib/python3.10/site-packages/airflow/example_dags/example_datasets.py
[2023-06-11T00:14:56.966+0200] {processor.py:768} INFO - DAG(s) dict_keys(['dataset_consumes_1_never_scheduled', 'dataset_consumes_unknown_never_scheduled', 'dataset_produces_1', 'dataset_consumes_1_and_2', 'dataset_consumes_1', 'dataset_produces_2']) retrieved from /home/nanah/airflow_venv/lib/python3.10/site-packages/airflow/example_dags/example_datasets.py
[2023-06-11T00:14:57.236+0200] {logging_mixin.py:117} INFO - [2023-06-11T00:14:57.236+0200] {dag.py:2573} INFO - Sync 6 DAGs
[2023-06-11T00:14:57.304+0200] {logging_mixin.py:117} INFO - [2023-06-11T00:14:57.304+0200] {dag.py:3324} INFO - Setting next_dagrun for dataset_consumes_1 to None, run_after=None
[2023-06-11T00:14:57.320+0200] {logging_mixin.py:117} INFO - [2023-06-11T00:14:57.319+0200] {dag.py:3324} INFO - Setting next_dagrun for dataset_consumes_1_and_2 to None, run_after=None
[2023-06-11T00:14:57.322+0200] {logging_mixin.py:117} INFO - [2023-06-11T00:14:57.321+0200] {dag.py:3324} INFO - Setting next_dagrun for dataset_consumes_1_never_scheduled to None, run_after=None
[2023-06-11T00:14:57.324+0200] {logging_mixin.py:117} INFO - [2023-06-11T00:14:57.323+0200] {dag.py:3324} INFO - Setting next_dagrun for dataset_consumes_unknown_never_scheduled to None, run_after=None
[2023-06-11T00:14:57.340+0200] {logging_mixin.py:117} INFO - [2023-06-11T00:14:57.340+0200] {dag.py:3324} INFO - Setting next_dagrun for dataset_produces_1 to 2023-06-09T00:00:00+00:00, run_after=2023-06-10T00:00:00+00:00
[2023-06-11T00:14:57.343+0200] {logging_mixin.py:117} INFO - [2023-06-11T00:14:57.342+0200] {dag.py:3324} INFO - Setting next_dagrun for dataset_produces_2 to None, run_after=None
[2023-06-11T00:14:58.231+0200] {processor.py:178} INFO - Processing /home/nanah/airflow_venv/lib/python3.10/site-packages/airflow/example_dags/example_datasets.py took 1.411 seconds
[2023-06-11T00:16:29.311+0200] {processor.py:156} INFO - Started process (PID=4749) to work on /home/nanah/airflow_venv/lib/python3.10/site-packages/airflow/example_dags/example_datasets.py
[2023-06-11T00:16:29.315+0200] {processor.py:758} INFO - Processing file /home/nanah/airflow_venv/lib/python3.10/site-packages/airflow/example_dags/example_datasets.py for tasks to queue
[2023-06-11T00:16:29.316+0200] {logging_mixin.py:117} INFO - [2023-06-11T00:16:29.316+0200] {dagbag.py:525} INFO - Filling up the DagBag from /home/nanah/airflow_venv/lib/python3.10/site-packages/airflow/example_dags/example_datasets.py
[2023-06-11T00:16:29.365+0200] {processor.py:768} INFO - DAG(s) dict_keys(['dataset_consumes_1_never_scheduled', 'dataset_consumes_1', 'dataset_produces_1', 'dataset_produces_2', 'dataset_consumes_unknown_never_scheduled', 'dataset_consumes_1_and_2']) retrieved from /home/nanah/airflow_venv/lib/python3.10/site-packages/airflow/example_dags/example_datasets.py
[2023-06-11T00:16:29.450+0200] {logging_mixin.py:117} INFO - [2023-06-11T00:16:29.450+0200] {dag.py:2573} INFO - Sync 6 DAGs
[2023-06-11T00:16:29.588+0200] {logging_mixin.py:117} INFO - [2023-06-11T00:16:29.588+0200] {dag.py:3324} INFO - Setting next_dagrun for dataset_consumes_1 to None, run_after=None
[2023-06-11T00:16:29.603+0200] {logging_mixin.py:117} INFO - [2023-06-11T00:16:29.603+0200] {dag.py:3324} INFO - Setting next_dagrun for dataset_consumes_1_and_2 to None, run_after=None
[2023-06-11T00:16:29.606+0200] {logging_mixin.py:117} INFO - [2023-06-11T00:16:29.606+0200] {dag.py:3324} INFO - Setting next_dagrun for dataset_consumes_1_never_scheduled to None, run_after=None
[2023-06-11T00:16:29.608+0200] {logging_mixin.py:117} INFO - [2023-06-11T00:16:29.608+0200] {dag.py:3324} INFO - Setting next_dagrun for dataset_consumes_unknown_never_scheduled to None, run_after=None
[2023-06-11T00:16:29.623+0200] {logging_mixin.py:117} INFO - [2023-06-11T00:16:29.623+0200] {dag.py:3324} INFO - Setting next_dagrun for dataset_produces_1 to 2023-06-09T00:00:00+00:00, run_after=2023-06-10T00:00:00+00:00
[2023-06-11T00:16:29.626+0200] {logging_mixin.py:117} INFO - [2023-06-11T00:16:29.626+0200] {dag.py:3324} INFO - Setting next_dagrun for dataset_produces_2 to None, run_after=None
[2023-06-11T00:16:29.720+0200] {processor.py:178} INFO - Processing /home/nanah/airflow_venv/lib/python3.10/site-packages/airflow/example_dags/example_datasets.py took 0.416 seconds
[2023-06-11T00:17:21.867+0200] {processor.py:156} INFO - Started process (PID=4790) to work on /home/nanah/airflow_venv/lib/python3.10/site-packages/airflow/example_dags/example_datasets.py
[2023-06-11T00:17:21.870+0200] {processor.py:758} INFO - Processing file /home/nanah/airflow_venv/lib/python3.10/site-packages/airflow/example_dags/example_datasets.py for tasks to queue
[2023-06-11T00:17:21.872+0200] {logging_mixin.py:117} INFO - [2023-06-11T00:17:21.872+0200] {dagbag.py:525} INFO - Filling up the DagBag from /home/nanah/airflow_venv/lib/python3.10/site-packages/airflow/example_dags/example_datasets.py
[2023-06-11T00:17:21.915+0200] {processor.py:768} INFO - DAG(s) dict_keys(['dataset_consumes_1_and_2', 'dataset_consumes_1', 'dataset_produces_1', 'dataset_consumes_1_never_scheduled', 'dataset_consumes_unknown_never_scheduled', 'dataset_produces_2']) retrieved from /home/nanah/airflow_venv/lib/python3.10/site-packages/airflow/example_dags/example_datasets.py
[2023-06-11T00:17:22.028+0200] {logging_mixin.py:117} INFO - [2023-06-11T00:17:22.027+0200] {dag.py:2573} INFO - Sync 6 DAGs
[2023-06-11T00:17:22.085+0200] {logging_mixin.py:117} INFO - [2023-06-11T00:17:22.085+0200] {dag.py:3324} INFO - Setting next_dagrun for dataset_consumes_1 to None, run_after=None
[2023-06-11T00:17:22.096+0200] {logging_mixin.py:117} INFO - [2023-06-11T00:17:22.095+0200] {dag.py:3324} INFO - Setting next_dagrun for dataset_consumes_1_and_2 to None, run_after=None
[2023-06-11T00:17:22.099+0200] {logging_mixin.py:117} INFO - [2023-06-11T00:17:22.098+0200] {dag.py:3324} INFO - Setting next_dagrun for dataset_consumes_1_never_scheduled to None, run_after=None
[2023-06-11T00:17:22.101+0200] {logging_mixin.py:117} INFO - [2023-06-11T00:17:22.100+0200] {dag.py:3324} INFO - Setting next_dagrun for dataset_consumes_unknown_never_scheduled to None, run_after=None
[2023-06-11T00:17:22.106+0200] {logging_mixin.py:117} INFO - [2023-06-11T00:17:22.106+0200] {dag.py:3324} INFO - Setting next_dagrun for dataset_produces_1 to 2023-06-09T00:00:00+00:00, run_after=2023-06-10T00:00:00+00:00
[2023-06-11T00:17:22.109+0200] {logging_mixin.py:117} INFO - [2023-06-11T00:17:22.109+0200] {dag.py:3324} INFO - Setting next_dagrun for dataset_produces_2 to None, run_after=None
[2023-06-11T00:17:22.179+0200] {processor.py:178} INFO - Processing /home/nanah/airflow_venv/lib/python3.10/site-packages/airflow/example_dags/example_datasets.py took 0.323 seconds
[2023-06-11T00:18:11.743+0200] {processor.py:156} INFO - Started process (PID=4825) to work on /home/nanah/airflow_venv/lib/python3.10/site-packages/airflow/example_dags/example_datasets.py
[2023-06-11T00:18:11.754+0200] {processor.py:758} INFO - Processing file /home/nanah/airflow_venv/lib/python3.10/site-packages/airflow/example_dags/example_datasets.py for tasks to queue
[2023-06-11T00:18:11.756+0200] {logging_mixin.py:117} INFO - [2023-06-11T00:18:11.756+0200] {dagbag.py:525} INFO - Filling up the DagBag from /home/nanah/airflow_venv/lib/python3.10/site-packages/airflow/example_dags/example_datasets.py
[2023-06-11T00:18:11.800+0200] {processor.py:768} INFO - DAG(s) dict_keys(['dataset_consumes_unknown_never_scheduled', 'dataset_consumes_1_and_2', 'dataset_produces_2', 'dataset_produces_1', 'dataset_consumes_1_never_scheduled', 'dataset_consumes_1']) retrieved from /home/nanah/airflow_venv/lib/python3.10/site-packages/airflow/example_dags/example_datasets.py
[2023-06-11T00:18:11.899+0200] {logging_mixin.py:117} INFO - [2023-06-11T00:18:11.899+0200] {dag.py:2573} INFO - Sync 6 DAGs
[2023-06-11T00:18:11.947+0200] {logging_mixin.py:117} INFO - [2023-06-11T00:18:11.947+0200] {dag.py:3324} INFO - Setting next_dagrun for dataset_consumes_1 to None, run_after=None
[2023-06-11T00:18:11.957+0200] {logging_mixin.py:117} INFO - [2023-06-11T00:18:11.957+0200] {dag.py:3324} INFO - Setting next_dagrun for dataset_consumes_1_and_2 to None, run_after=None
[2023-06-11T00:18:11.959+0200] {logging_mixin.py:117} INFO - [2023-06-11T00:18:11.959+0200] {dag.py:3324} INFO - Setting next_dagrun for dataset_consumes_1_never_scheduled to None, run_after=None
[2023-06-11T00:18:11.961+0200] {logging_mixin.py:117} INFO - [2023-06-11T00:18:11.961+0200] {dag.py:3324} INFO - Setting next_dagrun for dataset_consumes_unknown_never_scheduled to None, run_after=None
[2023-06-11T00:18:11.966+0200] {logging_mixin.py:117} INFO - [2023-06-11T00:18:11.966+0200] {dag.py:3324} INFO - Setting next_dagrun for dataset_produces_1 to 2023-06-09T00:00:00+00:00, run_after=2023-06-10T00:00:00+00:00
[2023-06-11T00:18:11.968+0200] {logging_mixin.py:117} INFO - [2023-06-11T00:18:11.968+0200] {dag.py:3324} INFO - Setting next_dagrun for dataset_produces_2 to None, run_after=None
[2023-06-11T00:18:12.021+0200] {processor.py:178} INFO - Processing /home/nanah/airflow_venv/lib/python3.10/site-packages/airflow/example_dags/example_datasets.py took 0.284 seconds
[2023-06-11T00:20:18.733+0200] {processor.py:156} INFO - Started process (PID=4904) to work on /home/nanah/airflow_venv/lib/python3.10/site-packages/airflow/example_dags/example_datasets.py
[2023-06-11T00:20:18.741+0200] {processor.py:758} INFO - Processing file /home/nanah/airflow_venv/lib/python3.10/site-packages/airflow/example_dags/example_datasets.py for tasks to queue
[2023-06-11T00:20:18.744+0200] {logging_mixin.py:117} INFO - [2023-06-11T00:20:18.743+0200] {dagbag.py:525} INFO - Filling up the DagBag from /home/nanah/airflow_venv/lib/python3.10/site-packages/airflow/example_dags/example_datasets.py
[2023-06-11T00:20:18.859+0200] {processor.py:768} INFO - DAG(s) dict_keys(['dataset_consumes_unknown_never_scheduled', 'dataset_produces_1', 'dataset_consumes_1_never_scheduled', 'dataset_consumes_1', 'dataset_consumes_1_and_2', 'dataset_produces_2']) retrieved from /home/nanah/airflow_venv/lib/python3.10/site-packages/airflow/example_dags/example_datasets.py
[2023-06-11T00:20:19.077+0200] {logging_mixin.py:117} INFO - [2023-06-11T00:20:19.077+0200] {dag.py:2573} INFO - Sync 6 DAGs
[2023-06-11T00:20:19.239+0200] {logging_mixin.py:117} INFO - [2023-06-11T00:20:19.227+0200] {dag.py:3324} INFO - Setting next_dagrun for dataset_consumes_1 to None, run_after=None
[2023-06-11T00:20:19.282+0200] {logging_mixin.py:117} INFO - [2023-06-11T00:20:19.282+0200] {dag.py:3324} INFO - Setting next_dagrun for dataset_consumes_1_and_2 to None, run_after=None
[2023-06-11T00:20:19.285+0200] {logging_mixin.py:117} INFO - [2023-06-11T00:20:19.285+0200] {dag.py:3324} INFO - Setting next_dagrun for dataset_consumes_1_never_scheduled to None, run_after=None
[2023-06-11T00:20:19.299+0200] {logging_mixin.py:117} INFO - [2023-06-11T00:20:19.298+0200] {dag.py:3324} INFO - Setting next_dagrun for dataset_consumes_unknown_never_scheduled to None, run_after=None
[2023-06-11T00:20:19.319+0200] {logging_mixin.py:117} INFO - [2023-06-11T00:20:19.318+0200] {dag.py:3324} INFO - Setting next_dagrun for dataset_produces_1 to 2023-06-09T00:00:00+00:00, run_after=2023-06-10T00:00:00+00:00
[2023-06-11T00:20:19.322+0200] {logging_mixin.py:117} INFO - [2023-06-11T00:20:19.322+0200] {dag.py:3324} INFO - Setting next_dagrun for dataset_produces_2 to None, run_after=None
[2023-06-11T00:20:19.585+0200] {processor.py:178} INFO - Processing /home/nanah/airflow_venv/lib/python3.10/site-packages/airflow/example_dags/example_datasets.py took 0.863 seconds
[2023-06-11T00:21:20.223+0200] {processor.py:156} INFO - Started process (PID=4939) to work on /home/nanah/airflow_venv/lib/python3.10/site-packages/airflow/example_dags/example_datasets.py
[2023-06-11T00:21:20.231+0200] {processor.py:758} INFO - Processing file /home/nanah/airflow_venv/lib/python3.10/site-packages/airflow/example_dags/example_datasets.py for tasks to queue
[2023-06-11T00:21:20.233+0200] {logging_mixin.py:117} INFO - [2023-06-11T00:21:20.232+0200] {dagbag.py:525} INFO - Filling up the DagBag from /home/nanah/airflow_venv/lib/python3.10/site-packages/airflow/example_dags/example_datasets.py
[2023-06-11T00:21:20.295+0200] {processor.py:768} INFO - DAG(s) dict_keys(['dataset_consumes_1', 'dataset_produces_2', 'dataset_consumes_1_and_2', 'dataset_consumes_1_never_scheduled', 'dataset_consumes_unknown_never_scheduled', 'dataset_produces_1']) retrieved from /home/nanah/airflow_venv/lib/python3.10/site-packages/airflow/example_dags/example_datasets.py
[2023-06-11T00:21:20.409+0200] {logging_mixin.py:117} INFO - [2023-06-11T00:21:20.408+0200] {dag.py:2573} INFO - Sync 6 DAGs
[2023-06-11T00:21:20.476+0200] {logging_mixin.py:117} INFO - [2023-06-11T00:21:20.475+0200] {dag.py:3324} INFO - Setting next_dagrun for dataset_consumes_1 to None, run_after=None
[2023-06-11T00:21:20.483+0200] {logging_mixin.py:117} INFO - [2023-06-11T00:21:20.482+0200] {dag.py:3324} INFO - Setting next_dagrun for dataset_consumes_1_and_2 to None, run_after=None
[2023-06-11T00:21:20.490+0200] {logging_mixin.py:117} INFO - [2023-06-11T00:21:20.488+0200] {dag.py:3324} INFO - Setting next_dagrun for dataset_consumes_1_never_scheduled to None, run_after=None
[2023-06-11T00:21:20.492+0200] {logging_mixin.py:117} INFO - [2023-06-11T00:21:20.492+0200] {dag.py:3324} INFO - Setting next_dagrun for dataset_consumes_unknown_never_scheduled to None, run_after=None
[2023-06-11T00:21:20.498+0200] {logging_mixin.py:117} INFO - [2023-06-11T00:21:20.497+0200] {dag.py:3324} INFO - Setting next_dagrun for dataset_produces_1 to 2023-06-09T00:00:00+00:00, run_after=2023-06-10T00:00:00+00:00
[2023-06-11T00:21:20.500+0200] {logging_mixin.py:117} INFO - [2023-06-11T00:21:20.500+0200] {dag.py:3324} INFO - Setting next_dagrun for dataset_produces_2 to None, run_after=None
[2023-06-11T00:21:20.592+0200] {processor.py:178} INFO - Processing /home/nanah/airflow_venv/lib/python3.10/site-packages/airflow/example_dags/example_datasets.py took 0.378 seconds
[2023-06-11T00:22:29.904+0200] {processor.py:156} INFO - Started process (PID=4976) to work on /home/nanah/airflow_venv/lib/python3.10/site-packages/airflow/example_dags/example_datasets.py
[2023-06-11T00:22:29.908+0200] {processor.py:758} INFO - Processing file /home/nanah/airflow_venv/lib/python3.10/site-packages/airflow/example_dags/example_datasets.py for tasks to queue
[2023-06-11T00:22:29.910+0200] {logging_mixin.py:117} INFO - [2023-06-11T00:22:29.910+0200] {dagbag.py:525} INFO - Filling up the DagBag from /home/nanah/airflow_venv/lib/python3.10/site-packages/airflow/example_dags/example_datasets.py
[2023-06-11T00:22:29.987+0200] {processor.py:768} INFO - DAG(s) dict_keys(['dataset_consumes_1_and_2', 'dataset_consumes_1', 'dataset_consumes_unknown_never_scheduled', 'dataset_produces_2', 'dataset_consumes_1_never_scheduled', 'dataset_produces_1']) retrieved from /home/nanah/airflow_venv/lib/python3.10/site-packages/airflow/example_dags/example_datasets.py
[2023-06-11T00:22:30.186+0200] {logging_mixin.py:117} INFO - [2023-06-11T00:22:30.186+0200] {dag.py:2573} INFO - Sync 6 DAGs
[2023-06-11T00:22:30.265+0200] {logging_mixin.py:117} INFO - [2023-06-11T00:22:30.265+0200] {dag.py:3324} INFO - Setting next_dagrun for dataset_consumes_1 to None, run_after=None
[2023-06-11T00:22:30.274+0200] {logging_mixin.py:117} INFO - [2023-06-11T00:22:30.273+0200] {dag.py:3324} INFO - Setting next_dagrun for dataset_consumes_1_and_2 to None, run_after=None
[2023-06-11T00:22:30.277+0200] {logging_mixin.py:117} INFO - [2023-06-11T00:22:30.276+0200] {dag.py:3324} INFO - Setting next_dagrun for dataset_consumes_1_never_scheduled to None, run_after=None
[2023-06-11T00:22:30.279+0200] {logging_mixin.py:117} INFO - [2023-06-11T00:22:30.279+0200] {dag.py:3324} INFO - Setting next_dagrun for dataset_consumes_unknown_never_scheduled to None, run_after=None
[2023-06-11T00:22:30.286+0200] {logging_mixin.py:117} INFO - [2023-06-11T00:22:30.286+0200] {dag.py:3324} INFO - Setting next_dagrun for dataset_produces_1 to 2023-06-09T00:00:00+00:00, run_after=2023-06-10T00:00:00+00:00
[2023-06-11T00:22:30.290+0200] {logging_mixin.py:117} INFO - [2023-06-11T00:22:30.289+0200] {dag.py:3324} INFO - Setting next_dagrun for dataset_produces_2 to None, run_after=None
[2023-06-11T00:22:30.686+0200] {processor.py:178} INFO - Processing /home/nanah/airflow_venv/lib/python3.10/site-packages/airflow/example_dags/example_datasets.py took 0.801 seconds
[2023-06-11T00:24:35.240+0200] {processor.py:156} INFO - Started process (PID=5046) to work on /home/nanah/airflow_venv/lib/python3.10/site-packages/airflow/example_dags/example_datasets.py
[2023-06-11T00:24:35.492+0200] {processor.py:758} INFO - Processing file /home/nanah/airflow_venv/lib/python3.10/site-packages/airflow/example_dags/example_datasets.py for tasks to queue
[2023-06-11T00:24:35.494+0200] {logging_mixin.py:117} INFO - [2023-06-11T00:24:35.494+0200] {dagbag.py:525} INFO - Filling up the DagBag from /home/nanah/airflow_venv/lib/python3.10/site-packages/airflow/example_dags/example_datasets.py
[2023-06-11T00:24:35.763+0200] {processor.py:768} INFO - DAG(s) dict_keys(['dataset_consumes_1', 'dataset_consumes_1_never_scheduled', 'dataset_produces_2', 'dataset_consumes_unknown_never_scheduled', 'dataset_consumes_1_and_2', 'dataset_produces_1']) retrieved from /home/nanah/airflow_venv/lib/python3.10/site-packages/airflow/example_dags/example_datasets.py
[2023-06-11T00:24:36.154+0200] {logging_mixin.py:117} INFO - [2023-06-11T00:24:36.153+0200] {dag.py:2573} INFO - Sync 6 DAGs
[2023-06-11T00:24:36.355+0200] {logging_mixin.py:117} INFO - [2023-06-11T00:24:36.354+0200] {dag.py:3324} INFO - Setting next_dagrun for dataset_consumes_1 to None, run_after=None
[2023-06-11T00:24:36.403+0200] {logging_mixin.py:117} INFO - [2023-06-11T00:24:36.402+0200] {dag.py:3324} INFO - Setting next_dagrun for dataset_consumes_1_and_2 to None, run_after=None
[2023-06-11T00:24:36.405+0200] {logging_mixin.py:117} INFO - [2023-06-11T00:24:36.405+0200] {dag.py:3324} INFO - Setting next_dagrun for dataset_consumes_1_never_scheduled to None, run_after=None
[2023-06-11T00:24:36.419+0200] {logging_mixin.py:117} INFO - [2023-06-11T00:24:36.418+0200] {dag.py:3324} INFO - Setting next_dagrun for dataset_consumes_unknown_never_scheduled to None, run_after=None
[2023-06-11T00:24:36.448+0200] {logging_mixin.py:117} INFO - [2023-06-11T00:24:36.437+0200] {dag.py:3324} INFO - Setting next_dagrun for dataset_produces_1 to 2023-06-09T00:00:00+00:00, run_after=2023-06-10T00:00:00+00:00
[2023-06-11T00:24:36.452+0200] {logging_mixin.py:117} INFO - [2023-06-11T00:24:36.452+0200] {dag.py:3324} INFO - Setting next_dagrun for dataset_produces_2 to None, run_after=None
[2023-06-11T00:24:40.137+0200] {processor.py:178} INFO - Processing /home/nanah/airflow_venv/lib/python3.10/site-packages/airflow/example_dags/example_datasets.py took 4.918 seconds
[2023-06-11T00:26:21.720+0200] {processor.py:156} INFO - Started process (PID=5081) to work on /home/nanah/airflow_venv/lib/python3.10/site-packages/airflow/example_dags/example_datasets.py
[2023-06-11T00:26:21.726+0200] {processor.py:758} INFO - Processing file /home/nanah/airflow_venv/lib/python3.10/site-packages/airflow/example_dags/example_datasets.py for tasks to queue
[2023-06-11T00:26:21.728+0200] {logging_mixin.py:117} INFO - [2023-06-11T00:26:21.727+0200] {dagbag.py:525} INFO - Filling up the DagBag from /home/nanah/airflow_venv/lib/python3.10/site-packages/airflow/example_dags/example_datasets.py
[2023-06-11T00:26:21.776+0200] {processor.py:768} INFO - DAG(s) dict_keys(['dataset_produces_1', 'dataset_consumes_unknown_never_scheduled', 'dataset_consumes_1_and_2', 'dataset_consumes_1', 'dataset_produces_2', 'dataset_consumes_1_never_scheduled']) retrieved from /home/nanah/airflow_venv/lib/python3.10/site-packages/airflow/example_dags/example_datasets.py
[2023-06-11T00:26:21.883+0200] {logging_mixin.py:117} INFO - [2023-06-11T00:26:21.883+0200] {dag.py:2573} INFO - Sync 6 DAGs
[2023-06-11T00:26:21.943+0200] {logging_mixin.py:117} INFO - [2023-06-11T00:26:21.943+0200] {dag.py:3324} INFO - Setting next_dagrun for dataset_consumes_1 to None, run_after=None
[2023-06-11T00:26:22.230+0200] {logging_mixin.py:117} INFO - [2023-06-11T00:26:22.230+0200] {dag.py:3324} INFO - Setting next_dagrun for dataset_consumes_1_and_2 to None, run_after=None
[2023-06-11T00:26:22.232+0200] {logging_mixin.py:117} INFO - [2023-06-11T00:26:22.232+0200] {dag.py:3324} INFO - Setting next_dagrun for dataset_consumes_1_never_scheduled to None, run_after=None
[2023-06-11T00:26:22.234+0200] {logging_mixin.py:117} INFO - [2023-06-11T00:26:22.234+0200] {dag.py:3324} INFO - Setting next_dagrun for dataset_consumes_unknown_never_scheduled to None, run_after=None
[2023-06-11T00:26:22.239+0200] {logging_mixin.py:117} INFO - [2023-06-11T00:26:22.238+0200] {dag.py:3324} INFO - Setting next_dagrun for dataset_produces_1 to 2023-06-09T00:00:00+00:00, run_after=2023-06-10T00:00:00+00:00
[2023-06-11T00:26:22.241+0200] {logging_mixin.py:117} INFO - [2023-06-11T00:26:22.241+0200] {dag.py:3324} INFO - Setting next_dagrun for dataset_produces_2 to None, run_after=None
[2023-06-11T00:26:22.350+0200] {processor.py:178} INFO - Processing /home/nanah/airflow_venv/lib/python3.10/site-packages/airflow/example_dags/example_datasets.py took 0.637 seconds
[2023-06-11T00:27:19.844+0200] {processor.py:156} INFO - Started process (PID=5118) to work on /home/nanah/airflow_venv/lib/python3.10/site-packages/airflow/example_dags/example_datasets.py
[2023-06-11T00:27:19.850+0200] {processor.py:758} INFO - Processing file /home/nanah/airflow_venv/lib/python3.10/site-packages/airflow/example_dags/example_datasets.py for tasks to queue
[2023-06-11T00:27:19.852+0200] {logging_mixin.py:117} INFO - [2023-06-11T00:27:19.852+0200] {dagbag.py:525} INFO - Filling up the DagBag from /home/nanah/airflow_venv/lib/python3.10/site-packages/airflow/example_dags/example_datasets.py
[2023-06-11T00:27:19.902+0200] {processor.py:768} INFO - DAG(s) dict_keys(['dataset_consumes_unknown_never_scheduled', 'dataset_produces_2', 'dataset_consumes_1_never_scheduled', 'dataset_produces_1', 'dataset_consumes_1', 'dataset_consumes_1_and_2']) retrieved from /home/nanah/airflow_venv/lib/python3.10/site-packages/airflow/example_dags/example_datasets.py
[2023-06-11T00:27:20.007+0200] {logging_mixin.py:117} INFO - [2023-06-11T00:27:20.007+0200] {dag.py:2573} INFO - Sync 6 DAGs
[2023-06-11T00:27:20.405+0200] {logging_mixin.py:117} INFO - [2023-06-11T00:27:20.404+0200] {dag.py:3324} INFO - Setting next_dagrun for dataset_consumes_1 to None, run_after=None
[2023-06-11T00:27:20.413+0200] {logging_mixin.py:117} INFO - [2023-06-11T00:27:20.413+0200] {dag.py:3324} INFO - Setting next_dagrun for dataset_consumes_1_and_2 to None, run_after=None
[2023-06-11T00:27:20.415+0200] {logging_mixin.py:117} INFO - [2023-06-11T00:27:20.415+0200] {dag.py:3324} INFO - Setting next_dagrun for dataset_consumes_1_never_scheduled to None, run_after=None
[2023-06-11T00:27:20.419+0200] {logging_mixin.py:117} INFO - [2023-06-11T00:27:20.418+0200] {dag.py:3324} INFO - Setting next_dagrun for dataset_consumes_unknown_never_scheduled to None, run_after=None
[2023-06-11T00:27:20.424+0200] {logging_mixin.py:117} INFO - [2023-06-11T00:27:20.424+0200] {dag.py:3324} INFO - Setting next_dagrun for dataset_produces_1 to 2023-06-09T00:00:00+00:00, run_after=2023-06-10T00:00:00+00:00
[2023-06-11T00:27:20.427+0200] {logging_mixin.py:117} INFO - [2023-06-11T00:27:20.427+0200] {dag.py:3324} INFO - Setting next_dagrun for dataset_produces_2 to None, run_after=None
[2023-06-11T00:27:20.542+0200] {processor.py:178} INFO - Processing /home/nanah/airflow_venv/lib/python3.10/site-packages/airflow/example_dags/example_datasets.py took 0.707 seconds
[2023-06-11T00:28:23.345+0200] {processor.py:156} INFO - Started process (PID=5155) to work on /home/nanah/airflow_venv/lib/python3.10/site-packages/airflow/example_dags/example_datasets.py
[2023-06-11T00:28:23.349+0200] {processor.py:758} INFO - Processing file /home/nanah/airflow_venv/lib/python3.10/site-packages/airflow/example_dags/example_datasets.py for tasks to queue
[2023-06-11T00:28:23.351+0200] {logging_mixin.py:117} INFO - [2023-06-11T00:28:23.351+0200] {dagbag.py:525} INFO - Filling up the DagBag from /home/nanah/airflow_venv/lib/python3.10/site-packages/airflow/example_dags/example_datasets.py
[2023-06-11T00:28:23.417+0200] {processor.py:768} INFO - DAG(s) dict_keys(['dataset_consumes_1', 'dataset_consumes_1_and_2', 'dataset_consumes_unknown_never_scheduled', 'dataset_consumes_1_never_scheduled', 'dataset_produces_1', 'dataset_produces_2']) retrieved from /home/nanah/airflow_venv/lib/python3.10/site-packages/airflow/example_dags/example_datasets.py
[2023-06-11T00:28:23.573+0200] {logging_mixin.py:117} INFO - [2023-06-11T00:28:23.572+0200] {dag.py:2573} INFO - Sync 6 DAGs
[2023-06-11T00:28:23.940+0200] {logging_mixin.py:117} INFO - [2023-06-11T00:28:23.940+0200] {dag.py:3324} INFO - Setting next_dagrun for dataset_consumes_1 to None, run_after=None
[2023-06-11T00:28:23.946+0200] {logging_mixin.py:117} INFO - [2023-06-11T00:28:23.946+0200] {dag.py:3324} INFO - Setting next_dagrun for dataset_consumes_1_and_2 to None, run_after=None
[2023-06-11T00:28:23.948+0200] {logging_mixin.py:117} INFO - [2023-06-11T00:28:23.948+0200] {dag.py:3324} INFO - Setting next_dagrun for dataset_consumes_1_never_scheduled to None, run_after=None
[2023-06-11T00:28:23.950+0200] {logging_mixin.py:117} INFO - [2023-06-11T00:28:23.950+0200] {dag.py:3324} INFO - Setting next_dagrun for dataset_consumes_unknown_never_scheduled to None, run_after=None
[2023-06-11T00:28:23.964+0200] {logging_mixin.py:117} INFO - [2023-06-11T00:28:23.964+0200] {dag.py:3324} INFO - Setting next_dagrun for dataset_produces_1 to 2023-06-09T00:00:00+00:00, run_after=2023-06-10T00:00:00+00:00
[2023-06-11T00:28:23.967+0200] {logging_mixin.py:117} INFO - [2023-06-11T00:28:23.966+0200] {dag.py:3324} INFO - Setting next_dagrun for dataset_produces_2 to None, run_after=None
[2023-06-11T00:28:24.060+0200] {processor.py:178} INFO - Processing /home/nanah/airflow_venv/lib/python3.10/site-packages/airflow/example_dags/example_datasets.py took 0.730 seconds
[2023-06-11T00:30:23.506+0200] {processor.py:156} INFO - Started process (PID=5223) to work on /home/nanah/airflow_venv/lib/python3.10/site-packages/airflow/example_dags/example_datasets.py
[2023-06-11T00:30:23.512+0200] {processor.py:758} INFO - Processing file /home/nanah/airflow_venv/lib/python3.10/site-packages/airflow/example_dags/example_datasets.py for tasks to queue
[2023-06-11T00:30:23.515+0200] {logging_mixin.py:117} INFO - [2023-06-11T00:30:23.513+0200] {dagbag.py:525} INFO - Filling up the DagBag from /home/nanah/airflow_venv/lib/python3.10/site-packages/airflow/example_dags/example_datasets.py
[2023-06-11T00:30:23.659+0200] {processor.py:768} INFO - DAG(s) dict_keys(['dataset_consumes_1', 'dataset_consumes_1_and_2', 'dataset_consumes_1_never_scheduled', 'dataset_produces_1', 'dataset_produces_2', 'dataset_consumes_unknown_never_scheduled']) retrieved from /home/nanah/airflow_venv/lib/python3.10/site-packages/airflow/example_dags/example_datasets.py
[2023-06-11T00:30:24.782+0200] {logging_mixin.py:117} INFO - [2023-06-11T00:30:24.781+0200] {dag.py:2573} INFO - Sync 6 DAGs
[2023-06-11T00:30:24.956+0200] {logging_mixin.py:117} INFO - [2023-06-11T00:30:24.956+0200] {dag.py:3324} INFO - Setting next_dagrun for dataset_consumes_1 to None, run_after=None
[2023-06-11T00:30:24.986+0200] {logging_mixin.py:117} INFO - [2023-06-11T00:30:24.974+0200] {dag.py:3324} INFO - Setting next_dagrun for dataset_consumes_1_and_2 to None, run_after=None
[2023-06-11T00:30:24.989+0200] {logging_mixin.py:117} INFO - [2023-06-11T00:30:24.989+0200] {dag.py:3324} INFO - Setting next_dagrun for dataset_consumes_1_never_scheduled to None, run_after=None
[2023-06-11T00:30:25.003+0200] {logging_mixin.py:117} INFO - [2023-06-11T00:30:25.002+0200] {dag.py:3324} INFO - Setting next_dagrun for dataset_consumes_unknown_never_scheduled to None, run_after=None
[2023-06-11T00:30:25.021+0200] {logging_mixin.py:117} INFO - [2023-06-11T00:30:25.021+0200] {dag.py:3324} INFO - Setting next_dagrun for dataset_produces_1 to 2023-06-09T00:00:00+00:00, run_after=2023-06-10T00:00:00+00:00
[2023-06-11T00:30:25.035+0200] {logging_mixin.py:117} INFO - [2023-06-11T00:30:25.035+0200] {dag.py:3324} INFO - Setting next_dagrun for dataset_produces_2 to None, run_after=None
[2023-06-11T00:30:25.294+0200] {processor.py:178} INFO - Processing /home/nanah/airflow_venv/lib/python3.10/site-packages/airflow/example_dags/example_datasets.py took 1.818 seconds
[2023-06-11T00:31:25.835+0200] {processor.py:156} INFO - Started process (PID=5260) to work on /home/nanah/airflow_venv/lib/python3.10/site-packages/airflow/example_dags/example_datasets.py
[2023-06-11T00:31:25.839+0200] {processor.py:758} INFO - Processing file /home/nanah/airflow_venv/lib/python3.10/site-packages/airflow/example_dags/example_datasets.py for tasks to queue
[2023-06-11T00:31:25.849+0200] {logging_mixin.py:117} INFO - [2023-06-11T00:31:25.849+0200] {dagbag.py:525} INFO - Filling up the DagBag from /home/nanah/airflow_venv/lib/python3.10/site-packages/airflow/example_dags/example_datasets.py
[2023-06-11T00:31:25.928+0200] {processor.py:768} INFO - DAG(s) dict_keys(['dataset_produces_1', 'dataset_consumes_unknown_never_scheduled', 'dataset_consumes_1', 'dataset_consumes_1_never_scheduled', 'dataset_produces_2', 'dataset_consumes_1_and_2']) retrieved from /home/nanah/airflow_venv/lib/python3.10/site-packages/airflow/example_dags/example_datasets.py
[2023-06-11T00:31:26.398+0200] {logging_mixin.py:117} INFO - [2023-06-11T00:31:26.398+0200] {dag.py:2573} INFO - Sync 6 DAGs
[2023-06-11T00:31:26.459+0200] {logging_mixin.py:117} INFO - [2023-06-11T00:31:26.458+0200] {dag.py:3324} INFO - Setting next_dagrun for dataset_consumes_1 to None, run_after=None
[2023-06-11T00:31:26.469+0200] {logging_mixin.py:117} INFO - [2023-06-11T00:31:26.468+0200] {dag.py:3324} INFO - Setting next_dagrun for dataset_consumes_1_and_2 to None, run_after=None
[2023-06-11T00:31:26.471+0200] {logging_mixin.py:117} INFO - [2023-06-11T00:31:26.471+0200] {dag.py:3324} INFO - Setting next_dagrun for dataset_consumes_1_never_scheduled to None, run_after=None
[2023-06-11T00:31:26.473+0200] {logging_mixin.py:117} INFO - [2023-06-11T00:31:26.473+0200] {dag.py:3324} INFO - Setting next_dagrun for dataset_consumes_unknown_never_scheduled to None, run_after=None
[2023-06-11T00:31:26.482+0200] {logging_mixin.py:117} INFO - [2023-06-11T00:31:26.481+0200] {dag.py:3324} INFO - Setting next_dagrun for dataset_produces_1 to 2023-06-09T00:00:00+00:00, run_after=2023-06-10T00:00:00+00:00
[2023-06-11T00:31:26.484+0200] {logging_mixin.py:117} INFO - [2023-06-11T00:31:26.484+0200] {dag.py:3324} INFO - Setting next_dagrun for dataset_produces_2 to None, run_after=None
[2023-06-11T00:31:26.561+0200] {processor.py:178} INFO - Processing /home/nanah/airflow_venv/lib/python3.10/site-packages/airflow/example_dags/example_datasets.py took 0.755 seconds
[2023-06-11T00:32:19.479+0200] {processor.py:156} INFO - Started process (PID=5295) to work on /home/nanah/airflow_venv/lib/python3.10/site-packages/airflow/example_dags/example_datasets.py
[2023-06-11T00:32:19.485+0200] {processor.py:758} INFO - Processing file /home/nanah/airflow_venv/lib/python3.10/site-packages/airflow/example_dags/example_datasets.py for tasks to queue
[2023-06-11T00:32:19.490+0200] {logging_mixin.py:117} INFO - [2023-06-11T00:32:19.486+0200] {dagbag.py:525} INFO - Filling up the DagBag from /home/nanah/airflow_venv/lib/python3.10/site-packages/airflow/example_dags/example_datasets.py
[2023-06-11T00:32:19.891+0200] {processor.py:768} INFO - DAG(s) dict_keys(['dataset_produces_1', 'dataset_consumes_1', 'dataset_consumes_unknown_never_scheduled', 'dataset_consumes_1_never_scheduled', 'dataset_produces_2', 'dataset_consumes_1_and_2']) retrieved from /home/nanah/airflow_venv/lib/python3.10/site-packages/airflow/example_dags/example_datasets.py
[2023-06-11T00:32:19.987+0200] {logging_mixin.py:117} INFO - [2023-06-11T00:32:19.986+0200] {dag.py:2573} INFO - Sync 6 DAGs
[2023-06-11T00:32:20.034+0200] {logging_mixin.py:117} INFO - [2023-06-11T00:32:20.034+0200] {dag.py:3324} INFO - Setting next_dagrun for dataset_consumes_1 to None, run_after=None
[2023-06-11T00:32:20.047+0200] {logging_mixin.py:117} INFO - [2023-06-11T00:32:20.046+0200] {dag.py:3324} INFO - Setting next_dagrun for dataset_consumes_1_and_2 to None, run_after=None
[2023-06-11T00:32:20.049+0200] {logging_mixin.py:117} INFO - [2023-06-11T00:32:20.048+0200] {dag.py:3324} INFO - Setting next_dagrun for dataset_consumes_1_never_scheduled to None, run_after=None
[2023-06-11T00:32:20.051+0200] {logging_mixin.py:117} INFO - [2023-06-11T00:32:20.051+0200] {dag.py:3324} INFO - Setting next_dagrun for dataset_consumes_unknown_never_scheduled to None, run_after=None
[2023-06-11T00:32:20.058+0200] {logging_mixin.py:117} INFO - [2023-06-11T00:32:20.058+0200] {dag.py:3324} INFO - Setting next_dagrun for dataset_produces_1 to 2023-06-09T00:00:00+00:00, run_after=2023-06-10T00:00:00+00:00
[2023-06-11T00:32:20.061+0200] {logging_mixin.py:117} INFO - [2023-06-11T00:32:20.060+0200] {dag.py:3324} INFO - Setting next_dagrun for dataset_produces_2 to None, run_after=None
[2023-06-11T00:32:20.133+0200] {processor.py:178} INFO - Processing /home/nanah/airflow_venv/lib/python3.10/site-packages/airflow/example_dags/example_datasets.py took 0.661 seconds
[2023-06-11T00:33:16.644+0200] {processor.py:156} INFO - Started process (PID=5331) to work on /home/nanah/airflow_venv/lib/python3.10/site-packages/airflow/example_dags/example_datasets.py
[2023-06-11T00:33:16.650+0200] {processor.py:758} INFO - Processing file /home/nanah/airflow_venv/lib/python3.10/site-packages/airflow/example_dags/example_datasets.py for tasks to queue
[2023-06-11T00:33:16.655+0200] {logging_mixin.py:117} INFO - [2023-06-11T00:33:16.655+0200] {dagbag.py:525} INFO - Filling up the DagBag from /home/nanah/airflow_venv/lib/python3.10/site-packages/airflow/example_dags/example_datasets.py
[2023-06-11T00:33:17.017+0200] {processor.py:768} INFO - DAG(s) dict_keys(['dataset_consumes_1_never_scheduled', 'dataset_consumes_unknown_never_scheduled', 'dataset_produces_2', 'dataset_consumes_1', 'dataset_produces_1', 'dataset_consumes_1_and_2']) retrieved from /home/nanah/airflow_venv/lib/python3.10/site-packages/airflow/example_dags/example_datasets.py
[2023-06-11T00:33:17.101+0200] {logging_mixin.py:117} INFO - [2023-06-11T00:33:17.101+0200] {dag.py:2573} INFO - Sync 6 DAGs
[2023-06-11T00:33:17.150+0200] {logging_mixin.py:117} INFO - [2023-06-11T00:33:17.150+0200] {dag.py:3324} INFO - Setting next_dagrun for dataset_consumes_1 to None, run_after=None
[2023-06-11T00:33:17.160+0200] {logging_mixin.py:117} INFO - [2023-06-11T00:33:17.159+0200] {dag.py:3324} INFO - Setting next_dagrun for dataset_consumes_1_and_2 to None, run_after=None
[2023-06-11T00:33:17.162+0200] {logging_mixin.py:117} INFO - [2023-06-11T00:33:17.162+0200] {dag.py:3324} INFO - Setting next_dagrun for dataset_consumes_1_never_scheduled to None, run_after=None
[2023-06-11T00:33:17.163+0200] {logging_mixin.py:117} INFO - [2023-06-11T00:33:17.163+0200] {dag.py:3324} INFO - Setting next_dagrun for dataset_consumes_unknown_never_scheduled to None, run_after=None
[2023-06-11T00:33:17.167+0200] {logging_mixin.py:117} INFO - [2023-06-11T00:33:17.167+0200] {dag.py:3324} INFO - Setting next_dagrun for dataset_produces_1 to 2023-06-09T00:00:00+00:00, run_after=2023-06-10T00:00:00+00:00
[2023-06-11T00:33:17.175+0200] {logging_mixin.py:117} INFO - [2023-06-11T00:33:17.175+0200] {dag.py:3324} INFO - Setting next_dagrun for dataset_produces_2 to None, run_after=None
[2023-06-11T00:33:17.243+0200] {processor.py:178} INFO - Processing /home/nanah/airflow_venv/lib/python3.10/site-packages/airflow/example_dags/example_datasets.py took 0.607 seconds
[2023-06-11T00:35:20.240+0200] {processor.py:156} INFO - Started process (PID=5405) to work on /home/nanah/airflow_venv/lib/python3.10/site-packages/airflow/example_dags/example_datasets.py
[2023-06-11T00:35:20.243+0200] {processor.py:758} INFO - Processing file /home/nanah/airflow_venv/lib/python3.10/site-packages/airflow/example_dags/example_datasets.py for tasks to queue
[2023-06-11T00:35:20.245+0200] {logging_mixin.py:117} INFO - [2023-06-11T00:35:20.245+0200] {dagbag.py:525} INFO - Filling up the DagBag from /home/nanah/airflow_venv/lib/python3.10/site-packages/airflow/example_dags/example_datasets.py
[2023-06-11T00:35:20.286+0200] {processor.py:768} INFO - DAG(s) dict_keys(['dataset_consumes_1_and_2', 'dataset_produces_1', 'dataset_consumes_1', 'dataset_produces_2', 'dataset_consumes_1_never_scheduled', 'dataset_consumes_unknown_never_scheduled']) retrieved from /home/nanah/airflow_venv/lib/python3.10/site-packages/airflow/example_dags/example_datasets.py
[2023-06-11T00:35:20.375+0200] {logging_mixin.py:117} INFO - [2023-06-11T00:35:20.374+0200] {dag.py:2573} INFO - Sync 6 DAGs
[2023-06-11T00:35:20.425+0200] {logging_mixin.py:117} INFO - [2023-06-11T00:35:20.424+0200] {dag.py:3324} INFO - Setting next_dagrun for dataset_consumes_1 to None, run_after=None
[2023-06-11T00:35:20.431+0200] {logging_mixin.py:117} INFO - [2023-06-11T00:35:20.431+0200] {dag.py:3324} INFO - Setting next_dagrun for dataset_consumes_1_and_2 to None, run_after=None
[2023-06-11T00:35:20.433+0200] {logging_mixin.py:117} INFO - [2023-06-11T00:35:20.433+0200] {dag.py:3324} INFO - Setting next_dagrun for dataset_consumes_1_never_scheduled to None, run_after=None
[2023-06-11T00:35:20.434+0200] {logging_mixin.py:117} INFO - [2023-06-11T00:35:20.434+0200] {dag.py:3324} INFO - Setting next_dagrun for dataset_consumes_unknown_never_scheduled to None, run_after=None
[2023-06-11T00:35:20.439+0200] {logging_mixin.py:117} INFO - [2023-06-11T00:35:20.438+0200] {dag.py:3324} INFO - Setting next_dagrun for dataset_produces_1 to 2023-06-09T00:00:00+00:00, run_after=2023-06-10T00:00:00+00:00
[2023-06-11T00:35:20.440+0200] {logging_mixin.py:117} INFO - [2023-06-11T00:35:20.440+0200] {dag.py:3324} INFO - Setting next_dagrun for dataset_produces_2 to None, run_after=None
[2023-06-11T00:35:20.526+0200] {processor.py:178} INFO - Processing /home/nanah/airflow_venv/lib/python3.10/site-packages/airflow/example_dags/example_datasets.py took 0.293 seconds
[2023-06-11T00:36:47.861+0200] {processor.py:156} INFO - Started process (PID=5472) to work on /home/nanah/airflow_venv/lib/python3.10/site-packages/airflow/example_dags/example_datasets.py
[2023-06-11T00:36:47.866+0200] {processor.py:758} INFO - Processing file /home/nanah/airflow_venv/lib/python3.10/site-packages/airflow/example_dags/example_datasets.py for tasks to queue
[2023-06-11T00:36:47.867+0200] {logging_mixin.py:117} INFO - [2023-06-11T00:36:47.867+0200] {dagbag.py:525} INFO - Filling up the DagBag from /home/nanah/airflow_venv/lib/python3.10/site-packages/airflow/example_dags/example_datasets.py
[2023-06-11T00:36:47.910+0200] {processor.py:768} INFO - DAG(s) dict_keys(['dataset_produces_2', 'dataset_consumes_1_never_scheduled', 'dataset_consumes_1_and_2', 'dataset_consumes_unknown_never_scheduled', 'dataset_produces_1', 'dataset_consumes_1']) retrieved from /home/nanah/airflow_venv/lib/python3.10/site-packages/airflow/example_dags/example_datasets.py
[2023-06-11T00:36:47.999+0200] {logging_mixin.py:117} INFO - [2023-06-11T00:36:47.998+0200] {dag.py:2573} INFO - Sync 6 DAGs
[2023-06-11T00:36:48.048+0200] {logging_mixin.py:117} INFO - [2023-06-11T00:36:48.048+0200] {dag.py:3324} INFO - Setting next_dagrun for dataset_consumes_1 to None, run_after=None
[2023-06-11T00:36:48.055+0200] {logging_mixin.py:117} INFO - [2023-06-11T00:36:48.054+0200] {dag.py:3324} INFO - Setting next_dagrun for dataset_consumes_1_and_2 to None, run_after=None
[2023-06-11T00:36:48.057+0200] {logging_mixin.py:117} INFO - [2023-06-11T00:36:48.057+0200] {dag.py:3324} INFO - Setting next_dagrun for dataset_consumes_1_never_scheduled to None, run_after=None
[2023-06-11T00:36:48.061+0200] {logging_mixin.py:117} INFO - [2023-06-11T00:36:48.060+0200] {dag.py:3324} INFO - Setting next_dagrun for dataset_consumes_unknown_never_scheduled to None, run_after=None
[2023-06-11T00:36:48.066+0200] {logging_mixin.py:117} INFO - [2023-06-11T00:36:48.065+0200] {dag.py:3324} INFO - Setting next_dagrun for dataset_produces_1 to 2023-06-09T00:00:00+00:00, run_after=2023-06-10T00:00:00+00:00
[2023-06-11T00:36:48.067+0200] {logging_mixin.py:117} INFO - [2023-06-11T00:36:48.067+0200] {dag.py:3324} INFO - Setting next_dagrun for dataset_produces_2 to None, run_after=None
[2023-06-11T00:36:48.127+0200] {processor.py:178} INFO - Processing /home/nanah/airflow_venv/lib/python3.10/site-packages/airflow/example_dags/example_datasets.py took 0.274 seconds
[2023-06-11T00:37:36.191+0200] {processor.py:156} INFO - Started process (PID=5507) to work on /home/nanah/airflow_venv/lib/python3.10/site-packages/airflow/example_dags/example_datasets.py
[2023-06-11T00:37:36.196+0200] {processor.py:758} INFO - Processing file /home/nanah/airflow_venv/lib/python3.10/site-packages/airflow/example_dags/example_datasets.py for tasks to queue
[2023-06-11T00:37:36.197+0200] {logging_mixin.py:117} INFO - [2023-06-11T00:37:36.197+0200] {dagbag.py:525} INFO - Filling up the DagBag from /home/nanah/airflow_venv/lib/python3.10/site-packages/airflow/example_dags/example_datasets.py
[2023-06-11T00:37:36.237+0200] {processor.py:768} INFO - DAG(s) dict_keys(['dataset_produces_2', 'dataset_produces_1', 'dataset_consumes_unknown_never_scheduled', 'dataset_consumes_1_and_2', 'dataset_consumes_1', 'dataset_consumes_1_never_scheduled']) retrieved from /home/nanah/airflow_venv/lib/python3.10/site-packages/airflow/example_dags/example_datasets.py
[2023-06-11T00:37:36.370+0200] {logging_mixin.py:117} INFO - [2023-06-11T00:37:36.369+0200] {dag.py:2573} INFO - Sync 6 DAGs
[2023-06-11T00:37:36.506+0200] {logging_mixin.py:117} INFO - [2023-06-11T00:37:36.506+0200] {dag.py:3324} INFO - Setting next_dagrun for dataset_consumes_1 to None, run_after=None
[2023-06-11T00:37:36.527+0200] {logging_mixin.py:117} INFO - [2023-06-11T00:37:36.526+0200] {dag.py:3324} INFO - Setting next_dagrun for dataset_consumes_1_and_2 to None, run_after=None
[2023-06-11T00:37:36.540+0200] {logging_mixin.py:117} INFO - [2023-06-11T00:37:36.539+0200] {dag.py:3324} INFO - Setting next_dagrun for dataset_consumes_1_never_scheduled to None, run_after=None
[2023-06-11T00:37:36.542+0200] {logging_mixin.py:117} INFO - [2023-06-11T00:37:36.542+0200] {dag.py:3324} INFO - Setting next_dagrun for dataset_consumes_unknown_never_scheduled to None, run_after=None
[2023-06-11T00:37:36.559+0200] {logging_mixin.py:117} INFO - [2023-06-11T00:37:36.558+0200] {dag.py:3324} INFO - Setting next_dagrun for dataset_produces_1 to 2023-06-09T00:00:00+00:00, run_after=2023-06-10T00:00:00+00:00
[2023-06-11T00:37:36.572+0200] {logging_mixin.py:117} INFO - [2023-06-11T00:37:36.571+0200] {dag.py:3324} INFO - Setting next_dagrun for dataset_produces_2 to None, run_after=None
[2023-06-11T00:37:36.667+0200] {processor.py:178} INFO - Processing /home/nanah/airflow_venv/lib/python3.10/site-packages/airflow/example_dags/example_datasets.py took 0.484 seconds
[2023-06-11T00:39:10.982+0200] {processor.py:156} INFO - Started process (PID=5576) to work on /home/nanah/airflow_venv/lib/python3.10/site-packages/airflow/example_dags/example_datasets.py
[2023-06-11T00:39:10.987+0200] {processor.py:758} INFO - Processing file /home/nanah/airflow_venv/lib/python3.10/site-packages/airflow/example_dags/example_datasets.py for tasks to queue
[2023-06-11T00:39:10.989+0200] {logging_mixin.py:117} INFO - [2023-06-11T00:39:10.989+0200] {dagbag.py:525} INFO - Filling up the DagBag from /home/nanah/airflow_venv/lib/python3.10/site-packages/airflow/example_dags/example_datasets.py
[2023-06-11T00:39:11.035+0200] {processor.py:768} INFO - DAG(s) dict_keys(['dataset_consumes_unknown_never_scheduled', 'dataset_consumes_1_and_2', 'dataset_consumes_1', 'dataset_consumes_1_never_scheduled', 'dataset_produces_2', 'dataset_produces_1']) retrieved from /home/nanah/airflow_venv/lib/python3.10/site-packages/airflow/example_dags/example_datasets.py
[2023-06-11T00:39:11.125+0200] {logging_mixin.py:117} INFO - [2023-06-11T00:39:11.125+0200] {dag.py:2573} INFO - Sync 6 DAGs
[2023-06-11T00:39:11.176+0200] {logging_mixin.py:117} INFO - [2023-06-11T00:39:11.175+0200] {dag.py:3324} INFO - Setting next_dagrun for dataset_consumes_1 to None, run_after=None
[2023-06-11T00:39:11.183+0200] {logging_mixin.py:117} INFO - [2023-06-11T00:39:11.183+0200] {dag.py:3324} INFO - Setting next_dagrun for dataset_consumes_1_and_2 to None, run_after=None
[2023-06-11T00:39:11.186+0200] {logging_mixin.py:117} INFO - [2023-06-11T00:39:11.185+0200] {dag.py:3324} INFO - Setting next_dagrun for dataset_consumes_1_never_scheduled to None, run_after=None
[2023-06-11T00:39:11.188+0200] {logging_mixin.py:117} INFO - [2023-06-11T00:39:11.188+0200] {dag.py:3324} INFO - Setting next_dagrun for dataset_consumes_unknown_never_scheduled to None, run_after=None
[2023-06-11T00:39:11.193+0200] {logging_mixin.py:117} INFO - [2023-06-11T00:39:11.193+0200] {dag.py:3324} INFO - Setting next_dagrun for dataset_produces_1 to 2023-06-09T00:00:00+00:00, run_after=2023-06-10T00:00:00+00:00
[2023-06-11T00:39:11.196+0200] {logging_mixin.py:117} INFO - [2023-06-11T00:39:11.195+0200] {dag.py:3324} INFO - Setting next_dagrun for dataset_produces_2 to None, run_after=None
[2023-06-11T00:39:11.265+0200] {processor.py:178} INFO - Processing /home/nanah/airflow_venv/lib/python3.10/site-packages/airflow/example_dags/example_datasets.py took 0.289 seconds
[2023-06-11T00:40:37.492+0200] {processor.py:156} INFO - Started process (PID=5644) to work on /home/nanah/airflow_venv/lib/python3.10/site-packages/airflow/example_dags/example_datasets.py
[2023-06-11T00:40:37.495+0200] {processor.py:758} INFO - Processing file /home/nanah/airflow_venv/lib/python3.10/site-packages/airflow/example_dags/example_datasets.py for tasks to queue
[2023-06-11T00:40:37.496+0200] {logging_mixin.py:117} INFO - [2023-06-11T00:40:37.496+0200] {dagbag.py:525} INFO - Filling up the DagBag from /home/nanah/airflow_venv/lib/python3.10/site-packages/airflow/example_dags/example_datasets.py
[2023-06-11T00:40:37.534+0200] {processor.py:768} INFO - DAG(s) dict_keys(['dataset_consumes_1', 'dataset_consumes_1_and_2', 'dataset_produces_2', 'dataset_consumes_1_never_scheduled', 'dataset_consumes_unknown_never_scheduled', 'dataset_produces_1']) retrieved from /home/nanah/airflow_venv/lib/python3.10/site-packages/airflow/example_dags/example_datasets.py
[2023-06-11T00:40:37.626+0200] {logging_mixin.py:117} INFO - [2023-06-11T00:40:37.626+0200] {dag.py:2573} INFO - Sync 6 DAGs
[2023-06-11T00:40:37.698+0200] {logging_mixin.py:117} INFO - [2023-06-11T00:40:37.698+0200] {dag.py:3324} INFO - Setting next_dagrun for dataset_consumes_1 to None, run_after=None
[2023-06-11T00:40:37.708+0200] {logging_mixin.py:117} INFO - [2023-06-11T00:40:37.708+0200] {dag.py:3324} INFO - Setting next_dagrun for dataset_consumes_1_and_2 to None, run_after=None
[2023-06-11T00:40:37.712+0200] {logging_mixin.py:117} INFO - [2023-06-11T00:40:37.710+0200] {dag.py:3324} INFO - Setting next_dagrun for dataset_consumes_1_never_scheduled to None, run_after=None
[2023-06-11T00:40:37.720+0200] {logging_mixin.py:117} INFO - [2023-06-11T00:40:37.719+0200] {dag.py:3324} INFO - Setting next_dagrun for dataset_consumes_unknown_never_scheduled to None, run_after=None
[2023-06-11T00:40:37.726+0200] {logging_mixin.py:117} INFO - [2023-06-11T00:40:37.726+0200] {dag.py:3324} INFO - Setting next_dagrun for dataset_produces_1 to 2023-06-09T00:00:00+00:00, run_after=2023-06-10T00:00:00+00:00
[2023-06-11T00:40:37.730+0200] {logging_mixin.py:117} INFO - [2023-06-11T00:40:37.729+0200] {dag.py:3324} INFO - Setting next_dagrun for dataset_produces_2 to None, run_after=None
[2023-06-11T00:40:37.826+0200] {processor.py:178} INFO - Processing /home/nanah/airflow_venv/lib/python3.10/site-packages/airflow/example_dags/example_datasets.py took 0.341 seconds
[2023-06-11T00:42:06.964+0200] {processor.py:156} INFO - Started process (PID=5716) to work on /home/nanah/airflow_venv/lib/python3.10/site-packages/airflow/example_dags/example_datasets.py
[2023-06-11T00:42:06.975+0200] {processor.py:758} INFO - Processing file /home/nanah/airflow_venv/lib/python3.10/site-packages/airflow/example_dags/example_datasets.py for tasks to queue
[2023-06-11T00:42:06.978+0200] {logging_mixin.py:117} INFO - [2023-06-11T00:42:06.978+0200] {dagbag.py:525} INFO - Filling up the DagBag from /home/nanah/airflow_venv/lib/python3.10/site-packages/airflow/example_dags/example_datasets.py
[2023-06-11T00:42:07.082+0200] {processor.py:768} INFO - DAG(s) dict_keys(['dataset_consumes_1_never_scheduled', 'dataset_produces_1', 'dataset_consumes_1', 'dataset_consumes_1_and_2', 'dataset_produces_2', 'dataset_consumes_unknown_never_scheduled']) retrieved from /home/nanah/airflow_venv/lib/python3.10/site-packages/airflow/example_dags/example_datasets.py
[2023-06-11T00:42:07.306+0200] {logging_mixin.py:117} INFO - [2023-06-11T00:42:07.306+0200] {dag.py:2573} INFO - Sync 6 DAGs
[2023-06-11T00:42:07.441+0200] {logging_mixin.py:117} INFO - [2023-06-11T00:42:07.441+0200] {dag.py:3324} INFO - Setting next_dagrun for dataset_consumes_1 to None, run_after=None
[2023-06-11T00:42:07.470+0200] {logging_mixin.py:117} INFO - [2023-06-11T00:42:07.469+0200] {dag.py:3324} INFO - Setting next_dagrun for dataset_consumes_1_and_2 to None, run_after=None
[2023-06-11T00:42:07.472+0200] {logging_mixin.py:117} INFO - [2023-06-11T00:42:07.472+0200] {dag.py:3324} INFO - Setting next_dagrun for dataset_consumes_1_never_scheduled to None, run_after=None
[2023-06-11T00:42:07.478+0200] {logging_mixin.py:117} INFO - [2023-06-11T00:42:07.477+0200] {dag.py:3324} INFO - Setting next_dagrun for dataset_consumes_unknown_never_scheduled to None, run_after=None
[2023-06-11T00:42:07.490+0200] {logging_mixin.py:117} INFO - [2023-06-11T00:42:07.489+0200] {dag.py:3324} INFO - Setting next_dagrun for dataset_produces_1 to 2023-06-09T00:00:00+00:00, run_after=2023-06-10T00:00:00+00:00
[2023-06-11T00:42:07.493+0200] {logging_mixin.py:117} INFO - [2023-06-11T00:42:07.492+0200] {dag.py:3324} INFO - Setting next_dagrun for dataset_produces_2 to None, run_after=None
[2023-06-11T00:42:07.665+0200] {processor.py:178} INFO - Processing /home/nanah/airflow_venv/lib/python3.10/site-packages/airflow/example_dags/example_datasets.py took 0.717 seconds
[2023-06-11T00:43:40.595+0200] {processor.py:156} INFO - Started process (PID=5784) to work on /home/nanah/airflow_venv/lib/python3.10/site-packages/airflow/example_dags/example_datasets.py
[2023-06-11T00:43:40.600+0200] {processor.py:758} INFO - Processing file /home/nanah/airflow_venv/lib/python3.10/site-packages/airflow/example_dags/example_datasets.py for tasks to queue
[2023-06-11T00:43:40.602+0200] {logging_mixin.py:117} INFO - [2023-06-11T00:43:40.601+0200] {dagbag.py:525} INFO - Filling up the DagBag from /home/nanah/airflow_venv/lib/python3.10/site-packages/airflow/example_dags/example_datasets.py
[2023-06-11T00:43:40.647+0200] {processor.py:768} INFO - DAG(s) dict_keys(['dataset_produces_2', 'dataset_produces_1', 'dataset_consumes_unknown_never_scheduled', 'dataset_consumes_1_and_2', 'dataset_consumes_1', 'dataset_consumes_1_never_scheduled']) retrieved from /home/nanah/airflow_venv/lib/python3.10/site-packages/airflow/example_dags/example_datasets.py
[2023-06-11T00:43:40.770+0200] {logging_mixin.py:117} INFO - [2023-06-11T00:43:40.770+0200] {dag.py:2573} INFO - Sync 6 DAGs
[2023-06-11T00:43:40.840+0200] {logging_mixin.py:117} INFO - [2023-06-11T00:43:40.839+0200] {dag.py:3324} INFO - Setting next_dagrun for dataset_consumes_1 to None, run_after=None
[2023-06-11T00:43:40.850+0200] {logging_mixin.py:117} INFO - [2023-06-11T00:43:40.850+0200] {dag.py:3324} INFO - Setting next_dagrun for dataset_consumes_1_and_2 to None, run_after=None
[2023-06-11T00:43:40.853+0200] {logging_mixin.py:117} INFO - [2023-06-11T00:43:40.853+0200] {dag.py:3324} INFO - Setting next_dagrun for dataset_consumes_1_never_scheduled to None, run_after=None
[2023-06-11T00:43:40.855+0200] {logging_mixin.py:117} INFO - [2023-06-11T00:43:40.855+0200] {dag.py:3324} INFO - Setting next_dagrun for dataset_consumes_unknown_never_scheduled to None, run_after=None
[2023-06-11T00:43:40.870+0200] {logging_mixin.py:117} INFO - [2023-06-11T00:43:40.869+0200] {dag.py:3324} INFO - Setting next_dagrun for dataset_produces_1 to 2023-06-09T00:00:00+00:00, run_after=2023-06-10T00:00:00+00:00
[2023-06-11T00:43:40.873+0200] {logging_mixin.py:117} INFO - [2023-06-11T00:43:40.872+0200] {dag.py:3324} INFO - Setting next_dagrun for dataset_produces_2 to None, run_after=None
[2023-06-11T00:43:40.986+0200] {processor.py:178} INFO - Processing /home/nanah/airflow_venv/lib/python3.10/site-packages/airflow/example_dags/example_datasets.py took 0.399 seconds
[2023-06-11T00:45:14.383+0200] {processor.py:156} INFO - Started process (PID=5852) to work on /home/nanah/airflow_venv/lib/python3.10/site-packages/airflow/example_dags/example_datasets.py
[2023-06-11T00:45:14.389+0200] {processor.py:758} INFO - Processing file /home/nanah/airflow_venv/lib/python3.10/site-packages/airflow/example_dags/example_datasets.py for tasks to queue
[2023-06-11T00:45:14.390+0200] {logging_mixin.py:117} INFO - [2023-06-11T00:45:14.390+0200] {dagbag.py:525} INFO - Filling up the DagBag from /home/nanah/airflow_venv/lib/python3.10/site-packages/airflow/example_dags/example_datasets.py
[2023-06-11T00:45:14.434+0200] {processor.py:768} INFO - DAG(s) dict_keys(['dataset_produces_1', 'dataset_consumes_1', 'dataset_consumes_unknown_never_scheduled', 'dataset_produces_2', 'dataset_consumes_1_never_scheduled', 'dataset_consumes_1_and_2']) retrieved from /home/nanah/airflow_venv/lib/python3.10/site-packages/airflow/example_dags/example_datasets.py
[2023-06-11T00:45:14.527+0200] {logging_mixin.py:117} INFO - [2023-06-11T00:45:14.527+0200] {dag.py:2573} INFO - Sync 6 DAGs
[2023-06-11T00:45:14.579+0200] {logging_mixin.py:117} INFO - [2023-06-11T00:45:14.579+0200] {dag.py:3324} INFO - Setting next_dagrun for dataset_consumes_1 to None, run_after=None
[2023-06-11T00:45:14.589+0200] {logging_mixin.py:117} INFO - [2023-06-11T00:45:14.588+0200] {dag.py:3324} INFO - Setting next_dagrun for dataset_consumes_1_and_2 to None, run_after=None
[2023-06-11T00:45:14.594+0200] {logging_mixin.py:117} INFO - [2023-06-11T00:45:14.594+0200] {dag.py:3324} INFO - Setting next_dagrun for dataset_consumes_1_never_scheduled to None, run_after=None
[2023-06-11T00:45:14.596+0200] {logging_mixin.py:117} INFO - [2023-06-11T00:45:14.596+0200] {dag.py:3324} INFO - Setting next_dagrun for dataset_consumes_unknown_never_scheduled to None, run_after=None
[2023-06-11T00:45:14.601+0200] {logging_mixin.py:117} INFO - [2023-06-11T00:45:14.601+0200] {dag.py:3324} INFO - Setting next_dagrun for dataset_produces_1 to 2023-06-09T00:00:00+00:00, run_after=2023-06-10T00:00:00+00:00
[2023-06-11T00:45:14.603+0200] {logging_mixin.py:117} INFO - [2023-06-11T00:45:14.603+0200] {dag.py:3324} INFO - Setting next_dagrun for dataset_produces_2 to None, run_after=None
[2023-06-11T00:45:14.677+0200] {processor.py:178} INFO - Processing /home/nanah/airflow_venv/lib/python3.10/site-packages/airflow/example_dags/example_datasets.py took 0.301 seconds
