[2023-06-11T00:12:40.086+0200] {processor.py:156} INFO - Started process (PID=4629) to work on /home/nanah/airflow_venv/lib/python3.10/site-packages/airflow/example_dags/example_subdag_operator.py
[2023-06-11T00:12:40.094+0200] {processor.py:758} INFO - Processing file /home/nanah/airflow_venv/lib/python3.10/site-packages/airflow/example_dags/example_subdag_operator.py for tasks to queue
[2023-06-11T00:12:40.096+0200] {logging_mixin.py:117} INFO - [2023-06-11T00:12:40.096+0200] {dagbag.py:525} INFO - Filling up the DagBag from /home/nanah/airflow_venv/lib/python3.10/site-packages/airflow/example_dags/example_subdag_operator.py
[2023-06-11T00:12:40.236+0200] {processor.py:768} INFO - DAG(s) dict_keys(['example_subdag_operator.section-1', 'example_subdag_operator.section-2', 'example_subdag_operator']) retrieved from /home/nanah/airflow_venv/lib/python3.10/site-packages/airflow/example_dags/example_subdag_operator.py
[2023-06-11T00:12:40.515+0200] {logging_mixin.py:117} INFO - [2023-06-11T00:12:40.515+0200] {dag.py:2573} INFO - Sync 3 DAGs
[2023-06-11T00:12:40.577+0200] {logging_mixin.py:117} INFO - [2023-06-11T00:12:40.576+0200] {dag.py:3324} INFO - Setting next_dagrun for example_subdag_operator to 2022-01-01T00:00:00+00:00, run_after=2022-01-01T00:00:00+00:00
[2023-06-11T00:12:40.584+0200] {logging_mixin.py:117} INFO - [2023-06-11T00:12:40.584+0200] {dag.py:3324} INFO - Setting next_dagrun for example_subdag_operator.section-1 to None, run_after=None
[2023-06-11T00:12:40.587+0200] {logging_mixin.py:117} INFO - [2023-06-11T00:12:40.586+0200] {dag.py:3324} INFO - Setting next_dagrun for example_subdag_operator.section-2 to None, run_after=None
[2023-06-11T00:12:40.609+0200] {logging_mixin.py:117} INFO - [2023-06-11T00:12:40.608+0200] {dag.py:2573} INFO - Sync 2 DAGs
[2023-06-11T00:12:40.623+0200] {logging_mixin.py:117} INFO - [2023-06-11T00:12:40.622+0200] {dag.py:3324} INFO - Setting next_dagrun for example_subdag_operator.section-1 to None, run_after=None
[2023-06-11T00:12:40.623+0200] {logging_mixin.py:117} INFO - [2023-06-11T00:12:40.623+0200] {dag.py:3324} INFO - Setting next_dagrun for example_subdag_operator.section-2 to None, run_after=None
[2023-06-11T00:12:40.739+0200] {processor.py:178} INFO - Processing /home/nanah/airflow_venv/lib/python3.10/site-packages/airflow/example_dags/example_subdag_operator.py took 0.682 seconds
[2023-06-11T00:14:01.247+0200] {processor.py:156} INFO - Started process (PID=4668) to work on /home/nanah/airflow_venv/lib/python3.10/site-packages/airflow/example_dags/example_subdag_operator.py
[2023-06-11T00:14:01.277+0200] {processor.py:758} INFO - Processing file /home/nanah/airflow_venv/lib/python3.10/site-packages/airflow/example_dags/example_subdag_operator.py for tasks to queue
[2023-06-11T00:14:01.285+0200] {logging_mixin.py:117} INFO - [2023-06-11T00:14:01.280+0200] {dagbag.py:525} INFO - Filling up the DagBag from /home/nanah/airflow_venv/lib/python3.10/site-packages/airflow/example_dags/example_subdag_operator.py
[2023-06-11T00:14:01.979+0200] {processor.py:768} INFO - DAG(s) dict_keys(['example_subdag_operator.section-1', 'example_subdag_operator.section-2', 'example_subdag_operator']) retrieved from /home/nanah/airflow_venv/lib/python3.10/site-packages/airflow/example_dags/example_subdag_operator.py
[2023-06-11T00:14:02.297+0200] {logging_mixin.py:117} INFO - [2023-06-11T00:14:02.297+0200] {dag.py:2573} INFO - Sync 3 DAGs
[2023-06-11T00:14:02.338+0200] {logging_mixin.py:117} INFO - [2023-06-11T00:14:02.337+0200] {dag.py:3324} INFO - Setting next_dagrun for example_subdag_operator to 2022-01-01T00:00:00+00:00, run_after=2022-01-01T00:00:00+00:00
[2023-06-11T00:14:02.344+0200] {logging_mixin.py:117} INFO - [2023-06-11T00:14:02.343+0200] {dag.py:3324} INFO - Setting next_dagrun for example_subdag_operator.section-1 to None, run_after=None
[2023-06-11T00:14:02.345+0200] {logging_mixin.py:117} INFO - [2023-06-11T00:14:02.345+0200] {dag.py:3324} INFO - Setting next_dagrun for example_subdag_operator.section-2 to None, run_after=None
[2023-06-11T00:14:02.357+0200] {logging_mixin.py:117} INFO - [2023-06-11T00:14:02.356+0200] {dag.py:2573} INFO - Sync 2 DAGs
[2023-06-11T00:14:02.365+0200] {logging_mixin.py:117} INFO - [2023-06-11T00:14:02.365+0200] {dag.py:3324} INFO - Setting next_dagrun for example_subdag_operator.section-1 to None, run_after=None
[2023-06-11T00:14:02.365+0200] {logging_mixin.py:117} INFO - [2023-06-11T00:14:02.365+0200] {dag.py:3324} INFO - Setting next_dagrun for example_subdag_operator.section-2 to None, run_after=None
[2023-06-11T00:14:03.595+0200] {processor.py:178} INFO - Processing /home/nanah/airflow_venv/lib/python3.10/site-packages/airflow/example_dags/example_subdag_operator.py took 2.367 seconds
[2023-06-11T00:16:33.355+0200] {processor.py:156} INFO - Started process (PID=4751) to work on /home/nanah/airflow_venv/lib/python3.10/site-packages/airflow/example_dags/example_subdag_operator.py
[2023-06-11T00:16:33.362+0200] {processor.py:758} INFO - Processing file /home/nanah/airflow_venv/lib/python3.10/site-packages/airflow/example_dags/example_subdag_operator.py for tasks to queue
[2023-06-11T00:16:33.371+0200] {logging_mixin.py:117} INFO - [2023-06-11T00:16:33.370+0200] {dagbag.py:525} INFO - Filling up the DagBag from /home/nanah/airflow_venv/lib/python3.10/site-packages/airflow/example_dags/example_subdag_operator.py
[2023-06-11T00:16:33.634+0200] {processor.py:768} INFO - DAG(s) dict_keys(['example_subdag_operator.section-1', 'example_subdag_operator.section-2', 'example_subdag_operator']) retrieved from /home/nanah/airflow_venv/lib/python3.10/site-packages/airflow/example_dags/example_subdag_operator.py
[2023-06-11T00:16:34.025+0200] {logging_mixin.py:117} INFO - [2023-06-11T00:16:34.024+0200] {dag.py:2573} INFO - Sync 3 DAGs
[2023-06-11T00:16:34.070+0200] {logging_mixin.py:117} INFO - [2023-06-11T00:16:34.070+0200] {dag.py:3324} INFO - Setting next_dagrun for example_subdag_operator to 2022-01-01T00:00:00+00:00, run_after=2022-01-01T00:00:00+00:00
[2023-06-11T00:16:34.076+0200] {logging_mixin.py:117} INFO - [2023-06-11T00:16:34.075+0200] {dag.py:3324} INFO - Setting next_dagrun for example_subdag_operator.section-1 to None, run_after=None
[2023-06-11T00:16:34.079+0200] {logging_mixin.py:117} INFO - [2023-06-11T00:16:34.078+0200] {dag.py:3324} INFO - Setting next_dagrun for example_subdag_operator.section-2 to None, run_after=None
[2023-06-11T00:16:34.093+0200] {logging_mixin.py:117} INFO - [2023-06-11T00:16:34.093+0200] {dag.py:2573} INFO - Sync 2 DAGs
[2023-06-11T00:16:34.102+0200] {logging_mixin.py:117} INFO - [2023-06-11T00:16:34.102+0200] {dag.py:3324} INFO - Setting next_dagrun for example_subdag_operator.section-1 to None, run_after=None
[2023-06-11T00:16:34.103+0200] {logging_mixin.py:117} INFO - [2023-06-11T00:16:34.103+0200] {dag.py:3324} INFO - Setting next_dagrun for example_subdag_operator.section-2 to None, run_after=None
[2023-06-11T00:16:34.155+0200] {processor.py:178} INFO - Processing /home/nanah/airflow_venv/lib/python3.10/site-packages/airflow/example_dags/example_subdag_operator.py took 0.818 seconds
[2023-06-11T00:18:13.135+0200] {processor.py:156} INFO - Started process (PID=4826) to work on /home/nanah/airflow_venv/lib/python3.10/site-packages/airflow/example_dags/example_subdag_operator.py
[2023-06-11T00:18:13.140+0200] {processor.py:758} INFO - Processing file /home/nanah/airflow_venv/lib/python3.10/site-packages/airflow/example_dags/example_subdag_operator.py for tasks to queue
[2023-06-11T00:18:13.141+0200] {logging_mixin.py:117} INFO - [2023-06-11T00:18:13.141+0200] {dagbag.py:525} INFO - Filling up the DagBag from /home/nanah/airflow_venv/lib/python3.10/site-packages/airflow/example_dags/example_subdag_operator.py
[2023-06-11T00:18:13.198+0200] {processor.py:768} INFO - DAG(s) dict_keys(['example_subdag_operator.section-1', 'example_subdag_operator.section-2', 'example_subdag_operator']) retrieved from /home/nanah/airflow_venv/lib/python3.10/site-packages/airflow/example_dags/example_subdag_operator.py
[2023-06-11T00:18:13.393+0200] {logging_mixin.py:117} INFO - [2023-06-11T00:18:13.393+0200] {dag.py:2573} INFO - Sync 3 DAGs
[2023-06-11T00:18:13.432+0200] {logging_mixin.py:117} INFO - [2023-06-11T00:18:13.432+0200] {dag.py:3324} INFO - Setting next_dagrun for example_subdag_operator to 2022-01-01T00:00:00+00:00, run_after=2022-01-01T00:00:00+00:00
[2023-06-11T00:18:13.438+0200] {logging_mixin.py:117} INFO - [2023-06-11T00:18:13.437+0200] {dag.py:3324} INFO - Setting next_dagrun for example_subdag_operator.section-1 to None, run_after=None
[2023-06-11T00:18:13.442+0200] {logging_mixin.py:117} INFO - [2023-06-11T00:18:13.442+0200] {dag.py:3324} INFO - Setting next_dagrun for example_subdag_operator.section-2 to None, run_after=None
[2023-06-11T00:18:13.457+0200] {logging_mixin.py:117} INFO - [2023-06-11T00:18:13.456+0200] {dag.py:2573} INFO - Sync 2 DAGs
[2023-06-11T00:18:13.465+0200] {logging_mixin.py:117} INFO - [2023-06-11T00:18:13.465+0200] {dag.py:3324} INFO - Setting next_dagrun for example_subdag_operator.section-1 to None, run_after=None
[2023-06-11T00:18:13.466+0200] {logging_mixin.py:117} INFO - [2023-06-11T00:18:13.465+0200] {dag.py:3324} INFO - Setting next_dagrun for example_subdag_operator.section-2 to None, run_after=None
[2023-06-11T00:18:13.494+0200] {processor.py:178} INFO - Processing /home/nanah/airflow_venv/lib/python3.10/site-packages/airflow/example_dags/example_subdag_operator.py took 0.365 seconds
[2023-06-11T00:20:20.739+0200] {processor.py:156} INFO - Started process (PID=4905) to work on /home/nanah/airflow_venv/lib/python3.10/site-packages/airflow/example_dags/example_subdag_operator.py
[2023-06-11T00:20:20.743+0200] {processor.py:758} INFO - Processing file /home/nanah/airflow_venv/lib/python3.10/site-packages/airflow/example_dags/example_subdag_operator.py for tasks to queue
[2023-06-11T00:20:20.746+0200] {logging_mixin.py:117} INFO - [2023-06-11T00:20:20.745+0200] {dagbag.py:525} INFO - Filling up the DagBag from /home/nanah/airflow_venv/lib/python3.10/site-packages/airflow/example_dags/example_subdag_operator.py
[2023-06-11T00:20:20.947+0200] {processor.py:768} INFO - DAG(s) dict_keys(['example_subdag_operator.section-1', 'example_subdag_operator.section-2', 'example_subdag_operator']) retrieved from /home/nanah/airflow_venv/lib/python3.10/site-packages/airflow/example_dags/example_subdag_operator.py
[2023-06-11T00:20:21.886+0200] {logging_mixin.py:117} INFO - [2023-06-11T00:20:21.885+0200] {dag.py:2573} INFO - Sync 3 DAGs
[2023-06-11T00:20:22.074+0200] {logging_mixin.py:117} INFO - [2023-06-11T00:20:22.074+0200] {dag.py:3324} INFO - Setting next_dagrun for example_subdag_operator to 2022-01-01T00:00:00+00:00, run_after=2022-01-01T00:00:00+00:00
[2023-06-11T00:20:22.098+0200] {logging_mixin.py:117} INFO - [2023-06-11T00:20:22.097+0200] {dag.py:3324} INFO - Setting next_dagrun for example_subdag_operator.section-1 to None, run_after=None
[2023-06-11T00:20:22.114+0200] {logging_mixin.py:117} INFO - [2023-06-11T00:20:22.113+0200] {dag.py:3324} INFO - Setting next_dagrun for example_subdag_operator.section-2 to None, run_after=None
[2023-06-11T00:20:22.167+0200] {logging_mixin.py:117} INFO - [2023-06-11T00:20:22.166+0200] {dag.py:2573} INFO - Sync 2 DAGs
[2023-06-11T00:20:22.215+0200] {logging_mixin.py:117} INFO - [2023-06-11T00:20:22.215+0200] {dag.py:3324} INFO - Setting next_dagrun for example_subdag_operator.section-1 to None, run_after=None
[2023-06-11T00:20:22.217+0200] {logging_mixin.py:117} INFO - [2023-06-11T00:20:22.216+0200] {dag.py:3324} INFO - Setting next_dagrun for example_subdag_operator.section-2 to None, run_after=None
[2023-06-11T00:20:22.394+0200] {processor.py:178} INFO - Processing /home/nanah/airflow_venv/lib/python3.10/site-packages/airflow/example_dags/example_subdag_operator.py took 1.672 seconds
[2023-06-11T00:21:23.482+0200] {processor.py:156} INFO - Started process (PID=4941) to work on /home/nanah/airflow_venv/lib/python3.10/site-packages/airflow/example_dags/example_subdag_operator.py
[2023-06-11T00:21:23.488+0200] {processor.py:758} INFO - Processing file /home/nanah/airflow_venv/lib/python3.10/site-packages/airflow/example_dags/example_subdag_operator.py for tasks to queue
[2023-06-11T00:21:23.493+0200] {logging_mixin.py:117} INFO - [2023-06-11T00:21:23.492+0200] {dagbag.py:525} INFO - Filling up the DagBag from /home/nanah/airflow_venv/lib/python3.10/site-packages/airflow/example_dags/example_subdag_operator.py
[2023-06-11T00:21:23.573+0200] {processor.py:768} INFO - DAG(s) dict_keys(['example_subdag_operator.section-1', 'example_subdag_operator.section-2', 'example_subdag_operator']) retrieved from /home/nanah/airflow_venv/lib/python3.10/site-packages/airflow/example_dags/example_subdag_operator.py
[2023-06-11T00:21:23.807+0200] {logging_mixin.py:117} INFO - [2023-06-11T00:21:23.806+0200] {dag.py:2573} INFO - Sync 3 DAGs
[2023-06-11T00:21:23.862+0200] {logging_mixin.py:117} INFO - [2023-06-11T00:21:23.862+0200] {dag.py:3324} INFO - Setting next_dagrun for example_subdag_operator to 2022-01-01T00:00:00+00:00, run_after=2022-01-01T00:00:00+00:00
[2023-06-11T00:21:23.871+0200] {logging_mixin.py:117} INFO - [2023-06-11T00:21:23.871+0200] {dag.py:3324} INFO - Setting next_dagrun for example_subdag_operator.section-1 to None, run_after=None
[2023-06-11T00:21:23.873+0200] {logging_mixin.py:117} INFO - [2023-06-11T00:21:23.873+0200] {dag.py:3324} INFO - Setting next_dagrun for example_subdag_operator.section-2 to None, run_after=None
[2023-06-11T00:21:23.893+0200] {logging_mixin.py:117} INFO - [2023-06-11T00:21:23.893+0200] {dag.py:2573} INFO - Sync 2 DAGs
[2023-06-11T00:21:23.903+0200] {logging_mixin.py:117} INFO - [2023-06-11T00:21:23.903+0200] {dag.py:3324} INFO - Setting next_dagrun for example_subdag_operator.section-1 to None, run_after=None
[2023-06-11T00:21:23.904+0200] {logging_mixin.py:117} INFO - [2023-06-11T00:21:23.904+0200] {dag.py:3324} INFO - Setting next_dagrun for example_subdag_operator.section-2 to None, run_after=None
[2023-06-11T00:21:23.948+0200] {processor.py:178} INFO - Processing /home/nanah/airflow_venv/lib/python3.10/site-packages/airflow/example_dags/example_subdag_operator.py took 0.475 seconds
[2023-06-11T00:23:24.966+0200] {processor.py:156} INFO - Started process (PID=5011) to work on /home/nanah/airflow_venv/lib/python3.10/site-packages/airflow/example_dags/example_subdag_operator.py
[2023-06-11T00:23:24.989+0200] {processor.py:758} INFO - Processing file /home/nanah/airflow_venv/lib/python3.10/site-packages/airflow/example_dags/example_subdag_operator.py for tasks to queue
[2023-06-11T00:23:24.991+0200] {logging_mixin.py:117} INFO - [2023-06-11T00:23:24.990+0200] {dagbag.py:525} INFO - Filling up the DagBag from /home/nanah/airflow_venv/lib/python3.10/site-packages/airflow/example_dags/example_subdag_operator.py
[2023-06-11T00:23:25.405+0200] {processor.py:768} INFO - DAG(s) dict_keys(['example_subdag_operator.section-1', 'example_subdag_operator.section-2', 'example_subdag_operator']) retrieved from /home/nanah/airflow_venv/lib/python3.10/site-packages/airflow/example_dags/example_subdag_operator.py
[2023-06-11T00:23:25.950+0200] {logging_mixin.py:117} INFO - [2023-06-11T00:23:25.949+0200] {dag.py:2573} INFO - Sync 3 DAGs
[2023-06-11T00:23:26.094+0200] {logging_mixin.py:117} INFO - [2023-06-11T00:23:26.093+0200] {dag.py:3324} INFO - Setting next_dagrun for example_subdag_operator to 2022-01-01T00:00:00+00:00, run_after=2022-01-01T00:00:00+00:00
[2023-06-11T00:23:26.121+0200] {logging_mixin.py:117} INFO - [2023-06-11T00:23:26.121+0200] {dag.py:3324} INFO - Setting next_dagrun for example_subdag_operator.section-1 to None, run_after=None
[2023-06-11T00:23:26.123+0200] {logging_mixin.py:117} INFO - [2023-06-11T00:23:26.123+0200] {dag.py:3324} INFO - Setting next_dagrun for example_subdag_operator.section-2 to None, run_after=None
[2023-06-11T00:23:28.266+0200] {logging_mixin.py:117} INFO - [2023-06-11T00:23:28.266+0200] {dag.py:2573} INFO - Sync 2 DAGs
[2023-06-11T00:23:28.288+0200] {logging_mixin.py:117} INFO - [2023-06-11T00:23:28.287+0200] {dag.py:3324} INFO - Setting next_dagrun for example_subdag_operator.section-1 to None, run_after=None
[2023-06-11T00:23:28.290+0200] {logging_mixin.py:117} INFO - [2023-06-11T00:23:28.289+0200] {dag.py:3324} INFO - Setting next_dagrun for example_subdag_operator.section-2 to None, run_after=None
[2023-06-11T00:23:28.387+0200] {processor.py:178} INFO - Processing /home/nanah/airflow_venv/lib/python3.10/site-packages/airflow/example_dags/example_subdag_operator.py took 3.438 seconds
[2023-06-11T00:26:25.394+0200] {processor.py:156} INFO - Started process (PID=5083) to work on /home/nanah/airflow_venv/lib/python3.10/site-packages/airflow/example_dags/example_subdag_operator.py
[2023-06-11T00:26:25.407+0200] {processor.py:758} INFO - Processing file /home/nanah/airflow_venv/lib/python3.10/site-packages/airflow/example_dags/example_subdag_operator.py for tasks to queue
[2023-06-11T00:26:25.408+0200] {logging_mixin.py:117} INFO - [2023-06-11T00:26:25.408+0200] {dagbag.py:525} INFO - Filling up the DagBag from /home/nanah/airflow_venv/lib/python3.10/site-packages/airflow/example_dags/example_subdag_operator.py
[2023-06-11T00:26:25.506+0200] {processor.py:768} INFO - DAG(s) dict_keys(['example_subdag_operator.section-1', 'example_subdag_operator.section-2', 'example_subdag_operator']) retrieved from /home/nanah/airflow_venv/lib/python3.10/site-packages/airflow/example_dags/example_subdag_operator.py
[2023-06-11T00:26:25.723+0200] {logging_mixin.py:117} INFO - [2023-06-11T00:26:25.723+0200] {dag.py:2573} INFO - Sync 3 DAGs
[2023-06-11T00:26:26.046+0200] {logging_mixin.py:117} INFO - [2023-06-11T00:26:26.046+0200] {dag.py:3324} INFO - Setting next_dagrun for example_subdag_operator to 2022-01-01T00:00:00+00:00, run_after=2022-01-01T00:00:00+00:00
[2023-06-11T00:26:26.052+0200] {logging_mixin.py:117} INFO - [2023-06-11T00:26:26.052+0200] {dag.py:3324} INFO - Setting next_dagrun for example_subdag_operator.section-1 to None, run_after=None
[2023-06-11T00:26:26.058+0200] {logging_mixin.py:117} INFO - [2023-06-11T00:26:26.058+0200] {dag.py:3324} INFO - Setting next_dagrun for example_subdag_operator.section-2 to None, run_after=None
[2023-06-11T00:26:26.074+0200] {logging_mixin.py:117} INFO - [2023-06-11T00:26:26.074+0200] {dag.py:2573} INFO - Sync 2 DAGs
[2023-06-11T00:26:26.083+0200] {logging_mixin.py:117} INFO - [2023-06-11T00:26:26.083+0200] {dag.py:3324} INFO - Setting next_dagrun for example_subdag_operator.section-1 to None, run_after=None
[2023-06-11T00:26:26.084+0200] {logging_mixin.py:117} INFO - [2023-06-11T00:26:26.084+0200] {dag.py:3324} INFO - Setting next_dagrun for example_subdag_operator.section-2 to None, run_after=None
[2023-06-11T00:26:26.121+0200] {processor.py:178} INFO - Processing /home/nanah/airflow_venv/lib/python3.10/site-packages/airflow/example_dags/example_subdag_operator.py took 0.736 seconds
[2023-06-11T00:28:24.277+0200] {processor.py:156} INFO - Started process (PID=5156) to work on /home/nanah/airflow_venv/lib/python3.10/site-packages/airflow/example_dags/example_subdag_operator.py
[2023-06-11T00:28:24.282+0200] {processor.py:758} INFO - Processing file /home/nanah/airflow_venv/lib/python3.10/site-packages/airflow/example_dags/example_subdag_operator.py for tasks to queue
[2023-06-11T00:28:24.284+0200] {logging_mixin.py:117} INFO - [2023-06-11T00:28:24.283+0200] {dagbag.py:525} INFO - Filling up the DagBag from /home/nanah/airflow_venv/lib/python3.10/site-packages/airflow/example_dags/example_subdag_operator.py
[2023-06-11T00:28:24.364+0200] {processor.py:768} INFO - DAG(s) dict_keys(['example_subdag_operator.section-1', 'example_subdag_operator.section-2', 'example_subdag_operator']) retrieved from /home/nanah/airflow_venv/lib/python3.10/site-packages/airflow/example_dags/example_subdag_operator.py
[2023-06-11T00:28:24.886+0200] {logging_mixin.py:117} INFO - [2023-06-11T00:28:24.885+0200] {dag.py:2573} INFO - Sync 3 DAGs
[2023-06-11T00:28:24.929+0200] {logging_mixin.py:117} INFO - [2023-06-11T00:28:24.929+0200] {dag.py:3324} INFO - Setting next_dagrun for example_subdag_operator to 2022-01-01T00:00:00+00:00, run_after=2022-01-01T00:00:00+00:00
[2023-06-11T00:28:24.936+0200] {logging_mixin.py:117} INFO - [2023-06-11T00:28:24.936+0200] {dag.py:3324} INFO - Setting next_dagrun for example_subdag_operator.section-1 to None, run_after=None
[2023-06-11T00:28:24.941+0200] {logging_mixin.py:117} INFO - [2023-06-11T00:28:24.941+0200] {dag.py:3324} INFO - Setting next_dagrun for example_subdag_operator.section-2 to None, run_after=None
[2023-06-11T00:28:24.953+0200] {logging_mixin.py:117} INFO - [2023-06-11T00:28:24.953+0200] {dag.py:2573} INFO - Sync 2 DAGs
[2023-06-11T00:28:24.965+0200] {logging_mixin.py:117} INFO - [2023-06-11T00:28:24.965+0200] {dag.py:3324} INFO - Setting next_dagrun for example_subdag_operator.section-1 to None, run_after=None
[2023-06-11T00:28:24.966+0200] {logging_mixin.py:117} INFO - [2023-06-11T00:28:24.965+0200] {dag.py:3324} INFO - Setting next_dagrun for example_subdag_operator.section-2 to None, run_after=None
[2023-06-11T00:28:25.006+0200] {processor.py:178} INFO - Processing /home/nanah/airflow_venv/lib/python3.10/site-packages/airflow/example_dags/example_subdag_operator.py took 0.736 seconds
[2023-06-11T00:30:29.789+0200] {processor.py:156} INFO - Started process (PID=5225) to work on /home/nanah/airflow_venv/lib/python3.10/site-packages/airflow/example_dags/example_subdag_operator.py
[2023-06-11T00:30:29.810+0200] {processor.py:758} INFO - Processing file /home/nanah/airflow_venv/lib/python3.10/site-packages/airflow/example_dags/example_subdag_operator.py for tasks to queue
[2023-06-11T00:30:29.812+0200] {logging_mixin.py:117} INFO - [2023-06-11T00:30:29.811+0200] {dagbag.py:525} INFO - Filling up the DagBag from /home/nanah/airflow_venv/lib/python3.10/site-packages/airflow/example_dags/example_subdag_operator.py
[2023-06-11T00:30:29.998+0200] {processor.py:768} INFO - DAG(s) dict_keys(['example_subdag_operator.section-1', 'example_subdag_operator.section-2', 'example_subdag_operator']) retrieved from /home/nanah/airflow_venv/lib/python3.10/site-packages/airflow/example_dags/example_subdag_operator.py
[2023-06-11T00:30:31.051+0200] {logging_mixin.py:117} INFO - [2023-06-11T00:30:31.051+0200] {dag.py:2573} INFO - Sync 3 DAGs
[2023-06-11T00:30:31.176+0200] {logging_mixin.py:117} INFO - [2023-06-11T00:30:31.175+0200] {dag.py:3324} INFO - Setting next_dagrun for example_subdag_operator to 2022-01-01T00:00:00+00:00, run_after=2022-01-01T00:00:00+00:00
[2023-06-11T00:30:31.193+0200] {logging_mixin.py:117} INFO - [2023-06-11T00:30:31.192+0200] {dag.py:3324} INFO - Setting next_dagrun for example_subdag_operator.section-1 to None, run_after=None
[2023-06-11T00:30:31.196+0200] {logging_mixin.py:117} INFO - [2023-06-11T00:30:31.195+0200] {dag.py:3324} INFO - Setting next_dagrun for example_subdag_operator.section-2 to None, run_after=None
[2023-06-11T00:30:31.229+0200] {logging_mixin.py:117} INFO - [2023-06-11T00:30:31.228+0200] {dag.py:2573} INFO - Sync 2 DAGs
[2023-06-11T00:30:31.241+0200] {logging_mixin.py:117} INFO - [2023-06-11T00:30:31.241+0200] {dag.py:3324} INFO - Setting next_dagrun for example_subdag_operator.section-1 to None, run_after=None
[2023-06-11T00:30:31.245+0200] {logging_mixin.py:117} INFO - [2023-06-11T00:30:31.243+0200] {dag.py:3324} INFO - Setting next_dagrun for example_subdag_operator.section-2 to None, run_after=None
[2023-06-11T00:30:31.307+0200] {processor.py:178} INFO - Processing /home/nanah/airflow_venv/lib/python3.10/site-packages/airflow/example_dags/example_subdag_operator.py took 1.537 seconds
[2023-06-11T00:32:23.213+0200] {processor.py:156} INFO - Started process (PID=5297) to work on /home/nanah/airflow_venv/lib/python3.10/site-packages/airflow/example_dags/example_subdag_operator.py
[2023-06-11T00:32:23.221+0200] {processor.py:758} INFO - Processing file /home/nanah/airflow_venv/lib/python3.10/site-packages/airflow/example_dags/example_subdag_operator.py for tasks to queue
[2023-06-11T00:32:23.226+0200] {logging_mixin.py:117} INFO - [2023-06-11T00:32:23.226+0200] {dagbag.py:525} INFO - Filling up the DagBag from /home/nanah/airflow_venv/lib/python3.10/site-packages/airflow/example_dags/example_subdag_operator.py
[2023-06-11T00:32:24.893+0200] {processor.py:768} INFO - DAG(s) dict_keys(['example_subdag_operator.section-1', 'example_subdag_operator.section-2', 'example_subdag_operator']) retrieved from /home/nanah/airflow_venv/lib/python3.10/site-packages/airflow/example_dags/example_subdag_operator.py
[2023-06-11T00:32:25.952+0200] {logging_mixin.py:117} INFO - [2023-06-11T00:32:25.951+0200] {dag.py:2573} INFO - Sync 3 DAGs
[2023-06-11T00:32:26.019+0200] {logging_mixin.py:117} INFO - [2023-06-11T00:32:26.018+0200] {dag.py:3324} INFO - Setting next_dagrun for example_subdag_operator to 2022-01-01T00:00:00+00:00, run_after=2022-01-01T00:00:00+00:00
[2023-06-11T00:32:26.031+0200] {logging_mixin.py:117} INFO - [2023-06-11T00:32:26.031+0200] {dag.py:3324} INFO - Setting next_dagrun for example_subdag_operator.section-1 to None, run_after=None
[2023-06-11T00:32:26.034+0200] {logging_mixin.py:117} INFO - [2023-06-11T00:32:26.033+0200] {dag.py:3324} INFO - Setting next_dagrun for example_subdag_operator.section-2 to None, run_after=None
[2023-06-11T00:32:26.062+0200] {logging_mixin.py:117} INFO - [2023-06-11T00:32:26.062+0200] {dag.py:2573} INFO - Sync 2 DAGs
[2023-06-11T00:32:26.083+0200] {logging_mixin.py:117} INFO - [2023-06-11T00:32:26.082+0200] {dag.py:3324} INFO - Setting next_dagrun for example_subdag_operator.section-1 to None, run_after=None
[2023-06-11T00:32:26.084+0200] {logging_mixin.py:117} INFO - [2023-06-11T00:32:26.083+0200] {dag.py:3324} INFO - Setting next_dagrun for example_subdag_operator.section-2 to None, run_after=None
[2023-06-11T00:32:26.160+0200] {processor.py:178} INFO - Processing /home/nanah/airflow_venv/lib/python3.10/site-packages/airflow/example_dags/example_subdag_operator.py took 2.966 seconds
[2023-06-11T00:34:16.616+0200] {processor.py:156} INFO - Started process (PID=5366) to work on /home/nanah/airflow_venv/lib/python3.10/site-packages/airflow/example_dags/example_subdag_operator.py
[2023-06-11T00:34:16.624+0200] {processor.py:758} INFO - Processing file /home/nanah/airflow_venv/lib/python3.10/site-packages/airflow/example_dags/example_subdag_operator.py for tasks to queue
[2023-06-11T00:34:16.626+0200] {logging_mixin.py:117} INFO - [2023-06-11T00:34:16.626+0200] {dagbag.py:525} INFO - Filling up the DagBag from /home/nanah/airflow_venv/lib/python3.10/site-packages/airflow/example_dags/example_subdag_operator.py
[2023-06-11T00:34:16.709+0200] {processor.py:768} INFO - DAG(s) dict_keys(['example_subdag_operator.section-1', 'example_subdag_operator.section-2', 'example_subdag_operator']) retrieved from /home/nanah/airflow_venv/lib/python3.10/site-packages/airflow/example_dags/example_subdag_operator.py
[2023-06-11T00:34:17.007+0200] {logging_mixin.py:117} INFO - [2023-06-11T00:34:17.006+0200] {dag.py:2573} INFO - Sync 3 DAGs
[2023-06-11T00:34:17.086+0200] {logging_mixin.py:117} INFO - [2023-06-11T00:34:17.086+0200] {dag.py:3324} INFO - Setting next_dagrun for example_subdag_operator to 2022-01-01T00:00:00+00:00, run_after=2022-01-01T00:00:00+00:00
[2023-06-11T00:34:17.098+0200] {logging_mixin.py:117} INFO - [2023-06-11T00:34:17.097+0200] {dag.py:3324} INFO - Setting next_dagrun for example_subdag_operator.section-1 to None, run_after=None
[2023-06-11T00:34:17.106+0200] {logging_mixin.py:117} INFO - [2023-06-11T00:34:17.106+0200] {dag.py:3324} INFO - Setting next_dagrun for example_subdag_operator.section-2 to None, run_after=None
[2023-06-11T00:34:17.135+0200] {logging_mixin.py:117} INFO - [2023-06-11T00:34:17.134+0200] {dag.py:2573} INFO - Sync 2 DAGs
[2023-06-11T00:34:17.160+0200] {logging_mixin.py:117} INFO - [2023-06-11T00:34:17.157+0200] {dag.py:3324} INFO - Setting next_dagrun for example_subdag_operator.section-1 to None, run_after=None
[2023-06-11T00:34:17.161+0200] {logging_mixin.py:117} INFO - [2023-06-11T00:34:17.161+0200] {dag.py:3324} INFO - Setting next_dagrun for example_subdag_operator.section-2 to None, run_after=None
[2023-06-11T00:34:17.214+0200] {processor.py:178} INFO - Processing /home/nanah/airflow_venv/lib/python3.10/site-packages/airflow/example_dags/example_subdag_operator.py took 0.607 seconds
[2023-06-11T00:36:06.411+0200] {processor.py:156} INFO - Started process (PID=5440) to work on /home/nanah/airflow_venv/lib/python3.10/site-packages/airflow/example_dags/example_subdag_operator.py
[2023-06-11T00:36:06.416+0200] {processor.py:758} INFO - Processing file /home/nanah/airflow_venv/lib/python3.10/site-packages/airflow/example_dags/example_subdag_operator.py for tasks to queue
[2023-06-11T00:36:06.417+0200] {logging_mixin.py:117} INFO - [2023-06-11T00:36:06.417+0200] {dagbag.py:525} INFO - Filling up the DagBag from /home/nanah/airflow_venv/lib/python3.10/site-packages/airflow/example_dags/example_subdag_operator.py
[2023-06-11T00:36:06.475+0200] {processor.py:768} INFO - DAG(s) dict_keys(['example_subdag_operator.section-1', 'example_subdag_operator.section-2', 'example_subdag_operator']) retrieved from /home/nanah/airflow_venv/lib/python3.10/site-packages/airflow/example_dags/example_subdag_operator.py
[2023-06-11T00:36:06.645+0200] {logging_mixin.py:117} INFO - [2023-06-11T00:36:06.643+0200] {dag.py:2573} INFO - Sync 3 DAGs
[2023-06-11T00:36:06.690+0200] {logging_mixin.py:117} INFO - [2023-06-11T00:36:06.689+0200] {dag.py:3324} INFO - Setting next_dagrun for example_subdag_operator to 2022-01-01T00:00:00+00:00, run_after=2022-01-01T00:00:00+00:00
[2023-06-11T00:36:06.696+0200] {logging_mixin.py:117} INFO - [2023-06-11T00:36:06.696+0200] {dag.py:3324} INFO - Setting next_dagrun for example_subdag_operator.section-1 to None, run_after=None
[2023-06-11T00:36:06.699+0200] {logging_mixin.py:117} INFO - [2023-06-11T00:36:06.699+0200] {dag.py:3324} INFO - Setting next_dagrun for example_subdag_operator.section-2 to None, run_after=None
[2023-06-11T00:36:06.711+0200] {logging_mixin.py:117} INFO - [2023-06-11T00:36:06.710+0200] {dag.py:2573} INFO - Sync 2 DAGs
[2023-06-11T00:36:06.720+0200] {logging_mixin.py:117} INFO - [2023-06-11T00:36:06.720+0200] {dag.py:3324} INFO - Setting next_dagrun for example_subdag_operator.section-1 to None, run_after=None
[2023-06-11T00:36:06.721+0200] {logging_mixin.py:117} INFO - [2023-06-11T00:36:06.721+0200] {dag.py:3324} INFO - Setting next_dagrun for example_subdag_operator.section-2 to None, run_after=None
[2023-06-11T00:36:06.760+0200] {processor.py:178} INFO - Processing /home/nanah/airflow_venv/lib/python3.10/site-packages/airflow/example_dags/example_subdag_operator.py took 0.357 seconds
[2023-06-11T00:37:37.054+0200] {processor.py:156} INFO - Started process (PID=5508) to work on /home/nanah/airflow_venv/lib/python3.10/site-packages/airflow/example_dags/example_subdag_operator.py
[2023-06-11T00:37:37.058+0200] {processor.py:758} INFO - Processing file /home/nanah/airflow_venv/lib/python3.10/site-packages/airflow/example_dags/example_subdag_operator.py for tasks to queue
[2023-06-11T00:37:37.060+0200] {logging_mixin.py:117} INFO - [2023-06-11T00:37:37.059+0200] {dagbag.py:525} INFO - Filling up the DagBag from /home/nanah/airflow_venv/lib/python3.10/site-packages/airflow/example_dags/example_subdag_operator.py
[2023-06-11T00:37:37.152+0200] {processor.py:768} INFO - DAG(s) dict_keys(['example_subdag_operator.section-1', 'example_subdag_operator.section-2', 'example_subdag_operator']) retrieved from /home/nanah/airflow_venv/lib/python3.10/site-packages/airflow/example_dags/example_subdag_operator.py
[2023-06-11T00:37:37.370+0200] {logging_mixin.py:117} INFO - [2023-06-11T00:37:37.369+0200] {dag.py:2573} INFO - Sync 3 DAGs
[2023-06-11T00:37:37.415+0200] {logging_mixin.py:117} INFO - [2023-06-11T00:37:37.414+0200] {dag.py:3324} INFO - Setting next_dagrun for example_subdag_operator to 2022-01-01T00:00:00+00:00, run_after=2022-01-01T00:00:00+00:00
[2023-06-11T00:37:37.421+0200] {logging_mixin.py:117} INFO - [2023-06-11T00:37:37.421+0200] {dag.py:3324} INFO - Setting next_dagrun for example_subdag_operator.section-1 to None, run_after=None
[2023-06-11T00:37:37.427+0200] {logging_mixin.py:117} INFO - [2023-06-11T00:37:37.426+0200] {dag.py:3324} INFO - Setting next_dagrun for example_subdag_operator.section-2 to None, run_after=None
[2023-06-11T00:37:37.438+0200] {logging_mixin.py:117} INFO - [2023-06-11T00:37:37.438+0200] {dag.py:2573} INFO - Sync 2 DAGs
[2023-06-11T00:37:37.452+0200] {logging_mixin.py:117} INFO - [2023-06-11T00:37:37.451+0200] {dag.py:3324} INFO - Setting next_dagrun for example_subdag_operator.section-1 to None, run_after=None
[2023-06-11T00:37:37.452+0200] {logging_mixin.py:117} INFO - [2023-06-11T00:37:37.452+0200] {dag.py:3324} INFO - Setting next_dagrun for example_subdag_operator.section-2 to None, run_after=None
[2023-06-11T00:37:37.493+0200] {processor.py:178} INFO - Processing /home/nanah/airflow_venv/lib/python3.10/site-packages/airflow/example_dags/example_subdag_operator.py took 0.446 seconds
[2023-06-11T00:39:12.328+0200] {processor.py:156} INFO - Started process (PID=5577) to work on /home/nanah/airflow_venv/lib/python3.10/site-packages/airflow/example_dags/example_subdag_operator.py
[2023-06-11T00:39:12.334+0200] {processor.py:758} INFO - Processing file /home/nanah/airflow_venv/lib/python3.10/site-packages/airflow/example_dags/example_subdag_operator.py for tasks to queue
[2023-06-11T00:39:12.336+0200] {logging_mixin.py:117} INFO - [2023-06-11T00:39:12.335+0200] {dagbag.py:525} INFO - Filling up the DagBag from /home/nanah/airflow_venv/lib/python3.10/site-packages/airflow/example_dags/example_subdag_operator.py
[2023-06-11T00:39:12.417+0200] {processor.py:768} INFO - DAG(s) dict_keys(['example_subdag_operator.section-1', 'example_subdag_operator.section-2', 'example_subdag_operator']) retrieved from /home/nanah/airflow_venv/lib/python3.10/site-packages/airflow/example_dags/example_subdag_operator.py
[2023-06-11T00:39:12.589+0200] {logging_mixin.py:117} INFO - [2023-06-11T00:39:12.588+0200] {dag.py:2573} INFO - Sync 3 DAGs
[2023-06-11T00:39:12.638+0200] {logging_mixin.py:117} INFO - [2023-06-11T00:39:12.638+0200] {dag.py:3324} INFO - Setting next_dagrun for example_subdag_operator to 2022-01-01T00:00:00+00:00, run_after=2022-01-01T00:00:00+00:00
[2023-06-11T00:39:12.646+0200] {logging_mixin.py:117} INFO - [2023-06-11T00:39:12.646+0200] {dag.py:3324} INFO - Setting next_dagrun for example_subdag_operator.section-1 to None, run_after=None
[2023-06-11T00:39:12.648+0200] {logging_mixin.py:117} INFO - [2023-06-11T00:39:12.648+0200] {dag.py:3324} INFO - Setting next_dagrun for example_subdag_operator.section-2 to None, run_after=None
[2023-06-11T00:39:12.662+0200] {logging_mixin.py:117} INFO - [2023-06-11T00:39:12.662+0200] {dag.py:2573} INFO - Sync 2 DAGs
[2023-06-11T00:39:12.672+0200] {logging_mixin.py:117} INFO - [2023-06-11T00:39:12.671+0200] {dag.py:3324} INFO - Setting next_dagrun for example_subdag_operator.section-1 to None, run_after=None
[2023-06-11T00:39:12.673+0200] {logging_mixin.py:117} INFO - [2023-06-11T00:39:12.672+0200] {dag.py:3324} INFO - Setting next_dagrun for example_subdag_operator.section-2 to None, run_after=None
[2023-06-11T00:39:12.707+0200] {processor.py:178} INFO - Processing /home/nanah/airflow_venv/lib/python3.10/site-packages/airflow/example_dags/example_subdag_operator.py took 0.388 seconds
[2023-06-11T00:40:38.998+0200] {processor.py:156} INFO - Started process (PID=5645) to work on /home/nanah/airflow_venv/lib/python3.10/site-packages/airflow/example_dags/example_subdag_operator.py
[2023-06-11T00:40:39.003+0200] {processor.py:758} INFO - Processing file /home/nanah/airflow_venv/lib/python3.10/site-packages/airflow/example_dags/example_subdag_operator.py for tasks to queue
[2023-06-11T00:40:39.005+0200] {logging_mixin.py:117} INFO - [2023-06-11T00:40:39.004+0200] {dagbag.py:525} INFO - Filling up the DagBag from /home/nanah/airflow_venv/lib/python3.10/site-packages/airflow/example_dags/example_subdag_operator.py
[2023-06-11T00:40:39.068+0200] {processor.py:768} INFO - DAG(s) dict_keys(['example_subdag_operator.section-1', 'example_subdag_operator.section-2', 'example_subdag_operator']) retrieved from /home/nanah/airflow_venv/lib/python3.10/site-packages/airflow/example_dags/example_subdag_operator.py
[2023-06-11T00:40:39.236+0200] {logging_mixin.py:117} INFO - [2023-06-11T00:40:39.236+0200] {dag.py:2573} INFO - Sync 3 DAGs
[2023-06-11T00:40:39.281+0200] {logging_mixin.py:117} INFO - [2023-06-11T00:40:39.280+0200] {dag.py:3324} INFO - Setting next_dagrun for example_subdag_operator to 2022-01-01T00:00:00+00:00, run_after=2022-01-01T00:00:00+00:00
[2023-06-11T00:40:39.287+0200] {logging_mixin.py:117} INFO - [2023-06-11T00:40:39.287+0200] {dag.py:3324} INFO - Setting next_dagrun for example_subdag_operator.section-1 to None, run_after=None
[2023-06-11T00:40:39.289+0200] {logging_mixin.py:117} INFO - [2023-06-11T00:40:39.289+0200] {dag.py:3324} INFO - Setting next_dagrun for example_subdag_operator.section-2 to None, run_after=None
[2023-06-11T00:40:39.301+0200] {logging_mixin.py:117} INFO - [2023-06-11T00:40:39.301+0200] {dag.py:2573} INFO - Sync 2 DAGs
[2023-06-11T00:40:39.309+0200] {logging_mixin.py:117} INFO - [2023-06-11T00:40:39.309+0200] {dag.py:3324} INFO - Setting next_dagrun for example_subdag_operator.section-1 to None, run_after=None
[2023-06-11T00:40:39.310+0200] {logging_mixin.py:117} INFO - [2023-06-11T00:40:39.309+0200] {dag.py:3324} INFO - Setting next_dagrun for example_subdag_operator.section-2 to None, run_after=None
[2023-06-11T00:40:39.347+0200] {processor.py:178} INFO - Processing /home/nanah/airflow_venv/lib/python3.10/site-packages/airflow/example_dags/example_subdag_operator.py took 0.356 seconds
[2023-06-11T00:42:08.306+0200] {processor.py:156} INFO - Started process (PID=5717) to work on /home/nanah/airflow_venv/lib/python3.10/site-packages/airflow/example_dags/example_subdag_operator.py
[2023-06-11T00:42:08.312+0200] {processor.py:758} INFO - Processing file /home/nanah/airflow_venv/lib/python3.10/site-packages/airflow/example_dags/example_subdag_operator.py for tasks to queue
[2023-06-11T00:42:08.313+0200] {logging_mixin.py:117} INFO - [2023-06-11T00:42:08.313+0200] {dagbag.py:525} INFO - Filling up the DagBag from /home/nanah/airflow_venv/lib/python3.10/site-packages/airflow/example_dags/example_subdag_operator.py
[2023-06-11T00:42:08.417+0200] {processor.py:768} INFO - DAG(s) dict_keys(['example_subdag_operator.section-1', 'example_subdag_operator.section-2', 'example_subdag_operator']) retrieved from /home/nanah/airflow_venv/lib/python3.10/site-packages/airflow/example_dags/example_subdag_operator.py
[2023-06-11T00:42:08.625+0200] {logging_mixin.py:117} INFO - [2023-06-11T00:42:08.625+0200] {dag.py:2573} INFO - Sync 3 DAGs
[2023-06-11T00:42:08.714+0200] {logging_mixin.py:117} INFO - [2023-06-11T00:42:08.713+0200] {dag.py:3324} INFO - Setting next_dagrun for example_subdag_operator to 2022-01-01T00:00:00+00:00, run_after=2022-01-01T00:00:00+00:00
[2023-06-11T00:42:08.727+0200] {logging_mixin.py:117} INFO - [2023-06-11T00:42:08.726+0200] {dag.py:3324} INFO - Setting next_dagrun for example_subdag_operator.section-1 to None, run_after=None
[2023-06-11T00:42:08.729+0200] {logging_mixin.py:117} INFO - [2023-06-11T00:42:08.729+0200] {dag.py:3324} INFO - Setting next_dagrun for example_subdag_operator.section-2 to None, run_after=None
[2023-06-11T00:42:08.752+0200] {logging_mixin.py:117} INFO - [2023-06-11T00:42:08.752+0200] {dag.py:2573} INFO - Sync 2 DAGs
[2023-06-11T00:42:08.767+0200] {logging_mixin.py:117} INFO - [2023-06-11T00:42:08.766+0200] {dag.py:3324} INFO - Setting next_dagrun for example_subdag_operator.section-1 to None, run_after=None
[2023-06-11T00:42:08.767+0200] {logging_mixin.py:117} INFO - [2023-06-11T00:42:08.767+0200] {dag.py:3324} INFO - Setting next_dagrun for example_subdag_operator.section-2 to None, run_after=None
[2023-06-11T00:42:08.828+0200] {processor.py:178} INFO - Processing /home/nanah/airflow_venv/lib/python3.10/site-packages/airflow/example_dags/example_subdag_operator.py took 0.532 seconds
[2023-06-11T00:43:41.801+0200] {processor.py:156} INFO - Started process (PID=5785) to work on /home/nanah/airflow_venv/lib/python3.10/site-packages/airflow/example_dags/example_subdag_operator.py
[2023-06-11T00:43:41.804+0200] {processor.py:758} INFO - Processing file /home/nanah/airflow_venv/lib/python3.10/site-packages/airflow/example_dags/example_subdag_operator.py for tasks to queue
[2023-06-11T00:43:41.810+0200] {logging_mixin.py:117} INFO - [2023-06-11T00:43:41.809+0200] {dagbag.py:525} INFO - Filling up the DagBag from /home/nanah/airflow_venv/lib/python3.10/site-packages/airflow/example_dags/example_subdag_operator.py
[2023-06-11T00:43:41.882+0200] {processor.py:768} INFO - DAG(s) dict_keys(['example_subdag_operator.section-1', 'example_subdag_operator.section-2', 'example_subdag_operator']) retrieved from /home/nanah/airflow_venv/lib/python3.10/site-packages/airflow/example_dags/example_subdag_operator.py
[2023-06-11T00:43:42.077+0200] {logging_mixin.py:117} INFO - [2023-06-11T00:43:42.077+0200] {dag.py:2573} INFO - Sync 3 DAGs
[2023-06-11T00:43:42.139+0200] {logging_mixin.py:117} INFO - [2023-06-11T00:43:42.138+0200] {dag.py:3324} INFO - Setting next_dagrun for example_subdag_operator to 2022-01-01T00:00:00+00:00, run_after=2022-01-01T00:00:00+00:00
[2023-06-11T00:43:42.148+0200] {logging_mixin.py:117} INFO - [2023-06-11T00:43:42.148+0200] {dag.py:3324} INFO - Setting next_dagrun for example_subdag_operator.section-1 to None, run_after=None
[2023-06-11T00:43:42.151+0200] {logging_mixin.py:117} INFO - [2023-06-11T00:43:42.150+0200] {dag.py:3324} INFO - Setting next_dagrun for example_subdag_operator.section-2 to None, run_after=None
[2023-06-11T00:43:42.165+0200] {logging_mixin.py:117} INFO - [2023-06-11T00:43:42.164+0200] {dag.py:2573} INFO - Sync 2 DAGs
[2023-06-11T00:43:42.175+0200] {logging_mixin.py:117} INFO - [2023-06-11T00:43:42.174+0200] {dag.py:3324} INFO - Setting next_dagrun for example_subdag_operator.section-1 to None, run_after=None
[2023-06-11T00:43:42.175+0200] {logging_mixin.py:117} INFO - [2023-06-11T00:43:42.175+0200] {dag.py:3324} INFO - Setting next_dagrun for example_subdag_operator.section-2 to None, run_after=None
[2023-06-11T00:43:42.235+0200] {processor.py:178} INFO - Processing /home/nanah/airflow_venv/lib/python3.10/site-packages/airflow/example_dags/example_subdag_operator.py took 0.450 seconds
[2023-06-11T00:45:16.958+0200] {processor.py:156} INFO - Started process (PID=5854) to work on /home/nanah/airflow_venv/lib/python3.10/site-packages/airflow/example_dags/example_subdag_operator.py
[2023-06-11T00:45:16.964+0200] {processor.py:758} INFO - Processing file /home/nanah/airflow_venv/lib/python3.10/site-packages/airflow/example_dags/example_subdag_operator.py for tasks to queue
[2023-06-11T00:45:16.966+0200] {logging_mixin.py:117} INFO - [2023-06-11T00:45:16.965+0200] {dagbag.py:525} INFO - Filling up the DagBag from /home/nanah/airflow_venv/lib/python3.10/site-packages/airflow/example_dags/example_subdag_operator.py
[2023-06-11T00:45:17.103+0200] {processor.py:768} INFO - DAG(s) dict_keys(['example_subdag_operator.section-1', 'example_subdag_operator.section-2', 'example_subdag_operator']) retrieved from /home/nanah/airflow_venv/lib/python3.10/site-packages/airflow/example_dags/example_subdag_operator.py
[2023-06-11T00:45:17.488+0200] {logging_mixin.py:117} INFO - [2023-06-11T00:45:17.487+0200] {dag.py:2573} INFO - Sync 3 DAGs
[2023-06-11T00:45:17.586+0200] {logging_mixin.py:117} INFO - [2023-06-11T00:45:17.586+0200] {dag.py:3324} INFO - Setting next_dagrun for example_subdag_operator to 2022-01-01T00:00:00+00:00, run_after=2022-01-01T00:00:00+00:00
[2023-06-11T00:45:17.617+0200] {logging_mixin.py:117} INFO - [2023-06-11T00:45:17.616+0200] {dag.py:3324} INFO - Setting next_dagrun for example_subdag_operator.section-1 to None, run_after=None
[2023-06-11T00:45:17.619+0200] {logging_mixin.py:117} INFO - [2023-06-11T00:45:17.619+0200] {dag.py:3324} INFO - Setting next_dagrun for example_subdag_operator.section-2 to None, run_after=None
[2023-06-11T00:45:17.645+0200] {logging_mixin.py:117} INFO - [2023-06-11T00:45:17.644+0200] {dag.py:2573} INFO - Sync 2 DAGs
[2023-06-11T00:45:17.664+0200] {logging_mixin.py:117} INFO - [2023-06-11T00:45:17.664+0200] {dag.py:3324} INFO - Setting next_dagrun for example_subdag_operator.section-1 to None, run_after=None
[2023-06-11T00:45:17.665+0200] {logging_mixin.py:117} INFO - [2023-06-11T00:45:17.665+0200] {dag.py:3324} INFO - Setting next_dagrun for example_subdag_operator.section-2 to None, run_after=None
[2023-06-11T00:45:17.754+0200] {processor.py:178} INFO - Processing /home/nanah/airflow_venv/lib/python3.10/site-packages/airflow/example_dags/example_subdag_operator.py took 0.812 seconds
