[2023-06-11T00:12:12.907+0200] {processor.py:156} INFO - Started process (PID=4616) to work on /home/nanah/airflow_venv/lib/python3.10/site-packages/airflow/example_dags/example_time_delta_sensor_async.py
[2023-06-11T00:12:12.910+0200] {processor.py:758} INFO - Processing file /home/nanah/airflow_venv/lib/python3.10/site-packages/airflow/example_dags/example_time_delta_sensor_async.py for tasks to queue
[2023-06-11T00:12:12.912+0200] {logging_mixin.py:117} INFO - [2023-06-11T00:12:12.911+0200] {dagbag.py:525} INFO - Filling up the DagBag from /home/nanah/airflow_venv/lib/python3.10/site-packages/airflow/example_dags/example_time_delta_sensor_async.py
[2023-06-11T00:12:12.962+0200] {processor.py:768} INFO - DAG(s) dict_keys(['example_time_delta_sensor_async']) retrieved from /home/nanah/airflow_venv/lib/python3.10/site-packages/airflow/example_dags/example_time_delta_sensor_async.py
[2023-06-11T00:12:13.306+0200] {logging_mixin.py:117} INFO - [2023-06-11T00:12:13.306+0200] {dag.py:2573} INFO - Sync 1 DAGs
[2023-06-11T00:12:13.348+0200] {logging_mixin.py:117} INFO - [2023-06-11T00:12:13.347+0200] {dag.py:3324} INFO - Setting next_dagrun for example_time_delta_sensor_async to None, run_after=None
[2023-06-11T00:12:13.414+0200] {processor.py:178} INFO - Processing /home/nanah/airflow_venv/lib/python3.10/site-packages/airflow/example_dags/example_time_delta_sensor_async.py took 0.513 seconds
[2023-06-11T00:13:15.942+0200] {processor.py:156} INFO - Started process (PID=4653) to work on /home/nanah/airflow_venv/lib/python3.10/site-packages/airflow/example_dags/example_time_delta_sensor_async.py
[2023-06-11T00:13:15.967+0200] {processor.py:758} INFO - Processing file /home/nanah/airflow_venv/lib/python3.10/site-packages/airflow/example_dags/example_time_delta_sensor_async.py for tasks to queue
[2023-06-11T00:13:15.969+0200] {logging_mixin.py:117} INFO - [2023-06-11T00:13:15.969+0200] {dagbag.py:525} INFO - Filling up the DagBag from /home/nanah/airflow_venv/lib/python3.10/site-packages/airflow/example_dags/example_time_delta_sensor_async.py
[2023-06-11T00:13:16.040+0200] {processor.py:768} INFO - DAG(s) dict_keys(['example_time_delta_sensor_async']) retrieved from /home/nanah/airflow_venv/lib/python3.10/site-packages/airflow/example_dags/example_time_delta_sensor_async.py
[2023-06-11T00:13:17.268+0200] {logging_mixin.py:117} INFO - [2023-06-11T00:13:17.267+0200] {dag.py:2573} INFO - Sync 1 DAGs
[2023-06-11T00:13:17.327+0200] {logging_mixin.py:117} INFO - [2023-06-11T00:13:17.323+0200] {dag.py:3324} INFO - Setting next_dagrun for example_time_delta_sensor_async to None, run_after=None
[2023-06-11T00:13:17.756+0200] {processor.py:178} INFO - Processing /home/nanah/airflow_venv/lib/python3.10/site-packages/airflow/example_dags/example_time_delta_sensor_async.py took 1.823 seconds
[2023-06-11T00:14:34.213+0200] {processor.py:156} INFO - Started process (PID=4689) to work on /home/nanah/airflow_venv/lib/python3.10/site-packages/airflow/example_dags/example_time_delta_sensor_async.py
[2023-06-11T00:14:34.217+0200] {processor.py:758} INFO - Processing file /home/nanah/airflow_venv/lib/python3.10/site-packages/airflow/example_dags/example_time_delta_sensor_async.py for tasks to queue
[2023-06-11T00:14:34.219+0200] {logging_mixin.py:117} INFO - [2023-06-11T00:14:34.218+0200] {dagbag.py:525} INFO - Filling up the DagBag from /home/nanah/airflow_venv/lib/python3.10/site-packages/airflow/example_dags/example_time_delta_sensor_async.py
[2023-06-11T00:14:34.419+0200] {processor.py:768} INFO - DAG(s) dict_keys(['example_time_delta_sensor_async']) retrieved from /home/nanah/airflow_venv/lib/python3.10/site-packages/airflow/example_dags/example_time_delta_sensor_async.py
[2023-06-11T00:14:34.604+0200] {logging_mixin.py:117} INFO - [2023-06-11T00:14:34.604+0200] {dag.py:2573} INFO - Sync 1 DAGs
[2023-06-11T00:14:34.659+0200] {logging_mixin.py:117} INFO - [2023-06-11T00:14:34.658+0200] {dag.py:3324} INFO - Setting next_dagrun for example_time_delta_sensor_async to None, run_after=None
[2023-06-11T00:14:34.732+0200] {processor.py:178} INFO - Processing /home/nanah/airflow_venv/lib/python3.10/site-packages/airflow/example_dags/example_time_delta_sensor_async.py took 0.536 seconds
[2023-06-11T00:16:11.480+0200] {processor.py:156} INFO - Started process (PID=4738) to work on /home/nanah/airflow_venv/lib/python3.10/site-packages/airflow/example_dags/example_time_delta_sensor_async.py
[2023-06-11T00:16:11.483+0200] {processor.py:758} INFO - Processing file /home/nanah/airflow_venv/lib/python3.10/site-packages/airflow/example_dags/example_time_delta_sensor_async.py for tasks to queue
[2023-06-11T00:16:11.484+0200] {logging_mixin.py:117} INFO - [2023-06-11T00:16:11.484+0200] {dagbag.py:525} INFO - Filling up the DagBag from /home/nanah/airflow_venv/lib/python3.10/site-packages/airflow/example_dags/example_time_delta_sensor_async.py
[2023-06-11T00:16:11.539+0200] {processor.py:768} INFO - DAG(s) dict_keys(['example_time_delta_sensor_async']) retrieved from /home/nanah/airflow_venv/lib/python3.10/site-packages/airflow/example_dags/example_time_delta_sensor_async.py
[2023-06-11T00:16:12.175+0200] {logging_mixin.py:117} INFO - [2023-06-11T00:16:12.175+0200] {dag.py:2573} INFO - Sync 1 DAGs
[2023-06-11T00:16:12.289+0200] {logging_mixin.py:117} INFO - [2023-06-11T00:16:12.288+0200] {dag.py:3324} INFO - Setting next_dagrun for example_time_delta_sensor_async to None, run_after=None
[2023-06-11T00:16:12.399+0200] {processor.py:178} INFO - Processing /home/nanah/airflow_venv/lib/python3.10/site-packages/airflow/example_dags/example_time_delta_sensor_async.py took 0.928 seconds
[2023-06-11T00:17:07.152+0200] {processor.py:156} INFO - Started process (PID=4779) to work on /home/nanah/airflow_venv/lib/python3.10/site-packages/airflow/example_dags/example_time_delta_sensor_async.py
[2023-06-11T00:17:07.169+0200] {processor.py:758} INFO - Processing file /home/nanah/airflow_venv/lib/python3.10/site-packages/airflow/example_dags/example_time_delta_sensor_async.py for tasks to queue
[2023-06-11T00:17:07.175+0200] {logging_mixin.py:117} INFO - [2023-06-11T00:17:07.173+0200] {dagbag.py:525} INFO - Filling up the DagBag from /home/nanah/airflow_venv/lib/python3.10/site-packages/airflow/example_dags/example_time_delta_sensor_async.py
[2023-06-11T00:17:07.253+0200] {processor.py:768} INFO - DAG(s) dict_keys(['example_time_delta_sensor_async']) retrieved from /home/nanah/airflow_venv/lib/python3.10/site-packages/airflow/example_dags/example_time_delta_sensor_async.py
[2023-06-11T00:17:07.442+0200] {logging_mixin.py:117} INFO - [2023-06-11T00:17:07.442+0200] {dag.py:2573} INFO - Sync 1 DAGs
[2023-06-11T00:17:07.486+0200] {logging_mixin.py:117} INFO - [2023-06-11T00:17:07.486+0200] {dag.py:3324} INFO - Setting next_dagrun for example_time_delta_sensor_async to None, run_after=None
[2023-06-11T00:17:07.547+0200] {processor.py:178} INFO - Processing /home/nanah/airflow_venv/lib/python3.10/site-packages/airflow/example_dags/example_time_delta_sensor_async.py took 0.439 seconds
[2023-06-11T00:17:56.882+0200] {processor.py:156} INFO - Started process (PID=4814) to work on /home/nanah/airflow_venv/lib/python3.10/site-packages/airflow/example_dags/example_time_delta_sensor_async.py
[2023-06-11T00:17:56.888+0200] {processor.py:758} INFO - Processing file /home/nanah/airflow_venv/lib/python3.10/site-packages/airflow/example_dags/example_time_delta_sensor_async.py for tasks to queue
[2023-06-11T00:17:56.890+0200] {logging_mixin.py:117} INFO - [2023-06-11T00:17:56.890+0200] {dagbag.py:525} INFO - Filling up the DagBag from /home/nanah/airflow_venv/lib/python3.10/site-packages/airflow/example_dags/example_time_delta_sensor_async.py
[2023-06-11T00:17:56.919+0200] {processor.py:768} INFO - DAG(s) dict_keys(['example_time_delta_sensor_async']) retrieved from /home/nanah/airflow_venv/lib/python3.10/site-packages/airflow/example_dags/example_time_delta_sensor_async.py
[2023-06-11T00:17:57.072+0200] {logging_mixin.py:117} INFO - [2023-06-11T00:17:57.071+0200] {dag.py:2573} INFO - Sync 1 DAGs
[2023-06-11T00:17:57.112+0200] {logging_mixin.py:117} INFO - [2023-06-11T00:17:57.111+0200] {dag.py:3324} INFO - Setting next_dagrun for example_time_delta_sensor_async to None, run_after=None
[2023-06-11T00:17:57.167+0200] {processor.py:178} INFO - Processing /home/nanah/airflow_venv/lib/python3.10/site-packages/airflow/example_dags/example_time_delta_sensor_async.py took 0.292 seconds
[2023-06-11T00:18:42.083+0200] {processor.py:156} INFO - Started process (PID=4849) to work on /home/nanah/airflow_venv/lib/python3.10/site-packages/airflow/example_dags/example_time_delta_sensor_async.py
[2023-06-11T00:18:42.090+0200] {processor.py:758} INFO - Processing file /home/nanah/airflow_venv/lib/python3.10/site-packages/airflow/example_dags/example_time_delta_sensor_async.py for tasks to queue
[2023-06-11T00:18:42.091+0200] {logging_mixin.py:117} INFO - [2023-06-11T00:18:42.091+0200] {dagbag.py:525} INFO - Filling up the DagBag from /home/nanah/airflow_venv/lib/python3.10/site-packages/airflow/example_dags/example_time_delta_sensor_async.py
[2023-06-11T00:18:42.123+0200] {processor.py:768} INFO - DAG(s) dict_keys(['example_time_delta_sensor_async']) retrieved from /home/nanah/airflow_venv/lib/python3.10/site-packages/airflow/example_dags/example_time_delta_sensor_async.py
[2023-06-11T00:18:42.276+0200] {logging_mixin.py:117} INFO - [2023-06-11T00:18:42.276+0200] {dag.py:2573} INFO - Sync 1 DAGs
[2023-06-11T00:18:42.317+0200] {logging_mixin.py:117} INFO - [2023-06-11T00:18:42.317+0200] {dag.py:3324} INFO - Setting next_dagrun for example_time_delta_sensor_async to None, run_after=None
[2023-06-11T00:18:42.386+0200] {processor.py:178} INFO - Processing /home/nanah/airflow_venv/lib/python3.10/site-packages/airflow/example_dags/example_time_delta_sensor_async.py took 0.320 seconds
[2023-06-11T00:19:36.935+0200] {processor.py:156} INFO - Started process (PID=4884) to work on /home/nanah/airflow_venv/lib/python3.10/site-packages/airflow/example_dags/example_time_delta_sensor_async.py
[2023-06-11T00:19:36.939+0200] {processor.py:758} INFO - Processing file /home/nanah/airflow_venv/lib/python3.10/site-packages/airflow/example_dags/example_time_delta_sensor_async.py for tasks to queue
[2023-06-11T00:19:36.949+0200] {logging_mixin.py:117} INFO - [2023-06-11T00:19:36.949+0200] {dagbag.py:525} INFO - Filling up the DagBag from /home/nanah/airflow_venv/lib/python3.10/site-packages/airflow/example_dags/example_time_delta_sensor_async.py
[2023-06-11T00:19:37.033+0200] {processor.py:768} INFO - DAG(s) dict_keys(['example_time_delta_sensor_async']) retrieved from /home/nanah/airflow_venv/lib/python3.10/site-packages/airflow/example_dags/example_time_delta_sensor_async.py
[2023-06-11T00:19:37.413+0200] {logging_mixin.py:117} INFO - [2023-06-11T00:19:37.413+0200] {dag.py:2573} INFO - Sync 1 DAGs
[2023-06-11T00:19:37.493+0200] {logging_mixin.py:117} INFO - [2023-06-11T00:19:37.493+0200] {dag.py:3324} INFO - Setting next_dagrun for example_time_delta_sensor_async to None, run_after=None
[2023-06-11T00:19:37.718+0200] {processor.py:178} INFO - Processing /home/nanah/airflow_venv/lib/python3.10/site-packages/airflow/example_dags/example_time_delta_sensor_async.py took 0.811 seconds
[2023-06-11T00:21:00.666+0200] {processor.py:156} INFO - Started process (PID=4928) to work on /home/nanah/airflow_venv/lib/python3.10/site-packages/airflow/example_dags/example_time_delta_sensor_async.py
[2023-06-11T00:21:00.672+0200] {processor.py:758} INFO - Processing file /home/nanah/airflow_venv/lib/python3.10/site-packages/airflow/example_dags/example_time_delta_sensor_async.py for tasks to queue
[2023-06-11T00:21:00.674+0200] {logging_mixin.py:117} INFO - [2023-06-11T00:21:00.673+0200] {dagbag.py:525} INFO - Filling up the DagBag from /home/nanah/airflow_venv/lib/python3.10/site-packages/airflow/example_dags/example_time_delta_sensor_async.py
[2023-06-11T00:21:00.710+0200] {processor.py:768} INFO - DAG(s) dict_keys(['example_time_delta_sensor_async']) retrieved from /home/nanah/airflow_venv/lib/python3.10/site-packages/airflow/example_dags/example_time_delta_sensor_async.py
[2023-06-11T00:21:00.914+0200] {logging_mixin.py:117} INFO - [2023-06-11T00:21:00.913+0200] {dag.py:2573} INFO - Sync 1 DAGs
[2023-06-11T00:21:00.965+0200] {logging_mixin.py:117} INFO - [2023-06-11T00:21:00.965+0200] {dag.py:3324} INFO - Setting next_dagrun for example_time_delta_sensor_async to None, run_after=None
[2023-06-11T00:21:01.039+0200] {processor.py:178} INFO - Processing /home/nanah/airflow_venv/lib/python3.10/site-packages/airflow/example_dags/example_time_delta_sensor_async.py took 0.414 seconds
[2023-06-11T00:22:12.325+0200] {processor.py:156} INFO - Started process (PID=4965) to work on /home/nanah/airflow_venv/lib/python3.10/site-packages/airflow/example_dags/example_time_delta_sensor_async.py
[2023-06-11T00:22:12.329+0200] {processor.py:758} INFO - Processing file /home/nanah/airflow_venv/lib/python3.10/site-packages/airflow/example_dags/example_time_delta_sensor_async.py for tasks to queue
[2023-06-11T00:22:12.339+0200] {logging_mixin.py:117} INFO - [2023-06-11T00:22:12.331+0200] {dagbag.py:525} INFO - Filling up the DagBag from /home/nanah/airflow_venv/lib/python3.10/site-packages/airflow/example_dags/example_time_delta_sensor_async.py
[2023-06-11T00:22:12.393+0200] {processor.py:768} INFO - DAG(s) dict_keys(['example_time_delta_sensor_async']) retrieved from /home/nanah/airflow_venv/lib/python3.10/site-packages/airflow/example_dags/example_time_delta_sensor_async.py
[2023-06-11T00:22:12.801+0200] {logging_mixin.py:117} INFO - [2023-06-11T00:22:12.800+0200] {dag.py:2573} INFO - Sync 1 DAGs
[2023-06-11T00:22:12.864+0200] {logging_mixin.py:117} INFO - [2023-06-11T00:22:12.863+0200] {dag.py:3324} INFO - Setting next_dagrun for example_time_delta_sensor_async to None, run_after=None
[2023-06-11T00:22:12.944+0200] {processor.py:178} INFO - Processing /home/nanah/airflow_venv/lib/python3.10/site-packages/airflow/example_dags/example_time_delta_sensor_async.py took 0.634 seconds
[2023-06-11T00:23:07.048+0200] {processor.py:156} INFO - Started process (PID=4999) to work on /home/nanah/airflow_venv/lib/python3.10/site-packages/airflow/example_dags/example_time_delta_sensor_async.py
[2023-06-11T00:23:07.051+0200] {processor.py:758} INFO - Processing file /home/nanah/airflow_venv/lib/python3.10/site-packages/airflow/example_dags/example_time_delta_sensor_async.py for tasks to queue
[2023-06-11T00:23:07.053+0200] {logging_mixin.py:117} INFO - [2023-06-11T00:23:07.052+0200] {dagbag.py:525} INFO - Filling up the DagBag from /home/nanah/airflow_venv/lib/python3.10/site-packages/airflow/example_dags/example_time_delta_sensor_async.py
[2023-06-11T00:23:07.090+0200] {processor.py:768} INFO - DAG(s) dict_keys(['example_time_delta_sensor_async']) retrieved from /home/nanah/airflow_venv/lib/python3.10/site-packages/airflow/example_dags/example_time_delta_sensor_async.py
[2023-06-11T00:23:07.293+0200] {logging_mixin.py:117} INFO - [2023-06-11T00:23:07.292+0200] {dag.py:2573} INFO - Sync 1 DAGs
[2023-06-11T00:23:07.348+0200] {logging_mixin.py:117} INFO - [2023-06-11T00:23:07.347+0200] {dag.py:3324} INFO - Setting next_dagrun for example_time_delta_sensor_async to None, run_after=None
[2023-06-11T00:23:07.427+0200] {processor.py:178} INFO - Processing /home/nanah/airflow_venv/lib/python3.10/site-packages/airflow/example_dags/example_time_delta_sensor_async.py took 0.386 seconds
[2023-06-11T00:24:07.498+0200] {processor.py:156} INFO - Started process (PID=5033) to work on /home/nanah/airflow_venv/lib/python3.10/site-packages/airflow/example_dags/example_time_delta_sensor_async.py
[2023-06-11T00:24:07.504+0200] {processor.py:758} INFO - Processing file /home/nanah/airflow_venv/lib/python3.10/site-packages/airflow/example_dags/example_time_delta_sensor_async.py for tasks to queue
[2023-06-11T00:24:07.506+0200] {logging_mixin.py:117} INFO - [2023-06-11T00:24:07.505+0200] {dagbag.py:525} INFO - Filling up the DagBag from /home/nanah/airflow_venv/lib/python3.10/site-packages/airflow/example_dags/example_time_delta_sensor_async.py
[2023-06-11T00:24:07.583+0200] {processor.py:768} INFO - DAG(s) dict_keys(['example_time_delta_sensor_async']) retrieved from /home/nanah/airflow_venv/lib/python3.10/site-packages/airflow/example_dags/example_time_delta_sensor_async.py
[2023-06-11T00:24:07.925+0200] {logging_mixin.py:117} INFO - [2023-06-11T00:24:07.925+0200] {dag.py:2573} INFO - Sync 1 DAGs
[2023-06-11T00:24:08.122+0200] {logging_mixin.py:117} INFO - [2023-06-11T00:24:08.122+0200] {dag.py:3324} INFO - Setting next_dagrun for example_time_delta_sensor_async to None, run_after=None
[2023-06-11T00:24:09.035+0200] {processor.py:178} INFO - Processing /home/nanah/airflow_venv/lib/python3.10/site-packages/airflow/example_dags/example_time_delta_sensor_async.py took 1.555 seconds
[2023-06-11T00:25:59.932+0200] {processor.py:156} INFO - Started process (PID=5070) to work on /home/nanah/airflow_venv/lib/python3.10/site-packages/airflow/example_dags/example_time_delta_sensor_async.py
[2023-06-11T00:25:59.937+0200] {processor.py:758} INFO - Processing file /home/nanah/airflow_venv/lib/python3.10/site-packages/airflow/example_dags/example_time_delta_sensor_async.py for tasks to queue
[2023-06-11T00:25:59.939+0200] {logging_mixin.py:117} INFO - [2023-06-11T00:25:59.938+0200] {dagbag.py:525} INFO - Filling up the DagBag from /home/nanah/airflow_venv/lib/python3.10/site-packages/airflow/example_dags/example_time_delta_sensor_async.py
[2023-06-11T00:26:00.016+0200] {processor.py:768} INFO - DAG(s) dict_keys(['example_time_delta_sensor_async']) retrieved from /home/nanah/airflow_venv/lib/python3.10/site-packages/airflow/example_dags/example_time_delta_sensor_async.py
[2023-06-11T00:26:00.323+0200] {logging_mixin.py:117} INFO - [2023-06-11T00:26:00.323+0200] {dag.py:2573} INFO - Sync 1 DAGs
[2023-06-11T00:26:00.649+0200] {logging_mixin.py:117} INFO - [2023-06-11T00:26:00.648+0200] {dag.py:3324} INFO - Setting next_dagrun for example_time_delta_sensor_async to None, run_after=None
[2023-06-11T00:26:00.707+0200] {processor.py:178} INFO - Processing /home/nanah/airflow_venv/lib/python3.10/site-packages/airflow/example_dags/example_time_delta_sensor_async.py took 0.794 seconds
[2023-06-11T00:27:02.594+0200] {processor.py:156} INFO - Started process (PID=5107) to work on /home/nanah/airflow_venv/lib/python3.10/site-packages/airflow/example_dags/example_time_delta_sensor_async.py
[2023-06-11T00:27:02.602+0200] {processor.py:758} INFO - Processing file /home/nanah/airflow_venv/lib/python3.10/site-packages/airflow/example_dags/example_time_delta_sensor_async.py for tasks to queue
[2023-06-11T00:27:02.604+0200] {logging_mixin.py:117} INFO - [2023-06-11T00:27:02.603+0200] {dagbag.py:525} INFO - Filling up the DagBag from /home/nanah/airflow_venv/lib/python3.10/site-packages/airflow/example_dags/example_time_delta_sensor_async.py
[2023-06-11T00:27:02.644+0200] {processor.py:768} INFO - DAG(s) dict_keys(['example_time_delta_sensor_async']) retrieved from /home/nanah/airflow_venv/lib/python3.10/site-packages/airflow/example_dags/example_time_delta_sensor_async.py
[2023-06-11T00:27:02.859+0200] {logging_mixin.py:117} INFO - [2023-06-11T00:27:02.858+0200] {dag.py:2573} INFO - Sync 1 DAGs
[2023-06-11T00:27:03.186+0200] {logging_mixin.py:117} INFO - [2023-06-11T00:27:03.186+0200] {dag.py:3324} INFO - Setting next_dagrun for example_time_delta_sensor_async to None, run_after=None
[2023-06-11T00:27:03.248+0200] {processor.py:178} INFO - Processing /home/nanah/airflow_venv/lib/python3.10/site-packages/airflow/example_dags/example_time_delta_sensor_async.py took 0.664 seconds
[2023-06-11T00:28:03.515+0200] {processor.py:156} INFO - Started process (PID=5144) to work on /home/nanah/airflow_venv/lib/python3.10/site-packages/airflow/example_dags/example_time_delta_sensor_async.py
[2023-06-11T00:28:03.521+0200] {processor.py:758} INFO - Processing file /home/nanah/airflow_venv/lib/python3.10/site-packages/airflow/example_dags/example_time_delta_sensor_async.py for tasks to queue
[2023-06-11T00:28:03.523+0200] {logging_mixin.py:117} INFO - [2023-06-11T00:28:03.523+0200] {dagbag.py:525} INFO - Filling up the DagBag from /home/nanah/airflow_venv/lib/python3.10/site-packages/airflow/example_dags/example_time_delta_sensor_async.py
[2023-06-11T00:28:03.603+0200] {processor.py:768} INFO - DAG(s) dict_keys(['example_time_delta_sensor_async']) retrieved from /home/nanah/airflow_venv/lib/python3.10/site-packages/airflow/example_dags/example_time_delta_sensor_async.py
[2023-06-11T00:28:04.607+0200] {logging_mixin.py:117} INFO - [2023-06-11T00:28:04.606+0200] {dag.py:2573} INFO - Sync 1 DAGs
[2023-06-11T00:28:04.680+0200] {logging_mixin.py:117} INFO - [2023-06-11T00:28:04.680+0200] {dag.py:3324} INFO - Setting next_dagrun for example_time_delta_sensor_async to None, run_after=None
[2023-06-11T00:28:04.795+0200] {processor.py:178} INFO - Processing /home/nanah/airflow_venv/lib/python3.10/site-packages/airflow/example_dags/example_time_delta_sensor_async.py took 1.297 seconds
[2023-06-11T00:28:57.627+0200] {processor.py:156} INFO - Started process (PID=5178) to work on /home/nanah/airflow_venv/lib/python3.10/site-packages/airflow/example_dags/example_time_delta_sensor_async.py
[2023-06-11T00:28:57.637+0200] {processor.py:758} INFO - Processing file /home/nanah/airflow_venv/lib/python3.10/site-packages/airflow/example_dags/example_time_delta_sensor_async.py for tasks to queue
[2023-06-11T00:28:57.639+0200] {logging_mixin.py:117} INFO - [2023-06-11T00:28:57.639+0200] {dagbag.py:525} INFO - Filling up the DagBag from /home/nanah/airflow_venv/lib/python3.10/site-packages/airflow/example_dags/example_time_delta_sensor_async.py
[2023-06-11T00:28:57.684+0200] {processor.py:768} INFO - DAG(s) dict_keys(['example_time_delta_sensor_async']) retrieved from /home/nanah/airflow_venv/lib/python3.10/site-packages/airflow/example_dags/example_time_delta_sensor_async.py
[2023-06-11T00:28:58.271+0200] {logging_mixin.py:117} INFO - [2023-06-11T00:28:58.270+0200] {dag.py:2573} INFO - Sync 1 DAGs
[2023-06-11T00:28:58.318+0200] {logging_mixin.py:117} INFO - [2023-06-11T00:28:58.317+0200] {dag.py:3324} INFO - Setting next_dagrun for example_time_delta_sensor_async to None, run_after=None
[2023-06-11T00:28:58.367+0200] {processor.py:178} INFO - Processing /home/nanah/airflow_venv/lib/python3.10/site-packages/airflow/example_dags/example_time_delta_sensor_async.py took 0.750 seconds
[2023-06-11T00:29:58.191+0200] {processor.py:156} INFO - Started process (PID=5212) to work on /home/nanah/airflow_venv/lib/python3.10/site-packages/airflow/example_dags/example_time_delta_sensor_async.py
[2023-06-11T00:29:58.197+0200] {processor.py:758} INFO - Processing file /home/nanah/airflow_venv/lib/python3.10/site-packages/airflow/example_dags/example_time_delta_sensor_async.py for tasks to queue
[2023-06-11T00:29:58.199+0200] {logging_mixin.py:117} INFO - [2023-06-11T00:29:58.198+0200] {dagbag.py:525} INFO - Filling up the DagBag from /home/nanah/airflow_venv/lib/python3.10/site-packages/airflow/example_dags/example_time_delta_sensor_async.py
[2023-06-11T00:29:58.235+0200] {processor.py:768} INFO - DAG(s) dict_keys(['example_time_delta_sensor_async']) retrieved from /home/nanah/airflow_venv/lib/python3.10/site-packages/airflow/example_dags/example_time_delta_sensor_async.py
[2023-06-11T00:29:58.754+0200] {logging_mixin.py:117} INFO - [2023-06-11T00:29:58.753+0200] {dag.py:2573} INFO - Sync 1 DAGs
[2023-06-11T00:29:58.805+0200] {logging_mixin.py:117} INFO - [2023-06-11T00:29:58.805+0200] {dag.py:3324} INFO - Setting next_dagrun for example_time_delta_sensor_async to None, run_after=None
[2023-06-11T00:29:58.865+0200] {processor.py:178} INFO - Processing /home/nanah/airflow_venv/lib/python3.10/site-packages/airflow/example_dags/example_time_delta_sensor_async.py took 0.682 seconds
[2023-06-11T00:31:06.492+0200] {processor.py:156} INFO - Started process (PID=5249) to work on /home/nanah/airflow_venv/lib/python3.10/site-packages/airflow/example_dags/example_time_delta_sensor_async.py
[2023-06-11T00:31:06.496+0200] {processor.py:758} INFO - Processing file /home/nanah/airflow_venv/lib/python3.10/site-packages/airflow/example_dags/example_time_delta_sensor_async.py for tasks to queue
[2023-06-11T00:31:06.497+0200] {logging_mixin.py:117} INFO - [2023-06-11T00:31:06.497+0200] {dagbag.py:525} INFO - Filling up the DagBag from /home/nanah/airflow_venv/lib/python3.10/site-packages/airflow/example_dags/example_time_delta_sensor_async.py
[2023-06-11T00:31:06.550+0200] {processor.py:768} INFO - DAG(s) dict_keys(['example_time_delta_sensor_async']) retrieved from /home/nanah/airflow_venv/lib/python3.10/site-packages/airflow/example_dags/example_time_delta_sensor_async.py
[2023-06-11T00:31:07.058+0200] {logging_mixin.py:117} INFO - [2023-06-11T00:31:07.057+0200] {dag.py:2573} INFO - Sync 1 DAGs
[2023-06-11T00:31:07.101+0200] {logging_mixin.py:117} INFO - [2023-06-11T00:31:07.101+0200] {dag.py:3324} INFO - Setting next_dagrun for example_time_delta_sensor_async to None, run_after=None
[2023-06-11T00:31:07.157+0200] {processor.py:178} INFO - Processing /home/nanah/airflow_venv/lib/python3.10/site-packages/airflow/example_dags/example_time_delta_sensor_async.py took 0.677 seconds
[2023-06-11T00:32:02.738+0200] {processor.py:156} INFO - Started process (PID=5284) to work on /home/nanah/airflow_venv/lib/python3.10/site-packages/airflow/example_dags/example_time_delta_sensor_async.py
[2023-06-11T00:32:02.745+0200] {processor.py:758} INFO - Processing file /home/nanah/airflow_venv/lib/python3.10/site-packages/airflow/example_dags/example_time_delta_sensor_async.py for tasks to queue
[2023-06-11T00:32:02.748+0200] {logging_mixin.py:117} INFO - [2023-06-11T00:32:02.747+0200] {dagbag.py:525} INFO - Filling up the DagBag from /home/nanah/airflow_venv/lib/python3.10/site-packages/airflow/example_dags/example_time_delta_sensor_async.py
[2023-06-11T00:32:02.791+0200] {processor.py:768} INFO - DAG(s) dict_keys(['example_time_delta_sensor_async']) retrieved from /home/nanah/airflow_venv/lib/python3.10/site-packages/airflow/example_dags/example_time_delta_sensor_async.py
[2023-06-11T00:32:03.285+0200] {logging_mixin.py:117} INFO - [2023-06-11T00:32:03.285+0200] {dag.py:2573} INFO - Sync 1 DAGs
[2023-06-11T00:32:03.341+0200] {logging_mixin.py:117} INFO - [2023-06-11T00:32:03.341+0200] {dag.py:3324} INFO - Setting next_dagrun for example_time_delta_sensor_async to None, run_after=None
[2023-06-11T00:32:03.399+0200] {processor.py:178} INFO - Processing /home/nanah/airflow_venv/lib/python3.10/site-packages/airflow/example_dags/example_time_delta_sensor_async.py took 0.669 seconds
[2023-06-11T00:32:58.943+0200] {processor.py:156} INFO - Started process (PID=5320) to work on /home/nanah/airflow_venv/lib/python3.10/site-packages/airflow/example_dags/example_time_delta_sensor_async.py
[2023-06-11T00:32:58.951+0200] {processor.py:758} INFO - Processing file /home/nanah/airflow_venv/lib/python3.10/site-packages/airflow/example_dags/example_time_delta_sensor_async.py for tasks to queue
[2023-06-11T00:32:58.956+0200] {logging_mixin.py:117} INFO - [2023-06-11T00:32:58.955+0200] {dagbag.py:525} INFO - Filling up the DagBag from /home/nanah/airflow_venv/lib/python3.10/site-packages/airflow/example_dags/example_time_delta_sensor_async.py
[2023-06-11T00:32:59.297+0200] {processor.py:768} INFO - DAG(s) dict_keys(['example_time_delta_sensor_async']) retrieved from /home/nanah/airflow_venv/lib/python3.10/site-packages/airflow/example_dags/example_time_delta_sensor_async.py
[2023-06-11T00:32:59.504+0200] {logging_mixin.py:117} INFO - [2023-06-11T00:32:59.503+0200] {dag.py:2573} INFO - Sync 1 DAGs
[2023-06-11T00:32:59.559+0200] {logging_mixin.py:117} INFO - [2023-06-11T00:32:59.558+0200] {dag.py:3324} INFO - Setting next_dagrun for example_time_delta_sensor_async to None, run_after=None
[2023-06-11T00:32:59.609+0200] {processor.py:178} INFO - Processing /home/nanah/airflow_venv/lib/python3.10/site-packages/airflow/example_dags/example_time_delta_sensor_async.py took 0.676 seconds
[2023-06-11T00:33:53.908+0200] {processor.py:156} INFO - Started process (PID=5355) to work on /home/nanah/airflow_venv/lib/python3.10/site-packages/airflow/example_dags/example_time_delta_sensor_async.py
[2023-06-11T00:33:53.932+0200] {processor.py:758} INFO - Processing file /home/nanah/airflow_venv/lib/python3.10/site-packages/airflow/example_dags/example_time_delta_sensor_async.py for tasks to queue
[2023-06-11T00:33:53.937+0200] {logging_mixin.py:117} INFO - [2023-06-11T00:33:53.936+0200] {dagbag.py:525} INFO - Filling up the DagBag from /home/nanah/airflow_venv/lib/python3.10/site-packages/airflow/example_dags/example_time_delta_sensor_async.py
[2023-06-11T00:33:54.563+0200] {processor.py:768} INFO - DAG(s) dict_keys(['example_time_delta_sensor_async']) retrieved from /home/nanah/airflow_venv/lib/python3.10/site-packages/airflow/example_dags/example_time_delta_sensor_async.py
[2023-06-11T00:33:55.119+0200] {logging_mixin.py:117} INFO - [2023-06-11T00:33:55.115+0200] {dag.py:2573} INFO - Sync 1 DAGs
[2023-06-11T00:33:55.235+0200] {logging_mixin.py:117} INFO - [2023-06-11T00:33:55.234+0200] {dag.py:3324} INFO - Setting next_dagrun for example_time_delta_sensor_async to None, run_after=None
[2023-06-11T00:33:55.338+0200] {processor.py:178} INFO - Processing /home/nanah/airflow_venv/lib/python3.10/site-packages/airflow/example_dags/example_time_delta_sensor_async.py took 1.478 seconds
[2023-06-11T00:34:57.539+0200] {processor.py:156} INFO - Started process (PID=5393) to work on /home/nanah/airflow_venv/lib/python3.10/site-packages/airflow/example_dags/example_time_delta_sensor_async.py
[2023-06-11T00:34:57.551+0200] {processor.py:758} INFO - Processing file /home/nanah/airflow_venv/lib/python3.10/site-packages/airflow/example_dags/example_time_delta_sensor_async.py for tasks to queue
[2023-06-11T00:34:57.553+0200] {logging_mixin.py:117} INFO - [2023-06-11T00:34:57.553+0200] {dagbag.py:525} INFO - Filling up the DagBag from /home/nanah/airflow_venv/lib/python3.10/site-packages/airflow/example_dags/example_time_delta_sensor_async.py
[2023-06-11T00:34:57.651+0200] {processor.py:768} INFO - DAG(s) dict_keys(['example_time_delta_sensor_async']) retrieved from /home/nanah/airflow_venv/lib/python3.10/site-packages/airflow/example_dags/example_time_delta_sensor_async.py
[2023-06-11T00:34:58.151+0200] {logging_mixin.py:117} INFO - [2023-06-11T00:34:58.150+0200] {dag.py:2573} INFO - Sync 1 DAGs
[2023-06-11T00:34:58.195+0200] {logging_mixin.py:117} INFO - [2023-06-11T00:34:58.194+0200] {dag.py:3324} INFO - Setting next_dagrun for example_time_delta_sensor_async to None, run_after=None
[2023-06-11T00:34:59.782+0200] {processor.py:178} INFO - Processing /home/nanah/airflow_venv/lib/python3.10/site-packages/airflow/example_dags/example_time_delta_sensor_async.py took 2.261 seconds
[2023-06-11T00:35:51.654+0200] {processor.py:156} INFO - Started process (PID=5429) to work on /home/nanah/airflow_venv/lib/python3.10/site-packages/airflow/example_dags/example_time_delta_sensor_async.py
[2023-06-11T00:35:51.660+0200] {processor.py:758} INFO - Processing file /home/nanah/airflow_venv/lib/python3.10/site-packages/airflow/example_dags/example_time_delta_sensor_async.py for tasks to queue
[2023-06-11T00:35:51.662+0200] {logging_mixin.py:117} INFO - [2023-06-11T00:35:51.661+0200] {dagbag.py:525} INFO - Filling up the DagBag from /home/nanah/airflow_venv/lib/python3.10/site-packages/airflow/example_dags/example_time_delta_sensor_async.py
[2023-06-11T00:35:51.698+0200] {processor.py:768} INFO - DAG(s) dict_keys(['example_time_delta_sensor_async']) retrieved from /home/nanah/airflow_venv/lib/python3.10/site-packages/airflow/example_dags/example_time_delta_sensor_async.py
[2023-06-11T00:35:51.897+0200] {logging_mixin.py:117} INFO - [2023-06-11T00:35:51.897+0200] {dag.py:2573} INFO - Sync 1 DAGs
[2023-06-11T00:35:51.959+0200] {logging_mixin.py:117} INFO - [2023-06-11T00:35:51.959+0200] {dag.py:3324} INFO - Setting next_dagrun for example_time_delta_sensor_async to None, run_after=None
[2023-06-11T00:35:52.038+0200] {processor.py:178} INFO - Processing /home/nanah/airflow_venv/lib/python3.10/site-packages/airflow/example_dags/example_time_delta_sensor_async.py took 0.390 seconds
[2023-06-11T00:36:34.616+0200] {processor.py:156} INFO - Started process (PID=5462) to work on /home/nanah/airflow_venv/lib/python3.10/site-packages/airflow/example_dags/example_time_delta_sensor_async.py
[2023-06-11T00:36:34.621+0200] {processor.py:758} INFO - Processing file /home/nanah/airflow_venv/lib/python3.10/site-packages/airflow/example_dags/example_time_delta_sensor_async.py for tasks to queue
[2023-06-11T00:36:34.623+0200] {logging_mixin.py:117} INFO - [2023-06-11T00:36:34.623+0200] {dagbag.py:525} INFO - Filling up the DagBag from /home/nanah/airflow_venv/lib/python3.10/site-packages/airflow/example_dags/example_time_delta_sensor_async.py
[2023-06-11T00:36:34.650+0200] {processor.py:768} INFO - DAG(s) dict_keys(['example_time_delta_sensor_async']) retrieved from /home/nanah/airflow_venv/lib/python3.10/site-packages/airflow/example_dags/example_time_delta_sensor_async.py
[2023-06-11T00:36:34.819+0200] {logging_mixin.py:117} INFO - [2023-06-11T00:36:34.819+0200] {dag.py:2573} INFO - Sync 1 DAGs
[2023-06-11T00:36:34.856+0200] {logging_mixin.py:117} INFO - [2023-06-11T00:36:34.856+0200] {dag.py:3324} INFO - Setting next_dagrun for example_time_delta_sensor_async to None, run_after=None
[2023-06-11T00:36:34.899+0200] {processor.py:178} INFO - Processing /home/nanah/airflow_venv/lib/python3.10/site-packages/airflow/example_dags/example_time_delta_sensor_async.py took 0.289 seconds
[2023-06-11T00:37:19.722+0200] {processor.py:156} INFO - Started process (PID=5496) to work on /home/nanah/airflow_venv/lib/python3.10/site-packages/airflow/example_dags/example_time_delta_sensor_async.py
[2023-06-11T00:37:19.734+0200] {processor.py:758} INFO - Processing file /home/nanah/airflow_venv/lib/python3.10/site-packages/airflow/example_dags/example_time_delta_sensor_async.py for tasks to queue
[2023-06-11T00:37:19.735+0200] {logging_mixin.py:117} INFO - [2023-06-11T00:37:19.735+0200] {dagbag.py:525} INFO - Filling up the DagBag from /home/nanah/airflow_venv/lib/python3.10/site-packages/airflow/example_dags/example_time_delta_sensor_async.py
[2023-06-11T00:37:19.775+0200] {processor.py:768} INFO - DAG(s) dict_keys(['example_time_delta_sensor_async']) retrieved from /home/nanah/airflow_venv/lib/python3.10/site-packages/airflow/example_dags/example_time_delta_sensor_async.py
[2023-06-11T00:37:19.976+0200] {logging_mixin.py:117} INFO - [2023-06-11T00:37:19.976+0200] {dag.py:2573} INFO - Sync 1 DAGs
[2023-06-11T00:37:20.020+0200] {logging_mixin.py:117} INFO - [2023-06-11T00:37:20.020+0200] {dag.py:3324} INFO - Setting next_dagrun for example_time_delta_sensor_async to None, run_after=None
[2023-06-11T00:37:20.077+0200] {processor.py:178} INFO - Processing /home/nanah/airflow_venv/lib/python3.10/site-packages/airflow/example_dags/example_time_delta_sensor_async.py took 0.362 seconds
[2023-06-11T00:38:13.367+0200] {processor.py:156} INFO - Started process (PID=5530) to work on /home/nanah/airflow_venv/lib/python3.10/site-packages/airflow/example_dags/example_time_delta_sensor_async.py
[2023-06-11T00:38:13.369+0200] {processor.py:758} INFO - Processing file /home/nanah/airflow_venv/lib/python3.10/site-packages/airflow/example_dags/example_time_delta_sensor_async.py for tasks to queue
[2023-06-11T00:38:13.371+0200] {logging_mixin.py:117} INFO - [2023-06-11T00:38:13.371+0200] {dagbag.py:525} INFO - Filling up the DagBag from /home/nanah/airflow_venv/lib/python3.10/site-packages/airflow/example_dags/example_time_delta_sensor_async.py
[2023-06-11T00:38:13.403+0200] {processor.py:768} INFO - DAG(s) dict_keys(['example_time_delta_sensor_async']) retrieved from /home/nanah/airflow_venv/lib/python3.10/site-packages/airflow/example_dags/example_time_delta_sensor_async.py
[2023-06-11T00:38:13.599+0200] {logging_mixin.py:117} INFO - [2023-06-11T00:38:13.598+0200] {dag.py:2573} INFO - Sync 1 DAGs
[2023-06-11T00:38:13.643+0200] {logging_mixin.py:117} INFO - [2023-06-11T00:38:13.642+0200] {dag.py:3324} INFO - Setting next_dagrun for example_time_delta_sensor_async to None, run_after=None
[2023-06-11T00:38:13.702+0200] {processor.py:178} INFO - Processing /home/nanah/airflow_venv/lib/python3.10/site-packages/airflow/example_dags/example_time_delta_sensor_async.py took 0.342 seconds
[2023-06-11T00:38:57.984+0200] {processor.py:156} INFO - Started process (PID=5566) to work on /home/nanah/airflow_venv/lib/python3.10/site-packages/airflow/example_dags/example_time_delta_sensor_async.py
[2023-06-11T00:38:57.995+0200] {processor.py:758} INFO - Processing file /home/nanah/airflow_venv/lib/python3.10/site-packages/airflow/example_dags/example_time_delta_sensor_async.py for tasks to queue
[2023-06-11T00:38:57.997+0200] {logging_mixin.py:117} INFO - [2023-06-11T00:38:57.997+0200] {dagbag.py:525} INFO - Filling up the DagBag from /home/nanah/airflow_venv/lib/python3.10/site-packages/airflow/example_dags/example_time_delta_sensor_async.py
[2023-06-11T00:38:58.031+0200] {processor.py:768} INFO - DAG(s) dict_keys(['example_time_delta_sensor_async']) retrieved from /home/nanah/airflow_venv/lib/python3.10/site-packages/airflow/example_dags/example_time_delta_sensor_async.py
[2023-06-11T00:38:58.209+0200] {logging_mixin.py:117} INFO - [2023-06-11T00:38:58.208+0200] {dag.py:2573} INFO - Sync 1 DAGs
[2023-06-11T00:38:58.261+0200] {logging_mixin.py:117} INFO - [2023-06-11T00:38:58.261+0200] {dag.py:3324} INFO - Setting next_dagrun for example_time_delta_sensor_async to None, run_after=None
[2023-06-11T00:38:58.313+0200] {processor.py:178} INFO - Processing /home/nanah/airflow_venv/lib/python3.10/site-packages/airflow/example_dags/example_time_delta_sensor_async.py took 0.348 seconds
[2023-06-11T00:39:40.002+0200] {processor.py:156} INFO - Started process (PID=5599) to work on /home/nanah/airflow_venv/lib/python3.10/site-packages/airflow/example_dags/example_time_delta_sensor_async.py
[2023-06-11T00:39:40.010+0200] {processor.py:758} INFO - Processing file /home/nanah/airflow_venv/lib/python3.10/site-packages/airflow/example_dags/example_time_delta_sensor_async.py for tasks to queue
[2023-06-11T00:39:40.013+0200] {logging_mixin.py:117} INFO - [2023-06-11T00:39:40.013+0200] {dagbag.py:525} INFO - Filling up the DagBag from /home/nanah/airflow_venv/lib/python3.10/site-packages/airflow/example_dags/example_time_delta_sensor_async.py
[2023-06-11T00:39:40.098+0200] {processor.py:768} INFO - DAG(s) dict_keys(['example_time_delta_sensor_async']) retrieved from /home/nanah/airflow_venv/lib/python3.10/site-packages/airflow/example_dags/example_time_delta_sensor_async.py
[2023-06-11T00:39:40.587+0200] {logging_mixin.py:117} INFO - [2023-06-11T00:39:40.587+0200] {dag.py:2573} INFO - Sync 1 DAGs
[2023-06-11T00:39:40.683+0200] {logging_mixin.py:117} INFO - [2023-06-11T00:39:40.682+0200] {dag.py:3324} INFO - Setting next_dagrun for example_time_delta_sensor_async to None, run_after=None
[2023-06-11T00:39:40.789+0200] {processor.py:178} INFO - Processing /home/nanah/airflow_venv/lib/python3.10/site-packages/airflow/example_dags/example_time_delta_sensor_async.py took 0.797 seconds
[2023-06-11T00:40:24.189+0200] {processor.py:156} INFO - Started process (PID=5633) to work on /home/nanah/airflow_venv/lib/python3.10/site-packages/airflow/example_dags/example_time_delta_sensor_async.py
[2023-06-11T00:40:24.199+0200] {processor.py:758} INFO - Processing file /home/nanah/airflow_venv/lib/python3.10/site-packages/airflow/example_dags/example_time_delta_sensor_async.py for tasks to queue
[2023-06-11T00:40:24.200+0200] {logging_mixin.py:117} INFO - [2023-06-11T00:40:24.200+0200] {dagbag.py:525} INFO - Filling up the DagBag from /home/nanah/airflow_venv/lib/python3.10/site-packages/airflow/example_dags/example_time_delta_sensor_async.py
[2023-06-11T00:40:24.234+0200] {processor.py:768} INFO - DAG(s) dict_keys(['example_time_delta_sensor_async']) retrieved from /home/nanah/airflow_venv/lib/python3.10/site-packages/airflow/example_dags/example_time_delta_sensor_async.py
[2023-06-11T00:40:24.494+0200] {logging_mixin.py:117} INFO - [2023-06-11T00:40:24.493+0200] {dag.py:2573} INFO - Sync 1 DAGs
[2023-06-11T00:40:24.563+0200] {logging_mixin.py:117} INFO - [2023-06-11T00:40:24.563+0200] {dag.py:3324} INFO - Setting next_dagrun for example_time_delta_sensor_async to None, run_after=None
[2023-06-11T00:40:24.619+0200] {processor.py:178} INFO - Processing /home/nanah/airflow_venv/lib/python3.10/site-packages/airflow/example_dags/example_time_delta_sensor_async.py took 0.439 seconds
[2023-06-11T00:41:05.914+0200] {processor.py:156} INFO - Started process (PID=5667) to work on /home/nanah/airflow_venv/lib/python3.10/site-packages/airflow/example_dags/example_time_delta_sensor_async.py
[2023-06-11T00:41:05.920+0200] {processor.py:758} INFO - Processing file /home/nanah/airflow_venv/lib/python3.10/site-packages/airflow/example_dags/example_time_delta_sensor_async.py for tasks to queue
[2023-06-11T00:41:05.922+0200] {logging_mixin.py:117} INFO - [2023-06-11T00:41:05.921+0200] {dagbag.py:525} INFO - Filling up the DagBag from /home/nanah/airflow_venv/lib/python3.10/site-packages/airflow/example_dags/example_time_delta_sensor_async.py
[2023-06-11T00:41:05.956+0200] {processor.py:768} INFO - DAG(s) dict_keys(['example_time_delta_sensor_async']) retrieved from /home/nanah/airflow_venv/lib/python3.10/site-packages/airflow/example_dags/example_time_delta_sensor_async.py
[2023-06-11T00:41:06.131+0200] {logging_mixin.py:117} INFO - [2023-06-11T00:41:06.130+0200] {dag.py:2573} INFO - Sync 1 DAGs
[2023-06-11T00:41:06.170+0200] {logging_mixin.py:117} INFO - [2023-06-11T00:41:06.169+0200] {dag.py:3324} INFO - Setting next_dagrun for example_time_delta_sensor_async to None, run_after=None
[2023-06-11T00:41:06.214+0200] {processor.py:178} INFO - Processing /home/nanah/airflow_venv/lib/python3.10/site-packages/airflow/example_dags/example_time_delta_sensor_async.py took 0.310 seconds
[2023-06-11T00:41:51.413+0200] {processor.py:156} INFO - Started process (PID=5703) to work on /home/nanah/airflow_venv/lib/python3.10/site-packages/airflow/example_dags/example_time_delta_sensor_async.py
[2023-06-11T00:41:51.418+0200] {processor.py:758} INFO - Processing file /home/nanah/airflow_venv/lib/python3.10/site-packages/airflow/example_dags/example_time_delta_sensor_async.py for tasks to queue
[2023-06-11T00:41:51.420+0200] {logging_mixin.py:117} INFO - [2023-06-11T00:41:51.419+0200] {dagbag.py:525} INFO - Filling up the DagBag from /home/nanah/airflow_venv/lib/python3.10/site-packages/airflow/example_dags/example_time_delta_sensor_async.py
[2023-06-11T00:41:51.469+0200] {processor.py:768} INFO - DAG(s) dict_keys(['example_time_delta_sensor_async']) retrieved from /home/nanah/airflow_venv/lib/python3.10/site-packages/airflow/example_dags/example_time_delta_sensor_async.py
[2023-06-11T00:41:51.671+0200] {logging_mixin.py:117} INFO - [2023-06-11T00:41:51.670+0200] {dag.py:2573} INFO - Sync 1 DAGs
[2023-06-11T00:41:51.736+0200] {logging_mixin.py:117} INFO - [2023-06-11T00:41:51.736+0200] {dag.py:3324} INFO - Setting next_dagrun for example_time_delta_sensor_async to None, run_after=None
[2023-06-11T00:41:51.793+0200] {processor.py:178} INFO - Processing /home/nanah/airflow_venv/lib/python3.10/site-packages/airflow/example_dags/example_time_delta_sensor_async.py took 0.387 seconds
[2023-06-11T00:42:38.370+0200] {processor.py:156} INFO - Started process (PID=5739) to work on /home/nanah/airflow_venv/lib/python3.10/site-packages/airflow/example_dags/example_time_delta_sensor_async.py
[2023-06-11T00:42:38.373+0200] {processor.py:758} INFO - Processing file /home/nanah/airflow_venv/lib/python3.10/site-packages/airflow/example_dags/example_time_delta_sensor_async.py for tasks to queue
[2023-06-11T00:42:38.374+0200] {logging_mixin.py:117} INFO - [2023-06-11T00:42:38.374+0200] {dagbag.py:525} INFO - Filling up the DagBag from /home/nanah/airflow_venv/lib/python3.10/site-packages/airflow/example_dags/example_time_delta_sensor_async.py
[2023-06-11T00:42:38.407+0200] {processor.py:768} INFO - DAG(s) dict_keys(['example_time_delta_sensor_async']) retrieved from /home/nanah/airflow_venv/lib/python3.10/site-packages/airflow/example_dags/example_time_delta_sensor_async.py
[2023-06-11T00:42:38.618+0200] {logging_mixin.py:117} INFO - [2023-06-11T00:42:38.617+0200] {dag.py:2573} INFO - Sync 1 DAGs
[2023-06-11T00:42:38.691+0200] {logging_mixin.py:117} INFO - [2023-06-11T00:42:38.691+0200] {dag.py:3324} INFO - Setting next_dagrun for example_time_delta_sensor_async to None, run_after=None
[2023-06-11T00:42:39.298+0200] {processor.py:178} INFO - Processing /home/nanah/airflow_venv/lib/python3.10/site-packages/airflow/example_dags/example_time_delta_sensor_async.py took 0.943 seconds
[2023-06-11T00:43:25.177+0200] {processor.py:156} INFO - Started process (PID=5773) to work on /home/nanah/airflow_venv/lib/python3.10/site-packages/airflow/example_dags/example_time_delta_sensor_async.py
[2023-06-11T00:43:25.184+0200] {processor.py:758} INFO - Processing file /home/nanah/airflow_venv/lib/python3.10/site-packages/airflow/example_dags/example_time_delta_sensor_async.py for tasks to queue
[2023-06-11T00:43:25.187+0200] {logging_mixin.py:117} INFO - [2023-06-11T00:43:25.187+0200] {dagbag.py:525} INFO - Filling up the DagBag from /home/nanah/airflow_venv/lib/python3.10/site-packages/airflow/example_dags/example_time_delta_sensor_async.py
[2023-06-11T00:43:25.235+0200] {processor.py:768} INFO - DAG(s) dict_keys(['example_time_delta_sensor_async']) retrieved from /home/nanah/airflow_venv/lib/python3.10/site-packages/airflow/example_dags/example_time_delta_sensor_async.py
[2023-06-11T00:43:25.442+0200] {logging_mixin.py:117} INFO - [2023-06-11T00:43:25.438+0200] {dag.py:2573} INFO - Sync 1 DAGs
[2023-06-11T00:43:25.486+0200] {logging_mixin.py:117} INFO - [2023-06-11T00:43:25.486+0200] {dag.py:3324} INFO - Setting next_dagrun for example_time_delta_sensor_async to None, run_after=None
[2023-06-11T00:43:25.548+0200] {processor.py:178} INFO - Processing /home/nanah/airflow_venv/lib/python3.10/site-packages/airflow/example_dags/example_time_delta_sensor_async.py took 0.378 seconds
[2023-06-11T00:44:08.786+0200] {processor.py:156} INFO - Started process (PID=5807) to work on /home/nanah/airflow_venv/lib/python3.10/site-packages/airflow/example_dags/example_time_delta_sensor_async.py
[2023-06-11T00:44:08.795+0200] {processor.py:758} INFO - Processing file /home/nanah/airflow_venv/lib/python3.10/site-packages/airflow/example_dags/example_time_delta_sensor_async.py for tasks to queue
[2023-06-11T00:44:08.797+0200] {logging_mixin.py:117} INFO - [2023-06-11T00:44:08.796+0200] {dagbag.py:525} INFO - Filling up the DagBag from /home/nanah/airflow_venv/lib/python3.10/site-packages/airflow/example_dags/example_time_delta_sensor_async.py
[2023-06-11T00:44:08.833+0200] {processor.py:768} INFO - DAG(s) dict_keys(['example_time_delta_sensor_async']) retrieved from /home/nanah/airflow_venv/lib/python3.10/site-packages/airflow/example_dags/example_time_delta_sensor_async.py
[2023-06-11T00:44:09.049+0200] {logging_mixin.py:117} INFO - [2023-06-11T00:44:09.048+0200] {dag.py:2573} INFO - Sync 1 DAGs
[2023-06-11T00:44:09.099+0200] {logging_mixin.py:117} INFO - [2023-06-11T00:44:09.098+0200] {dag.py:3324} INFO - Setting next_dagrun for example_time_delta_sensor_async to None, run_after=None
[2023-06-11T00:44:09.156+0200] {processor.py:178} INFO - Processing /home/nanah/airflow_venv/lib/python3.10/site-packages/airflow/example_dags/example_time_delta_sensor_async.py took 0.377 seconds
[2023-06-11T00:44:58.506+0200] {processor.py:156} INFO - Started process (PID=5841) to work on /home/nanah/airflow_venv/lib/python3.10/site-packages/airflow/example_dags/example_time_delta_sensor_async.py
[2023-06-11T00:44:58.509+0200] {processor.py:758} INFO - Processing file /home/nanah/airflow_venv/lib/python3.10/site-packages/airflow/example_dags/example_time_delta_sensor_async.py for tasks to queue
[2023-06-11T00:44:58.511+0200] {logging_mixin.py:117} INFO - [2023-06-11T00:44:58.510+0200] {dagbag.py:525} INFO - Filling up the DagBag from /home/nanah/airflow_venv/lib/python3.10/site-packages/airflow/example_dags/example_time_delta_sensor_async.py
[2023-06-11T00:44:58.562+0200] {processor.py:768} INFO - DAG(s) dict_keys(['example_time_delta_sensor_async']) retrieved from /home/nanah/airflow_venv/lib/python3.10/site-packages/airflow/example_dags/example_time_delta_sensor_async.py
[2023-06-11T00:44:58.767+0200] {logging_mixin.py:117} INFO - [2023-06-11T00:44:58.766+0200] {dag.py:2573} INFO - Sync 1 DAGs
[2023-06-11T00:44:58.819+0200] {logging_mixin.py:117} INFO - [2023-06-11T00:44:58.819+0200] {dag.py:3324} INFO - Setting next_dagrun for example_time_delta_sensor_async to None, run_after=None
[2023-06-11T00:44:58.873+0200] {processor.py:178} INFO - Processing /home/nanah/airflow_venv/lib/python3.10/site-packages/airflow/example_dags/example_time_delta_sensor_async.py took 0.374 seconds
