[2023-06-11T00:12:41.868+0200] {processor.py:156} INFO - Started process (PID=4630) to work on /home/nanah/airflow_venv/lib/python3.10/site-packages/airflow/example_dags/example_trigger_controller_dag.py
[2023-06-11T00:12:41.881+0200] {processor.py:758} INFO - Processing file /home/nanah/airflow_venv/lib/python3.10/site-packages/airflow/example_dags/example_trigger_controller_dag.py for tasks to queue
[2023-06-11T00:12:41.882+0200] {logging_mixin.py:117} INFO - [2023-06-11T00:12:41.882+0200] {dagbag.py:525} INFO - Filling up the DagBag from /home/nanah/airflow_venv/lib/python3.10/site-packages/airflow/example_dags/example_trigger_controller_dag.py
[2023-06-11T00:12:41.968+0200] {processor.py:768} INFO - DAG(s) dict_keys(['example_trigger_controller_dag']) retrieved from /home/nanah/airflow_venv/lib/python3.10/site-packages/airflow/example_dags/example_trigger_controller_dag.py
[2023-06-11T00:12:42.037+0200] {logging_mixin.py:117} INFO - [2023-06-11T00:12:42.037+0200] {dag.py:2573} INFO - Sync 1 DAGs
[2023-06-11T00:12:42.132+0200] {logging_mixin.py:117} INFO - [2023-06-11T00:12:42.132+0200] {dag.py:3324} INFO - Setting next_dagrun for example_trigger_controller_dag to 2021-01-01T00:00:00+00:00, run_after=2021-01-01T00:00:00+00:00
[2023-06-11T00:12:42.472+0200] {processor.py:178} INFO - Processing /home/nanah/airflow_venv/lib/python3.10/site-packages/airflow/example_dags/example_trigger_controller_dag.py took 0.621 seconds
[2023-06-11T00:15:05.556+0200] {processor.py:156} INFO - Started process (PID=4706) to work on /home/nanah/airflow_venv/lib/python3.10/site-packages/airflow/example_dags/example_trigger_controller_dag.py
[2023-06-11T00:15:05.594+0200] {processor.py:758} INFO - Processing file /home/nanah/airflow_venv/lib/python3.10/site-packages/airflow/example_dags/example_trigger_controller_dag.py for tasks to queue
[2023-06-11T00:15:05.596+0200] {logging_mixin.py:117} INFO - [2023-06-11T00:15:05.596+0200] {dagbag.py:525} INFO - Filling up the DagBag from /home/nanah/airflow_venv/lib/python3.10/site-packages/airflow/example_dags/example_trigger_controller_dag.py
[2023-06-11T00:15:05.659+0200] {processor.py:768} INFO - DAG(s) dict_keys(['example_trigger_controller_dag']) retrieved from /home/nanah/airflow_venv/lib/python3.10/site-packages/airflow/example_dags/example_trigger_controller_dag.py
[2023-06-11T00:15:05.765+0200] {logging_mixin.py:117} INFO - [2023-06-11T00:15:05.765+0200] {dag.py:2573} INFO - Sync 1 DAGs
[2023-06-11T00:15:05.873+0200] {logging_mixin.py:117} INFO - [2023-06-11T00:15:05.872+0200] {dag.py:3324} INFO - Setting next_dagrun for example_trigger_controller_dag to 2021-01-01T00:00:00+00:00, run_after=2021-01-01T00:00:00+00:00
[2023-06-11T00:15:06.308+0200] {processor.py:178} INFO - Processing /home/nanah/airflow_venv/lib/python3.10/site-packages/airflow/example_dags/example_trigger_controller_dag.py took 0.764 seconds
[2023-06-11T00:16:35.025+0200] {processor.py:156} INFO - Started process (PID=4754) to work on /home/nanah/airflow_venv/lib/python3.10/site-packages/airflow/example_dags/example_trigger_controller_dag.py
[2023-06-11T00:16:35.036+0200] {processor.py:758} INFO - Processing file /home/nanah/airflow_venv/lib/python3.10/site-packages/airflow/example_dags/example_trigger_controller_dag.py for tasks to queue
[2023-06-11T00:16:35.038+0200] {logging_mixin.py:117} INFO - [2023-06-11T00:16:35.038+0200] {dagbag.py:525} INFO - Filling up the DagBag from /home/nanah/airflow_venv/lib/python3.10/site-packages/airflow/example_dags/example_trigger_controller_dag.py
[2023-06-11T00:16:35.137+0200] {processor.py:768} INFO - DAG(s) dict_keys(['example_trigger_controller_dag']) retrieved from /home/nanah/airflow_venv/lib/python3.10/site-packages/airflow/example_dags/example_trigger_controller_dag.py
[2023-06-11T00:16:35.272+0200] {logging_mixin.py:117} INFO - [2023-06-11T00:16:35.271+0200] {dag.py:2573} INFO - Sync 1 DAGs
[2023-06-11T00:16:35.386+0200] {logging_mixin.py:117} INFO - [2023-06-11T00:16:35.386+0200] {dag.py:3324} INFO - Setting next_dagrun for example_trigger_controller_dag to 2021-01-01T00:00:00+00:00, run_after=2021-01-01T00:00:00+00:00
[2023-06-11T00:16:35.518+0200] {processor.py:178} INFO - Processing /home/nanah/airflow_venv/lib/python3.10/site-packages/airflow/example_dags/example_trigger_controller_dag.py took 0.511 seconds
[2023-06-11T00:18:13.694+0200] {processor.py:156} INFO - Started process (PID=4827) to work on /home/nanah/airflow_venv/lib/python3.10/site-packages/airflow/example_dags/example_trigger_controller_dag.py
[2023-06-11T00:18:13.697+0200] {processor.py:758} INFO - Processing file /home/nanah/airflow_venv/lib/python3.10/site-packages/airflow/example_dags/example_trigger_controller_dag.py for tasks to queue
[2023-06-11T00:18:13.698+0200] {logging_mixin.py:117} INFO - [2023-06-11T00:18:13.698+0200] {dagbag.py:525} INFO - Filling up the DagBag from /home/nanah/airflow_venv/lib/python3.10/site-packages/airflow/example_dags/example_trigger_controller_dag.py
[2023-06-11T00:18:13.727+0200] {processor.py:768} INFO - DAG(s) dict_keys(['example_trigger_controller_dag']) retrieved from /home/nanah/airflow_venv/lib/python3.10/site-packages/airflow/example_dags/example_trigger_controller_dag.py
[2023-06-11T00:18:13.782+0200] {logging_mixin.py:117} INFO - [2023-06-11T00:18:13.781+0200] {dag.py:2573} INFO - Sync 1 DAGs
[2023-06-11T00:18:13.822+0200] {logging_mixin.py:117} INFO - [2023-06-11T00:18:13.822+0200] {dag.py:3324} INFO - Setting next_dagrun for example_trigger_controller_dag to 2021-01-01T00:00:00+00:00, run_after=2021-01-01T00:00:00+00:00
[2023-06-11T00:18:13.883+0200] {processor.py:178} INFO - Processing /home/nanah/airflow_venv/lib/python3.10/site-packages/airflow/example_dags/example_trigger_controller_dag.py took 0.201 seconds
[2023-06-11T00:20:24.286+0200] {processor.py:156} INFO - Started process (PID=4906) to work on /home/nanah/airflow_venv/lib/python3.10/site-packages/airflow/example_dags/example_trigger_controller_dag.py
[2023-06-11T00:20:24.306+0200] {processor.py:758} INFO - Processing file /home/nanah/airflow_venv/lib/python3.10/site-packages/airflow/example_dags/example_trigger_controller_dag.py for tasks to queue
[2023-06-11T00:20:24.318+0200] {logging_mixin.py:117} INFO - [2023-06-11T00:20:24.310+0200] {dagbag.py:525} INFO - Filling up the DagBag from /home/nanah/airflow_venv/lib/python3.10/site-packages/airflow/example_dags/example_trigger_controller_dag.py
[2023-06-11T00:20:24.481+0200] {processor.py:768} INFO - DAG(s) dict_keys(['example_trigger_controller_dag']) retrieved from /home/nanah/airflow_venv/lib/python3.10/site-packages/airflow/example_dags/example_trigger_controller_dag.py
[2023-06-11T00:20:24.653+0200] {logging_mixin.py:117} INFO - [2023-06-11T00:20:24.653+0200] {dag.py:2573} INFO - Sync 1 DAGs
[2023-06-11T00:20:24.786+0200] {logging_mixin.py:117} INFO - [2023-06-11T00:20:24.786+0200] {dag.py:3324} INFO - Setting next_dagrun for example_trigger_controller_dag to 2021-01-01T00:00:00+00:00, run_after=2021-01-01T00:00:00+00:00
[2023-06-11T00:20:24.915+0200] {processor.py:178} INFO - Processing /home/nanah/airflow_venv/lib/python3.10/site-packages/airflow/example_dags/example_trigger_controller_dag.py took 0.688 seconds
[2023-06-11T00:22:32.325+0200] {processor.py:156} INFO - Started process (PID=4977) to work on /home/nanah/airflow_venv/lib/python3.10/site-packages/airflow/example_dags/example_trigger_controller_dag.py
[2023-06-11T00:22:32.329+0200] {processor.py:758} INFO - Processing file /home/nanah/airflow_venv/lib/python3.10/site-packages/airflow/example_dags/example_trigger_controller_dag.py for tasks to queue
[2023-06-11T00:22:32.330+0200] {logging_mixin.py:117} INFO - [2023-06-11T00:22:32.330+0200] {dagbag.py:525} INFO - Filling up the DagBag from /home/nanah/airflow_venv/lib/python3.10/site-packages/airflow/example_dags/example_trigger_controller_dag.py
[2023-06-11T00:22:32.362+0200] {processor.py:768} INFO - DAG(s) dict_keys(['example_trigger_controller_dag']) retrieved from /home/nanah/airflow_venv/lib/python3.10/site-packages/airflow/example_dags/example_trigger_controller_dag.py
[2023-06-11T00:22:32.460+0200] {logging_mixin.py:117} INFO - [2023-06-11T00:22:32.459+0200] {dag.py:2573} INFO - Sync 1 DAGs
[2023-06-11T00:22:32.526+0200] {logging_mixin.py:117} INFO - [2023-06-11T00:22:32.525+0200] {dag.py:3324} INFO - Setting next_dagrun for example_trigger_controller_dag to 2021-01-01T00:00:00+00:00, run_after=2021-01-01T00:00:00+00:00
[2023-06-11T00:22:32.587+0200] {processor.py:178} INFO - Processing /home/nanah/airflow_venv/lib/python3.10/site-packages/airflow/example_dags/example_trigger_controller_dag.py took 0.271 seconds
[2023-06-11T00:24:43.959+0200] {processor.py:156} INFO - Started process (PID=5048) to work on /home/nanah/airflow_venv/lib/python3.10/site-packages/airflow/example_dags/example_trigger_controller_dag.py
[2023-06-11T00:24:43.966+0200] {processor.py:758} INFO - Processing file /home/nanah/airflow_venv/lib/python3.10/site-packages/airflow/example_dags/example_trigger_controller_dag.py for tasks to queue
[2023-06-11T00:24:43.971+0200] {logging_mixin.py:117} INFO - [2023-06-11T00:24:43.968+0200] {dagbag.py:525} INFO - Filling up the DagBag from /home/nanah/airflow_venv/lib/python3.10/site-packages/airflow/example_dags/example_trigger_controller_dag.py
[2023-06-11T00:24:44.019+0200] {processor.py:768} INFO - DAG(s) dict_keys(['example_trigger_controller_dag']) retrieved from /home/nanah/airflow_venv/lib/python3.10/site-packages/airflow/example_dags/example_trigger_controller_dag.py
[2023-06-11T00:24:44.127+0200] {logging_mixin.py:117} INFO - [2023-06-11T00:24:44.127+0200] {dag.py:2573} INFO - Sync 1 DAGs
[2023-06-11T00:24:44.237+0200] {logging_mixin.py:117} INFO - [2023-06-11T00:24:44.236+0200] {dag.py:3324} INFO - Setting next_dagrun for example_trigger_controller_dag to 2021-01-01T00:00:00+00:00, run_after=2021-01-01T00:00:00+00:00
[2023-06-11T00:24:44.364+0200] {processor.py:178} INFO - Processing /home/nanah/airflow_venv/lib/python3.10/site-packages/airflow/example_dags/example_trigger_controller_dag.py took 0.412 seconds
[2023-06-11T00:27:23.586+0200] {processor.py:156} INFO - Started process (PID=5120) to work on /home/nanah/airflow_venv/lib/python3.10/site-packages/airflow/example_dags/example_trigger_controller_dag.py
[2023-06-11T00:27:23.592+0200] {processor.py:758} INFO - Processing file /home/nanah/airflow_venv/lib/python3.10/site-packages/airflow/example_dags/example_trigger_controller_dag.py for tasks to queue
[2023-06-11T00:27:23.602+0200] {logging_mixin.py:117} INFO - [2023-06-11T00:27:23.593+0200] {dagbag.py:525} INFO - Filling up the DagBag from /home/nanah/airflow_venv/lib/python3.10/site-packages/airflow/example_dags/example_trigger_controller_dag.py
[2023-06-11T00:27:23.665+0200] {processor.py:768} INFO - DAG(s) dict_keys(['example_trigger_controller_dag']) retrieved from /home/nanah/airflow_venv/lib/python3.10/site-packages/airflow/example_dags/example_trigger_controller_dag.py
[2023-06-11T00:27:23.769+0200] {logging_mixin.py:117} INFO - [2023-06-11T00:27:23.768+0200] {dag.py:2573} INFO - Sync 1 DAGs
[2023-06-11T00:27:23.827+0200] {logging_mixin.py:117} INFO - [2023-06-11T00:27:23.827+0200] {dag.py:3324} INFO - Setting next_dagrun for example_trigger_controller_dag to 2021-01-01T00:00:00+00:00, run_after=2021-01-01T00:00:00+00:00
[2023-06-11T00:27:24.214+0200] {processor.py:178} INFO - Processing /home/nanah/airflow_venv/lib/python3.10/site-packages/airflow/example_dags/example_trigger_controller_dag.py took 0.646 seconds
[2023-06-11T00:29:19.838+0200] {processor.py:156} INFO - Started process (PID=5190) to work on /home/nanah/airflow_venv/lib/python3.10/site-packages/airflow/example_dags/example_trigger_controller_dag.py
[2023-06-11T00:29:19.843+0200] {processor.py:758} INFO - Processing file /home/nanah/airflow_venv/lib/python3.10/site-packages/airflow/example_dags/example_trigger_controller_dag.py for tasks to queue
[2023-06-11T00:29:19.844+0200] {logging_mixin.py:117} INFO - [2023-06-11T00:29:19.844+0200] {dagbag.py:525} INFO - Filling up the DagBag from /home/nanah/airflow_venv/lib/python3.10/site-packages/airflow/example_dags/example_trigger_controller_dag.py
[2023-06-11T00:29:19.893+0200] {processor.py:768} INFO - DAG(s) dict_keys(['example_trigger_controller_dag']) retrieved from /home/nanah/airflow_venv/lib/python3.10/site-packages/airflow/example_dags/example_trigger_controller_dag.py
[2023-06-11T00:29:20.010+0200] {logging_mixin.py:117} INFO - [2023-06-11T00:29:20.009+0200] {dag.py:2573} INFO - Sync 1 DAGs
[2023-06-11T00:29:20.557+0200] {logging_mixin.py:117} INFO - [2023-06-11T00:29:20.556+0200] {dag.py:3324} INFO - Setting next_dagrun for example_trigger_controller_dag to 2021-01-01T00:00:00+00:00, run_after=2021-01-01T00:00:00+00:00
[2023-06-11T00:29:20.674+0200] {processor.py:178} INFO - Processing /home/nanah/airflow_venv/lib/python3.10/site-packages/airflow/example_dags/example_trigger_controller_dag.py took 0.848 seconds
[2023-06-11T00:31:29.705+0200] {processor.py:156} INFO - Started process (PID=5262) to work on /home/nanah/airflow_venv/lib/python3.10/site-packages/airflow/example_dags/example_trigger_controller_dag.py
[2023-06-11T00:31:29.715+0200] {processor.py:758} INFO - Processing file /home/nanah/airflow_venv/lib/python3.10/site-packages/airflow/example_dags/example_trigger_controller_dag.py for tasks to queue
[2023-06-11T00:31:29.716+0200] {logging_mixin.py:117} INFO - [2023-06-11T00:31:29.716+0200] {dagbag.py:525} INFO - Filling up the DagBag from /home/nanah/airflow_venv/lib/python3.10/site-packages/airflow/example_dags/example_trigger_controller_dag.py
[2023-06-11T00:31:29.762+0200] {processor.py:768} INFO - DAG(s) dict_keys(['example_trigger_controller_dag']) retrieved from /home/nanah/airflow_venv/lib/python3.10/site-packages/airflow/example_dags/example_trigger_controller_dag.py
[2023-06-11T00:31:30.334+0200] {logging_mixin.py:117} INFO - [2023-06-11T00:31:30.333+0200] {dag.py:2573} INFO - Sync 1 DAGs
[2023-06-11T00:31:30.379+0200] {logging_mixin.py:117} INFO - [2023-06-11T00:31:30.379+0200] {dag.py:3324} INFO - Setting next_dagrun for example_trigger_controller_dag to 2021-01-01T00:00:00+00:00, run_after=2021-01-01T00:00:00+00:00
[2023-06-11T00:31:30.454+0200] {processor.py:178} INFO - Processing /home/nanah/airflow_venv/lib/python3.10/site-packages/airflow/example_dags/example_trigger_controller_dag.py took 0.756 seconds
[2023-06-11T00:33:19.355+0200] {processor.py:156} INFO - Started process (PID=5333) to work on /home/nanah/airflow_venv/lib/python3.10/site-packages/airflow/example_dags/example_trigger_controller_dag.py
[2023-06-11T00:33:19.361+0200] {processor.py:758} INFO - Processing file /home/nanah/airflow_venv/lib/python3.10/site-packages/airflow/example_dags/example_trigger_controller_dag.py for tasks to queue
[2023-06-11T00:33:19.362+0200] {logging_mixin.py:117} INFO - [2023-06-11T00:33:19.362+0200] {dagbag.py:525} INFO - Filling up the DagBag from /home/nanah/airflow_venv/lib/python3.10/site-packages/airflow/example_dags/example_trigger_controller_dag.py
[2023-06-11T00:33:19.767+0200] {processor.py:768} INFO - DAG(s) dict_keys(['example_trigger_controller_dag']) retrieved from /home/nanah/airflow_venv/lib/python3.10/site-packages/airflow/example_dags/example_trigger_controller_dag.py
[2023-06-11T00:33:19.826+0200] {logging_mixin.py:117} INFO - [2023-06-11T00:33:19.826+0200] {dag.py:2573} INFO - Sync 1 DAGs
[2023-06-11T00:33:19.882+0200] {logging_mixin.py:117} INFO - [2023-06-11T00:33:19.882+0200] {dag.py:3324} INFO - Setting next_dagrun for example_trigger_controller_dag to 2021-01-01T00:00:00+00:00, run_after=2021-01-01T00:00:00+00:00
[2023-06-11T00:33:19.946+0200] {processor.py:178} INFO - Processing /home/nanah/airflow_venv/lib/python3.10/site-packages/airflow/example_dags/example_trigger_controller_dag.py took 0.601 seconds
[2023-06-11T00:35:22.869+0200] {processor.py:156} INFO - Started process (PID=5407) to work on /home/nanah/airflow_venv/lib/python3.10/site-packages/airflow/example_dags/example_trigger_controller_dag.py
[2023-06-11T00:35:22.874+0200] {processor.py:758} INFO - Processing file /home/nanah/airflow_venv/lib/python3.10/site-packages/airflow/example_dags/example_trigger_controller_dag.py for tasks to queue
[2023-06-11T00:35:22.875+0200] {logging_mixin.py:117} INFO - [2023-06-11T00:35:22.875+0200] {dagbag.py:525} INFO - Filling up the DagBag from /home/nanah/airflow_venv/lib/python3.10/site-packages/airflow/example_dags/example_trigger_controller_dag.py
[2023-06-11T00:35:22.902+0200] {processor.py:768} INFO - DAG(s) dict_keys(['example_trigger_controller_dag']) retrieved from /home/nanah/airflow_venv/lib/python3.10/site-packages/airflow/example_dags/example_trigger_controller_dag.py
[2023-06-11T00:35:22.955+0200] {logging_mixin.py:117} INFO - [2023-06-11T00:35:22.955+0200] {dag.py:2573} INFO - Sync 1 DAGs
[2023-06-11T00:35:22.997+0200] {logging_mixin.py:117} INFO - [2023-06-11T00:35:22.997+0200] {dag.py:3324} INFO - Setting next_dagrun for example_trigger_controller_dag to 2021-01-01T00:00:00+00:00, run_after=2021-01-01T00:00:00+00:00
[2023-06-11T00:35:23.042+0200] {processor.py:178} INFO - Processing /home/nanah/airflow_venv/lib/python3.10/site-packages/airflow/example_dags/example_trigger_controller_dag.py took 0.180 seconds
[2023-06-11T00:36:50.646+0200] {processor.py:156} INFO - Started process (PID=5474) to work on /home/nanah/airflow_venv/lib/python3.10/site-packages/airflow/example_dags/example_trigger_controller_dag.py
[2023-06-11T00:36:50.653+0200] {processor.py:758} INFO - Processing file /home/nanah/airflow_venv/lib/python3.10/site-packages/airflow/example_dags/example_trigger_controller_dag.py for tasks to queue
[2023-06-11T00:36:50.655+0200] {logging_mixin.py:117} INFO - [2023-06-11T00:36:50.655+0200] {dagbag.py:525} INFO - Filling up the DagBag from /home/nanah/airflow_venv/lib/python3.10/site-packages/airflow/example_dags/example_trigger_controller_dag.py
[2023-06-11T00:36:50.691+0200] {processor.py:768} INFO - DAG(s) dict_keys(['example_trigger_controller_dag']) retrieved from /home/nanah/airflow_venv/lib/python3.10/site-packages/airflow/example_dags/example_trigger_controller_dag.py
[2023-06-11T00:36:50.756+0200] {logging_mixin.py:117} INFO - [2023-06-11T00:36:50.756+0200] {dag.py:2573} INFO - Sync 1 DAGs
[2023-06-11T00:36:50.800+0200] {logging_mixin.py:117} INFO - [2023-06-11T00:36:50.800+0200] {dag.py:3324} INFO - Setting next_dagrun for example_trigger_controller_dag to 2021-01-01T00:00:00+00:00, run_after=2021-01-01T00:00:00+00:00
[2023-06-11T00:36:50.851+0200] {processor.py:178} INFO - Processing /home/nanah/airflow_venv/lib/python3.10/site-packages/airflow/example_dags/example_trigger_controller_dag.py took 0.215 seconds
[2023-06-11T00:38:29.198+0200] {processor.py:156} INFO - Started process (PID=5542) to work on /home/nanah/airflow_venv/lib/python3.10/site-packages/airflow/example_dags/example_trigger_controller_dag.py
[2023-06-11T00:38:29.203+0200] {processor.py:758} INFO - Processing file /home/nanah/airflow_venv/lib/python3.10/site-packages/airflow/example_dags/example_trigger_controller_dag.py for tasks to queue
[2023-06-11T00:38:29.205+0200] {logging_mixin.py:117} INFO - [2023-06-11T00:38:29.204+0200] {dagbag.py:525} INFO - Filling up the DagBag from /home/nanah/airflow_venv/lib/python3.10/site-packages/airflow/example_dags/example_trigger_controller_dag.py
[2023-06-11T00:38:29.243+0200] {processor.py:768} INFO - DAG(s) dict_keys(['example_trigger_controller_dag']) retrieved from /home/nanah/airflow_venv/lib/python3.10/site-packages/airflow/example_dags/example_trigger_controller_dag.py
[2023-06-11T00:38:29.341+0200] {logging_mixin.py:117} INFO - [2023-06-11T00:38:29.341+0200] {dag.py:2573} INFO - Sync 1 DAGs
[2023-06-11T00:38:29.398+0200] {logging_mixin.py:117} INFO - [2023-06-11T00:38:29.398+0200] {dag.py:3324} INFO - Setting next_dagrun for example_trigger_controller_dag to 2021-01-01T00:00:00+00:00, run_after=2021-01-01T00:00:00+00:00
[2023-06-11T00:38:29.457+0200] {processor.py:178} INFO - Processing /home/nanah/airflow_venv/lib/python3.10/site-packages/airflow/example_dags/example_trigger_controller_dag.py took 0.267 seconds
[2023-06-11T00:39:55.627+0200] {processor.py:156} INFO - Started process (PID=5611) to work on /home/nanah/airflow_venv/lib/python3.10/site-packages/airflow/example_dags/example_trigger_controller_dag.py
[2023-06-11T00:39:55.632+0200] {processor.py:758} INFO - Processing file /home/nanah/airflow_venv/lib/python3.10/site-packages/airflow/example_dags/example_trigger_controller_dag.py for tasks to queue
[2023-06-11T00:39:55.634+0200] {logging_mixin.py:117} INFO - [2023-06-11T00:39:55.633+0200] {dagbag.py:525} INFO - Filling up the DagBag from /home/nanah/airflow_venv/lib/python3.10/site-packages/airflow/example_dags/example_trigger_controller_dag.py
[2023-06-11T00:39:55.669+0200] {processor.py:768} INFO - DAG(s) dict_keys(['example_trigger_controller_dag']) retrieved from /home/nanah/airflow_venv/lib/python3.10/site-packages/airflow/example_dags/example_trigger_controller_dag.py
[2023-06-11T00:39:55.730+0200] {logging_mixin.py:117} INFO - [2023-06-11T00:39:55.730+0200] {dag.py:2573} INFO - Sync 1 DAGs
[2023-06-11T00:39:55.779+0200] {logging_mixin.py:117} INFO - [2023-06-11T00:39:55.779+0200] {dag.py:3324} INFO - Setting next_dagrun for example_trigger_controller_dag to 2021-01-01T00:00:00+00:00, run_after=2021-01-01T00:00:00+00:00
[2023-06-11T00:39:55.835+0200] {processor.py:178} INFO - Processing /home/nanah/airflow_venv/lib/python3.10/site-packages/airflow/example_dags/example_trigger_controller_dag.py took 0.215 seconds
[2023-06-11T00:41:22.077+0200] {processor.py:156} INFO - Started process (PID=5679) to work on /home/nanah/airflow_venv/lib/python3.10/site-packages/airflow/example_dags/example_trigger_controller_dag.py
[2023-06-11T00:41:22.080+0200] {processor.py:758} INFO - Processing file /home/nanah/airflow_venv/lib/python3.10/site-packages/airflow/example_dags/example_trigger_controller_dag.py for tasks to queue
[2023-06-11T00:41:22.091+0200] {logging_mixin.py:117} INFO - [2023-06-11T00:41:22.081+0200] {dagbag.py:525} INFO - Filling up the DagBag from /home/nanah/airflow_venv/lib/python3.10/site-packages/airflow/example_dags/example_trigger_controller_dag.py
[2023-06-11T00:41:22.149+0200] {processor.py:768} INFO - DAG(s) dict_keys(['example_trigger_controller_dag']) retrieved from /home/nanah/airflow_venv/lib/python3.10/site-packages/airflow/example_dags/example_trigger_controller_dag.py
[2023-06-11T00:41:22.294+0200] {logging_mixin.py:117} INFO - [2023-06-11T00:41:22.294+0200] {dag.py:2573} INFO - Sync 1 DAGs
[2023-06-11T00:41:22.394+0200] {logging_mixin.py:117} INFO - [2023-06-11T00:41:22.394+0200] {dag.py:3324} INFO - Setting next_dagrun for example_trigger_controller_dag to 2021-01-01T00:00:00+00:00, run_after=2021-01-01T00:00:00+00:00
[2023-06-11T00:41:22.496+0200] {processor.py:178} INFO - Processing /home/nanah/airflow_venv/lib/python3.10/site-packages/airflow/example_dags/example_trigger_controller_dag.py took 0.450 seconds
[2023-06-11T00:42:57.867+0200] {processor.py:156} INFO - Started process (PID=5751) to work on /home/nanah/airflow_venv/lib/python3.10/site-packages/airflow/example_dags/example_trigger_controller_dag.py
[2023-06-11T00:42:57.873+0200] {processor.py:758} INFO - Processing file /home/nanah/airflow_venv/lib/python3.10/site-packages/airflow/example_dags/example_trigger_controller_dag.py for tasks to queue
[2023-06-11T00:42:57.879+0200] {logging_mixin.py:117} INFO - [2023-06-11T00:42:57.878+0200] {dagbag.py:525} INFO - Filling up the DagBag from /home/nanah/airflow_venv/lib/python3.10/site-packages/airflow/example_dags/example_trigger_controller_dag.py
[2023-06-11T00:42:57.943+0200] {processor.py:768} INFO - DAG(s) dict_keys(['example_trigger_controller_dag']) retrieved from /home/nanah/airflow_venv/lib/python3.10/site-packages/airflow/example_dags/example_trigger_controller_dag.py
[2023-06-11T00:42:58.057+0200] {logging_mixin.py:117} INFO - [2023-06-11T00:42:58.056+0200] {dag.py:2573} INFO - Sync 1 DAGs
[2023-06-11T00:42:58.137+0200] {logging_mixin.py:117} INFO - [2023-06-11T00:42:58.137+0200] {dag.py:3324} INFO - Setting next_dagrun for example_trigger_controller_dag to 2021-01-01T00:00:00+00:00, run_after=2021-01-01T00:00:00+00:00
[2023-06-11T00:42:58.232+0200] {processor.py:178} INFO - Processing /home/nanah/airflow_venv/lib/python3.10/site-packages/airflow/example_dags/example_trigger_controller_dag.py took 0.383 seconds
[2023-06-11T00:44:25.955+0200] {processor.py:156} INFO - Started process (PID=5818) to work on /home/nanah/airflow_venv/lib/python3.10/site-packages/airflow/example_dags/example_trigger_controller_dag.py
[2023-06-11T00:44:25.963+0200] {processor.py:758} INFO - Processing file /home/nanah/airflow_venv/lib/python3.10/site-packages/airflow/example_dags/example_trigger_controller_dag.py for tasks to queue
[2023-06-11T00:44:25.965+0200] {logging_mixin.py:117} INFO - [2023-06-11T00:44:25.965+0200] {dagbag.py:525} INFO - Filling up the DagBag from /home/nanah/airflow_venv/lib/python3.10/site-packages/airflow/example_dags/example_trigger_controller_dag.py
[2023-06-11T00:44:26.011+0200] {processor.py:768} INFO - DAG(s) dict_keys(['example_trigger_controller_dag']) retrieved from /home/nanah/airflow_venv/lib/python3.10/site-packages/airflow/example_dags/example_trigger_controller_dag.py
[2023-06-11T00:44:26.105+0200] {logging_mixin.py:117} INFO - [2023-06-11T00:44:26.105+0200] {dag.py:2573} INFO - Sync 1 DAGs
[2023-06-11T00:44:26.189+0200] {logging_mixin.py:117} INFO - [2023-06-11T00:44:26.188+0200] {dag.py:3324} INFO - Setting next_dagrun for example_trigger_controller_dag to 2021-01-01T00:00:00+00:00, run_after=2021-01-01T00:00:00+00:00
[2023-06-11T00:44:26.257+0200] {processor.py:178} INFO - Processing /home/nanah/airflow_venv/lib/python3.10/site-packages/airflow/example_dags/example_trigger_controller_dag.py took 0.323 seconds
