[2023-06-11T00:12:25.441+0200] {processor.py:156} INFO - Started process (PID=4624) to work on /home/nanah/airflow_venv/lib/python3.10/site-packages/airflow/example_dags/example_branch_operator_decorator.py
[2023-06-11T00:12:25.454+0200] {processor.py:758} INFO - Processing file /home/nanah/airflow_venv/lib/python3.10/site-packages/airflow/example_dags/example_branch_operator_decorator.py for tasks to queue
[2023-06-11T00:12:25.455+0200] {logging_mixin.py:117} INFO - [2023-06-11T00:12:25.455+0200] {dagbag.py:525} INFO - Filling up the DagBag from /home/nanah/airflow_venv/lib/python3.10/site-packages/airflow/example_dags/example_branch_operator_decorator.py
[2023-06-11T00:12:25.627+0200] {processor.py:768} INFO - DAG(s) dict_keys(['example_branch_python_operator_decorator']) retrieved from /home/nanah/airflow_venv/lib/python3.10/site-packages/airflow/example_dags/example_branch_operator_decorator.py
[2023-06-11T00:12:25.750+0200] {logging_mixin.py:117} INFO - [2023-06-11T00:12:25.749+0200] {dag.py:2573} INFO - Sync 1 DAGs
[2023-06-11T00:12:25.889+0200] {logging_mixin.py:117} INFO - [2023-06-11T00:12:25.889+0200] {dag.py:3324} INFO - Setting next_dagrun for example_branch_python_operator_decorator to 2023-06-09T00:00:00+00:00, run_after=2023-06-10T00:00:00+00:00
[2023-06-11T00:12:25.992+0200] {processor.py:178} INFO - Processing /home/nanah/airflow_venv/lib/python3.10/site-packages/airflow/example_dags/example_branch_operator_decorator.py took 0.568 seconds
[2023-06-11T00:13:41.695+0200] {processor.py:156} INFO - Started process (PID=4663) to work on /home/nanah/airflow_venv/lib/python3.10/site-packages/airflow/example_dags/example_branch_operator_decorator.py
[2023-06-11T00:13:41.741+0200] {processor.py:758} INFO - Processing file /home/nanah/airflow_venv/lib/python3.10/site-packages/airflow/example_dags/example_branch_operator_decorator.py for tasks to queue
[2023-06-11T00:13:41.745+0200] {logging_mixin.py:117} INFO - [2023-06-11T00:13:41.744+0200] {dagbag.py:525} INFO - Filling up the DagBag from /home/nanah/airflow_venv/lib/python3.10/site-packages/airflow/example_dags/example_branch_operator_decorator.py
[2023-06-11T00:13:41.818+0200] {processor.py:768} INFO - DAG(s) dict_keys(['example_branch_python_operator_decorator']) retrieved from /home/nanah/airflow_venv/lib/python3.10/site-packages/airflow/example_dags/example_branch_operator_decorator.py
[2023-06-11T00:13:41.883+0200] {logging_mixin.py:117} INFO - [2023-06-11T00:13:41.882+0200] {dag.py:2573} INFO - Sync 1 DAGs
[2023-06-11T00:13:41.929+0200] {logging_mixin.py:117} INFO - [2023-06-11T00:13:41.929+0200] {dag.py:3324} INFO - Setting next_dagrun for example_branch_python_operator_decorator to 2023-06-09T00:00:00+00:00, run_after=2023-06-10T00:00:00+00:00
[2023-06-11T00:13:42.810+0200] {processor.py:178} INFO - Processing /home/nanah/airflow_venv/lib/python3.10/site-packages/airflow/example_dags/example_branch_operator_decorator.py took 1.122 seconds
[2023-06-11T00:14:51.702+0200] {processor.py:156} INFO - Started process (PID=4697) to work on /home/nanah/airflow_venv/lib/python3.10/site-packages/airflow/example_dags/example_branch_operator_decorator.py
[2023-06-11T00:14:51.933+0200] {processor.py:758} INFO - Processing file /home/nanah/airflow_venv/lib/python3.10/site-packages/airflow/example_dags/example_branch_operator_decorator.py for tasks to queue
[2023-06-11T00:14:51.959+0200] {logging_mixin.py:117} INFO - [2023-06-11T00:14:51.958+0200] {dagbag.py:525} INFO - Filling up the DagBag from /home/nanah/airflow_venv/lib/python3.10/site-packages/airflow/example_dags/example_branch_operator_decorator.py
[2023-06-11T00:14:52.081+0200] {processor.py:768} INFO - DAG(s) dict_keys(['example_branch_python_operator_decorator']) retrieved from /home/nanah/airflow_venv/lib/python3.10/site-packages/airflow/example_dags/example_branch_operator_decorator.py
[2023-06-11T00:14:52.194+0200] {logging_mixin.py:117} INFO - [2023-06-11T00:14:52.194+0200] {dag.py:2573} INFO - Sync 1 DAGs
[2023-06-11T00:14:52.300+0200] {logging_mixin.py:117} INFO - [2023-06-11T00:14:52.299+0200] {dag.py:3324} INFO - Setting next_dagrun for example_branch_python_operator_decorator to 2023-06-09T00:00:00+00:00, run_after=2023-06-10T00:00:00+00:00
[2023-06-11T00:14:52.382+0200] {processor.py:178} INFO - Processing /home/nanah/airflow_venv/lib/python3.10/site-packages/airflow/example_dags/example_branch_operator_decorator.py took 0.716 seconds
[2023-06-11T00:16:25.369+0200] {processor.py:156} INFO - Started process (PID=4746) to work on /home/nanah/airflow_venv/lib/python3.10/site-packages/airflow/example_dags/example_branch_operator_decorator.py
[2023-06-11T00:16:25.383+0200] {processor.py:758} INFO - Processing file /home/nanah/airflow_venv/lib/python3.10/site-packages/airflow/example_dags/example_branch_operator_decorator.py for tasks to queue
[2023-06-11T00:16:25.385+0200] {logging_mixin.py:117} INFO - [2023-06-11T00:16:25.384+0200] {dagbag.py:525} INFO - Filling up the DagBag from /home/nanah/airflow_venv/lib/python3.10/site-packages/airflow/example_dags/example_branch_operator_decorator.py
[2023-06-11T00:16:25.466+0200] {processor.py:768} INFO - DAG(s) dict_keys(['example_branch_python_operator_decorator']) retrieved from /home/nanah/airflow_venv/lib/python3.10/site-packages/airflow/example_dags/example_branch_operator_decorator.py
[2023-06-11T00:16:25.526+0200] {logging_mixin.py:117} INFO - [2023-06-11T00:16:25.526+0200] {dag.py:2573} INFO - Sync 1 DAGs
[2023-06-11T00:16:25.571+0200] {logging_mixin.py:117} INFO - [2023-06-11T00:16:25.571+0200] {dag.py:3324} INFO - Setting next_dagrun for example_branch_python_operator_decorator to 2023-06-09T00:00:00+00:00, run_after=2023-06-10T00:00:00+00:00
[2023-06-11T00:16:25.636+0200] {processor.py:178} INFO - Processing /home/nanah/airflow_venv/lib/python3.10/site-packages/airflow/example_dags/example_branch_operator_decorator.py took 0.275 seconds
[2023-06-11T00:17:18.084+0200] {processor.py:156} INFO - Started process (PID=4787) to work on /home/nanah/airflow_venv/lib/python3.10/site-packages/airflow/example_dags/example_branch_operator_decorator.py
[2023-06-11T00:17:18.090+0200] {processor.py:758} INFO - Processing file /home/nanah/airflow_venv/lib/python3.10/site-packages/airflow/example_dags/example_branch_operator_decorator.py for tasks to queue
[2023-06-11T00:17:18.091+0200] {logging_mixin.py:117} INFO - [2023-06-11T00:17:18.091+0200] {dagbag.py:525} INFO - Filling up the DagBag from /home/nanah/airflow_venv/lib/python3.10/site-packages/airflow/example_dags/example_branch_operator_decorator.py
[2023-06-11T00:17:18.188+0200] {processor.py:768} INFO - DAG(s) dict_keys(['example_branch_python_operator_decorator']) retrieved from /home/nanah/airflow_venv/lib/python3.10/site-packages/airflow/example_dags/example_branch_operator_decorator.py
[2023-06-11T00:17:18.252+0200] {logging_mixin.py:117} INFO - [2023-06-11T00:17:18.252+0200] {dag.py:2573} INFO - Sync 1 DAGs
[2023-06-11T00:17:18.301+0200] {logging_mixin.py:117} INFO - [2023-06-11T00:17:18.301+0200] {dag.py:3324} INFO - Setting next_dagrun for example_branch_python_operator_decorator to 2023-06-09T00:00:00+00:00, run_after=2023-06-10T00:00:00+00:00
[2023-06-11T00:17:18.645+0200] {processor.py:178} INFO - Processing /home/nanah/airflow_venv/lib/python3.10/site-packages/airflow/example_dags/example_branch_operator_decorator.py took 0.577 seconds
[2023-06-11T00:18:07.870+0200] {processor.py:156} INFO - Started process (PID=4822) to work on /home/nanah/airflow_venv/lib/python3.10/site-packages/airflow/example_dags/example_branch_operator_decorator.py
[2023-06-11T00:18:07.875+0200] {processor.py:758} INFO - Processing file /home/nanah/airflow_venv/lib/python3.10/site-packages/airflow/example_dags/example_branch_operator_decorator.py for tasks to queue
[2023-06-11T00:18:07.877+0200] {logging_mixin.py:117} INFO - [2023-06-11T00:18:07.876+0200] {dagbag.py:525} INFO - Filling up the DagBag from /home/nanah/airflow_venv/lib/python3.10/site-packages/airflow/example_dags/example_branch_operator_decorator.py
[2023-06-11T00:18:07.936+0200] {processor.py:768} INFO - DAG(s) dict_keys(['example_branch_python_operator_decorator']) retrieved from /home/nanah/airflow_venv/lib/python3.10/site-packages/airflow/example_dags/example_branch_operator_decorator.py
[2023-06-11T00:18:07.990+0200] {logging_mixin.py:117} INFO - [2023-06-11T00:18:07.989+0200] {dag.py:2573} INFO - Sync 1 DAGs
[2023-06-11T00:18:08.047+0200] {logging_mixin.py:117} INFO - [2023-06-11T00:18:08.047+0200] {dag.py:3324} INFO - Setting next_dagrun for example_branch_python_operator_decorator to 2023-06-09T00:00:00+00:00, run_after=2023-06-10T00:00:00+00:00
[2023-06-11T00:18:08.095+0200] {processor.py:178} INFO - Processing /home/nanah/airflow_venv/lib/python3.10/site-packages/airflow/example_dags/example_branch_operator_decorator.py took 0.232 seconds
[2023-06-11T00:18:51.809+0200] {processor.py:156} INFO - Started process (PID=4857) to work on /home/nanah/airflow_venv/lib/python3.10/site-packages/airflow/example_dags/example_branch_operator_decorator.py
[2023-06-11T00:18:51.812+0200] {processor.py:758} INFO - Processing file /home/nanah/airflow_venv/lib/python3.10/site-packages/airflow/example_dags/example_branch_operator_decorator.py for tasks to queue
[2023-06-11T00:18:51.813+0200] {logging_mixin.py:117} INFO - [2023-06-11T00:18:51.813+0200] {dagbag.py:525} INFO - Filling up the DagBag from /home/nanah/airflow_venv/lib/python3.10/site-packages/airflow/example_dags/example_branch_operator_decorator.py
[2023-06-11T00:18:51.876+0200] {processor.py:768} INFO - DAG(s) dict_keys(['example_branch_python_operator_decorator']) retrieved from /home/nanah/airflow_venv/lib/python3.10/site-packages/airflow/example_dags/example_branch_operator_decorator.py
[2023-06-11T00:18:51.931+0200] {logging_mixin.py:117} INFO - [2023-06-11T00:18:51.931+0200] {dag.py:2573} INFO - Sync 1 DAGs
[2023-06-11T00:18:51.977+0200] {logging_mixin.py:117} INFO - [2023-06-11T00:18:51.977+0200] {dag.py:3324} INFO - Setting next_dagrun for example_branch_python_operator_decorator to 2023-06-09T00:00:00+00:00, run_after=2023-06-10T00:00:00+00:00
[2023-06-11T00:18:52.037+0200] {processor.py:178} INFO - Processing /home/nanah/airflow_venv/lib/python3.10/site-packages/airflow/example_dags/example_branch_operator_decorator.py took 0.238 seconds
[2023-06-11T00:20:13.270+0200] {processor.py:156} INFO - Started process (PID=4900) to work on /home/nanah/airflow_venv/lib/python3.10/site-packages/airflow/example_dags/example_branch_operator_decorator.py
[2023-06-11T00:20:13.276+0200] {processor.py:758} INFO - Processing file /home/nanah/airflow_venv/lib/python3.10/site-packages/airflow/example_dags/example_branch_operator_decorator.py for tasks to queue
[2023-06-11T00:20:13.277+0200] {logging_mixin.py:117} INFO - [2023-06-11T00:20:13.277+0200] {dagbag.py:525} INFO - Filling up the DagBag from /home/nanah/airflow_venv/lib/python3.10/site-packages/airflow/example_dags/example_branch_operator_decorator.py
[2023-06-11T00:20:13.350+0200] {processor.py:768} INFO - DAG(s) dict_keys(['example_branch_python_operator_decorator']) retrieved from /home/nanah/airflow_venv/lib/python3.10/site-packages/airflow/example_dags/example_branch_operator_decorator.py
[2023-06-11T00:20:13.441+0200] {logging_mixin.py:117} INFO - [2023-06-11T00:20:13.441+0200] {dag.py:2573} INFO - Sync 1 DAGs
[2023-06-11T00:20:13.517+0200] {logging_mixin.py:117} INFO - [2023-06-11T00:20:13.517+0200] {dag.py:3324} INFO - Setting next_dagrun for example_branch_python_operator_decorator to 2023-06-09T00:00:00+00:00, run_after=2023-06-10T00:00:00+00:00
[2023-06-11T00:20:13.592+0200] {processor.py:178} INFO - Processing /home/nanah/airflow_venv/lib/python3.10/site-packages/airflow/example_dags/example_branch_operator_decorator.py took 0.331 seconds
[2023-06-11T00:21:13.858+0200] {processor.py:156} INFO - Started process (PID=4936) to work on /home/nanah/airflow_venv/lib/python3.10/site-packages/airflow/example_dags/example_branch_operator_decorator.py
[2023-06-11T00:21:13.865+0200] {processor.py:758} INFO - Processing file /home/nanah/airflow_venv/lib/python3.10/site-packages/airflow/example_dags/example_branch_operator_decorator.py for tasks to queue
[2023-06-11T00:21:13.867+0200] {logging_mixin.py:117} INFO - [2023-06-11T00:21:13.866+0200] {dagbag.py:525} INFO - Filling up the DagBag from /home/nanah/airflow_venv/lib/python3.10/site-packages/airflow/example_dags/example_branch_operator_decorator.py
[2023-06-11T00:21:14.024+0200] {processor.py:768} INFO - DAG(s) dict_keys(['example_branch_python_operator_decorator']) retrieved from /home/nanah/airflow_venv/lib/python3.10/site-packages/airflow/example_dags/example_branch_operator_decorator.py
[2023-06-11T00:21:14.215+0200] {logging_mixin.py:117} INFO - [2023-06-11T00:21:14.214+0200] {dag.py:2573} INFO - Sync 1 DAGs
[2023-06-11T00:21:14.434+0200] {logging_mixin.py:117} INFO - [2023-06-11T00:21:14.433+0200] {dag.py:3324} INFO - Setting next_dagrun for example_branch_python_operator_decorator to 2023-06-09T00:00:00+00:00, run_after=2023-06-10T00:00:00+00:00
[2023-06-11T00:21:14.618+0200] {processor.py:178} INFO - Processing /home/nanah/airflow_venv/lib/python3.10/site-packages/airflow/example_dags/example_branch_operator_decorator.py took 0.772 seconds
[2023-06-11T00:22:24.329+0200] {processor.py:156} INFO - Started process (PID=4973) to work on /home/nanah/airflow_venv/lib/python3.10/site-packages/airflow/example_dags/example_branch_operator_decorator.py
[2023-06-11T00:22:24.337+0200] {processor.py:758} INFO - Processing file /home/nanah/airflow_venv/lib/python3.10/site-packages/airflow/example_dags/example_branch_operator_decorator.py for tasks to queue
[2023-06-11T00:22:24.339+0200] {logging_mixin.py:117} INFO - [2023-06-11T00:22:24.338+0200] {dagbag.py:525} INFO - Filling up the DagBag from /home/nanah/airflow_venv/lib/python3.10/site-packages/airflow/example_dags/example_branch_operator_decorator.py
[2023-06-11T00:22:24.419+0200] {processor.py:768} INFO - DAG(s) dict_keys(['example_branch_python_operator_decorator']) retrieved from /home/nanah/airflow_venv/lib/python3.10/site-packages/airflow/example_dags/example_branch_operator_decorator.py
[2023-06-11T00:22:24.496+0200] {logging_mixin.py:117} INFO - [2023-06-11T00:22:24.495+0200] {dag.py:2573} INFO - Sync 1 DAGs
[2023-06-11T00:22:24.562+0200] {logging_mixin.py:117} INFO - [2023-06-11T00:22:24.562+0200] {dag.py:3324} INFO - Setting next_dagrun for example_branch_python_operator_decorator to 2023-06-09T00:00:00+00:00, run_after=2023-06-10T00:00:00+00:00
[2023-06-11T00:22:24.621+0200] {processor.py:178} INFO - Processing /home/nanah/airflow_venv/lib/python3.10/site-packages/airflow/example_dags/example_branch_operator_decorator.py took 0.298 seconds
[2023-06-11T00:23:17.686+0200] {processor.py:156} INFO - Started process (PID=5007) to work on /home/nanah/airflow_venv/lib/python3.10/site-packages/airflow/example_dags/example_branch_operator_decorator.py
[2023-06-11T00:23:17.705+0200] {processor.py:758} INFO - Processing file /home/nanah/airflow_venv/lib/python3.10/site-packages/airflow/example_dags/example_branch_operator_decorator.py for tasks to queue
[2023-06-11T00:23:17.707+0200] {logging_mixin.py:117} INFO - [2023-06-11T00:23:17.706+0200] {dagbag.py:525} INFO - Filling up the DagBag from /home/nanah/airflow_venv/lib/python3.10/site-packages/airflow/example_dags/example_branch_operator_decorator.py
[2023-06-11T00:23:17.814+0200] {processor.py:768} INFO - DAG(s) dict_keys(['example_branch_python_operator_decorator']) retrieved from /home/nanah/airflow_venv/lib/python3.10/site-packages/airflow/example_dags/example_branch_operator_decorator.py
[2023-06-11T00:23:17.902+0200] {logging_mixin.py:117} INFO - [2023-06-11T00:23:17.901+0200] {dag.py:2573} INFO - Sync 1 DAGs
[2023-06-11T00:23:17.995+0200] {logging_mixin.py:117} INFO - [2023-06-11T00:23:17.994+0200] {dag.py:3324} INFO - Setting next_dagrun for example_branch_python_operator_decorator to 2023-06-09T00:00:00+00:00, run_after=2023-06-10T00:00:00+00:00
[2023-06-11T00:23:18.107+0200] {processor.py:178} INFO - Processing /home/nanah/airflow_venv/lib/python3.10/site-packages/airflow/example_dags/example_branch_operator_decorator.py took 0.427 seconds
[2023-06-11T00:24:28.492+0200] {processor.py:156} INFO - Started process (PID=5043) to work on /home/nanah/airflow_venv/lib/python3.10/site-packages/airflow/example_dags/example_branch_operator_decorator.py
[2023-06-11T00:24:28.506+0200] {processor.py:758} INFO - Processing file /home/nanah/airflow_venv/lib/python3.10/site-packages/airflow/example_dags/example_branch_operator_decorator.py for tasks to queue
[2023-06-11T00:24:28.509+0200] {logging_mixin.py:117} INFO - [2023-06-11T00:24:28.508+0200] {dagbag.py:525} INFO - Filling up the DagBag from /home/nanah/airflow_venv/lib/python3.10/site-packages/airflow/example_dags/example_branch_operator_decorator.py
[2023-06-11T00:24:28.730+0200] {processor.py:768} INFO - DAG(s) dict_keys(['example_branch_python_operator_decorator']) retrieved from /home/nanah/airflow_venv/lib/python3.10/site-packages/airflow/example_dags/example_branch_operator_decorator.py
[2023-06-11T00:24:28.937+0200] {logging_mixin.py:117} INFO - [2023-06-11T00:24:28.937+0200] {dag.py:2573} INFO - Sync 1 DAGs
[2023-06-11T00:24:29.082+0200] {logging_mixin.py:117} INFO - [2023-06-11T00:24:29.082+0200] {dag.py:3324} INFO - Setting next_dagrun for example_branch_python_operator_decorator to 2023-06-09T00:00:00+00:00, run_after=2023-06-10T00:00:00+00:00
[2023-06-11T00:24:29.719+0200] {processor.py:178} INFO - Processing /home/nanah/airflow_venv/lib/python3.10/site-packages/airflow/example_dags/example_branch_operator_decorator.py took 1.244 seconds
[2023-06-11T00:26:12.383+0200] {processor.py:156} INFO - Started process (PID=5078) to work on /home/nanah/airflow_venv/lib/python3.10/site-packages/airflow/example_dags/example_branch_operator_decorator.py
[2023-06-11T00:26:12.387+0200] {processor.py:758} INFO - Processing file /home/nanah/airflow_venv/lib/python3.10/site-packages/airflow/example_dags/example_branch_operator_decorator.py for tasks to queue
[2023-06-11T00:26:12.388+0200] {logging_mixin.py:117} INFO - [2023-06-11T00:26:12.388+0200] {dagbag.py:525} INFO - Filling up the DagBag from /home/nanah/airflow_venv/lib/python3.10/site-packages/airflow/example_dags/example_branch_operator_decorator.py
[2023-06-11T00:26:12.513+0200] {processor.py:768} INFO - DAG(s) dict_keys(['example_branch_python_operator_decorator']) retrieved from /home/nanah/airflow_venv/lib/python3.10/site-packages/airflow/example_dags/example_branch_operator_decorator.py
[2023-06-11T00:26:12.675+0200] {logging_mixin.py:117} INFO - [2023-06-11T00:26:12.674+0200] {dag.py:2573} INFO - Sync 1 DAGs
[2023-06-11T00:26:13.311+0200] {logging_mixin.py:117} INFO - [2023-06-11T00:26:13.310+0200] {dag.py:3324} INFO - Setting next_dagrun for example_branch_python_operator_decorator to 2023-06-09T00:00:00+00:00, run_after=2023-06-10T00:00:00+00:00
[2023-06-11T00:26:13.491+0200] {processor.py:178} INFO - Processing /home/nanah/airflow_venv/lib/python3.10/site-packages/airflow/example_dags/example_branch_operator_decorator.py took 1.130 seconds
[2023-06-11T00:27:15.190+0200] {processor.py:156} INFO - Started process (PID=5115) to work on /home/nanah/airflow_venv/lib/python3.10/site-packages/airflow/example_dags/example_branch_operator_decorator.py
[2023-06-11T00:27:15.195+0200] {processor.py:758} INFO - Processing file /home/nanah/airflow_venv/lib/python3.10/site-packages/airflow/example_dags/example_branch_operator_decorator.py for tasks to queue
[2023-06-11T00:27:15.196+0200] {logging_mixin.py:117} INFO - [2023-06-11T00:27:15.196+0200] {dagbag.py:525} INFO - Filling up the DagBag from /home/nanah/airflow_venv/lib/python3.10/site-packages/airflow/example_dags/example_branch_operator_decorator.py
[2023-06-11T00:27:15.283+0200] {processor.py:768} INFO - DAG(s) dict_keys(['example_branch_python_operator_decorator']) retrieved from /home/nanah/airflow_venv/lib/python3.10/site-packages/airflow/example_dags/example_branch_operator_decorator.py
[2023-06-11T00:27:15.396+0200] {logging_mixin.py:117} INFO - [2023-06-11T00:27:15.396+0200] {dag.py:2573} INFO - Sync 1 DAGs
[2023-06-11T00:27:15.788+0200] {logging_mixin.py:117} INFO - [2023-06-11T00:27:15.788+0200] {dag.py:3324} INFO - Setting next_dagrun for example_branch_python_operator_decorator to 2023-06-09T00:00:00+00:00, run_after=2023-06-10T00:00:00+00:00
[2023-06-11T00:27:15.869+0200] {processor.py:178} INFO - Processing /home/nanah/airflow_venv/lib/python3.10/site-packages/airflow/example_dags/example_branch_operator_decorator.py took 0.690 seconds
[2023-06-11T00:28:18.144+0200] {processor.py:156} INFO - Started process (PID=5152) to work on /home/nanah/airflow_venv/lib/python3.10/site-packages/airflow/example_dags/example_branch_operator_decorator.py
[2023-06-11T00:28:18.147+0200] {processor.py:758} INFO - Processing file /home/nanah/airflow_venv/lib/python3.10/site-packages/airflow/example_dags/example_branch_operator_decorator.py for tasks to queue
[2023-06-11T00:28:18.149+0200] {logging_mixin.py:117} INFO - [2023-06-11T00:28:18.148+0200] {dagbag.py:525} INFO - Filling up the DagBag from /home/nanah/airflow_venv/lib/python3.10/site-packages/airflow/example_dags/example_branch_operator_decorator.py
[2023-06-11T00:28:18.219+0200] {processor.py:768} INFO - DAG(s) dict_keys(['example_branch_python_operator_decorator']) retrieved from /home/nanah/airflow_venv/lib/python3.10/site-packages/airflow/example_dags/example_branch_operator_decorator.py
[2023-06-11T00:28:18.300+0200] {logging_mixin.py:117} INFO - [2023-06-11T00:28:18.300+0200] {dag.py:2573} INFO - Sync 1 DAGs
[2023-06-11T00:28:18.976+0200] {logging_mixin.py:117} INFO - [2023-06-11T00:28:18.976+0200] {dag.py:3324} INFO - Setting next_dagrun for example_branch_python_operator_decorator to 2023-06-09T00:00:00+00:00, run_after=2023-06-10T00:00:00+00:00
[2023-06-11T00:28:19.091+0200] {processor.py:178} INFO - Processing /home/nanah/airflow_venv/lib/python3.10/site-packages/airflow/example_dags/example_branch_operator_decorator.py took 0.963 seconds
[2023-06-11T00:29:12.515+0200] {processor.py:156} INFO - Started process (PID=5186) to work on /home/nanah/airflow_venv/lib/python3.10/site-packages/airflow/example_dags/example_branch_operator_decorator.py
[2023-06-11T00:29:12.520+0200] {processor.py:758} INFO - Processing file /home/nanah/airflow_venv/lib/python3.10/site-packages/airflow/example_dags/example_branch_operator_decorator.py for tasks to queue
[2023-06-11T00:29:12.521+0200] {logging_mixin.py:117} INFO - [2023-06-11T00:29:12.521+0200] {dagbag.py:525} INFO - Filling up the DagBag from /home/nanah/airflow_venv/lib/python3.10/site-packages/airflow/example_dags/example_branch_operator_decorator.py
[2023-06-11T00:29:12.600+0200] {processor.py:768} INFO - DAG(s) dict_keys(['example_branch_python_operator_decorator']) retrieved from /home/nanah/airflow_venv/lib/python3.10/site-packages/airflow/example_dags/example_branch_operator_decorator.py
[2023-06-11T00:29:12.959+0200] {logging_mixin.py:117} INFO - [2023-06-11T00:29:12.958+0200] {dag.py:2573} INFO - Sync 1 DAGs
[2023-06-11T00:29:13.009+0200] {logging_mixin.py:117} INFO - [2023-06-11T00:29:13.009+0200] {dag.py:3324} INFO - Setting next_dagrun for example_branch_python_operator_decorator to 2023-06-09T00:00:00+00:00, run_after=2023-06-10T00:00:00+00:00
[2023-06-11T00:29:13.065+0200] {processor.py:178} INFO - Processing /home/nanah/airflow_venv/lib/python3.10/site-packages/airflow/example_dags/example_branch_operator_decorator.py took 0.559 seconds
[2023-06-11T00:30:11.975+0200] {processor.py:156} INFO - Started process (PID=5220) to work on /home/nanah/airflow_venv/lib/python3.10/site-packages/airflow/example_dags/example_branch_operator_decorator.py
[2023-06-11T00:30:11.992+0200] {processor.py:758} INFO - Processing file /home/nanah/airflow_venv/lib/python3.10/site-packages/airflow/example_dags/example_branch_operator_decorator.py for tasks to queue
[2023-06-11T00:30:11.993+0200] {logging_mixin.py:117} INFO - [2023-06-11T00:30:11.993+0200] {dagbag.py:525} INFO - Filling up the DagBag from /home/nanah/airflow_venv/lib/python3.10/site-packages/airflow/example_dags/example_branch_operator_decorator.py
[2023-06-11T00:30:12.121+0200] {processor.py:768} INFO - DAG(s) dict_keys(['example_branch_python_operator_decorator']) retrieved from /home/nanah/airflow_venv/lib/python3.10/site-packages/airflow/example_dags/example_branch_operator_decorator.py
[2023-06-11T00:30:12.915+0200] {logging_mixin.py:117} INFO - [2023-06-11T00:30:12.915+0200] {dag.py:2573} INFO - Sync 1 DAGs
[2023-06-11T00:30:12.979+0200] {logging_mixin.py:117} INFO - [2023-06-11T00:30:12.978+0200] {dag.py:3324} INFO - Setting next_dagrun for example_branch_python_operator_decorator to 2023-06-09T00:00:00+00:00, run_after=2023-06-10T00:00:00+00:00
[2023-06-11T00:30:13.057+0200] {processor.py:178} INFO - Processing /home/nanah/airflow_venv/lib/python3.10/site-packages/airflow/example_dags/example_branch_operator_decorator.py took 1.090 seconds
[2023-06-11T00:31:19.895+0200] {processor.py:156} INFO - Started process (PID=5257) to work on /home/nanah/airflow_venv/lib/python3.10/site-packages/airflow/example_dags/example_branch_operator_decorator.py
[2023-06-11T00:31:19.898+0200] {processor.py:758} INFO - Processing file /home/nanah/airflow_venv/lib/python3.10/site-packages/airflow/example_dags/example_branch_operator_decorator.py for tasks to queue
[2023-06-11T00:31:19.900+0200] {logging_mixin.py:117} INFO - [2023-06-11T00:31:19.899+0200] {dagbag.py:525} INFO - Filling up the DagBag from /home/nanah/airflow_venv/lib/python3.10/site-packages/airflow/example_dags/example_branch_operator_decorator.py
[2023-06-11T00:31:19.965+0200] {processor.py:768} INFO - DAG(s) dict_keys(['example_branch_python_operator_decorator']) retrieved from /home/nanah/airflow_venv/lib/python3.10/site-packages/airflow/example_dags/example_branch_operator_decorator.py
[2023-06-11T00:31:20.848+0200] {logging_mixin.py:117} INFO - [2023-06-11T00:31:20.847+0200] {dag.py:2573} INFO - Sync 1 DAGs
[2023-06-11T00:31:21.012+0200] {logging_mixin.py:117} INFO - [2023-06-11T00:31:21.011+0200] {dag.py:3324} INFO - Setting next_dagrun for example_branch_python_operator_decorator to 2023-06-09T00:00:00+00:00, run_after=2023-06-10T00:00:00+00:00
[2023-06-11T00:31:21.158+0200] {processor.py:178} INFO - Processing /home/nanah/airflow_venv/lib/python3.10/site-packages/airflow/example_dags/example_branch_operator_decorator.py took 1.274 seconds
[2023-06-11T00:32:15.473+0200] {processor.py:156} INFO - Started process (PID=5292) to work on /home/nanah/airflow_venv/lib/python3.10/site-packages/airflow/example_dags/example_branch_operator_decorator.py
[2023-06-11T00:32:15.479+0200] {processor.py:758} INFO - Processing file /home/nanah/airflow_venv/lib/python3.10/site-packages/airflow/example_dags/example_branch_operator_decorator.py for tasks to queue
[2023-06-11T00:32:15.481+0200] {logging_mixin.py:117} INFO - [2023-06-11T00:32:15.481+0200] {dagbag.py:525} INFO - Filling up the DagBag from /home/nanah/airflow_venv/lib/python3.10/site-packages/airflow/example_dags/example_branch_operator_decorator.py
[2023-06-11T00:32:15.918+0200] {processor.py:768} INFO - DAG(s) dict_keys(['example_branch_python_operator_decorator']) retrieved from /home/nanah/airflow_venv/lib/python3.10/site-packages/airflow/example_dags/example_branch_operator_decorator.py
[2023-06-11T00:32:15.977+0200] {logging_mixin.py:117} INFO - [2023-06-11T00:32:15.976+0200] {dag.py:2573} INFO - Sync 1 DAGs
[2023-06-11T00:32:16.035+0200] {logging_mixin.py:117} INFO - [2023-06-11T00:32:16.035+0200] {dag.py:3324} INFO - Setting next_dagrun for example_branch_python_operator_decorator to 2023-06-09T00:00:00+00:00, run_after=2023-06-10T00:00:00+00:00
[2023-06-11T00:32:16.094+0200] {processor.py:178} INFO - Processing /home/nanah/airflow_venv/lib/python3.10/site-packages/airflow/example_dags/example_branch_operator_decorator.py took 0.636 seconds
[2023-06-11T00:33:11.363+0200] {processor.py:156} INFO - Started process (PID=5328) to work on /home/nanah/airflow_venv/lib/python3.10/site-packages/airflow/example_dags/example_branch_operator_decorator.py
[2023-06-11T00:33:11.368+0200] {processor.py:758} INFO - Processing file /home/nanah/airflow_venv/lib/python3.10/site-packages/airflow/example_dags/example_branch_operator_decorator.py for tasks to queue
[2023-06-11T00:33:11.370+0200] {logging_mixin.py:117} INFO - [2023-06-11T00:33:11.370+0200] {dagbag.py:525} INFO - Filling up the DagBag from /home/nanah/airflow_venv/lib/python3.10/site-packages/airflow/example_dags/example_branch_operator_decorator.py
[2023-06-11T00:33:11.762+0200] {processor.py:768} INFO - DAG(s) dict_keys(['example_branch_python_operator_decorator']) retrieved from /home/nanah/airflow_venv/lib/python3.10/site-packages/airflow/example_dags/example_branch_operator_decorator.py
[2023-06-11T00:33:11.817+0200] {logging_mixin.py:117} INFO - [2023-06-11T00:33:11.817+0200] {dag.py:2573} INFO - Sync 1 DAGs
[2023-06-11T00:33:11.875+0200] {logging_mixin.py:117} INFO - [2023-06-11T00:33:11.875+0200] {dag.py:3324} INFO - Setting next_dagrun for example_branch_python_operator_decorator to 2023-06-09T00:00:00+00:00, run_after=2023-06-10T00:00:00+00:00
[2023-06-11T00:33:11.929+0200] {processor.py:178} INFO - Processing /home/nanah/airflow_venv/lib/python3.10/site-packages/airflow/example_dags/example_branch_operator_decorator.py took 0.574 seconds
[2023-06-11T00:34:10.869+0200] {processor.py:156} INFO - Started process (PID=5363) to work on /home/nanah/airflow_venv/lib/python3.10/site-packages/airflow/example_dags/example_branch_operator_decorator.py
[2023-06-11T00:34:10.873+0200] {processor.py:758} INFO - Processing file /home/nanah/airflow_venv/lib/python3.10/site-packages/airflow/example_dags/example_branch_operator_decorator.py for tasks to queue
[2023-06-11T00:34:10.874+0200] {logging_mixin.py:117} INFO - [2023-06-11T00:34:10.874+0200] {dagbag.py:525} INFO - Filling up the DagBag from /home/nanah/airflow_venv/lib/python3.10/site-packages/airflow/example_dags/example_branch_operator_decorator.py
[2023-06-11T00:34:11.002+0200] {processor.py:768} INFO - DAG(s) dict_keys(['example_branch_python_operator_decorator']) retrieved from /home/nanah/airflow_venv/lib/python3.10/site-packages/airflow/example_dags/example_branch_operator_decorator.py
[2023-06-11T00:34:11.189+0200] {logging_mixin.py:117} INFO - [2023-06-11T00:34:11.188+0200] {dag.py:2573} INFO - Sync 1 DAGs
[2023-06-11T00:34:11.374+0200] {logging_mixin.py:117} INFO - [2023-06-11T00:34:11.373+0200] {dag.py:3324} INFO - Setting next_dagrun for example_branch_python_operator_decorator to 2023-06-09T00:00:00+00:00, run_after=2023-06-10T00:00:00+00:00
[2023-06-11T00:34:11.565+0200] {processor.py:178} INFO - Processing /home/nanah/airflow_venv/lib/python3.10/site-packages/airflow/example_dags/example_branch_operator_decorator.py took 1.343 seconds
[2023-06-11T00:35:16.188+0200] {processor.py:156} INFO - Started process (PID=5401) to work on /home/nanah/airflow_venv/lib/python3.10/site-packages/airflow/example_dags/example_branch_operator_decorator.py
[2023-06-11T00:35:16.191+0200] {processor.py:758} INFO - Processing file /home/nanah/airflow_venv/lib/python3.10/site-packages/airflow/example_dags/example_branch_operator_decorator.py for tasks to queue
[2023-06-11T00:35:16.203+0200] {logging_mixin.py:117} INFO - [2023-06-11T00:35:16.202+0200] {dagbag.py:525} INFO - Filling up the DagBag from /home/nanah/airflow_venv/lib/python3.10/site-packages/airflow/example_dags/example_branch_operator_decorator.py
[2023-06-11T00:35:17.037+0200] {processor.py:768} INFO - DAG(s) dict_keys(['example_branch_python_operator_decorator']) retrieved from /home/nanah/airflow_venv/lib/python3.10/site-packages/airflow/example_dags/example_branch_operator_decorator.py
[2023-06-11T00:35:17.245+0200] {logging_mixin.py:117} INFO - [2023-06-11T00:35:17.245+0200] {dag.py:2573} INFO - Sync 1 DAGs
[2023-06-11T00:35:17.406+0200] {logging_mixin.py:117} INFO - [2023-06-11T00:35:17.405+0200] {dag.py:3324} INFO - Setting next_dagrun for example_branch_python_operator_decorator to 2023-06-09T00:00:00+00:00, run_after=2023-06-10T00:00:00+00:00
[2023-06-11T00:35:17.570+0200] {processor.py:178} INFO - Processing /home/nanah/airflow_venv/lib/python3.10/site-packages/airflow/example_dags/example_branch_operator_decorator.py took 1.400 seconds
[2023-06-11T00:36:02.390+0200] {processor.py:156} INFO - Started process (PID=5437) to work on /home/nanah/airflow_venv/lib/python3.10/site-packages/airflow/example_dags/example_branch_operator_decorator.py
[2023-06-11T00:36:02.397+0200] {processor.py:758} INFO - Processing file /home/nanah/airflow_venv/lib/python3.10/site-packages/airflow/example_dags/example_branch_operator_decorator.py for tasks to queue
[2023-06-11T00:36:02.399+0200] {logging_mixin.py:117} INFO - [2023-06-11T00:36:02.398+0200] {dagbag.py:525} INFO - Filling up the DagBag from /home/nanah/airflow_venv/lib/python3.10/site-packages/airflow/example_dags/example_branch_operator_decorator.py
[2023-06-11T00:36:02.458+0200] {processor.py:768} INFO - DAG(s) dict_keys(['example_branch_python_operator_decorator']) retrieved from /home/nanah/airflow_venv/lib/python3.10/site-packages/airflow/example_dags/example_branch_operator_decorator.py
[2023-06-11T00:36:02.514+0200] {logging_mixin.py:117} INFO - [2023-06-11T00:36:02.514+0200] {dag.py:2573} INFO - Sync 1 DAGs
[2023-06-11T00:36:02.557+0200] {logging_mixin.py:117} INFO - [2023-06-11T00:36:02.556+0200] {dag.py:3324} INFO - Setting next_dagrun for example_branch_python_operator_decorator to 2023-06-09T00:00:00+00:00, run_after=2023-06-10T00:00:00+00:00
[2023-06-11T00:36:02.607+0200] {processor.py:178} INFO - Processing /home/nanah/airflow_venv/lib/python3.10/site-packages/airflow/example_dags/example_branch_operator_decorator.py took 0.224 seconds
[2023-06-11T00:36:45.155+0200] {processor.py:156} INFO - Started process (PID=5470) to work on /home/nanah/airflow_venv/lib/python3.10/site-packages/airflow/example_dags/example_branch_operator_decorator.py
[2023-06-11T00:36:45.159+0200] {processor.py:758} INFO - Processing file /home/nanah/airflow_venv/lib/python3.10/site-packages/airflow/example_dags/example_branch_operator_decorator.py for tasks to queue
[2023-06-11T00:36:45.161+0200] {logging_mixin.py:117} INFO - [2023-06-11T00:36:45.161+0200] {dagbag.py:525} INFO - Filling up the DagBag from /home/nanah/airflow_venv/lib/python3.10/site-packages/airflow/example_dags/example_branch_operator_decorator.py
[2023-06-11T00:36:45.222+0200] {processor.py:768} INFO - DAG(s) dict_keys(['example_branch_python_operator_decorator']) retrieved from /home/nanah/airflow_venv/lib/python3.10/site-packages/airflow/example_dags/example_branch_operator_decorator.py
[2023-06-11T00:36:45.278+0200] {logging_mixin.py:117} INFO - [2023-06-11T00:36:45.278+0200] {dag.py:2573} INFO - Sync 1 DAGs
[2023-06-11T00:36:45.320+0200] {logging_mixin.py:117} INFO - [2023-06-11T00:36:45.320+0200] {dag.py:3324} INFO - Setting next_dagrun for example_branch_python_operator_decorator to 2023-06-09T00:00:00+00:00, run_after=2023-06-10T00:00:00+00:00
[2023-06-11T00:36:45.369+0200] {processor.py:178} INFO - Processing /home/nanah/airflow_venv/lib/python3.10/site-packages/airflow/example_dags/example_branch_operator_decorator.py took 0.236 seconds
[2023-06-11T00:37:32.197+0200] {processor.py:156} INFO - Started process (PID=5504) to work on /home/nanah/airflow_venv/lib/python3.10/site-packages/airflow/example_dags/example_branch_operator_decorator.py
[2023-06-11T00:37:32.206+0200] {processor.py:758} INFO - Processing file /home/nanah/airflow_venv/lib/python3.10/site-packages/airflow/example_dags/example_branch_operator_decorator.py for tasks to queue
[2023-06-11T00:37:32.207+0200] {logging_mixin.py:117} INFO - [2023-06-11T00:37:32.207+0200] {dagbag.py:525} INFO - Filling up the DagBag from /home/nanah/airflow_venv/lib/python3.10/site-packages/airflow/example_dags/example_branch_operator_decorator.py
[2023-06-11T00:37:32.272+0200] {processor.py:768} INFO - DAG(s) dict_keys(['example_branch_python_operator_decorator']) retrieved from /home/nanah/airflow_venv/lib/python3.10/site-packages/airflow/example_dags/example_branch_operator_decorator.py
[2023-06-11T00:37:32.334+0200] {logging_mixin.py:117} INFO - [2023-06-11T00:37:32.334+0200] {dag.py:2573} INFO - Sync 1 DAGs
[2023-06-11T00:37:32.389+0200] {logging_mixin.py:117} INFO - [2023-06-11T00:37:32.388+0200] {dag.py:3324} INFO - Setting next_dagrun for example_branch_python_operator_decorator to 2023-06-09T00:00:00+00:00, run_after=2023-06-10T00:00:00+00:00
[2023-06-11T00:37:32.448+0200] {processor.py:178} INFO - Processing /home/nanah/airflow_venv/lib/python3.10/site-packages/airflow/example_dags/example_branch_operator_decorator.py took 0.260 seconds
[2023-06-11T00:38:23.786+0200] {processor.py:156} INFO - Started process (PID=5538) to work on /home/nanah/airflow_venv/lib/python3.10/site-packages/airflow/example_dags/example_branch_operator_decorator.py
[2023-06-11T00:38:23.790+0200] {processor.py:758} INFO - Processing file /home/nanah/airflow_venv/lib/python3.10/site-packages/airflow/example_dags/example_branch_operator_decorator.py for tasks to queue
[2023-06-11T00:38:23.791+0200] {logging_mixin.py:117} INFO - [2023-06-11T00:38:23.791+0200] {dagbag.py:525} INFO - Filling up the DagBag from /home/nanah/airflow_venv/lib/python3.10/site-packages/airflow/example_dags/example_branch_operator_decorator.py
[2023-06-11T00:38:23.853+0200] {processor.py:768} INFO - DAG(s) dict_keys(['example_branch_python_operator_decorator']) retrieved from /home/nanah/airflow_venv/lib/python3.10/site-packages/airflow/example_dags/example_branch_operator_decorator.py
[2023-06-11T00:38:23.935+0200] {logging_mixin.py:117} INFO - [2023-06-11T00:38:23.935+0200] {dag.py:2573} INFO - Sync 1 DAGs
[2023-06-11T00:38:23.993+0200] {logging_mixin.py:117} INFO - [2023-06-11T00:38:23.992+0200] {dag.py:3324} INFO - Setting next_dagrun for example_branch_python_operator_decorator to 2023-06-09T00:00:00+00:00, run_after=2023-06-10T00:00:00+00:00
[2023-06-11T00:38:24.045+0200] {processor.py:178} INFO - Processing /home/nanah/airflow_venv/lib/python3.10/site-packages/airflow/example_dags/example_branch_operator_decorator.py took 0.267 seconds
[2023-06-11T00:39:08.156+0200] {processor.py:156} INFO - Started process (PID=5574) to work on /home/nanah/airflow_venv/lib/python3.10/site-packages/airflow/example_dags/example_branch_operator_decorator.py
[2023-06-11T00:39:08.161+0200] {processor.py:758} INFO - Processing file /home/nanah/airflow_venv/lib/python3.10/site-packages/airflow/example_dags/example_branch_operator_decorator.py for tasks to queue
[2023-06-11T00:39:08.163+0200] {logging_mixin.py:117} INFO - [2023-06-11T00:39:08.163+0200] {dagbag.py:525} INFO - Filling up the DagBag from /home/nanah/airflow_venv/lib/python3.10/site-packages/airflow/example_dags/example_branch_operator_decorator.py
[2023-06-11T00:39:08.228+0200] {processor.py:768} INFO - DAG(s) dict_keys(['example_branch_python_operator_decorator']) retrieved from /home/nanah/airflow_venv/lib/python3.10/site-packages/airflow/example_dags/example_branch_operator_decorator.py
[2023-06-11T00:39:08.297+0200] {logging_mixin.py:117} INFO - [2023-06-11T00:39:08.297+0200] {dag.py:2573} INFO - Sync 1 DAGs
[2023-06-11T00:39:08.353+0200] {logging_mixin.py:117} INFO - [2023-06-11T00:39:08.353+0200] {dag.py:3324} INFO - Setting next_dagrun for example_branch_python_operator_decorator to 2023-06-09T00:00:00+00:00, run_after=2023-06-10T00:00:00+00:00
[2023-06-11T00:39:08.422+0200] {processor.py:178} INFO - Processing /home/nanah/airflow_venv/lib/python3.10/site-packages/airflow/example_dags/example_branch_operator_decorator.py took 0.282 seconds
[2023-06-11T00:39:51.142+0200] {processor.py:156} INFO - Started process (PID=5607) to work on /home/nanah/airflow_venv/lib/python3.10/site-packages/airflow/example_dags/example_branch_operator_decorator.py
[2023-06-11T00:39:51.148+0200] {processor.py:758} INFO - Processing file /home/nanah/airflow_venv/lib/python3.10/site-packages/airflow/example_dags/example_branch_operator_decorator.py for tasks to queue
[2023-06-11T00:39:51.149+0200] {logging_mixin.py:117} INFO - [2023-06-11T00:39:51.149+0200] {dagbag.py:525} INFO - Filling up the DagBag from /home/nanah/airflow_venv/lib/python3.10/site-packages/airflow/example_dags/example_branch_operator_decorator.py
[2023-06-11T00:39:51.214+0200] {processor.py:768} INFO - DAG(s) dict_keys(['example_branch_python_operator_decorator']) retrieved from /home/nanah/airflow_venv/lib/python3.10/site-packages/airflow/example_dags/example_branch_operator_decorator.py
[2023-06-11T00:39:51.276+0200] {logging_mixin.py:117} INFO - [2023-06-11T00:39:51.275+0200] {dag.py:2573} INFO - Sync 1 DAGs
[2023-06-11T00:39:51.325+0200] {logging_mixin.py:117} INFO - [2023-06-11T00:39:51.324+0200] {dag.py:3324} INFO - Setting next_dagrun for example_branch_python_operator_decorator to 2023-06-09T00:00:00+00:00, run_after=2023-06-10T00:00:00+00:00
[2023-06-11T00:39:51.396+0200] {processor.py:178} INFO - Processing /home/nanah/airflow_venv/lib/python3.10/site-packages/airflow/example_dags/example_branch_operator_decorator.py took 0.260 seconds
[2023-06-11T00:40:33.798+0200] {processor.py:156} INFO - Started process (PID=5641) to work on /home/nanah/airflow_venv/lib/python3.10/site-packages/airflow/example_dags/example_branch_operator_decorator.py
[2023-06-11T00:40:33.808+0200] {processor.py:758} INFO - Processing file /home/nanah/airflow_venv/lib/python3.10/site-packages/airflow/example_dags/example_branch_operator_decorator.py for tasks to queue
[2023-06-11T00:40:33.811+0200] {logging_mixin.py:117} INFO - [2023-06-11T00:40:33.810+0200] {dagbag.py:525} INFO - Filling up the DagBag from /home/nanah/airflow_venv/lib/python3.10/site-packages/airflow/example_dags/example_branch_operator_decorator.py
[2023-06-11T00:40:33.976+0200] {processor.py:768} INFO - DAG(s) dict_keys(['example_branch_python_operator_decorator']) retrieved from /home/nanah/airflow_venv/lib/python3.10/site-packages/airflow/example_dags/example_branch_operator_decorator.py
[2023-06-11T00:40:34.040+0200] {logging_mixin.py:117} INFO - [2023-06-11T00:40:34.039+0200] {dag.py:2573} INFO - Sync 1 DAGs
[2023-06-11T00:40:34.095+0200] {logging_mixin.py:117} INFO - [2023-06-11T00:40:34.095+0200] {dag.py:3324} INFO - Setting next_dagrun for example_branch_python_operator_decorator to 2023-06-09T00:00:00+00:00, run_after=2023-06-10T00:00:00+00:00
[2023-06-11T00:40:34.153+0200] {processor.py:178} INFO - Processing /home/nanah/airflow_venv/lib/python3.10/site-packages/airflow/example_dags/example_branch_operator_decorator.py took 0.371 seconds
[2023-06-11T00:41:16.412+0200] {processor.py:156} INFO - Started process (PID=5675) to work on /home/nanah/airflow_venv/lib/python3.10/site-packages/airflow/example_dags/example_branch_operator_decorator.py
[2023-06-11T00:41:16.418+0200] {processor.py:758} INFO - Processing file /home/nanah/airflow_venv/lib/python3.10/site-packages/airflow/example_dags/example_branch_operator_decorator.py for tasks to queue
[2023-06-11T00:41:16.420+0200] {logging_mixin.py:117} INFO - [2023-06-11T00:41:16.420+0200] {dagbag.py:525} INFO - Filling up the DagBag from /home/nanah/airflow_venv/lib/python3.10/site-packages/airflow/example_dags/example_branch_operator_decorator.py
[2023-06-11T00:41:16.477+0200] {processor.py:768} INFO - DAG(s) dict_keys(['example_branch_python_operator_decorator']) retrieved from /home/nanah/airflow_venv/lib/python3.10/site-packages/airflow/example_dags/example_branch_operator_decorator.py
[2023-06-11T00:41:16.546+0200] {logging_mixin.py:117} INFO - [2023-06-11T00:41:16.545+0200] {dag.py:2573} INFO - Sync 1 DAGs
[2023-06-11T00:41:16.591+0200] {logging_mixin.py:117} INFO - [2023-06-11T00:41:16.591+0200] {dag.py:3324} INFO - Setting next_dagrun for example_branch_python_operator_decorator to 2023-06-09T00:00:00+00:00, run_after=2023-06-10T00:00:00+00:00
[2023-06-11T00:41:16.637+0200] {processor.py:178} INFO - Processing /home/nanah/airflow_venv/lib/python3.10/site-packages/airflow/example_dags/example_branch_operator_decorator.py took 0.231 seconds
[2023-06-11T00:42:01.043+0200] {processor.py:156} INFO - Started process (PID=5713) to work on /home/nanah/airflow_venv/lib/python3.10/site-packages/airflow/example_dags/example_branch_operator_decorator.py
[2023-06-11T00:42:01.046+0200] {processor.py:758} INFO - Processing file /home/nanah/airflow_venv/lib/python3.10/site-packages/airflow/example_dags/example_branch_operator_decorator.py for tasks to queue
[2023-06-11T00:42:01.048+0200] {logging_mixin.py:117} INFO - [2023-06-11T00:42:01.047+0200] {dagbag.py:525} INFO - Filling up the DagBag from /home/nanah/airflow_venv/lib/python3.10/site-packages/airflow/example_dags/example_branch_operator_decorator.py
[2023-06-11T00:42:01.116+0200] {processor.py:768} INFO - DAG(s) dict_keys(['example_branch_python_operator_decorator']) retrieved from /home/nanah/airflow_venv/lib/python3.10/site-packages/airflow/example_dags/example_branch_operator_decorator.py
[2023-06-11T00:42:01.185+0200] {logging_mixin.py:117} INFO - [2023-06-11T00:42:01.184+0200] {dag.py:2573} INFO - Sync 1 DAGs
[2023-06-11T00:42:01.258+0200] {logging_mixin.py:117} INFO - [2023-06-11T00:42:01.258+0200] {dag.py:3324} INFO - Setting next_dagrun for example_branch_python_operator_decorator to 2023-06-09T00:00:00+00:00, run_after=2023-06-10T00:00:00+00:00
[2023-06-11T00:42:01.354+0200] {processor.py:178} INFO - Processing /home/nanah/airflow_venv/lib/python3.10/site-packages/airflow/example_dags/example_branch_operator_decorator.py took 0.320 seconds
[2023-06-11T00:42:51.204+0200] {processor.py:156} INFO - Started process (PID=5747) to work on /home/nanah/airflow_venv/lib/python3.10/site-packages/airflow/example_dags/example_branch_operator_decorator.py
[2023-06-11T00:42:51.214+0200] {processor.py:758} INFO - Processing file /home/nanah/airflow_venv/lib/python3.10/site-packages/airflow/example_dags/example_branch_operator_decorator.py for tasks to queue
[2023-06-11T00:42:51.216+0200] {logging_mixin.py:117} INFO - [2023-06-11T00:42:51.216+0200] {dagbag.py:525} INFO - Filling up the DagBag from /home/nanah/airflow_venv/lib/python3.10/site-packages/airflow/example_dags/example_branch_operator_decorator.py
[2023-06-11T00:42:51.324+0200] {processor.py:768} INFO - DAG(s) dict_keys(['example_branch_python_operator_decorator']) retrieved from /home/nanah/airflow_venv/lib/python3.10/site-packages/airflow/example_dags/example_branch_operator_decorator.py
[2023-06-11T00:42:51.494+0200] {logging_mixin.py:117} INFO - [2023-06-11T00:42:51.493+0200] {dag.py:2573} INFO - Sync 1 DAGs
[2023-06-11T00:42:51.593+0200] {logging_mixin.py:117} INFO - [2023-06-11T00:42:51.592+0200] {dag.py:3324} INFO - Setting next_dagrun for example_branch_python_operator_decorator to 2023-06-09T00:00:00+00:00, run_after=2023-06-10T00:00:00+00:00
[2023-06-11T00:42:51.723+0200] {processor.py:178} INFO - Processing /home/nanah/airflow_venv/lib/python3.10/site-packages/airflow/example_dags/example_branch_operator_decorator.py took 0.538 seconds
[2023-06-11T00:43:36.363+0200] {processor.py:156} INFO - Started process (PID=5781) to work on /home/nanah/airflow_venv/lib/python3.10/site-packages/airflow/example_dags/example_branch_operator_decorator.py
[2023-06-11T00:43:36.368+0200] {processor.py:758} INFO - Processing file /home/nanah/airflow_venv/lib/python3.10/site-packages/airflow/example_dags/example_branch_operator_decorator.py for tasks to queue
[2023-06-11T00:43:36.369+0200] {logging_mixin.py:117} INFO - [2023-06-11T00:43:36.369+0200] {dagbag.py:525} INFO - Filling up the DagBag from /home/nanah/airflow_venv/lib/python3.10/site-packages/airflow/example_dags/example_branch_operator_decorator.py
[2023-06-11T00:43:36.432+0200] {processor.py:768} INFO - DAG(s) dict_keys(['example_branch_python_operator_decorator']) retrieved from /home/nanah/airflow_venv/lib/python3.10/site-packages/airflow/example_dags/example_branch_operator_decorator.py
[2023-06-11T00:43:36.515+0200] {logging_mixin.py:117} INFO - [2023-06-11T00:43:36.514+0200] {dag.py:2573} INFO - Sync 1 DAGs
[2023-06-11T00:43:36.569+0200] {logging_mixin.py:117} INFO - [2023-06-11T00:43:36.569+0200] {dag.py:3324} INFO - Setting next_dagrun for example_branch_python_operator_decorator to 2023-06-09T00:00:00+00:00, run_after=2023-06-10T00:00:00+00:00
[2023-06-11T00:43:36.625+0200] {processor.py:178} INFO - Processing /home/nanah/airflow_venv/lib/python3.10/site-packages/airflow/example_dags/example_branch_operator_decorator.py took 0.275 seconds
[2023-06-11T00:44:19.901+0200] {processor.py:156} INFO - Started process (PID=5815) to work on /home/nanah/airflow_venv/lib/python3.10/site-packages/airflow/example_dags/example_branch_operator_decorator.py
[2023-06-11T00:44:19.908+0200] {processor.py:758} INFO - Processing file /home/nanah/airflow_venv/lib/python3.10/site-packages/airflow/example_dags/example_branch_operator_decorator.py for tasks to queue
[2023-06-11T00:44:19.916+0200] {logging_mixin.py:117} INFO - [2023-06-11T00:44:19.909+0200] {dagbag.py:525} INFO - Filling up the DagBag from /home/nanah/airflow_venv/lib/python3.10/site-packages/airflow/example_dags/example_branch_operator_decorator.py
[2023-06-11T00:44:20.045+0200] {processor.py:768} INFO - DAG(s) dict_keys(['example_branch_python_operator_decorator']) retrieved from /home/nanah/airflow_venv/lib/python3.10/site-packages/airflow/example_dags/example_branch_operator_decorator.py
[2023-06-11T00:44:20.223+0200] {logging_mixin.py:117} INFO - [2023-06-11T00:44:20.222+0200] {dag.py:2573} INFO - Sync 1 DAGs
[2023-06-11T00:44:20.384+0200] {logging_mixin.py:117} INFO - [2023-06-11T00:44:20.383+0200] {dag.py:3324} INFO - Setting next_dagrun for example_branch_python_operator_decorator to 2023-06-09T00:00:00+00:00, run_after=2023-06-10T00:00:00+00:00
[2023-06-11T00:44:20.695+0200] {processor.py:178} INFO - Processing /home/nanah/airflow_venv/lib/python3.10/site-packages/airflow/example_dags/example_branch_operator_decorator.py took 0.822 seconds
[2023-06-11T00:45:10.349+0200] {processor.py:156} INFO - Started process (PID=5849) to work on /home/nanah/airflow_venv/lib/python3.10/site-packages/airflow/example_dags/example_branch_operator_decorator.py
[2023-06-11T00:45:10.356+0200] {processor.py:758} INFO - Processing file /home/nanah/airflow_venv/lib/python3.10/site-packages/airflow/example_dags/example_branch_operator_decorator.py for tasks to queue
[2023-06-11T00:45:10.357+0200] {logging_mixin.py:117} INFO - [2023-06-11T00:45:10.357+0200] {dagbag.py:525} INFO - Filling up the DagBag from /home/nanah/airflow_venv/lib/python3.10/site-packages/airflow/example_dags/example_branch_operator_decorator.py
[2023-06-11T00:45:10.422+0200] {processor.py:768} INFO - DAG(s) dict_keys(['example_branch_python_operator_decorator']) retrieved from /home/nanah/airflow_venv/lib/python3.10/site-packages/airflow/example_dags/example_branch_operator_decorator.py
[2023-06-11T00:45:10.492+0200] {logging_mixin.py:117} INFO - [2023-06-11T00:45:10.492+0200] {dag.py:2573} INFO - Sync 1 DAGs
[2023-06-11T00:45:10.561+0200] {logging_mixin.py:117} INFO - [2023-06-11T00:45:10.560+0200] {dag.py:3324} INFO - Setting next_dagrun for example_branch_python_operator_decorator to 2023-06-09T00:00:00+00:00, run_after=2023-06-10T00:00:00+00:00
[2023-06-11T00:45:10.642+0200] {processor.py:178} INFO - Processing /home/nanah/airflow_venv/lib/python3.10/site-packages/airflow/example_dags/example_branch_operator_decorator.py took 0.300 seconds
