[2023-06-11T00:12:21.865+0200] {processor.py:156} INFO - Started process (PID=4622) to work on /home/nanah/airflow_venv/lib/python3.10/site-packages/airflow/example_dags/example_kubernetes_executor.py
[2023-06-11T00:12:21.868+0200] {processor.py:758} INFO - Processing file /home/nanah/airflow_venv/lib/python3.10/site-packages/airflow/example_dags/example_kubernetes_executor.py for tasks to queue
[2023-06-11T00:12:21.869+0200] {logging_mixin.py:117} INFO - [2023-06-11T00:12:21.869+0200] {dagbag.py:525} INFO - Filling up the DagBag from /home/nanah/airflow_venv/lib/python3.10/site-packages/airflow/example_dags/example_kubernetes_executor.py
[2023-06-11T00:12:21.919+0200] {logging_mixin.py:117} INFO - [2023-06-11T00:12:21.918+0200] {example_kubernetes_executor.py:41} WARNING - The example_kubernetes_executor example DAG requires the kubernetes provider. Please install it with: pip install apache-airflow[cncf.kubernetes]
[2023-06-11T00:12:21.919+0200] {processor.py:770} WARNING - No viable dags retrieved from /home/nanah/airflow_venv/lib/python3.10/site-packages/airflow/example_dags/example_kubernetes_executor.py
[2023-06-11T00:12:21.944+0200] {processor.py:178} INFO - Processing /home/nanah/airflow_venv/lib/python3.10/site-packages/airflow/example_dags/example_kubernetes_executor.py took 0.086 seconds
[2023-06-11T00:13:39.306+0200] {processor.py:156} INFO - Started process (PID=4661) to work on /home/nanah/airflow_venv/lib/python3.10/site-packages/airflow/example_dags/example_kubernetes_executor.py
[2023-06-11T00:13:39.309+0200] {processor.py:758} INFO - Processing file /home/nanah/airflow_venv/lib/python3.10/site-packages/airflow/example_dags/example_kubernetes_executor.py for tasks to queue
[2023-06-11T00:13:39.311+0200] {logging_mixin.py:117} INFO - [2023-06-11T00:13:39.311+0200] {dagbag.py:525} INFO - Filling up the DagBag from /home/nanah/airflow_venv/lib/python3.10/site-packages/airflow/example_dags/example_kubernetes_executor.py
[2023-06-11T00:13:39.359+0200] {logging_mixin.py:117} INFO - [2023-06-11T00:13:39.359+0200] {example_kubernetes_executor.py:41} WARNING - The example_kubernetes_executor example DAG requires the kubernetes provider. Please install it with: pip install apache-airflow[cncf.kubernetes]
[2023-06-11T00:13:39.360+0200] {processor.py:770} WARNING - No viable dags retrieved from /home/nanah/airflow_venv/lib/python3.10/site-packages/airflow/example_dags/example_kubernetes_executor.py
[2023-06-11T00:13:39.384+0200] {processor.py:178} INFO - Processing /home/nanah/airflow_venv/lib/python3.10/site-packages/airflow/example_dags/example_kubernetes_executor.py took 0.086 seconds
[2023-06-11T00:14:48.088+0200] {processor.py:156} INFO - Started process (PID=4695) to work on /home/nanah/airflow_venv/lib/python3.10/site-packages/airflow/example_dags/example_kubernetes_executor.py
[2023-06-11T00:14:48.091+0200] {processor.py:758} INFO - Processing file /home/nanah/airflow_venv/lib/python3.10/site-packages/airflow/example_dags/example_kubernetes_executor.py for tasks to queue
[2023-06-11T00:14:48.093+0200] {logging_mixin.py:117} INFO - [2023-06-11T00:14:48.092+0200] {dagbag.py:525} INFO - Filling up the DagBag from /home/nanah/airflow_venv/lib/python3.10/site-packages/airflow/example_dags/example_kubernetes_executor.py
[2023-06-11T00:14:48.136+0200] {logging_mixin.py:117} INFO - [2023-06-11T00:14:48.136+0200] {example_kubernetes_executor.py:41} WARNING - The example_kubernetes_executor example DAG requires the kubernetes provider. Please install it with: pip install apache-airflow[cncf.kubernetes]
[2023-06-11T00:14:48.139+0200] {processor.py:770} WARNING - No viable dags retrieved from /home/nanah/airflow_venv/lib/python3.10/site-packages/airflow/example_dags/example_kubernetes_executor.py
[2023-06-11T00:14:48.166+0200] {processor.py:178} INFO - Processing /home/nanah/airflow_venv/lib/python3.10/site-packages/airflow/example_dags/example_kubernetes_executor.py took 0.087 seconds
[2023-06-11T00:16:23.458+0200] {processor.py:156} INFO - Started process (PID=4744) to work on /home/nanah/airflow_venv/lib/python3.10/site-packages/airflow/example_dags/example_kubernetes_executor.py
[2023-06-11T00:16:23.461+0200] {processor.py:758} INFO - Processing file /home/nanah/airflow_venv/lib/python3.10/site-packages/airflow/example_dags/example_kubernetes_executor.py for tasks to queue
[2023-06-11T00:16:23.463+0200] {logging_mixin.py:117} INFO - [2023-06-11T00:16:23.462+0200] {dagbag.py:525} INFO - Filling up the DagBag from /home/nanah/airflow_venv/lib/python3.10/site-packages/airflow/example_dags/example_kubernetes_executor.py
[2023-06-11T00:16:23.496+0200] {logging_mixin.py:117} INFO - [2023-06-11T00:16:23.496+0200] {example_kubernetes_executor.py:41} WARNING - The example_kubernetes_executor example DAG requires the kubernetes provider. Please install it with: pip install apache-airflow[cncf.kubernetes]
[2023-06-11T00:16:23.496+0200] {processor.py:770} WARNING - No viable dags retrieved from /home/nanah/airflow_venv/lib/python3.10/site-packages/airflow/example_dags/example_kubernetes_executor.py
[2023-06-11T00:16:23.524+0200] {processor.py:178} INFO - Processing /home/nanah/airflow_venv/lib/python3.10/site-packages/airflow/example_dags/example_kubernetes_executor.py took 0.072 seconds
[2023-06-11T00:17:15.024+0200] {processor.py:156} INFO - Started process (PID=4785) to work on /home/nanah/airflow_venv/lib/python3.10/site-packages/airflow/example_dags/example_kubernetes_executor.py
[2023-06-11T00:17:15.030+0200] {processor.py:758} INFO - Processing file /home/nanah/airflow_venv/lib/python3.10/site-packages/airflow/example_dags/example_kubernetes_executor.py for tasks to queue
[2023-06-11T00:17:15.032+0200] {logging_mixin.py:117} INFO - [2023-06-11T00:17:15.032+0200] {dagbag.py:525} INFO - Filling up the DagBag from /home/nanah/airflow_venv/lib/python3.10/site-packages/airflow/example_dags/example_kubernetes_executor.py
[2023-06-11T00:17:15.070+0200] {logging_mixin.py:117} INFO - [2023-06-11T00:17:15.069+0200] {example_kubernetes_executor.py:41} WARNING - The example_kubernetes_executor example DAG requires the kubernetes provider. Please install it with: pip install apache-airflow[cncf.kubernetes]
[2023-06-11T00:17:15.070+0200] {processor.py:770} WARNING - No viable dags retrieved from /home/nanah/airflow_venv/lib/python3.10/site-packages/airflow/example_dags/example_kubernetes_executor.py
[2023-06-11T00:17:15.088+0200] {processor.py:178} INFO - Processing /home/nanah/airflow_venv/lib/python3.10/site-packages/airflow/example_dags/example_kubernetes_executor.py took 0.070 seconds
[2023-06-11T00:18:05.261+0200] {processor.py:156} INFO - Started process (PID=4820) to work on /home/nanah/airflow_venv/lib/python3.10/site-packages/airflow/example_dags/example_kubernetes_executor.py
[2023-06-11T00:18:05.265+0200] {processor.py:758} INFO - Processing file /home/nanah/airflow_venv/lib/python3.10/site-packages/airflow/example_dags/example_kubernetes_executor.py for tasks to queue
[2023-06-11T00:18:05.266+0200] {logging_mixin.py:117} INFO - [2023-06-11T00:18:05.266+0200] {dagbag.py:525} INFO - Filling up the DagBag from /home/nanah/airflow_venv/lib/python3.10/site-packages/airflow/example_dags/example_kubernetes_executor.py
[2023-06-11T00:18:05.297+0200] {logging_mixin.py:117} INFO - [2023-06-11T00:18:05.297+0200] {example_kubernetes_executor.py:41} WARNING - The example_kubernetes_executor example DAG requires the kubernetes provider. Please install it with: pip install apache-airflow[cncf.kubernetes]
[2023-06-11T00:18:05.298+0200] {processor.py:770} WARNING - No viable dags retrieved from /home/nanah/airflow_venv/lib/python3.10/site-packages/airflow/example_dags/example_kubernetes_executor.py
[2023-06-11T00:18:05.315+0200] {processor.py:178} INFO - Processing /home/nanah/airflow_venv/lib/python3.10/site-packages/airflow/example_dags/example_kubernetes_executor.py took 0.062 seconds
[2023-06-11T00:18:50.168+0200] {processor.py:156} INFO - Started process (PID=4855) to work on /home/nanah/airflow_venv/lib/python3.10/site-packages/airflow/example_dags/example_kubernetes_executor.py
[2023-06-11T00:18:50.175+0200] {processor.py:758} INFO - Processing file /home/nanah/airflow_venv/lib/python3.10/site-packages/airflow/example_dags/example_kubernetes_executor.py for tasks to queue
[2023-06-11T00:18:50.176+0200] {logging_mixin.py:117} INFO - [2023-06-11T00:18:50.176+0200] {dagbag.py:525} INFO - Filling up the DagBag from /home/nanah/airflow_venv/lib/python3.10/site-packages/airflow/example_dags/example_kubernetes_executor.py
[2023-06-11T00:18:50.207+0200] {logging_mixin.py:117} INFO - [2023-06-11T00:18:50.207+0200] {example_kubernetes_executor.py:41} WARNING - The example_kubernetes_executor example DAG requires the kubernetes provider. Please install it with: pip install apache-airflow[cncf.kubernetes]
[2023-06-11T00:18:50.208+0200] {processor.py:770} WARNING - No viable dags retrieved from /home/nanah/airflow_venv/lib/python3.10/site-packages/airflow/example_dags/example_kubernetes_executor.py
[2023-06-11T00:18:50.231+0200] {processor.py:178} INFO - Processing /home/nanah/airflow_venv/lib/python3.10/site-packages/airflow/example_dags/example_kubernetes_executor.py took 0.069 seconds
[2023-06-11T00:20:09.172+0200] {processor.py:156} INFO - Started process (PID=4896) to work on /home/nanah/airflow_venv/lib/python3.10/site-packages/airflow/example_dags/example_kubernetes_executor.py
[2023-06-11T00:20:09.180+0200] {processor.py:758} INFO - Processing file /home/nanah/airflow_venv/lib/python3.10/site-packages/airflow/example_dags/example_kubernetes_executor.py for tasks to queue
[2023-06-11T00:20:09.182+0200] {logging_mixin.py:117} INFO - [2023-06-11T00:20:09.181+0200] {dagbag.py:525} INFO - Filling up the DagBag from /home/nanah/airflow_venv/lib/python3.10/site-packages/airflow/example_dags/example_kubernetes_executor.py
[2023-06-11T00:20:10.378+0200] {logging_mixin.py:117} INFO - [2023-06-11T00:20:10.378+0200] {example_kubernetes_executor.py:41} WARNING - The example_kubernetes_executor example DAG requires the kubernetes provider. Please install it with: pip install apache-airflow[cncf.kubernetes]
[2023-06-11T00:20:10.383+0200] {processor.py:770} WARNING - No viable dags retrieved from /home/nanah/airflow_venv/lib/python3.10/site-packages/airflow/example_dags/example_kubernetes_executor.py
[2023-06-11T00:20:10.447+0200] {processor.py:178} INFO - Processing /home/nanah/airflow_venv/lib/python3.10/site-packages/airflow/example_dags/example_kubernetes_executor.py took 1.292 seconds
[2023-06-11T00:21:10.230+0200] {processor.py:156} INFO - Started process (PID=4934) to work on /home/nanah/airflow_venv/lib/python3.10/site-packages/airflow/example_dags/example_kubernetes_executor.py
[2023-06-11T00:21:10.235+0200] {processor.py:758} INFO - Processing file /home/nanah/airflow_venv/lib/python3.10/site-packages/airflow/example_dags/example_kubernetes_executor.py for tasks to queue
[2023-06-11T00:21:10.237+0200] {logging_mixin.py:117} INFO - [2023-06-11T00:21:10.237+0200] {dagbag.py:525} INFO - Filling up the DagBag from /home/nanah/airflow_venv/lib/python3.10/site-packages/airflow/example_dags/example_kubernetes_executor.py
[2023-06-11T00:21:10.367+0200] {logging_mixin.py:117} INFO - [2023-06-11T00:21:10.367+0200] {example_kubernetes_executor.py:41} WARNING - The example_kubernetes_executor example DAG requires the kubernetes provider. Please install it with: pip install apache-airflow[cncf.kubernetes]
[2023-06-11T00:21:10.368+0200] {processor.py:770} WARNING - No viable dags retrieved from /home/nanah/airflow_venv/lib/python3.10/site-packages/airflow/example_dags/example_kubernetes_executor.py
[2023-06-11T00:21:10.435+0200] {processor.py:178} INFO - Processing /home/nanah/airflow_venv/lib/python3.10/site-packages/airflow/example_dags/example_kubernetes_executor.py took 0.223 seconds
[2023-06-11T00:22:22.022+0200] {processor.py:156} INFO - Started process (PID=4971) to work on /home/nanah/airflow_venv/lib/python3.10/site-packages/airflow/example_dags/example_kubernetes_executor.py
[2023-06-11T00:22:22.025+0200] {processor.py:758} INFO - Processing file /home/nanah/airflow_venv/lib/python3.10/site-packages/airflow/example_dags/example_kubernetes_executor.py for tasks to queue
[2023-06-11T00:22:22.026+0200] {logging_mixin.py:117} INFO - [2023-06-11T00:22:22.026+0200] {dagbag.py:525} INFO - Filling up the DagBag from /home/nanah/airflow_venv/lib/python3.10/site-packages/airflow/example_dags/example_kubernetes_executor.py
[2023-06-11T00:22:22.089+0200] {logging_mixin.py:117} INFO - [2023-06-11T00:22:22.087+0200] {example_kubernetes_executor.py:41} WARNING - The example_kubernetes_executor example DAG requires the kubernetes provider. Please install it with: pip install apache-airflow[cncf.kubernetes]
[2023-06-11T00:22:22.091+0200] {processor.py:770} WARNING - No viable dags retrieved from /home/nanah/airflow_venv/lib/python3.10/site-packages/airflow/example_dags/example_kubernetes_executor.py
[2023-06-11T00:22:22.111+0200] {processor.py:178} INFO - Processing /home/nanah/airflow_venv/lib/python3.10/site-packages/airflow/example_dags/example_kubernetes_executor.py took 0.103 seconds
[2023-06-11T00:23:15.683+0200] {processor.py:156} INFO - Started process (PID=5005) to work on /home/nanah/airflow_venv/lib/python3.10/site-packages/airflow/example_dags/example_kubernetes_executor.py
[2023-06-11T00:23:15.690+0200] {processor.py:758} INFO - Processing file /home/nanah/airflow_venv/lib/python3.10/site-packages/airflow/example_dags/example_kubernetes_executor.py for tasks to queue
[2023-06-11T00:23:15.691+0200] {logging_mixin.py:117} INFO - [2023-06-11T00:23:15.691+0200] {dagbag.py:525} INFO - Filling up the DagBag from /home/nanah/airflow_venv/lib/python3.10/site-packages/airflow/example_dags/example_kubernetes_executor.py
[2023-06-11T00:23:15.729+0200] {logging_mixin.py:117} INFO - [2023-06-11T00:23:15.728+0200] {example_kubernetes_executor.py:41} WARNING - The example_kubernetes_executor example DAG requires the kubernetes provider. Please install it with: pip install apache-airflow[cncf.kubernetes]
[2023-06-11T00:23:15.730+0200] {processor.py:770} WARNING - No viable dags retrieved from /home/nanah/airflow_venv/lib/python3.10/site-packages/airflow/example_dags/example_kubernetes_executor.py
[2023-06-11T00:23:15.751+0200] {processor.py:178} INFO - Processing /home/nanah/airflow_venv/lib/python3.10/site-packages/airflow/example_dags/example_kubernetes_executor.py took 0.078 seconds
[2023-06-11T00:24:21.771+0200] {processor.py:156} INFO - Started process (PID=5039) to work on /home/nanah/airflow_venv/lib/python3.10/site-packages/airflow/example_dags/example_kubernetes_executor.py
[2023-06-11T00:24:21.801+0200] {processor.py:758} INFO - Processing file /home/nanah/airflow_venv/lib/python3.10/site-packages/airflow/example_dags/example_kubernetes_executor.py for tasks to queue
[2023-06-11T00:24:21.812+0200] {logging_mixin.py:117} INFO - [2023-06-11T00:24:21.808+0200] {dagbag.py:525} INFO - Filling up the DagBag from /home/nanah/airflow_venv/lib/python3.10/site-packages/airflow/example_dags/example_kubernetes_executor.py
[2023-06-11T00:24:21.991+0200] {logging_mixin.py:117} INFO - [2023-06-11T00:24:21.980+0200] {example_kubernetes_executor.py:41} WARNING - The example_kubernetes_executor example DAG requires the kubernetes provider. Please install it with: pip install apache-airflow[cncf.kubernetes]
[2023-06-11T00:24:22.007+0200] {processor.py:770} WARNING - No viable dags retrieved from /home/nanah/airflow_venv/lib/python3.10/site-packages/airflow/example_dags/example_kubernetes_executor.py
[2023-06-11T00:24:22.087+0200] {processor.py:178} INFO - Processing /home/nanah/airflow_venv/lib/python3.10/site-packages/airflow/example_dags/example_kubernetes_executor.py took 0.382 seconds
[2023-06-11T00:26:10.196+0200] {processor.py:156} INFO - Started process (PID=5076) to work on /home/nanah/airflow_venv/lib/python3.10/site-packages/airflow/example_dags/example_kubernetes_executor.py
[2023-06-11T00:26:10.212+0200] {processor.py:758} INFO - Processing file /home/nanah/airflow_venv/lib/python3.10/site-packages/airflow/example_dags/example_kubernetes_executor.py for tasks to queue
[2023-06-11T00:26:10.214+0200] {logging_mixin.py:117} INFO - [2023-06-11T00:26:10.214+0200] {dagbag.py:525} INFO - Filling up the DagBag from /home/nanah/airflow_venv/lib/python3.10/site-packages/airflow/example_dags/example_kubernetes_executor.py
[2023-06-11T00:26:10.288+0200] {logging_mixin.py:117} INFO - [2023-06-11T00:26:10.288+0200] {example_kubernetes_executor.py:41} WARNING - The example_kubernetes_executor example DAG requires the kubernetes provider. Please install it with: pip install apache-airflow[cncf.kubernetes]
[2023-06-11T00:26:10.289+0200] {processor.py:770} WARNING - No viable dags retrieved from /home/nanah/airflow_venv/lib/python3.10/site-packages/airflow/example_dags/example_kubernetes_executor.py
[2023-06-11T00:26:10.350+0200] {processor.py:178} INFO - Processing /home/nanah/airflow_venv/lib/python3.10/site-packages/airflow/example_dags/example_kubernetes_executor.py took 0.165 seconds
[2023-06-11T00:27:12.339+0200] {processor.py:156} INFO - Started process (PID=5113) to work on /home/nanah/airflow_venv/lib/python3.10/site-packages/airflow/example_dags/example_kubernetes_executor.py
[2023-06-11T00:27:12.345+0200] {processor.py:758} INFO - Processing file /home/nanah/airflow_venv/lib/python3.10/site-packages/airflow/example_dags/example_kubernetes_executor.py for tasks to queue
[2023-06-11T00:27:12.346+0200] {logging_mixin.py:117} INFO - [2023-06-11T00:27:12.346+0200] {dagbag.py:525} INFO - Filling up the DagBag from /home/nanah/airflow_venv/lib/python3.10/site-packages/airflow/example_dags/example_kubernetes_executor.py
[2023-06-11T00:27:12.386+0200] {logging_mixin.py:117} INFO - [2023-06-11T00:27:12.386+0200] {example_kubernetes_executor.py:41} WARNING - The example_kubernetes_executor example DAG requires the kubernetes provider. Please install it with: pip install apache-airflow[cncf.kubernetes]
[2023-06-11T00:27:12.387+0200] {processor.py:770} WARNING - No viable dags retrieved from /home/nanah/airflow_venv/lib/python3.10/site-packages/airflow/example_dags/example_kubernetes_executor.py
[2023-06-11T00:27:12.412+0200] {processor.py:178} INFO - Processing /home/nanah/airflow_venv/lib/python3.10/site-packages/airflow/example_dags/example_kubernetes_executor.py took 0.081 seconds
[2023-06-11T00:28:14.756+0200] {processor.py:156} INFO - Started process (PID=5150) to work on /home/nanah/airflow_venv/lib/python3.10/site-packages/airflow/example_dags/example_kubernetes_executor.py
[2023-06-11T00:28:14.769+0200] {processor.py:758} INFO - Processing file /home/nanah/airflow_venv/lib/python3.10/site-packages/airflow/example_dags/example_kubernetes_executor.py for tasks to queue
[2023-06-11T00:28:14.771+0200] {logging_mixin.py:117} INFO - [2023-06-11T00:28:14.771+0200] {dagbag.py:525} INFO - Filling up the DagBag from /home/nanah/airflow_venv/lib/python3.10/site-packages/airflow/example_dags/example_kubernetes_executor.py
[2023-06-11T00:28:14.877+0200] {logging_mixin.py:117} INFO - [2023-06-11T00:28:14.876+0200] {example_kubernetes_executor.py:41} WARNING - The example_kubernetes_executor example DAG requires the kubernetes provider. Please install it with: pip install apache-airflow[cncf.kubernetes]
[2023-06-11T00:28:14.878+0200] {processor.py:770} WARNING - No viable dags retrieved from /home/nanah/airflow_venv/lib/python3.10/site-packages/airflow/example_dags/example_kubernetes_executor.py
[2023-06-11T00:28:14.943+0200] {processor.py:178} INFO - Processing /home/nanah/airflow_venv/lib/python3.10/site-packages/airflow/example_dags/example_kubernetes_executor.py took 0.213 seconds
[2023-06-11T00:29:10.290+0200] {processor.py:156} INFO - Started process (PID=5184) to work on /home/nanah/airflow_venv/lib/python3.10/site-packages/airflow/example_dags/example_kubernetes_executor.py
[2023-06-11T00:29:10.295+0200] {processor.py:758} INFO - Processing file /home/nanah/airflow_venv/lib/python3.10/site-packages/airflow/example_dags/example_kubernetes_executor.py for tasks to queue
[2023-06-11T00:29:10.297+0200] {logging_mixin.py:117} INFO - [2023-06-11T00:29:10.296+0200] {dagbag.py:525} INFO - Filling up the DagBag from /home/nanah/airflow_venv/lib/python3.10/site-packages/airflow/example_dags/example_kubernetes_executor.py
[2023-06-11T00:29:10.337+0200] {logging_mixin.py:117} INFO - [2023-06-11T00:29:10.336+0200] {example_kubernetes_executor.py:41} WARNING - The example_kubernetes_executor example DAG requires the kubernetes provider. Please install it with: pip install apache-airflow[cncf.kubernetes]
[2023-06-11T00:29:10.337+0200] {processor.py:770} WARNING - No viable dags retrieved from /home/nanah/airflow_venv/lib/python3.10/site-packages/airflow/example_dags/example_kubernetes_executor.py
[2023-06-11T00:29:10.358+0200] {processor.py:178} INFO - Processing /home/nanah/airflow_venv/lib/python3.10/site-packages/airflow/example_dags/example_kubernetes_executor.py took 0.077 seconds
[2023-06-11T00:30:08.996+0200] {processor.py:156} INFO - Started process (PID=5218) to work on /home/nanah/airflow_venv/lib/python3.10/site-packages/airflow/example_dags/example_kubernetes_executor.py
[2023-06-11T00:30:09.002+0200] {processor.py:758} INFO - Processing file /home/nanah/airflow_venv/lib/python3.10/site-packages/airflow/example_dags/example_kubernetes_executor.py for tasks to queue
[2023-06-11T00:30:09.004+0200] {logging_mixin.py:117} INFO - [2023-06-11T00:30:09.003+0200] {dagbag.py:525} INFO - Filling up the DagBag from /home/nanah/airflow_venv/lib/python3.10/site-packages/airflow/example_dags/example_kubernetes_executor.py
[2023-06-11T00:30:09.050+0200] {logging_mixin.py:117} INFO - [2023-06-11T00:30:09.049+0200] {example_kubernetes_executor.py:41} WARNING - The example_kubernetes_executor example DAG requires the kubernetes provider. Please install it with: pip install apache-airflow[cncf.kubernetes]
[2023-06-11T00:30:09.050+0200] {processor.py:770} WARNING - No viable dags retrieved from /home/nanah/airflow_venv/lib/python3.10/site-packages/airflow/example_dags/example_kubernetes_executor.py
[2023-06-11T00:30:09.075+0200] {processor.py:178} INFO - Processing /home/nanah/airflow_venv/lib/python3.10/site-packages/airflow/example_dags/example_kubernetes_executor.py took 0.090 seconds
[2023-06-11T00:31:17.351+0200] {processor.py:156} INFO - Started process (PID=5255) to work on /home/nanah/airflow_venv/lib/python3.10/site-packages/airflow/example_dags/example_kubernetes_executor.py
[2023-06-11T00:31:17.357+0200] {processor.py:758} INFO - Processing file /home/nanah/airflow_venv/lib/python3.10/site-packages/airflow/example_dags/example_kubernetes_executor.py for tasks to queue
[2023-06-11T00:31:17.358+0200] {logging_mixin.py:117} INFO - [2023-06-11T00:31:17.358+0200] {dagbag.py:525} INFO - Filling up the DagBag from /home/nanah/airflow_venv/lib/python3.10/site-packages/airflow/example_dags/example_kubernetes_executor.py
[2023-06-11T00:31:17.397+0200] {logging_mixin.py:117} INFO - [2023-06-11T00:31:17.396+0200] {example_kubernetes_executor.py:41} WARNING - The example_kubernetes_executor example DAG requires the kubernetes provider. Please install it with: pip install apache-airflow[cncf.kubernetes]
[2023-06-11T00:31:17.398+0200] {processor.py:770} WARNING - No viable dags retrieved from /home/nanah/airflow_venv/lib/python3.10/site-packages/airflow/example_dags/example_kubernetes_executor.py
[2023-06-11T00:31:17.435+0200] {processor.py:178} INFO - Processing /home/nanah/airflow_venv/lib/python3.10/site-packages/airflow/example_dags/example_kubernetes_executor.py took 0.092 seconds
[2023-06-11T00:32:13.252+0200] {processor.py:156} INFO - Started process (PID=5290) to work on /home/nanah/airflow_venv/lib/python3.10/site-packages/airflow/example_dags/example_kubernetes_executor.py
[2023-06-11T00:32:13.258+0200] {processor.py:758} INFO - Processing file /home/nanah/airflow_venv/lib/python3.10/site-packages/airflow/example_dags/example_kubernetes_executor.py for tasks to queue
[2023-06-11T00:32:13.260+0200] {logging_mixin.py:117} INFO - [2023-06-11T00:32:13.259+0200] {dagbag.py:525} INFO - Filling up the DagBag from /home/nanah/airflow_venv/lib/python3.10/site-packages/airflow/example_dags/example_kubernetes_executor.py
[2023-06-11T00:32:13.345+0200] {logging_mixin.py:117} INFO - [2023-06-11T00:32:13.334+0200] {example_kubernetes_executor.py:41} WARNING - The example_kubernetes_executor example DAG requires the kubernetes provider. Please install it with: pip install apache-airflow[cncf.kubernetes]
[2023-06-11T00:32:13.346+0200] {processor.py:770} WARNING - No viable dags retrieved from /home/nanah/airflow_venv/lib/python3.10/site-packages/airflow/example_dags/example_kubernetes_executor.py
[2023-06-11T00:32:13.386+0200] {processor.py:178} INFO - Processing /home/nanah/airflow_venv/lib/python3.10/site-packages/airflow/example_dags/example_kubernetes_executor.py took 0.142 seconds
[2023-06-11T00:33:08.230+0200] {processor.py:156} INFO - Started process (PID=5326) to work on /home/nanah/airflow_venv/lib/python3.10/site-packages/airflow/example_dags/example_kubernetes_executor.py
[2023-06-11T00:33:08.235+0200] {processor.py:758} INFO - Processing file /home/nanah/airflow_venv/lib/python3.10/site-packages/airflow/example_dags/example_kubernetes_executor.py for tasks to queue
[2023-06-11T00:33:08.237+0200] {logging_mixin.py:117} INFO - [2023-06-11T00:33:08.236+0200] {dagbag.py:525} INFO - Filling up the DagBag from /home/nanah/airflow_venv/lib/python3.10/site-packages/airflow/example_dags/example_kubernetes_executor.py
[2023-06-11T00:33:08.625+0200] {logging_mixin.py:117} INFO - [2023-06-11T00:33:08.625+0200] {example_kubernetes_executor.py:41} WARNING - The example_kubernetes_executor example DAG requires the kubernetes provider. Please install it with: pip install apache-airflow[cncf.kubernetes]
[2023-06-11T00:33:08.626+0200] {processor.py:770} WARNING - No viable dags retrieved from /home/nanah/airflow_venv/lib/python3.10/site-packages/airflow/example_dags/example_kubernetes_executor.py
[2023-06-11T00:33:08.645+0200] {processor.py:178} INFO - Processing /home/nanah/airflow_venv/lib/python3.10/site-packages/airflow/example_dags/example_kubernetes_executor.py took 0.424 seconds
[2023-06-11T00:34:05.598+0200] {processor.py:156} INFO - Started process (PID=5361) to work on /home/nanah/airflow_venv/lib/python3.10/site-packages/airflow/example_dags/example_kubernetes_executor.py
[2023-06-11T00:34:05.608+0200] {processor.py:758} INFO - Processing file /home/nanah/airflow_venv/lib/python3.10/site-packages/airflow/example_dags/example_kubernetes_executor.py for tasks to queue
[2023-06-11T00:34:05.610+0200] {logging_mixin.py:117} INFO - [2023-06-11T00:34:05.609+0200] {dagbag.py:525} INFO - Filling up the DagBag from /home/nanah/airflow_venv/lib/python3.10/site-packages/airflow/example_dags/example_kubernetes_executor.py
[2023-06-11T00:34:06.311+0200] {logging_mixin.py:117} INFO - [2023-06-11T00:34:06.311+0200] {example_kubernetes_executor.py:41} WARNING - The example_kubernetes_executor example DAG requires the kubernetes provider. Please install it with: pip install apache-airflow[cncf.kubernetes]
[2023-06-11T00:34:06.313+0200] {processor.py:770} WARNING - No viable dags retrieved from /home/nanah/airflow_venv/lib/python3.10/site-packages/airflow/example_dags/example_kubernetes_executor.py
[2023-06-11T00:34:06.338+0200] {processor.py:178} INFO - Processing /home/nanah/airflow_venv/lib/python3.10/site-packages/airflow/example_dags/example_kubernetes_executor.py took 0.756 seconds
[2023-06-11T00:35:12.837+0200] {processor.py:156} INFO - Started process (PID=5399) to work on /home/nanah/airflow_venv/lib/python3.10/site-packages/airflow/example_dags/example_kubernetes_executor.py
[2023-06-11T00:35:12.842+0200] {processor.py:758} INFO - Processing file /home/nanah/airflow_venv/lib/python3.10/site-packages/airflow/example_dags/example_kubernetes_executor.py for tasks to queue
[2023-06-11T00:35:12.844+0200] {logging_mixin.py:117} INFO - [2023-06-11T00:35:12.843+0200] {dagbag.py:525} INFO - Filling up the DagBag from /home/nanah/airflow_venv/lib/python3.10/site-packages/airflow/example_dags/example_kubernetes_executor.py
[2023-06-11T00:35:12.874+0200] {logging_mixin.py:117} INFO - [2023-06-11T00:35:12.873+0200] {example_kubernetes_executor.py:41} WARNING - The example_kubernetes_executor example DAG requires the kubernetes provider. Please install it with: pip install apache-airflow[cncf.kubernetes]
[2023-06-11T00:35:12.874+0200] {processor.py:770} WARNING - No viable dags retrieved from /home/nanah/airflow_venv/lib/python3.10/site-packages/airflow/example_dags/example_kubernetes_executor.py
[2023-06-11T00:35:12.895+0200] {processor.py:178} INFO - Processing /home/nanah/airflow_venv/lib/python3.10/site-packages/airflow/example_dags/example_kubernetes_executor.py took 0.064 seconds
[2023-06-11T00:36:00.308+0200] {processor.py:156} INFO - Started process (PID=5435) to work on /home/nanah/airflow_venv/lib/python3.10/site-packages/airflow/example_dags/example_kubernetes_executor.py
[2023-06-11T00:36:00.314+0200] {processor.py:758} INFO - Processing file /home/nanah/airflow_venv/lib/python3.10/site-packages/airflow/example_dags/example_kubernetes_executor.py for tasks to queue
[2023-06-11T00:36:00.315+0200] {logging_mixin.py:117} INFO - [2023-06-11T00:36:00.315+0200] {dagbag.py:525} INFO - Filling up the DagBag from /home/nanah/airflow_venv/lib/python3.10/site-packages/airflow/example_dags/example_kubernetes_executor.py
[2023-06-11T00:36:00.345+0200] {logging_mixin.py:117} INFO - [2023-06-11T00:36:00.345+0200] {example_kubernetes_executor.py:41} WARNING - The example_kubernetes_executor example DAG requires the kubernetes provider. Please install it with: pip install apache-airflow[cncf.kubernetes]
[2023-06-11T00:36:00.346+0200] {processor.py:770} WARNING - No viable dags retrieved from /home/nanah/airflow_venv/lib/python3.10/site-packages/airflow/example_dags/example_kubernetes_executor.py
[2023-06-11T00:36:00.364+0200] {processor.py:178} INFO - Processing /home/nanah/airflow_venv/lib/python3.10/site-packages/airflow/example_dags/example_kubernetes_executor.py took 0.067 seconds
[2023-06-11T00:36:43.353+0200] {processor.py:156} INFO - Started process (PID=5468) to work on /home/nanah/airflow_venv/lib/python3.10/site-packages/airflow/example_dags/example_kubernetes_executor.py
[2023-06-11T00:36:43.359+0200] {processor.py:758} INFO - Processing file /home/nanah/airflow_venv/lib/python3.10/site-packages/airflow/example_dags/example_kubernetes_executor.py for tasks to queue
[2023-06-11T00:36:43.361+0200] {logging_mixin.py:117} INFO - [2023-06-11T00:36:43.360+0200] {dagbag.py:525} INFO - Filling up the DagBag from /home/nanah/airflow_venv/lib/python3.10/site-packages/airflow/example_dags/example_kubernetes_executor.py
[2023-06-11T00:36:43.402+0200] {logging_mixin.py:117} INFO - [2023-06-11T00:36:43.401+0200] {example_kubernetes_executor.py:41} WARNING - The example_kubernetes_executor example DAG requires the kubernetes provider. Please install it with: pip install apache-airflow[cncf.kubernetes]
[2023-06-11T00:36:43.402+0200] {processor.py:770} WARNING - No viable dags retrieved from /home/nanah/airflow_venv/lib/python3.10/site-packages/airflow/example_dags/example_kubernetes_executor.py
[2023-06-11T00:36:43.423+0200] {processor.py:178} INFO - Processing /home/nanah/airflow_venv/lib/python3.10/site-packages/airflow/example_dags/example_kubernetes_executor.py took 0.077 seconds
[2023-06-11T00:37:29.386+0200] {processor.py:156} INFO - Started process (PID=5502) to work on /home/nanah/airflow_venv/lib/python3.10/site-packages/airflow/example_dags/example_kubernetes_executor.py
[2023-06-11T00:37:29.391+0200] {processor.py:758} INFO - Processing file /home/nanah/airflow_venv/lib/python3.10/site-packages/airflow/example_dags/example_kubernetes_executor.py for tasks to queue
[2023-06-11T00:37:29.392+0200] {logging_mixin.py:117} INFO - [2023-06-11T00:37:29.392+0200] {dagbag.py:525} INFO - Filling up the DagBag from /home/nanah/airflow_venv/lib/python3.10/site-packages/airflow/example_dags/example_kubernetes_executor.py
[2023-06-11T00:37:29.472+0200] {logging_mixin.py:117} INFO - [2023-06-11T00:37:29.472+0200] {example_kubernetes_executor.py:41} WARNING - The example_kubernetes_executor example DAG requires the kubernetes provider. Please install it with: pip install apache-airflow[cncf.kubernetes]
[2023-06-11T00:37:29.473+0200] {processor.py:770} WARNING - No viable dags retrieved from /home/nanah/airflow_venv/lib/python3.10/site-packages/airflow/example_dags/example_kubernetes_executor.py
[2023-06-11T00:37:29.495+0200] {processor.py:178} INFO - Processing /home/nanah/airflow_venv/lib/python3.10/site-packages/airflow/example_dags/example_kubernetes_executor.py took 0.126 seconds
[2023-06-11T00:38:21.045+0200] {processor.py:156} INFO - Started process (PID=5536) to work on /home/nanah/airflow_venv/lib/python3.10/site-packages/airflow/example_dags/example_kubernetes_executor.py
[2023-06-11T00:38:21.048+0200] {processor.py:758} INFO - Processing file /home/nanah/airflow_venv/lib/python3.10/site-packages/airflow/example_dags/example_kubernetes_executor.py for tasks to queue
[2023-06-11T00:38:21.050+0200] {logging_mixin.py:117} INFO - [2023-06-11T00:38:21.049+0200] {dagbag.py:525} INFO - Filling up the DagBag from /home/nanah/airflow_venv/lib/python3.10/site-packages/airflow/example_dags/example_kubernetes_executor.py
[2023-06-11T00:38:21.085+0200] {logging_mixin.py:117} INFO - [2023-06-11T00:38:21.085+0200] {example_kubernetes_executor.py:41} WARNING - The example_kubernetes_executor example DAG requires the kubernetes provider. Please install it with: pip install apache-airflow[cncf.kubernetes]
[2023-06-11T00:38:21.086+0200] {processor.py:770} WARNING - No viable dags retrieved from /home/nanah/airflow_venv/lib/python3.10/site-packages/airflow/example_dags/example_kubernetes_executor.py
[2023-06-11T00:38:21.109+0200] {processor.py:178} INFO - Processing /home/nanah/airflow_venv/lib/python3.10/site-packages/airflow/example_dags/example_kubernetes_executor.py took 0.072 seconds
[2023-06-11T00:39:05.656+0200] {processor.py:156} INFO - Started process (PID=5572) to work on /home/nanah/airflow_venv/lib/python3.10/site-packages/airflow/example_dags/example_kubernetes_executor.py
[2023-06-11T00:39:05.663+0200] {processor.py:758} INFO - Processing file /home/nanah/airflow_venv/lib/python3.10/site-packages/airflow/example_dags/example_kubernetes_executor.py for tasks to queue
[2023-06-11T00:39:05.665+0200] {logging_mixin.py:117} INFO - [2023-06-11T00:39:05.665+0200] {dagbag.py:525} INFO - Filling up the DagBag from /home/nanah/airflow_venv/lib/python3.10/site-packages/airflow/example_dags/example_kubernetes_executor.py
[2023-06-11T00:39:05.743+0200] {logging_mixin.py:117} INFO - [2023-06-11T00:39:05.743+0200] {example_kubernetes_executor.py:41} WARNING - The example_kubernetes_executor example DAG requires the kubernetes provider. Please install it with: pip install apache-airflow[cncf.kubernetes]
[2023-06-11T00:39:05.744+0200] {processor.py:770} WARNING - No viable dags retrieved from /home/nanah/airflow_venv/lib/python3.10/site-packages/airflow/example_dags/example_kubernetes_executor.py
[2023-06-11T00:39:05.797+0200] {processor.py:178} INFO - Processing /home/nanah/airflow_venv/lib/python3.10/site-packages/airflow/example_dags/example_kubernetes_executor.py took 0.156 seconds
[2023-06-11T00:39:48.125+0200] {processor.py:156} INFO - Started process (PID=5605) to work on /home/nanah/airflow_venv/lib/python3.10/site-packages/airflow/example_dags/example_kubernetes_executor.py
[2023-06-11T00:39:48.131+0200] {processor.py:758} INFO - Processing file /home/nanah/airflow_venv/lib/python3.10/site-packages/airflow/example_dags/example_kubernetes_executor.py for tasks to queue
[2023-06-11T00:39:48.133+0200] {logging_mixin.py:117} INFO - [2023-06-11T00:39:48.133+0200] {dagbag.py:525} INFO - Filling up the DagBag from /home/nanah/airflow_venv/lib/python3.10/site-packages/airflow/example_dags/example_kubernetes_executor.py
[2023-06-11T00:39:48.168+0200] {logging_mixin.py:117} INFO - [2023-06-11T00:39:48.168+0200] {example_kubernetes_executor.py:41} WARNING - The example_kubernetes_executor example DAG requires the kubernetes provider. Please install it with: pip install apache-airflow[cncf.kubernetes]
[2023-06-11T00:39:48.169+0200] {processor.py:770} WARNING - No viable dags retrieved from /home/nanah/airflow_venv/lib/python3.10/site-packages/airflow/example_dags/example_kubernetes_executor.py
[2023-06-11T00:39:48.194+0200] {processor.py:178} INFO - Processing /home/nanah/airflow_venv/lib/python3.10/site-packages/airflow/example_dags/example_kubernetes_executor.py took 0.078 seconds
[2023-06-11T00:40:31.907+0200] {processor.py:156} INFO - Started process (PID=5639) to work on /home/nanah/airflow_venv/lib/python3.10/site-packages/airflow/example_dags/example_kubernetes_executor.py
[2023-06-11T00:40:31.913+0200] {processor.py:758} INFO - Processing file /home/nanah/airflow_venv/lib/python3.10/site-packages/airflow/example_dags/example_kubernetes_executor.py for tasks to queue
[2023-06-11T00:40:31.915+0200] {logging_mixin.py:117} INFO - [2023-06-11T00:40:31.914+0200] {dagbag.py:525} INFO - Filling up the DagBag from /home/nanah/airflow_venv/lib/python3.10/site-packages/airflow/example_dags/example_kubernetes_executor.py
[2023-06-11T00:40:31.952+0200] {logging_mixin.py:117} INFO - [2023-06-11T00:40:31.951+0200] {example_kubernetes_executor.py:41} WARNING - The example_kubernetes_executor example DAG requires the kubernetes provider. Please install it with: pip install apache-airflow[cncf.kubernetes]
[2023-06-11T00:40:31.953+0200] {processor.py:770} WARNING - No viable dags retrieved from /home/nanah/airflow_venv/lib/python3.10/site-packages/airflow/example_dags/example_kubernetes_executor.py
[2023-06-11T00:40:31.973+0200] {processor.py:178} INFO - Processing /home/nanah/airflow_venv/lib/python3.10/site-packages/airflow/example_dags/example_kubernetes_executor.py took 0.076 seconds
[2023-06-11T00:41:13.780+0200] {processor.py:156} INFO - Started process (PID=5673) to work on /home/nanah/airflow_venv/lib/python3.10/site-packages/airflow/example_dags/example_kubernetes_executor.py
[2023-06-11T00:41:13.787+0200] {processor.py:758} INFO - Processing file /home/nanah/airflow_venv/lib/python3.10/site-packages/airflow/example_dags/example_kubernetes_executor.py for tasks to queue
[2023-06-11T00:41:13.788+0200] {logging_mixin.py:117} INFO - [2023-06-11T00:41:13.788+0200] {dagbag.py:525} INFO - Filling up the DagBag from /home/nanah/airflow_venv/lib/python3.10/site-packages/airflow/example_dags/example_kubernetes_executor.py
[2023-06-11T00:41:13.825+0200] {logging_mixin.py:117} INFO - [2023-06-11T00:41:13.824+0200] {example_kubernetes_executor.py:41} WARNING - The example_kubernetes_executor example DAG requires the kubernetes provider. Please install it with: pip install apache-airflow[cncf.kubernetes]
[2023-06-11T00:41:13.825+0200] {processor.py:770} WARNING - No viable dags retrieved from /home/nanah/airflow_venv/lib/python3.10/site-packages/airflow/example_dags/example_kubernetes_executor.py
[2023-06-11T00:41:13.863+0200] {processor.py:178} INFO - Processing /home/nanah/airflow_venv/lib/python3.10/site-packages/airflow/example_dags/example_kubernetes_executor.py took 0.090 seconds
[2023-06-11T00:41:59.174+0200] {processor.py:156} INFO - Started process (PID=5709) to work on /home/nanah/airflow_venv/lib/python3.10/site-packages/airflow/example_dags/example_kubernetes_executor.py
[2023-06-11T00:41:59.178+0200] {processor.py:758} INFO - Processing file /home/nanah/airflow_venv/lib/python3.10/site-packages/airflow/example_dags/example_kubernetes_executor.py for tasks to queue
[2023-06-11T00:41:59.180+0200] {logging_mixin.py:117} INFO - [2023-06-11T00:41:59.179+0200] {dagbag.py:525} INFO - Filling up the DagBag from /home/nanah/airflow_venv/lib/python3.10/site-packages/airflow/example_dags/example_kubernetes_executor.py
[2023-06-11T00:41:59.217+0200] {logging_mixin.py:117} INFO - [2023-06-11T00:41:59.217+0200] {example_kubernetes_executor.py:41} WARNING - The example_kubernetes_executor example DAG requires the kubernetes provider. Please install it with: pip install apache-airflow[cncf.kubernetes]
[2023-06-11T00:41:59.218+0200] {processor.py:770} WARNING - No viable dags retrieved from /home/nanah/airflow_venv/lib/python3.10/site-packages/airflow/example_dags/example_kubernetes_executor.py
[2023-06-11T00:41:59.242+0200] {processor.py:178} INFO - Processing /home/nanah/airflow_venv/lib/python3.10/site-packages/airflow/example_dags/example_kubernetes_executor.py took 0.075 seconds
[2023-06-11T00:42:48.128+0200] {processor.py:156} INFO - Started process (PID=5745) to work on /home/nanah/airflow_venv/lib/python3.10/site-packages/airflow/example_dags/example_kubernetes_executor.py
[2023-06-11T00:42:48.134+0200] {processor.py:758} INFO - Processing file /home/nanah/airflow_venv/lib/python3.10/site-packages/airflow/example_dags/example_kubernetes_executor.py for tasks to queue
[2023-06-11T00:42:48.136+0200] {logging_mixin.py:117} INFO - [2023-06-11T00:42:48.136+0200] {dagbag.py:525} INFO - Filling up the DagBag from /home/nanah/airflow_venv/lib/python3.10/site-packages/airflow/example_dags/example_kubernetes_executor.py
[2023-06-11T00:42:48.176+0200] {logging_mixin.py:117} INFO - [2023-06-11T00:42:48.176+0200] {example_kubernetes_executor.py:41} WARNING - The example_kubernetes_executor example DAG requires the kubernetes provider. Please install it with: pip install apache-airflow[cncf.kubernetes]
[2023-06-11T00:42:48.177+0200] {processor.py:770} WARNING - No viable dags retrieved from /home/nanah/airflow_venv/lib/python3.10/site-packages/airflow/example_dags/example_kubernetes_executor.py
[2023-06-11T00:42:48.209+0200] {processor.py:178} INFO - Processing /home/nanah/airflow_venv/lib/python3.10/site-packages/airflow/example_dags/example_kubernetes_executor.py took 0.089 seconds
[2023-06-11T00:43:33.760+0200] {processor.py:156} INFO - Started process (PID=5779) to work on /home/nanah/airflow_venv/lib/python3.10/site-packages/airflow/example_dags/example_kubernetes_executor.py
[2023-06-11T00:43:33.768+0200] {processor.py:758} INFO - Processing file /home/nanah/airflow_venv/lib/python3.10/site-packages/airflow/example_dags/example_kubernetes_executor.py for tasks to queue
[2023-06-11T00:43:33.769+0200] {logging_mixin.py:117} INFO - [2023-06-11T00:43:33.769+0200] {dagbag.py:525} INFO - Filling up the DagBag from /home/nanah/airflow_venv/lib/python3.10/site-packages/airflow/example_dags/example_kubernetes_executor.py
[2023-06-11T00:43:33.815+0200] {logging_mixin.py:117} INFO - [2023-06-11T00:43:33.814+0200] {example_kubernetes_executor.py:41} WARNING - The example_kubernetes_executor example DAG requires the kubernetes provider. Please install it with: pip install apache-airflow[cncf.kubernetes]
[2023-06-11T00:43:33.815+0200] {processor.py:770} WARNING - No viable dags retrieved from /home/nanah/airflow_venv/lib/python3.10/site-packages/airflow/example_dags/example_kubernetes_executor.py
[2023-06-11T00:43:33.839+0200] {processor.py:178} INFO - Processing /home/nanah/airflow_venv/lib/python3.10/site-packages/airflow/example_dags/example_kubernetes_executor.py took 0.087 seconds
[2023-06-11T00:44:16.935+0200] {processor.py:156} INFO - Started process (PID=5813) to work on /home/nanah/airflow_venv/lib/python3.10/site-packages/airflow/example_dags/example_kubernetes_executor.py
[2023-06-11T00:44:16.946+0200] {processor.py:758} INFO - Processing file /home/nanah/airflow_venv/lib/python3.10/site-packages/airflow/example_dags/example_kubernetes_executor.py for tasks to queue
[2023-06-11T00:44:16.947+0200] {logging_mixin.py:117} INFO - [2023-06-11T00:44:16.947+0200] {dagbag.py:525} INFO - Filling up the DagBag from /home/nanah/airflow_venv/lib/python3.10/site-packages/airflow/example_dags/example_kubernetes_executor.py
[2023-06-11T00:44:16.999+0200] {logging_mixin.py:117} INFO - [2023-06-11T00:44:16.999+0200] {example_kubernetes_executor.py:41} WARNING - The example_kubernetes_executor example DAG requires the kubernetes provider. Please install it with: pip install apache-airflow[cncf.kubernetes]
[2023-06-11T00:44:17.000+0200] {processor.py:770} WARNING - No viable dags retrieved from /home/nanah/airflow_venv/lib/python3.10/site-packages/airflow/example_dags/example_kubernetes_executor.py
[2023-06-11T00:44:17.032+0200] {processor.py:178} INFO - Processing /home/nanah/airflow_venv/lib/python3.10/site-packages/airflow/example_dags/example_kubernetes_executor.py took 0.103 seconds
[2023-06-11T00:45:07.492+0200] {processor.py:156} INFO - Started process (PID=5847) to work on /home/nanah/airflow_venv/lib/python3.10/site-packages/airflow/example_dags/example_kubernetes_executor.py
[2023-06-11T00:45:07.495+0200] {processor.py:758} INFO - Processing file /home/nanah/airflow_venv/lib/python3.10/site-packages/airflow/example_dags/example_kubernetes_executor.py for tasks to queue
[2023-06-11T00:45:07.496+0200] {logging_mixin.py:117} INFO - [2023-06-11T00:45:07.496+0200] {dagbag.py:525} INFO - Filling up the DagBag from /home/nanah/airflow_venv/lib/python3.10/site-packages/airflow/example_dags/example_kubernetes_executor.py
[2023-06-11T00:45:07.553+0200] {logging_mixin.py:117} INFO - [2023-06-11T00:45:07.553+0200] {example_kubernetes_executor.py:41} WARNING - The example_kubernetes_executor example DAG requires the kubernetes provider. Please install it with: pip install apache-airflow[cncf.kubernetes]
[2023-06-11T00:45:07.554+0200] {processor.py:770} WARNING - No viable dags retrieved from /home/nanah/airflow_venv/lib/python3.10/site-packages/airflow/example_dags/example_kubernetes_executor.py
[2023-06-11T00:45:07.589+0200] {processor.py:178} INFO - Processing /home/nanah/airflow_venv/lib/python3.10/site-packages/airflow/example_dags/example_kubernetes_executor.py took 0.106 seconds
