[2023-06-11T00:11:46.430+0200] {processor.py:156} INFO - Started process (PID=4599) to work on /home/nanah/airflow_venv/lib/python3.10/site-packages/airflow/example_dags/example_trigger_target_dag.py
[2023-06-11T00:11:46.434+0200] {processor.py:758} INFO - Processing file /home/nanah/airflow_venv/lib/python3.10/site-packages/airflow/example_dags/example_trigger_target_dag.py for tasks to queue
[2023-06-11T00:11:46.436+0200] {logging_mixin.py:117} INFO - [2023-06-11T00:11:46.435+0200] {dagbag.py:525} INFO - Filling up the DagBag from /home/nanah/airflow_venv/lib/python3.10/site-packages/airflow/example_dags/example_trigger_target_dag.py
[2023-06-11T00:11:47.320+0200] {processor.py:768} INFO - DAG(s) dict_keys(['example_trigger_target_dag']) retrieved from /home/nanah/airflow_venv/lib/python3.10/site-packages/airflow/example_dags/example_trigger_target_dag.py
[2023-06-11T00:11:48.347+0200] {logging_mixin.py:117} INFO - [2023-06-11T00:11:48.347+0200] {dag.py:2573} INFO - Sync 1 DAGs
[2023-06-11T00:11:48.913+0200] {logging_mixin.py:117} INFO - [2023-06-11T00:11:48.913+0200] {dag.py:3324} INFO - Setting next_dagrun for example_trigger_target_dag to None, run_after=None
[2023-06-11T00:11:49.181+0200] {processor.py:178} INFO - Processing /home/nanah/airflow_venv/lib/python3.10/site-packages/airflow/example_dags/example_trigger_target_dag.py took 2.758 seconds
[2023-06-11T00:13:01.429+0200] {processor.py:156} INFO - Started process (PID=4642) to work on /home/nanah/airflow_venv/lib/python3.10/site-packages/airflow/example_dags/example_trigger_target_dag.py
[2023-06-11T00:13:01.433+0200] {processor.py:758} INFO - Processing file /home/nanah/airflow_venv/lib/python3.10/site-packages/airflow/example_dags/example_trigger_target_dag.py for tasks to queue
[2023-06-11T00:13:01.435+0200] {logging_mixin.py:117} INFO - [2023-06-11T00:13:01.434+0200] {dagbag.py:525} INFO - Filling up the DagBag from /home/nanah/airflow_venv/lib/python3.10/site-packages/airflow/example_dags/example_trigger_target_dag.py
[2023-06-11T00:13:01.543+0200] {processor.py:768} INFO - DAG(s) dict_keys(['example_trigger_target_dag']) retrieved from /home/nanah/airflow_venv/lib/python3.10/site-packages/airflow/example_dags/example_trigger_target_dag.py
[2023-06-11T00:13:01.605+0200] {logging_mixin.py:117} INFO - [2023-06-11T00:13:01.604+0200] {dag.py:2573} INFO - Sync 1 DAGs
[2023-06-11T00:13:01.654+0200] {logging_mixin.py:117} INFO - [2023-06-11T00:13:01.653+0200] {dag.py:3324} INFO - Setting next_dagrun for example_trigger_target_dag to None, run_after=None
[2023-06-11T00:13:01.711+0200] {processor.py:178} INFO - Processing /home/nanah/airflow_venv/lib/python3.10/site-packages/airflow/example_dags/example_trigger_target_dag.py took 0.295 seconds
[2023-06-11T00:14:15.853+0200] {processor.py:156} INFO - Started process (PID=4678) to work on /home/nanah/airflow_venv/lib/python3.10/site-packages/airflow/example_dags/example_trigger_target_dag.py
[2023-06-11T00:14:15.860+0200] {processor.py:758} INFO - Processing file /home/nanah/airflow_venv/lib/python3.10/site-packages/airflow/example_dags/example_trigger_target_dag.py for tasks to queue
[2023-06-11T00:14:15.862+0200] {logging_mixin.py:117} INFO - [2023-06-11T00:14:15.861+0200] {dagbag.py:525} INFO - Filling up the DagBag from /home/nanah/airflow_venv/lib/python3.10/site-packages/airflow/example_dags/example_trigger_target_dag.py
[2023-06-11T00:14:15.967+0200] {processor.py:768} INFO - DAG(s) dict_keys(['example_trigger_target_dag']) retrieved from /home/nanah/airflow_venv/lib/python3.10/site-packages/airflow/example_dags/example_trigger_target_dag.py
[2023-06-11T00:14:16.096+0200] {logging_mixin.py:117} INFO - [2023-06-11T00:14:16.096+0200] {dag.py:2573} INFO - Sync 1 DAGs
[2023-06-11T00:14:16.190+0200] {logging_mixin.py:117} INFO - [2023-06-11T00:14:16.190+0200] {dag.py:3324} INFO - Setting next_dagrun for example_trigger_target_dag to None, run_after=None
[2023-06-11T00:14:16.321+0200] {processor.py:178} INFO - Processing /home/nanah/airflow_venv/lib/python3.10/site-packages/airflow/example_dags/example_trigger_target_dag.py took 0.475 seconds
[2023-06-11T00:15:33.824+0200] {processor.py:156} INFO - Started process (PID=4718) to work on /home/nanah/airflow_venv/lib/python3.10/site-packages/airflow/example_dags/example_trigger_target_dag.py
[2023-06-11T00:15:33.841+0200] {processor.py:758} INFO - Processing file /home/nanah/airflow_venv/lib/python3.10/site-packages/airflow/example_dags/example_trigger_target_dag.py for tasks to queue
[2023-06-11T00:15:33.843+0200] {logging_mixin.py:117} INFO - [2023-06-11T00:15:33.842+0200] {dagbag.py:525} INFO - Filling up the DagBag from /home/nanah/airflow_venv/lib/python3.10/site-packages/airflow/example_dags/example_trigger_target_dag.py
[2023-06-11T00:15:33.895+0200] {processor.py:768} INFO - DAG(s) dict_keys(['example_trigger_target_dag']) retrieved from /home/nanah/airflow_venv/lib/python3.10/site-packages/airflow/example_dags/example_trigger_target_dag.py
[2023-06-11T00:15:33.961+0200] {logging_mixin.py:117} INFO - [2023-06-11T00:15:33.960+0200] {dag.py:2573} INFO - Sync 1 DAGs
[2023-06-11T00:15:34.035+0200] {logging_mixin.py:117} INFO - [2023-06-11T00:15:34.034+0200] {dag.py:3324} INFO - Setting next_dagrun for example_trigger_target_dag to None, run_after=None
[2023-06-11T00:15:35.226+0200] {processor.py:178} INFO - Processing /home/nanah/airflow_venv/lib/python3.10/site-packages/airflow/example_dags/example_trigger_target_dag.py took 1.430 seconds
[2023-06-11T00:16:50.045+0200] {processor.py:156} INFO - Started process (PID=4765) to work on /home/nanah/airflow_venv/lib/python3.10/site-packages/airflow/example_dags/example_trigger_target_dag.py
[2023-06-11T00:16:50.053+0200] {processor.py:758} INFO - Processing file /home/nanah/airflow_venv/lib/python3.10/site-packages/airflow/example_dags/example_trigger_target_dag.py for tasks to queue
[2023-06-11T00:16:50.054+0200] {logging_mixin.py:117} INFO - [2023-06-11T00:16:50.054+0200] {dagbag.py:525} INFO - Filling up the DagBag from /home/nanah/airflow_venv/lib/python3.10/site-packages/airflow/example_dags/example_trigger_target_dag.py
[2023-06-11T00:16:50.142+0200] {processor.py:768} INFO - DAG(s) dict_keys(['example_trigger_target_dag']) retrieved from /home/nanah/airflow_venv/lib/python3.10/site-packages/airflow/example_dags/example_trigger_target_dag.py
[2023-06-11T00:16:50.204+0200] {logging_mixin.py:117} INFO - [2023-06-11T00:16:50.204+0200] {dag.py:2573} INFO - Sync 1 DAGs
[2023-06-11T00:16:50.321+0200] {logging_mixin.py:117} INFO - [2023-06-11T00:16:50.320+0200] {dag.py:3324} INFO - Setting next_dagrun for example_trigger_target_dag to None, run_after=None
[2023-06-11T00:16:50.372+0200] {processor.py:178} INFO - Processing /home/nanah/airflow_venv/lib/python3.10/site-packages/airflow/example_dags/example_trigger_target_dag.py took 0.334 seconds
[2023-06-11T00:17:39.093+0200] {processor.py:156} INFO - Started process (PID=4802) to work on /home/nanah/airflow_venv/lib/python3.10/site-packages/airflow/example_dags/example_trigger_target_dag.py
[2023-06-11T00:17:39.115+0200] {processor.py:758} INFO - Processing file /home/nanah/airflow_venv/lib/python3.10/site-packages/airflow/example_dags/example_trigger_target_dag.py for tasks to queue
[2023-06-11T00:17:39.121+0200] {logging_mixin.py:117} INFO - [2023-06-11T00:17:39.119+0200] {dagbag.py:525} INFO - Filling up the DagBag from /home/nanah/airflow_venv/lib/python3.10/site-packages/airflow/example_dags/example_trigger_target_dag.py
[2023-06-11T00:17:39.299+0200] {processor.py:768} INFO - DAG(s) dict_keys(['example_trigger_target_dag']) retrieved from /home/nanah/airflow_venv/lib/python3.10/site-packages/airflow/example_dags/example_trigger_target_dag.py
[2023-06-11T00:17:39.374+0200] {logging_mixin.py:117} INFO - [2023-06-11T00:17:39.374+0200] {dag.py:2573} INFO - Sync 1 DAGs
[2023-06-11T00:17:39.429+0200] {logging_mixin.py:117} INFO - [2023-06-11T00:17:39.428+0200] {dag.py:3324} INFO - Setting next_dagrun for example_trigger_target_dag to None, run_after=None
[2023-06-11T00:17:39.518+0200] {processor.py:178} INFO - Processing /home/nanah/airflow_venv/lib/python3.10/site-packages/airflow/example_dags/example_trigger_target_dag.py took 0.485 seconds
[2023-06-11T00:18:29.033+0200] {processor.py:156} INFO - Started process (PID=4838) to work on /home/nanah/airflow_venv/lib/python3.10/site-packages/airflow/example_dags/example_trigger_target_dag.py
[2023-06-11T00:18:29.042+0200] {processor.py:758} INFO - Processing file /home/nanah/airflow_venv/lib/python3.10/site-packages/airflow/example_dags/example_trigger_target_dag.py for tasks to queue
[2023-06-11T00:18:29.043+0200] {logging_mixin.py:117} INFO - [2023-06-11T00:18:29.043+0200] {dagbag.py:525} INFO - Filling up the DagBag from /home/nanah/airflow_venv/lib/python3.10/site-packages/airflow/example_dags/example_trigger_target_dag.py
[2023-06-11T00:18:29.090+0200] {processor.py:768} INFO - DAG(s) dict_keys(['example_trigger_target_dag']) retrieved from /home/nanah/airflow_venv/lib/python3.10/site-packages/airflow/example_dags/example_trigger_target_dag.py
[2023-06-11T00:18:29.146+0200] {logging_mixin.py:117} INFO - [2023-06-11T00:18:29.146+0200] {dag.py:2573} INFO - Sync 1 DAGs
[2023-06-11T00:18:29.189+0200] {logging_mixin.py:117} INFO - [2023-06-11T00:18:29.189+0200] {dag.py:3324} INFO - Setting next_dagrun for example_trigger_target_dag to None, run_after=None
[2023-06-11T00:18:29.247+0200] {processor.py:178} INFO - Processing /home/nanah/airflow_venv/lib/python3.10/site-packages/airflow/example_dags/example_trigger_target_dag.py took 0.220 seconds
[2023-06-11T00:19:09.402+0200] {processor.py:156} INFO - Started process (PID=4871) to work on /home/nanah/airflow_venv/lib/python3.10/site-packages/airflow/example_dags/example_trigger_target_dag.py
[2023-06-11T00:19:09.411+0200] {processor.py:758} INFO - Processing file /home/nanah/airflow_venv/lib/python3.10/site-packages/airflow/example_dags/example_trigger_target_dag.py for tasks to queue
[2023-06-11T00:19:09.415+0200] {logging_mixin.py:117} INFO - [2023-06-11T00:19:09.414+0200] {dagbag.py:525} INFO - Filling up the DagBag from /home/nanah/airflow_venv/lib/python3.10/site-packages/airflow/example_dags/example_trigger_target_dag.py
[2023-06-11T00:19:09.469+0200] {processor.py:768} INFO - DAG(s) dict_keys(['example_trigger_target_dag']) retrieved from /home/nanah/airflow_venv/lib/python3.10/site-packages/airflow/example_dags/example_trigger_target_dag.py
[2023-06-11T00:19:09.527+0200] {logging_mixin.py:117} INFO - [2023-06-11T00:19:09.527+0200] {dag.py:2573} INFO - Sync 1 DAGs
[2023-06-11T00:19:09.574+0200] {logging_mixin.py:117} INFO - [2023-06-11T00:19:09.573+0200] {dag.py:3324} INFO - Setting next_dagrun for example_trigger_target_dag to None, run_after=None
[2023-06-11T00:19:09.625+0200] {processor.py:178} INFO - Processing /home/nanah/airflow_venv/lib/python3.10/site-packages/airflow/example_dags/example_trigger_target_dag.py took 0.241 seconds
[2023-06-11T00:20:42.344+0200] {processor.py:156} INFO - Started process (PID=4917) to work on /home/nanah/airflow_venv/lib/python3.10/site-packages/airflow/example_dags/example_trigger_target_dag.py
[2023-06-11T00:20:42.356+0200] {processor.py:758} INFO - Processing file /home/nanah/airflow_venv/lib/python3.10/site-packages/airflow/example_dags/example_trigger_target_dag.py for tasks to queue
[2023-06-11T00:20:42.359+0200] {logging_mixin.py:117} INFO - [2023-06-11T00:20:42.358+0200] {dagbag.py:525} INFO - Filling up the DagBag from /home/nanah/airflow_venv/lib/python3.10/site-packages/airflow/example_dags/example_trigger_target_dag.py
[2023-06-11T00:20:42.557+0200] {processor.py:768} INFO - DAG(s) dict_keys(['example_trigger_target_dag']) retrieved from /home/nanah/airflow_venv/lib/python3.10/site-packages/airflow/example_dags/example_trigger_target_dag.py
[2023-06-11T00:20:42.802+0200] {logging_mixin.py:117} INFO - [2023-06-11T00:20:42.801+0200] {dag.py:2573} INFO - Sync 1 DAGs
[2023-06-11T00:20:42.976+0200] {logging_mixin.py:117} INFO - [2023-06-11T00:20:42.976+0200] {dag.py:3324} INFO - Setting next_dagrun for example_trigger_target_dag to None, run_after=None
[2023-06-11T00:20:43.165+0200] {processor.py:178} INFO - Processing /home/nanah/airflow_venv/lib/python3.10/site-packages/airflow/example_dags/example_trigger_target_dag.py took 0.839 seconds
[2023-06-11T00:21:44.944+0200] {processor.py:156} INFO - Started process (PID=4952) to work on /home/nanah/airflow_venv/lib/python3.10/site-packages/airflow/example_dags/example_trigger_target_dag.py
[2023-06-11T00:21:44.950+0200] {processor.py:758} INFO - Processing file /home/nanah/airflow_venv/lib/python3.10/site-packages/airflow/example_dags/example_trigger_target_dag.py for tasks to queue
[2023-06-11T00:21:44.953+0200] {logging_mixin.py:117} INFO - [2023-06-11T00:21:44.952+0200] {dagbag.py:525} INFO - Filling up the DagBag from /home/nanah/airflow_venv/lib/python3.10/site-packages/airflow/example_dags/example_trigger_target_dag.py
[2023-06-11T00:21:45.145+0200] {processor.py:768} INFO - DAG(s) dict_keys(['example_trigger_target_dag']) retrieved from /home/nanah/airflow_venv/lib/python3.10/site-packages/airflow/example_dags/example_trigger_target_dag.py
[2023-06-11T00:21:45.377+0200] {logging_mixin.py:117} INFO - [2023-06-11T00:21:45.376+0200] {dag.py:2573} INFO - Sync 1 DAGs
[2023-06-11T00:21:45.569+0200] {logging_mixin.py:117} INFO - [2023-06-11T00:21:45.568+0200] {dag.py:3324} INFO - Setting next_dagrun for example_trigger_target_dag to None, run_after=None
[2023-06-11T00:21:46.116+0200] {processor.py:178} INFO - Processing /home/nanah/airflow_venv/lib/python3.10/site-packages/airflow/example_dags/example_trigger_target_dag.py took 1.198 seconds
[2023-06-11T00:22:51.861+0200] {processor.py:156} INFO - Started process (PID=4988) to work on /home/nanah/airflow_venv/lib/python3.10/site-packages/airflow/example_dags/example_trigger_target_dag.py
[2023-06-11T00:22:51.869+0200] {processor.py:758} INFO - Processing file /home/nanah/airflow_venv/lib/python3.10/site-packages/airflow/example_dags/example_trigger_target_dag.py for tasks to queue
[2023-06-11T00:22:51.873+0200] {logging_mixin.py:117} INFO - [2023-06-11T00:22:51.871+0200] {dagbag.py:525} INFO - Filling up the DagBag from /home/nanah/airflow_venv/lib/python3.10/site-packages/airflow/example_dags/example_trigger_target_dag.py
[2023-06-11T00:22:52.043+0200] {processor.py:768} INFO - DAG(s) dict_keys(['example_trigger_target_dag']) retrieved from /home/nanah/airflow_venv/lib/python3.10/site-packages/airflow/example_dags/example_trigger_target_dag.py
[2023-06-11T00:22:52.291+0200] {logging_mixin.py:117} INFO - [2023-06-11T00:22:52.291+0200] {dag.py:2573} INFO - Sync 1 DAGs
[2023-06-11T00:22:52.357+0200] {logging_mixin.py:117} INFO - [2023-06-11T00:22:52.356+0200] {dag.py:3324} INFO - Setting next_dagrun for example_trigger_target_dag to None, run_after=None
[2023-06-11T00:22:52.493+0200] {processor.py:178} INFO - Processing /home/nanah/airflow_venv/lib/python3.10/site-packages/airflow/example_dags/example_trigger_target_dag.py took 0.652 seconds
[2023-06-11T00:23:46.738+0200] {processor.py:156} INFO - Started process (PID=5022) to work on /home/nanah/airflow_venv/lib/python3.10/site-packages/airflow/example_dags/example_trigger_target_dag.py
[2023-06-11T00:23:46.743+0200] {processor.py:758} INFO - Processing file /home/nanah/airflow_venv/lib/python3.10/site-packages/airflow/example_dags/example_trigger_target_dag.py for tasks to queue
[2023-06-11T00:23:46.745+0200] {logging_mixin.py:117} INFO - [2023-06-11T00:23:46.744+0200] {dagbag.py:525} INFO - Filling up the DagBag from /home/nanah/airflow_venv/lib/python3.10/site-packages/airflow/example_dags/example_trigger_target_dag.py
[2023-06-11T00:23:46.816+0200] {processor.py:768} INFO - DAG(s) dict_keys(['example_trigger_target_dag']) retrieved from /home/nanah/airflow_venv/lib/python3.10/site-packages/airflow/example_dags/example_trigger_target_dag.py
[2023-06-11T00:23:46.914+0200] {logging_mixin.py:117} INFO - [2023-06-11T00:23:46.913+0200] {dag.py:2573} INFO - Sync 1 DAGs
[2023-06-11T00:23:46.975+0200] {logging_mixin.py:117} INFO - [2023-06-11T00:23:46.974+0200] {dag.py:3324} INFO - Setting next_dagrun for example_trigger_target_dag to None, run_after=None
[2023-06-11T00:23:47.414+0200] {processor.py:178} INFO - Processing /home/nanah/airflow_venv/lib/python3.10/site-packages/airflow/example_dags/example_trigger_target_dag.py took 0.691 seconds
[2023-06-11T00:25:37.795+0200] {processor.py:156} INFO - Started process (PID=5059) to work on /home/nanah/airflow_venv/lib/python3.10/site-packages/airflow/example_dags/example_trigger_target_dag.py
[2023-06-11T00:25:37.814+0200] {processor.py:758} INFO - Processing file /home/nanah/airflow_venv/lib/python3.10/site-packages/airflow/example_dags/example_trigger_target_dag.py for tasks to queue
[2023-06-11T00:25:37.816+0200] {logging_mixin.py:117} INFO - [2023-06-11T00:25:37.815+0200] {dagbag.py:525} INFO - Filling up the DagBag from /home/nanah/airflow_venv/lib/python3.10/site-packages/airflow/example_dags/example_trigger_target_dag.py
[2023-06-11T00:25:38.030+0200] {processor.py:768} INFO - DAG(s) dict_keys(['example_trigger_target_dag']) retrieved from /home/nanah/airflow_venv/lib/python3.10/site-packages/airflow/example_dags/example_trigger_target_dag.py
[2023-06-11T00:25:38.251+0200] {logging_mixin.py:117} INFO - [2023-06-11T00:25:38.251+0200] {dag.py:2573} INFO - Sync 1 DAGs
[2023-06-11T00:25:39.203+0200] {logging_mixin.py:117} INFO - [2023-06-11T00:25:39.203+0200] {dag.py:3324} INFO - Setting next_dagrun for example_trigger_target_dag to None, run_after=None
[2023-06-11T00:25:39.359+0200] {processor.py:178} INFO - Processing /home/nanah/airflow_venv/lib/python3.10/site-packages/airflow/example_dags/example_trigger_target_dag.py took 1.573 seconds
[2023-06-11T00:26:42.358+0200] {processor.py:156} INFO - Started process (PID=5094) to work on /home/nanah/airflow_venv/lib/python3.10/site-packages/airflow/example_dags/example_trigger_target_dag.py
[2023-06-11T00:26:42.362+0200] {processor.py:758} INFO - Processing file /home/nanah/airflow_venv/lib/python3.10/site-packages/airflow/example_dags/example_trigger_target_dag.py for tasks to queue
[2023-06-11T00:26:42.364+0200] {logging_mixin.py:117} INFO - [2023-06-11T00:26:42.364+0200] {dagbag.py:525} INFO - Filling up the DagBag from /home/nanah/airflow_venv/lib/python3.10/site-packages/airflow/example_dags/example_trigger_target_dag.py
[2023-06-11T00:26:42.436+0200] {processor.py:768} INFO - DAG(s) dict_keys(['example_trigger_target_dag']) retrieved from /home/nanah/airflow_venv/lib/python3.10/site-packages/airflow/example_dags/example_trigger_target_dag.py
[2023-06-11T00:26:42.521+0200] {logging_mixin.py:117} INFO - [2023-06-11T00:26:42.519+0200] {dag.py:2573} INFO - Sync 1 DAGs
[2023-06-11T00:26:42.879+0200] {logging_mixin.py:117} INFO - [2023-06-11T00:26:42.879+0200] {dag.py:3324} INFO - Setting next_dagrun for example_trigger_target_dag to None, run_after=None
[2023-06-11T00:26:42.939+0200] {processor.py:178} INFO - Processing /home/nanah/airflow_venv/lib/python3.10/site-packages/airflow/example_dags/example_trigger_target_dag.py took 0.593 seconds
[2023-06-11T00:27:38.964+0200] {processor.py:156} INFO - Started process (PID=5133) to work on /home/nanah/airflow_venv/lib/python3.10/site-packages/airflow/example_dags/example_trigger_target_dag.py
[2023-06-11T00:27:38.969+0200] {processor.py:758} INFO - Processing file /home/nanah/airflow_venv/lib/python3.10/site-packages/airflow/example_dags/example_trigger_target_dag.py for tasks to queue
[2023-06-11T00:27:38.971+0200] {logging_mixin.py:117} INFO - [2023-06-11T00:27:38.971+0200] {dagbag.py:525} INFO - Filling up the DagBag from /home/nanah/airflow_venv/lib/python3.10/site-packages/airflow/example_dags/example_trigger_target_dag.py
[2023-06-11T00:27:39.036+0200] {processor.py:768} INFO - DAG(s) dict_keys(['example_trigger_target_dag']) retrieved from /home/nanah/airflow_venv/lib/python3.10/site-packages/airflow/example_dags/example_trigger_target_dag.py
[2023-06-11T00:27:39.102+0200] {logging_mixin.py:117} INFO - [2023-06-11T00:27:39.101+0200] {dag.py:2573} INFO - Sync 1 DAGs
[2023-06-11T00:27:39.462+0200] {logging_mixin.py:117} INFO - [2023-06-11T00:27:39.461+0200] {dag.py:3324} INFO - Setting next_dagrun for example_trigger_target_dag to None, run_after=None
[2023-06-11T00:27:39.519+0200] {processor.py:178} INFO - Processing /home/nanah/airflow_venv/lib/python3.10/site-packages/airflow/example_dags/example_trigger_target_dag.py took 0.563 seconds
[2023-06-11T00:28:40.977+0200] {processor.py:156} INFO - Started process (PID=5167) to work on /home/nanah/airflow_venv/lib/python3.10/site-packages/airflow/example_dags/example_trigger_target_dag.py
[2023-06-11T00:28:40.982+0200] {processor.py:758} INFO - Processing file /home/nanah/airflow_venv/lib/python3.10/site-packages/airflow/example_dags/example_trigger_target_dag.py for tasks to queue
[2023-06-11T00:28:40.984+0200] {logging_mixin.py:117} INFO - [2023-06-11T00:28:40.984+0200] {dagbag.py:525} INFO - Filling up the DagBag from /home/nanah/airflow_venv/lib/python3.10/site-packages/airflow/example_dags/example_trigger_target_dag.py
[2023-06-11T00:28:41.058+0200] {processor.py:768} INFO - DAG(s) dict_keys(['example_trigger_target_dag']) retrieved from /home/nanah/airflow_venv/lib/python3.10/site-packages/airflow/example_dags/example_trigger_target_dag.py
[2023-06-11T00:28:41.135+0200] {logging_mixin.py:117} INFO - [2023-06-11T00:28:41.135+0200] {dag.py:2573} INFO - Sync 1 DAGs
[2023-06-11T00:28:41.498+0200] {logging_mixin.py:117} INFO - [2023-06-11T00:28:41.497+0200] {dag.py:3324} INFO - Setting next_dagrun for example_trigger_target_dag to None, run_after=None
[2023-06-11T00:28:41.553+0200] {processor.py:178} INFO - Processing /home/nanah/airflow_venv/lib/python3.10/site-packages/airflow/example_dags/example_trigger_target_dag.py took 0.587 seconds
[2023-06-11T00:29:36.004+0200] {processor.py:156} INFO - Started process (PID=5201) to work on /home/nanah/airflow_venv/lib/python3.10/site-packages/airflow/example_dags/example_trigger_target_dag.py
[2023-06-11T00:29:36.009+0200] {processor.py:758} INFO - Processing file /home/nanah/airflow_venv/lib/python3.10/site-packages/airflow/example_dags/example_trigger_target_dag.py for tasks to queue
[2023-06-11T00:29:36.010+0200] {logging_mixin.py:117} INFO - [2023-06-11T00:29:36.010+0200] {dagbag.py:525} INFO - Filling up the DagBag from /home/nanah/airflow_venv/lib/python3.10/site-packages/airflow/example_dags/example_trigger_target_dag.py
[2023-06-11T00:29:36.074+0200] {processor.py:768} INFO - DAG(s) dict_keys(['example_trigger_target_dag']) retrieved from /home/nanah/airflow_venv/lib/python3.10/site-packages/airflow/example_dags/example_trigger_target_dag.py
[2023-06-11T00:29:36.655+0200] {logging_mixin.py:117} INFO - [2023-06-11T00:29:36.654+0200] {dag.py:2573} INFO - Sync 1 DAGs
[2023-06-11T00:29:36.766+0200] {logging_mixin.py:117} INFO - [2023-06-11T00:29:36.765+0200] {dag.py:3324} INFO - Setting next_dagrun for example_trigger_target_dag to None, run_after=None
[2023-06-11T00:29:37.012+0200] {processor.py:178} INFO - Processing /home/nanah/airflow_venv/lib/python3.10/site-packages/airflow/example_dags/example_trigger_target_dag.py took 1.018 seconds
[2023-06-11T00:30:47.555+0200] {processor.py:156} INFO - Started process (PID=5238) to work on /home/nanah/airflow_venv/lib/python3.10/site-packages/airflow/example_dags/example_trigger_target_dag.py
[2023-06-11T00:30:47.562+0200] {processor.py:758} INFO - Processing file /home/nanah/airflow_venv/lib/python3.10/site-packages/airflow/example_dags/example_trigger_target_dag.py for tasks to queue
[2023-06-11T00:30:47.563+0200] {logging_mixin.py:117} INFO - [2023-06-11T00:30:47.563+0200] {dagbag.py:525} INFO - Filling up the DagBag from /home/nanah/airflow_venv/lib/python3.10/site-packages/airflow/example_dags/example_trigger_target_dag.py
[2023-06-11T00:30:47.649+0200] {processor.py:768} INFO - DAG(s) dict_keys(['example_trigger_target_dag']) retrieved from /home/nanah/airflow_venv/lib/python3.10/site-packages/airflow/example_dags/example_trigger_target_dag.py
[2023-06-11T00:30:48.014+0200] {logging_mixin.py:117} INFO - [2023-06-11T00:30:48.013+0200] {dag.py:2573} INFO - Sync 1 DAGs
[2023-06-11T00:30:48.064+0200] {logging_mixin.py:117} INFO - [2023-06-11T00:30:48.064+0200] {dag.py:3324} INFO - Setting next_dagrun for example_trigger_target_dag to None, run_after=None
[2023-06-11T00:30:48.153+0200] {processor.py:178} INFO - Processing /home/nanah/airflow_venv/lib/python3.10/site-packages/airflow/example_dags/example_trigger_target_dag.py took 0.606 seconds
[2023-06-11T00:31:45.636+0200] {processor.py:156} INFO - Started process (PID=5273) to work on /home/nanah/airflow_venv/lib/python3.10/site-packages/airflow/example_dags/example_trigger_target_dag.py
[2023-06-11T00:31:45.643+0200] {processor.py:758} INFO - Processing file /home/nanah/airflow_venv/lib/python3.10/site-packages/airflow/example_dags/example_trigger_target_dag.py for tasks to queue
[2023-06-11T00:31:45.644+0200] {logging_mixin.py:117} INFO - [2023-06-11T00:31:45.644+0200] {dagbag.py:525} INFO - Filling up the DagBag from /home/nanah/airflow_venv/lib/python3.10/site-packages/airflow/example_dags/example_trigger_target_dag.py
[2023-06-11T00:31:46.059+0200] {processor.py:768} INFO - DAG(s) dict_keys(['example_trigger_target_dag']) retrieved from /home/nanah/airflow_venv/lib/python3.10/site-packages/airflow/example_dags/example_trigger_target_dag.py
[2023-06-11T00:31:46.116+0200] {logging_mixin.py:117} INFO - [2023-06-11T00:31:46.115+0200] {dag.py:2573} INFO - Sync 1 DAGs
[2023-06-11T00:31:46.178+0200] {logging_mixin.py:117} INFO - [2023-06-11T00:31:46.178+0200] {dag.py:3324} INFO - Setting next_dagrun for example_trigger_target_dag to None, run_after=None
[2023-06-11T00:31:46.247+0200] {processor.py:178} INFO - Processing /home/nanah/airflow_venv/lib/python3.10/site-packages/airflow/example_dags/example_trigger_target_dag.py took 0.622 seconds
[2023-06-11T00:32:41.170+0200] {processor.py:156} INFO - Started process (PID=5309) to work on /home/nanah/airflow_venv/lib/python3.10/site-packages/airflow/example_dags/example_trigger_target_dag.py
[2023-06-11T00:32:41.175+0200] {processor.py:758} INFO - Processing file /home/nanah/airflow_venv/lib/python3.10/site-packages/airflow/example_dags/example_trigger_target_dag.py for tasks to queue
[2023-06-11T00:32:41.177+0200] {logging_mixin.py:117} INFO - [2023-06-11T00:32:41.177+0200] {dagbag.py:525} INFO - Filling up the DagBag from /home/nanah/airflow_venv/lib/python3.10/site-packages/airflow/example_dags/example_trigger_target_dag.py
[2023-06-11T00:32:41.582+0200] {processor.py:768} INFO - DAG(s) dict_keys(['example_trigger_target_dag']) retrieved from /home/nanah/airflow_venv/lib/python3.10/site-packages/airflow/example_dags/example_trigger_target_dag.py
[2023-06-11T00:32:41.636+0200] {logging_mixin.py:117} INFO - [2023-06-11T00:32:41.635+0200] {dag.py:2573} INFO - Sync 1 DAGs
[2023-06-11T00:32:41.697+0200] {logging_mixin.py:117} INFO - [2023-06-11T00:32:41.696+0200] {dag.py:3324} INFO - Setting next_dagrun for example_trigger_target_dag to None, run_after=None
[2023-06-11T00:32:41.764+0200] {processor.py:178} INFO - Processing /home/nanah/airflow_venv/lib/python3.10/site-packages/airflow/example_dags/example_trigger_target_dag.py took 0.602 seconds
[2023-06-11T00:33:35.155+0200] {processor.py:156} INFO - Started process (PID=5344) to work on /home/nanah/airflow_venv/lib/python3.10/site-packages/airflow/example_dags/example_trigger_target_dag.py
[2023-06-11T00:33:35.160+0200] {processor.py:758} INFO - Processing file /home/nanah/airflow_venv/lib/python3.10/site-packages/airflow/example_dags/example_trigger_target_dag.py for tasks to queue
[2023-06-11T00:33:35.162+0200] {logging_mixin.py:117} INFO - [2023-06-11T00:33:35.161+0200] {dagbag.py:525} INFO - Filling up the DagBag from /home/nanah/airflow_venv/lib/python3.10/site-packages/airflow/example_dags/example_trigger_target_dag.py
[2023-06-11T00:33:35.566+0200] {processor.py:768} INFO - DAG(s) dict_keys(['example_trigger_target_dag']) retrieved from /home/nanah/airflow_venv/lib/python3.10/site-packages/airflow/example_dags/example_trigger_target_dag.py
[2023-06-11T00:33:35.621+0200] {logging_mixin.py:117} INFO - [2023-06-11T00:33:35.621+0200] {dag.py:2573} INFO - Sync 1 DAGs
[2023-06-11T00:33:35.673+0200] {logging_mixin.py:117} INFO - [2023-06-11T00:33:35.673+0200] {dag.py:3324} INFO - Setting next_dagrun for example_trigger_target_dag to None, run_after=None
[2023-06-11T00:33:35.730+0200] {processor.py:178} INFO - Processing /home/nanah/airflow_venv/lib/python3.10/site-packages/airflow/example_dags/example_trigger_target_dag.py took 0.583 seconds
[2023-06-11T00:34:33.933+0200] {processor.py:156} INFO - Started process (PID=5382) to work on /home/nanah/airflow_venv/lib/python3.10/site-packages/airflow/example_dags/example_trigger_target_dag.py
[2023-06-11T00:34:33.938+0200] {processor.py:758} INFO - Processing file /home/nanah/airflow_venv/lib/python3.10/site-packages/airflow/example_dags/example_trigger_target_dag.py for tasks to queue
[2023-06-11T00:34:33.940+0200] {logging_mixin.py:117} INFO - [2023-06-11T00:34:33.939+0200] {dagbag.py:525} INFO - Filling up the DagBag from /home/nanah/airflow_venv/lib/python3.10/site-packages/airflow/example_dags/example_trigger_target_dag.py
[2023-06-11T00:34:34.069+0200] {processor.py:768} INFO - DAG(s) dict_keys(['example_trigger_target_dag']) retrieved from /home/nanah/airflow_venv/lib/python3.10/site-packages/airflow/example_dags/example_trigger_target_dag.py
[2023-06-11T00:34:34.304+0200] {logging_mixin.py:117} INFO - [2023-06-11T00:34:34.304+0200] {dag.py:2573} INFO - Sync 1 DAGs
[2023-06-11T00:34:34.688+0200] {logging_mixin.py:117} INFO - [2023-06-11T00:34:34.687+0200] {dag.py:3324} INFO - Setting next_dagrun for example_trigger_target_dag to None, run_after=None
[2023-06-11T00:34:34.827+0200] {processor.py:178} INFO - Processing /home/nanah/airflow_venv/lib/python3.10/site-packages/airflow/example_dags/example_trigger_target_dag.py took 0.905 seconds
[2023-06-11T00:35:36.803+0200] {processor.py:156} INFO - Started process (PID=5418) to work on /home/nanah/airflow_venv/lib/python3.10/site-packages/airflow/example_dags/example_trigger_target_dag.py
[2023-06-11T00:35:36.811+0200] {processor.py:758} INFO - Processing file /home/nanah/airflow_venv/lib/python3.10/site-packages/airflow/example_dags/example_trigger_target_dag.py for tasks to queue
[2023-06-11T00:35:36.814+0200] {logging_mixin.py:117} INFO - [2023-06-11T00:35:36.814+0200] {dagbag.py:525} INFO - Filling up the DagBag from /home/nanah/airflow_venv/lib/python3.10/site-packages/airflow/example_dags/example_trigger_target_dag.py
[2023-06-11T00:35:36.929+0200] {processor.py:768} INFO - DAG(s) dict_keys(['example_trigger_target_dag']) retrieved from /home/nanah/airflow_venv/lib/python3.10/site-packages/airflow/example_dags/example_trigger_target_dag.py
[2023-06-11T00:35:36.990+0200] {logging_mixin.py:117} INFO - [2023-06-11T00:35:36.989+0200] {dag.py:2573} INFO - Sync 1 DAGs
[2023-06-11T00:35:37.035+0200] {logging_mixin.py:117} INFO - [2023-06-11T00:35:37.034+0200] {dag.py:3324} INFO - Setting next_dagrun for example_trigger_target_dag to None, run_after=None
[2023-06-11T00:35:37.089+0200] {processor.py:178} INFO - Processing /home/nanah/airflow_venv/lib/python3.10/site-packages/airflow/example_dags/example_trigger_target_dag.py took 0.303 seconds
[2023-06-11T00:36:21.106+0200] {processor.py:156} INFO - Started process (PID=5451) to work on /home/nanah/airflow_venv/lib/python3.10/site-packages/airflow/example_dags/example_trigger_target_dag.py
[2023-06-11T00:36:21.112+0200] {processor.py:758} INFO - Processing file /home/nanah/airflow_venv/lib/python3.10/site-packages/airflow/example_dags/example_trigger_target_dag.py for tasks to queue
[2023-06-11T00:36:21.117+0200] {logging_mixin.py:117} INFO - [2023-06-11T00:36:21.117+0200] {dagbag.py:525} INFO - Filling up the DagBag from /home/nanah/airflow_venv/lib/python3.10/site-packages/airflow/example_dags/example_trigger_target_dag.py
[2023-06-11T00:36:21.180+0200] {processor.py:768} INFO - DAG(s) dict_keys(['example_trigger_target_dag']) retrieved from /home/nanah/airflow_venv/lib/python3.10/site-packages/airflow/example_dags/example_trigger_target_dag.py
[2023-06-11T00:36:21.244+0200] {logging_mixin.py:117} INFO - [2023-06-11T00:36:21.243+0200] {dag.py:2573} INFO - Sync 1 DAGs
[2023-06-11T00:36:21.286+0200] {logging_mixin.py:117} INFO - [2023-06-11T00:36:21.285+0200] {dag.py:3324} INFO - Setting next_dagrun for example_trigger_target_dag to None, run_after=None
[2023-06-11T00:36:21.337+0200] {processor.py:178} INFO - Processing /home/nanah/airflow_venv/lib/python3.10/site-packages/airflow/example_dags/example_trigger_target_dag.py took 0.239 seconds
[2023-06-11T00:37:06.130+0200] {processor.py:156} INFO - Started process (PID=5485) to work on /home/nanah/airflow_venv/lib/python3.10/site-packages/airflow/example_dags/example_trigger_target_dag.py
[2023-06-11T00:37:06.133+0200] {processor.py:758} INFO - Processing file /home/nanah/airflow_venv/lib/python3.10/site-packages/airflow/example_dags/example_trigger_target_dag.py for tasks to queue
[2023-06-11T00:37:06.134+0200] {logging_mixin.py:117} INFO - [2023-06-11T00:37:06.134+0200] {dagbag.py:525} INFO - Filling up the DagBag from /home/nanah/airflow_venv/lib/python3.10/site-packages/airflow/example_dags/example_trigger_target_dag.py
[2023-06-11T00:37:06.200+0200] {processor.py:768} INFO - DAG(s) dict_keys(['example_trigger_target_dag']) retrieved from /home/nanah/airflow_venv/lib/python3.10/site-packages/airflow/example_dags/example_trigger_target_dag.py
[2023-06-11T00:37:06.274+0200] {logging_mixin.py:117} INFO - [2023-06-11T00:37:06.273+0200] {dag.py:2573} INFO - Sync 1 DAGs
[2023-06-11T00:37:06.351+0200] {logging_mixin.py:117} INFO - [2023-06-11T00:37:06.350+0200] {dag.py:3324} INFO - Setting next_dagrun for example_trigger_target_dag to None, run_after=None
[2023-06-11T00:37:06.419+0200] {processor.py:178} INFO - Processing /home/nanah/airflow_venv/lib/python3.10/site-packages/airflow/example_dags/example_trigger_target_dag.py took 0.298 seconds
[2023-06-11T00:37:53.921+0200] {processor.py:156} INFO - Started process (PID=5519) to work on /home/nanah/airflow_venv/lib/python3.10/site-packages/airflow/example_dags/example_trigger_target_dag.py
[2023-06-11T00:37:53.936+0200] {processor.py:758} INFO - Processing file /home/nanah/airflow_venv/lib/python3.10/site-packages/airflow/example_dags/example_trigger_target_dag.py for tasks to queue
[2023-06-11T00:37:53.939+0200] {logging_mixin.py:117} INFO - [2023-06-11T00:37:53.939+0200] {dagbag.py:525} INFO - Filling up the DagBag from /home/nanah/airflow_venv/lib/python3.10/site-packages/airflow/example_dags/example_trigger_target_dag.py
[2023-06-11T00:37:54.322+0200] {processor.py:768} INFO - DAG(s) dict_keys(['example_trigger_target_dag']) retrieved from /home/nanah/airflow_venv/lib/python3.10/site-packages/airflow/example_dags/example_trigger_target_dag.py
[2023-06-11T00:37:54.686+0200] {logging_mixin.py:117} INFO - [2023-06-11T00:37:54.685+0200] {dag.py:2573} INFO - Sync 1 DAGs
[2023-06-11T00:37:54.989+0200] {logging_mixin.py:117} INFO - [2023-06-11T00:37:54.978+0200] {dag.py:3324} INFO - Setting next_dagrun for example_trigger_target_dag to None, run_after=None
[2023-06-11T00:37:56.585+0200] {processor.py:178} INFO - Processing /home/nanah/airflow_venv/lib/python3.10/site-packages/airflow/example_dags/example_trigger_target_dag.py took 2.712 seconds
[2023-06-11T00:38:42.902+0200] {processor.py:156} INFO - Started process (PID=5555) to work on /home/nanah/airflow_venv/lib/python3.10/site-packages/airflow/example_dags/example_trigger_target_dag.py
[2023-06-11T00:38:42.908+0200] {processor.py:758} INFO - Processing file /home/nanah/airflow_venv/lib/python3.10/site-packages/airflow/example_dags/example_trigger_target_dag.py for tasks to queue
[2023-06-11T00:38:42.909+0200] {logging_mixin.py:117} INFO - [2023-06-11T00:38:42.909+0200] {dagbag.py:525} INFO - Filling up the DagBag from /home/nanah/airflow_venv/lib/python3.10/site-packages/airflow/example_dags/example_trigger_target_dag.py
[2023-06-11T00:38:42.983+0200] {processor.py:768} INFO - DAG(s) dict_keys(['example_trigger_target_dag']) retrieved from /home/nanah/airflow_venv/lib/python3.10/site-packages/airflow/example_dags/example_trigger_target_dag.py
[2023-06-11T00:38:43.043+0200] {logging_mixin.py:117} INFO - [2023-06-11T00:38:43.043+0200] {dag.py:2573} INFO - Sync 1 DAGs
[2023-06-11T00:38:43.092+0200] {logging_mixin.py:117} INFO - [2023-06-11T00:38:43.091+0200] {dag.py:3324} INFO - Setting next_dagrun for example_trigger_target_dag to None, run_after=None
[2023-06-11T00:38:43.157+0200] {processor.py:178} INFO - Processing /home/nanah/airflow_venv/lib/python3.10/site-packages/airflow/example_dags/example_trigger_target_dag.py took 0.261 seconds
[2023-06-11T00:39:24.866+0200] {processor.py:156} INFO - Started process (PID=5588) to work on /home/nanah/airflow_venv/lib/python3.10/site-packages/airflow/example_dags/example_trigger_target_dag.py
[2023-06-11T00:39:24.879+0200] {processor.py:758} INFO - Processing file /home/nanah/airflow_venv/lib/python3.10/site-packages/airflow/example_dags/example_trigger_target_dag.py for tasks to queue
[2023-06-11T00:39:24.881+0200] {logging_mixin.py:117} INFO - [2023-06-11T00:39:24.880+0200] {dagbag.py:525} INFO - Filling up the DagBag from /home/nanah/airflow_venv/lib/python3.10/site-packages/airflow/example_dags/example_trigger_target_dag.py
[2023-06-11T00:39:24.971+0200] {processor.py:768} INFO - DAG(s) dict_keys(['example_trigger_target_dag']) retrieved from /home/nanah/airflow_venv/lib/python3.10/site-packages/airflow/example_dags/example_trigger_target_dag.py
[2023-06-11T00:39:25.082+0200] {logging_mixin.py:117} INFO - [2023-06-11T00:39:25.082+0200] {dag.py:2573} INFO - Sync 1 DAGs
[2023-06-11T00:39:25.193+0200] {logging_mixin.py:117} INFO - [2023-06-11T00:39:25.192+0200] {dag.py:3324} INFO - Setting next_dagrun for example_trigger_target_dag to None, run_after=None
[2023-06-11T00:39:25.275+0200] {processor.py:178} INFO - Processing /home/nanah/airflow_venv/lib/python3.10/site-packages/airflow/example_dags/example_trigger_target_dag.py took 0.415 seconds
[2023-06-11T00:40:08.764+0200] {processor.py:156} INFO - Started process (PID=5622) to work on /home/nanah/airflow_venv/lib/python3.10/site-packages/airflow/example_dags/example_trigger_target_dag.py
[2023-06-11T00:40:08.768+0200] {processor.py:758} INFO - Processing file /home/nanah/airflow_venv/lib/python3.10/site-packages/airflow/example_dags/example_trigger_target_dag.py for tasks to queue
[2023-06-11T00:40:08.770+0200] {logging_mixin.py:117} INFO - [2023-06-11T00:40:08.770+0200] {dagbag.py:525} INFO - Filling up the DagBag from /home/nanah/airflow_venv/lib/python3.10/site-packages/airflow/example_dags/example_trigger_target_dag.py
[2023-06-11T00:40:08.842+0200] {processor.py:768} INFO - DAG(s) dict_keys(['example_trigger_target_dag']) retrieved from /home/nanah/airflow_venv/lib/python3.10/site-packages/airflow/example_dags/example_trigger_target_dag.py
[2023-06-11T00:40:08.908+0200] {logging_mixin.py:117} INFO - [2023-06-11T00:40:08.908+0200] {dag.py:2573} INFO - Sync 1 DAGs
[2023-06-11T00:40:08.990+0200] {logging_mixin.py:117} INFO - [2023-06-11T00:40:08.989+0200] {dag.py:3324} INFO - Setting next_dagrun for example_trigger_target_dag to None, run_after=None
[2023-06-11T00:40:09.056+0200] {processor.py:178} INFO - Processing /home/nanah/airflow_venv/lib/python3.10/site-packages/airflow/example_dags/example_trigger_target_dag.py took 0.299 seconds
[2023-06-11T00:40:53.341+0200] {processor.py:156} INFO - Started process (PID=5656) to work on /home/nanah/airflow_venv/lib/python3.10/site-packages/airflow/example_dags/example_trigger_target_dag.py
[2023-06-11T00:40:53.346+0200] {processor.py:758} INFO - Processing file /home/nanah/airflow_venv/lib/python3.10/site-packages/airflow/example_dags/example_trigger_target_dag.py for tasks to queue
[2023-06-11T00:40:53.348+0200] {logging_mixin.py:117} INFO - [2023-06-11T00:40:53.347+0200] {dagbag.py:525} INFO - Filling up the DagBag from /home/nanah/airflow_venv/lib/python3.10/site-packages/airflow/example_dags/example_trigger_target_dag.py
[2023-06-11T00:40:53.393+0200] {processor.py:768} INFO - DAG(s) dict_keys(['example_trigger_target_dag']) retrieved from /home/nanah/airflow_venv/lib/python3.10/site-packages/airflow/example_dags/example_trigger_target_dag.py
[2023-06-11T00:40:53.446+0200] {logging_mixin.py:117} INFO - [2023-06-11T00:40:53.446+0200] {dag.py:2573} INFO - Sync 1 DAGs
[2023-06-11T00:40:53.488+0200] {logging_mixin.py:117} INFO - [2023-06-11T00:40:53.488+0200] {dag.py:3324} INFO - Setting next_dagrun for example_trigger_target_dag to None, run_after=None
[2023-06-11T00:40:53.545+0200] {processor.py:178} INFO - Processing /home/nanah/airflow_venv/lib/python3.10/site-packages/airflow/example_dags/example_trigger_target_dag.py took 0.213 seconds
[2023-06-11T00:41:36.021+0200] {processor.py:156} INFO - Started process (PID=5690) to work on /home/nanah/airflow_venv/lib/python3.10/site-packages/airflow/example_dags/example_trigger_target_dag.py
[2023-06-11T00:41:36.026+0200] {processor.py:758} INFO - Processing file /home/nanah/airflow_venv/lib/python3.10/site-packages/airflow/example_dags/example_trigger_target_dag.py for tasks to queue
[2023-06-11T00:41:36.027+0200] {logging_mixin.py:117} INFO - [2023-06-11T00:41:36.027+0200] {dagbag.py:525} INFO - Filling up the DagBag from /home/nanah/airflow_venv/lib/python3.10/site-packages/airflow/example_dags/example_trigger_target_dag.py
[2023-06-11T00:41:36.084+0200] {processor.py:768} INFO - DAG(s) dict_keys(['example_trigger_target_dag']) retrieved from /home/nanah/airflow_venv/lib/python3.10/site-packages/airflow/example_dags/example_trigger_target_dag.py
[2023-06-11T00:41:36.148+0200] {logging_mixin.py:117} INFO - [2023-06-11T00:41:36.148+0200] {dag.py:2573} INFO - Sync 1 DAGs
[2023-06-11T00:41:36.193+0200] {logging_mixin.py:117} INFO - [2023-06-11T00:41:36.193+0200] {dag.py:3324} INFO - Setting next_dagrun for example_trigger_target_dag to None, run_after=None
[2023-06-11T00:41:36.247+0200] {processor.py:178} INFO - Processing /home/nanah/airflow_venv/lib/python3.10/site-packages/airflow/example_dags/example_trigger_target_dag.py took 0.233 seconds
[2023-06-11T00:42:22.888+0200] {processor.py:156} INFO - Started process (PID=5728) to work on /home/nanah/airflow_venv/lib/python3.10/site-packages/airflow/example_dags/example_trigger_target_dag.py
[2023-06-11T00:42:22.903+0200] {processor.py:758} INFO - Processing file /home/nanah/airflow_venv/lib/python3.10/site-packages/airflow/example_dags/example_trigger_target_dag.py for tasks to queue
[2023-06-11T00:42:22.904+0200] {logging_mixin.py:117} INFO - [2023-06-11T00:42:22.904+0200] {dagbag.py:525} INFO - Filling up the DagBag from /home/nanah/airflow_venv/lib/python3.10/site-packages/airflow/example_dags/example_trigger_target_dag.py
[2023-06-11T00:42:22.974+0200] {processor.py:768} INFO - DAG(s) dict_keys(['example_trigger_target_dag']) retrieved from /home/nanah/airflow_venv/lib/python3.10/site-packages/airflow/example_dags/example_trigger_target_dag.py
[2023-06-11T00:42:23.048+0200] {logging_mixin.py:117} INFO - [2023-06-11T00:42:23.048+0200] {dag.py:2573} INFO - Sync 1 DAGs
[2023-06-11T00:42:23.125+0200] {logging_mixin.py:117} INFO - [2023-06-11T00:42:23.125+0200] {dag.py:3324} INFO - Setting next_dagrun for example_trigger_target_dag to None, run_after=None
[2023-06-11T00:42:23.207+0200] {processor.py:178} INFO - Processing /home/nanah/airflow_venv/lib/python3.10/site-packages/airflow/example_dags/example_trigger_target_dag.py took 0.335 seconds
[2023-06-11T00:43:11.303+0200] {processor.py:156} INFO - Started process (PID=5762) to work on /home/nanah/airflow_venv/lib/python3.10/site-packages/airflow/example_dags/example_trigger_target_dag.py
[2023-06-11T00:43:11.306+0200] {processor.py:758} INFO - Processing file /home/nanah/airflow_venv/lib/python3.10/site-packages/airflow/example_dags/example_trigger_target_dag.py for tasks to queue
[2023-06-11T00:43:11.307+0200] {logging_mixin.py:117} INFO - [2023-06-11T00:43:11.307+0200] {dagbag.py:525} INFO - Filling up the DagBag from /home/nanah/airflow_venv/lib/python3.10/site-packages/airflow/example_dags/example_trigger_target_dag.py
[2023-06-11T00:43:11.369+0200] {processor.py:768} INFO - DAG(s) dict_keys(['example_trigger_target_dag']) retrieved from /home/nanah/airflow_venv/lib/python3.10/site-packages/airflow/example_dags/example_trigger_target_dag.py
[2023-06-11T00:43:11.456+0200] {logging_mixin.py:117} INFO - [2023-06-11T00:43:11.455+0200] {dag.py:2573} INFO - Sync 1 DAGs
[2023-06-11T00:43:11.528+0200] {logging_mixin.py:117} INFO - [2023-06-11T00:43:11.528+0200] {dag.py:3324} INFO - Setting next_dagrun for example_trigger_target_dag to None, run_after=None
[2023-06-11T00:43:11.582+0200] {processor.py:178} INFO - Processing /home/nanah/airflow_venv/lib/python3.10/site-packages/airflow/example_dags/example_trigger_target_dag.py took 0.287 seconds
[2023-06-11T00:43:55.685+0200] {processor.py:156} INFO - Started process (PID=5796) to work on /home/nanah/airflow_venv/lib/python3.10/site-packages/airflow/example_dags/example_trigger_target_dag.py
[2023-06-11T00:43:55.692+0200] {processor.py:758} INFO - Processing file /home/nanah/airflow_venv/lib/python3.10/site-packages/airflow/example_dags/example_trigger_target_dag.py for tasks to queue
[2023-06-11T00:43:55.694+0200] {logging_mixin.py:117} INFO - [2023-06-11T00:43:55.693+0200] {dagbag.py:525} INFO - Filling up the DagBag from /home/nanah/airflow_venv/lib/python3.10/site-packages/airflow/example_dags/example_trigger_target_dag.py
[2023-06-11T00:43:55.751+0200] {processor.py:768} INFO - DAG(s) dict_keys(['example_trigger_target_dag']) retrieved from /home/nanah/airflow_venv/lib/python3.10/site-packages/airflow/example_dags/example_trigger_target_dag.py
[2023-06-11T00:43:55.814+0200] {logging_mixin.py:117} INFO - [2023-06-11T00:43:55.814+0200] {dag.py:2573} INFO - Sync 1 DAGs
[2023-06-11T00:43:55.867+0200] {logging_mixin.py:117} INFO - [2023-06-11T00:43:55.867+0200] {dag.py:3324} INFO - Setting next_dagrun for example_trigger_target_dag to None, run_after=None
[2023-06-11T00:43:55.924+0200] {processor.py:178} INFO - Processing /home/nanah/airflow_venv/lib/python3.10/site-packages/airflow/example_dags/example_trigger_target_dag.py took 0.247 seconds
[2023-06-11T00:44:44.146+0200] {processor.py:156} INFO - Started process (PID=5830) to work on /home/nanah/airflow_venv/lib/python3.10/site-packages/airflow/example_dags/example_trigger_target_dag.py
[2023-06-11T00:44:44.157+0200] {processor.py:758} INFO - Processing file /home/nanah/airflow_venv/lib/python3.10/site-packages/airflow/example_dags/example_trigger_target_dag.py for tasks to queue
[2023-06-11T00:44:44.164+0200] {logging_mixin.py:117} INFO - [2023-06-11T00:44:44.163+0200] {dagbag.py:525} INFO - Filling up the DagBag from /home/nanah/airflow_venv/lib/python3.10/site-packages/airflow/example_dags/example_trigger_target_dag.py
[2023-06-11T00:44:44.350+0200] {processor.py:768} INFO - DAG(s) dict_keys(['example_trigger_target_dag']) retrieved from /home/nanah/airflow_venv/lib/python3.10/site-packages/airflow/example_dags/example_trigger_target_dag.py
[2023-06-11T00:44:44.499+0200] {logging_mixin.py:117} INFO - [2023-06-11T00:44:44.498+0200] {dag.py:2573} INFO - Sync 1 DAGs
[2023-06-11T00:44:44.578+0200] {logging_mixin.py:117} INFO - [2023-06-11T00:44:44.577+0200] {dag.py:3324} INFO - Setting next_dagrun for example_trigger_target_dag to None, run_after=None
[2023-06-11T00:44:44.670+0200] {processor.py:178} INFO - Processing /home/nanah/airflow_venv/lib/python3.10/site-packages/airflow/example_dags/example_trigger_target_dag.py took 0.555 seconds
[2023-06-11T00:45:32.893+0200] {processor.py:156} INFO - Started process (PID=5865) to work on /home/nanah/airflow_venv/lib/python3.10/site-packages/airflow/example_dags/example_trigger_target_dag.py
[2023-06-11T00:45:32.899+0200] {processor.py:758} INFO - Processing file /home/nanah/airflow_venv/lib/python3.10/site-packages/airflow/example_dags/example_trigger_target_dag.py for tasks to queue
[2023-06-11T00:45:32.901+0200] {logging_mixin.py:117} INFO - [2023-06-11T00:45:32.901+0200] {dagbag.py:525} INFO - Filling up the DagBag from /home/nanah/airflow_venv/lib/python3.10/site-packages/airflow/example_dags/example_trigger_target_dag.py
[2023-06-11T00:45:32.956+0200] {processor.py:768} INFO - DAG(s) dict_keys(['example_trigger_target_dag']) retrieved from /home/nanah/airflow_venv/lib/python3.10/site-packages/airflow/example_dags/example_trigger_target_dag.py
[2023-06-11T00:45:33.047+0200] {logging_mixin.py:117} INFO - [2023-06-11T00:45:33.046+0200] {dag.py:2573} INFO - Sync 1 DAGs
[2023-06-11T00:45:33.134+0200] {logging_mixin.py:117} INFO - [2023-06-11T00:45:33.134+0200] {dag.py:3324} INFO - Setting next_dagrun for example_trigger_target_dag to None, run_after=None
[2023-06-11T00:45:33.239+0200] {processor.py:178} INFO - Processing /home/nanah/airflow_venv/lib/python3.10/site-packages/airflow/example_dags/example_trigger_target_dag.py took 0.352 seconds
