[2023-06-11T00:12:03.664+0200] {processor.py:156} INFO - Started process (PID=4608) to work on /home/nanah/airflow_venv/lib/python3.10/site-packages/airflow/example_dags/example_short_circuit_decorator.py
[2023-06-11T00:12:03.676+0200] {processor.py:758} INFO - Processing file /home/nanah/airflow_venv/lib/python3.10/site-packages/airflow/example_dags/example_short_circuit_decorator.py for tasks to queue
[2023-06-11T00:12:03.679+0200] {logging_mixin.py:117} INFO - [2023-06-11T00:12:03.678+0200] {dagbag.py:525} INFO - Filling up the DagBag from /home/nanah/airflow_venv/lib/python3.10/site-packages/airflow/example_dags/example_short_circuit_decorator.py
[2023-06-11T00:12:03.929+0200] {processor.py:768} INFO - DAG(s) dict_keys(['example_short_circuit_decorator']) retrieved from /home/nanah/airflow_venv/lib/python3.10/site-packages/airflow/example_dags/example_short_circuit_decorator.py
[2023-06-11T00:12:04.121+0200] {logging_mixin.py:117} INFO - [2023-06-11T00:12:04.120+0200] {dag.py:2573} INFO - Sync 1 DAGs
[2023-06-11T00:12:04.295+0200] {logging_mixin.py:117} INFO - [2023-06-11T00:12:04.295+0200] {dag.py:3324} INFO - Setting next_dagrun for example_short_circuit_decorator to 2023-06-09T22:12:04.294524+00:00, run_after=2023-06-10T22:12:04.294524+00:00
[2023-06-11T00:12:04.569+0200] {processor.py:178} INFO - Processing /home/nanah/airflow_venv/lib/python3.10/site-packages/airflow/example_dags/example_short_circuit_decorator.py took 0.925 seconds
[2023-06-11T00:13:09.215+0200] {processor.py:156} INFO - Started process (PID=4648) to work on /home/nanah/airflow_venv/lib/python3.10/site-packages/airflow/example_dags/example_short_circuit_decorator.py
[2023-06-11T00:13:09.231+0200] {processor.py:758} INFO - Processing file /home/nanah/airflow_venv/lib/python3.10/site-packages/airflow/example_dags/example_short_circuit_decorator.py for tasks to queue
[2023-06-11T00:13:09.234+0200] {logging_mixin.py:117} INFO - [2023-06-11T00:13:09.234+0200] {dagbag.py:525} INFO - Filling up the DagBag from /home/nanah/airflow_venv/lib/python3.10/site-packages/airflow/example_dags/example_short_circuit_decorator.py
[2023-06-11T00:13:09.304+0200] {processor.py:768} INFO - DAG(s) dict_keys(['example_short_circuit_decorator']) retrieved from /home/nanah/airflow_venv/lib/python3.10/site-packages/airflow/example_dags/example_short_circuit_decorator.py
[2023-06-11T00:13:09.364+0200] {logging_mixin.py:117} INFO - [2023-06-11T00:13:09.363+0200] {dag.py:2573} INFO - Sync 1 DAGs
[2023-06-11T00:13:09.414+0200] {logging_mixin.py:117} INFO - [2023-06-11T00:13:09.414+0200] {dag.py:3324} INFO - Setting next_dagrun for example_short_circuit_decorator to 2023-06-09T22:13:09.413975+00:00, run_after=2023-06-10T22:13:09.413975+00:00
[2023-06-11T00:13:09.466+0200] {processor.py:178} INFO - Processing /home/nanah/airflow_venv/lib/python3.10/site-packages/airflow/example_dags/example_short_circuit_decorator.py took 0.259 seconds
[2023-06-11T00:14:26.483+0200] {processor.py:156} INFO - Started process (PID=4684) to work on /home/nanah/airflow_venv/lib/python3.10/site-packages/airflow/example_dags/example_short_circuit_decorator.py
[2023-06-11T00:14:26.487+0200] {processor.py:758} INFO - Processing file /home/nanah/airflow_venv/lib/python3.10/site-packages/airflow/example_dags/example_short_circuit_decorator.py for tasks to queue
[2023-06-11T00:14:26.489+0200] {logging_mixin.py:117} INFO - [2023-06-11T00:14:26.489+0200] {dagbag.py:525} INFO - Filling up the DagBag from /home/nanah/airflow_venv/lib/python3.10/site-packages/airflow/example_dags/example_short_circuit_decorator.py
[2023-06-11T00:14:26.567+0200] {processor.py:768} INFO - DAG(s) dict_keys(['example_short_circuit_decorator']) retrieved from /home/nanah/airflow_venv/lib/python3.10/site-packages/airflow/example_dags/example_short_circuit_decorator.py
[2023-06-11T00:14:26.635+0200] {logging_mixin.py:117} INFO - [2023-06-11T00:14:26.634+0200] {dag.py:2573} INFO - Sync 1 DAGs
[2023-06-11T00:14:26.692+0200] {logging_mixin.py:117} INFO - [2023-06-11T00:14:26.691+0200] {dag.py:3324} INFO - Setting next_dagrun for example_short_circuit_decorator to 2023-06-09T22:14:26.690971+00:00, run_after=2023-06-10T22:14:26.690971+00:00
[2023-06-11T00:14:26.757+0200] {processor.py:178} INFO - Processing /home/nanah/airflow_venv/lib/python3.10/site-packages/airflow/example_dags/example_short_circuit_decorator.py took 0.282 seconds
[2023-06-11T00:16:03.912+0200] {processor.py:156} INFO - Started process (PID=4729) to work on /home/nanah/airflow_venv/lib/python3.10/site-packages/airflow/example_dags/example_short_circuit_decorator.py
[2023-06-11T00:16:03.915+0200] {processor.py:758} INFO - Processing file /home/nanah/airflow_venv/lib/python3.10/site-packages/airflow/example_dags/example_short_circuit_decorator.py for tasks to queue
[2023-06-11T00:16:03.917+0200] {logging_mixin.py:117} INFO - [2023-06-11T00:16:03.917+0200] {dagbag.py:525} INFO - Filling up the DagBag from /home/nanah/airflow_venv/lib/python3.10/site-packages/airflow/example_dags/example_short_circuit_decorator.py
[2023-06-11T00:16:04.033+0200] {processor.py:768} INFO - DAG(s) dict_keys(['example_short_circuit_decorator']) retrieved from /home/nanah/airflow_venv/lib/python3.10/site-packages/airflow/example_dags/example_short_circuit_decorator.py
[2023-06-11T00:16:04.155+0200] {logging_mixin.py:117} INFO - [2023-06-11T00:16:04.154+0200] {dag.py:2573} INFO - Sync 1 DAGs
[2023-06-11T00:16:04.223+0200] {logging_mixin.py:117} INFO - [2023-06-11T00:16:04.223+0200] {dag.py:3324} INFO - Setting next_dagrun for example_short_circuit_decorator to 2023-06-09T22:16:04.222480+00:00, run_after=2023-06-10T22:16:04.222480+00:00
[2023-06-11T00:16:04.304+0200] {processor.py:178} INFO - Processing /home/nanah/airflow_venv/lib/python3.10/site-packages/airflow/example_dags/example_short_circuit_decorator.py took 0.399 seconds
[2023-06-11T00:16:59.429+0200] {processor.py:156} INFO - Started process (PID=4771) to work on /home/nanah/airflow_venv/lib/python3.10/site-packages/airflow/example_dags/example_short_circuit_decorator.py
[2023-06-11T00:16:59.432+0200] {processor.py:758} INFO - Processing file /home/nanah/airflow_venv/lib/python3.10/site-packages/airflow/example_dags/example_short_circuit_decorator.py for tasks to queue
[2023-06-11T00:16:59.434+0200] {logging_mixin.py:117} INFO - [2023-06-11T00:16:59.433+0200] {dagbag.py:525} INFO - Filling up the DagBag from /home/nanah/airflow_venv/lib/python3.10/site-packages/airflow/example_dags/example_short_circuit_decorator.py
[2023-06-11T00:16:59.507+0200] {processor.py:768} INFO - DAG(s) dict_keys(['example_short_circuit_decorator']) retrieved from /home/nanah/airflow_venv/lib/python3.10/site-packages/airflow/example_dags/example_short_circuit_decorator.py
[2023-06-11T00:16:59.578+0200] {logging_mixin.py:117} INFO - [2023-06-11T00:16:59.578+0200] {dag.py:2573} INFO - Sync 1 DAGs
[2023-06-11T00:16:59.666+0200] {logging_mixin.py:117} INFO - [2023-06-11T00:16:59.666+0200] {dag.py:3324} INFO - Setting next_dagrun for example_short_circuit_decorator to 2023-06-09T22:16:59.665653+00:00, run_after=2023-06-10T22:16:59.665653+00:00
[2023-06-11T00:16:59.784+0200] {processor.py:178} INFO - Processing /home/nanah/airflow_venv/lib/python3.10/site-packages/airflow/example_dags/example_short_circuit_decorator.py took 0.361 seconds
[2023-06-11T00:17:49.189+0200] {processor.py:156} INFO - Started process (PID=4808) to work on /home/nanah/airflow_venv/lib/python3.10/site-packages/airflow/example_dags/example_short_circuit_decorator.py
[2023-06-11T00:17:49.224+0200] {processor.py:758} INFO - Processing file /home/nanah/airflow_venv/lib/python3.10/site-packages/airflow/example_dags/example_short_circuit_decorator.py for tasks to queue
[2023-06-11T00:17:49.226+0200] {logging_mixin.py:117} INFO - [2023-06-11T00:17:49.226+0200] {dagbag.py:525} INFO - Filling up the DagBag from /home/nanah/airflow_venv/lib/python3.10/site-packages/airflow/example_dags/example_short_circuit_decorator.py
[2023-06-11T00:17:49.409+0200] {processor.py:768} INFO - DAG(s) dict_keys(['example_short_circuit_decorator']) retrieved from /home/nanah/airflow_venv/lib/python3.10/site-packages/airflow/example_dags/example_short_circuit_decorator.py
[2023-06-11T00:17:49.615+0200] {logging_mixin.py:117} INFO - [2023-06-11T00:17:49.614+0200] {dag.py:2573} INFO - Sync 1 DAGs
[2023-06-11T00:17:49.767+0200] {logging_mixin.py:117} INFO - [2023-06-11T00:17:49.767+0200] {dag.py:3324} INFO - Setting next_dagrun for example_short_circuit_decorator to 2023-06-09T22:17:49.766662+00:00, run_after=2023-06-10T22:17:49.766662+00:00
[2023-06-11T00:17:49.946+0200] {processor.py:178} INFO - Processing /home/nanah/airflow_venv/lib/python3.10/site-packages/airflow/example_dags/example_short_circuit_decorator.py took 0.773 seconds
[2023-06-11T00:18:36.592+0200] {processor.py:156} INFO - Started process (PID=4844) to work on /home/nanah/airflow_venv/lib/python3.10/site-packages/airflow/example_dags/example_short_circuit_decorator.py
[2023-06-11T00:18:36.596+0200] {processor.py:758} INFO - Processing file /home/nanah/airflow_venv/lib/python3.10/site-packages/airflow/example_dags/example_short_circuit_decorator.py for tasks to queue
[2023-06-11T00:18:36.598+0200] {logging_mixin.py:117} INFO - [2023-06-11T00:18:36.597+0200] {dagbag.py:525} INFO - Filling up the DagBag from /home/nanah/airflow_venv/lib/python3.10/site-packages/airflow/example_dags/example_short_circuit_decorator.py
[2023-06-11T00:18:36.652+0200] {processor.py:768} INFO - DAG(s) dict_keys(['example_short_circuit_decorator']) retrieved from /home/nanah/airflow_venv/lib/python3.10/site-packages/airflow/example_dags/example_short_circuit_decorator.py
[2023-06-11T00:18:36.707+0200] {logging_mixin.py:117} INFO - [2023-06-11T00:18:36.707+0200] {dag.py:2573} INFO - Sync 1 DAGs
[2023-06-11T00:18:36.752+0200] {logging_mixin.py:117} INFO - [2023-06-11T00:18:36.751+0200] {dag.py:3324} INFO - Setting next_dagrun for example_short_circuit_decorator to 2023-06-09T22:18:36.751333+00:00, run_after=2023-06-10T22:18:36.751333+00:00
[2023-06-11T00:18:36.798+0200] {processor.py:178} INFO - Processing /home/nanah/airflow_venv/lib/python3.10/site-packages/airflow/example_dags/example_short_circuit_decorator.py took 0.213 seconds
[2023-06-11T00:19:21.750+0200] {processor.py:156} INFO - Started process (PID=4877) to work on /home/nanah/airflow_venv/lib/python3.10/site-packages/airflow/example_dags/example_short_circuit_decorator.py
[2023-06-11T00:19:21.770+0200] {processor.py:758} INFO - Processing file /home/nanah/airflow_venv/lib/python3.10/site-packages/airflow/example_dags/example_short_circuit_decorator.py for tasks to queue
[2023-06-11T00:19:21.772+0200] {logging_mixin.py:117} INFO - [2023-06-11T00:19:21.772+0200] {dagbag.py:525} INFO - Filling up the DagBag from /home/nanah/airflow_venv/lib/python3.10/site-packages/airflow/example_dags/example_short_circuit_decorator.py
[2023-06-11T00:19:21.844+0200] {processor.py:768} INFO - DAG(s) dict_keys(['example_short_circuit_decorator']) retrieved from /home/nanah/airflow_venv/lib/python3.10/site-packages/airflow/example_dags/example_short_circuit_decorator.py
[2023-06-11T00:19:22.155+0200] {logging_mixin.py:117} INFO - [2023-06-11T00:19:22.155+0200] {dag.py:2573} INFO - Sync 1 DAGs
[2023-06-11T00:19:22.342+0200] {logging_mixin.py:117} INFO - [2023-06-11T00:19:22.341+0200] {dag.py:3324} INFO - Setting next_dagrun for example_short_circuit_decorator to 2023-06-09T22:19:22.341433+00:00, run_after=2023-06-10T22:19:22.341433+00:00
[2023-06-11T00:19:22.983+0200] {processor.py:178} INFO - Processing /home/nanah/airflow_venv/lib/python3.10/site-packages/airflow/example_dags/example_short_circuit_decorator.py took 1.240 seconds
[2023-06-11T00:20:53.617+0200] {processor.py:156} INFO - Started process (PID=4923) to work on /home/nanah/airflow_venv/lib/python3.10/site-packages/airflow/example_dags/example_short_circuit_decorator.py
[2023-06-11T00:20:53.621+0200] {processor.py:758} INFO - Processing file /home/nanah/airflow_venv/lib/python3.10/site-packages/airflow/example_dags/example_short_circuit_decorator.py for tasks to queue
[2023-06-11T00:20:53.623+0200] {logging_mixin.py:117} INFO - [2023-06-11T00:20:53.623+0200] {dagbag.py:525} INFO - Filling up the DagBag from /home/nanah/airflow_venv/lib/python3.10/site-packages/airflow/example_dags/example_short_circuit_decorator.py
[2023-06-11T00:20:53.699+0200] {processor.py:768} INFO - DAG(s) dict_keys(['example_short_circuit_decorator']) retrieved from /home/nanah/airflow_venv/lib/python3.10/site-packages/airflow/example_dags/example_short_circuit_decorator.py
[2023-06-11T00:20:53.772+0200] {logging_mixin.py:117} INFO - [2023-06-11T00:20:53.771+0200] {dag.py:2573} INFO - Sync 1 DAGs
[2023-06-11T00:20:53.826+0200] {logging_mixin.py:117} INFO - [2023-06-11T00:20:53.826+0200] {dag.py:3324} INFO - Setting next_dagrun for example_short_circuit_decorator to 2023-06-09T22:20:53.825721+00:00, run_after=2023-06-10T22:20:53.825721+00:00
[2023-06-11T00:20:53.901+0200] {processor.py:178} INFO - Processing /home/nanah/airflow_venv/lib/python3.10/site-packages/airflow/example_dags/example_short_circuit_decorator.py took 0.299 seconds
[2023-06-11T00:22:04.985+0200] {processor.py:156} INFO - Started process (PID=4960) to work on /home/nanah/airflow_venv/lib/python3.10/site-packages/airflow/example_dags/example_short_circuit_decorator.py
[2023-06-11T00:22:05.001+0200] {processor.py:758} INFO - Processing file /home/nanah/airflow_venv/lib/python3.10/site-packages/airflow/example_dags/example_short_circuit_decorator.py for tasks to queue
[2023-06-11T00:22:05.003+0200] {logging_mixin.py:117} INFO - [2023-06-11T00:22:05.002+0200] {dagbag.py:525} INFO - Filling up the DagBag from /home/nanah/airflow_venv/lib/python3.10/site-packages/airflow/example_dags/example_short_circuit_decorator.py
[2023-06-11T00:22:05.085+0200] {processor.py:768} INFO - DAG(s) dict_keys(['example_short_circuit_decorator']) retrieved from /home/nanah/airflow_venv/lib/python3.10/site-packages/airflow/example_dags/example_short_circuit_decorator.py
[2023-06-11T00:22:05.185+0200] {logging_mixin.py:117} INFO - [2023-06-11T00:22:05.184+0200] {dag.py:2573} INFO - Sync 1 DAGs
[2023-06-11T00:22:05.253+0200] {logging_mixin.py:117} INFO - [2023-06-11T00:22:05.252+0200] {dag.py:3324} INFO - Setting next_dagrun for example_short_circuit_decorator to 2023-06-09T22:22:05.252051+00:00, run_after=2023-06-10T22:22:05.252051+00:00
[2023-06-11T00:22:05.329+0200] {processor.py:178} INFO - Processing /home/nanah/airflow_venv/lib/python3.10/site-packages/airflow/example_dags/example_short_circuit_decorator.py took 0.351 seconds
[2023-06-11T00:23:00.298+0200] {processor.py:156} INFO - Started process (PID=4994) to work on /home/nanah/airflow_venv/lib/python3.10/site-packages/airflow/example_dags/example_short_circuit_decorator.py
[2023-06-11T00:23:00.310+0200] {processor.py:758} INFO - Processing file /home/nanah/airflow_venv/lib/python3.10/site-packages/airflow/example_dags/example_short_circuit_decorator.py for tasks to queue
[2023-06-11T00:23:00.311+0200] {logging_mixin.py:117} INFO - [2023-06-11T00:23:00.311+0200] {dagbag.py:525} INFO - Filling up the DagBag from /home/nanah/airflow_venv/lib/python3.10/site-packages/airflow/example_dags/example_short_circuit_decorator.py
[2023-06-11T00:23:00.402+0200] {processor.py:768} INFO - DAG(s) dict_keys(['example_short_circuit_decorator']) retrieved from /home/nanah/airflow_venv/lib/python3.10/site-packages/airflow/example_dags/example_short_circuit_decorator.py
[2023-06-11T00:23:00.474+0200] {logging_mixin.py:117} INFO - [2023-06-11T00:23:00.474+0200] {dag.py:2573} INFO - Sync 1 DAGs
[2023-06-11T00:23:00.534+0200] {logging_mixin.py:117} INFO - [2023-06-11T00:23:00.534+0200] {dag.py:3324} INFO - Setting next_dagrun for example_short_circuit_decorator to 2023-06-09T22:23:00.533422+00:00, run_after=2023-06-10T22:23:00.533422+00:00
[2023-06-11T00:23:00.610+0200] {processor.py:178} INFO - Processing /home/nanah/airflow_venv/lib/python3.10/site-packages/airflow/example_dags/example_short_circuit_decorator.py took 0.324 seconds
[2023-06-11T00:23:56.657+0200] {processor.py:156} INFO - Started process (PID=5028) to work on /home/nanah/airflow_venv/lib/python3.10/site-packages/airflow/example_dags/example_short_circuit_decorator.py
[2023-06-11T00:23:56.663+0200] {processor.py:758} INFO - Processing file /home/nanah/airflow_venv/lib/python3.10/site-packages/airflow/example_dags/example_short_circuit_decorator.py for tasks to queue
[2023-06-11T00:23:56.665+0200] {logging_mixin.py:117} INFO - [2023-06-11T00:23:56.665+0200] {dagbag.py:525} INFO - Filling up the DagBag from /home/nanah/airflow_venv/lib/python3.10/site-packages/airflow/example_dags/example_short_circuit_decorator.py
[2023-06-11T00:23:56.736+0200] {processor.py:768} INFO - DAG(s) dict_keys(['example_short_circuit_decorator']) retrieved from /home/nanah/airflow_venv/lib/python3.10/site-packages/airflow/example_dags/example_short_circuit_decorator.py
[2023-06-11T00:23:56.813+0200] {logging_mixin.py:117} INFO - [2023-06-11T00:23:56.810+0200] {dag.py:2573} INFO - Sync 1 DAGs
[2023-06-11T00:23:56.867+0200] {logging_mixin.py:117} INFO - [2023-06-11T00:23:56.866+0200] {dag.py:3324} INFO - Setting next_dagrun for example_short_circuit_decorator to 2023-06-09T22:23:56.865819+00:00, run_after=2023-06-10T22:23:56.865819+00:00
[2023-06-11T00:23:57.248+0200] {processor.py:178} INFO - Processing /home/nanah/airflow_venv/lib/python3.10/site-packages/airflow/example_dags/example_short_circuit_decorator.py took 0.605 seconds
[2023-06-11T00:25:51.302+0200] {processor.py:156} INFO - Started process (PID=5065) to work on /home/nanah/airflow_venv/lib/python3.10/site-packages/airflow/example_dags/example_short_circuit_decorator.py
[2023-06-11T00:25:51.306+0200] {processor.py:758} INFO - Processing file /home/nanah/airflow_venv/lib/python3.10/site-packages/airflow/example_dags/example_short_circuit_decorator.py for tasks to queue
[2023-06-11T00:25:51.312+0200] {logging_mixin.py:117} INFO - [2023-06-11T00:25:51.311+0200] {dagbag.py:525} INFO - Filling up the DagBag from /home/nanah/airflow_venv/lib/python3.10/site-packages/airflow/example_dags/example_short_circuit_decorator.py
[2023-06-11T00:25:51.409+0200] {processor.py:768} INFO - DAG(s) dict_keys(['example_short_circuit_decorator']) retrieved from /home/nanah/airflow_venv/lib/python3.10/site-packages/airflow/example_dags/example_short_circuit_decorator.py
[2023-06-11T00:25:51.553+0200] {logging_mixin.py:117} INFO - [2023-06-11T00:25:51.552+0200] {dag.py:2573} INFO - Sync 1 DAGs
[2023-06-11T00:25:51.947+0200] {logging_mixin.py:117} INFO - [2023-06-11T00:25:51.947+0200] {dag.py:3324} INFO - Setting next_dagrun for example_short_circuit_decorator to 2023-06-09T22:25:51.946893+00:00, run_after=2023-06-10T22:25:51.946893+00:00
[2023-06-11T00:25:52.011+0200] {processor.py:178} INFO - Processing /home/nanah/airflow_venv/lib/python3.10/site-packages/airflow/example_dags/example_short_circuit_decorator.py took 0.716 seconds
[2023-06-11T00:26:54.365+0200] {processor.py:156} INFO - Started process (PID=5100) to work on /home/nanah/airflow_venv/lib/python3.10/site-packages/airflow/example_dags/example_short_circuit_decorator.py
[2023-06-11T00:26:54.368+0200] {processor.py:758} INFO - Processing file /home/nanah/airflow_venv/lib/python3.10/site-packages/airflow/example_dags/example_short_circuit_decorator.py for tasks to queue
[2023-06-11T00:26:54.369+0200] {logging_mixin.py:117} INFO - [2023-06-11T00:26:54.369+0200] {dagbag.py:525} INFO - Filling up the DagBag from /home/nanah/airflow_venv/lib/python3.10/site-packages/airflow/example_dags/example_short_circuit_decorator.py
[2023-06-11T00:26:54.447+0200] {processor.py:768} INFO - DAG(s) dict_keys(['example_short_circuit_decorator']) retrieved from /home/nanah/airflow_venv/lib/python3.10/site-packages/airflow/example_dags/example_short_circuit_decorator.py
[2023-06-11T00:26:54.544+0200] {logging_mixin.py:117} INFO - [2023-06-11T00:26:54.544+0200] {dag.py:2573} INFO - Sync 1 DAGs
[2023-06-11T00:26:54.877+0200] {logging_mixin.py:117} INFO - [2023-06-11T00:26:54.877+0200] {dag.py:3324} INFO - Setting next_dagrun for example_short_circuit_decorator to 2023-06-09T22:26:54.876538+00:00, run_after=2023-06-10T22:26:54.876538+00:00
[2023-06-11T00:26:54.938+0200] {processor.py:178} INFO - Processing /home/nanah/airflow_venv/lib/python3.10/site-packages/airflow/example_dags/example_short_circuit_decorator.py took 0.588 seconds
[2023-06-11T00:27:54.134+0200] {processor.py:156} INFO - Started process (PID=5139) to work on /home/nanah/airflow_venv/lib/python3.10/site-packages/airflow/example_dags/example_short_circuit_decorator.py
[2023-06-11T00:27:54.146+0200] {processor.py:758} INFO - Processing file /home/nanah/airflow_venv/lib/python3.10/site-packages/airflow/example_dags/example_short_circuit_decorator.py for tasks to queue
[2023-06-11T00:27:54.148+0200] {logging_mixin.py:117} INFO - [2023-06-11T00:27:54.147+0200] {dagbag.py:525} INFO - Filling up the DagBag from /home/nanah/airflow_venv/lib/python3.10/site-packages/airflow/example_dags/example_short_circuit_decorator.py
[2023-06-11T00:27:54.284+0200] {processor.py:768} INFO - DAG(s) dict_keys(['example_short_circuit_decorator']) retrieved from /home/nanah/airflow_venv/lib/python3.10/site-packages/airflow/example_dags/example_short_circuit_decorator.py
[2023-06-11T00:27:54.424+0200] {logging_mixin.py:117} INFO - [2023-06-11T00:27:54.420+0200] {dag.py:2573} INFO - Sync 1 DAGs
[2023-06-11T00:27:55.024+0200] {logging_mixin.py:117} INFO - [2023-06-11T00:27:55.024+0200] {dag.py:3324} INFO - Setting next_dagrun for example_short_circuit_decorator to 2023-06-09T22:27:55.023674+00:00, run_after=2023-06-10T22:27:55.023674+00:00
[2023-06-11T00:27:55.157+0200] {processor.py:178} INFO - Processing /home/nanah/airflow_venv/lib/python3.10/site-packages/airflow/example_dags/example_short_circuit_decorator.py took 1.034 seconds
[2023-06-11T00:28:50.687+0200] {processor.py:156} INFO - Started process (PID=5173) to work on /home/nanah/airflow_venv/lib/python3.10/site-packages/airflow/example_dags/example_short_circuit_decorator.py
[2023-06-11T00:28:50.692+0200] {processor.py:758} INFO - Processing file /home/nanah/airflow_venv/lib/python3.10/site-packages/airflow/example_dags/example_short_circuit_decorator.py for tasks to queue
[2023-06-11T00:28:50.694+0200] {logging_mixin.py:117} INFO - [2023-06-11T00:28:50.693+0200] {dagbag.py:525} INFO - Filling up the DagBag from /home/nanah/airflow_venv/lib/python3.10/site-packages/airflow/example_dags/example_short_circuit_decorator.py
[2023-06-11T00:28:50.790+0200] {processor.py:768} INFO - DAG(s) dict_keys(['example_short_circuit_decorator']) retrieved from /home/nanah/airflow_venv/lib/python3.10/site-packages/airflow/example_dags/example_short_circuit_decorator.py
[2023-06-11T00:28:51.162+0200] {logging_mixin.py:117} INFO - [2023-06-11T00:28:51.161+0200] {dag.py:2573} INFO - Sync 1 DAGs
[2023-06-11T00:28:51.223+0200] {logging_mixin.py:117} INFO - [2023-06-11T00:28:51.222+0200] {dag.py:3324} INFO - Setting next_dagrun for example_short_circuit_decorator to 2023-06-09T22:28:51.221676+00:00, run_after=2023-06-10T22:28:51.221676+00:00
[2023-06-11T00:28:51.289+0200] {processor.py:178} INFO - Processing /home/nanah/airflow_venv/lib/python3.10/site-packages/airflow/example_dags/example_short_circuit_decorator.py took 0.613 seconds
[2023-06-11T00:29:47.528+0200] {processor.py:156} INFO - Started process (PID=5207) to work on /home/nanah/airflow_venv/lib/python3.10/site-packages/airflow/example_dags/example_short_circuit_decorator.py
[2023-06-11T00:29:47.544+0200] {processor.py:758} INFO - Processing file /home/nanah/airflow_venv/lib/python3.10/site-packages/airflow/example_dags/example_short_circuit_decorator.py for tasks to queue
[2023-06-11T00:29:47.546+0200] {logging_mixin.py:117} INFO - [2023-06-11T00:29:47.546+0200] {dagbag.py:525} INFO - Filling up the DagBag from /home/nanah/airflow_venv/lib/python3.10/site-packages/airflow/example_dags/example_short_circuit_decorator.py
[2023-06-11T00:29:47.748+0200] {processor.py:768} INFO - DAG(s) dict_keys(['example_short_circuit_decorator']) retrieved from /home/nanah/airflow_venv/lib/python3.10/site-packages/airflow/example_dags/example_short_circuit_decorator.py
[2023-06-11T00:29:48.537+0200] {logging_mixin.py:117} INFO - [2023-06-11T00:29:48.536+0200] {dag.py:2573} INFO - Sync 1 DAGs
[2023-06-11T00:29:48.682+0200] {logging_mixin.py:117} INFO - [2023-06-11T00:29:48.682+0200] {dag.py:3324} INFO - Setting next_dagrun for example_short_circuit_decorator to 2023-06-09T22:29:48.681732+00:00, run_after=2023-06-10T22:29:48.681732+00:00
[2023-06-11T00:29:49.057+0200] {processor.py:178} INFO - Processing /home/nanah/airflow_venv/lib/python3.10/site-packages/airflow/example_dags/example_short_circuit_decorator.py took 1.545 seconds
[2023-06-11T00:30:58.974+0200] {processor.py:156} INFO - Started process (PID=5244) to work on /home/nanah/airflow_venv/lib/python3.10/site-packages/airflow/example_dags/example_short_circuit_decorator.py
[2023-06-11T00:30:58.980+0200] {processor.py:758} INFO - Processing file /home/nanah/airflow_venv/lib/python3.10/site-packages/airflow/example_dags/example_short_circuit_decorator.py for tasks to queue
[2023-06-11T00:30:58.982+0200] {logging_mixin.py:117} INFO - [2023-06-11T00:30:58.982+0200] {dagbag.py:525} INFO - Filling up the DagBag from /home/nanah/airflow_venv/lib/python3.10/site-packages/airflow/example_dags/example_short_circuit_decorator.py
[2023-06-11T00:30:59.055+0200] {processor.py:768} INFO - DAG(s) dict_keys(['example_short_circuit_decorator']) retrieved from /home/nanah/airflow_venv/lib/python3.10/site-packages/airflow/example_dags/example_short_circuit_decorator.py
[2023-06-11T00:30:59.427+0200] {logging_mixin.py:117} INFO - [2023-06-11T00:30:59.427+0200] {dag.py:2573} INFO - Sync 1 DAGs
[2023-06-11T00:30:59.487+0200] {logging_mixin.py:117} INFO - [2023-06-11T00:30:59.487+0200] {dag.py:3324} INFO - Setting next_dagrun for example_short_circuit_decorator to 2023-06-09T22:30:59.486614+00:00, run_after=2023-06-10T22:30:59.486614+00:00
[2023-06-11T00:30:59.544+0200] {processor.py:178} INFO - Processing /home/nanah/airflow_venv/lib/python3.10/site-packages/airflow/example_dags/example_short_circuit_decorator.py took 0.578 seconds
[2023-06-11T00:31:55.493+0200] {processor.py:156} INFO - Started process (PID=5279) to work on /home/nanah/airflow_venv/lib/python3.10/site-packages/airflow/example_dags/example_short_circuit_decorator.py
[2023-06-11T00:31:55.497+0200] {processor.py:758} INFO - Processing file /home/nanah/airflow_venv/lib/python3.10/site-packages/airflow/example_dags/example_short_circuit_decorator.py for tasks to queue
[2023-06-11T00:31:55.502+0200] {logging_mixin.py:117} INFO - [2023-06-11T00:31:55.501+0200] {dagbag.py:525} INFO - Filling up the DagBag from /home/nanah/airflow_venv/lib/python3.10/site-packages/airflow/example_dags/example_short_circuit_decorator.py
[2023-06-11T00:31:55.885+0200] {processor.py:768} INFO - DAG(s) dict_keys(['example_short_circuit_decorator']) retrieved from /home/nanah/airflow_venv/lib/python3.10/site-packages/airflow/example_dags/example_short_circuit_decorator.py
[2023-06-11T00:31:55.953+0200] {logging_mixin.py:117} INFO - [2023-06-11T00:31:55.953+0200] {dag.py:2573} INFO - Sync 1 DAGs
[2023-06-11T00:31:55.998+0200] {logging_mixin.py:117} INFO - [2023-06-11T00:31:55.998+0200] {dag.py:3324} INFO - Setting next_dagrun for example_short_circuit_decorator to 2023-06-09T22:31:55.997821+00:00, run_after=2023-06-10T22:31:55.997821+00:00
[2023-06-11T00:31:56.055+0200] {processor.py:178} INFO - Processing /home/nanah/airflow_venv/lib/python3.10/site-packages/airflow/example_dags/example_short_circuit_decorator.py took 0.572 seconds
[2023-06-11T00:32:51.015+0200] {processor.py:156} INFO - Started process (PID=5315) to work on /home/nanah/airflow_venv/lib/python3.10/site-packages/airflow/example_dags/example_short_circuit_decorator.py
[2023-06-11T00:32:51.018+0200] {processor.py:758} INFO - Processing file /home/nanah/airflow_venv/lib/python3.10/site-packages/airflow/example_dags/example_short_circuit_decorator.py for tasks to queue
[2023-06-11T00:32:51.019+0200] {logging_mixin.py:117} INFO - [2023-06-11T00:32:51.019+0200] {dagbag.py:525} INFO - Filling up the DagBag from /home/nanah/airflow_venv/lib/python3.10/site-packages/airflow/example_dags/example_short_circuit_decorator.py
[2023-06-11T00:32:51.456+0200] {processor.py:768} INFO - DAG(s) dict_keys(['example_short_circuit_decorator']) retrieved from /home/nanah/airflow_venv/lib/python3.10/site-packages/airflow/example_dags/example_short_circuit_decorator.py
[2023-06-11T00:32:51.512+0200] {logging_mixin.py:117} INFO - [2023-06-11T00:32:51.512+0200] {dag.py:2573} INFO - Sync 1 DAGs
[2023-06-11T00:32:51.562+0200] {logging_mixin.py:117} INFO - [2023-06-11T00:32:51.562+0200] {dag.py:3324} INFO - Setting next_dagrun for example_short_circuit_decorator to 2023-06-09T22:32:51.561739+00:00, run_after=2023-06-10T22:32:51.561739+00:00
[2023-06-11T00:32:51.620+0200] {processor.py:178} INFO - Processing /home/nanah/airflow_venv/lib/python3.10/site-packages/airflow/example_dags/example_short_circuit_decorator.py took 0.613 seconds
[2023-06-11T00:33:44.870+0200] {processor.py:156} INFO - Started process (PID=5350) to work on /home/nanah/airflow_venv/lib/python3.10/site-packages/airflow/example_dags/example_short_circuit_decorator.py
[2023-06-11T00:33:44.876+0200] {processor.py:758} INFO - Processing file /home/nanah/airflow_venv/lib/python3.10/site-packages/airflow/example_dags/example_short_circuit_decorator.py for tasks to queue
[2023-06-11T00:33:44.878+0200] {logging_mixin.py:117} INFO - [2023-06-11T00:33:44.877+0200] {dagbag.py:525} INFO - Filling up the DagBag from /home/nanah/airflow_venv/lib/python3.10/site-packages/airflow/example_dags/example_short_circuit_decorator.py
[2023-06-11T00:33:45.250+0200] {processor.py:768} INFO - DAG(s) dict_keys(['example_short_circuit_decorator']) retrieved from /home/nanah/airflow_venv/lib/python3.10/site-packages/airflow/example_dags/example_short_circuit_decorator.py
[2023-06-11T00:33:45.314+0200] {logging_mixin.py:117} INFO - [2023-06-11T00:33:45.313+0200] {dag.py:2573} INFO - Sync 1 DAGs
[2023-06-11T00:33:45.363+0200] {logging_mixin.py:117} INFO - [2023-06-11T00:33:45.362+0200] {dag.py:3324} INFO - Setting next_dagrun for example_short_circuit_decorator to 2023-06-09T22:33:45.362417+00:00, run_after=2023-06-10T22:33:45.362417+00:00
[2023-06-11T00:33:45.414+0200] {processor.py:178} INFO - Processing /home/nanah/airflow_venv/lib/python3.10/site-packages/airflow/example_dags/example_short_circuit_decorator.py took 0.550 seconds
[2023-06-11T00:34:45.213+0200] {processor.py:156} INFO - Started process (PID=5388) to work on /home/nanah/airflow_venv/lib/python3.10/site-packages/airflow/example_dags/example_short_circuit_decorator.py
[2023-06-11T00:34:45.219+0200] {processor.py:758} INFO - Processing file /home/nanah/airflow_venv/lib/python3.10/site-packages/airflow/example_dags/example_short_circuit_decorator.py for tasks to queue
[2023-06-11T00:34:45.229+0200] {logging_mixin.py:117} INFO - [2023-06-11T00:34:45.228+0200] {dagbag.py:525} INFO - Filling up the DagBag from /home/nanah/airflow_venv/lib/python3.10/site-packages/airflow/example_dags/example_short_circuit_decorator.py
[2023-06-11T00:34:45.456+0200] {processor.py:768} INFO - DAG(s) dict_keys(['example_short_circuit_decorator']) retrieved from /home/nanah/airflow_venv/lib/python3.10/site-packages/airflow/example_dags/example_short_circuit_decorator.py
[2023-06-11T00:34:45.675+0200] {logging_mixin.py:117} INFO - [2023-06-11T00:34:45.675+0200] {dag.py:2573} INFO - Sync 1 DAGs
[2023-06-11T00:34:45.851+0200] {logging_mixin.py:117} INFO - [2023-06-11T00:34:45.851+0200] {dag.py:3324} INFO - Setting next_dagrun for example_short_circuit_decorator to 2023-06-09T22:34:45.850782+00:00, run_after=2023-06-10T22:34:45.850782+00:00
[2023-06-11T00:34:46.056+0200] {processor.py:178} INFO - Processing /home/nanah/airflow_venv/lib/python3.10/site-packages/airflow/example_dags/example_short_circuit_decorator.py took 0.872 seconds
[2023-06-11T00:35:44.099+0200] {processor.py:156} INFO - Started process (PID=5424) to work on /home/nanah/airflow_venv/lib/python3.10/site-packages/airflow/example_dags/example_short_circuit_decorator.py
[2023-06-11T00:35:44.103+0200] {processor.py:758} INFO - Processing file /home/nanah/airflow_venv/lib/python3.10/site-packages/airflow/example_dags/example_short_circuit_decorator.py for tasks to queue
[2023-06-11T00:35:44.104+0200] {logging_mixin.py:117} INFO - [2023-06-11T00:35:44.104+0200] {dagbag.py:525} INFO - Filling up the DagBag from /home/nanah/airflow_venv/lib/python3.10/site-packages/airflow/example_dags/example_short_circuit_decorator.py
[2023-06-11T00:35:44.188+0200] {processor.py:768} INFO - DAG(s) dict_keys(['example_short_circuit_decorator']) retrieved from /home/nanah/airflow_venv/lib/python3.10/site-packages/airflow/example_dags/example_short_circuit_decorator.py
[2023-06-11T00:35:44.279+0200] {logging_mixin.py:117} INFO - [2023-06-11T00:35:44.279+0200] {dag.py:2573} INFO - Sync 1 DAGs
[2023-06-11T00:35:44.355+0200] {logging_mixin.py:117} INFO - [2023-06-11T00:35:44.355+0200] {dag.py:3324} INFO - Setting next_dagrun for example_short_circuit_decorator to 2023-06-09T22:35:44.354972+00:00, run_after=2023-06-10T22:35:44.354972+00:00
[2023-06-11T00:35:44.530+0200] {processor.py:178} INFO - Processing /home/nanah/airflow_venv/lib/python3.10/site-packages/airflow/example_dags/example_short_circuit_decorator.py took 0.438 seconds
[2023-06-11T00:36:27.956+0200] {processor.py:156} INFO - Started process (PID=5457) to work on /home/nanah/airflow_venv/lib/python3.10/site-packages/airflow/example_dags/example_short_circuit_decorator.py
[2023-06-11T00:36:27.961+0200] {processor.py:758} INFO - Processing file /home/nanah/airflow_venv/lib/python3.10/site-packages/airflow/example_dags/example_short_circuit_decorator.py for tasks to queue
[2023-06-11T00:36:27.962+0200] {logging_mixin.py:117} INFO - [2023-06-11T00:36:27.962+0200] {dagbag.py:525} INFO - Filling up the DagBag from /home/nanah/airflow_venv/lib/python3.10/site-packages/airflow/example_dags/example_short_circuit_decorator.py
[2023-06-11T00:36:28.014+0200] {processor.py:768} INFO - DAG(s) dict_keys(['example_short_circuit_decorator']) retrieved from /home/nanah/airflow_venv/lib/python3.10/site-packages/airflow/example_dags/example_short_circuit_decorator.py
[2023-06-11T00:36:28.070+0200] {logging_mixin.py:117} INFO - [2023-06-11T00:36:28.069+0200] {dag.py:2573} INFO - Sync 1 DAGs
[2023-06-11T00:36:28.108+0200] {logging_mixin.py:117} INFO - [2023-06-11T00:36:28.108+0200] {dag.py:3324} INFO - Setting next_dagrun for example_short_circuit_decorator to 2023-06-09T22:36:28.107813+00:00, run_after=2023-06-10T22:36:28.107813+00:00
[2023-06-11T00:36:28.162+0200] {processor.py:178} INFO - Processing /home/nanah/airflow_venv/lib/python3.10/site-packages/airflow/example_dags/example_short_circuit_decorator.py took 0.213 seconds
[2023-06-11T00:37:14.002+0200] {processor.py:156} INFO - Started process (PID=5491) to work on /home/nanah/airflow_venv/lib/python3.10/site-packages/airflow/example_dags/example_short_circuit_decorator.py
[2023-06-11T00:37:14.010+0200] {processor.py:758} INFO - Processing file /home/nanah/airflow_venv/lib/python3.10/site-packages/airflow/example_dags/example_short_circuit_decorator.py for tasks to queue
[2023-06-11T00:37:14.012+0200] {logging_mixin.py:117} INFO - [2023-06-11T00:37:14.011+0200] {dagbag.py:525} INFO - Filling up the DagBag from /home/nanah/airflow_venv/lib/python3.10/site-packages/airflow/example_dags/example_short_circuit_decorator.py
[2023-06-11T00:37:14.078+0200] {processor.py:768} INFO - DAG(s) dict_keys(['example_short_circuit_decorator']) retrieved from /home/nanah/airflow_venv/lib/python3.10/site-packages/airflow/example_dags/example_short_circuit_decorator.py
[2023-06-11T00:37:14.139+0200] {logging_mixin.py:117} INFO - [2023-06-11T00:37:14.138+0200] {dag.py:2573} INFO - Sync 1 DAGs
[2023-06-11T00:37:14.190+0200] {logging_mixin.py:117} INFO - [2023-06-11T00:37:14.190+0200] {dag.py:3324} INFO - Setting next_dagrun for example_short_circuit_decorator to 2023-06-09T22:37:14.189570+00:00, run_after=2023-06-10T22:37:14.189570+00:00
[2023-06-11T00:37:14.247+0200] {processor.py:178} INFO - Processing /home/nanah/airflow_venv/lib/python3.10/site-packages/airflow/example_dags/example_short_circuit_decorator.py took 0.252 seconds
[2023-06-11T00:38:07.248+0200] {processor.py:156} INFO - Started process (PID=5525) to work on /home/nanah/airflow_venv/lib/python3.10/site-packages/airflow/example_dags/example_short_circuit_decorator.py
[2023-06-11T00:38:07.254+0200] {processor.py:758} INFO - Processing file /home/nanah/airflow_venv/lib/python3.10/site-packages/airflow/example_dags/example_short_circuit_decorator.py for tasks to queue
[2023-06-11T00:38:07.260+0200] {logging_mixin.py:117} INFO - [2023-06-11T00:38:07.259+0200] {dagbag.py:525} INFO - Filling up the DagBag from /home/nanah/airflow_venv/lib/python3.10/site-packages/airflow/example_dags/example_short_circuit_decorator.py
[2023-06-11T00:38:07.322+0200] {processor.py:768} INFO - DAG(s) dict_keys(['example_short_circuit_decorator']) retrieved from /home/nanah/airflow_venv/lib/python3.10/site-packages/airflow/example_dags/example_short_circuit_decorator.py
[2023-06-11T00:38:07.490+0200] {logging_mixin.py:117} INFO - [2023-06-11T00:38:07.489+0200] {dag.py:2573} INFO - Sync 1 DAGs
[2023-06-11T00:38:07.580+0200] {logging_mixin.py:117} INFO - [2023-06-11T00:38:07.579+0200] {dag.py:3324} INFO - Setting next_dagrun for example_short_circuit_decorator to 2023-06-09T22:38:07.579202+00:00, run_after=2023-06-10T22:38:07.579202+00:00
[2023-06-11T00:38:07.635+0200] {processor.py:178} INFO - Processing /home/nanah/airflow_venv/lib/python3.10/site-packages/airflow/example_dags/example_short_circuit_decorator.py took 0.393 seconds
[2023-06-11T00:38:51.906+0200] {processor.py:156} INFO - Started process (PID=5561) to work on /home/nanah/airflow_venv/lib/python3.10/site-packages/airflow/example_dags/example_short_circuit_decorator.py
[2023-06-11T00:38:51.910+0200] {processor.py:758} INFO - Processing file /home/nanah/airflow_venv/lib/python3.10/site-packages/airflow/example_dags/example_short_circuit_decorator.py for tasks to queue
[2023-06-11T00:38:51.912+0200] {logging_mixin.py:117} INFO - [2023-06-11T00:38:51.912+0200] {dagbag.py:525} INFO - Filling up the DagBag from /home/nanah/airflow_venv/lib/python3.10/site-packages/airflow/example_dags/example_short_circuit_decorator.py
[2023-06-11T00:38:51.978+0200] {processor.py:768} INFO - DAG(s) dict_keys(['example_short_circuit_decorator']) retrieved from /home/nanah/airflow_venv/lib/python3.10/site-packages/airflow/example_dags/example_short_circuit_decorator.py
[2023-06-11T00:38:52.036+0200] {logging_mixin.py:117} INFO - [2023-06-11T00:38:52.036+0200] {dag.py:2573} INFO - Sync 1 DAGs
[2023-06-11T00:38:52.087+0200] {logging_mixin.py:117} INFO - [2023-06-11T00:38:52.087+0200] {dag.py:3324} INFO - Setting next_dagrun for example_short_circuit_decorator to 2023-06-09T22:38:52.086729+00:00, run_after=2023-06-10T22:38:52.086729+00:00
[2023-06-11T00:38:52.146+0200] {processor.py:178} INFO - Processing /home/nanah/airflow_venv/lib/python3.10/site-packages/airflow/example_dags/example_short_circuit_decorator.py took 0.249 seconds
[2023-06-11T00:39:32.652+0200] {processor.py:156} INFO - Started process (PID=5594) to work on /home/nanah/airflow_venv/lib/python3.10/site-packages/airflow/example_dags/example_short_circuit_decorator.py
[2023-06-11T00:39:32.660+0200] {processor.py:758} INFO - Processing file /home/nanah/airflow_venv/lib/python3.10/site-packages/airflow/example_dags/example_short_circuit_decorator.py for tasks to queue
[2023-06-11T00:39:32.662+0200] {logging_mixin.py:117} INFO - [2023-06-11T00:39:32.661+0200] {dagbag.py:525} INFO - Filling up the DagBag from /home/nanah/airflow_venv/lib/python3.10/site-packages/airflow/example_dags/example_short_circuit_decorator.py
[2023-06-11T00:39:32.733+0200] {processor.py:768} INFO - DAG(s) dict_keys(['example_short_circuit_decorator']) retrieved from /home/nanah/airflow_venv/lib/python3.10/site-packages/airflow/example_dags/example_short_circuit_decorator.py
[2023-06-11T00:39:32.838+0200] {logging_mixin.py:117} INFO - [2023-06-11T00:39:32.837+0200] {dag.py:2573} INFO - Sync 1 DAGs
[2023-06-11T00:39:32.910+0200] {logging_mixin.py:117} INFO - [2023-06-11T00:39:32.909+0200] {dag.py:3324} INFO - Setting next_dagrun for example_short_circuit_decorator to 2023-06-09T22:39:32.908840+00:00, run_after=2023-06-10T22:39:32.908840+00:00
[2023-06-11T00:39:32.970+0200] {processor.py:178} INFO - Processing /home/nanah/airflow_venv/lib/python3.10/site-packages/airflow/example_dags/example_short_circuit_decorator.py took 0.327 seconds
[2023-06-11T00:40:16.379+0200] {processor.py:156} INFO - Started process (PID=5628) to work on /home/nanah/airflow_venv/lib/python3.10/site-packages/airflow/example_dags/example_short_circuit_decorator.py
[2023-06-11T00:40:16.389+0200] {processor.py:758} INFO - Processing file /home/nanah/airflow_venv/lib/python3.10/site-packages/airflow/example_dags/example_short_circuit_decorator.py for tasks to queue
[2023-06-11T00:40:16.391+0200] {logging_mixin.py:117} INFO - [2023-06-11T00:40:16.391+0200] {dagbag.py:525} INFO - Filling up the DagBag from /home/nanah/airflow_venv/lib/python3.10/site-packages/airflow/example_dags/example_short_circuit_decorator.py
[2023-06-11T00:40:16.517+0200] {processor.py:768} INFO - DAG(s) dict_keys(['example_short_circuit_decorator']) retrieved from /home/nanah/airflow_venv/lib/python3.10/site-packages/airflow/example_dags/example_short_circuit_decorator.py
[2023-06-11T00:40:16.646+0200] {logging_mixin.py:117} INFO - [2023-06-11T00:40:16.645+0200] {dag.py:2573} INFO - Sync 1 DAGs
[2023-06-11T00:40:16.767+0200] {logging_mixin.py:117} INFO - [2023-06-11T00:40:16.767+0200] {dag.py:3324} INFO - Setting next_dagrun for example_short_circuit_decorator to 2023-06-09T22:40:16.755916+00:00, run_after=2023-06-10T22:40:16.755916+00:00
[2023-06-11T00:40:16.935+0200] {processor.py:178} INFO - Processing /home/nanah/airflow_venv/lib/python3.10/site-packages/airflow/example_dags/example_short_circuit_decorator.py took 0.571 seconds
[2023-06-11T00:41:00.176+0200] {processor.py:156} INFO - Started process (PID=5662) to work on /home/nanah/airflow_venv/lib/python3.10/site-packages/airflow/example_dags/example_short_circuit_decorator.py
[2023-06-11T00:41:00.182+0200] {processor.py:758} INFO - Processing file /home/nanah/airflow_venv/lib/python3.10/site-packages/airflow/example_dags/example_short_circuit_decorator.py for tasks to queue
[2023-06-11T00:41:00.183+0200] {logging_mixin.py:117} INFO - [2023-06-11T00:41:00.183+0200] {dagbag.py:525} INFO - Filling up the DagBag from /home/nanah/airflow_venv/lib/python3.10/site-packages/airflow/example_dags/example_short_circuit_decorator.py
[2023-06-11T00:41:00.237+0200] {processor.py:768} INFO - DAG(s) dict_keys(['example_short_circuit_decorator']) retrieved from /home/nanah/airflow_venv/lib/python3.10/site-packages/airflow/example_dags/example_short_circuit_decorator.py
[2023-06-11T00:41:00.291+0200] {logging_mixin.py:117} INFO - [2023-06-11T00:41:00.290+0200] {dag.py:2573} INFO - Sync 1 DAGs
[2023-06-11T00:41:00.331+0200] {logging_mixin.py:117} INFO - [2023-06-11T00:41:00.331+0200] {dag.py:3324} INFO - Setting next_dagrun for example_short_circuit_decorator to 2023-06-09T22:41:00.330958+00:00, run_after=2023-06-10T22:41:00.330958+00:00
[2023-06-11T00:41:00.387+0200] {processor.py:178} INFO - Processing /home/nanah/airflow_venv/lib/python3.10/site-packages/airflow/example_dags/example_short_circuit_decorator.py took 0.218 seconds
[2023-06-11T00:41:44.664+0200] {processor.py:156} INFO - Started process (PID=5698) to work on /home/nanah/airflow_venv/lib/python3.10/site-packages/airflow/example_dags/example_short_circuit_decorator.py
[2023-06-11T00:41:44.668+0200] {processor.py:758} INFO - Processing file /home/nanah/airflow_venv/lib/python3.10/site-packages/airflow/example_dags/example_short_circuit_decorator.py for tasks to queue
[2023-06-11T00:41:44.670+0200] {logging_mixin.py:117} INFO - [2023-06-11T00:41:44.669+0200] {dagbag.py:525} INFO - Filling up the DagBag from /home/nanah/airflow_venv/lib/python3.10/site-packages/airflow/example_dags/example_short_circuit_decorator.py
[2023-06-11T00:41:44.748+0200] {processor.py:768} INFO - DAG(s) dict_keys(['example_short_circuit_decorator']) retrieved from /home/nanah/airflow_venv/lib/python3.10/site-packages/airflow/example_dags/example_short_circuit_decorator.py
[2023-06-11T00:41:44.862+0200] {logging_mixin.py:117} INFO - [2023-06-11T00:41:44.862+0200] {dag.py:2573} INFO - Sync 1 DAGs
[2023-06-11T00:41:44.919+0200] {logging_mixin.py:117} INFO - [2023-06-11T00:41:44.919+0200] {dag.py:3324} INFO - Setting next_dagrun for example_short_circuit_decorator to 2023-06-09T22:41:44.918774+00:00, run_after=2023-06-10T22:41:44.918774+00:00
[2023-06-11T00:41:44.986+0200] {processor.py:178} INFO - Processing /home/nanah/airflow_venv/lib/python3.10/site-packages/airflow/example_dags/example_short_circuit_decorator.py took 0.333 seconds
[2023-06-11T00:42:30.963+0200] {processor.py:156} INFO - Started process (PID=5734) to work on /home/nanah/airflow_venv/lib/python3.10/site-packages/airflow/example_dags/example_short_circuit_decorator.py
[2023-06-11T00:42:30.968+0200] {processor.py:758} INFO - Processing file /home/nanah/airflow_venv/lib/python3.10/site-packages/airflow/example_dags/example_short_circuit_decorator.py for tasks to queue
[2023-06-11T00:42:30.970+0200] {logging_mixin.py:117} INFO - [2023-06-11T00:42:30.970+0200] {dagbag.py:525} INFO - Filling up the DagBag from /home/nanah/airflow_venv/lib/python3.10/site-packages/airflow/example_dags/example_short_circuit_decorator.py
[2023-06-11T00:42:31.197+0200] {processor.py:768} INFO - DAG(s) dict_keys(['example_short_circuit_decorator']) retrieved from /home/nanah/airflow_venv/lib/python3.10/site-packages/airflow/example_dags/example_short_circuit_decorator.py
[2023-06-11T00:42:31.334+0200] {logging_mixin.py:117} INFO - [2023-06-11T00:42:31.334+0200] {dag.py:2573} INFO - Sync 1 DAGs
[2023-06-11T00:42:31.473+0200] {logging_mixin.py:117} INFO - [2023-06-11T00:42:31.473+0200] {dag.py:3324} INFO - Setting next_dagrun for example_short_circuit_decorator to 2023-06-09T22:42:31.472419+00:00, run_after=2023-06-10T22:42:31.472419+00:00
[2023-06-11T00:42:31.529+0200] {processor.py:178} INFO - Processing /home/nanah/airflow_venv/lib/python3.10/site-packages/airflow/example_dags/example_short_circuit_decorator.py took 0.583 seconds
[2023-06-11T00:43:19.788+0200] {processor.py:156} INFO - Started process (PID=5768) to work on /home/nanah/airflow_venv/lib/python3.10/site-packages/airflow/example_dags/example_short_circuit_decorator.py
[2023-06-11T00:43:19.797+0200] {processor.py:758} INFO - Processing file /home/nanah/airflow_venv/lib/python3.10/site-packages/airflow/example_dags/example_short_circuit_decorator.py for tasks to queue
[2023-06-11T00:43:19.798+0200] {logging_mixin.py:117} INFO - [2023-06-11T00:43:19.798+0200] {dagbag.py:525} INFO - Filling up the DagBag from /home/nanah/airflow_venv/lib/python3.10/site-packages/airflow/example_dags/example_short_circuit_decorator.py
[2023-06-11T00:43:19.859+0200] {processor.py:768} INFO - DAG(s) dict_keys(['example_short_circuit_decorator']) retrieved from /home/nanah/airflow_venv/lib/python3.10/site-packages/airflow/example_dags/example_short_circuit_decorator.py
[2023-06-11T00:43:19.922+0200] {logging_mixin.py:117} INFO - [2023-06-11T00:43:19.922+0200] {dag.py:2573} INFO - Sync 1 DAGs
[2023-06-11T00:43:19.971+0200] {logging_mixin.py:117} INFO - [2023-06-11T00:43:19.970+0200] {dag.py:3324} INFO - Setting next_dagrun for example_short_circuit_decorator to 2023-06-09T22:43:19.970013+00:00, run_after=2023-06-10T22:43:19.970013+00:00
[2023-06-11T00:43:20.024+0200] {processor.py:178} INFO - Processing /home/nanah/airflow_venv/lib/python3.10/site-packages/airflow/example_dags/example_short_circuit_decorator.py took 0.249 seconds
[2023-06-11T00:44:02.600+0200] {processor.py:156} INFO - Started process (PID=5802) to work on /home/nanah/airflow_venv/lib/python3.10/site-packages/airflow/example_dags/example_short_circuit_decorator.py
[2023-06-11T00:44:02.607+0200] {processor.py:758} INFO - Processing file /home/nanah/airflow_venv/lib/python3.10/site-packages/airflow/example_dags/example_short_circuit_decorator.py for tasks to queue
[2023-06-11T00:44:02.609+0200] {logging_mixin.py:117} INFO - [2023-06-11T00:44:02.608+0200] {dagbag.py:525} INFO - Filling up the DagBag from /home/nanah/airflow_venv/lib/python3.10/site-packages/airflow/example_dags/example_short_circuit_decorator.py
[2023-06-11T00:44:02.673+0200] {processor.py:768} INFO - DAG(s) dict_keys(['example_short_circuit_decorator']) retrieved from /home/nanah/airflow_venv/lib/python3.10/site-packages/airflow/example_dags/example_short_circuit_decorator.py
[2023-06-11T00:44:02.737+0200] {logging_mixin.py:117} INFO - [2023-06-11T00:44:02.737+0200] {dag.py:2573} INFO - Sync 1 DAGs
[2023-06-11T00:44:02.794+0200] {logging_mixin.py:117} INFO - [2023-06-11T00:44:02.793+0200] {dag.py:3324} INFO - Setting next_dagrun for example_short_circuit_decorator to 2023-06-09T22:44:02.792741+00:00, run_after=2023-06-10T22:44:02.792741+00:00
[2023-06-11T00:44:02.859+0200] {processor.py:178} INFO - Processing /home/nanah/airflow_venv/lib/python3.10/site-packages/airflow/example_dags/example_short_circuit_decorator.py took 0.265 seconds
[2023-06-11T00:44:52.649+0200] {processor.py:156} INFO - Started process (PID=5836) to work on /home/nanah/airflow_venv/lib/python3.10/site-packages/airflow/example_dags/example_short_circuit_decorator.py
[2023-06-11T00:44:52.654+0200] {processor.py:758} INFO - Processing file /home/nanah/airflow_venv/lib/python3.10/site-packages/airflow/example_dags/example_short_circuit_decorator.py for tasks to queue
[2023-06-11T00:44:52.655+0200] {logging_mixin.py:117} INFO - [2023-06-11T00:44:52.655+0200] {dagbag.py:525} INFO - Filling up the DagBag from /home/nanah/airflow_venv/lib/python3.10/site-packages/airflow/example_dags/example_short_circuit_decorator.py
[2023-06-11T00:44:52.719+0200] {processor.py:768} INFO - DAG(s) dict_keys(['example_short_circuit_decorator']) retrieved from /home/nanah/airflow_venv/lib/python3.10/site-packages/airflow/example_dags/example_short_circuit_decorator.py
[2023-06-11T00:44:52.782+0200] {logging_mixin.py:117} INFO - [2023-06-11T00:44:52.781+0200] {dag.py:2573} INFO - Sync 1 DAGs
[2023-06-11T00:44:52.830+0200] {logging_mixin.py:117} INFO - [2023-06-11T00:44:52.829+0200] {dag.py:3324} INFO - Setting next_dagrun for example_short_circuit_decorator to 2023-06-09T22:44:52.828776+00:00, run_after=2023-06-10T22:44:52.828776+00:00
[2023-06-11T00:44:52.889+0200] {processor.py:178} INFO - Processing /home/nanah/airflow_venv/lib/python3.10/site-packages/airflow/example_dags/example_short_circuit_decorator.py took 0.247 seconds
[2023-06-11T00:45:42.703+0200] {processor.py:156} INFO - Started process (PID=5871) to work on /home/nanah/airflow_venv/lib/python3.10/site-packages/airflow/example_dags/example_short_circuit_decorator.py
[2023-06-11T00:45:42.731+0200] {processor.py:758} INFO - Processing file /home/nanah/airflow_venv/lib/python3.10/site-packages/airflow/example_dags/example_short_circuit_decorator.py for tasks to queue
[2023-06-11T00:45:42.735+0200] {logging_mixin.py:117} INFO - [2023-06-11T00:45:42.734+0200] {dagbag.py:525} INFO - Filling up the DagBag from /home/nanah/airflow_venv/lib/python3.10/site-packages/airflow/example_dags/example_short_circuit_decorator.py
[2023-06-11T00:45:42.907+0200] {processor.py:768} INFO - DAG(s) dict_keys(['example_short_circuit_decorator']) retrieved from /home/nanah/airflow_venv/lib/python3.10/site-packages/airflow/example_dags/example_short_circuit_decorator.py
[2023-06-11T00:45:43.069+0200] {logging_mixin.py:117} INFO - [2023-06-11T00:45:43.066+0200] {dag.py:2573} INFO - Sync 1 DAGs
[2023-06-11T00:45:43.240+0200] {logging_mixin.py:117} INFO - [2023-06-11T00:45:43.239+0200] {dag.py:3324} INFO - Setting next_dagrun for example_short_circuit_decorator to 2023-06-09T22:45:43.235609+00:00, run_after=2023-06-10T22:45:43.235609+00:00
[2023-06-11T00:45:43.373+0200] {processor.py:178} INFO - Processing /home/nanah/airflow_venv/lib/python3.10/site-packages/airflow/example_dags/example_short_circuit_decorator.py took 0.704 seconds
