[2023-06-11T00:11:50.333+0200] {processor.py:156} INFO - Started process (PID=4600) to work on /home/nanah/airflow_venv/lib/python3.10/site-packages/airflow/example_dags/example_python_operator.py
[2023-06-11T00:11:50.335+0200] {processor.py:758} INFO - Processing file /home/nanah/airflow_venv/lib/python3.10/site-packages/airflow/example_dags/example_python_operator.py for tasks to queue
[2023-06-11T00:11:50.336+0200] {logging_mixin.py:117} INFO - [2023-06-11T00:11:50.336+0200] {dagbag.py:525} INFO - Filling up the DagBag from /home/nanah/airflow_venv/lib/python3.10/site-packages/airflow/example_dags/example_python_operator.py
[2023-06-11T00:11:51.894+0200] {logging_mixin.py:117} INFO - [2023-06-11T00:11:51.893+0200] {example_python_operator.py:85} WARNING - The virtalenv_python example task requires virtualenv, please install it.
[2023-06-11T00:11:51.942+0200] {processor.py:768} INFO - DAG(s) dict_keys(['example_python_operator']) retrieved from /home/nanah/airflow_venv/lib/python3.10/site-packages/airflow/example_dags/example_python_operator.py
[2023-06-11T00:11:52.358+0200] {logging_mixin.py:117} INFO - [2023-06-11T00:11:52.357+0200] {dag.py:2573} INFO - Sync 1 DAGs
[2023-06-11T00:11:52.487+0200] {logging_mixin.py:117} INFO - [2023-06-11T00:11:52.487+0200] {dag.py:3324} INFO - Setting next_dagrun for example_python_operator to None, run_after=None
[2023-06-11T00:11:52.842+0200] {processor.py:178} INFO - Processing /home/nanah/airflow_venv/lib/python3.10/site-packages/airflow/example_dags/example_python_operator.py took 2.524 seconds
[2023-06-11T00:13:02.161+0200] {processor.py:156} INFO - Started process (PID=4643) to work on /home/nanah/airflow_venv/lib/python3.10/site-packages/airflow/example_dags/example_python_operator.py
[2023-06-11T00:13:02.166+0200] {processor.py:758} INFO - Processing file /home/nanah/airflow_venv/lib/python3.10/site-packages/airflow/example_dags/example_python_operator.py for tasks to queue
[2023-06-11T00:13:02.167+0200] {logging_mixin.py:117} INFO - [2023-06-11T00:13:02.167+0200] {dagbag.py:525} INFO - Filling up the DagBag from /home/nanah/airflow_venv/lib/python3.10/site-packages/airflow/example_dags/example_python_operator.py
[2023-06-11T00:13:02.349+0200] {logging_mixin.py:117} INFO - [2023-06-11T00:13:02.348+0200] {example_python_operator.py:85} WARNING - The virtalenv_python example task requires virtualenv, please install it.
[2023-06-11T00:13:02.362+0200] {processor.py:768} INFO - DAG(s) dict_keys(['example_python_operator']) retrieved from /home/nanah/airflow_venv/lib/python3.10/site-packages/airflow/example_dags/example_python_operator.py
[2023-06-11T00:13:02.423+0200] {logging_mixin.py:117} INFO - [2023-06-11T00:13:02.422+0200] {dag.py:2573} INFO - Sync 1 DAGs
[2023-06-11T00:13:02.472+0200] {logging_mixin.py:117} INFO - [2023-06-11T00:13:02.471+0200] {dag.py:3324} INFO - Setting next_dagrun for example_python_operator to None, run_after=None
[2023-06-11T00:13:02.545+0200] {processor.py:178} INFO - Processing /home/nanah/airflow_venv/lib/python3.10/site-packages/airflow/example_dags/example_python_operator.py took 0.391 seconds
[2023-06-11T00:14:17.589+0200] {processor.py:156} INFO - Started process (PID=4679) to work on /home/nanah/airflow_venv/lib/python3.10/site-packages/airflow/example_dags/example_python_operator.py
[2023-06-11T00:14:17.593+0200] {processor.py:758} INFO - Processing file /home/nanah/airflow_venv/lib/python3.10/site-packages/airflow/example_dags/example_python_operator.py for tasks to queue
[2023-06-11T00:14:17.594+0200] {logging_mixin.py:117} INFO - [2023-06-11T00:14:17.594+0200] {dagbag.py:525} INFO - Filling up the DagBag from /home/nanah/airflow_venv/lib/python3.10/site-packages/airflow/example_dags/example_python_operator.py
[2023-06-11T00:14:18.693+0200] {logging_mixin.py:117} INFO - [2023-06-11T00:14:18.686+0200] {example_python_operator.py:85} WARNING - The virtalenv_python example task requires virtualenv, please install it.
[2023-06-11T00:14:18.728+0200] {processor.py:768} INFO - DAG(s) dict_keys(['example_python_operator']) retrieved from /home/nanah/airflow_venv/lib/python3.10/site-packages/airflow/example_dags/example_python_operator.py
[2023-06-11T00:14:18.837+0200] {logging_mixin.py:117} INFO - [2023-06-11T00:14:18.836+0200] {dag.py:2573} INFO - Sync 1 DAGs
[2023-06-11T00:14:18.932+0200] {logging_mixin.py:117} INFO - [2023-06-11T00:14:18.930+0200] {dag.py:3324} INFO - Setting next_dagrun for example_python_operator to None, run_after=None
[2023-06-11T00:14:19.183+0200] {processor.py:178} INFO - Processing /home/nanah/airflow_venv/lib/python3.10/site-packages/airflow/example_dags/example_python_operator.py took 1.612 seconds
[2023-06-11T00:15:37.536+0200] {processor.py:156} INFO - Started process (PID=4720) to work on /home/nanah/airflow_venv/lib/python3.10/site-packages/airflow/example_dags/example_python_operator.py
[2023-06-11T00:15:37.540+0200] {processor.py:758} INFO - Processing file /home/nanah/airflow_venv/lib/python3.10/site-packages/airflow/example_dags/example_python_operator.py for tasks to queue
[2023-06-11T00:15:37.542+0200] {logging_mixin.py:117} INFO - [2023-06-11T00:15:37.541+0200] {dagbag.py:525} INFO - Filling up the DagBag from /home/nanah/airflow_venv/lib/python3.10/site-packages/airflow/example_dags/example_python_operator.py
[2023-06-11T00:15:41.693+0200] {logging_mixin.py:117} INFO - [2023-06-11T00:15:41.692+0200] {example_python_operator.py:85} WARNING - The virtalenv_python example task requires virtualenv, please install it.
[2023-06-11T00:15:42.540+0200] {processor.py:768} INFO - DAG(s) dict_keys(['example_python_operator']) retrieved from /home/nanah/airflow_venv/lib/python3.10/site-packages/airflow/example_dags/example_python_operator.py
[2023-06-11T00:15:43.288+0200] {logging_mixin.py:117} INFO - [2023-06-11T00:15:43.288+0200] {dag.py:2573} INFO - Sync 1 DAGs
[2023-06-11T00:15:44.103+0200] {logging_mixin.py:117} INFO - [2023-06-11T00:15:44.102+0200] {dag.py:3324} INFO - Setting next_dagrun for example_python_operator to None, run_after=None
[2023-06-11T00:15:44.698+0200] {processor.py:178} INFO - Processing /home/nanah/airflow_venv/lib/python3.10/site-packages/airflow/example_dags/example_python_operator.py took 7.188 seconds
[2023-06-11T00:16:51.233+0200] {processor.py:156} INFO - Started process (PID=4766) to work on /home/nanah/airflow_venv/lib/python3.10/site-packages/airflow/example_dags/example_python_operator.py
[2023-06-11T00:16:51.238+0200] {processor.py:758} INFO - Processing file /home/nanah/airflow_venv/lib/python3.10/site-packages/airflow/example_dags/example_python_operator.py for tasks to queue
[2023-06-11T00:16:51.241+0200] {logging_mixin.py:117} INFO - [2023-06-11T00:16:51.240+0200] {dagbag.py:525} INFO - Filling up the DagBag from /home/nanah/airflow_venv/lib/python3.10/site-packages/airflow/example_dags/example_python_operator.py
[2023-06-11T00:16:51.479+0200] {logging_mixin.py:117} INFO - [2023-06-11T00:16:51.478+0200] {example_python_operator.py:85} WARNING - The virtalenv_python example task requires virtualenv, please install it.
[2023-06-11T00:16:51.492+0200] {processor.py:768} INFO - DAG(s) dict_keys(['example_python_operator']) retrieved from /home/nanah/airflow_venv/lib/python3.10/site-packages/airflow/example_dags/example_python_operator.py
[2023-06-11T00:16:51.550+0200] {logging_mixin.py:117} INFO - [2023-06-11T00:16:51.549+0200] {dag.py:2573} INFO - Sync 1 DAGs
[2023-06-11T00:16:51.593+0200] {logging_mixin.py:117} INFO - [2023-06-11T00:16:51.593+0200] {dag.py:3324} INFO - Setting next_dagrun for example_python_operator to None, run_after=None
[2023-06-11T00:16:51.673+0200] {processor.py:178} INFO - Processing /home/nanah/airflow_venv/lib/python3.10/site-packages/airflow/example_dags/example_python_operator.py took 0.447 seconds
[2023-06-11T00:17:40.725+0200] {processor.py:156} INFO - Started process (PID=4803) to work on /home/nanah/airflow_venv/lib/python3.10/site-packages/airflow/example_dags/example_python_operator.py
[2023-06-11T00:17:40.730+0200] {processor.py:758} INFO - Processing file /home/nanah/airflow_venv/lib/python3.10/site-packages/airflow/example_dags/example_python_operator.py for tasks to queue
[2023-06-11T00:17:40.733+0200] {logging_mixin.py:117} INFO - [2023-06-11T00:17:40.732+0200] {dagbag.py:525} INFO - Filling up the DagBag from /home/nanah/airflow_venv/lib/python3.10/site-packages/airflow/example_dags/example_python_operator.py
[2023-06-11T00:17:41.607+0200] {logging_mixin.py:117} INFO - [2023-06-11T00:17:41.606+0200] {example_python_operator.py:85} WARNING - The virtalenv_python example task requires virtualenv, please install it.
[2023-06-11T00:17:41.630+0200] {processor.py:768} INFO - DAG(s) dict_keys(['example_python_operator']) retrieved from /home/nanah/airflow_venv/lib/python3.10/site-packages/airflow/example_dags/example_python_operator.py
[2023-06-11T00:17:41.763+0200] {logging_mixin.py:117} INFO - [2023-06-11T00:17:41.763+0200] {dag.py:2573} INFO - Sync 1 DAGs
[2023-06-11T00:17:41.841+0200] {logging_mixin.py:117} INFO - [2023-06-11T00:17:41.840+0200] {dag.py:3324} INFO - Setting next_dagrun for example_python_operator to None, run_after=None
[2023-06-11T00:17:42.174+0200] {processor.py:178} INFO - Processing /home/nanah/airflow_venv/lib/python3.10/site-packages/airflow/example_dags/example_python_operator.py took 1.458 seconds
[2023-06-11T00:18:30.433+0200] {processor.py:156} INFO - Started process (PID=4839) to work on /home/nanah/airflow_venv/lib/python3.10/site-packages/airflow/example_dags/example_python_operator.py
[2023-06-11T00:18:30.436+0200] {processor.py:758} INFO - Processing file /home/nanah/airflow_venv/lib/python3.10/site-packages/airflow/example_dags/example_python_operator.py for tasks to queue
[2023-06-11T00:18:30.437+0200] {logging_mixin.py:117} INFO - [2023-06-11T00:18:30.437+0200] {dagbag.py:525} INFO - Filling up the DagBag from /home/nanah/airflow_venv/lib/python3.10/site-packages/airflow/example_dags/example_python_operator.py
[2023-06-11T00:18:30.623+0200] {logging_mixin.py:117} INFO - [2023-06-11T00:18:30.623+0200] {example_python_operator.py:85} WARNING - The virtalenv_python example task requires virtualenv, please install it.
[2023-06-11T00:18:30.637+0200] {processor.py:768} INFO - DAG(s) dict_keys(['example_python_operator']) retrieved from /home/nanah/airflow_venv/lib/python3.10/site-packages/airflow/example_dags/example_python_operator.py
[2023-06-11T00:18:30.694+0200] {logging_mixin.py:117} INFO - [2023-06-11T00:18:30.694+0200] {dag.py:2573} INFO - Sync 1 DAGs
[2023-06-11T00:18:30.740+0200] {logging_mixin.py:117} INFO - [2023-06-11T00:18:30.739+0200] {dag.py:3324} INFO - Setting next_dagrun for example_python_operator to None, run_after=None
[2023-06-11T00:18:30.797+0200] {processor.py:178} INFO - Processing /home/nanah/airflow_venv/lib/python3.10/site-packages/airflow/example_dags/example_python_operator.py took 0.374 seconds
[2023-06-11T00:19:10.799+0200] {processor.py:156} INFO - Started process (PID=4872) to work on /home/nanah/airflow_venv/lib/python3.10/site-packages/airflow/example_dags/example_python_operator.py
[2023-06-11T00:19:10.802+0200] {processor.py:758} INFO - Processing file /home/nanah/airflow_venv/lib/python3.10/site-packages/airflow/example_dags/example_python_operator.py for tasks to queue
[2023-06-11T00:19:10.803+0200] {logging_mixin.py:117} INFO - [2023-06-11T00:19:10.803+0200] {dagbag.py:525} INFO - Filling up the DagBag from /home/nanah/airflow_venv/lib/python3.10/site-packages/airflow/example_dags/example_python_operator.py
[2023-06-11T00:19:10.997+0200] {logging_mixin.py:117} INFO - [2023-06-11T00:19:10.997+0200] {example_python_operator.py:85} WARNING - The virtalenv_python example task requires virtualenv, please install it.
[2023-06-11T00:19:11.010+0200] {processor.py:768} INFO - DAG(s) dict_keys(['example_python_operator']) retrieved from /home/nanah/airflow_venv/lib/python3.10/site-packages/airflow/example_dags/example_python_operator.py
[2023-06-11T00:19:11.077+0200] {logging_mixin.py:117} INFO - [2023-06-11T00:19:11.077+0200] {dag.py:2573} INFO - Sync 1 DAGs
[2023-06-11T00:19:11.124+0200] {logging_mixin.py:117} INFO - [2023-06-11T00:19:11.123+0200] {dag.py:3324} INFO - Setting next_dagrun for example_python_operator to None, run_after=None
[2023-06-11T00:19:11.184+0200] {processor.py:178} INFO - Processing /home/nanah/airflow_venv/lib/python3.10/site-packages/airflow/example_dags/example_python_operator.py took 0.392 seconds
[2023-06-11T00:20:44.231+0200] {processor.py:156} INFO - Started process (PID=4918) to work on /home/nanah/airflow_venv/lib/python3.10/site-packages/airflow/example_dags/example_python_operator.py
[2023-06-11T00:20:44.316+0200] {processor.py:758} INFO - Processing file /home/nanah/airflow_venv/lib/python3.10/site-packages/airflow/example_dags/example_python_operator.py for tasks to queue
[2023-06-11T00:20:44.325+0200] {logging_mixin.py:117} INFO - [2023-06-11T00:20:44.324+0200] {dagbag.py:525} INFO - Filling up the DagBag from /home/nanah/airflow_venv/lib/python3.10/site-packages/airflow/example_dags/example_python_operator.py
[2023-06-11T00:20:45.684+0200] {logging_mixin.py:117} INFO - [2023-06-11T00:20:45.683+0200] {example_python_operator.py:85} WARNING - The virtalenv_python example task requires virtualenv, please install it.
[2023-06-11T00:20:45.751+0200] {processor.py:768} INFO - DAG(s) dict_keys(['example_python_operator']) retrieved from /home/nanah/airflow_venv/lib/python3.10/site-packages/airflow/example_dags/example_python_operator.py
[2023-06-11T00:20:46.016+0200] {logging_mixin.py:117} INFO - [2023-06-11T00:20:46.015+0200] {dag.py:2573} INFO - Sync 1 DAGs
[2023-06-11T00:20:46.227+0200] {logging_mixin.py:117} INFO - [2023-06-11T00:20:46.227+0200] {dag.py:3324} INFO - Setting next_dagrun for example_python_operator to None, run_after=None
[2023-06-11T00:20:46.426+0200] {processor.py:178} INFO - Processing /home/nanah/airflow_venv/lib/python3.10/site-packages/airflow/example_dags/example_python_operator.py took 2.215 seconds
[2023-06-11T00:21:48.418+0200] {processor.py:156} INFO - Started process (PID=4953) to work on /home/nanah/airflow_venv/lib/python3.10/site-packages/airflow/example_dags/example_python_operator.py
[2023-06-11T00:21:48.433+0200] {processor.py:758} INFO - Processing file /home/nanah/airflow_venv/lib/python3.10/site-packages/airflow/example_dags/example_python_operator.py for tasks to queue
[2023-06-11T00:21:48.436+0200] {logging_mixin.py:117} INFO - [2023-06-11T00:21:48.436+0200] {dagbag.py:525} INFO - Filling up the DagBag from /home/nanah/airflow_venv/lib/python3.10/site-packages/airflow/example_dags/example_python_operator.py
[2023-06-11T00:21:49.461+0200] {logging_mixin.py:117} INFO - [2023-06-11T00:21:49.461+0200] {example_python_operator.py:85} WARNING - The virtalenv_python example task requires virtualenv, please install it.
[2023-06-11T00:21:49.486+0200] {processor.py:768} INFO - DAG(s) dict_keys(['example_python_operator']) retrieved from /home/nanah/airflow_venv/lib/python3.10/site-packages/airflow/example_dags/example_python_operator.py
[2023-06-11T00:21:49.649+0200] {logging_mixin.py:117} INFO - [2023-06-11T00:21:49.648+0200] {dag.py:2573} INFO - Sync 1 DAGs
[2023-06-11T00:21:49.796+0200] {logging_mixin.py:117} INFO - [2023-06-11T00:21:49.795+0200] {dag.py:3324} INFO - Setting next_dagrun for example_python_operator to None, run_after=None
[2023-06-11T00:21:50.076+0200] {processor.py:178} INFO - Processing /home/nanah/airflow_venv/lib/python3.10/site-packages/airflow/example_dags/example_python_operator.py took 1.667 seconds
[2023-06-11T00:22:53.651+0200] {processor.py:156} INFO - Started process (PID=4989) to work on /home/nanah/airflow_venv/lib/python3.10/site-packages/airflow/example_dags/example_python_operator.py
[2023-06-11T00:22:53.660+0200] {processor.py:758} INFO - Processing file /home/nanah/airflow_venv/lib/python3.10/site-packages/airflow/example_dags/example_python_operator.py for tasks to queue
[2023-06-11T00:22:53.662+0200] {logging_mixin.py:117} INFO - [2023-06-11T00:22:53.661+0200] {dagbag.py:525} INFO - Filling up the DagBag from /home/nanah/airflow_venv/lib/python3.10/site-packages/airflow/example_dags/example_python_operator.py
[2023-06-11T00:22:54.046+0200] {logging_mixin.py:117} INFO - [2023-06-11T00:22:54.045+0200] {example_python_operator.py:85} WARNING - The virtalenv_python example task requires virtualenv, please install it.
[2023-06-11T00:22:54.092+0200] {processor.py:768} INFO - DAG(s) dict_keys(['example_python_operator']) retrieved from /home/nanah/airflow_venv/lib/python3.10/site-packages/airflow/example_dags/example_python_operator.py
[2023-06-11T00:22:54.285+0200] {logging_mixin.py:117} INFO - [2023-06-11T00:22:54.275+0200] {dag.py:2573} INFO - Sync 1 DAGs
[2023-06-11T00:22:54.442+0200] {logging_mixin.py:117} INFO - [2023-06-11T00:22:54.441+0200] {dag.py:3324} INFO - Setting next_dagrun for example_python_operator to None, run_after=None
[2023-06-11T00:22:54.542+0200] {processor.py:178} INFO - Processing /home/nanah/airflow_venv/lib/python3.10/site-packages/airflow/example_dags/example_python_operator.py took 0.902 seconds
[2023-06-11T00:23:48.655+0200] {processor.py:156} INFO - Started process (PID=5023) to work on /home/nanah/airflow_venv/lib/python3.10/site-packages/airflow/example_dags/example_python_operator.py
[2023-06-11T00:23:48.659+0200] {processor.py:758} INFO - Processing file /home/nanah/airflow_venv/lib/python3.10/site-packages/airflow/example_dags/example_python_operator.py for tasks to queue
[2023-06-11T00:23:48.660+0200] {logging_mixin.py:117} INFO - [2023-06-11T00:23:48.660+0200] {dagbag.py:525} INFO - Filling up the DagBag from /home/nanah/airflow_venv/lib/python3.10/site-packages/airflow/example_dags/example_python_operator.py
[2023-06-11T00:23:48.893+0200] {logging_mixin.py:117} INFO - [2023-06-11T00:23:48.892+0200] {example_python_operator.py:85} WARNING - The virtalenv_python example task requires virtualenv, please install it.
[2023-06-11T00:23:48.913+0200] {processor.py:768} INFO - DAG(s) dict_keys(['example_python_operator']) retrieved from /home/nanah/airflow_venv/lib/python3.10/site-packages/airflow/example_dags/example_python_operator.py
[2023-06-11T00:23:48.998+0200] {logging_mixin.py:117} INFO - [2023-06-11T00:23:48.997+0200] {dag.py:2573} INFO - Sync 1 DAGs
[2023-06-11T00:23:49.053+0200] {logging_mixin.py:117} INFO - [2023-06-11T00:23:49.052+0200] {dag.py:3324} INFO - Setting next_dagrun for example_python_operator to None, run_after=None
[2023-06-11T00:23:49.532+0200] {processor.py:178} INFO - Processing /home/nanah/airflow_venv/lib/python3.10/site-packages/airflow/example_dags/example_python_operator.py took 0.887 seconds
[2023-06-11T00:25:40.667+0200] {processor.py:156} INFO - Started process (PID=5060) to work on /home/nanah/airflow_venv/lib/python3.10/site-packages/airflow/example_dags/example_python_operator.py
[2023-06-11T00:25:40.671+0200] {processor.py:758} INFO - Processing file /home/nanah/airflow_venv/lib/python3.10/site-packages/airflow/example_dags/example_python_operator.py for tasks to queue
[2023-06-11T00:25:40.673+0200] {logging_mixin.py:117} INFO - [2023-06-11T00:25:40.673+0200] {dagbag.py:525} INFO - Filling up the DagBag from /home/nanah/airflow_venv/lib/python3.10/site-packages/airflow/example_dags/example_python_operator.py
[2023-06-11T00:25:41.335+0200] {logging_mixin.py:117} INFO - [2023-06-11T00:25:41.334+0200] {example_python_operator.py:85} WARNING - The virtalenv_python example task requires virtualenv, please install it.
[2023-06-11T00:25:41.358+0200] {processor.py:768} INFO - DAG(s) dict_keys(['example_python_operator']) retrieved from /home/nanah/airflow_venv/lib/python3.10/site-packages/airflow/example_dags/example_python_operator.py
[2023-06-11T00:25:41.452+0200] {logging_mixin.py:117} INFO - [2023-06-11T00:25:41.451+0200] {dag.py:2573} INFO - Sync 1 DAGs
[2023-06-11T00:25:41.542+0200] {logging_mixin.py:117} INFO - [2023-06-11T00:25:41.541+0200] {dag.py:3324} INFO - Setting next_dagrun for example_python_operator to None, run_after=None
[2023-06-11T00:25:42.225+0200] {processor.py:178} INFO - Processing /home/nanah/airflow_venv/lib/python3.10/site-packages/airflow/example_dags/example_python_operator.py took 1.570 seconds
[2023-06-11T00:26:43.343+0200] {processor.py:156} INFO - Started process (PID=5095) to work on /home/nanah/airflow_venv/lib/python3.10/site-packages/airflow/example_dags/example_python_operator.py
[2023-06-11T00:26:43.350+0200] {processor.py:758} INFO - Processing file /home/nanah/airflow_venv/lib/python3.10/site-packages/airflow/example_dags/example_python_operator.py for tasks to queue
[2023-06-11T00:26:43.359+0200] {logging_mixin.py:117} INFO - [2023-06-11T00:26:43.356+0200] {dagbag.py:525} INFO - Filling up the DagBag from /home/nanah/airflow_venv/lib/python3.10/site-packages/airflow/example_dags/example_python_operator.py
[2023-06-11T00:26:43.647+0200] {logging_mixin.py:117} INFO - [2023-06-11T00:26:43.647+0200] {example_python_operator.py:85} WARNING - The virtalenv_python example task requires virtualenv, please install it.
[2023-06-11T00:26:43.665+0200] {processor.py:768} INFO - DAG(s) dict_keys(['example_python_operator']) retrieved from /home/nanah/airflow_venv/lib/python3.10/site-packages/airflow/example_dags/example_python_operator.py
[2023-06-11T00:26:43.742+0200] {logging_mixin.py:117} INFO - [2023-06-11T00:26:43.742+0200] {dag.py:2573} INFO - Sync 1 DAGs
[2023-06-11T00:26:44.145+0200] {logging_mixin.py:117} INFO - [2023-06-11T00:26:44.145+0200] {dag.py:3324} INFO - Setting next_dagrun for example_python_operator to None, run_after=None
[2023-06-11T00:26:44.211+0200] {processor.py:178} INFO - Processing /home/nanah/airflow_venv/lib/python3.10/site-packages/airflow/example_dags/example_python_operator.py took 0.876 seconds
[2023-06-11T00:27:40.688+0200] {processor.py:156} INFO - Started process (PID=5134) to work on /home/nanah/airflow_venv/lib/python3.10/site-packages/airflow/example_dags/example_python_operator.py
[2023-06-11T00:27:40.693+0200] {processor.py:758} INFO - Processing file /home/nanah/airflow_venv/lib/python3.10/site-packages/airflow/example_dags/example_python_operator.py for tasks to queue
[2023-06-11T00:27:40.694+0200] {logging_mixin.py:117} INFO - [2023-06-11T00:27:40.694+0200] {dagbag.py:525} INFO - Filling up the DagBag from /home/nanah/airflow_venv/lib/python3.10/site-packages/airflow/example_dags/example_python_operator.py
[2023-06-11T00:27:40.957+0200] {logging_mixin.py:117} INFO - [2023-06-11T00:27:40.956+0200] {example_python_operator.py:85} WARNING - The virtalenv_python example task requires virtualenv, please install it.
[2023-06-11T00:27:40.977+0200] {processor.py:768} INFO - DAG(s) dict_keys(['example_python_operator']) retrieved from /home/nanah/airflow_venv/lib/python3.10/site-packages/airflow/example_dags/example_python_operator.py
[2023-06-11T00:27:41.057+0200] {logging_mixin.py:117} INFO - [2023-06-11T00:27:41.056+0200] {dag.py:2573} INFO - Sync 1 DAGs
[2023-06-11T00:27:42.479+0200] {logging_mixin.py:117} INFO - [2023-06-11T00:27:42.477+0200] {dag.py:3324} INFO - Setting next_dagrun for example_python_operator to None, run_after=None
[2023-06-11T00:27:44.326+0200] {processor.py:178} INFO - Processing /home/nanah/airflow_venv/lib/python3.10/site-packages/airflow/example_dags/example_python_operator.py took 3.650 seconds
[2023-06-11T00:28:41.692+0200] {processor.py:156} INFO - Started process (PID=5168) to work on /home/nanah/airflow_venv/lib/python3.10/site-packages/airflow/example_dags/example_python_operator.py
[2023-06-11T00:28:41.697+0200] {processor.py:758} INFO - Processing file /home/nanah/airflow_venv/lib/python3.10/site-packages/airflow/example_dags/example_python_operator.py for tasks to queue
[2023-06-11T00:28:41.699+0200] {logging_mixin.py:117} INFO - [2023-06-11T00:28:41.699+0200] {dagbag.py:525} INFO - Filling up the DagBag from /home/nanah/airflow_venv/lib/python3.10/site-packages/airflow/example_dags/example_python_operator.py
[2023-06-11T00:28:41.955+0200] {logging_mixin.py:117} INFO - [2023-06-11T00:28:41.955+0200] {example_python_operator.py:85} WARNING - The virtalenv_python example task requires virtualenv, please install it.
[2023-06-11T00:28:41.972+0200] {processor.py:768} INFO - DAG(s) dict_keys(['example_python_operator']) retrieved from /home/nanah/airflow_venv/lib/python3.10/site-packages/airflow/example_dags/example_python_operator.py
[2023-06-11T00:28:42.047+0200] {logging_mixin.py:117} INFO - [2023-06-11T00:28:42.047+0200] {dag.py:2573} INFO - Sync 1 DAGs
[2023-06-11T00:28:42.373+0200] {logging_mixin.py:117} INFO - [2023-06-11T00:28:42.373+0200] {dag.py:3324} INFO - Setting next_dagrun for example_python_operator to None, run_after=None
[2023-06-11T00:28:42.441+0200] {processor.py:178} INFO - Processing /home/nanah/airflow_venv/lib/python3.10/site-packages/airflow/example_dags/example_python_operator.py took 0.757 seconds
[2023-06-11T00:29:38.765+0200] {processor.py:156} INFO - Started process (PID=5202) to work on /home/nanah/airflow_venv/lib/python3.10/site-packages/airflow/example_dags/example_python_operator.py
[2023-06-11T00:29:38.789+0200] {processor.py:758} INFO - Processing file /home/nanah/airflow_venv/lib/python3.10/site-packages/airflow/example_dags/example_python_operator.py for tasks to queue
[2023-06-11T00:29:38.803+0200] {logging_mixin.py:117} INFO - [2023-06-11T00:29:38.801+0200] {dagbag.py:525} INFO - Filling up the DagBag from /home/nanah/airflow_venv/lib/python3.10/site-packages/airflow/example_dags/example_python_operator.py
[2023-06-11T00:29:39.303+0200] {logging_mixin.py:117} INFO - [2023-06-11T00:29:39.302+0200] {example_python_operator.py:85} WARNING - The virtalenv_python example task requires virtualenv, please install it.
[2023-06-11T00:29:39.333+0200] {processor.py:768} INFO - DAG(s) dict_keys(['example_python_operator']) retrieved from /home/nanah/airflow_venv/lib/python3.10/site-packages/airflow/example_dags/example_python_operator.py
[2023-06-11T00:29:40.026+0200] {logging_mixin.py:117} INFO - [2023-06-11T00:29:40.025+0200] {dag.py:2573} INFO - Sync 1 DAGs
[2023-06-11T00:29:40.124+0200] {logging_mixin.py:117} INFO - [2023-06-11T00:29:40.123+0200] {dag.py:3324} INFO - Setting next_dagrun for example_python_operator to None, run_after=None
[2023-06-11T00:29:40.242+0200] {processor.py:178} INFO - Processing /home/nanah/airflow_venv/lib/python3.10/site-packages/airflow/example_dags/example_python_operator.py took 1.571 seconds
[2023-06-11T00:30:49.327+0200] {processor.py:156} INFO - Started process (PID=5239) to work on /home/nanah/airflow_venv/lib/python3.10/site-packages/airflow/example_dags/example_python_operator.py
[2023-06-11T00:30:49.335+0200] {processor.py:758} INFO - Processing file /home/nanah/airflow_venv/lib/python3.10/site-packages/airflow/example_dags/example_python_operator.py for tasks to queue
[2023-06-11T00:30:49.336+0200] {logging_mixin.py:117} INFO - [2023-06-11T00:30:49.336+0200] {dagbag.py:525} INFO - Filling up the DagBag from /home/nanah/airflow_venv/lib/python3.10/site-packages/airflow/example_dags/example_python_operator.py
[2023-06-11T00:30:49.540+0200] {logging_mixin.py:117} INFO - [2023-06-11T00:30:49.540+0200] {example_python_operator.py:85} WARNING - The virtalenv_python example task requires virtualenv, please install it.
[2023-06-11T00:30:49.555+0200] {processor.py:768} INFO - DAG(s) dict_keys(['example_python_operator']) retrieved from /home/nanah/airflow_venv/lib/python3.10/site-packages/airflow/example_dags/example_python_operator.py
[2023-06-11T00:30:49.934+0200] {logging_mixin.py:117} INFO - [2023-06-11T00:30:49.934+0200] {dag.py:2573} INFO - Sync 1 DAGs
[2023-06-11T00:30:49.983+0200] {logging_mixin.py:117} INFO - [2023-06-11T00:30:49.982+0200] {dag.py:3324} INFO - Setting next_dagrun for example_python_operator to None, run_after=None
[2023-06-11T00:30:50.038+0200] {processor.py:178} INFO - Processing /home/nanah/airflow_venv/lib/python3.10/site-packages/airflow/example_dags/example_python_operator.py took 0.718 seconds
[2023-06-11T00:31:46.719+0200] {processor.py:156} INFO - Started process (PID=5274) to work on /home/nanah/airflow_venv/lib/python3.10/site-packages/airflow/example_dags/example_python_operator.py
[2023-06-11T00:31:46.725+0200] {processor.py:758} INFO - Processing file /home/nanah/airflow_venv/lib/python3.10/site-packages/airflow/example_dags/example_python_operator.py for tasks to queue
[2023-06-11T00:31:46.733+0200] {logging_mixin.py:117} INFO - [2023-06-11T00:31:46.732+0200] {dagbag.py:525} INFO - Filling up the DagBag from /home/nanah/airflow_venv/lib/python3.10/site-packages/airflow/example_dags/example_python_operator.py
[2023-06-11T00:31:46.965+0200] {logging_mixin.py:117} INFO - [2023-06-11T00:31:46.965+0200] {example_python_operator.py:85} WARNING - The virtalenv_python example task requires virtualenv, please install it.
[2023-06-11T00:31:47.294+0200] {processor.py:768} INFO - DAG(s) dict_keys(['example_python_operator']) retrieved from /home/nanah/airflow_venv/lib/python3.10/site-packages/airflow/example_dags/example_python_operator.py
[2023-06-11T00:31:47.349+0200] {logging_mixin.py:117} INFO - [2023-06-11T00:31:47.348+0200] {dag.py:2573} INFO - Sync 1 DAGs
[2023-06-11T00:31:47.401+0200] {logging_mixin.py:117} INFO - [2023-06-11T00:31:47.401+0200] {dag.py:3324} INFO - Setting next_dagrun for example_python_operator to None, run_after=None
[2023-06-11T00:31:47.464+0200] {processor.py:178} INFO - Processing /home/nanah/airflow_venv/lib/python3.10/site-packages/airflow/example_dags/example_python_operator.py took 0.752 seconds
[2023-06-11T00:32:42.551+0200] {processor.py:156} INFO - Started process (PID=5310) to work on /home/nanah/airflow_venv/lib/python3.10/site-packages/airflow/example_dags/example_python_operator.py
[2023-06-11T00:32:42.557+0200] {processor.py:758} INFO - Processing file /home/nanah/airflow_venv/lib/python3.10/site-packages/airflow/example_dags/example_python_operator.py for tasks to queue
[2023-06-11T00:32:42.560+0200] {logging_mixin.py:117} INFO - [2023-06-11T00:32:42.559+0200] {dagbag.py:525} INFO - Filling up the DagBag from /home/nanah/airflow_venv/lib/python3.10/site-packages/airflow/example_dags/example_python_operator.py
[2023-06-11T00:32:43.118+0200] {logging_mixin.py:117} INFO - [2023-06-11T00:32:43.118+0200] {example_python_operator.py:85} WARNING - The virtalenv_python example task requires virtualenv, please install it.
[2023-06-11T00:32:43.146+0200] {processor.py:768} INFO - DAG(s) dict_keys(['example_python_operator']) retrieved from /home/nanah/airflow_venv/lib/python3.10/site-packages/airflow/example_dags/example_python_operator.py
[2023-06-11T00:32:43.199+0200] {logging_mixin.py:117} INFO - [2023-06-11T00:32:43.198+0200] {dag.py:2573} INFO - Sync 1 DAGs
[2023-06-11T00:32:43.248+0200] {logging_mixin.py:117} INFO - [2023-06-11T00:32:43.247+0200] {dag.py:3324} INFO - Setting next_dagrun for example_python_operator to None, run_after=None
[2023-06-11T00:32:43.301+0200] {processor.py:178} INFO - Processing /home/nanah/airflow_venv/lib/python3.10/site-packages/airflow/example_dags/example_python_operator.py took 0.757 seconds
[2023-06-11T00:33:36.599+0200] {processor.py:156} INFO - Started process (PID=5345) to work on /home/nanah/airflow_venv/lib/python3.10/site-packages/airflow/example_dags/example_python_operator.py
[2023-06-11T00:33:36.605+0200] {processor.py:758} INFO - Processing file /home/nanah/airflow_venv/lib/python3.10/site-packages/airflow/example_dags/example_python_operator.py for tasks to queue
[2023-06-11T00:33:36.607+0200] {logging_mixin.py:117} INFO - [2023-06-11T00:33:36.607+0200] {dagbag.py:525} INFO - Filling up the DagBag from /home/nanah/airflow_venv/lib/python3.10/site-packages/airflow/example_dags/example_python_operator.py
[2023-06-11T00:33:37.161+0200] {logging_mixin.py:117} INFO - [2023-06-11T00:33:37.160+0200] {example_python_operator.py:85} WARNING - The virtalenv_python example task requires virtualenv, please install it.
[2023-06-11T00:33:37.174+0200] {processor.py:768} INFO - DAG(s) dict_keys(['example_python_operator']) retrieved from /home/nanah/airflow_venv/lib/python3.10/site-packages/airflow/example_dags/example_python_operator.py
[2023-06-11T00:33:37.230+0200] {logging_mixin.py:117} INFO - [2023-06-11T00:33:37.229+0200] {dag.py:2573} INFO - Sync 1 DAGs
[2023-06-11T00:33:37.279+0200] {logging_mixin.py:117} INFO - [2023-06-11T00:33:37.279+0200] {dag.py:3324} INFO - Setting next_dagrun for example_python_operator to None, run_after=None
[2023-06-11T00:33:37.336+0200] {processor.py:178} INFO - Processing /home/nanah/airflow_venv/lib/python3.10/site-packages/airflow/example_dags/example_python_operator.py took 0.743 seconds
[2023-06-11T00:34:36.185+0200] {processor.py:156} INFO - Started process (PID=5383) to work on /home/nanah/airflow_venv/lib/python3.10/site-packages/airflow/example_dags/example_python_operator.py
[2023-06-11T00:34:36.193+0200] {processor.py:758} INFO - Processing file /home/nanah/airflow_venv/lib/python3.10/site-packages/airflow/example_dags/example_python_operator.py for tasks to queue
[2023-06-11T00:34:36.195+0200] {logging_mixin.py:117} INFO - [2023-06-11T00:34:36.195+0200] {dagbag.py:525} INFO - Filling up the DagBag from /home/nanah/airflow_venv/lib/python3.10/site-packages/airflow/example_dags/example_python_operator.py
[2023-06-11T00:34:36.587+0200] {logging_mixin.py:117} INFO - [2023-06-11T00:34:36.586+0200] {example_python_operator.py:85} WARNING - The virtalenv_python example task requires virtualenv, please install it.
[2023-06-11T00:34:36.615+0200] {processor.py:768} INFO - DAG(s) dict_keys(['example_python_operator']) retrieved from /home/nanah/airflow_venv/lib/python3.10/site-packages/airflow/example_dags/example_python_operator.py
[2023-06-11T00:34:36.865+0200] {logging_mixin.py:117} INFO - [2023-06-11T00:34:36.864+0200] {dag.py:2573} INFO - Sync 1 DAGs
[2023-06-11T00:34:37.008+0200] {logging_mixin.py:117} INFO - [2023-06-11T00:34:37.002+0200] {dag.py:3324} INFO - Setting next_dagrun for example_python_operator to None, run_after=None
[2023-06-11T00:34:37.096+0200] {processor.py:178} INFO - Processing /home/nanah/airflow_venv/lib/python3.10/site-packages/airflow/example_dags/example_python_operator.py took 0.933 seconds
[2023-06-11T00:35:38.328+0200] {processor.py:156} INFO - Started process (PID=5419) to work on /home/nanah/airflow_venv/lib/python3.10/site-packages/airflow/example_dags/example_python_operator.py
[2023-06-11T00:35:38.333+0200] {processor.py:758} INFO - Processing file /home/nanah/airflow_venv/lib/python3.10/site-packages/airflow/example_dags/example_python_operator.py for tasks to queue
[2023-06-11T00:35:38.334+0200] {logging_mixin.py:117} INFO - [2023-06-11T00:35:38.334+0200] {dagbag.py:525} INFO - Filling up the DagBag from /home/nanah/airflow_venv/lib/python3.10/site-packages/airflow/example_dags/example_python_operator.py
[2023-06-11T00:35:38.512+0200] {logging_mixin.py:117} INFO - [2023-06-11T00:35:38.511+0200] {example_python_operator.py:85} WARNING - The virtalenv_python example task requires virtualenv, please install it.
[2023-06-11T00:35:38.525+0200] {processor.py:768} INFO - DAG(s) dict_keys(['example_python_operator']) retrieved from /home/nanah/airflow_venv/lib/python3.10/site-packages/airflow/example_dags/example_python_operator.py
[2023-06-11T00:35:38.590+0200] {logging_mixin.py:117} INFO - [2023-06-11T00:35:38.590+0200] {dag.py:2573} INFO - Sync 1 DAGs
[2023-06-11T00:35:38.645+0200] {logging_mixin.py:117} INFO - [2023-06-11T00:35:38.644+0200] {dag.py:3324} INFO - Setting next_dagrun for example_python_operator to None, run_after=None
[2023-06-11T00:35:38.701+0200] {processor.py:178} INFO - Processing /home/nanah/airflow_venv/lib/python3.10/site-packages/airflow/example_dags/example_python_operator.py took 0.380 seconds
[2023-06-11T00:36:22.423+0200] {processor.py:156} INFO - Started process (PID=5452) to work on /home/nanah/airflow_venv/lib/python3.10/site-packages/airflow/example_dags/example_python_operator.py
[2023-06-11T00:36:22.429+0200] {processor.py:758} INFO - Processing file /home/nanah/airflow_venv/lib/python3.10/site-packages/airflow/example_dags/example_python_operator.py for tasks to queue
[2023-06-11T00:36:22.430+0200] {logging_mixin.py:117} INFO - [2023-06-11T00:36:22.430+0200] {dagbag.py:525} INFO - Filling up the DagBag from /home/nanah/airflow_venv/lib/python3.10/site-packages/airflow/example_dags/example_python_operator.py
[2023-06-11T00:36:22.609+0200] {logging_mixin.py:117} INFO - [2023-06-11T00:36:22.609+0200] {example_python_operator.py:85} WARNING - The virtalenv_python example task requires virtualenv, please install it.
[2023-06-11T00:36:22.622+0200] {processor.py:768} INFO - DAG(s) dict_keys(['example_python_operator']) retrieved from /home/nanah/airflow_venv/lib/python3.10/site-packages/airflow/example_dags/example_python_operator.py
[2023-06-11T00:36:22.678+0200] {logging_mixin.py:117} INFO - [2023-06-11T00:36:22.677+0200] {dag.py:2573} INFO - Sync 1 DAGs
[2023-06-11T00:36:22.717+0200] {logging_mixin.py:117} INFO - [2023-06-11T00:36:22.716+0200] {dag.py:3324} INFO - Setting next_dagrun for example_python_operator to None, run_after=None
[2023-06-11T00:36:22.765+0200] {processor.py:178} INFO - Processing /home/nanah/airflow_venv/lib/python3.10/site-packages/airflow/example_dags/example_python_operator.py took 0.353 seconds
[2023-06-11T00:37:07.682+0200] {processor.py:156} INFO - Started process (PID=5486) to work on /home/nanah/airflow_venv/lib/python3.10/site-packages/airflow/example_dags/example_python_operator.py
[2023-06-11T00:37:07.693+0200] {processor.py:758} INFO - Processing file /home/nanah/airflow_venv/lib/python3.10/site-packages/airflow/example_dags/example_python_operator.py for tasks to queue
[2023-06-11T00:37:07.695+0200] {logging_mixin.py:117} INFO - [2023-06-11T00:37:07.695+0200] {dagbag.py:525} INFO - Filling up the DagBag from /home/nanah/airflow_venv/lib/python3.10/site-packages/airflow/example_dags/example_python_operator.py
[2023-06-11T00:37:07.904+0200] {logging_mixin.py:117} INFO - [2023-06-11T00:37:07.904+0200] {example_python_operator.py:85} WARNING - The virtalenv_python example task requires virtualenv, please install it.
[2023-06-11T00:37:07.920+0200] {processor.py:768} INFO - DAG(s) dict_keys(['example_python_operator']) retrieved from /home/nanah/airflow_venv/lib/python3.10/site-packages/airflow/example_dags/example_python_operator.py
[2023-06-11T00:37:07.994+0200] {logging_mixin.py:117} INFO - [2023-06-11T00:37:07.993+0200] {dag.py:2573} INFO - Sync 1 DAGs
[2023-06-11T00:37:08.043+0200] {logging_mixin.py:117} INFO - [2023-06-11T00:37:08.042+0200] {dag.py:3324} INFO - Setting next_dagrun for example_python_operator to None, run_after=None
[2023-06-11T00:37:08.097+0200] {processor.py:178} INFO - Processing /home/nanah/airflow_venv/lib/python3.10/site-packages/airflow/example_dags/example_python_operator.py took 0.422 seconds
[2023-06-11T00:37:59.085+0200] {processor.py:156} INFO - Started process (PID=5520) to work on /home/nanah/airflow_venv/lib/python3.10/site-packages/airflow/example_dags/example_python_operator.py
[2023-06-11T00:37:59.101+0200] {processor.py:758} INFO - Processing file /home/nanah/airflow_venv/lib/python3.10/site-packages/airflow/example_dags/example_python_operator.py for tasks to queue
[2023-06-11T00:37:59.114+0200] {logging_mixin.py:117} INFO - [2023-06-11T00:37:59.113+0200] {dagbag.py:525} INFO - Filling up the DagBag from /home/nanah/airflow_venv/lib/python3.10/site-packages/airflow/example_dags/example_python_operator.py
[2023-06-11T00:37:59.827+0200] {logging_mixin.py:117} INFO - [2023-06-11T00:37:59.826+0200] {example_python_operator.py:85} WARNING - The virtalenv_python example task requires virtualenv, please install it.
[2023-06-11T00:37:59.886+0200] {processor.py:768} INFO - DAG(s) dict_keys(['example_python_operator']) retrieved from /home/nanah/airflow_venv/lib/python3.10/site-packages/airflow/example_dags/example_python_operator.py
[2023-06-11T00:38:00.127+0200] {logging_mixin.py:117} INFO - [2023-06-11T00:38:00.126+0200] {dag.py:2573} INFO - Sync 1 DAGs
[2023-06-11T00:38:00.284+0200] {logging_mixin.py:117} INFO - [2023-06-11T00:38:00.283+0200] {dag.py:3324} INFO - Setting next_dagrun for example_python_operator to None, run_after=None
[2023-06-11T00:38:00.418+0200] {processor.py:178} INFO - Processing /home/nanah/airflow_venv/lib/python3.10/site-packages/airflow/example_dags/example_python_operator.py took 1.368 seconds
[2023-06-11T00:38:44.301+0200] {processor.py:156} INFO - Started process (PID=5556) to work on /home/nanah/airflow_venv/lib/python3.10/site-packages/airflow/example_dags/example_python_operator.py
[2023-06-11T00:38:44.306+0200] {processor.py:758} INFO - Processing file /home/nanah/airflow_venv/lib/python3.10/site-packages/airflow/example_dags/example_python_operator.py for tasks to queue
[2023-06-11T00:38:44.314+0200] {logging_mixin.py:117} INFO - [2023-06-11T00:38:44.314+0200] {dagbag.py:525} INFO - Filling up the DagBag from /home/nanah/airflow_venv/lib/python3.10/site-packages/airflow/example_dags/example_python_operator.py
[2023-06-11T00:38:44.602+0200] {logging_mixin.py:117} INFO - [2023-06-11T00:38:44.601+0200] {example_python_operator.py:85} WARNING - The virtalenv_python example task requires virtualenv, please install it.
[2023-06-11T00:38:44.620+0200] {processor.py:768} INFO - DAG(s) dict_keys(['example_python_operator']) retrieved from /home/nanah/airflow_venv/lib/python3.10/site-packages/airflow/example_dags/example_python_operator.py
[2023-06-11T00:38:44.717+0200] {logging_mixin.py:117} INFO - [2023-06-11T00:38:44.716+0200] {dag.py:2573} INFO - Sync 1 DAGs
[2023-06-11T00:38:44.793+0200] {logging_mixin.py:117} INFO - [2023-06-11T00:38:44.793+0200] {dag.py:3324} INFO - Setting next_dagrun for example_python_operator to None, run_after=None
[2023-06-11T00:38:44.919+0200] {processor.py:178} INFO - Processing /home/nanah/airflow_venv/lib/python3.10/site-packages/airflow/example_dags/example_python_operator.py took 0.634 seconds
[2023-06-11T00:39:26.505+0200] {processor.py:156} INFO - Started process (PID=5589) to work on /home/nanah/airflow_venv/lib/python3.10/site-packages/airflow/example_dags/example_python_operator.py
[2023-06-11T00:39:26.510+0200] {processor.py:758} INFO - Processing file /home/nanah/airflow_venv/lib/python3.10/site-packages/airflow/example_dags/example_python_operator.py for tasks to queue
[2023-06-11T00:39:26.512+0200] {logging_mixin.py:117} INFO - [2023-06-11T00:39:26.511+0200] {dagbag.py:525} INFO - Filling up the DagBag from /home/nanah/airflow_venv/lib/python3.10/site-packages/airflow/example_dags/example_python_operator.py
[2023-06-11T00:39:26.773+0200] {logging_mixin.py:117} INFO - [2023-06-11T00:39:26.773+0200] {example_python_operator.py:85} WARNING - The virtalenv_python example task requires virtualenv, please install it.
[2023-06-11T00:39:26.800+0200] {processor.py:768} INFO - DAG(s) dict_keys(['example_python_operator']) retrieved from /home/nanah/airflow_venv/lib/python3.10/site-packages/airflow/example_dags/example_python_operator.py
[2023-06-11T00:39:26.943+0200] {logging_mixin.py:117} INFO - [2023-06-11T00:39:26.942+0200] {dag.py:2573} INFO - Sync 1 DAGs
[2023-06-11T00:39:27.085+0200] {logging_mixin.py:117} INFO - [2023-06-11T00:39:27.084+0200] {dag.py:3324} INFO - Setting next_dagrun for example_python_operator to None, run_after=None
[2023-06-11T00:39:27.189+0200] {processor.py:178} INFO - Processing /home/nanah/airflow_venv/lib/python3.10/site-packages/airflow/example_dags/example_python_operator.py took 0.697 seconds
[2023-06-11T00:40:09.319+0200] {processor.py:156} INFO - Started process (PID=5623) to work on /home/nanah/airflow_venv/lib/python3.10/site-packages/airflow/example_dags/example_python_operator.py
[2023-06-11T00:40:09.329+0200] {processor.py:758} INFO - Processing file /home/nanah/airflow_venv/lib/python3.10/site-packages/airflow/example_dags/example_python_operator.py for tasks to queue
[2023-06-11T00:40:09.333+0200] {logging_mixin.py:117} INFO - [2023-06-11T00:40:09.330+0200] {dagbag.py:525} INFO - Filling up the DagBag from /home/nanah/airflow_venv/lib/python3.10/site-packages/airflow/example_dags/example_python_operator.py
[2023-06-11T00:40:09.574+0200] {logging_mixin.py:117} INFO - [2023-06-11T00:40:09.573+0200] {example_python_operator.py:85} WARNING - The virtalenv_python example task requires virtualenv, please install it.
[2023-06-11T00:40:09.589+0200] {processor.py:768} INFO - DAG(s) dict_keys(['example_python_operator']) retrieved from /home/nanah/airflow_venv/lib/python3.10/site-packages/airflow/example_dags/example_python_operator.py
[2023-06-11T00:40:09.653+0200] {logging_mixin.py:117} INFO - [2023-06-11T00:40:09.653+0200] {dag.py:2573} INFO - Sync 1 DAGs
[2023-06-11T00:40:09.705+0200] {logging_mixin.py:117} INFO - [2023-06-11T00:40:09.705+0200] {dag.py:3324} INFO - Setting next_dagrun for example_python_operator to None, run_after=None
[2023-06-11T00:40:09.772+0200] {processor.py:178} INFO - Processing /home/nanah/airflow_venv/lib/python3.10/site-packages/airflow/example_dags/example_python_operator.py took 0.471 seconds
[2023-06-11T00:40:54.747+0200] {processor.py:156} INFO - Started process (PID=5657) to work on /home/nanah/airflow_venv/lib/python3.10/site-packages/airflow/example_dags/example_python_operator.py
[2023-06-11T00:40:54.752+0200] {processor.py:758} INFO - Processing file /home/nanah/airflow_venv/lib/python3.10/site-packages/airflow/example_dags/example_python_operator.py for tasks to queue
[2023-06-11T00:40:54.754+0200] {logging_mixin.py:117} INFO - [2023-06-11T00:40:54.753+0200] {dagbag.py:525} INFO - Filling up the DagBag from /home/nanah/airflow_venv/lib/python3.10/site-packages/airflow/example_dags/example_python_operator.py
[2023-06-11T00:40:54.948+0200] {logging_mixin.py:117} INFO - [2023-06-11T00:40:54.947+0200] {example_python_operator.py:85} WARNING - The virtalenv_python example task requires virtualenv, please install it.
[2023-06-11T00:40:54.962+0200] {processor.py:768} INFO - DAG(s) dict_keys(['example_python_operator']) retrieved from /home/nanah/airflow_venv/lib/python3.10/site-packages/airflow/example_dags/example_python_operator.py
[2023-06-11T00:40:55.015+0200] {logging_mixin.py:117} INFO - [2023-06-11T00:40:55.015+0200] {dag.py:2573} INFO - Sync 1 DAGs
[2023-06-11T00:40:55.058+0200] {logging_mixin.py:117} INFO - [2023-06-11T00:40:55.058+0200] {dag.py:3324} INFO - Setting next_dagrun for example_python_operator to None, run_after=None
[2023-06-11T00:40:55.109+0200] {processor.py:178} INFO - Processing /home/nanah/airflow_venv/lib/python3.10/site-packages/airflow/example_dags/example_python_operator.py took 0.372 seconds
[2023-06-11T00:41:37.399+0200] {processor.py:156} INFO - Started process (PID=5691) to work on /home/nanah/airflow_venv/lib/python3.10/site-packages/airflow/example_dags/example_python_operator.py
[2023-06-11T00:41:37.410+0200] {processor.py:758} INFO - Processing file /home/nanah/airflow_venv/lib/python3.10/site-packages/airflow/example_dags/example_python_operator.py for tasks to queue
[2023-06-11T00:41:37.411+0200] {logging_mixin.py:117} INFO - [2023-06-11T00:41:37.411+0200] {dagbag.py:525} INFO - Filling up the DagBag from /home/nanah/airflow_venv/lib/python3.10/site-packages/airflow/example_dags/example_python_operator.py
[2023-06-11T00:41:37.641+0200] {logging_mixin.py:117} INFO - [2023-06-11T00:41:37.641+0200] {example_python_operator.py:85} WARNING - The virtalenv_python example task requires virtualenv, please install it.
[2023-06-11T00:41:37.657+0200] {processor.py:768} INFO - DAG(s) dict_keys(['example_python_operator']) retrieved from /home/nanah/airflow_venv/lib/python3.10/site-packages/airflow/example_dags/example_python_operator.py
[2023-06-11T00:41:37.721+0200] {logging_mixin.py:117} INFO - [2023-06-11T00:41:37.720+0200] {dag.py:2573} INFO - Sync 1 DAGs
[2023-06-11T00:41:37.767+0200] {logging_mixin.py:117} INFO - [2023-06-11T00:41:37.766+0200] {dag.py:3324} INFO - Setting next_dagrun for example_python_operator to None, run_after=None
[2023-06-11T00:41:37.818+0200] {processor.py:178} INFO - Processing /home/nanah/airflow_venv/lib/python3.10/site-packages/airflow/example_dags/example_python_operator.py took 0.428 seconds
[2023-06-11T00:42:24.392+0200] {processor.py:156} INFO - Started process (PID=5729) to work on /home/nanah/airflow_venv/lib/python3.10/site-packages/airflow/example_dags/example_python_operator.py
[2023-06-11T00:42:24.404+0200] {processor.py:758} INFO - Processing file /home/nanah/airflow_venv/lib/python3.10/site-packages/airflow/example_dags/example_python_operator.py for tasks to queue
[2023-06-11T00:42:24.406+0200] {logging_mixin.py:117} INFO - [2023-06-11T00:42:24.405+0200] {dagbag.py:525} INFO - Filling up the DagBag from /home/nanah/airflow_venv/lib/python3.10/site-packages/airflow/example_dags/example_python_operator.py
[2023-06-11T00:42:24.717+0200] {logging_mixin.py:117} INFO - [2023-06-11T00:42:24.716+0200] {example_python_operator.py:85} WARNING - The virtalenv_python example task requires virtualenv, please install it.
[2023-06-11T00:42:24.742+0200] {processor.py:768} INFO - DAG(s) dict_keys(['example_python_operator']) retrieved from /home/nanah/airflow_venv/lib/python3.10/site-packages/airflow/example_dags/example_python_operator.py
[2023-06-11T00:42:24.851+0200] {logging_mixin.py:117} INFO - [2023-06-11T00:42:24.850+0200] {dag.py:2573} INFO - Sync 1 DAGs
[2023-06-11T00:42:24.937+0200] {logging_mixin.py:117} INFO - [2023-06-11T00:42:24.937+0200] {dag.py:3324} INFO - Setting next_dagrun for example_python_operator to None, run_after=None
[2023-06-11T00:42:25.033+0200] {processor.py:178} INFO - Processing /home/nanah/airflow_venv/lib/python3.10/site-packages/airflow/example_dags/example_python_operator.py took 0.660 seconds
[2023-06-11T00:43:12.747+0200] {processor.py:156} INFO - Started process (PID=5763) to work on /home/nanah/airflow_venv/lib/python3.10/site-packages/airflow/example_dags/example_python_operator.py
[2023-06-11T00:43:12.753+0200] {processor.py:758} INFO - Processing file /home/nanah/airflow_venv/lib/python3.10/site-packages/airflow/example_dags/example_python_operator.py for tasks to queue
[2023-06-11T00:43:12.754+0200] {logging_mixin.py:117} INFO - [2023-06-11T00:43:12.754+0200] {dagbag.py:525} INFO - Filling up the DagBag from /home/nanah/airflow_venv/lib/python3.10/site-packages/airflow/example_dags/example_python_operator.py
[2023-06-11T00:43:12.973+0200] {logging_mixin.py:117} INFO - [2023-06-11T00:43:12.972+0200] {example_python_operator.py:85} WARNING - The virtalenv_python example task requires virtualenv, please install it.
[2023-06-11T00:43:12.989+0200] {processor.py:768} INFO - DAG(s) dict_keys(['example_python_operator']) retrieved from /home/nanah/airflow_venv/lib/python3.10/site-packages/airflow/example_dags/example_python_operator.py
[2023-06-11T00:43:13.054+0200] {logging_mixin.py:117} INFO - [2023-06-11T00:43:13.054+0200] {dag.py:2573} INFO - Sync 1 DAGs
[2023-06-11T00:43:13.111+0200] {logging_mixin.py:117} INFO - [2023-06-11T00:43:13.111+0200] {dag.py:3324} INFO - Setting next_dagrun for example_python_operator to None, run_after=None
[2023-06-11T00:43:13.164+0200] {processor.py:178} INFO - Processing /home/nanah/airflow_venv/lib/python3.10/site-packages/airflow/example_dags/example_python_operator.py took 0.437 seconds
[2023-06-11T00:43:56.230+0200] {processor.py:156} INFO - Started process (PID=5797) to work on /home/nanah/airflow_venv/lib/python3.10/site-packages/airflow/example_dags/example_python_operator.py
[2023-06-11T00:43:56.232+0200] {processor.py:758} INFO - Processing file /home/nanah/airflow_venv/lib/python3.10/site-packages/airflow/example_dags/example_python_operator.py for tasks to queue
[2023-06-11T00:43:56.234+0200] {logging_mixin.py:117} INFO - [2023-06-11T00:43:56.233+0200] {dagbag.py:525} INFO - Filling up the DagBag from /home/nanah/airflow_venv/lib/python3.10/site-packages/airflow/example_dags/example_python_operator.py
[2023-06-11T00:43:56.453+0200] {logging_mixin.py:117} INFO - [2023-06-11T00:43:56.453+0200] {example_python_operator.py:85} WARNING - The virtalenv_python example task requires virtualenv, please install it.
[2023-06-11T00:43:56.473+0200] {processor.py:768} INFO - DAG(s) dict_keys(['example_python_operator']) retrieved from /home/nanah/airflow_venv/lib/python3.10/site-packages/airflow/example_dags/example_python_operator.py
[2023-06-11T00:43:56.536+0200] {logging_mixin.py:117} INFO - [2023-06-11T00:43:56.535+0200] {dag.py:2573} INFO - Sync 1 DAGs
[2023-06-11T00:43:56.583+0200] {logging_mixin.py:117} INFO - [2023-06-11T00:43:56.582+0200] {dag.py:3324} INFO - Setting next_dagrun for example_python_operator to None, run_after=None
[2023-06-11T00:43:56.631+0200] {processor.py:178} INFO - Processing /home/nanah/airflow_venv/lib/python3.10/site-packages/airflow/example_dags/example_python_operator.py took 0.412 seconds
[2023-06-11T00:44:45.916+0200] {processor.py:156} INFO - Started process (PID=5831) to work on /home/nanah/airflow_venv/lib/python3.10/site-packages/airflow/example_dags/example_python_operator.py
[2023-06-11T00:44:45.924+0200] {processor.py:758} INFO - Processing file /home/nanah/airflow_venv/lib/python3.10/site-packages/airflow/example_dags/example_python_operator.py for tasks to queue
[2023-06-11T00:44:45.925+0200] {logging_mixin.py:117} INFO - [2023-06-11T00:44:45.925+0200] {dagbag.py:525} INFO - Filling up the DagBag from /home/nanah/airflow_venv/lib/python3.10/site-packages/airflow/example_dags/example_python_operator.py
[2023-06-11T00:44:46.147+0200] {logging_mixin.py:117} INFO - [2023-06-11T00:44:46.147+0200] {example_python_operator.py:85} WARNING - The virtalenv_python example task requires virtualenv, please install it.
[2023-06-11T00:44:46.164+0200] {processor.py:768} INFO - DAG(s) dict_keys(['example_python_operator']) retrieved from /home/nanah/airflow_venv/lib/python3.10/site-packages/airflow/example_dags/example_python_operator.py
[2023-06-11T00:44:46.233+0200] {logging_mixin.py:117} INFO - [2023-06-11T00:44:46.233+0200] {dag.py:2573} INFO - Sync 1 DAGs
[2023-06-11T00:44:46.285+0200] {logging_mixin.py:117} INFO - [2023-06-11T00:44:46.285+0200] {dag.py:3324} INFO - Setting next_dagrun for example_python_operator to None, run_after=None
[2023-06-11T00:44:46.348+0200] {processor.py:178} INFO - Processing /home/nanah/airflow_venv/lib/python3.10/site-packages/airflow/example_dags/example_python_operator.py took 0.440 seconds
[2023-06-11T00:45:34.212+0200] {processor.py:156} INFO - Started process (PID=5866) to work on /home/nanah/airflow_venv/lib/python3.10/site-packages/airflow/example_dags/example_python_operator.py
[2023-06-11T00:45:34.217+0200] {processor.py:758} INFO - Processing file /home/nanah/airflow_venv/lib/python3.10/site-packages/airflow/example_dags/example_python_operator.py for tasks to queue
[2023-06-11T00:45:34.226+0200] {logging_mixin.py:117} INFO - [2023-06-11T00:45:34.225+0200] {dagbag.py:525} INFO - Filling up the DagBag from /home/nanah/airflow_venv/lib/python3.10/site-packages/airflow/example_dags/example_python_operator.py
[2023-06-11T00:45:34.544+0200] {logging_mixin.py:117} INFO - [2023-06-11T00:45:34.544+0200] {example_python_operator.py:85} WARNING - The virtalenv_python example task requires virtualenv, please install it.
[2023-06-11T00:45:34.575+0200] {processor.py:768} INFO - DAG(s) dict_keys(['example_python_operator']) retrieved from /home/nanah/airflow_venv/lib/python3.10/site-packages/airflow/example_dags/example_python_operator.py
[2023-06-11T00:45:34.709+0200] {logging_mixin.py:117} INFO - [2023-06-11T00:45:34.708+0200] {dag.py:2573} INFO - Sync 1 DAGs
[2023-06-11T00:45:34.805+0200] {logging_mixin.py:117} INFO - [2023-06-11T00:45:34.804+0200] {dag.py:3324} INFO - Setting next_dagrun for example_python_operator to None, run_after=None
[2023-06-11T00:45:35.287+0200] {processor.py:178} INFO - Processing /home/nanah/airflow_venv/lib/python3.10/site-packages/airflow/example_dags/example_python_operator.py took 1.087 seconds
