[2023-06-11T00:12:15.757+0200] {processor.py:156} INFO - Started process (PID=4618) to work on /home/nanah/airflow_venv/lib/python3.10/site-packages/airflow/example_dags/example_dag_decorator.py
[2023-06-11T00:12:15.760+0200] {processor.py:758} INFO - Processing file /home/nanah/airflow_venv/lib/python3.10/site-packages/airflow/example_dags/example_dag_decorator.py for tasks to queue
[2023-06-11T00:12:15.761+0200] {logging_mixin.py:117} INFO - [2023-06-11T00:12:15.761+0200] {dagbag.py:525} INFO - Filling up the DagBag from /home/nanah/airflow_venv/lib/python3.10/site-packages/airflow/example_dags/example_dag_decorator.py
[2023-06-11T00:12:15.963+0200] {processor.py:768} INFO - DAG(s) dict_keys(['example_dag_decorator']) retrieved from /home/nanah/airflow_venv/lib/python3.10/site-packages/airflow/example_dags/example_dag_decorator.py
[2023-06-11T00:12:16.384+0200] {logging_mixin.py:117} INFO - [2023-06-11T00:12:16.383+0200] {dag.py:2573} INFO - Sync 1 DAGs
[2023-06-11T00:12:16.474+0200] {logging_mixin.py:117} INFO - [2023-06-11T00:12:16.474+0200] {dag.py:3324} INFO - Setting next_dagrun for example_dag_decorator to None, run_after=None
[2023-06-11T00:12:16.567+0200] {processor.py:178} INFO - Processing /home/nanah/airflow_venv/lib/python3.10/site-packages/airflow/example_dags/example_dag_decorator.py took 0.819 seconds
[2023-06-11T00:13:23.900+0200] {processor.py:156} INFO - Started process (PID=4655) to work on /home/nanah/airflow_venv/lib/python3.10/site-packages/airflow/example_dags/example_dag_decorator.py
[2023-06-11T00:13:23.916+0200] {processor.py:758} INFO - Processing file /home/nanah/airflow_venv/lib/python3.10/site-packages/airflow/example_dags/example_dag_decorator.py for tasks to queue
[2023-06-11T00:13:23.917+0200] {logging_mixin.py:117} INFO - [2023-06-11T00:13:23.917+0200] {dagbag.py:525} INFO - Filling up the DagBag from /home/nanah/airflow_venv/lib/python3.10/site-packages/airflow/example_dags/example_dag_decorator.py
[2023-06-11T00:13:24.199+0200] {processor.py:768} INFO - DAG(s) dict_keys(['example_dag_decorator']) retrieved from /home/nanah/airflow_venv/lib/python3.10/site-packages/airflow/example_dags/example_dag_decorator.py
[2023-06-11T00:13:24.926+0200] {logging_mixin.py:117} INFO - [2023-06-11T00:13:24.926+0200] {dag.py:2573} INFO - Sync 1 DAGs
[2023-06-11T00:13:25.189+0200] {logging_mixin.py:117} INFO - [2023-06-11T00:13:25.189+0200] {dag.py:3324} INFO - Setting next_dagrun for example_dag_decorator to None, run_after=None
[2023-06-11T00:13:26.387+0200] {processor.py:178} INFO - Processing /home/nanah/airflow_venv/lib/python3.10/site-packages/airflow/example_dags/example_dag_decorator.py took 2.500 seconds
[2023-06-11T00:14:36.834+0200] {processor.py:156} INFO - Started process (PID=4691) to work on /home/nanah/airflow_venv/lib/python3.10/site-packages/airflow/example_dags/example_dag_decorator.py
[2023-06-11T00:14:36.837+0200] {processor.py:758} INFO - Processing file /home/nanah/airflow_venv/lib/python3.10/site-packages/airflow/example_dags/example_dag_decorator.py for tasks to queue
[2023-06-11T00:14:36.839+0200] {logging_mixin.py:117} INFO - [2023-06-11T00:14:36.838+0200] {dagbag.py:525} INFO - Filling up the DagBag from /home/nanah/airflow_venv/lib/python3.10/site-packages/airflow/example_dags/example_dag_decorator.py
[2023-06-11T00:14:36.965+0200] {processor.py:768} INFO - DAG(s) dict_keys(['example_dag_decorator']) retrieved from /home/nanah/airflow_venv/lib/python3.10/site-packages/airflow/example_dags/example_dag_decorator.py
[2023-06-11T00:14:37.266+0200] {logging_mixin.py:117} INFO - [2023-06-11T00:14:37.266+0200] {dag.py:2573} INFO - Sync 1 DAGs
[2023-06-11T00:14:37.319+0200] {logging_mixin.py:117} INFO - [2023-06-11T00:14:37.319+0200] {dag.py:3324} INFO - Setting next_dagrun for example_dag_decorator to None, run_after=None
[2023-06-11T00:14:37.379+0200] {processor.py:178} INFO - Processing /home/nanah/airflow_venv/lib/python3.10/site-packages/airflow/example_dags/example_dag_decorator.py took 0.552 seconds
[2023-06-11T00:16:15.565+0200] {processor.py:156} INFO - Started process (PID=4740) to work on /home/nanah/airflow_venv/lib/python3.10/site-packages/airflow/example_dags/example_dag_decorator.py
[2023-06-11T00:16:15.577+0200] {processor.py:758} INFO - Processing file /home/nanah/airflow_venv/lib/python3.10/site-packages/airflow/example_dags/example_dag_decorator.py for tasks to queue
[2023-06-11T00:16:15.580+0200] {logging_mixin.py:117} INFO - [2023-06-11T00:16:15.579+0200] {dagbag.py:525} INFO - Filling up the DagBag from /home/nanah/airflow_venv/lib/python3.10/site-packages/airflow/example_dags/example_dag_decorator.py
[2023-06-11T00:16:15.760+0200] {processor.py:768} INFO - DAG(s) dict_keys(['example_dag_decorator']) retrieved from /home/nanah/airflow_venv/lib/python3.10/site-packages/airflow/example_dags/example_dag_decorator.py
[2023-06-11T00:16:16.145+0200] {logging_mixin.py:117} INFO - [2023-06-11T00:16:16.144+0200] {dag.py:2573} INFO - Sync 1 DAGs
[2023-06-11T00:16:16.276+0200] {logging_mixin.py:117} INFO - [2023-06-11T00:16:16.275+0200] {dag.py:3324} INFO - Setting next_dagrun for example_dag_decorator to None, run_after=None
[2023-06-11T00:16:16.412+0200] {processor.py:178} INFO - Processing /home/nanah/airflow_venv/lib/python3.10/site-packages/airflow/example_dags/example_dag_decorator.py took 0.957 seconds
[2023-06-11T00:17:09.487+0200] {processor.py:156} INFO - Started process (PID=4781) to work on /home/nanah/airflow_venv/lib/python3.10/site-packages/airflow/example_dags/example_dag_decorator.py
[2023-06-11T00:17:09.492+0200] {processor.py:758} INFO - Processing file /home/nanah/airflow_venv/lib/python3.10/site-packages/airflow/example_dags/example_dag_decorator.py for tasks to queue
[2023-06-11T00:17:09.493+0200] {logging_mixin.py:117} INFO - [2023-06-11T00:17:09.493+0200] {dagbag.py:525} INFO - Filling up the DagBag from /home/nanah/airflow_venv/lib/python3.10/site-packages/airflow/example_dags/example_dag_decorator.py
[2023-06-11T00:17:09.569+0200] {processor.py:768} INFO - DAG(s) dict_keys(['example_dag_decorator']) retrieved from /home/nanah/airflow_venv/lib/python3.10/site-packages/airflow/example_dags/example_dag_decorator.py
[2023-06-11T00:17:09.705+0200] {logging_mixin.py:117} INFO - [2023-06-11T00:17:09.705+0200] {dag.py:2573} INFO - Sync 1 DAGs
[2023-06-11T00:17:09.761+0200] {logging_mixin.py:117} INFO - [2023-06-11T00:17:09.760+0200] {dag.py:3324} INFO - Setting next_dagrun for example_dag_decorator to None, run_after=None
[2023-06-11T00:17:09.826+0200] {processor.py:178} INFO - Processing /home/nanah/airflow_venv/lib/python3.10/site-packages/airflow/example_dags/example_dag_decorator.py took 0.351 seconds
[2023-06-11T00:17:59.708+0200] {processor.py:156} INFO - Started process (PID=4816) to work on /home/nanah/airflow_venv/lib/python3.10/site-packages/airflow/example_dags/example_dag_decorator.py
[2023-06-11T00:17:59.712+0200] {processor.py:758} INFO - Processing file /home/nanah/airflow_venv/lib/python3.10/site-packages/airflow/example_dags/example_dag_decorator.py for tasks to queue
[2023-06-11T00:17:59.713+0200] {logging_mixin.py:117} INFO - [2023-06-11T00:17:59.713+0200] {dagbag.py:525} INFO - Filling up the DagBag from /home/nanah/airflow_venv/lib/python3.10/site-packages/airflow/example_dags/example_dag_decorator.py
[2023-06-11T00:17:59.780+0200] {processor.py:768} INFO - DAG(s) dict_keys(['example_dag_decorator']) retrieved from /home/nanah/airflow_venv/lib/python3.10/site-packages/airflow/example_dags/example_dag_decorator.py
[2023-06-11T00:17:59.904+0200] {logging_mixin.py:117} INFO - [2023-06-11T00:17:59.903+0200] {dag.py:2573} INFO - Sync 1 DAGs
[2023-06-11T00:17:59.948+0200] {logging_mixin.py:117} INFO - [2023-06-11T00:17:59.947+0200] {dag.py:3324} INFO - Setting next_dagrun for example_dag_decorator to None, run_after=None
[2023-06-11T00:18:00.003+0200] {processor.py:178} INFO - Processing /home/nanah/airflow_venv/lib/python3.10/site-packages/airflow/example_dags/example_dag_decorator.py took 0.301 seconds
[2023-06-11T00:18:44.423+0200] {processor.py:156} INFO - Started process (PID=4851) to work on /home/nanah/airflow_venv/lib/python3.10/site-packages/airflow/example_dags/example_dag_decorator.py
[2023-06-11T00:18:44.427+0200] {processor.py:758} INFO - Processing file /home/nanah/airflow_venv/lib/python3.10/site-packages/airflow/example_dags/example_dag_decorator.py for tasks to queue
[2023-06-11T00:18:44.429+0200] {logging_mixin.py:117} INFO - [2023-06-11T00:18:44.428+0200] {dagbag.py:525} INFO - Filling up the DagBag from /home/nanah/airflow_venv/lib/python3.10/site-packages/airflow/example_dags/example_dag_decorator.py
[2023-06-11T00:18:44.495+0200] {processor.py:768} INFO - DAG(s) dict_keys(['example_dag_decorator']) retrieved from /home/nanah/airflow_venv/lib/python3.10/site-packages/airflow/example_dags/example_dag_decorator.py
[2023-06-11T00:18:44.615+0200] {logging_mixin.py:117} INFO - [2023-06-11T00:18:44.615+0200] {dag.py:2573} INFO - Sync 1 DAGs
[2023-06-11T00:18:44.655+0200] {logging_mixin.py:117} INFO - [2023-06-11T00:18:44.655+0200] {dag.py:3324} INFO - Setting next_dagrun for example_dag_decorator to None, run_after=None
[2023-06-11T00:18:44.712+0200] {processor.py:178} INFO - Processing /home/nanah/airflow_venv/lib/python3.10/site-packages/airflow/example_dags/example_dag_decorator.py took 0.296 seconds
[2023-06-11T00:19:40.490+0200] {processor.py:156} INFO - Started process (PID=4886) to work on /home/nanah/airflow_venv/lib/python3.10/site-packages/airflow/example_dags/example_dag_decorator.py
[2023-06-11T00:19:40.548+0200] {processor.py:758} INFO - Processing file /home/nanah/airflow_venv/lib/python3.10/site-packages/airflow/example_dags/example_dag_decorator.py for tasks to queue
[2023-06-11T00:19:40.550+0200] {logging_mixin.py:117} INFO - [2023-06-11T00:19:40.550+0200] {dagbag.py:525} INFO - Filling up the DagBag from /home/nanah/airflow_venv/lib/python3.10/site-packages/airflow/example_dags/example_dag_decorator.py
[2023-06-11T00:19:40.850+0200] {processor.py:768} INFO - DAG(s) dict_keys(['example_dag_decorator']) retrieved from /home/nanah/airflow_venv/lib/python3.10/site-packages/airflow/example_dags/example_dag_decorator.py
[2023-06-11T00:19:41.005+0200] {logging_mixin.py:117} INFO - [2023-06-11T00:19:41.005+0200] {dag.py:2573} INFO - Sync 1 DAGs
[2023-06-11T00:19:41.053+0200] {logging_mixin.py:117} INFO - [2023-06-11T00:19:41.052+0200] {dag.py:3324} INFO - Setting next_dagrun for example_dag_decorator to None, run_after=None
[2023-06-11T00:20:00.102+0200] {processor.py:178} INFO - Processing /home/nanah/airflow_venv/lib/python3.10/site-packages/airflow/example_dags/example_dag_decorator.py took 19.629 seconds
[2023-06-11T00:21:03.335+0200] {processor.py:156} INFO - Started process (PID=4930) to work on /home/nanah/airflow_venv/lib/python3.10/site-packages/airflow/example_dags/example_dag_decorator.py
[2023-06-11T00:21:03.341+0200] {processor.py:758} INFO - Processing file /home/nanah/airflow_venv/lib/python3.10/site-packages/airflow/example_dags/example_dag_decorator.py for tasks to queue
[2023-06-11T00:21:03.343+0200] {logging_mixin.py:117} INFO - [2023-06-11T00:21:03.343+0200] {dagbag.py:525} INFO - Filling up the DagBag from /home/nanah/airflow_venv/lib/python3.10/site-packages/airflow/example_dags/example_dag_decorator.py
[2023-06-11T00:21:03.497+0200] {processor.py:768} INFO - DAG(s) dict_keys(['example_dag_decorator']) retrieved from /home/nanah/airflow_venv/lib/python3.10/site-packages/airflow/example_dags/example_dag_decorator.py
[2023-06-11T00:21:03.700+0200] {logging_mixin.py:117} INFO - [2023-06-11T00:21:03.700+0200] {dag.py:2573} INFO - Sync 1 DAGs
[2023-06-11T00:21:04.867+0200] {logging_mixin.py:117} INFO - [2023-06-11T00:21:04.866+0200] {dag.py:3324} INFO - Setting next_dagrun for example_dag_decorator to None, run_after=None
[2023-06-11T00:21:04.949+0200] {processor.py:178} INFO - Processing /home/nanah/airflow_venv/lib/python3.10/site-packages/airflow/example_dags/example_dag_decorator.py took 1.621 seconds
[2023-06-11T00:22:15.226+0200] {processor.py:156} INFO - Started process (PID=4967) to work on /home/nanah/airflow_venv/lib/python3.10/site-packages/airflow/example_dags/example_dag_decorator.py
[2023-06-11T00:22:15.230+0200] {processor.py:758} INFO - Processing file /home/nanah/airflow_venv/lib/python3.10/site-packages/airflow/example_dags/example_dag_decorator.py for tasks to queue
[2023-06-11T00:22:15.236+0200] {logging_mixin.py:117} INFO - [2023-06-11T00:22:15.236+0200] {dagbag.py:525} INFO - Filling up the DagBag from /home/nanah/airflow_venv/lib/python3.10/site-packages/airflow/example_dags/example_dag_decorator.py
[2023-06-11T00:22:15.341+0200] {processor.py:768} INFO - DAG(s) dict_keys(['example_dag_decorator']) retrieved from /home/nanah/airflow_venv/lib/python3.10/site-packages/airflow/example_dags/example_dag_decorator.py
[2023-06-11T00:22:15.570+0200] {logging_mixin.py:117} INFO - [2023-06-11T00:22:15.570+0200] {dag.py:2573} INFO - Sync 1 DAGs
[2023-06-11T00:22:16.060+0200] {logging_mixin.py:117} INFO - [2023-06-11T00:22:16.060+0200] {dag.py:3324} INFO - Setting next_dagrun for example_dag_decorator to None, run_after=None
[2023-06-11T00:22:16.295+0200] {processor.py:178} INFO - Processing /home/nanah/airflow_venv/lib/python3.10/site-packages/airflow/example_dags/example_dag_decorator.py took 1.081 seconds
[2023-06-11T00:23:10.055+0200] {processor.py:156} INFO - Started process (PID=5001) to work on /home/nanah/airflow_venv/lib/python3.10/site-packages/airflow/example_dags/example_dag_decorator.py
[2023-06-11T00:23:10.059+0200] {processor.py:758} INFO - Processing file /home/nanah/airflow_venv/lib/python3.10/site-packages/airflow/example_dags/example_dag_decorator.py for tasks to queue
[2023-06-11T00:23:10.060+0200] {logging_mixin.py:117} INFO - [2023-06-11T00:23:10.060+0200] {dagbag.py:525} INFO - Filling up the DagBag from /home/nanah/airflow_venv/lib/python3.10/site-packages/airflow/example_dags/example_dag_decorator.py
[2023-06-11T00:23:10.156+0200] {processor.py:768} INFO - DAG(s) dict_keys(['example_dag_decorator']) retrieved from /home/nanah/airflow_venv/lib/python3.10/site-packages/airflow/example_dags/example_dag_decorator.py
[2023-06-11T00:23:10.373+0200] {logging_mixin.py:117} INFO - [2023-06-11T00:23:10.372+0200] {dag.py:2573} INFO - Sync 1 DAGs
[2023-06-11T00:23:10.817+0200] {logging_mixin.py:117} INFO - [2023-06-11T00:23:10.816+0200] {dag.py:3324} INFO - Setting next_dagrun for example_dag_decorator to None, run_after=None
[2023-06-11T00:23:10.894+0200] {processor.py:178} INFO - Processing /home/nanah/airflow_venv/lib/python3.10/site-packages/airflow/example_dags/example_dag_decorator.py took 0.845 seconds
[2023-06-11T00:24:13.013+0200] {processor.py:156} INFO - Started process (PID=5035) to work on /home/nanah/airflow_venv/lib/python3.10/site-packages/airflow/example_dags/example_dag_decorator.py
[2023-06-11T00:24:13.024+0200] {processor.py:758} INFO - Processing file /home/nanah/airflow_venv/lib/python3.10/site-packages/airflow/example_dags/example_dag_decorator.py for tasks to queue
[2023-06-11T00:24:13.026+0200] {logging_mixin.py:117} INFO - [2023-06-11T00:24:13.026+0200] {dagbag.py:525} INFO - Filling up the DagBag from /home/nanah/airflow_venv/lib/python3.10/site-packages/airflow/example_dags/example_dag_decorator.py
[2023-06-11T00:24:13.170+0200] {processor.py:768} INFO - DAG(s) dict_keys(['example_dag_decorator']) retrieved from /home/nanah/airflow_venv/lib/python3.10/site-packages/airflow/example_dags/example_dag_decorator.py
[2023-06-11T00:24:15.620+0200] {logging_mixin.py:117} INFO - [2023-06-11T00:24:15.619+0200] {dag.py:2573} INFO - Sync 1 DAGs
[2023-06-11T00:24:15.691+0200] {logging_mixin.py:117} INFO - [2023-06-11T00:24:15.690+0200] {dag.py:3324} INFO - Setting next_dagrun for example_dag_decorator to None, run_after=None
[2023-06-11T00:24:15.793+0200] {processor.py:178} INFO - Processing /home/nanah/airflow_venv/lib/python3.10/site-packages/airflow/example_dags/example_dag_decorator.py took 2.798 seconds
[2023-06-11T00:26:02.794+0200] {processor.py:156} INFO - Started process (PID=5072) to work on /home/nanah/airflow_venv/lib/python3.10/site-packages/airflow/example_dags/example_dag_decorator.py
[2023-06-11T00:26:02.798+0200] {processor.py:758} INFO - Processing file /home/nanah/airflow_venv/lib/python3.10/site-packages/airflow/example_dags/example_dag_decorator.py for tasks to queue
[2023-06-11T00:26:02.800+0200] {logging_mixin.py:117} INFO - [2023-06-11T00:26:02.800+0200] {dagbag.py:525} INFO - Filling up the DagBag from /home/nanah/airflow_venv/lib/python3.10/site-packages/airflow/example_dags/example_dag_decorator.py
[2023-06-11T00:26:02.903+0200] {processor.py:768} INFO - DAG(s) dict_keys(['example_dag_decorator']) retrieved from /home/nanah/airflow_venv/lib/python3.10/site-packages/airflow/example_dags/example_dag_decorator.py
[2023-06-11T00:26:03.358+0200] {logging_mixin.py:117} INFO - [2023-06-11T00:26:03.357+0200] {dag.py:2573} INFO - Sync 1 DAGs
[2023-06-11T00:26:03.428+0200] {logging_mixin.py:117} INFO - [2023-06-11T00:26:03.427+0200] {dag.py:3324} INFO - Setting next_dagrun for example_dag_decorator to None, run_after=None
[2023-06-11T00:26:03.495+0200] {processor.py:178} INFO - Processing /home/nanah/airflow_venv/lib/python3.10/site-packages/airflow/example_dags/example_dag_decorator.py took 0.708 seconds
[2023-06-11T00:27:05.375+0200] {processor.py:156} INFO - Started process (PID=5109) to work on /home/nanah/airflow_venv/lib/python3.10/site-packages/airflow/example_dags/example_dag_decorator.py
[2023-06-11T00:27:05.380+0200] {processor.py:758} INFO - Processing file /home/nanah/airflow_venv/lib/python3.10/site-packages/airflow/example_dags/example_dag_decorator.py for tasks to queue
[2023-06-11T00:27:05.381+0200] {logging_mixin.py:117} INFO - [2023-06-11T00:27:05.381+0200] {dagbag.py:525} INFO - Filling up the DagBag from /home/nanah/airflow_venv/lib/python3.10/site-packages/airflow/example_dags/example_dag_decorator.py
[2023-06-11T00:27:05.477+0200] {processor.py:768} INFO - DAG(s) dict_keys(['example_dag_decorator']) retrieved from /home/nanah/airflow_venv/lib/python3.10/site-packages/airflow/example_dags/example_dag_decorator.py
[2023-06-11T00:27:05.917+0200] {logging_mixin.py:117} INFO - [2023-06-11T00:27:05.916+0200] {dag.py:2573} INFO - Sync 1 DAGs
[2023-06-11T00:27:05.974+0200] {logging_mixin.py:117} INFO - [2023-06-11T00:27:05.974+0200] {dag.py:3324} INFO - Setting next_dagrun for example_dag_decorator to None, run_after=None
[2023-06-11T00:27:06.032+0200] {processor.py:178} INFO - Processing /home/nanah/airflow_venv/lib/python3.10/site-packages/airflow/example_dags/example_dag_decorator.py took 0.666 seconds
[2023-06-11T00:28:07.507+0200] {processor.py:156} INFO - Started process (PID=5146) to work on /home/nanah/airflow_venv/lib/python3.10/site-packages/airflow/example_dags/example_dag_decorator.py
[2023-06-11T00:28:07.510+0200] {processor.py:758} INFO - Processing file /home/nanah/airflow_venv/lib/python3.10/site-packages/airflow/example_dags/example_dag_decorator.py for tasks to queue
[2023-06-11T00:28:07.512+0200] {logging_mixin.py:117} INFO - [2023-06-11T00:28:07.512+0200] {dagbag.py:525} INFO - Filling up the DagBag from /home/nanah/airflow_venv/lib/python3.10/site-packages/airflow/example_dags/example_dag_decorator.py
[2023-06-11T00:28:07.613+0200] {processor.py:768} INFO - DAG(s) dict_keys(['example_dag_decorator']) retrieved from /home/nanah/airflow_venv/lib/python3.10/site-packages/airflow/example_dags/example_dag_decorator.py
[2023-06-11T00:28:08.148+0200] {logging_mixin.py:117} INFO - [2023-06-11T00:28:08.148+0200] {dag.py:2573} INFO - Sync 1 DAGs
[2023-06-11T00:28:08.207+0200] {logging_mixin.py:117} INFO - [2023-06-11T00:28:08.206+0200] {dag.py:3324} INFO - Setting next_dagrun for example_dag_decorator to None, run_after=None
[2023-06-11T00:28:08.300+0200] {processor.py:178} INFO - Processing /home/nanah/airflow_venv/lib/python3.10/site-packages/airflow/example_dags/example_dag_decorator.py took 0.808 seconds
[2023-06-11T00:29:02.412+0200] {processor.py:156} INFO - Started process (PID=5180) to work on /home/nanah/airflow_venv/lib/python3.10/site-packages/airflow/example_dags/example_dag_decorator.py
[2023-06-11T00:29:02.422+0200] {processor.py:758} INFO - Processing file /home/nanah/airflow_venv/lib/python3.10/site-packages/airflow/example_dags/example_dag_decorator.py for tasks to queue
[2023-06-11T00:29:02.423+0200] {logging_mixin.py:117} INFO - [2023-06-11T00:29:02.423+0200] {dagbag.py:525} INFO - Filling up the DagBag from /home/nanah/airflow_venv/lib/python3.10/site-packages/airflow/example_dags/example_dag_decorator.py
[2023-06-11T00:29:02.569+0200] {processor.py:768} INFO - DAG(s) dict_keys(['example_dag_decorator']) retrieved from /home/nanah/airflow_venv/lib/python3.10/site-packages/airflow/example_dags/example_dag_decorator.py
[2023-06-11T00:29:03.172+0200] {logging_mixin.py:117} INFO - [2023-06-11T00:29:03.171+0200] {dag.py:2573} INFO - Sync 1 DAGs
[2023-06-11T00:29:03.269+0200] {logging_mixin.py:117} INFO - [2023-06-11T00:29:03.268+0200] {dag.py:3324} INFO - Setting next_dagrun for example_dag_decorator to None, run_after=None
[2023-06-11T00:29:03.446+0200] {processor.py:178} INFO - Processing /home/nanah/airflow_venv/lib/python3.10/site-packages/airflow/example_dags/example_dag_decorator.py took 1.043 seconds
[2023-06-11T00:30:01.954+0200] {processor.py:156} INFO - Started process (PID=5214) to work on /home/nanah/airflow_venv/lib/python3.10/site-packages/airflow/example_dags/example_dag_decorator.py
[2023-06-11T00:30:01.961+0200] {processor.py:758} INFO - Processing file /home/nanah/airflow_venv/lib/python3.10/site-packages/airflow/example_dags/example_dag_decorator.py for tasks to queue
[2023-06-11T00:30:01.963+0200] {logging_mixin.py:117} INFO - [2023-06-11T00:30:01.962+0200] {dagbag.py:525} INFO - Filling up the DagBag from /home/nanah/airflow_venv/lib/python3.10/site-packages/airflow/example_dags/example_dag_decorator.py
[2023-06-11T00:30:02.051+0200] {processor.py:768} INFO - DAG(s) dict_keys(['example_dag_decorator']) retrieved from /home/nanah/airflow_venv/lib/python3.10/site-packages/airflow/example_dags/example_dag_decorator.py
[2023-06-11T00:30:02.467+0200] {logging_mixin.py:117} INFO - [2023-06-11T00:30:02.466+0200] {dag.py:2573} INFO - Sync 1 DAGs
[2023-06-11T00:30:02.514+0200] {logging_mixin.py:117} INFO - [2023-06-11T00:30:02.512+0200] {dag.py:3324} INFO - Setting next_dagrun for example_dag_decorator to None, run_after=None
[2023-06-11T00:30:02.584+0200] {processor.py:178} INFO - Processing /home/nanah/airflow_venv/lib/python3.10/site-packages/airflow/example_dags/example_dag_decorator.py took 0.637 seconds
[2023-06-11T00:31:10.636+0200] {processor.py:156} INFO - Started process (PID=5251) to work on /home/nanah/airflow_venv/lib/python3.10/site-packages/airflow/example_dags/example_dag_decorator.py
[2023-06-11T00:31:10.639+0200] {processor.py:758} INFO - Processing file /home/nanah/airflow_venv/lib/python3.10/site-packages/airflow/example_dags/example_dag_decorator.py for tasks to queue
[2023-06-11T00:31:10.645+0200] {logging_mixin.py:117} INFO - [2023-06-11T00:31:10.645+0200] {dagbag.py:525} INFO - Filling up the DagBag from /home/nanah/airflow_venv/lib/python3.10/site-packages/airflow/example_dags/example_dag_decorator.py
[2023-06-11T00:31:11.102+0200] {processor.py:768} INFO - DAG(s) dict_keys(['example_dag_decorator']) retrieved from /home/nanah/airflow_venv/lib/python3.10/site-packages/airflow/example_dags/example_dag_decorator.py
[2023-06-11T00:31:11.268+0200] {logging_mixin.py:117} INFO - [2023-06-11T00:31:11.267+0200] {dag.py:2573} INFO - Sync 1 DAGs
[2023-06-11T00:31:11.319+0200] {logging_mixin.py:117} INFO - [2023-06-11T00:31:11.318+0200] {dag.py:3324} INFO - Setting next_dagrun for example_dag_decorator to None, run_after=None
[2023-06-11T00:31:11.401+0200] {processor.py:178} INFO - Processing /home/nanah/airflow_venv/lib/python3.10/site-packages/airflow/example_dags/example_dag_decorator.py took 0.773 seconds
[2023-06-11T00:32:06.392+0200] {processor.py:156} INFO - Started process (PID=5286) to work on /home/nanah/airflow_venv/lib/python3.10/site-packages/airflow/example_dags/example_dag_decorator.py
[2023-06-11T00:32:06.398+0200] {processor.py:758} INFO - Processing file /home/nanah/airflow_venv/lib/python3.10/site-packages/airflow/example_dags/example_dag_decorator.py for tasks to queue
[2023-06-11T00:32:06.399+0200] {logging_mixin.py:117} INFO - [2023-06-11T00:32:06.399+0200] {dagbag.py:525} INFO - Filling up the DagBag from /home/nanah/airflow_venv/lib/python3.10/site-packages/airflow/example_dags/example_dag_decorator.py
[2023-06-11T00:32:06.781+0200] {processor.py:768} INFO - DAG(s) dict_keys(['example_dag_decorator']) retrieved from /home/nanah/airflow_venv/lib/python3.10/site-packages/airflow/example_dags/example_dag_decorator.py
[2023-06-11T00:32:06.917+0200] {logging_mixin.py:117} INFO - [2023-06-11T00:32:06.917+0200] {dag.py:2573} INFO - Sync 1 DAGs
[2023-06-11T00:32:06.965+0200] {logging_mixin.py:117} INFO - [2023-06-11T00:32:06.965+0200] {dag.py:3324} INFO - Setting next_dagrun for example_dag_decorator to None, run_after=None
[2023-06-11T00:32:07.094+0200] {processor.py:178} INFO - Processing /home/nanah/airflow_venv/lib/python3.10/site-packages/airflow/example_dags/example_dag_decorator.py took 0.710 seconds
[2023-06-11T00:33:02.315+0200] {processor.py:156} INFO - Started process (PID=5322) to work on /home/nanah/airflow_venv/lib/python3.10/site-packages/airflow/example_dags/example_dag_decorator.py
[2023-06-11T00:33:02.320+0200] {processor.py:758} INFO - Processing file /home/nanah/airflow_venv/lib/python3.10/site-packages/airflow/example_dags/example_dag_decorator.py for tasks to queue
[2023-06-11T00:33:02.322+0200] {logging_mixin.py:117} INFO - [2023-06-11T00:33:02.322+0200] {dagbag.py:525} INFO - Filling up the DagBag from /home/nanah/airflow_venv/lib/python3.10/site-packages/airflow/example_dags/example_dag_decorator.py
[2023-06-11T00:33:02.711+0200] {processor.py:768} INFO - DAG(s) dict_keys(['example_dag_decorator']) retrieved from /home/nanah/airflow_venv/lib/python3.10/site-packages/airflow/example_dags/example_dag_decorator.py
[2023-06-11T00:33:02.834+0200] {logging_mixin.py:117} INFO - [2023-06-11T00:33:02.834+0200] {dag.py:2573} INFO - Sync 1 DAGs
[2023-06-11T00:33:02.881+0200] {logging_mixin.py:117} INFO - [2023-06-11T00:33:02.881+0200] {dag.py:3324} INFO - Setting next_dagrun for example_dag_decorator to None, run_after=None
[2023-06-11T00:33:02.942+0200] {processor.py:178} INFO - Processing /home/nanah/airflow_venv/lib/python3.10/site-packages/airflow/example_dags/example_dag_decorator.py took 0.634 seconds
[2023-06-11T00:33:58.714+0200] {processor.py:156} INFO - Started process (PID=5357) to work on /home/nanah/airflow_venv/lib/python3.10/site-packages/airflow/example_dags/example_dag_decorator.py
[2023-06-11T00:33:58.719+0200] {processor.py:758} INFO - Processing file /home/nanah/airflow_venv/lib/python3.10/site-packages/airflow/example_dags/example_dag_decorator.py for tasks to queue
[2023-06-11T00:33:58.721+0200] {logging_mixin.py:117} INFO - [2023-06-11T00:33:58.721+0200] {dagbag.py:525} INFO - Filling up the DagBag from /home/nanah/airflow_venv/lib/python3.10/site-packages/airflow/example_dags/example_dag_decorator.py
[2023-06-11T00:33:59.084+0200] {processor.py:768} INFO - DAG(s) dict_keys(['example_dag_decorator']) retrieved from /home/nanah/airflow_venv/lib/python3.10/site-packages/airflow/example_dags/example_dag_decorator.py
[2023-06-11T00:33:59.227+0200] {logging_mixin.py:117} INFO - [2023-06-11T00:33:59.226+0200] {dag.py:2573} INFO - Sync 1 DAGs
[2023-06-11T00:33:59.292+0200] {logging_mixin.py:117} INFO - [2023-06-11T00:33:59.291+0200] {dag.py:3324} INFO - Setting next_dagrun for example_dag_decorator to None, run_after=None
[2023-06-11T00:33:59.349+0200] {processor.py:178} INFO - Processing /home/nanah/airflow_venv/lib/python3.10/site-packages/airflow/example_dags/example_dag_decorator.py took 0.645 seconds
[2023-06-11T00:35:02.664+0200] {processor.py:156} INFO - Started process (PID=5395) to work on /home/nanah/airflow_venv/lib/python3.10/site-packages/airflow/example_dags/example_dag_decorator.py
[2023-06-11T00:35:02.670+0200] {processor.py:758} INFO - Processing file /home/nanah/airflow_venv/lib/python3.10/site-packages/airflow/example_dags/example_dag_decorator.py for tasks to queue
[2023-06-11T00:35:02.678+0200] {logging_mixin.py:117} INFO - [2023-06-11T00:35:02.677+0200] {dagbag.py:525} INFO - Filling up the DagBag from /home/nanah/airflow_venv/lib/python3.10/site-packages/airflow/example_dags/example_dag_decorator.py
[2023-06-11T00:35:02.966+0200] {processor.py:768} INFO - DAG(s) dict_keys(['example_dag_decorator']) retrieved from /home/nanah/airflow_venv/lib/python3.10/site-packages/airflow/example_dags/example_dag_decorator.py
[2023-06-11T00:35:04.087+0200] {logging_mixin.py:117} INFO - [2023-06-11T00:35:04.087+0200] {dag.py:2573} INFO - Sync 1 DAGs
[2023-06-11T00:35:04.296+0200] {logging_mixin.py:117} INFO - [2023-06-11T00:35:04.296+0200] {dag.py:3324} INFO - Setting next_dagrun for example_dag_decorator to None, run_after=None
[2023-06-11T00:35:06.184+0200] {processor.py:178} INFO - Processing /home/nanah/airflow_venv/lib/python3.10/site-packages/airflow/example_dags/example_dag_decorator.py took 3.555 seconds
[2023-06-11T00:35:54.746+0200] {processor.py:156} INFO - Started process (PID=5431) to work on /home/nanah/airflow_venv/lib/python3.10/site-packages/airflow/example_dags/example_dag_decorator.py
[2023-06-11T00:35:54.752+0200] {processor.py:758} INFO - Processing file /home/nanah/airflow_venv/lib/python3.10/site-packages/airflow/example_dags/example_dag_decorator.py for tasks to queue
[2023-06-11T00:35:54.762+0200] {logging_mixin.py:117} INFO - [2023-06-11T00:35:54.761+0200] {dagbag.py:525} INFO - Filling up the DagBag from /home/nanah/airflow_venv/lib/python3.10/site-packages/airflow/example_dags/example_dag_decorator.py
[2023-06-11T00:35:54.957+0200] {processor.py:768} INFO - DAG(s) dict_keys(['example_dag_decorator']) retrieved from /home/nanah/airflow_venv/lib/python3.10/site-packages/airflow/example_dags/example_dag_decorator.py
[2023-06-11T00:35:55.357+0200] {logging_mixin.py:117} INFO - [2023-06-11T00:35:55.356+0200] {dag.py:2573} INFO - Sync 1 DAGs
[2023-06-11T00:35:55.485+0200] {logging_mixin.py:117} INFO - [2023-06-11T00:35:55.484+0200] {dag.py:3324} INFO - Setting next_dagrun for example_dag_decorator to None, run_after=None
[2023-06-11T00:35:55.660+0200] {processor.py:178} INFO - Processing /home/nanah/airflow_venv/lib/python3.10/site-packages/airflow/example_dags/example_dag_decorator.py took 0.944 seconds
[2023-06-11T00:36:38.137+0200] {processor.py:156} INFO - Started process (PID=5464) to work on /home/nanah/airflow_venv/lib/python3.10/site-packages/airflow/example_dags/example_dag_decorator.py
[2023-06-11T00:36:38.145+0200] {processor.py:758} INFO - Processing file /home/nanah/airflow_venv/lib/python3.10/site-packages/airflow/example_dags/example_dag_decorator.py for tasks to queue
[2023-06-11T00:36:38.147+0200] {logging_mixin.py:117} INFO - [2023-06-11T00:36:38.147+0200] {dagbag.py:525} INFO - Filling up the DagBag from /home/nanah/airflow_venv/lib/python3.10/site-packages/airflow/example_dags/example_dag_decorator.py
[2023-06-11T00:36:38.225+0200] {processor.py:768} INFO - DAG(s) dict_keys(['example_dag_decorator']) retrieved from /home/nanah/airflow_venv/lib/python3.10/site-packages/airflow/example_dags/example_dag_decorator.py
[2023-06-11T00:36:38.380+0200] {logging_mixin.py:117} INFO - [2023-06-11T00:36:38.379+0200] {dag.py:2573} INFO - Sync 1 DAGs
[2023-06-11T00:36:38.427+0200] {logging_mixin.py:117} INFO - [2023-06-11T00:36:38.427+0200] {dag.py:3324} INFO - Setting next_dagrun for example_dag_decorator to None, run_after=None
[2023-06-11T00:36:38.479+0200] {processor.py:178} INFO - Processing /home/nanah/airflow_venv/lib/python3.10/site-packages/airflow/example_dags/example_dag_decorator.py took 0.349 seconds
[2023-06-11T00:37:22.762+0200] {processor.py:156} INFO - Started process (PID=5498) to work on /home/nanah/airflow_venv/lib/python3.10/site-packages/airflow/example_dags/example_dag_decorator.py
[2023-06-11T00:37:22.766+0200] {processor.py:758} INFO - Processing file /home/nanah/airflow_venv/lib/python3.10/site-packages/airflow/example_dags/example_dag_decorator.py for tasks to queue
[2023-06-11T00:37:22.792+0200] {logging_mixin.py:117} INFO - [2023-06-11T00:37:22.790+0200] {dagbag.py:525} INFO - Filling up the DagBag from /home/nanah/airflow_venv/lib/python3.10/site-packages/airflow/example_dags/example_dag_decorator.py
[2023-06-11T00:37:23.096+0200] {processor.py:768} INFO - DAG(s) dict_keys(['example_dag_decorator']) retrieved from /home/nanah/airflow_venv/lib/python3.10/site-packages/airflow/example_dags/example_dag_decorator.py
[2023-06-11T00:37:23.498+0200] {logging_mixin.py:117} INFO - [2023-06-11T00:37:23.497+0200] {dag.py:2573} INFO - Sync 1 DAGs
[2023-06-11T00:37:23.638+0200] {logging_mixin.py:117} INFO - [2023-06-11T00:37:23.638+0200] {dag.py:3324} INFO - Setting next_dagrun for example_dag_decorator to None, run_after=None
[2023-06-11T00:37:24.209+0200] {processor.py:178} INFO - Processing /home/nanah/airflow_venv/lib/python3.10/site-packages/airflow/example_dags/example_dag_decorator.py took 1.465 seconds
[2023-06-11T00:38:15.693+0200] {processor.py:156} INFO - Started process (PID=5532) to work on /home/nanah/airflow_venv/lib/python3.10/site-packages/airflow/example_dags/example_dag_decorator.py
[2023-06-11T00:38:15.696+0200] {processor.py:758} INFO - Processing file /home/nanah/airflow_venv/lib/python3.10/site-packages/airflow/example_dags/example_dag_decorator.py for tasks to queue
[2023-06-11T00:38:15.698+0200] {logging_mixin.py:117} INFO - [2023-06-11T00:38:15.698+0200] {dagbag.py:525} INFO - Filling up the DagBag from /home/nanah/airflow_venv/lib/python3.10/site-packages/airflow/example_dags/example_dag_decorator.py
[2023-06-11T00:38:15.782+0200] {processor.py:768} INFO - DAG(s) dict_keys(['example_dag_decorator']) retrieved from /home/nanah/airflow_venv/lib/python3.10/site-packages/airflow/example_dags/example_dag_decorator.py
[2023-06-11T00:38:15.915+0200] {logging_mixin.py:117} INFO - [2023-06-11T00:38:15.915+0200] {dag.py:2573} INFO - Sync 1 DAGs
[2023-06-11T00:38:15.969+0200] {logging_mixin.py:117} INFO - [2023-06-11T00:38:15.969+0200] {dag.py:3324} INFO - Setting next_dagrun for example_dag_decorator to None, run_after=None
[2023-06-11T00:38:16.028+0200] {processor.py:178} INFO - Processing /home/nanah/airflow_venv/lib/python3.10/site-packages/airflow/example_dags/example_dag_decorator.py took 0.341 seconds
[2023-06-11T00:39:00.953+0200] {processor.py:156} INFO - Started process (PID=5568) to work on /home/nanah/airflow_venv/lib/python3.10/site-packages/airflow/example_dags/example_dag_decorator.py
[2023-06-11T00:39:00.959+0200] {processor.py:758} INFO - Processing file /home/nanah/airflow_venv/lib/python3.10/site-packages/airflow/example_dags/example_dag_decorator.py for tasks to queue
[2023-06-11T00:39:00.961+0200] {logging_mixin.py:117} INFO - [2023-06-11T00:39:00.961+0200] {dagbag.py:525} INFO - Filling up the DagBag from /home/nanah/airflow_venv/lib/python3.10/site-packages/airflow/example_dags/example_dag_decorator.py
[2023-06-11T00:39:01.037+0200] {processor.py:768} INFO - DAG(s) dict_keys(['example_dag_decorator']) retrieved from /home/nanah/airflow_venv/lib/python3.10/site-packages/airflow/example_dags/example_dag_decorator.py
[2023-06-11T00:39:01.166+0200] {logging_mixin.py:117} INFO - [2023-06-11T00:39:01.166+0200] {dag.py:2573} INFO - Sync 1 DAGs
[2023-06-11T00:39:01.211+0200] {logging_mixin.py:117} INFO - [2023-06-11T00:39:01.210+0200] {dag.py:3324} INFO - Setting next_dagrun for example_dag_decorator to None, run_after=None
[2023-06-11T00:39:01.279+0200] {processor.py:178} INFO - Processing /home/nanah/airflow_venv/lib/python3.10/site-packages/airflow/example_dags/example_dag_decorator.py took 0.333 seconds
[2023-06-11T00:39:43.562+0200] {processor.py:156} INFO - Started process (PID=5601) to work on /home/nanah/airflow_venv/lib/python3.10/site-packages/airflow/example_dags/example_dag_decorator.py
[2023-06-11T00:39:43.567+0200] {processor.py:758} INFO - Processing file /home/nanah/airflow_venv/lib/python3.10/site-packages/airflow/example_dags/example_dag_decorator.py for tasks to queue
[2023-06-11T00:39:43.569+0200] {logging_mixin.py:117} INFO - [2023-06-11T00:39:43.569+0200] {dagbag.py:525} INFO - Filling up the DagBag from /home/nanah/airflow_venv/lib/python3.10/site-packages/airflow/example_dags/example_dag_decorator.py
[2023-06-11T00:39:43.647+0200] {processor.py:768} INFO - DAG(s) dict_keys(['example_dag_decorator']) retrieved from /home/nanah/airflow_venv/lib/python3.10/site-packages/airflow/example_dags/example_dag_decorator.py
[2023-06-11T00:39:43.778+0200] {logging_mixin.py:117} INFO - [2023-06-11T00:39:43.777+0200] {dag.py:2573} INFO - Sync 1 DAGs
[2023-06-11T00:39:43.820+0200] {logging_mixin.py:117} INFO - [2023-06-11T00:39:43.820+0200] {dag.py:3324} INFO - Setting next_dagrun for example_dag_decorator to None, run_after=None
[2023-06-11T00:39:43.874+0200] {processor.py:178} INFO - Processing /home/nanah/airflow_venv/lib/python3.10/site-packages/airflow/example_dags/example_dag_decorator.py took 0.319 seconds
[2023-06-11T00:40:26.834+0200] {processor.py:156} INFO - Started process (PID=5635) to work on /home/nanah/airflow_venv/lib/python3.10/site-packages/airflow/example_dags/example_dag_decorator.py
[2023-06-11T00:40:26.838+0200] {processor.py:758} INFO - Processing file /home/nanah/airflow_venv/lib/python3.10/site-packages/airflow/example_dags/example_dag_decorator.py for tasks to queue
[2023-06-11T00:40:26.840+0200] {logging_mixin.py:117} INFO - [2023-06-11T00:40:26.840+0200] {dagbag.py:525} INFO - Filling up the DagBag from /home/nanah/airflow_venv/lib/python3.10/site-packages/airflow/example_dags/example_dag_decorator.py
[2023-06-11T00:40:26.923+0200] {processor.py:768} INFO - DAG(s) dict_keys(['example_dag_decorator']) retrieved from /home/nanah/airflow_venv/lib/python3.10/site-packages/airflow/example_dags/example_dag_decorator.py
[2023-06-11T00:40:27.063+0200] {logging_mixin.py:117} INFO - [2023-06-11T00:40:27.062+0200] {dag.py:2573} INFO - Sync 1 DAGs
[2023-06-11T00:40:27.110+0200] {logging_mixin.py:117} INFO - [2023-06-11T00:40:27.110+0200] {dag.py:3324} INFO - Setting next_dagrun for example_dag_decorator to None, run_after=None
[2023-06-11T00:40:27.174+0200] {processor.py:178} INFO - Processing /home/nanah/airflow_venv/lib/python3.10/site-packages/airflow/example_dags/example_dag_decorator.py took 0.350 seconds
[2023-06-11T00:41:08.238+0200] {processor.py:156} INFO - Started process (PID=5669) to work on /home/nanah/airflow_venv/lib/python3.10/site-packages/airflow/example_dags/example_dag_decorator.py
[2023-06-11T00:41:08.244+0200] {processor.py:758} INFO - Processing file /home/nanah/airflow_venv/lib/python3.10/site-packages/airflow/example_dags/example_dag_decorator.py for tasks to queue
[2023-06-11T00:41:08.245+0200] {logging_mixin.py:117} INFO - [2023-06-11T00:41:08.245+0200] {dagbag.py:525} INFO - Filling up the DagBag from /home/nanah/airflow_venv/lib/python3.10/site-packages/airflow/example_dags/example_dag_decorator.py
[2023-06-11T00:41:08.311+0200] {processor.py:768} INFO - DAG(s) dict_keys(['example_dag_decorator']) retrieved from /home/nanah/airflow_venv/lib/python3.10/site-packages/airflow/example_dags/example_dag_decorator.py
[2023-06-11T00:41:08.421+0200] {logging_mixin.py:117} INFO - [2023-06-11T00:41:08.420+0200] {dag.py:2573} INFO - Sync 1 DAGs
[2023-06-11T00:41:08.488+0200] {logging_mixin.py:117} INFO - [2023-06-11T00:41:08.488+0200] {dag.py:3324} INFO - Setting next_dagrun for example_dag_decorator to None, run_after=None
[2023-06-11T00:41:08.542+0200] {processor.py:178} INFO - Processing /home/nanah/airflow_venv/lib/python3.10/site-packages/airflow/example_dags/example_dag_decorator.py took 0.310 seconds
[2023-06-11T00:41:54.375+0200] {processor.py:156} INFO - Started process (PID=5705) to work on /home/nanah/airflow_venv/lib/python3.10/site-packages/airflow/example_dags/example_dag_decorator.py
[2023-06-11T00:41:54.381+0200] {processor.py:758} INFO - Processing file /home/nanah/airflow_venv/lib/python3.10/site-packages/airflow/example_dags/example_dag_decorator.py for tasks to queue
[2023-06-11T00:41:54.383+0200] {logging_mixin.py:117} INFO - [2023-06-11T00:41:54.383+0200] {dagbag.py:525} INFO - Filling up the DagBag from /home/nanah/airflow_venv/lib/python3.10/site-packages/airflow/example_dags/example_dag_decorator.py
[2023-06-11T00:41:54.459+0200] {processor.py:768} INFO - DAG(s) dict_keys(['example_dag_decorator']) retrieved from /home/nanah/airflow_venv/lib/python3.10/site-packages/airflow/example_dags/example_dag_decorator.py
[2023-06-11T00:41:54.625+0200] {logging_mixin.py:117} INFO - [2023-06-11T00:41:54.624+0200] {dag.py:2573} INFO - Sync 1 DAGs
[2023-06-11T00:41:54.684+0200] {logging_mixin.py:117} INFO - [2023-06-11T00:41:54.684+0200] {dag.py:3324} INFO - Setting next_dagrun for example_dag_decorator to None, run_after=None
[2023-06-11T00:41:54.750+0200] {processor.py:178} INFO - Processing /home/nanah/airflow_venv/lib/python3.10/site-packages/airflow/example_dags/example_dag_decorator.py took 0.384 seconds
[2023-06-11T00:42:41.673+0200] {processor.py:156} INFO - Started process (PID=5741) to work on /home/nanah/airflow_venv/lib/python3.10/site-packages/airflow/example_dags/example_dag_decorator.py
[2023-06-11T00:42:41.679+0200] {processor.py:758} INFO - Processing file /home/nanah/airflow_venv/lib/python3.10/site-packages/airflow/example_dags/example_dag_decorator.py for tasks to queue
[2023-06-11T00:42:41.681+0200] {logging_mixin.py:117} INFO - [2023-06-11T00:42:41.680+0200] {dagbag.py:525} INFO - Filling up the DagBag from /home/nanah/airflow_venv/lib/python3.10/site-packages/airflow/example_dags/example_dag_decorator.py
[2023-06-11T00:42:41.852+0200] {processor.py:768} INFO - DAG(s) dict_keys(['example_dag_decorator']) retrieved from /home/nanah/airflow_venv/lib/python3.10/site-packages/airflow/example_dags/example_dag_decorator.py
[2023-06-11T00:42:42.218+0200] {logging_mixin.py:117} INFO - [2023-06-11T00:42:42.217+0200] {dag.py:2573} INFO - Sync 1 DAGs
[2023-06-11T00:42:42.316+0200] {logging_mixin.py:117} INFO - [2023-06-11T00:42:42.315+0200] {dag.py:3324} INFO - Setting next_dagrun for example_dag_decorator to None, run_after=None
[2023-06-11T00:42:42.472+0200] {processor.py:178} INFO - Processing /home/nanah/airflow_venv/lib/python3.10/site-packages/airflow/example_dags/example_dag_decorator.py took 0.809 seconds
[2023-06-11T00:43:28.217+0200] {processor.py:156} INFO - Started process (PID=5775) to work on /home/nanah/airflow_venv/lib/python3.10/site-packages/airflow/example_dags/example_dag_decorator.py
[2023-06-11T00:43:28.224+0200] {processor.py:758} INFO - Processing file /home/nanah/airflow_venv/lib/python3.10/site-packages/airflow/example_dags/example_dag_decorator.py for tasks to queue
[2023-06-11T00:43:28.233+0200] {logging_mixin.py:117} INFO - [2023-06-11T00:43:28.233+0200] {dagbag.py:525} INFO - Filling up the DagBag from /home/nanah/airflow_venv/lib/python3.10/site-packages/airflow/example_dags/example_dag_decorator.py
[2023-06-11T00:43:28.464+0200] {processor.py:768} INFO - DAG(s) dict_keys(['example_dag_decorator']) retrieved from /home/nanah/airflow_venv/lib/python3.10/site-packages/airflow/example_dags/example_dag_decorator.py
[2023-06-11T00:43:28.647+0200] {logging_mixin.py:117} INFO - [2023-06-11T00:43:28.646+0200] {dag.py:2573} INFO - Sync 1 DAGs
[2023-06-11T00:43:28.718+0200] {logging_mixin.py:117} INFO - [2023-06-11T00:43:28.718+0200] {dag.py:3324} INFO - Setting next_dagrun for example_dag_decorator to None, run_after=None
[2023-06-11T00:43:28.782+0200] {processor.py:178} INFO - Processing /home/nanah/airflow_venv/lib/python3.10/site-packages/airflow/example_dags/example_dag_decorator.py took 0.598 seconds
[2023-06-11T00:44:11.826+0200] {processor.py:156} INFO - Started process (PID=5809) to work on /home/nanah/airflow_venv/lib/python3.10/site-packages/airflow/example_dags/example_dag_decorator.py
[2023-06-11T00:44:11.831+0200] {processor.py:758} INFO - Processing file /home/nanah/airflow_venv/lib/python3.10/site-packages/airflow/example_dags/example_dag_decorator.py for tasks to queue
[2023-06-11T00:44:11.832+0200] {logging_mixin.py:117} INFO - [2023-06-11T00:44:11.832+0200] {dagbag.py:525} INFO - Filling up the DagBag from /home/nanah/airflow_venv/lib/python3.10/site-packages/airflow/example_dags/example_dag_decorator.py
[2023-06-11T00:44:11.940+0200] {processor.py:768} INFO - DAG(s) dict_keys(['example_dag_decorator']) retrieved from /home/nanah/airflow_venv/lib/python3.10/site-packages/airflow/example_dags/example_dag_decorator.py
[2023-06-11T00:44:12.095+0200] {logging_mixin.py:117} INFO - [2023-06-11T00:44:12.095+0200] {dag.py:2573} INFO - Sync 1 DAGs
[2023-06-11T00:44:12.161+0200] {logging_mixin.py:117} INFO - [2023-06-11T00:44:12.160+0200] {dag.py:3324} INFO - Setting next_dagrun for example_dag_decorator to None, run_after=None
[2023-06-11T00:44:12.231+0200] {processor.py:178} INFO - Processing /home/nanah/airflow_venv/lib/python3.10/site-packages/airflow/example_dags/example_dag_decorator.py took 0.420 seconds
[2023-06-11T00:45:00.147+0200] {processor.py:156} INFO - Started process (PID=5843) to work on /home/nanah/airflow_venv/lib/python3.10/site-packages/airflow/example_dags/example_dag_decorator.py
[2023-06-11T00:45:00.152+0200] {processor.py:758} INFO - Processing file /home/nanah/airflow_venv/lib/python3.10/site-packages/airflow/example_dags/example_dag_decorator.py for tasks to queue
[2023-06-11T00:45:00.154+0200] {logging_mixin.py:117} INFO - [2023-06-11T00:45:00.153+0200] {dagbag.py:525} INFO - Filling up the DagBag from /home/nanah/airflow_venv/lib/python3.10/site-packages/airflow/example_dags/example_dag_decorator.py
[2023-06-11T00:45:00.305+0200] {processor.py:768} INFO - DAG(s) dict_keys(['example_dag_decorator']) retrieved from /home/nanah/airflow_venv/lib/python3.10/site-packages/airflow/example_dags/example_dag_decorator.py
[2023-06-11T00:45:00.626+0200] {logging_mixin.py:117} INFO - [2023-06-11T00:45:00.626+0200] {dag.py:2573} INFO - Sync 1 DAGs
[2023-06-11T00:45:00.755+0200] {logging_mixin.py:117} INFO - [2023-06-11T00:45:00.754+0200] {dag.py:3324} INFO - Setting next_dagrun for example_dag_decorator to None, run_after=None
[2023-06-11T00:45:00.945+0200] {processor.py:178} INFO - Processing /home/nanah/airflow_venv/lib/python3.10/site-packages/airflow/example_dags/example_dag_decorator.py took 0.813 seconds
