[2023-06-11T00:12:43.605+0200] {processor.py:156} INFO - Started process (PID=4631) to work on /home/nanah/airflow_venv/lib/python3.10/site-packages/airflow/example_dags/example_branch_datetime_operator.py
[2023-06-11T00:12:43.608+0200] {processor.py:758} INFO - Processing file /home/nanah/airflow_venv/lib/python3.10/site-packages/airflow/example_dags/example_branch_datetime_operator.py for tasks to queue
[2023-06-11T00:12:43.609+0200] {logging_mixin.py:117} INFO - [2023-06-11T00:12:43.609+0200] {dagbag.py:525} INFO - Filling up the DagBag from /home/nanah/airflow_venv/lib/python3.10/site-packages/airflow/example_dags/example_branch_datetime_operator.py
[2023-06-11T00:12:43.655+0200] {processor.py:768} INFO - DAG(s) dict_keys(['example_branch_datetime_operator_2', 'example_branch_datetime_operator', 'example_branch_datetime_operator_3']) retrieved from /home/nanah/airflow_venv/lib/python3.10/site-packages/airflow/example_dags/example_branch_datetime_operator.py
[2023-06-11T00:12:43.722+0200] {logging_mixin.py:117} INFO - [2023-06-11T00:12:43.722+0200] {dag.py:2573} INFO - Sync 3 DAGs
[2023-06-11T00:12:43.773+0200] {logging_mixin.py:117} INFO - [2023-06-11T00:12:43.773+0200] {dag.py:3324} INFO - Setting next_dagrun for example_branch_datetime_operator to 2023-06-09T00:00:00+00:00, run_after=2023-06-10T00:00:00+00:00
[2023-06-11T00:12:43.782+0200] {logging_mixin.py:117} INFO - [2023-06-11T00:12:43.781+0200] {dag.py:3324} INFO - Setting next_dagrun for example_branch_datetime_operator_2 to 2023-06-09T00:00:00+00:00, run_after=2023-06-10T00:00:00+00:00
[2023-06-11T00:12:43.787+0200] {logging_mixin.py:117} INFO - [2023-06-11T00:12:43.786+0200] {dag.py:3324} INFO - Setting next_dagrun for example_branch_datetime_operator_3 to 2023-06-09T00:00:00+00:00, run_after=2023-06-10T00:00:00+00:00
[2023-06-11T00:12:43.837+0200] {processor.py:178} INFO - Processing /home/nanah/airflow_venv/lib/python3.10/site-packages/airflow/example_dags/example_branch_datetime_operator.py took 0.238 seconds
[2023-06-11T00:15:07.996+0200] {processor.py:156} INFO - Started process (PID=4707) to work on /home/nanah/airflow_venv/lib/python3.10/site-packages/airflow/example_dags/example_branch_datetime_operator.py
[2023-06-11T00:15:08.001+0200] {processor.py:758} INFO - Processing file /home/nanah/airflow_venv/lib/python3.10/site-packages/airflow/example_dags/example_branch_datetime_operator.py for tasks to queue
[2023-06-11T00:15:08.008+0200] {logging_mixin.py:117} INFO - [2023-06-11T00:15:08.008+0200] {dagbag.py:525} INFO - Filling up the DagBag from /home/nanah/airflow_venv/lib/python3.10/site-packages/airflow/example_dags/example_branch_datetime_operator.py
[2023-06-11T00:15:08.132+0200] {processor.py:768} INFO - DAG(s) dict_keys(['example_branch_datetime_operator', 'example_branch_datetime_operator_3', 'example_branch_datetime_operator_2']) retrieved from /home/nanah/airflow_venv/lib/python3.10/site-packages/airflow/example_dags/example_branch_datetime_operator.py
[2023-06-11T00:15:08.228+0200] {logging_mixin.py:117} INFO - [2023-06-11T00:15:08.228+0200] {dag.py:2573} INFO - Sync 3 DAGs
[2023-06-11T00:15:08.299+0200] {logging_mixin.py:117} INFO - [2023-06-11T00:15:08.299+0200] {dag.py:3324} INFO - Setting next_dagrun for example_branch_datetime_operator to 2023-06-09T00:00:00+00:00, run_after=2023-06-10T00:00:00+00:00
[2023-06-11T00:15:08.313+0200] {logging_mixin.py:117} INFO - [2023-06-11T00:15:08.312+0200] {dag.py:3324} INFO - Setting next_dagrun for example_branch_datetime_operator_2 to 2023-06-09T00:00:00+00:00, run_after=2023-06-10T00:00:00+00:00
[2023-06-11T00:15:08.319+0200] {logging_mixin.py:117} INFO - [2023-06-11T00:15:08.318+0200] {dag.py:3324} INFO - Setting next_dagrun for example_branch_datetime_operator_3 to 2023-06-09T00:00:00+00:00, run_after=2023-06-10T00:00:00+00:00
[2023-06-11T00:15:08.581+0200] {processor.py:178} INFO - Processing /home/nanah/airflow_venv/lib/python3.10/site-packages/airflow/example_dags/example_branch_datetime_operator.py took 0.596 seconds
[2023-06-11T00:16:36.517+0200] {processor.py:156} INFO - Started process (PID=4755) to work on /home/nanah/airflow_venv/lib/python3.10/site-packages/airflow/example_dags/example_branch_datetime_operator.py
[2023-06-11T00:16:36.522+0200] {processor.py:758} INFO - Processing file /home/nanah/airflow_venv/lib/python3.10/site-packages/airflow/example_dags/example_branch_datetime_operator.py for tasks to queue
[2023-06-11T00:16:36.524+0200] {logging_mixin.py:117} INFO - [2023-06-11T00:16:36.523+0200] {dagbag.py:525} INFO - Filling up the DagBag from /home/nanah/airflow_venv/lib/python3.10/site-packages/airflow/example_dags/example_branch_datetime_operator.py
[2023-06-11T00:16:36.636+0200] {processor.py:768} INFO - DAG(s) dict_keys(['example_branch_datetime_operator_3', 'example_branch_datetime_operator_2', 'example_branch_datetime_operator']) retrieved from /home/nanah/airflow_venv/lib/python3.10/site-packages/airflow/example_dags/example_branch_datetime_operator.py
[2023-06-11T00:16:36.804+0200] {logging_mixin.py:117} INFO - [2023-06-11T00:16:36.804+0200] {dag.py:2573} INFO - Sync 3 DAGs
[2023-06-11T00:16:36.859+0200] {logging_mixin.py:117} INFO - [2023-06-11T00:16:36.859+0200] {dag.py:3324} INFO - Setting next_dagrun for example_branch_datetime_operator to 2023-06-09T00:00:00+00:00, run_after=2023-06-10T00:00:00+00:00
[2023-06-11T00:16:36.874+0200] {logging_mixin.py:117} INFO - [2023-06-11T00:16:36.873+0200] {dag.py:3324} INFO - Setting next_dagrun for example_branch_datetime_operator_2 to 2023-06-09T00:00:00+00:00, run_after=2023-06-10T00:00:00+00:00
[2023-06-11T00:16:36.881+0200] {logging_mixin.py:117} INFO - [2023-06-11T00:16:36.881+0200] {dag.py:3324} INFO - Setting next_dagrun for example_branch_datetime_operator_3 to 2023-06-09T00:00:00+00:00, run_after=2023-06-10T00:00:00+00:00
[2023-06-11T00:16:37.015+0200] {processor.py:178} INFO - Processing /home/nanah/airflow_venv/lib/python3.10/site-packages/airflow/example_dags/example_branch_datetime_operator.py took 0.515 seconds
[2023-06-11T00:18:14.878+0200] {processor.py:156} INFO - Started process (PID=4828) to work on /home/nanah/airflow_venv/lib/python3.10/site-packages/airflow/example_dags/example_branch_datetime_operator.py
[2023-06-11T00:18:14.881+0200] {processor.py:758} INFO - Processing file /home/nanah/airflow_venv/lib/python3.10/site-packages/airflow/example_dags/example_branch_datetime_operator.py for tasks to queue
[2023-06-11T00:18:14.883+0200] {logging_mixin.py:117} INFO - [2023-06-11T00:18:14.882+0200] {dagbag.py:525} INFO - Filling up the DagBag from /home/nanah/airflow_venv/lib/python3.10/site-packages/airflow/example_dags/example_branch_datetime_operator.py
[2023-06-11T00:18:14.962+0200] {processor.py:768} INFO - DAG(s) dict_keys(['example_branch_datetime_operator_3', 'example_branch_datetime_operator_2', 'example_branch_datetime_operator']) retrieved from /home/nanah/airflow_venv/lib/python3.10/site-packages/airflow/example_dags/example_branch_datetime_operator.py
[2023-06-11T00:18:15.057+0200] {logging_mixin.py:117} INFO - [2023-06-11T00:18:15.057+0200] {dag.py:2573} INFO - Sync 3 DAGs
[2023-06-11T00:18:15.110+0200] {logging_mixin.py:117} INFO - [2023-06-11T00:18:15.110+0200] {dag.py:3324} INFO - Setting next_dagrun for example_branch_datetime_operator to 2023-06-09T00:00:00+00:00, run_after=2023-06-10T00:00:00+00:00
[2023-06-11T00:18:15.131+0200] {logging_mixin.py:117} INFO - [2023-06-11T00:18:15.131+0200] {dag.py:3324} INFO - Setting next_dagrun for example_branch_datetime_operator_2 to 2023-06-09T00:00:00+00:00, run_after=2023-06-10T00:00:00+00:00
[2023-06-11T00:18:15.138+0200] {logging_mixin.py:117} INFO - [2023-06-11T00:18:15.137+0200] {dag.py:3324} INFO - Setting next_dagrun for example_branch_datetime_operator_3 to 2023-06-09T00:00:00+00:00, run_after=2023-06-10T00:00:00+00:00
[2023-06-11T00:18:15.209+0200] {processor.py:178} INFO - Processing /home/nanah/airflow_venv/lib/python3.10/site-packages/airflow/example_dags/example_branch_datetime_operator.py took 0.340 seconds
[2023-06-11T00:20:26.107+0200] {processor.py:156} INFO - Started process (PID=4907) to work on /home/nanah/airflow_venv/lib/python3.10/site-packages/airflow/example_dags/example_branch_datetime_operator.py
[2023-06-11T00:20:26.112+0200] {processor.py:758} INFO - Processing file /home/nanah/airflow_venv/lib/python3.10/site-packages/airflow/example_dags/example_branch_datetime_operator.py for tasks to queue
[2023-06-11T00:20:26.113+0200] {logging_mixin.py:117} INFO - [2023-06-11T00:20:26.113+0200] {dagbag.py:525} INFO - Filling up the DagBag from /home/nanah/airflow_venv/lib/python3.10/site-packages/airflow/example_dags/example_branch_datetime_operator.py
[2023-06-11T00:20:26.189+0200] {processor.py:768} INFO - DAG(s) dict_keys(['example_branch_datetime_operator_2', 'example_branch_datetime_operator', 'example_branch_datetime_operator_3']) retrieved from /home/nanah/airflow_venv/lib/python3.10/site-packages/airflow/example_dags/example_branch_datetime_operator.py
[2023-06-11T00:20:26.313+0200] {logging_mixin.py:117} INFO - [2023-06-11T00:20:26.311+0200] {dag.py:2573} INFO - Sync 3 DAGs
[2023-06-11T00:20:26.435+0200] {logging_mixin.py:117} INFO - [2023-06-11T00:20:26.434+0200] {dag.py:3324} INFO - Setting next_dagrun for example_branch_datetime_operator to 2023-06-09T00:00:00+00:00, run_after=2023-06-10T00:00:00+00:00
[2023-06-11T00:20:26.456+0200] {logging_mixin.py:117} INFO - [2023-06-11T00:20:26.456+0200] {dag.py:3324} INFO - Setting next_dagrun for example_branch_datetime_operator_2 to 2023-06-09T00:00:00+00:00, run_after=2023-06-10T00:00:00+00:00
[2023-06-11T00:20:26.473+0200] {logging_mixin.py:117} INFO - [2023-06-11T00:20:26.473+0200] {dag.py:3324} INFO - Setting next_dagrun for example_branch_datetime_operator_3 to 2023-06-09T00:00:00+00:00, run_after=2023-06-10T00:00:00+00:00
[2023-06-11T00:20:26.606+0200] {processor.py:178} INFO - Processing /home/nanah/airflow_venv/lib/python3.10/site-packages/airflow/example_dags/example_branch_datetime_operator.py took 0.507 seconds
[2023-06-11T00:22:33.754+0200] {processor.py:156} INFO - Started process (PID=4978) to work on /home/nanah/airflow_venv/lib/python3.10/site-packages/airflow/example_dags/example_branch_datetime_operator.py
[2023-06-11T00:22:33.757+0200] {processor.py:758} INFO - Processing file /home/nanah/airflow_venv/lib/python3.10/site-packages/airflow/example_dags/example_branch_datetime_operator.py for tasks to queue
[2023-06-11T00:22:33.759+0200] {logging_mixin.py:117} INFO - [2023-06-11T00:22:33.759+0200] {dagbag.py:525} INFO - Filling up the DagBag from /home/nanah/airflow_venv/lib/python3.10/site-packages/airflow/example_dags/example_branch_datetime_operator.py
[2023-06-11T00:22:33.814+0200] {processor.py:768} INFO - DAG(s) dict_keys(['example_branch_datetime_operator_3', 'example_branch_datetime_operator', 'example_branch_datetime_operator_2']) retrieved from /home/nanah/airflow_venv/lib/python3.10/site-packages/airflow/example_dags/example_branch_datetime_operator.py
[2023-06-11T00:22:33.974+0200] {logging_mixin.py:117} INFO - [2023-06-11T00:22:33.973+0200] {dag.py:2573} INFO - Sync 3 DAGs
[2023-06-11T00:22:34.091+0200] {logging_mixin.py:117} INFO - [2023-06-11T00:22:34.090+0200] {dag.py:3324} INFO - Setting next_dagrun for example_branch_datetime_operator to 2023-06-09T00:00:00+00:00, run_after=2023-06-10T00:00:00+00:00
[2023-06-11T00:22:34.109+0200] {logging_mixin.py:117} INFO - [2023-06-11T00:22:34.109+0200] {dag.py:3324} INFO - Setting next_dagrun for example_branch_datetime_operator_2 to 2023-06-09T00:00:00+00:00, run_after=2023-06-10T00:00:00+00:00
[2023-06-11T00:22:34.124+0200] {logging_mixin.py:117} INFO - [2023-06-11T00:22:34.124+0200] {dag.py:3324} INFO - Setting next_dagrun for example_branch_datetime_operator_3 to 2023-06-09T00:00:00+00:00, run_after=2023-06-10T00:00:00+00:00
[2023-06-11T00:22:34.243+0200] {processor.py:178} INFO - Processing /home/nanah/airflow_venv/lib/python3.10/site-packages/airflow/example_dags/example_branch_datetime_operator.py took 0.499 seconds
[2023-06-11T00:24:45.600+0200] {processor.py:156} INFO - Started process (PID=5049) to work on /home/nanah/airflow_venv/lib/python3.10/site-packages/airflow/example_dags/example_branch_datetime_operator.py
[2023-06-11T00:24:45.606+0200] {processor.py:758} INFO - Processing file /home/nanah/airflow_venv/lib/python3.10/site-packages/airflow/example_dags/example_branch_datetime_operator.py for tasks to queue
[2023-06-11T00:24:45.608+0200] {logging_mixin.py:117} INFO - [2023-06-11T00:24:45.607+0200] {dagbag.py:525} INFO - Filling up the DagBag from /home/nanah/airflow_venv/lib/python3.10/site-packages/airflow/example_dags/example_branch_datetime_operator.py
[2023-06-11T00:24:45.691+0200] {processor.py:768} INFO - DAG(s) dict_keys(['example_branch_datetime_operator_2', 'example_branch_datetime_operator_3', 'example_branch_datetime_operator']) retrieved from /home/nanah/airflow_venv/lib/python3.10/site-packages/airflow/example_dags/example_branch_datetime_operator.py
[2023-06-11T00:24:45.847+0200] {logging_mixin.py:117} INFO - [2023-06-11T00:24:45.846+0200] {dag.py:2573} INFO - Sync 3 DAGs
[2023-06-11T00:24:45.968+0200] {logging_mixin.py:117} INFO - [2023-06-11T00:24:45.963+0200] {dag.py:3324} INFO - Setting next_dagrun for example_branch_datetime_operator to 2023-06-09T00:00:00+00:00, run_after=2023-06-10T00:00:00+00:00
[2023-06-11T00:24:45.990+0200] {logging_mixin.py:117} INFO - [2023-06-11T00:24:45.990+0200] {dag.py:3324} INFO - Setting next_dagrun for example_branch_datetime_operator_2 to 2023-06-09T00:00:00+00:00, run_after=2023-06-10T00:00:00+00:00
[2023-06-11T00:24:46.000+0200] {logging_mixin.py:117} INFO - [2023-06-11T00:24:45.998+0200] {dag.py:3324} INFO - Setting next_dagrun for example_branch_datetime_operator_3 to 2023-06-09T00:00:00+00:00, run_after=2023-06-10T00:00:00+00:00
[2023-06-11T00:24:46.805+0200] {processor.py:178} INFO - Processing /home/nanah/airflow_venv/lib/python3.10/site-packages/airflow/example_dags/example_branch_datetime_operator.py took 1.217 seconds
[2023-06-11T00:27:25.344+0200] {processor.py:156} INFO - Started process (PID=5121) to work on /home/nanah/airflow_venv/lib/python3.10/site-packages/airflow/example_dags/example_branch_datetime_operator.py
[2023-06-11T00:27:25.353+0200] {processor.py:758} INFO - Processing file /home/nanah/airflow_venv/lib/python3.10/site-packages/airflow/example_dags/example_branch_datetime_operator.py for tasks to queue
[2023-06-11T00:27:25.354+0200] {logging_mixin.py:117} INFO - [2023-06-11T00:27:25.354+0200] {dagbag.py:525} INFO - Filling up the DagBag from /home/nanah/airflow_venv/lib/python3.10/site-packages/airflow/example_dags/example_branch_datetime_operator.py
[2023-06-11T00:27:25.409+0200] {processor.py:768} INFO - DAG(s) dict_keys(['example_branch_datetime_operator_2', 'example_branch_datetime_operator', 'example_branch_datetime_operator_3']) retrieved from /home/nanah/airflow_venv/lib/python3.10/site-packages/airflow/example_dags/example_branch_datetime_operator.py
[2023-06-11T00:27:25.493+0200] {logging_mixin.py:117} INFO - [2023-06-11T00:27:25.493+0200] {dag.py:2573} INFO - Sync 3 DAGs
[2023-06-11T00:27:25.881+0200] {logging_mixin.py:117} INFO - [2023-06-11T00:27:25.880+0200] {dag.py:3324} INFO - Setting next_dagrun for example_branch_datetime_operator to 2023-06-09T00:00:00+00:00, run_after=2023-06-10T00:00:00+00:00
[2023-06-11T00:27:25.895+0200] {logging_mixin.py:117} INFO - [2023-06-11T00:27:25.894+0200] {dag.py:3324} INFO - Setting next_dagrun for example_branch_datetime_operator_2 to 2023-06-09T00:00:00+00:00, run_after=2023-06-10T00:00:00+00:00
[2023-06-11T00:27:25.900+0200] {logging_mixin.py:117} INFO - [2023-06-11T00:27:25.899+0200] {dag.py:3324} INFO - Setting next_dagrun for example_branch_datetime_operator_3 to 2023-06-09T00:00:00+00:00, run_after=2023-06-10T00:00:00+00:00
[2023-06-11T00:27:25.956+0200] {processor.py:178} INFO - Processing /home/nanah/airflow_venv/lib/python3.10/site-packages/airflow/example_dags/example_branch_datetime_operator.py took 0.619 seconds
[2023-06-11T00:29:21.876+0200] {processor.py:156} INFO - Started process (PID=5191) to work on /home/nanah/airflow_venv/lib/python3.10/site-packages/airflow/example_dags/example_branch_datetime_operator.py
[2023-06-11T00:29:21.883+0200] {processor.py:758} INFO - Processing file /home/nanah/airflow_venv/lib/python3.10/site-packages/airflow/example_dags/example_branch_datetime_operator.py for tasks to queue
[2023-06-11T00:29:21.885+0200] {logging_mixin.py:117} INFO - [2023-06-11T00:29:21.885+0200] {dagbag.py:525} INFO - Filling up the DagBag from /home/nanah/airflow_venv/lib/python3.10/site-packages/airflow/example_dags/example_branch_datetime_operator.py
[2023-06-11T00:29:21.957+0200] {processor.py:768} INFO - DAG(s) dict_keys(['example_branch_datetime_operator_2', 'example_branch_datetime_operator_3', 'example_branch_datetime_operator']) retrieved from /home/nanah/airflow_venv/lib/python3.10/site-packages/airflow/example_dags/example_branch_datetime_operator.py
[2023-06-11T00:29:22.111+0200] {logging_mixin.py:117} INFO - [2023-06-11T00:29:22.111+0200] {dag.py:2573} INFO - Sync 3 DAGs
[2023-06-11T00:29:22.537+0200] {logging_mixin.py:117} INFO - [2023-06-11T00:29:22.536+0200] {dag.py:3324} INFO - Setting next_dagrun for example_branch_datetime_operator to 2023-06-09T00:00:00+00:00, run_after=2023-06-10T00:00:00+00:00
[2023-06-11T00:29:22.555+0200] {logging_mixin.py:117} INFO - [2023-06-11T00:29:22.554+0200] {dag.py:3324} INFO - Setting next_dagrun for example_branch_datetime_operator_2 to 2023-06-09T00:00:00+00:00, run_after=2023-06-10T00:00:00+00:00
[2023-06-11T00:29:22.562+0200] {logging_mixin.py:117} INFO - [2023-06-11T00:29:22.562+0200] {dag.py:3324} INFO - Setting next_dagrun for example_branch_datetime_operator_3 to 2023-06-09T00:00:00+00:00, run_after=2023-06-10T00:00:00+00:00
[2023-06-11T00:29:22.651+0200] {processor.py:178} INFO - Processing /home/nanah/airflow_venv/lib/python3.10/site-packages/airflow/example_dags/example_branch_datetime_operator.py took 0.783 seconds
[2023-06-11T00:31:31.618+0200] {processor.py:156} INFO - Started process (PID=5263) to work on /home/nanah/airflow_venv/lib/python3.10/site-packages/airflow/example_dags/example_branch_datetime_operator.py
[2023-06-11T00:31:31.627+0200] {processor.py:758} INFO - Processing file /home/nanah/airflow_venv/lib/python3.10/site-packages/airflow/example_dags/example_branch_datetime_operator.py for tasks to queue
[2023-06-11T00:31:31.630+0200] {logging_mixin.py:117} INFO - [2023-06-11T00:31:31.629+0200] {dagbag.py:525} INFO - Filling up the DagBag from /home/nanah/airflow_venv/lib/python3.10/site-packages/airflow/example_dags/example_branch_datetime_operator.py
[2023-06-11T00:31:31.686+0200] {processor.py:768} INFO - DAG(s) dict_keys(['example_branch_datetime_operator_3', 'example_branch_datetime_operator', 'example_branch_datetime_operator_2']) retrieved from /home/nanah/airflow_venv/lib/python3.10/site-packages/airflow/example_dags/example_branch_datetime_operator.py
[2023-06-11T00:31:32.167+0200] {logging_mixin.py:117} INFO - [2023-06-11T00:31:32.167+0200] {dag.py:2573} INFO - Sync 3 DAGs
[2023-06-11T00:31:32.218+0200] {logging_mixin.py:117} INFO - [2023-06-11T00:31:32.217+0200] {dag.py:3324} INFO - Setting next_dagrun for example_branch_datetime_operator to 2023-06-09T00:00:00+00:00, run_after=2023-06-10T00:00:00+00:00
[2023-06-11T00:31:32.231+0200] {logging_mixin.py:117} INFO - [2023-06-11T00:31:32.230+0200] {dag.py:3324} INFO - Setting next_dagrun for example_branch_datetime_operator_2 to 2023-06-09T00:00:00+00:00, run_after=2023-06-10T00:00:00+00:00
[2023-06-11T00:31:32.236+0200] {logging_mixin.py:117} INFO - [2023-06-11T00:31:32.236+0200] {dag.py:3324} INFO - Setting next_dagrun for example_branch_datetime_operator_3 to 2023-06-09T00:00:00+00:00, run_after=2023-06-10T00:00:00+00:00
[2023-06-11T00:31:32.543+0200] {processor.py:178} INFO - Processing /home/nanah/airflow_venv/lib/python3.10/site-packages/airflow/example_dags/example_branch_datetime_operator.py took 0.931 seconds
[2023-06-11T00:33:20.695+0200] {processor.py:156} INFO - Started process (PID=5334) to work on /home/nanah/airflow_venv/lib/python3.10/site-packages/airflow/example_dags/example_branch_datetime_operator.py
[2023-06-11T00:33:20.700+0200] {processor.py:758} INFO - Processing file /home/nanah/airflow_venv/lib/python3.10/site-packages/airflow/example_dags/example_branch_datetime_operator.py for tasks to queue
[2023-06-11T00:33:20.702+0200] {logging_mixin.py:117} INFO - [2023-06-11T00:33:20.702+0200] {dagbag.py:525} INFO - Filling up the DagBag from /home/nanah/airflow_venv/lib/python3.10/site-packages/airflow/example_dags/example_branch_datetime_operator.py
[2023-06-11T00:33:21.065+0200] {processor.py:768} INFO - DAG(s) dict_keys(['example_branch_datetime_operator_2', 'example_branch_datetime_operator_3', 'example_branch_datetime_operator']) retrieved from /home/nanah/airflow_venv/lib/python3.10/site-packages/airflow/example_dags/example_branch_datetime_operator.py
[2023-06-11T00:33:21.127+0200] {logging_mixin.py:117} INFO - [2023-06-11T00:33:21.126+0200] {dag.py:2573} INFO - Sync 3 DAGs
[2023-06-11T00:33:21.183+0200] {logging_mixin.py:117} INFO - [2023-06-11T00:33:21.183+0200] {dag.py:3324} INFO - Setting next_dagrun for example_branch_datetime_operator to 2023-06-09T00:00:00+00:00, run_after=2023-06-10T00:00:00+00:00
[2023-06-11T00:33:21.198+0200] {logging_mixin.py:117} INFO - [2023-06-11T00:33:21.198+0200] {dag.py:3324} INFO - Setting next_dagrun for example_branch_datetime_operator_2 to 2023-06-09T00:00:00+00:00, run_after=2023-06-10T00:00:00+00:00
[2023-06-11T00:33:21.203+0200] {logging_mixin.py:117} INFO - [2023-06-11T00:33:21.203+0200] {dag.py:3324} INFO - Setting next_dagrun for example_branch_datetime_operator_3 to 2023-06-09T00:00:00+00:00, run_after=2023-06-10T00:00:00+00:00
[2023-06-11T00:33:21.258+0200] {processor.py:178} INFO - Processing /home/nanah/airflow_venv/lib/python3.10/site-packages/airflow/example_dags/example_branch_datetime_operator.py took 0.572 seconds
[2023-06-11T00:35:24.192+0200] {processor.py:156} INFO - Started process (PID=5408) to work on /home/nanah/airflow_venv/lib/python3.10/site-packages/airflow/example_dags/example_branch_datetime_operator.py
[2023-06-11T00:35:24.200+0200] {processor.py:758} INFO - Processing file /home/nanah/airflow_venv/lib/python3.10/site-packages/airflow/example_dags/example_branch_datetime_operator.py for tasks to queue
[2023-06-11T00:35:24.207+0200] {logging_mixin.py:117} INFO - [2023-06-11T00:35:24.207+0200] {dagbag.py:525} INFO - Filling up the DagBag from /home/nanah/airflow_venv/lib/python3.10/site-packages/airflow/example_dags/example_branch_datetime_operator.py
[2023-06-11T00:35:24.275+0200] {processor.py:768} INFO - DAG(s) dict_keys(['example_branch_datetime_operator_2', 'example_branch_datetime_operator_3', 'example_branch_datetime_operator']) retrieved from /home/nanah/airflow_venv/lib/python3.10/site-packages/airflow/example_dags/example_branch_datetime_operator.py
[2023-06-11T00:35:24.343+0200] {logging_mixin.py:117} INFO - [2023-06-11T00:35:24.342+0200] {dag.py:2573} INFO - Sync 3 DAGs
[2023-06-11T00:35:24.389+0200] {logging_mixin.py:117} INFO - [2023-06-11T00:35:24.389+0200] {dag.py:3324} INFO - Setting next_dagrun for example_branch_datetime_operator to 2023-06-09T00:00:00+00:00, run_after=2023-06-10T00:00:00+00:00
[2023-06-11T00:35:24.402+0200] {logging_mixin.py:117} INFO - [2023-06-11T00:35:24.401+0200] {dag.py:3324} INFO - Setting next_dagrun for example_branch_datetime_operator_2 to 2023-06-09T00:00:00+00:00, run_after=2023-06-10T00:00:00+00:00
[2023-06-11T00:35:24.407+0200] {logging_mixin.py:117} INFO - [2023-06-11T00:35:24.407+0200] {dag.py:3324} INFO - Setting next_dagrun for example_branch_datetime_operator_3 to 2023-06-09T00:00:00+00:00, run_after=2023-06-10T00:00:00+00:00
[2023-06-11T00:35:24.448+0200] {processor.py:178} INFO - Processing /home/nanah/airflow_venv/lib/python3.10/site-packages/airflow/example_dags/example_branch_datetime_operator.py took 0.262 seconds
[2023-06-11T00:36:52.010+0200] {processor.py:156} INFO - Started process (PID=5475) to work on /home/nanah/airflow_venv/lib/python3.10/site-packages/airflow/example_dags/example_branch_datetime_operator.py
[2023-06-11T00:36:52.020+0200] {processor.py:758} INFO - Processing file /home/nanah/airflow_venv/lib/python3.10/site-packages/airflow/example_dags/example_branch_datetime_operator.py for tasks to queue
[2023-06-11T00:36:52.022+0200] {logging_mixin.py:117} INFO - [2023-06-11T00:36:52.021+0200] {dagbag.py:525} INFO - Filling up the DagBag from /home/nanah/airflow_venv/lib/python3.10/site-packages/airflow/example_dags/example_branch_datetime_operator.py
[2023-06-11T00:36:52.064+0200] {processor.py:768} INFO - DAG(s) dict_keys(['example_branch_datetime_operator_3', 'example_branch_datetime_operator_2', 'example_branch_datetime_operator']) retrieved from /home/nanah/airflow_venv/lib/python3.10/site-packages/airflow/example_dags/example_branch_datetime_operator.py
[2023-06-11T00:36:52.178+0200] {logging_mixin.py:117} INFO - [2023-06-11T00:36:52.178+0200] {dag.py:2573} INFO - Sync 3 DAGs
[2023-06-11T00:36:52.329+0200] {logging_mixin.py:117} INFO - [2023-06-11T00:36:52.329+0200] {dag.py:3324} INFO - Setting next_dagrun for example_branch_datetime_operator to 2023-06-09T00:00:00+00:00, run_after=2023-06-10T00:00:00+00:00
[2023-06-11T00:36:52.360+0200] {logging_mixin.py:117} INFO - [2023-06-11T00:36:52.360+0200] {dag.py:3324} INFO - Setting next_dagrun for example_branch_datetime_operator_2 to 2023-06-09T00:00:00+00:00, run_after=2023-06-10T00:00:00+00:00
[2023-06-11T00:36:52.376+0200] {logging_mixin.py:117} INFO - [2023-06-11T00:36:52.376+0200] {dag.py:3324} INFO - Setting next_dagrun for example_branch_datetime_operator_3 to 2023-06-09T00:00:00+00:00, run_after=2023-06-10T00:00:00+00:00
[2023-06-11T00:36:52.662+0200] {processor.py:178} INFO - Processing /home/nanah/airflow_venv/lib/python3.10/site-packages/airflow/example_dags/example_branch_datetime_operator.py took 0.660 seconds
[2023-06-11T00:38:30.595+0200] {processor.py:156} INFO - Started process (PID=5543) to work on /home/nanah/airflow_venv/lib/python3.10/site-packages/airflow/example_dags/example_branch_datetime_operator.py
[2023-06-11T00:38:30.600+0200] {processor.py:758} INFO - Processing file /home/nanah/airflow_venv/lib/python3.10/site-packages/airflow/example_dags/example_branch_datetime_operator.py for tasks to queue
[2023-06-11T00:38:30.602+0200] {logging_mixin.py:117} INFO - [2023-06-11T00:38:30.602+0200] {dagbag.py:525} INFO - Filling up the DagBag from /home/nanah/airflow_venv/lib/python3.10/site-packages/airflow/example_dags/example_branch_datetime_operator.py
[2023-06-11T00:38:30.645+0200] {processor.py:768} INFO - DAG(s) dict_keys(['example_branch_datetime_operator_2', 'example_branch_datetime_operator_3', 'example_branch_datetime_operator']) retrieved from /home/nanah/airflow_venv/lib/python3.10/site-packages/airflow/example_dags/example_branch_datetime_operator.py
[2023-06-11T00:38:30.727+0200] {logging_mixin.py:117} INFO - [2023-06-11T00:38:30.726+0200] {dag.py:2573} INFO - Sync 3 DAGs
[2023-06-11T00:38:30.794+0200] {logging_mixin.py:117} INFO - [2023-06-11T00:38:30.794+0200] {dag.py:3324} INFO - Setting next_dagrun for example_branch_datetime_operator to 2023-06-09T00:00:00+00:00, run_after=2023-06-10T00:00:00+00:00
[2023-06-11T00:38:30.808+0200] {logging_mixin.py:117} INFO - [2023-06-11T00:38:30.807+0200] {dag.py:3324} INFO - Setting next_dagrun for example_branch_datetime_operator_2 to 2023-06-09T00:00:00+00:00, run_after=2023-06-10T00:00:00+00:00
[2023-06-11T00:38:30.826+0200] {logging_mixin.py:117} INFO - [2023-06-11T00:38:30.814+0200] {dag.py:3324} INFO - Setting next_dagrun for example_branch_datetime_operator_3 to 2023-06-09T00:00:00+00:00, run_after=2023-06-10T00:00:00+00:00
[2023-06-11T00:38:30.894+0200] {processor.py:178} INFO - Processing /home/nanah/airflow_venv/lib/python3.10/site-packages/airflow/example_dags/example_branch_datetime_operator.py took 0.308 seconds
[2023-06-11T00:39:57.054+0200] {processor.py:156} INFO - Started process (PID=5612) to work on /home/nanah/airflow_venv/lib/python3.10/site-packages/airflow/example_dags/example_branch_datetime_operator.py
[2023-06-11T00:39:57.060+0200] {processor.py:758} INFO - Processing file /home/nanah/airflow_venv/lib/python3.10/site-packages/airflow/example_dags/example_branch_datetime_operator.py for tasks to queue
[2023-06-11T00:39:57.062+0200] {logging_mixin.py:117} INFO - [2023-06-11T00:39:57.061+0200] {dagbag.py:525} INFO - Filling up the DagBag from /home/nanah/airflow_venv/lib/python3.10/site-packages/airflow/example_dags/example_branch_datetime_operator.py
[2023-06-11T00:39:57.107+0200] {processor.py:768} INFO - DAG(s) dict_keys(['example_branch_datetime_operator_2', 'example_branch_datetime_operator_3', 'example_branch_datetime_operator']) retrieved from /home/nanah/airflow_venv/lib/python3.10/site-packages/airflow/example_dags/example_branch_datetime_operator.py
[2023-06-11T00:39:57.181+0200] {logging_mixin.py:117} INFO - [2023-06-11T00:39:57.180+0200] {dag.py:2573} INFO - Sync 3 DAGs
[2023-06-11T00:39:57.233+0200] {logging_mixin.py:117} INFO - [2023-06-11T00:39:57.232+0200] {dag.py:3324} INFO - Setting next_dagrun for example_branch_datetime_operator to 2023-06-09T00:00:00+00:00, run_after=2023-06-10T00:00:00+00:00
[2023-06-11T00:39:57.248+0200] {logging_mixin.py:117} INFO - [2023-06-11T00:39:57.248+0200] {dag.py:3324} INFO - Setting next_dagrun for example_branch_datetime_operator_2 to 2023-06-09T00:00:00+00:00, run_after=2023-06-10T00:00:00+00:00
[2023-06-11T00:39:57.254+0200] {logging_mixin.py:117} INFO - [2023-06-11T00:39:57.253+0200] {dag.py:3324} INFO - Setting next_dagrun for example_branch_datetime_operator_3 to 2023-06-09T00:00:00+00:00, run_after=2023-06-10T00:00:00+00:00
[2023-06-11T00:39:57.311+0200] {processor.py:178} INFO - Processing /home/nanah/airflow_venv/lib/python3.10/site-packages/airflow/example_dags/example_branch_datetime_operator.py took 0.267 seconds
[2023-06-11T00:41:23.630+0200] {processor.py:156} INFO - Started process (PID=5680) to work on /home/nanah/airflow_venv/lib/python3.10/site-packages/airflow/example_dags/example_branch_datetime_operator.py
[2023-06-11T00:41:23.633+0200] {processor.py:758} INFO - Processing file /home/nanah/airflow_venv/lib/python3.10/site-packages/airflow/example_dags/example_branch_datetime_operator.py for tasks to queue
[2023-06-11T00:41:23.635+0200] {logging_mixin.py:117} INFO - [2023-06-11T00:41:23.634+0200] {dagbag.py:525} INFO - Filling up the DagBag from /home/nanah/airflow_venv/lib/python3.10/site-packages/airflow/example_dags/example_branch_datetime_operator.py
[2023-06-11T00:41:23.688+0200] {processor.py:768} INFO - DAG(s) dict_keys(['example_branch_datetime_operator', 'example_branch_datetime_operator_2', 'example_branch_datetime_operator_3']) retrieved from /home/nanah/airflow_venv/lib/python3.10/site-packages/airflow/example_dags/example_branch_datetime_operator.py
[2023-06-11T00:41:23.773+0200] {logging_mixin.py:117} INFO - [2023-06-11T00:41:23.773+0200] {dag.py:2573} INFO - Sync 3 DAGs
[2023-06-11T00:41:23.825+0200] {logging_mixin.py:117} INFO - [2023-06-11T00:41:23.824+0200] {dag.py:3324} INFO - Setting next_dagrun for example_branch_datetime_operator to 2023-06-09T00:00:00+00:00, run_after=2023-06-10T00:00:00+00:00
[2023-06-11T00:41:23.837+0200] {logging_mixin.py:117} INFO - [2023-06-11T00:41:23.837+0200] {dag.py:3324} INFO - Setting next_dagrun for example_branch_datetime_operator_2 to 2023-06-09T00:00:00+00:00, run_after=2023-06-10T00:00:00+00:00
[2023-06-11T00:41:23.844+0200] {logging_mixin.py:117} INFO - [2023-06-11T00:41:23.842+0200] {dag.py:3324} INFO - Setting next_dagrun for example_branch_datetime_operator_3 to 2023-06-09T00:00:00+00:00, run_after=2023-06-10T00:00:00+00:00
[2023-06-11T00:41:23.892+0200] {processor.py:178} INFO - Processing /home/nanah/airflow_venv/lib/python3.10/site-packages/airflow/example_dags/example_branch_datetime_operator.py took 0.272 seconds
[2023-06-11T00:42:59.370+0200] {processor.py:156} INFO - Started process (PID=5752) to work on /home/nanah/airflow_venv/lib/python3.10/site-packages/airflow/example_dags/example_branch_datetime_operator.py
[2023-06-11T00:42:59.379+0200] {processor.py:758} INFO - Processing file /home/nanah/airflow_venv/lib/python3.10/site-packages/airflow/example_dags/example_branch_datetime_operator.py for tasks to queue
[2023-06-11T00:42:59.381+0200] {logging_mixin.py:117} INFO - [2023-06-11T00:42:59.380+0200] {dagbag.py:525} INFO - Filling up the DagBag from /home/nanah/airflow_venv/lib/python3.10/site-packages/airflow/example_dags/example_branch_datetime_operator.py
[2023-06-11T00:42:59.436+0200] {processor.py:768} INFO - DAG(s) dict_keys(['example_branch_datetime_operator_3', 'example_branch_datetime_operator', 'example_branch_datetime_operator_2']) retrieved from /home/nanah/airflow_venv/lib/python3.10/site-packages/airflow/example_dags/example_branch_datetime_operator.py
[2023-06-11T00:42:59.523+0200] {logging_mixin.py:117} INFO - [2023-06-11T00:42:59.523+0200] {dag.py:2573} INFO - Sync 3 DAGs
[2023-06-11T00:42:59.582+0200] {logging_mixin.py:117} INFO - [2023-06-11T00:42:59.581+0200] {dag.py:3324} INFO - Setting next_dagrun for example_branch_datetime_operator to 2023-06-09T00:00:00+00:00, run_after=2023-06-10T00:00:00+00:00
[2023-06-11T00:42:59.597+0200] {logging_mixin.py:117} INFO - [2023-06-11T00:42:59.593+0200] {dag.py:3324} INFO - Setting next_dagrun for example_branch_datetime_operator_2 to 2023-06-09T00:00:00+00:00, run_after=2023-06-10T00:00:00+00:00
[2023-06-11T00:42:59.603+0200] {logging_mixin.py:117} INFO - [2023-06-11T00:42:59.603+0200] {dag.py:3324} INFO - Setting next_dagrun for example_branch_datetime_operator_3 to 2023-06-09T00:00:00+00:00, run_after=2023-06-10T00:00:00+00:00
[2023-06-11T00:42:59.661+0200] {processor.py:178} INFO - Processing /home/nanah/airflow_venv/lib/python3.10/site-packages/airflow/example_dags/example_branch_datetime_operator.py took 0.308 seconds
[2023-06-11T00:44:27.785+0200] {processor.py:156} INFO - Started process (PID=5820) to work on /home/nanah/airflow_venv/lib/python3.10/site-packages/airflow/example_dags/example_branch_datetime_operator.py
[2023-06-11T00:44:27.796+0200] {processor.py:758} INFO - Processing file /home/nanah/airflow_venv/lib/python3.10/site-packages/airflow/example_dags/example_branch_datetime_operator.py for tasks to queue
[2023-06-11T00:44:27.798+0200] {logging_mixin.py:117} INFO - [2023-06-11T00:44:27.798+0200] {dagbag.py:525} INFO - Filling up the DagBag from /home/nanah/airflow_venv/lib/python3.10/site-packages/airflow/example_dags/example_branch_datetime_operator.py
[2023-06-11T00:44:27.871+0200] {processor.py:768} INFO - DAG(s) dict_keys(['example_branch_datetime_operator', 'example_branch_datetime_operator_2', 'example_branch_datetime_operator_3']) retrieved from /home/nanah/airflow_venv/lib/python3.10/site-packages/airflow/example_dags/example_branch_datetime_operator.py
[2023-06-11T00:44:28.058+0200] {logging_mixin.py:117} INFO - [2023-06-11T00:44:28.057+0200] {dag.py:2573} INFO - Sync 3 DAGs
[2023-06-11T00:44:28.205+0200] {logging_mixin.py:117} INFO - [2023-06-11T00:44:28.205+0200] {dag.py:3324} INFO - Setting next_dagrun for example_branch_datetime_operator to 2023-06-09T00:00:00+00:00, run_after=2023-06-10T00:00:00+00:00
[2023-06-11T00:44:28.230+0200] {logging_mixin.py:117} INFO - [2023-06-11T00:44:28.229+0200] {dag.py:3324} INFO - Setting next_dagrun for example_branch_datetime_operator_2 to 2023-06-09T00:00:00+00:00, run_after=2023-06-10T00:00:00+00:00
[2023-06-11T00:44:28.254+0200] {logging_mixin.py:117} INFO - [2023-06-11T00:44:28.253+0200] {dag.py:3324} INFO - Setting next_dagrun for example_branch_datetime_operator_3 to 2023-06-09T00:00:00+00:00, run_after=2023-06-10T00:00:00+00:00
[2023-06-11T00:44:28.377+0200] {processor.py:178} INFO - Processing /home/nanah/airflow_venv/lib/python3.10/site-packages/airflow/example_dags/example_branch_datetime_operator.py took 0.658 seconds
