[2023-06-11T00:12:14.579+0200] {processor.py:156} INFO - Started process (PID=4617) to work on /home/nanah/airflow_venv/lib/python3.10/site-packages/airflow/example_dags/example_task_group_decorator.py
[2023-06-11T00:12:14.581+0200] {processor.py:758} INFO - Processing file /home/nanah/airflow_venv/lib/python3.10/site-packages/airflow/example_dags/example_task_group_decorator.py for tasks to queue
[2023-06-11T00:12:14.583+0200] {logging_mixin.py:117} INFO - [2023-06-11T00:12:14.582+0200] {dagbag.py:525} INFO - Filling up the DagBag from /home/nanah/airflow_venv/lib/python3.10/site-packages/airflow/example_dags/example_task_group_decorator.py
[2023-06-11T00:12:14.693+0200] {processor.py:768} INFO - DAG(s) dict_keys(['example_task_group_decorator']) retrieved from /home/nanah/airflow_venv/lib/python3.10/site-packages/airflow/example_dags/example_task_group_decorator.py
[2023-06-11T00:12:14.755+0200] {logging_mixin.py:117} INFO - [2023-06-11T00:12:14.754+0200] {dag.py:2573} INFO - Sync 1 DAGs
[2023-06-11T00:12:14.801+0200] {logging_mixin.py:117} INFO - [2023-06-11T00:12:14.800+0200] {dag.py:3324} INFO - Setting next_dagrun for example_task_group_decorator to 2023-06-09T22:12:14.800260+00:00, run_after=2023-06-10T22:12:14.800260+00:00
[2023-06-11T00:12:14.862+0200] {processor.py:178} INFO - Processing /home/nanah/airflow_venv/lib/python3.10/site-packages/airflow/example_dags/example_task_group_decorator.py took 0.291 seconds
[2023-06-11T00:13:19.193+0200] {processor.py:156} INFO - Started process (PID=4654) to work on /home/nanah/airflow_venv/lib/python3.10/site-packages/airflow/example_dags/example_task_group_decorator.py
[2023-06-11T00:13:19.199+0200] {processor.py:758} INFO - Processing file /home/nanah/airflow_venv/lib/python3.10/site-packages/airflow/example_dags/example_task_group_decorator.py for tasks to queue
[2023-06-11T00:13:19.244+0200] {logging_mixin.py:117} INFO - [2023-06-11T00:13:19.202+0200] {dagbag.py:525} INFO - Filling up the DagBag from /home/nanah/airflow_venv/lib/python3.10/site-packages/airflow/example_dags/example_task_group_decorator.py
[2023-06-11T00:13:20.313+0200] {processor.py:768} INFO - DAG(s) dict_keys(['example_task_group_decorator']) retrieved from /home/nanah/airflow_venv/lib/python3.10/site-packages/airflow/example_dags/example_task_group_decorator.py
[2023-06-11T00:13:21.087+0200] {logging_mixin.py:117} INFO - [2023-06-11T00:13:21.087+0200] {dag.py:2573} INFO - Sync 1 DAGs
[2023-06-11T00:13:21.234+0200] {logging_mixin.py:117} INFO - [2023-06-11T00:13:21.234+0200] {dag.py:3324} INFO - Setting next_dagrun for example_task_group_decorator to 2023-06-09T22:13:21.233568+00:00, run_after=2023-06-10T22:13:21.233568+00:00
[2023-06-11T00:13:22.126+0200] {processor.py:178} INFO - Processing /home/nanah/airflow_venv/lib/python3.10/site-packages/airflow/example_dags/example_task_group_decorator.py took 2.944 seconds
[2023-06-11T00:14:35.379+0200] {processor.py:156} INFO - Started process (PID=4690) to work on /home/nanah/airflow_venv/lib/python3.10/site-packages/airflow/example_dags/example_task_group_decorator.py
[2023-06-11T00:14:35.389+0200] {processor.py:758} INFO - Processing file /home/nanah/airflow_venv/lib/python3.10/site-packages/airflow/example_dags/example_task_group_decorator.py for tasks to queue
[2023-06-11T00:14:35.394+0200] {logging_mixin.py:117} INFO - [2023-06-11T00:14:35.393+0200] {dagbag.py:525} INFO - Filling up the DagBag from /home/nanah/airflow_venv/lib/python3.10/site-packages/airflow/example_dags/example_task_group_decorator.py
[2023-06-11T00:14:35.557+0200] {processor.py:768} INFO - DAG(s) dict_keys(['example_task_group_decorator']) retrieved from /home/nanah/airflow_venv/lib/python3.10/site-packages/airflow/example_dags/example_task_group_decorator.py
[2023-06-11T00:14:35.622+0200] {logging_mixin.py:117} INFO - [2023-06-11T00:14:35.622+0200] {dag.py:2573} INFO - Sync 1 DAGs
[2023-06-11T00:14:35.671+0200] {logging_mixin.py:117} INFO - [2023-06-11T00:14:35.671+0200] {dag.py:3324} INFO - Setting next_dagrun for example_task_group_decorator to 2023-06-09T22:14:35.670181+00:00, run_after=2023-06-10T22:14:35.670181+00:00
[2023-06-11T00:14:35.728+0200] {processor.py:178} INFO - Processing /home/nanah/airflow_venv/lib/python3.10/site-packages/airflow/example_dags/example_task_group_decorator.py took 0.379 seconds
[2023-06-11T00:16:13.630+0200] {processor.py:156} INFO - Started process (PID=4739) to work on /home/nanah/airflow_venv/lib/python3.10/site-packages/airflow/example_dags/example_task_group_decorator.py
[2023-06-11T00:16:13.636+0200] {processor.py:758} INFO - Processing file /home/nanah/airflow_venv/lib/python3.10/site-packages/airflow/example_dags/example_task_group_decorator.py for tasks to queue
[2023-06-11T00:16:13.639+0200] {logging_mixin.py:117} INFO - [2023-06-11T00:16:13.638+0200] {dagbag.py:525} INFO - Filling up the DagBag from /home/nanah/airflow_venv/lib/python3.10/site-packages/airflow/example_dags/example_task_group_decorator.py
[2023-06-11T00:16:13.927+0200] {processor.py:768} INFO - DAG(s) dict_keys(['example_task_group_decorator']) retrieved from /home/nanah/airflow_venv/lib/python3.10/site-packages/airflow/example_dags/example_task_group_decorator.py
[2023-06-11T00:16:14.067+0200] {logging_mixin.py:117} INFO - [2023-06-11T00:16:14.067+0200] {dag.py:2573} INFO - Sync 1 DAGs
[2023-06-11T00:16:14.129+0200] {logging_mixin.py:117} INFO - [2023-06-11T00:16:14.129+0200] {dag.py:3324} INFO - Setting next_dagrun for example_task_group_decorator to 2023-06-09T22:16:14.128322+00:00, run_after=2023-06-10T22:16:14.128322+00:00
[2023-06-11T00:16:14.245+0200] {processor.py:178} INFO - Processing /home/nanah/airflow_venv/lib/python3.10/site-packages/airflow/example_dags/example_task_group_decorator.py took 0.623 seconds
[2023-06-11T00:17:08.045+0200] {processor.py:156} INFO - Started process (PID=4780) to work on /home/nanah/airflow_venv/lib/python3.10/site-packages/airflow/example_dags/example_task_group_decorator.py
[2023-06-11T00:17:08.049+0200] {processor.py:758} INFO - Processing file /home/nanah/airflow_venv/lib/python3.10/site-packages/airflow/example_dags/example_task_group_decorator.py for tasks to queue
[2023-06-11T00:17:08.050+0200] {logging_mixin.py:117} INFO - [2023-06-11T00:17:08.050+0200] {dagbag.py:525} INFO - Filling up the DagBag from /home/nanah/airflow_venv/lib/python3.10/site-packages/airflow/example_dags/example_task_group_decorator.py
[2023-06-11T00:17:08.134+0200] {processor.py:768} INFO - DAG(s) dict_keys(['example_task_group_decorator']) retrieved from /home/nanah/airflow_venv/lib/python3.10/site-packages/airflow/example_dags/example_task_group_decorator.py
[2023-06-11T00:17:08.193+0200] {logging_mixin.py:117} INFO - [2023-06-11T00:17:08.192+0200] {dag.py:2573} INFO - Sync 1 DAGs
[2023-06-11T00:17:08.240+0200] {logging_mixin.py:117} INFO - [2023-06-11T00:17:08.239+0200] {dag.py:3324} INFO - Setting next_dagrun for example_task_group_decorator to 2023-06-09T22:17:08.239215+00:00, run_after=2023-06-10T22:17:08.239215+00:00
[2023-06-11T00:17:08.305+0200] {processor.py:178} INFO - Processing /home/nanah/airflow_venv/lib/python3.10/site-packages/airflow/example_dags/example_task_group_decorator.py took 0.268 seconds
[2023-06-11T00:17:58.258+0200] {processor.py:156} INFO - Started process (PID=4815) to work on /home/nanah/airflow_venv/lib/python3.10/site-packages/airflow/example_dags/example_task_group_decorator.py
[2023-06-11T00:17:58.269+0200] {processor.py:758} INFO - Processing file /home/nanah/airflow_venv/lib/python3.10/site-packages/airflow/example_dags/example_task_group_decorator.py for tasks to queue
[2023-06-11T00:17:58.271+0200] {logging_mixin.py:117} INFO - [2023-06-11T00:17:58.270+0200] {dagbag.py:525} INFO - Filling up the DagBag from /home/nanah/airflow_venv/lib/python3.10/site-packages/airflow/example_dags/example_task_group_decorator.py
[2023-06-11T00:17:58.340+0200] {processor.py:768} INFO - DAG(s) dict_keys(['example_task_group_decorator']) retrieved from /home/nanah/airflow_venv/lib/python3.10/site-packages/airflow/example_dags/example_task_group_decorator.py
[2023-06-11T00:17:58.396+0200] {logging_mixin.py:117} INFO - [2023-06-11T00:17:58.396+0200] {dag.py:2573} INFO - Sync 1 DAGs
[2023-06-11T00:17:58.439+0200] {logging_mixin.py:117} INFO - [2023-06-11T00:17:58.439+0200] {dag.py:3324} INFO - Setting next_dagrun for example_task_group_decorator to 2023-06-09T22:17:58.439014+00:00, run_after=2023-06-10T22:17:58.439014+00:00
[2023-06-11T00:17:58.496+0200] {processor.py:178} INFO - Processing /home/nanah/airflow_venv/lib/python3.10/site-packages/airflow/example_dags/example_task_group_decorator.py took 0.244 seconds
[2023-06-11T00:18:43.532+0200] {processor.py:156} INFO - Started process (PID=4850) to work on /home/nanah/airflow_venv/lib/python3.10/site-packages/airflow/example_dags/example_task_group_decorator.py
[2023-06-11T00:18:43.536+0200] {processor.py:758} INFO - Processing file /home/nanah/airflow_venv/lib/python3.10/site-packages/airflow/example_dags/example_task_group_decorator.py for tasks to queue
[2023-06-11T00:18:43.538+0200] {logging_mixin.py:117} INFO - [2023-06-11T00:18:43.537+0200] {dagbag.py:525} INFO - Filling up the DagBag from /home/nanah/airflow_venv/lib/python3.10/site-packages/airflow/example_dags/example_task_group_decorator.py
[2023-06-11T00:18:43.609+0200] {processor.py:768} INFO - DAG(s) dict_keys(['example_task_group_decorator']) retrieved from /home/nanah/airflow_venv/lib/python3.10/site-packages/airflow/example_dags/example_task_group_decorator.py
[2023-06-11T00:18:43.669+0200] {logging_mixin.py:117} INFO - [2023-06-11T00:18:43.668+0200] {dag.py:2573} INFO - Sync 1 DAGs
[2023-06-11T00:18:43.711+0200] {logging_mixin.py:117} INFO - [2023-06-11T00:18:43.711+0200] {dag.py:3324} INFO - Setting next_dagrun for example_task_group_decorator to 2023-06-09T22:18:43.710997+00:00, run_after=2023-06-10T22:18:43.710997+00:00
[2023-06-11T00:18:43.776+0200] {processor.py:178} INFO - Processing /home/nanah/airflow_venv/lib/python3.10/site-packages/airflow/example_dags/example_task_group_decorator.py took 0.250 seconds
[2023-06-11T00:19:38.339+0200] {processor.py:156} INFO - Started process (PID=4885) to work on /home/nanah/airflow_venv/lib/python3.10/site-packages/airflow/example_dags/example_task_group_decorator.py
[2023-06-11T00:19:38.346+0200] {processor.py:758} INFO - Processing file /home/nanah/airflow_venv/lib/python3.10/site-packages/airflow/example_dags/example_task_group_decorator.py for tasks to queue
[2023-06-11T00:19:38.348+0200] {logging_mixin.py:117} INFO - [2023-06-11T00:19:38.348+0200] {dagbag.py:525} INFO - Filling up the DagBag from /home/nanah/airflow_venv/lib/python3.10/site-packages/airflow/example_dags/example_task_group_decorator.py
[2023-06-11T00:19:38.536+0200] {processor.py:768} INFO - DAG(s) dict_keys(['example_task_group_decorator']) retrieved from /home/nanah/airflow_venv/lib/python3.10/site-packages/airflow/example_dags/example_task_group_decorator.py
[2023-06-11T00:19:38.695+0200] {logging_mixin.py:117} INFO - [2023-06-11T00:19:38.694+0200] {dag.py:2573} INFO - Sync 1 DAGs
[2023-06-11T00:19:38.827+0200] {logging_mixin.py:117} INFO - [2023-06-11T00:19:38.826+0200] {dag.py:3324} INFO - Setting next_dagrun for example_task_group_decorator to 2023-06-09T22:19:38.826263+00:00, run_after=2023-06-10T22:19:38.826263+00:00
[2023-06-11T00:19:39.145+0200] {processor.py:178} INFO - Processing /home/nanah/airflow_venv/lib/python3.10/site-packages/airflow/example_dags/example_task_group_decorator.py took 0.826 seconds
[2023-06-11T00:21:02.180+0200] {processor.py:156} INFO - Started process (PID=4929) to work on /home/nanah/airflow_venv/lib/python3.10/site-packages/airflow/example_dags/example_task_group_decorator.py
[2023-06-11T00:21:02.186+0200] {processor.py:758} INFO - Processing file /home/nanah/airflow_venv/lib/python3.10/site-packages/airflow/example_dags/example_task_group_decorator.py for tasks to queue
[2023-06-11T00:21:02.189+0200] {logging_mixin.py:117} INFO - [2023-06-11T00:21:02.188+0200] {dagbag.py:525} INFO - Filling up the DagBag from /home/nanah/airflow_venv/lib/python3.10/site-packages/airflow/example_dags/example_task_group_decorator.py
[2023-06-11T00:21:02.300+0200] {processor.py:768} INFO - DAG(s) dict_keys(['example_task_group_decorator']) retrieved from /home/nanah/airflow_venv/lib/python3.10/site-packages/airflow/example_dags/example_task_group_decorator.py
[2023-06-11T00:21:02.380+0200] {logging_mixin.py:117} INFO - [2023-06-11T00:21:02.380+0200] {dag.py:2573} INFO - Sync 1 DAGs
[2023-06-11T00:21:02.433+0200] {logging_mixin.py:117} INFO - [2023-06-11T00:21:02.432+0200] {dag.py:3324} INFO - Setting next_dagrun for example_task_group_decorator to 2023-06-09T22:21:02.432026+00:00, run_after=2023-06-10T22:21:02.432026+00:00
[2023-06-11T00:21:02.506+0200] {processor.py:178} INFO - Processing /home/nanah/airflow_venv/lib/python3.10/site-packages/airflow/example_dags/example_task_group_decorator.py took 0.334 seconds
[2023-06-11T00:22:13.537+0200] {processor.py:156} INFO - Started process (PID=4966) to work on /home/nanah/airflow_venv/lib/python3.10/site-packages/airflow/example_dags/example_task_group_decorator.py
[2023-06-11T00:22:13.545+0200] {processor.py:758} INFO - Processing file /home/nanah/airflow_venv/lib/python3.10/site-packages/airflow/example_dags/example_task_group_decorator.py for tasks to queue
[2023-06-11T00:22:13.547+0200] {logging_mixin.py:117} INFO - [2023-06-11T00:22:13.546+0200] {dagbag.py:525} INFO - Filling up the DagBag from /home/nanah/airflow_venv/lib/python3.10/site-packages/airflow/example_dags/example_task_group_decorator.py
[2023-06-11T00:22:13.720+0200] {processor.py:768} INFO - DAG(s) dict_keys(['example_task_group_decorator']) retrieved from /home/nanah/airflow_venv/lib/python3.10/site-packages/airflow/example_dags/example_task_group_decorator.py
[2023-06-11T00:22:13.829+0200] {logging_mixin.py:117} INFO - [2023-06-11T00:22:13.828+0200] {dag.py:2573} INFO - Sync 1 DAGs
[2023-06-11T00:22:13.913+0200] {logging_mixin.py:117} INFO - [2023-06-11T00:22:13.913+0200] {dag.py:3324} INFO - Setting next_dagrun for example_task_group_decorator to 2023-06-09T22:22:13.912474+00:00, run_after=2023-06-10T22:22:13.912474+00:00
[2023-06-11T00:22:14.019+0200] {processor.py:178} INFO - Processing /home/nanah/airflow_venv/lib/python3.10/site-packages/airflow/example_dags/example_task_group_decorator.py took 0.493 seconds
[2023-06-11T00:23:08.577+0200] {processor.py:156} INFO - Started process (PID=5000) to work on /home/nanah/airflow_venv/lib/python3.10/site-packages/airflow/example_dags/example_task_group_decorator.py
[2023-06-11T00:23:08.583+0200] {processor.py:758} INFO - Processing file /home/nanah/airflow_venv/lib/python3.10/site-packages/airflow/example_dags/example_task_group_decorator.py for tasks to queue
[2023-06-11T00:23:08.585+0200] {logging_mixin.py:117} INFO - [2023-06-11T00:23:08.584+0200] {dagbag.py:525} INFO - Filling up the DagBag from /home/nanah/airflow_venv/lib/python3.10/site-packages/airflow/example_dags/example_task_group_decorator.py
[2023-06-11T00:23:08.677+0200] {processor.py:768} INFO - DAG(s) dict_keys(['example_task_group_decorator']) retrieved from /home/nanah/airflow_venv/lib/python3.10/site-packages/airflow/example_dags/example_task_group_decorator.py
[2023-06-11T00:23:08.758+0200] {logging_mixin.py:117} INFO - [2023-06-11T00:23:08.757+0200] {dag.py:2573} INFO - Sync 1 DAGs
[2023-06-11T00:23:08.828+0200] {logging_mixin.py:117} INFO - [2023-06-11T00:23:08.827+0200] {dag.py:3324} INFO - Setting next_dagrun for example_task_group_decorator to 2023-06-09T22:23:08.827056+00:00, run_after=2023-06-10T22:23:08.827056+00:00
[2023-06-11T00:23:08.893+0200] {processor.py:178} INFO - Processing /home/nanah/airflow_venv/lib/python3.10/site-packages/airflow/example_dags/example_task_group_decorator.py took 0.322 seconds
[2023-06-11T00:24:10.058+0200] {processor.py:156} INFO - Started process (PID=5034) to work on /home/nanah/airflow_venv/lib/python3.10/site-packages/airflow/example_dags/example_task_group_decorator.py
[2023-06-11T00:24:10.061+0200] {processor.py:758} INFO - Processing file /home/nanah/airflow_venv/lib/python3.10/site-packages/airflow/example_dags/example_task_group_decorator.py for tasks to queue
[2023-06-11T00:24:10.063+0200] {logging_mixin.py:117} INFO - [2023-06-11T00:24:10.062+0200] {dagbag.py:525} INFO - Filling up the DagBag from /home/nanah/airflow_venv/lib/python3.10/site-packages/airflow/example_dags/example_task_group_decorator.py
[2023-06-11T00:24:10.227+0200] {processor.py:768} INFO - DAG(s) dict_keys(['example_task_group_decorator']) retrieved from /home/nanah/airflow_venv/lib/python3.10/site-packages/airflow/example_dags/example_task_group_decorator.py
[2023-06-11T00:24:10.316+0200] {logging_mixin.py:117} INFO - [2023-06-11T00:24:10.315+0200] {dag.py:2573} INFO - Sync 1 DAGs
[2023-06-11T00:24:10.386+0200] {logging_mixin.py:117} INFO - [2023-06-11T00:24:10.386+0200] {dag.py:3324} INFO - Setting next_dagrun for example_task_group_decorator to 2023-06-09T22:24:10.385566+00:00, run_after=2023-06-10T22:24:10.385566+00:00
[2023-06-11T00:24:11.795+0200] {processor.py:178} INFO - Processing /home/nanah/airflow_venv/lib/python3.10/site-packages/airflow/example_dags/example_task_group_decorator.py took 1.775 seconds
[2023-06-11T00:26:00.926+0200] {processor.py:156} INFO - Started process (PID=5071) to work on /home/nanah/airflow_venv/lib/python3.10/site-packages/airflow/example_dags/example_task_group_decorator.py
[2023-06-11T00:26:00.930+0200] {processor.py:758} INFO - Processing file /home/nanah/airflow_venv/lib/python3.10/site-packages/airflow/example_dags/example_task_group_decorator.py for tasks to queue
[2023-06-11T00:26:00.932+0200] {logging_mixin.py:117} INFO - [2023-06-11T00:26:00.932+0200] {dagbag.py:525} INFO - Filling up the DagBag from /home/nanah/airflow_venv/lib/python3.10/site-packages/airflow/example_dags/example_task_group_decorator.py
[2023-06-11T00:26:01.065+0200] {processor.py:768} INFO - DAG(s) dict_keys(['example_task_group_decorator']) retrieved from /home/nanah/airflow_venv/lib/python3.10/site-packages/airflow/example_dags/example_task_group_decorator.py
[2023-06-11T00:26:01.146+0200] {logging_mixin.py:117} INFO - [2023-06-11T00:26:01.145+0200] {dag.py:2573} INFO - Sync 1 DAGs
[2023-06-11T00:26:01.481+0200] {logging_mixin.py:117} INFO - [2023-06-11T00:26:01.480+0200] {dag.py:3324} INFO - Setting next_dagrun for example_task_group_decorator to 2023-06-09T22:26:01.480491+00:00, run_after=2023-06-10T22:26:01.480491+00:00
[2023-06-11T00:26:01.537+0200] {processor.py:178} INFO - Processing /home/nanah/airflow_venv/lib/python3.10/site-packages/airflow/example_dags/example_task_group_decorator.py took 0.619 seconds
[2023-06-11T00:27:04.401+0200] {processor.py:156} INFO - Started process (PID=5108) to work on /home/nanah/airflow_venv/lib/python3.10/site-packages/airflow/example_dags/example_task_group_decorator.py
[2023-06-11T00:27:04.406+0200] {processor.py:758} INFO - Processing file /home/nanah/airflow_venv/lib/python3.10/site-packages/airflow/example_dags/example_task_group_decorator.py for tasks to queue
[2023-06-11T00:27:04.407+0200] {logging_mixin.py:117} INFO - [2023-06-11T00:27:04.407+0200] {dagbag.py:525} INFO - Filling up the DagBag from /home/nanah/airflow_venv/lib/python3.10/site-packages/airflow/example_dags/example_task_group_decorator.py
[2023-06-11T00:27:04.513+0200] {processor.py:768} INFO - DAG(s) dict_keys(['example_task_group_decorator']) retrieved from /home/nanah/airflow_venv/lib/python3.10/site-packages/airflow/example_dags/example_task_group_decorator.py
[2023-06-11T00:27:04.593+0200] {logging_mixin.py:117} INFO - [2023-06-11T00:27:04.593+0200] {dag.py:2573} INFO - Sync 1 DAGs
[2023-06-11T00:27:04.945+0200] {logging_mixin.py:117} INFO - [2023-06-11T00:27:04.945+0200] {dag.py:3324} INFO - Setting next_dagrun for example_task_group_decorator to 2023-06-09T22:27:04.945111+00:00, run_after=2023-06-10T22:27:04.945111+00:00
[2023-06-11T00:27:05.005+0200] {processor.py:178} INFO - Processing /home/nanah/airflow_venv/lib/python3.10/site-packages/airflow/example_dags/example_task_group_decorator.py took 0.611 seconds
[2023-06-11T00:28:06.077+0200] {processor.py:156} INFO - Started process (PID=5145) to work on /home/nanah/airflow_venv/lib/python3.10/site-packages/airflow/example_dags/example_task_group_decorator.py
[2023-06-11T00:28:06.086+0200] {processor.py:758} INFO - Processing file /home/nanah/airflow_venv/lib/python3.10/site-packages/airflow/example_dags/example_task_group_decorator.py for tasks to queue
[2023-06-11T00:28:06.088+0200] {logging_mixin.py:117} INFO - [2023-06-11T00:28:06.087+0200] {dagbag.py:525} INFO - Filling up the DagBag from /home/nanah/airflow_venv/lib/python3.10/site-packages/airflow/example_dags/example_task_group_decorator.py
[2023-06-11T00:28:06.195+0200] {processor.py:768} INFO - DAG(s) dict_keys(['example_task_group_decorator']) retrieved from /home/nanah/airflow_venv/lib/python3.10/site-packages/airflow/example_dags/example_task_group_decorator.py
[2023-06-11T00:28:06.272+0200] {logging_mixin.py:117} INFO - [2023-06-11T00:28:06.271+0200] {dag.py:2573} INFO - Sync 1 DAGs
[2023-06-11T00:28:06.618+0200] {logging_mixin.py:117} INFO - [2023-06-11T00:28:06.617+0200] {dag.py:3324} INFO - Setting next_dagrun for example_task_group_decorator to 2023-06-09T22:28:06.617340+00:00, run_after=2023-06-10T22:28:06.617340+00:00
[2023-06-11T00:28:06.670+0200] {processor.py:178} INFO - Processing /home/nanah/airflow_venv/lib/python3.10/site-packages/airflow/example_dags/example_task_group_decorator.py took 0.604 seconds
[2023-06-11T00:28:58.644+0200] {processor.py:156} INFO - Started process (PID=5179) to work on /home/nanah/airflow_venv/lib/python3.10/site-packages/airflow/example_dags/example_task_group_decorator.py
[2023-06-11T00:28:58.649+0200] {processor.py:758} INFO - Processing file /home/nanah/airflow_venv/lib/python3.10/site-packages/airflow/example_dags/example_task_group_decorator.py for tasks to queue
[2023-06-11T00:28:58.651+0200] {logging_mixin.py:117} INFO - [2023-06-11T00:28:58.651+0200] {dagbag.py:525} INFO - Filling up the DagBag from /home/nanah/airflow_venv/lib/python3.10/site-packages/airflow/example_dags/example_task_group_decorator.py
[2023-06-11T00:28:58.906+0200] {processor.py:768} INFO - DAG(s) dict_keys(['example_task_group_decorator']) retrieved from /home/nanah/airflow_venv/lib/python3.10/site-packages/airflow/example_dags/example_task_group_decorator.py
[2023-06-11T00:29:00.954+0200] {logging_mixin.py:117} INFO - [2023-06-11T00:29:00.954+0200] {dag.py:2573} INFO - Sync 1 DAGs
[2023-06-11T00:29:01.073+0200] {logging_mixin.py:117} INFO - [2023-06-11T00:29:01.072+0200] {dag.py:3324} INFO - Setting next_dagrun for example_task_group_decorator to 2023-06-09T22:29:01.071943+00:00, run_after=2023-06-10T22:29:01.071943+00:00
[2023-06-11T00:29:01.192+0200] {processor.py:178} INFO - Processing /home/nanah/airflow_venv/lib/python3.10/site-packages/airflow/example_dags/example_task_group_decorator.py took 2.555 seconds
[2023-06-11T00:30:00.074+0200] {processor.py:156} INFO - Started process (PID=5213) to work on /home/nanah/airflow_venv/lib/python3.10/site-packages/airflow/example_dags/example_task_group_decorator.py
[2023-06-11T00:30:00.082+0200] {processor.py:758} INFO - Processing file /home/nanah/airflow_venv/lib/python3.10/site-packages/airflow/example_dags/example_task_group_decorator.py for tasks to queue
[2023-06-11T00:30:00.084+0200] {logging_mixin.py:117} INFO - [2023-06-11T00:30:00.084+0200] {dagbag.py:525} INFO - Filling up the DagBag from /home/nanah/airflow_venv/lib/python3.10/site-packages/airflow/example_dags/example_task_group_decorator.py
[2023-06-11T00:30:00.212+0200] {processor.py:768} INFO - DAG(s) dict_keys(['example_task_group_decorator']) retrieved from /home/nanah/airflow_venv/lib/python3.10/site-packages/airflow/example_dags/example_task_group_decorator.py
[2023-06-11T00:30:00.666+0200] {logging_mixin.py:117} INFO - [2023-06-11T00:30:00.666+0200] {dag.py:2573} INFO - Sync 1 DAGs
[2023-06-11T00:30:00.715+0200] {logging_mixin.py:117} INFO - [2023-06-11T00:30:00.715+0200] {dag.py:3324} INFO - Setting next_dagrun for example_task_group_decorator to 2023-06-09T22:30:00.714834+00:00, run_after=2023-06-10T22:30:00.714834+00:00
[2023-06-11T00:30:00.776+0200] {processor.py:178} INFO - Processing /home/nanah/airflow_venv/lib/python3.10/site-packages/airflow/example_dags/example_task_group_decorator.py took 0.718 seconds
[2023-06-11T00:31:08.324+0200] {processor.py:156} INFO - Started process (PID=5250) to work on /home/nanah/airflow_venv/lib/python3.10/site-packages/airflow/example_dags/example_task_group_decorator.py
[2023-06-11T00:31:08.328+0200] {processor.py:758} INFO - Processing file /home/nanah/airflow_venv/lib/python3.10/site-packages/airflow/example_dags/example_task_group_decorator.py for tasks to queue
[2023-06-11T00:31:08.330+0200] {logging_mixin.py:117} INFO - [2023-06-11T00:31:08.329+0200] {dagbag.py:525} INFO - Filling up the DagBag from /home/nanah/airflow_venv/lib/python3.10/site-packages/airflow/example_dags/example_task_group_decorator.py
[2023-06-11T00:31:08.972+0200] {processor.py:768} INFO - DAG(s) dict_keys(['example_task_group_decorator']) retrieved from /home/nanah/airflow_venv/lib/python3.10/site-packages/airflow/example_dags/example_task_group_decorator.py
[2023-06-11T00:31:09.234+0200] {logging_mixin.py:117} INFO - [2023-06-11T00:31:09.233+0200] {dag.py:2573} INFO - Sync 1 DAGs
[2023-06-11T00:31:09.356+0200] {logging_mixin.py:117} INFO - [2023-06-11T00:31:09.355+0200] {dag.py:3324} INFO - Setting next_dagrun for example_task_group_decorator to 2023-06-09T22:31:09.355069+00:00, run_after=2023-06-10T22:31:09.355069+00:00
[2023-06-11T00:31:09.444+0200] {processor.py:178} INFO - Processing /home/nanah/airflow_venv/lib/python3.10/site-packages/airflow/example_dags/example_task_group_decorator.py took 1.127 seconds
[2023-06-11T00:32:04.585+0200] {processor.py:156} INFO - Started process (PID=5285) to work on /home/nanah/airflow_venv/lib/python3.10/site-packages/airflow/example_dags/example_task_group_decorator.py
[2023-06-11T00:32:04.590+0200] {processor.py:758} INFO - Processing file /home/nanah/airflow_venv/lib/python3.10/site-packages/airflow/example_dags/example_task_group_decorator.py for tasks to queue
[2023-06-11T00:32:04.591+0200] {logging_mixin.py:117} INFO - [2023-06-11T00:32:04.591+0200] {dagbag.py:525} INFO - Filling up the DagBag from /home/nanah/airflow_venv/lib/python3.10/site-packages/airflow/example_dags/example_task_group_decorator.py
[2023-06-11T00:32:05.013+0200] {processor.py:768} INFO - DAG(s) dict_keys(['example_task_group_decorator']) retrieved from /home/nanah/airflow_venv/lib/python3.10/site-packages/airflow/example_dags/example_task_group_decorator.py
[2023-06-11T00:32:05.086+0200] {logging_mixin.py:117} INFO - [2023-06-11T00:32:05.085+0200] {dag.py:2573} INFO - Sync 1 DAGs
[2023-06-11T00:32:05.133+0200] {logging_mixin.py:117} INFO - [2023-06-11T00:32:05.133+0200] {dag.py:3324} INFO - Setting next_dagrun for example_task_group_decorator to 2023-06-09T22:32:05.133047+00:00, run_after=2023-06-10T22:32:05.133047+00:00
[2023-06-11T00:32:05.202+0200] {processor.py:178} INFO - Processing /home/nanah/airflow_venv/lib/python3.10/site-packages/airflow/example_dags/example_task_group_decorator.py took 0.625 seconds
[2023-06-11T00:33:00.516+0200] {processor.py:156} INFO - Started process (PID=5321) to work on /home/nanah/airflow_venv/lib/python3.10/site-packages/airflow/example_dags/example_task_group_decorator.py
[2023-06-11T00:33:00.522+0200] {processor.py:758} INFO - Processing file /home/nanah/airflow_venv/lib/python3.10/site-packages/airflow/example_dags/example_task_group_decorator.py for tasks to queue
[2023-06-11T00:33:00.523+0200] {logging_mixin.py:117} INFO - [2023-06-11T00:33:00.523+0200] {dagbag.py:525} INFO - Filling up the DagBag from /home/nanah/airflow_venv/lib/python3.10/site-packages/airflow/example_dags/example_task_group_decorator.py
[2023-06-11T00:33:01.035+0200] {processor.py:768} INFO - DAG(s) dict_keys(['example_task_group_decorator']) retrieved from /home/nanah/airflow_venv/lib/python3.10/site-packages/airflow/example_dags/example_task_group_decorator.py
[2023-06-11T00:33:01.100+0200] {logging_mixin.py:117} INFO - [2023-06-11T00:33:01.100+0200] {dag.py:2573} INFO - Sync 1 DAGs
[2023-06-11T00:33:01.149+0200] {logging_mixin.py:117} INFO - [2023-06-11T00:33:01.149+0200] {dag.py:3324} INFO - Setting next_dagrun for example_task_group_decorator to 2023-06-09T22:33:01.149045+00:00, run_after=2023-06-10T22:33:01.149045+00:00
[2023-06-11T00:33:01.200+0200] {processor.py:178} INFO - Processing /home/nanah/airflow_venv/lib/python3.10/site-packages/airflow/example_dags/example_task_group_decorator.py took 0.691 seconds
[2023-06-11T00:33:56.595+0200] {processor.py:156} INFO - Started process (PID=5356) to work on /home/nanah/airflow_venv/lib/python3.10/site-packages/airflow/example_dags/example_task_group_decorator.py
[2023-06-11T00:33:56.598+0200] {processor.py:758} INFO - Processing file /home/nanah/airflow_venv/lib/python3.10/site-packages/airflow/example_dags/example_task_group_decorator.py for tasks to queue
[2023-06-11T00:33:56.600+0200] {logging_mixin.py:117} INFO - [2023-06-11T00:33:56.600+0200] {dagbag.py:525} INFO - Filling up the DagBag from /home/nanah/airflow_venv/lib/python3.10/site-packages/airflow/example_dags/example_task_group_decorator.py
[2023-06-11T00:33:57.263+0200] {processor.py:768} INFO - DAG(s) dict_keys(['example_task_group_decorator']) retrieved from /home/nanah/airflow_venv/lib/python3.10/site-packages/airflow/example_dags/example_task_group_decorator.py
[2023-06-11T00:33:57.337+0200] {logging_mixin.py:117} INFO - [2023-06-11T00:33:57.336+0200] {dag.py:2573} INFO - Sync 1 DAGs
[2023-06-11T00:33:57.413+0200] {logging_mixin.py:117} INFO - [2023-06-11T00:33:57.413+0200] {dag.py:3324} INFO - Setting next_dagrun for example_task_group_decorator to 2023-06-09T22:33:57.412952+00:00, run_after=2023-06-10T22:33:57.412952+00:00
[2023-06-11T00:33:57.488+0200] {processor.py:178} INFO - Processing /home/nanah/airflow_venv/lib/python3.10/site-packages/airflow/example_dags/example_task_group_decorator.py took 0.906 seconds
[2023-06-11T00:35:00.596+0200] {processor.py:156} INFO - Started process (PID=5394) to work on /home/nanah/airflow_venv/lib/python3.10/site-packages/airflow/example_dags/example_task_group_decorator.py
[2023-06-11T00:35:00.611+0200] {processor.py:758} INFO - Processing file /home/nanah/airflow_venv/lib/python3.10/site-packages/airflow/example_dags/example_task_group_decorator.py for tasks to queue
[2023-06-11T00:35:00.613+0200] {logging_mixin.py:117} INFO - [2023-06-11T00:35:00.613+0200] {dagbag.py:525} INFO - Filling up the DagBag from /home/nanah/airflow_venv/lib/python3.10/site-packages/airflow/example_dags/example_task_group_decorator.py
[2023-06-11T00:35:00.929+0200] {processor.py:768} INFO - DAG(s) dict_keys(['example_task_group_decorator']) retrieved from /home/nanah/airflow_venv/lib/python3.10/site-packages/airflow/example_dags/example_task_group_decorator.py
[2023-06-11T00:35:01.171+0200] {logging_mixin.py:117} INFO - [2023-06-11T00:35:01.170+0200] {dag.py:2573} INFO - Sync 1 DAGs
[2023-06-11T00:35:01.299+0200] {logging_mixin.py:117} INFO - [2023-06-11T00:35:01.299+0200] {dag.py:3324} INFO - Setting next_dagrun for example_task_group_decorator to 2023-06-09T22:35:01.298498+00:00, run_after=2023-06-10T22:35:01.298498+00:00
[2023-06-11T00:35:01.402+0200] {processor.py:178} INFO - Processing /home/nanah/airflow_venv/lib/python3.10/site-packages/airflow/example_dags/example_task_group_decorator.py took 0.827 seconds
[2023-06-11T00:35:53.091+0200] {processor.py:156} INFO - Started process (PID=5430) to work on /home/nanah/airflow_venv/lib/python3.10/site-packages/airflow/example_dags/example_task_group_decorator.py
[2023-06-11T00:35:53.100+0200] {processor.py:758} INFO - Processing file /home/nanah/airflow_venv/lib/python3.10/site-packages/airflow/example_dags/example_task_group_decorator.py for tasks to queue
[2023-06-11T00:35:53.101+0200] {logging_mixin.py:117} INFO - [2023-06-11T00:35:53.101+0200] {dagbag.py:525} INFO - Filling up the DagBag from /home/nanah/airflow_venv/lib/python3.10/site-packages/airflow/example_dags/example_task_group_decorator.py
[2023-06-11T00:35:53.179+0200] {processor.py:768} INFO - DAG(s) dict_keys(['example_task_group_decorator']) retrieved from /home/nanah/airflow_venv/lib/python3.10/site-packages/airflow/example_dags/example_task_group_decorator.py
[2023-06-11T00:35:53.289+0200] {logging_mixin.py:117} INFO - [2023-06-11T00:35:53.289+0200] {dag.py:2573} INFO - Sync 1 DAGs
[2023-06-11T00:35:53.437+0200] {logging_mixin.py:117} INFO - [2023-06-11T00:35:53.427+0200] {dag.py:3324} INFO - Setting next_dagrun for example_task_group_decorator to 2023-06-09T22:35:53.426611+00:00, run_after=2023-06-10T22:35:53.426611+00:00
[2023-06-11T00:35:53.506+0200] {processor.py:178} INFO - Processing /home/nanah/airflow_venv/lib/python3.10/site-packages/airflow/example_dags/example_task_group_decorator.py took 0.422 seconds
[2023-06-11T00:36:36.153+0200] {processor.py:156} INFO - Started process (PID=5463) to work on /home/nanah/airflow_venv/lib/python3.10/site-packages/airflow/example_dags/example_task_group_decorator.py
[2023-06-11T00:36:36.156+0200] {processor.py:758} INFO - Processing file /home/nanah/airflow_venv/lib/python3.10/site-packages/airflow/example_dags/example_task_group_decorator.py for tasks to queue
[2023-06-11T00:36:36.157+0200] {logging_mixin.py:117} INFO - [2023-06-11T00:36:36.157+0200] {dagbag.py:525} INFO - Filling up the DagBag from /home/nanah/airflow_venv/lib/python3.10/site-packages/airflow/example_dags/example_task_group_decorator.py
[2023-06-11T00:36:36.267+0200] {processor.py:768} INFO - DAG(s) dict_keys(['example_task_group_decorator']) retrieved from /home/nanah/airflow_venv/lib/python3.10/site-packages/airflow/example_dags/example_task_group_decorator.py
[2023-06-11T00:36:36.345+0200] {logging_mixin.py:117} INFO - [2023-06-11T00:36:36.344+0200] {dag.py:2573} INFO - Sync 1 DAGs
[2023-06-11T00:36:36.401+0200] {logging_mixin.py:117} INFO - [2023-06-11T00:36:36.401+0200] {dag.py:3324} INFO - Setting next_dagrun for example_task_group_decorator to 2023-06-09T22:36:36.400819+00:00, run_after=2023-06-10T22:36:36.400819+00:00
[2023-06-11T00:36:36.949+0200] {processor.py:178} INFO - Processing /home/nanah/airflow_venv/lib/python3.10/site-packages/airflow/example_dags/example_task_group_decorator.py took 0.803 seconds
[2023-06-11T00:37:21.192+0200] {processor.py:156} INFO - Started process (PID=5497) to work on /home/nanah/airflow_venv/lib/python3.10/site-packages/airflow/example_dags/example_task_group_decorator.py
[2023-06-11T00:37:21.197+0200] {processor.py:758} INFO - Processing file /home/nanah/airflow_venv/lib/python3.10/site-packages/airflow/example_dags/example_task_group_decorator.py for tasks to queue
[2023-06-11T00:37:21.199+0200] {logging_mixin.py:117} INFO - [2023-06-11T00:37:21.198+0200] {dagbag.py:525} INFO - Filling up the DagBag from /home/nanah/airflow_venv/lib/python3.10/site-packages/airflow/example_dags/example_task_group_decorator.py
[2023-06-11T00:37:21.294+0200] {processor.py:768} INFO - DAG(s) dict_keys(['example_task_group_decorator']) retrieved from /home/nanah/airflow_venv/lib/python3.10/site-packages/airflow/example_dags/example_task_group_decorator.py
[2023-06-11T00:37:21.367+0200] {logging_mixin.py:117} INFO - [2023-06-11T00:37:21.366+0200] {dag.py:2573} INFO - Sync 1 DAGs
[2023-06-11T00:37:21.430+0200] {logging_mixin.py:117} INFO - [2023-06-11T00:37:21.429+0200] {dag.py:3324} INFO - Setting next_dagrun for example_task_group_decorator to 2023-06-09T22:37:21.429266+00:00, run_after=2023-06-10T22:37:21.429266+00:00
[2023-06-11T00:37:21.495+0200] {processor.py:178} INFO - Processing /home/nanah/airflow_venv/lib/python3.10/site-packages/airflow/example_dags/example_task_group_decorator.py took 0.312 seconds
[2023-06-11T00:38:14.877+0200] {processor.py:156} INFO - Started process (PID=5531) to work on /home/nanah/airflow_venv/lib/python3.10/site-packages/airflow/example_dags/example_task_group_decorator.py
[2023-06-11T00:38:14.883+0200] {processor.py:758} INFO - Processing file /home/nanah/airflow_venv/lib/python3.10/site-packages/airflow/example_dags/example_task_group_decorator.py for tasks to queue
[2023-06-11T00:38:14.886+0200] {logging_mixin.py:117} INFO - [2023-06-11T00:38:14.885+0200] {dagbag.py:525} INFO - Filling up the DagBag from /home/nanah/airflow_venv/lib/python3.10/site-packages/airflow/example_dags/example_task_group_decorator.py
[2023-06-11T00:38:14.991+0200] {processor.py:768} INFO - DAG(s) dict_keys(['example_task_group_decorator']) retrieved from /home/nanah/airflow_venv/lib/python3.10/site-packages/airflow/example_dags/example_task_group_decorator.py
[2023-06-11T00:38:15.057+0200] {logging_mixin.py:117} INFO - [2023-06-11T00:38:15.054+0200] {dag.py:2573} INFO - Sync 1 DAGs
[2023-06-11T00:38:15.104+0200] {logging_mixin.py:117} INFO - [2023-06-11T00:38:15.104+0200] {dag.py:3324} INFO - Setting next_dagrun for example_task_group_decorator to 2023-06-09T22:38:15.103520+00:00, run_after=2023-06-10T22:38:15.103520+00:00
[2023-06-11T00:38:15.164+0200] {processor.py:178} INFO - Processing /home/nanah/airflow_venv/lib/python3.10/site-packages/airflow/example_dags/example_task_group_decorator.py took 0.295 seconds
[2023-06-11T00:38:59.471+0200] {processor.py:156} INFO - Started process (PID=5567) to work on /home/nanah/airflow_venv/lib/python3.10/site-packages/airflow/example_dags/example_task_group_decorator.py
[2023-06-11T00:38:59.477+0200] {processor.py:758} INFO - Processing file /home/nanah/airflow_venv/lib/python3.10/site-packages/airflow/example_dags/example_task_group_decorator.py for tasks to queue
[2023-06-11T00:38:59.478+0200] {logging_mixin.py:117} INFO - [2023-06-11T00:38:59.478+0200] {dagbag.py:525} INFO - Filling up the DagBag from /home/nanah/airflow_venv/lib/python3.10/site-packages/airflow/example_dags/example_task_group_decorator.py
[2023-06-11T00:38:59.563+0200] {processor.py:768} INFO - DAG(s) dict_keys(['example_task_group_decorator']) retrieved from /home/nanah/airflow_venv/lib/python3.10/site-packages/airflow/example_dags/example_task_group_decorator.py
[2023-06-11T00:38:59.636+0200] {logging_mixin.py:117} INFO - [2023-06-11T00:38:59.636+0200] {dag.py:2573} INFO - Sync 1 DAGs
[2023-06-11T00:38:59.695+0200] {logging_mixin.py:117} INFO - [2023-06-11T00:38:59.695+0200] {dag.py:3324} INFO - Setting next_dagrun for example_task_group_decorator to 2023-06-09T22:38:59.694543+00:00, run_after=2023-06-10T22:38:59.694543+00:00
[2023-06-11T00:38:59.763+0200] {processor.py:178} INFO - Processing /home/nanah/airflow_venv/lib/python3.10/site-packages/airflow/example_dags/example_task_group_decorator.py took 0.299 seconds
[2023-06-11T00:39:42.015+0200] {processor.py:156} INFO - Started process (PID=5600) to work on /home/nanah/airflow_venv/lib/python3.10/site-packages/airflow/example_dags/example_task_group_decorator.py
[2023-06-11T00:39:42.020+0200] {processor.py:758} INFO - Processing file /home/nanah/airflow_venv/lib/python3.10/site-packages/airflow/example_dags/example_task_group_decorator.py for tasks to queue
[2023-06-11T00:39:42.022+0200] {logging_mixin.py:117} INFO - [2023-06-11T00:39:42.021+0200] {dagbag.py:525} INFO - Filling up the DagBag from /home/nanah/airflow_venv/lib/python3.10/site-packages/airflow/example_dags/example_task_group_decorator.py
[2023-06-11T00:39:42.105+0200] {processor.py:768} INFO - DAG(s) dict_keys(['example_task_group_decorator']) retrieved from /home/nanah/airflow_venv/lib/python3.10/site-packages/airflow/example_dags/example_task_group_decorator.py
[2023-06-11T00:39:42.179+0200] {logging_mixin.py:117} INFO - [2023-06-11T00:39:42.179+0200] {dag.py:2573} INFO - Sync 1 DAGs
[2023-06-11T00:39:42.256+0200] {logging_mixin.py:117} INFO - [2023-06-11T00:39:42.255+0200] {dag.py:3324} INFO - Setting next_dagrun for example_task_group_decorator to 2023-06-09T22:39:42.254947+00:00, run_after=2023-06-10T22:39:42.254947+00:00
[2023-06-11T00:39:42.326+0200] {processor.py:178} INFO - Processing /home/nanah/airflow_venv/lib/python3.10/site-packages/airflow/example_dags/example_task_group_decorator.py took 0.318 seconds
[2023-06-11T00:40:25.364+0200] {processor.py:156} INFO - Started process (PID=5634) to work on /home/nanah/airflow_venv/lib/python3.10/site-packages/airflow/example_dags/example_task_group_decorator.py
[2023-06-11T00:40:25.369+0200] {processor.py:758} INFO - Processing file /home/nanah/airflow_venv/lib/python3.10/site-packages/airflow/example_dags/example_task_group_decorator.py for tasks to queue
[2023-06-11T00:40:25.370+0200] {logging_mixin.py:117} INFO - [2023-06-11T00:40:25.370+0200] {dagbag.py:525} INFO - Filling up the DagBag from /home/nanah/airflow_venv/lib/python3.10/site-packages/airflow/example_dags/example_task_group_decorator.py
[2023-06-11T00:40:25.454+0200] {processor.py:768} INFO - DAG(s) dict_keys(['example_task_group_decorator']) retrieved from /home/nanah/airflow_venv/lib/python3.10/site-packages/airflow/example_dags/example_task_group_decorator.py
[2023-06-11T00:40:25.532+0200] {logging_mixin.py:117} INFO - [2023-06-11T00:40:25.532+0200] {dag.py:2573} INFO - Sync 1 DAGs
[2023-06-11T00:40:25.584+0200] {logging_mixin.py:117} INFO - [2023-06-11T00:40:25.583+0200] {dag.py:3324} INFO - Setting next_dagrun for example_task_group_decorator to 2023-06-09T22:40:25.581465+00:00, run_after=2023-06-10T22:40:25.581465+00:00
[2023-06-11T00:40:25.640+0200] {processor.py:178} INFO - Processing /home/nanah/airflow_venv/lib/python3.10/site-packages/airflow/example_dags/example_task_group_decorator.py took 0.283 seconds
[2023-06-11T00:41:07.338+0200] {processor.py:156} INFO - Started process (PID=5668) to work on /home/nanah/airflow_venv/lib/python3.10/site-packages/airflow/example_dags/example_task_group_decorator.py
[2023-06-11T00:41:07.343+0200] {processor.py:758} INFO - Processing file /home/nanah/airflow_venv/lib/python3.10/site-packages/airflow/example_dags/example_task_group_decorator.py for tasks to queue
[2023-06-11T00:41:07.345+0200] {logging_mixin.py:117} INFO - [2023-06-11T00:41:07.345+0200] {dagbag.py:525} INFO - Filling up the DagBag from /home/nanah/airflow_venv/lib/python3.10/site-packages/airflow/example_dags/example_task_group_decorator.py
[2023-06-11T00:41:07.418+0200] {processor.py:768} INFO - DAG(s) dict_keys(['example_task_group_decorator']) retrieved from /home/nanah/airflow_venv/lib/python3.10/site-packages/airflow/example_dags/example_task_group_decorator.py
[2023-06-11T00:41:07.476+0200] {logging_mixin.py:117} INFO - [2023-06-11T00:41:07.475+0200] {dag.py:2573} INFO - Sync 1 DAGs
[2023-06-11T00:41:07.518+0200] {logging_mixin.py:117} INFO - [2023-06-11T00:41:07.517+0200] {dag.py:3324} INFO - Setting next_dagrun for example_task_group_decorator to 2023-06-09T22:41:07.517263+00:00, run_after=2023-06-10T22:41:07.517263+00:00
[2023-06-11T00:41:07.561+0200] {processor.py:178} INFO - Processing /home/nanah/airflow_venv/lib/python3.10/site-packages/airflow/example_dags/example_task_group_decorator.py took 0.232 seconds
[2023-06-11T00:41:52.969+0200] {processor.py:156} INFO - Started process (PID=5704) to work on /home/nanah/airflow_venv/lib/python3.10/site-packages/airflow/example_dags/example_task_group_decorator.py
[2023-06-11T00:41:52.974+0200] {processor.py:758} INFO - Processing file /home/nanah/airflow_venv/lib/python3.10/site-packages/airflow/example_dags/example_task_group_decorator.py for tasks to queue
[2023-06-11T00:41:52.976+0200] {logging_mixin.py:117} INFO - [2023-06-11T00:41:52.975+0200] {dagbag.py:525} INFO - Filling up the DagBag from /home/nanah/airflow_venv/lib/python3.10/site-packages/airflow/example_dags/example_task_group_decorator.py
[2023-06-11T00:41:53.067+0200] {processor.py:768} INFO - DAG(s) dict_keys(['example_task_group_decorator']) retrieved from /home/nanah/airflow_venv/lib/python3.10/site-packages/airflow/example_dags/example_task_group_decorator.py
[2023-06-11T00:41:53.133+0200] {logging_mixin.py:117} INFO - [2023-06-11T00:41:53.133+0200] {dag.py:2573} INFO - Sync 1 DAGs
[2023-06-11T00:41:53.185+0200] {logging_mixin.py:117} INFO - [2023-06-11T00:41:53.185+0200] {dag.py:3324} INFO - Setting next_dagrun for example_task_group_decorator to 2023-06-09T22:41:53.184725+00:00, run_after=2023-06-10T22:41:53.184725+00:00
[2023-06-11T00:41:53.245+0200] {processor.py:178} INFO - Processing /home/nanah/airflow_venv/lib/python3.10/site-packages/airflow/example_dags/example_task_group_decorator.py took 0.286 seconds
[2023-06-11T00:42:40.577+0200] {processor.py:156} INFO - Started process (PID=5740) to work on /home/nanah/airflow_venv/lib/python3.10/site-packages/airflow/example_dags/example_task_group_decorator.py
[2023-06-11T00:42:40.582+0200] {processor.py:758} INFO - Processing file /home/nanah/airflow_venv/lib/python3.10/site-packages/airflow/example_dags/example_task_group_decorator.py for tasks to queue
[2023-06-11T00:42:40.584+0200] {logging_mixin.py:117} INFO - [2023-06-11T00:42:40.583+0200] {dagbag.py:525} INFO - Filling up the DagBag from /home/nanah/airflow_venv/lib/python3.10/site-packages/airflow/example_dags/example_task_group_decorator.py
[2023-06-11T00:42:40.828+0200] {processor.py:768} INFO - DAG(s) dict_keys(['example_task_group_decorator']) retrieved from /home/nanah/airflow_venv/lib/python3.10/site-packages/airflow/example_dags/example_task_group_decorator.py
[2023-06-11T00:42:41.076+0200] {logging_mixin.py:117} INFO - [2023-06-11T00:42:41.076+0200] {dag.py:2573} INFO - Sync 1 DAGs
[2023-06-11T00:42:41.201+0200] {logging_mixin.py:117} INFO - [2023-06-11T00:42:41.193+0200] {dag.py:3324} INFO - Setting next_dagrun for example_task_group_decorator to 2023-06-09T22:42:41.193226+00:00, run_after=2023-06-10T22:42:41.193226+00:00
[2023-06-11T00:42:41.350+0200] {processor.py:178} INFO - Processing /home/nanah/airflow_venv/lib/python3.10/site-packages/airflow/example_dags/example_task_group_decorator.py took 0.792 seconds
[2023-06-11T00:43:26.739+0200] {processor.py:156} INFO - Started process (PID=5774) to work on /home/nanah/airflow_venv/lib/python3.10/site-packages/airflow/example_dags/example_task_group_decorator.py
[2023-06-11T00:43:26.754+0200] {processor.py:758} INFO - Processing file /home/nanah/airflow_venv/lib/python3.10/site-packages/airflow/example_dags/example_task_group_decorator.py for tasks to queue
[2023-06-11T00:43:26.756+0200] {logging_mixin.py:117} INFO - [2023-06-11T00:43:26.755+0200] {dagbag.py:525} INFO - Filling up the DagBag from /home/nanah/airflow_venv/lib/python3.10/site-packages/airflow/example_dags/example_task_group_decorator.py
[2023-06-11T00:43:26.844+0200] {processor.py:768} INFO - DAG(s) dict_keys(['example_task_group_decorator']) retrieved from /home/nanah/airflow_venv/lib/python3.10/site-packages/airflow/example_dags/example_task_group_decorator.py
[2023-06-11T00:43:26.911+0200] {logging_mixin.py:117} INFO - [2023-06-11T00:43:26.910+0200] {dag.py:2573} INFO - Sync 1 DAGs
[2023-06-11T00:43:26.970+0200] {logging_mixin.py:117} INFO - [2023-06-11T00:43:26.970+0200] {dag.py:3324} INFO - Setting next_dagrun for example_task_group_decorator to 2023-06-09T22:43:26.969613+00:00, run_after=2023-06-10T22:43:26.969613+00:00
[2023-06-11T00:43:27.025+0200] {processor.py:178} INFO - Processing /home/nanah/airflow_venv/lib/python3.10/site-packages/airflow/example_dags/example_task_group_decorator.py took 0.295 seconds
[2023-06-11T00:44:10.340+0200] {processor.py:156} INFO - Started process (PID=5808) to work on /home/nanah/airflow_venv/lib/python3.10/site-packages/airflow/example_dags/example_task_group_decorator.py
[2023-06-11T00:44:10.345+0200] {processor.py:758} INFO - Processing file /home/nanah/airflow_venv/lib/python3.10/site-packages/airflow/example_dags/example_task_group_decorator.py for tasks to queue
[2023-06-11T00:44:10.347+0200] {logging_mixin.py:117} INFO - [2023-06-11T00:44:10.347+0200] {dagbag.py:525} INFO - Filling up the DagBag from /home/nanah/airflow_venv/lib/python3.10/site-packages/airflow/example_dags/example_task_group_decorator.py
[2023-06-11T00:44:10.526+0200] {processor.py:768} INFO - DAG(s) dict_keys(['example_task_group_decorator']) retrieved from /home/nanah/airflow_venv/lib/python3.10/site-packages/airflow/example_dags/example_task_group_decorator.py
[2023-06-11T00:44:10.688+0200] {logging_mixin.py:117} INFO - [2023-06-11T00:44:10.688+0200] {dag.py:2573} INFO - Sync 1 DAGs
[2023-06-11T00:44:10.764+0200] {logging_mixin.py:117} INFO - [2023-06-11T00:44:10.764+0200] {dag.py:3324} INFO - Setting next_dagrun for example_task_group_decorator to 2023-06-09T22:44:10.763639+00:00, run_after=2023-06-10T22:44:10.763639+00:00
[2023-06-11T00:44:10.898+0200] {processor.py:178} INFO - Processing /home/nanah/airflow_venv/lib/python3.10/site-packages/airflow/example_dags/example_task_group_decorator.py took 0.565 seconds
[2023-06-11T00:44:59.050+0200] {processor.py:156} INFO - Started process (PID=5842) to work on /home/nanah/airflow_venv/lib/python3.10/site-packages/airflow/example_dags/example_task_group_decorator.py
[2023-06-11T00:44:59.056+0200] {processor.py:758} INFO - Processing file /home/nanah/airflow_venv/lib/python3.10/site-packages/airflow/example_dags/example_task_group_decorator.py for tasks to queue
[2023-06-11T00:44:59.057+0200] {logging_mixin.py:117} INFO - [2023-06-11T00:44:59.057+0200] {dagbag.py:525} INFO - Filling up the DagBag from /home/nanah/airflow_venv/lib/python3.10/site-packages/airflow/example_dags/example_task_group_decorator.py
[2023-06-11T00:44:59.141+0200] {processor.py:768} INFO - DAG(s) dict_keys(['example_task_group_decorator']) retrieved from /home/nanah/airflow_venv/lib/python3.10/site-packages/airflow/example_dags/example_task_group_decorator.py
[2023-06-11T00:44:59.207+0200] {logging_mixin.py:117} INFO - [2023-06-11T00:44:59.206+0200] {dag.py:2573} INFO - Sync 1 DAGs
[2023-06-11T00:44:59.264+0200] {logging_mixin.py:117} INFO - [2023-06-11T00:44:59.264+0200] {dag.py:3324} INFO - Setting next_dagrun for example_task_group_decorator to 2023-06-09T22:44:59.263879+00:00, run_after=2023-06-10T22:44:59.263879+00:00
[2023-06-11T00:44:59.322+0200] {processor.py:178} INFO - Processing /home/nanah/airflow_venv/lib/python3.10/site-packages/airflow/example_dags/example_task_group_decorator.py took 0.288 seconds
