[2023-06-11T00:12:17.900+0200] {processor.py:156} INFO - Started process (PID=4619) to work on /home/nanah/airflow_venv/lib/python3.10/site-packages/airflow/example_dags/example_latest_only_with_trigger.py
[2023-06-11T00:12:17.914+0200] {processor.py:758} INFO - Processing file /home/nanah/airflow_venv/lib/python3.10/site-packages/airflow/example_dags/example_latest_only_with_trigger.py for tasks to queue
[2023-06-11T00:12:17.915+0200] {logging_mixin.py:117} INFO - [2023-06-11T00:12:17.915+0200] {dagbag.py:525} INFO - Filling up the DagBag from /home/nanah/airflow_venv/lib/python3.10/site-packages/airflow/example_dags/example_latest_only_with_trigger.py
[2023-06-11T00:12:17.990+0200] {processor.py:768} INFO - DAG(s) dict_keys(['latest_only_with_trigger']) retrieved from /home/nanah/airflow_venv/lib/python3.10/site-packages/airflow/example_dags/example_latest_only_with_trigger.py
[2023-06-11T00:12:18.059+0200] {logging_mixin.py:117} INFO - [2023-06-11T00:12:18.059+0200] {dag.py:2573} INFO - Sync 1 DAGs
[2023-06-11T00:12:18.109+0200] {logging_mixin.py:117} INFO - [2023-06-11T00:12:18.108+0200] {dag.py:3324} INFO - Setting next_dagrun for latest_only_with_trigger to 2023-06-10T18:12:18.107819+00:00, run_after=2023-06-10T22:12:18.107819+00:00
[2023-06-11T00:12:18.183+0200] {processor.py:178} INFO - Processing /home/nanah/airflow_venv/lib/python3.10/site-packages/airflow/example_dags/example_latest_only_with_trigger.py took 0.294 seconds
[2023-06-11T00:13:29.989+0200] {processor.py:156} INFO - Started process (PID=4656) to work on /home/nanah/airflow_venv/lib/python3.10/site-packages/airflow/example_dags/example_latest_only_with_trigger.py
[2023-06-11T00:13:30.596+0200] {processor.py:758} INFO - Processing file /home/nanah/airflow_venv/lib/python3.10/site-packages/airflow/example_dags/example_latest_only_with_trigger.py for tasks to queue
[2023-06-11T00:13:30.600+0200] {logging_mixin.py:117} INFO - [2023-06-11T00:13:30.599+0200] {dagbag.py:525} INFO - Filling up the DagBag from /home/nanah/airflow_venv/lib/python3.10/site-packages/airflow/example_dags/example_latest_only_with_trigger.py
[2023-06-11T00:13:31.457+0200] {processor.py:768} INFO - DAG(s) dict_keys(['latest_only_with_trigger']) retrieved from /home/nanah/airflow_venv/lib/python3.10/site-packages/airflow/example_dags/example_latest_only_with_trigger.py
[2023-06-11T00:13:32.760+0200] {logging_mixin.py:117} INFO - [2023-06-11T00:13:32.759+0200] {dag.py:2573} INFO - Sync 1 DAGs
[2023-06-11T00:13:34.052+0200] {logging_mixin.py:117} INFO - [2023-06-11T00:13:34.052+0200] {dag.py:3324} INFO - Setting next_dagrun for latest_only_with_trigger to 2023-06-10T18:13:34.051862+00:00, run_after=2023-06-10T22:13:34.051862+00:00
[2023-06-11T00:13:34.637+0200] {processor.py:178} INFO - Processing /home/nanah/airflow_venv/lib/python3.10/site-packages/airflow/example_dags/example_latest_only_with_trigger.py took 4.679 seconds
[2023-06-11T00:14:38.153+0200] {processor.py:156} INFO - Started process (PID=4692) to work on /home/nanah/airflow_venv/lib/python3.10/site-packages/airflow/example_dags/example_latest_only_with_trigger.py
[2023-06-11T00:14:38.160+0200] {processor.py:758} INFO - Processing file /home/nanah/airflow_venv/lib/python3.10/site-packages/airflow/example_dags/example_latest_only_with_trigger.py for tasks to queue
[2023-06-11T00:14:38.163+0200] {logging_mixin.py:117} INFO - [2023-06-11T00:14:38.162+0200] {dagbag.py:525} INFO - Filling up the DagBag from /home/nanah/airflow_venv/lib/python3.10/site-packages/airflow/example_dags/example_latest_only_with_trigger.py
[2023-06-11T00:14:38.214+0200] {processor.py:768} INFO - DAG(s) dict_keys(['latest_only_with_trigger']) retrieved from /home/nanah/airflow_venv/lib/python3.10/site-packages/airflow/example_dags/example_latest_only_with_trigger.py
[2023-06-11T00:14:38.297+0200] {logging_mixin.py:117} INFO - [2023-06-11T00:14:38.296+0200] {dag.py:2573} INFO - Sync 1 DAGs
[2023-06-11T00:14:38.376+0200] {logging_mixin.py:117} INFO - [2023-06-11T00:14:38.375+0200] {dag.py:3324} INFO - Setting next_dagrun for latest_only_with_trigger to 2023-06-10T18:14:38.374270+00:00, run_after=2023-06-10T22:14:38.374270+00:00
[2023-06-11T00:14:38.487+0200] {processor.py:178} INFO - Processing /home/nanah/airflow_venv/lib/python3.10/site-packages/airflow/example_dags/example_latest_only_with_trigger.py took 0.340 seconds
[2023-06-11T00:16:17.572+0200] {processor.py:156} INFO - Started process (PID=4741) to work on /home/nanah/airflow_venv/lib/python3.10/site-packages/airflow/example_dags/example_latest_only_with_trigger.py
[2023-06-11T00:16:17.580+0200] {processor.py:758} INFO - Processing file /home/nanah/airflow_venv/lib/python3.10/site-packages/airflow/example_dags/example_latest_only_with_trigger.py for tasks to queue
[2023-06-11T00:16:17.582+0200] {logging_mixin.py:117} INFO - [2023-06-11T00:16:17.582+0200] {dagbag.py:525} INFO - Filling up the DagBag from /home/nanah/airflow_venv/lib/python3.10/site-packages/airflow/example_dags/example_latest_only_with_trigger.py
[2023-06-11T00:16:17.701+0200] {processor.py:768} INFO - DAG(s) dict_keys(['latest_only_with_trigger']) retrieved from /home/nanah/airflow_venv/lib/python3.10/site-packages/airflow/example_dags/example_latest_only_with_trigger.py
[2023-06-11T00:16:17.870+0200] {logging_mixin.py:117} INFO - [2023-06-11T00:16:17.870+0200] {dag.py:2573} INFO - Sync 1 DAGs
[2023-06-11T00:16:18.067+0200] {logging_mixin.py:117} INFO - [2023-06-11T00:16:18.066+0200] {dag.py:3324} INFO - Setting next_dagrun for latest_only_with_trigger to 2023-06-10T18:16:18.055491+00:00, run_after=2023-06-10T22:16:18.055491+00:00
[2023-06-11T00:16:18.507+0200] {processor.py:178} INFO - Processing /home/nanah/airflow_venv/lib/python3.10/site-packages/airflow/example_dags/example_latest_only_with_trigger.py took 0.953 seconds
[2023-06-11T00:17:10.940+0200] {processor.py:156} INFO - Started process (PID=4782) to work on /home/nanah/airflow_venv/lib/python3.10/site-packages/airflow/example_dags/example_latest_only_with_trigger.py
[2023-06-11T00:17:10.944+0200] {processor.py:758} INFO - Processing file /home/nanah/airflow_venv/lib/python3.10/site-packages/airflow/example_dags/example_latest_only_with_trigger.py for tasks to queue
[2023-06-11T00:17:10.945+0200] {logging_mixin.py:117} INFO - [2023-06-11T00:17:10.945+0200] {dagbag.py:525} INFO - Filling up the DagBag from /home/nanah/airflow_venv/lib/python3.10/site-packages/airflow/example_dags/example_latest_only_with_trigger.py
[2023-06-11T00:17:10.987+0200] {processor.py:768} INFO - DAG(s) dict_keys(['latest_only_with_trigger']) retrieved from /home/nanah/airflow_venv/lib/python3.10/site-packages/airflow/example_dags/example_latest_only_with_trigger.py
[2023-06-11T00:17:11.052+0200] {logging_mixin.py:117} INFO - [2023-06-11T00:17:11.052+0200] {dag.py:2573} INFO - Sync 1 DAGs
[2023-06-11T00:17:11.122+0200] {logging_mixin.py:117} INFO - [2023-06-11T00:17:11.122+0200] {dag.py:3324} INFO - Setting next_dagrun for latest_only_with_trigger to 2023-06-10T18:17:11.121703+00:00, run_after=2023-06-10T22:17:11.121703+00:00
[2023-06-11T00:17:11.196+0200] {processor.py:178} INFO - Processing /home/nanah/airflow_venv/lib/python3.10/site-packages/airflow/example_dags/example_latest_only_with_trigger.py took 0.262 seconds
[2023-06-11T00:18:01.227+0200] {processor.py:156} INFO - Started process (PID=4817) to work on /home/nanah/airflow_venv/lib/python3.10/site-packages/airflow/example_dags/example_latest_only_with_trigger.py
[2023-06-11T00:18:01.233+0200] {processor.py:758} INFO - Processing file /home/nanah/airflow_venv/lib/python3.10/site-packages/airflow/example_dags/example_latest_only_with_trigger.py for tasks to queue
[2023-06-11T00:18:01.234+0200] {logging_mixin.py:117} INFO - [2023-06-11T00:18:01.234+0200] {dagbag.py:525} INFO - Filling up the DagBag from /home/nanah/airflow_venv/lib/python3.10/site-packages/airflow/example_dags/example_latest_only_with_trigger.py
[2023-06-11T00:18:01.267+0200] {processor.py:768} INFO - DAG(s) dict_keys(['latest_only_with_trigger']) retrieved from /home/nanah/airflow_venv/lib/python3.10/site-packages/airflow/example_dags/example_latest_only_with_trigger.py
[2023-06-11T00:18:01.324+0200] {logging_mixin.py:117} INFO - [2023-06-11T00:18:01.322+0200] {dag.py:2573} INFO - Sync 1 DAGs
[2023-06-11T00:18:01.382+0200] {logging_mixin.py:117} INFO - [2023-06-11T00:18:01.381+0200] {dag.py:3324} INFO - Setting next_dagrun for latest_only_with_trigger to 2023-06-10T18:18:01.381343+00:00, run_after=2023-06-10T22:18:01.381343+00:00
[2023-06-11T00:18:01.441+0200] {processor.py:178} INFO - Processing /home/nanah/airflow_venv/lib/python3.10/site-packages/airflow/example_dags/example_latest_only_with_trigger.py took 0.221 seconds
[2023-06-11T00:18:45.964+0200] {processor.py:156} INFO - Started process (PID=4852) to work on /home/nanah/airflow_venv/lib/python3.10/site-packages/airflow/example_dags/example_latest_only_with_trigger.py
[2023-06-11T00:18:45.970+0200] {processor.py:758} INFO - Processing file /home/nanah/airflow_venv/lib/python3.10/site-packages/airflow/example_dags/example_latest_only_with_trigger.py for tasks to queue
[2023-06-11T00:18:45.971+0200] {logging_mixin.py:117} INFO - [2023-06-11T00:18:45.971+0200] {dagbag.py:525} INFO - Filling up the DagBag from /home/nanah/airflow_venv/lib/python3.10/site-packages/airflow/example_dags/example_latest_only_with_trigger.py
[2023-06-11T00:18:46.004+0200] {processor.py:768} INFO - DAG(s) dict_keys(['latest_only_with_trigger']) retrieved from /home/nanah/airflow_venv/lib/python3.10/site-packages/airflow/example_dags/example_latest_only_with_trigger.py
[2023-06-11T00:18:46.061+0200] {logging_mixin.py:117} INFO - [2023-06-11T00:18:46.060+0200] {dag.py:2573} INFO - Sync 1 DAGs
[2023-06-11T00:18:46.105+0200] {logging_mixin.py:117} INFO - [2023-06-11T00:18:46.105+0200] {dag.py:3324} INFO - Setting next_dagrun for latest_only_with_trigger to 2023-06-10T18:18:46.104631+00:00, run_after=2023-06-10T22:18:46.104631+00:00
[2023-06-11T00:18:46.156+0200] {processor.py:178} INFO - Processing /home/nanah/airflow_venv/lib/python3.10/site-packages/airflow/example_dags/example_latest_only_with_trigger.py took 0.211 seconds
[2023-06-11T00:20:01.374+0200] {processor.py:156} INFO - Started process (PID=4892) to work on /home/nanah/airflow_venv/lib/python3.10/site-packages/airflow/example_dags/example_latest_only_with_trigger.py
[2023-06-11T00:20:01.378+0200] {processor.py:758} INFO - Processing file /home/nanah/airflow_venv/lib/python3.10/site-packages/airflow/example_dags/example_latest_only_with_trigger.py for tasks to queue
[2023-06-11T00:20:01.386+0200] {logging_mixin.py:117} INFO - [2023-06-11T00:20:01.385+0200] {dagbag.py:525} INFO - Filling up the DagBag from /home/nanah/airflow_venv/lib/python3.10/site-packages/airflow/example_dags/example_latest_only_with_trigger.py
[2023-06-11T00:20:01.469+0200] {processor.py:768} INFO - DAG(s) dict_keys(['latest_only_with_trigger']) retrieved from /home/nanah/airflow_venv/lib/python3.10/site-packages/airflow/example_dags/example_latest_only_with_trigger.py
[2023-06-11T00:20:02.182+0200] {logging_mixin.py:117} INFO - [2023-06-11T00:20:02.181+0200] {dag.py:2573} INFO - Sync 1 DAGs
[2023-06-11T00:20:02.999+0200] {logging_mixin.py:117} INFO - [2023-06-11T00:20:02.998+0200] {dag.py:3324} INFO - Setting next_dagrun for latest_only_with_trigger to 2023-06-10T18:20:02.997925+00:00, run_after=2023-06-10T22:20:02.997925+00:00
[2023-06-11T00:20:03.177+0200] {processor.py:178} INFO - Processing /home/nanah/airflow_venv/lib/python3.10/site-packages/airflow/example_dags/example_latest_only_with_trigger.py took 1.812 seconds
[2023-06-11T00:21:06.269+0200] {processor.py:156} INFO - Started process (PID=4931) to work on /home/nanah/airflow_venv/lib/python3.10/site-packages/airflow/example_dags/example_latest_only_with_trigger.py
[2023-06-11T00:21:06.276+0200] {processor.py:758} INFO - Processing file /home/nanah/airflow_venv/lib/python3.10/site-packages/airflow/example_dags/example_latest_only_with_trigger.py for tasks to queue
[2023-06-11T00:21:06.278+0200] {logging_mixin.py:117} INFO - [2023-06-11T00:21:06.277+0200] {dagbag.py:525} INFO - Filling up the DagBag from /home/nanah/airflow_venv/lib/python3.10/site-packages/airflow/example_dags/example_latest_only_with_trigger.py
[2023-06-11T00:21:06.325+0200] {processor.py:768} INFO - DAG(s) dict_keys(['latest_only_with_trigger']) retrieved from /home/nanah/airflow_venv/lib/python3.10/site-packages/airflow/example_dags/example_latest_only_with_trigger.py
[2023-06-11T00:21:06.397+0200] {logging_mixin.py:117} INFO - [2023-06-11T00:21:06.396+0200] {dag.py:2573} INFO - Sync 1 DAGs
[2023-06-11T00:21:06.466+0200] {logging_mixin.py:117} INFO - [2023-06-11T00:21:06.466+0200] {dag.py:3324} INFO - Setting next_dagrun for latest_only_with_trigger to 2023-06-10T18:21:06.465523+00:00, run_after=2023-06-10T22:21:06.465523+00:00
[2023-06-11T00:21:06.545+0200] {processor.py:178} INFO - Processing /home/nanah/airflow_venv/lib/python3.10/site-packages/airflow/example_dags/example_latest_only_with_trigger.py took 0.282 seconds
[2023-06-11T00:22:17.154+0200] {processor.py:156} INFO - Started process (PID=4968) to work on /home/nanah/airflow_venv/lib/python3.10/site-packages/airflow/example_dags/example_latest_only_with_trigger.py
[2023-06-11T00:22:17.158+0200] {processor.py:758} INFO - Processing file /home/nanah/airflow_venv/lib/python3.10/site-packages/airflow/example_dags/example_latest_only_with_trigger.py for tasks to queue
[2023-06-11T00:22:17.161+0200] {logging_mixin.py:117} INFO - [2023-06-11T00:22:17.159+0200] {dagbag.py:525} INFO - Filling up the DagBag from /home/nanah/airflow_venv/lib/python3.10/site-packages/airflow/example_dags/example_latest_only_with_trigger.py
[2023-06-11T00:22:17.236+0200] {processor.py:768} INFO - DAG(s) dict_keys(['latest_only_with_trigger']) retrieved from /home/nanah/airflow_venv/lib/python3.10/site-packages/airflow/example_dags/example_latest_only_with_trigger.py
[2023-06-11T00:22:17.354+0200] {logging_mixin.py:117} INFO - [2023-06-11T00:22:17.354+0200] {dag.py:2573} INFO - Sync 1 DAGs
[2023-06-11T00:22:17.434+0200] {logging_mixin.py:117} INFO - [2023-06-11T00:22:17.433+0200] {dag.py:3324} INFO - Setting next_dagrun for latest_only_with_trigger to 2023-06-10T18:22:17.433084+00:00, run_after=2023-06-10T22:22:17.433084+00:00
[2023-06-11T00:22:17.563+0200] {processor.py:178} INFO - Processing /home/nanah/airflow_venv/lib/python3.10/site-packages/airflow/example_dags/example_latest_only_with_trigger.py took 0.419 seconds
[2023-06-11T00:23:12.096+0200] {processor.py:156} INFO - Started process (PID=5002) to work on /home/nanah/airflow_venv/lib/python3.10/site-packages/airflow/example_dags/example_latest_only_with_trigger.py
[2023-06-11T00:23:12.099+0200] {processor.py:758} INFO - Processing file /home/nanah/airflow_venv/lib/python3.10/site-packages/airflow/example_dags/example_latest_only_with_trigger.py for tasks to queue
[2023-06-11T00:23:12.101+0200] {logging_mixin.py:117} INFO - [2023-06-11T00:23:12.101+0200] {dagbag.py:525} INFO - Filling up the DagBag from /home/nanah/airflow_venv/lib/python3.10/site-packages/airflow/example_dags/example_latest_only_with_trigger.py
[2023-06-11T00:23:12.167+0200] {processor.py:768} INFO - DAG(s) dict_keys(['latest_only_with_trigger']) retrieved from /home/nanah/airflow_venv/lib/python3.10/site-packages/airflow/example_dags/example_latest_only_with_trigger.py
[2023-06-11T00:23:12.236+0200] {logging_mixin.py:117} INFO - [2023-06-11T00:23:12.236+0200] {dag.py:2573} INFO - Sync 1 DAGs
[2023-06-11T00:23:12.292+0200] {logging_mixin.py:117} INFO - [2023-06-11T00:23:12.292+0200] {dag.py:3324} INFO - Setting next_dagrun for latest_only_with_trigger to 2023-06-10T18:23:12.291389+00:00, run_after=2023-06-10T22:23:12.291389+00:00
[2023-06-11T00:23:12.374+0200] {processor.py:178} INFO - Processing /home/nanah/airflow_venv/lib/python3.10/site-packages/airflow/example_dags/example_latest_only_with_trigger.py took 0.285 seconds
[2023-06-11T00:24:16.979+0200] {processor.py:156} INFO - Started process (PID=5036) to work on /home/nanah/airflow_venv/lib/python3.10/site-packages/airflow/example_dags/example_latest_only_with_trigger.py
[2023-06-11T00:24:16.983+0200] {processor.py:758} INFO - Processing file /home/nanah/airflow_venv/lib/python3.10/site-packages/airflow/example_dags/example_latest_only_with_trigger.py for tasks to queue
[2023-06-11T00:24:16.985+0200] {logging_mixin.py:117} INFO - [2023-06-11T00:24:16.985+0200] {dagbag.py:525} INFO - Filling up the DagBag from /home/nanah/airflow_venv/lib/python3.10/site-packages/airflow/example_dags/example_latest_only_with_trigger.py
[2023-06-11T00:24:17.081+0200] {processor.py:768} INFO - DAG(s) dict_keys(['latest_only_with_trigger']) retrieved from /home/nanah/airflow_venv/lib/python3.10/site-packages/airflow/example_dags/example_latest_only_with_trigger.py
[2023-06-11T00:24:17.260+0200] {logging_mixin.py:117} INFO - [2023-06-11T00:24:17.260+0200] {dag.py:2573} INFO - Sync 1 DAGs
[2023-06-11T00:24:17.423+0200] {logging_mixin.py:117} INFO - [2023-06-11T00:24:17.422+0200] {dag.py:3324} INFO - Setting next_dagrun for latest_only_with_trigger to 2023-06-10T18:24:17.421862+00:00, run_after=2023-06-10T22:24:17.421862+00:00
[2023-06-11T00:24:17.549+0200] {processor.py:178} INFO - Processing /home/nanah/airflow_venv/lib/python3.10/site-packages/airflow/example_dags/example_latest_only_with_trigger.py took 0.581 seconds
[2023-06-11T00:26:04.730+0200] {processor.py:156} INFO - Started process (PID=5073) to work on /home/nanah/airflow_venv/lib/python3.10/site-packages/airflow/example_dags/example_latest_only_with_trigger.py
[2023-06-11T00:26:04.741+0200] {processor.py:758} INFO - Processing file /home/nanah/airflow_venv/lib/python3.10/site-packages/airflow/example_dags/example_latest_only_with_trigger.py for tasks to queue
[2023-06-11T00:26:04.743+0200] {logging_mixin.py:117} INFO - [2023-06-11T00:26:04.742+0200] {dagbag.py:525} INFO - Filling up the DagBag from /home/nanah/airflow_venv/lib/python3.10/site-packages/airflow/example_dags/example_latest_only_with_trigger.py
[2023-06-11T00:26:04.805+0200] {processor.py:768} INFO - DAG(s) dict_keys(['latest_only_with_trigger']) retrieved from /home/nanah/airflow_venv/lib/python3.10/site-packages/airflow/example_dags/example_latest_only_with_trigger.py
[2023-06-11T00:26:04.909+0200] {logging_mixin.py:117} INFO - [2023-06-11T00:26:04.909+0200] {dag.py:2573} INFO - Sync 1 DAGs
[2023-06-11T00:26:04.987+0200] {logging_mixin.py:117} INFO - [2023-06-11T00:26:04.986+0200] {dag.py:3324} INFO - Setting next_dagrun for latest_only_with_trigger to 2023-06-10T18:26:04.985588+00:00, run_after=2023-06-10T22:26:04.985588+00:00
[2023-06-11T00:26:05.350+0200] {processor.py:178} INFO - Processing /home/nanah/airflow_venv/lib/python3.10/site-packages/airflow/example_dags/example_latest_only_with_trigger.py took 0.627 seconds
[2023-06-11T00:27:07.194+0200] {processor.py:156} INFO - Started process (PID=5110) to work on /home/nanah/airflow_venv/lib/python3.10/site-packages/airflow/example_dags/example_latest_only_with_trigger.py
[2023-06-11T00:27:07.198+0200] {processor.py:758} INFO - Processing file /home/nanah/airflow_venv/lib/python3.10/site-packages/airflow/example_dags/example_latest_only_with_trigger.py for tasks to queue
[2023-06-11T00:27:07.200+0200] {logging_mixin.py:117} INFO - [2023-06-11T00:27:07.200+0200] {dagbag.py:525} INFO - Filling up the DagBag from /home/nanah/airflow_venv/lib/python3.10/site-packages/airflow/example_dags/example_latest_only_with_trigger.py
[2023-06-11T00:27:07.243+0200] {processor.py:768} INFO - DAG(s) dict_keys(['latest_only_with_trigger']) retrieved from /home/nanah/airflow_venv/lib/python3.10/site-packages/airflow/example_dags/example_latest_only_with_trigger.py
[2023-06-11T00:27:07.317+0200] {logging_mixin.py:117} INFO - [2023-06-11T00:27:07.316+0200] {dag.py:2573} INFO - Sync 1 DAGs
[2023-06-11T00:27:07.681+0200] {logging_mixin.py:117} INFO - [2023-06-11T00:27:07.681+0200] {dag.py:3324} INFO - Setting next_dagrun for latest_only_with_trigger to 2023-06-10T18:27:07.680679+00:00, run_after=2023-06-10T22:27:07.680679+00:00
[2023-06-11T00:27:07.761+0200] {processor.py:178} INFO - Processing /home/nanah/airflow_venv/lib/python3.10/site-packages/airflow/example_dags/example_latest_only_with_trigger.py took 0.577 seconds
[2023-06-11T00:28:08.773+0200] {processor.py:156} INFO - Started process (PID=5147) to work on /home/nanah/airflow_venv/lib/python3.10/site-packages/airflow/example_dags/example_latest_only_with_trigger.py
[2023-06-11T00:28:08.778+0200] {processor.py:758} INFO - Processing file /home/nanah/airflow_venv/lib/python3.10/site-packages/airflow/example_dags/example_latest_only_with_trigger.py for tasks to queue
[2023-06-11T00:28:08.779+0200] {logging_mixin.py:117} INFO - [2023-06-11T00:28:08.779+0200] {dagbag.py:525} INFO - Filling up the DagBag from /home/nanah/airflow_venv/lib/python3.10/site-packages/airflow/example_dags/example_latest_only_with_trigger.py
[2023-06-11T00:28:08.825+0200] {processor.py:768} INFO - DAG(s) dict_keys(['latest_only_with_trigger']) retrieved from /home/nanah/airflow_venv/lib/python3.10/site-packages/airflow/example_dags/example_latest_only_with_trigger.py
[2023-06-11T00:28:08.896+0200] {logging_mixin.py:117} INFO - [2023-06-11T00:28:08.895+0200] {dag.py:2573} INFO - Sync 1 DAGs
[2023-06-11T00:28:09.243+0200] {logging_mixin.py:117} INFO - [2023-06-11T00:28:09.242+0200] {dag.py:3324} INFO - Setting next_dagrun for latest_only_with_trigger to 2023-06-10T18:28:09.242160+00:00, run_after=2023-06-10T22:28:09.242160+00:00
[2023-06-11T00:28:09.308+0200] {processor.py:178} INFO - Processing /home/nanah/airflow_venv/lib/python3.10/site-packages/airflow/example_dags/example_latest_only_with_trigger.py took 0.545 seconds
[2023-06-11T00:29:04.657+0200] {processor.py:156} INFO - Started process (PID=5181) to work on /home/nanah/airflow_venv/lib/python3.10/site-packages/airflow/example_dags/example_latest_only_with_trigger.py
[2023-06-11T00:29:04.661+0200] {processor.py:758} INFO - Processing file /home/nanah/airflow_venv/lib/python3.10/site-packages/airflow/example_dags/example_latest_only_with_trigger.py for tasks to queue
[2023-06-11T00:29:04.667+0200] {logging_mixin.py:117} INFO - [2023-06-11T00:29:04.666+0200] {dagbag.py:525} INFO - Filling up the DagBag from /home/nanah/airflow_venv/lib/python3.10/site-packages/airflow/example_dags/example_latest_only_with_trigger.py
[2023-06-11T00:29:04.726+0200] {processor.py:768} INFO - DAG(s) dict_keys(['latest_only_with_trigger']) retrieved from /home/nanah/airflow_venv/lib/python3.10/site-packages/airflow/example_dags/example_latest_only_with_trigger.py
[2023-06-11T00:29:04.835+0200] {logging_mixin.py:117} INFO - [2023-06-11T00:29:04.835+0200] {dag.py:2573} INFO - Sync 1 DAGs
[2023-06-11T00:29:05.300+0200] {logging_mixin.py:117} INFO - [2023-06-11T00:29:05.300+0200] {dag.py:3324} INFO - Setting next_dagrun for latest_only_with_trigger to 2023-06-10T18:29:05.299447+00:00, run_after=2023-06-10T22:29:05.299447+00:00
[2023-06-11T00:29:05.372+0200] {processor.py:178} INFO - Processing /home/nanah/airflow_venv/lib/python3.10/site-packages/airflow/example_dags/example_latest_only_with_trigger.py took 0.724 seconds
[2023-06-11T00:30:03.774+0200] {processor.py:156} INFO - Started process (PID=5215) to work on /home/nanah/airflow_venv/lib/python3.10/site-packages/airflow/example_dags/example_latest_only_with_trigger.py
[2023-06-11T00:30:03.786+0200] {processor.py:758} INFO - Processing file /home/nanah/airflow_venv/lib/python3.10/site-packages/airflow/example_dags/example_latest_only_with_trigger.py for tasks to queue
[2023-06-11T00:30:03.788+0200] {logging_mixin.py:117} INFO - [2023-06-11T00:30:03.787+0200] {dagbag.py:525} INFO - Filling up the DagBag from /home/nanah/airflow_venv/lib/python3.10/site-packages/airflow/example_dags/example_latest_only_with_trigger.py
[2023-06-11T00:30:03.829+0200] {processor.py:768} INFO - DAG(s) dict_keys(['latest_only_with_trigger']) retrieved from /home/nanah/airflow_venv/lib/python3.10/site-packages/airflow/example_dags/example_latest_only_with_trigger.py
[2023-06-11T00:30:04.194+0200] {logging_mixin.py:117} INFO - [2023-06-11T00:30:04.193+0200] {dag.py:2573} INFO - Sync 1 DAGs
[2023-06-11T00:30:04.238+0200] {logging_mixin.py:117} INFO - [2023-06-11T00:30:04.238+0200] {dag.py:3324} INFO - Setting next_dagrun for latest_only_with_trigger to 2023-06-10T18:30:04.238057+00:00, run_after=2023-06-10T22:30:04.238057+00:00
[2023-06-11T00:30:04.297+0200] {processor.py:178} INFO - Processing /home/nanah/airflow_venv/lib/python3.10/site-packages/airflow/example_dags/example_latest_only_with_trigger.py took 0.529 seconds
[2023-06-11T00:31:12.294+0200] {processor.py:156} INFO - Started process (PID=5252) to work on /home/nanah/airflow_venv/lib/python3.10/site-packages/airflow/example_dags/example_latest_only_with_trigger.py
[2023-06-11T00:31:12.300+0200] {processor.py:758} INFO - Processing file /home/nanah/airflow_venv/lib/python3.10/site-packages/airflow/example_dags/example_latest_only_with_trigger.py for tasks to queue
[2023-06-11T00:31:12.302+0200] {logging_mixin.py:117} INFO - [2023-06-11T00:31:12.301+0200] {dagbag.py:525} INFO - Filling up the DagBag from /home/nanah/airflow_venv/lib/python3.10/site-packages/airflow/example_dags/example_latest_only_with_trigger.py
[2023-06-11T00:31:12.345+0200] {processor.py:768} INFO - DAG(s) dict_keys(['latest_only_with_trigger']) retrieved from /home/nanah/airflow_venv/lib/python3.10/site-packages/airflow/example_dags/example_latest_only_with_trigger.py
[2023-06-11T00:31:12.746+0200] {logging_mixin.py:117} INFO - [2023-06-11T00:31:12.745+0200] {dag.py:2573} INFO - Sync 1 DAGs
[2023-06-11T00:31:12.795+0200] {logging_mixin.py:117} INFO - [2023-06-11T00:31:12.795+0200] {dag.py:3324} INFO - Setting next_dagrun for latest_only_with_trigger to 2023-06-10T18:31:12.794752+00:00, run_after=2023-06-10T22:31:12.794752+00:00
[2023-06-11T00:31:12.862+0200] {processor.py:178} INFO - Processing /home/nanah/airflow_venv/lib/python3.10/site-packages/airflow/example_dags/example_latest_only_with_trigger.py took 0.576 seconds
[2023-06-11T00:32:07.917+0200] {processor.py:156} INFO - Started process (PID=5287) to work on /home/nanah/airflow_venv/lib/python3.10/site-packages/airflow/example_dags/example_latest_only_with_trigger.py
[2023-06-11T00:32:07.925+0200] {processor.py:758} INFO - Processing file /home/nanah/airflow_venv/lib/python3.10/site-packages/airflow/example_dags/example_latest_only_with_trigger.py for tasks to queue
[2023-06-11T00:32:07.927+0200] {logging_mixin.py:117} INFO - [2023-06-11T00:32:07.926+0200] {dagbag.py:525} INFO - Filling up the DagBag from /home/nanah/airflow_venv/lib/python3.10/site-packages/airflow/example_dags/example_latest_only_with_trigger.py
[2023-06-11T00:32:07.998+0200] {processor.py:768} INFO - DAG(s) dict_keys(['latest_only_with_trigger']) retrieved from /home/nanah/airflow_venv/lib/python3.10/site-packages/airflow/example_dags/example_latest_only_with_trigger.py
[2023-06-11T00:32:08.423+0200] {logging_mixin.py:117} INFO - [2023-06-11T00:32:08.422+0200] {dag.py:2573} INFO - Sync 1 DAGs
[2023-06-11T00:32:08.469+0200] {logging_mixin.py:117} INFO - [2023-06-11T00:32:08.469+0200] {dag.py:3324} INFO - Setting next_dagrun for latest_only_with_trigger to 2023-06-10T18:32:08.468443+00:00, run_after=2023-06-10T22:32:08.468443+00:00
[2023-06-11T00:32:08.529+0200] {processor.py:178} INFO - Processing /home/nanah/airflow_venv/lib/python3.10/site-packages/airflow/example_dags/example_latest_only_with_trigger.py took 0.623 seconds
[2023-06-11T00:33:03.690+0200] {processor.py:156} INFO - Started process (PID=5323) to work on /home/nanah/airflow_venv/lib/python3.10/site-packages/airflow/example_dags/example_latest_only_with_trigger.py
[2023-06-11T00:33:03.695+0200] {processor.py:758} INFO - Processing file /home/nanah/airflow_venv/lib/python3.10/site-packages/airflow/example_dags/example_latest_only_with_trigger.py for tasks to queue
[2023-06-11T00:33:03.696+0200] {logging_mixin.py:117} INFO - [2023-06-11T00:33:03.696+0200] {dagbag.py:525} INFO - Filling up the DagBag from /home/nanah/airflow_venv/lib/python3.10/site-packages/airflow/example_dags/example_latest_only_with_trigger.py
[2023-06-11T00:33:04.033+0200] {processor.py:768} INFO - DAG(s) dict_keys(['latest_only_with_trigger']) retrieved from /home/nanah/airflow_venv/lib/python3.10/site-packages/airflow/example_dags/example_latest_only_with_trigger.py
[2023-06-11T00:33:04.092+0200] {logging_mixin.py:117} INFO - [2023-06-11T00:33:04.092+0200] {dag.py:2573} INFO - Sync 1 DAGs
[2023-06-11T00:33:04.157+0200] {logging_mixin.py:117} INFO - [2023-06-11T00:33:04.157+0200] {dag.py:3324} INFO - Setting next_dagrun for latest_only_with_trigger to 2023-06-10T18:33:04.156616+00:00, run_after=2023-06-10T22:33:04.156616+00:00
[2023-06-11T00:33:04.215+0200] {processor.py:178} INFO - Processing /home/nanah/airflow_venv/lib/python3.10/site-packages/airflow/example_dags/example_latest_only_with_trigger.py took 0.539 seconds
[2023-06-11T00:34:00.515+0200] {processor.py:156} INFO - Started process (PID=5358) to work on /home/nanah/airflow_venv/lib/python3.10/site-packages/airflow/example_dags/example_latest_only_with_trigger.py
[2023-06-11T00:34:00.523+0200] {processor.py:758} INFO - Processing file /home/nanah/airflow_venv/lib/python3.10/site-packages/airflow/example_dags/example_latest_only_with_trigger.py for tasks to queue
[2023-06-11T00:34:00.524+0200] {logging_mixin.py:117} INFO - [2023-06-11T00:34:00.524+0200] {dagbag.py:525} INFO - Filling up the DagBag from /home/nanah/airflow_venv/lib/python3.10/site-packages/airflow/example_dags/example_latest_only_with_trigger.py
[2023-06-11T00:34:00.898+0200] {processor.py:768} INFO - DAG(s) dict_keys(['latest_only_with_trigger']) retrieved from /home/nanah/airflow_venv/lib/python3.10/site-packages/airflow/example_dags/example_latest_only_with_trigger.py
[2023-06-11T00:34:00.964+0200] {logging_mixin.py:117} INFO - [2023-06-11T00:34:00.963+0200] {dag.py:2573} INFO - Sync 1 DAGs
[2023-06-11T00:34:01.029+0200] {logging_mixin.py:117} INFO - [2023-06-11T00:34:01.028+0200] {dag.py:3324} INFO - Setting next_dagrun for latest_only_with_trigger to 2023-06-10T18:34:01.027199+00:00, run_after=2023-06-10T22:34:01.027199+00:00
[2023-06-11T00:34:01.103+0200] {processor.py:178} INFO - Processing /home/nanah/airflow_venv/lib/python3.10/site-packages/airflow/example_dags/example_latest_only_with_trigger.py took 0.595 seconds
[2023-06-11T00:35:07.745+0200] {processor.py:156} INFO - Started process (PID=5396) to work on /home/nanah/airflow_venv/lib/python3.10/site-packages/airflow/example_dags/example_latest_only_with_trigger.py
[2023-06-11T00:35:07.752+0200] {processor.py:758} INFO - Processing file /home/nanah/airflow_venv/lib/python3.10/site-packages/airflow/example_dags/example_latest_only_with_trigger.py for tasks to queue
[2023-06-11T00:35:07.762+0200] {logging_mixin.py:117} INFO - [2023-06-11T00:35:07.761+0200] {dagbag.py:525} INFO - Filling up the DagBag from /home/nanah/airflow_venv/lib/python3.10/site-packages/airflow/example_dags/example_latest_only_with_trigger.py
[2023-06-11T00:35:07.924+0200] {processor.py:768} INFO - DAG(s) dict_keys(['latest_only_with_trigger']) retrieved from /home/nanah/airflow_venv/lib/python3.10/site-packages/airflow/example_dags/example_latest_only_with_trigger.py
[2023-06-11T00:35:08.181+0200] {logging_mixin.py:117} INFO - [2023-06-11T00:35:08.180+0200] {dag.py:2573} INFO - Sync 1 DAGs
[2023-06-11T00:35:08.373+0200] {logging_mixin.py:117} INFO - [2023-06-11T00:35:08.372+0200] {dag.py:3324} INFO - Setting next_dagrun for latest_only_with_trigger to 2023-06-10T18:35:08.371949+00:00, run_after=2023-06-10T22:35:08.371949+00:00
[2023-06-11T00:35:08.569+0200] {processor.py:178} INFO - Processing /home/nanah/airflow_venv/lib/python3.10/site-packages/airflow/example_dags/example_latest_only_with_trigger.py took 0.855 seconds
[2023-06-11T00:35:56.976+0200] {processor.py:156} INFO - Started process (PID=5432) to work on /home/nanah/airflow_venv/lib/python3.10/site-packages/airflow/example_dags/example_latest_only_with_trigger.py
[2023-06-11T00:35:56.992+0200] {processor.py:758} INFO - Processing file /home/nanah/airflow_venv/lib/python3.10/site-packages/airflow/example_dags/example_latest_only_with_trigger.py for tasks to queue
[2023-06-11T00:35:56.993+0200] {logging_mixin.py:117} INFO - [2023-06-11T00:35:56.993+0200] {dagbag.py:525} INFO - Filling up the DagBag from /home/nanah/airflow_venv/lib/python3.10/site-packages/airflow/example_dags/example_latest_only_with_trigger.py
[2023-06-11T00:35:57.091+0200] {processor.py:768} INFO - DAG(s) dict_keys(['latest_only_with_trigger']) retrieved from /home/nanah/airflow_venv/lib/python3.10/site-packages/airflow/example_dags/example_latest_only_with_trigger.py
[2023-06-11T00:35:57.156+0200] {logging_mixin.py:117} INFO - [2023-06-11T00:35:57.156+0200] {dag.py:2573} INFO - Sync 1 DAGs
[2023-06-11T00:35:57.202+0200] {logging_mixin.py:117} INFO - [2023-06-11T00:35:57.202+0200] {dag.py:3324} INFO - Setting next_dagrun for latest_only_with_trigger to 2023-06-10T18:35:57.201748+00:00, run_after=2023-06-10T22:35:57.201748+00:00
[2023-06-11T00:35:57.248+0200] {processor.py:178} INFO - Processing /home/nanah/airflow_venv/lib/python3.10/site-packages/airflow/example_dags/example_latest_only_with_trigger.py took 0.279 seconds
[2023-06-11T00:36:39.675+0200] {processor.py:156} INFO - Started process (PID=5465) to work on /home/nanah/airflow_venv/lib/python3.10/site-packages/airflow/example_dags/example_latest_only_with_trigger.py
[2023-06-11T00:36:39.680+0200] {processor.py:758} INFO - Processing file /home/nanah/airflow_venv/lib/python3.10/site-packages/airflow/example_dags/example_latest_only_with_trigger.py for tasks to queue
[2023-06-11T00:36:39.682+0200] {logging_mixin.py:117} INFO - [2023-06-11T00:36:39.681+0200] {dagbag.py:525} INFO - Filling up the DagBag from /home/nanah/airflow_venv/lib/python3.10/site-packages/airflow/example_dags/example_latest_only_with_trigger.py
[2023-06-11T00:36:39.714+0200] {processor.py:768} INFO - DAG(s) dict_keys(['latest_only_with_trigger']) retrieved from /home/nanah/airflow_venv/lib/python3.10/site-packages/airflow/example_dags/example_latest_only_with_trigger.py
[2023-06-11T00:36:39.768+0200] {logging_mixin.py:117} INFO - [2023-06-11T00:36:39.768+0200] {dag.py:2573} INFO - Sync 1 DAGs
[2023-06-11T00:36:39.809+0200] {logging_mixin.py:117} INFO - [2023-06-11T00:36:39.808+0200] {dag.py:3324} INFO - Setting next_dagrun for latest_only_with_trigger to 2023-06-10T18:36:39.808175+00:00, run_after=2023-06-10T22:36:39.808175+00:00
[2023-06-11T00:36:39.857+0200] {processor.py:178} INFO - Processing /home/nanah/airflow_venv/lib/python3.10/site-packages/airflow/example_dags/example_latest_only_with_trigger.py took 0.190 seconds
[2023-06-11T00:37:25.487+0200] {processor.py:156} INFO - Started process (PID=5499) to work on /home/nanah/airflow_venv/lib/python3.10/site-packages/airflow/example_dags/example_latest_only_with_trigger.py
[2023-06-11T00:37:25.493+0200] {processor.py:758} INFO - Processing file /home/nanah/airflow_venv/lib/python3.10/site-packages/airflow/example_dags/example_latest_only_with_trigger.py for tasks to queue
[2023-06-11T00:37:25.495+0200] {logging_mixin.py:117} INFO - [2023-06-11T00:37:25.495+0200] {dagbag.py:525} INFO - Filling up the DagBag from /home/nanah/airflow_venv/lib/python3.10/site-packages/airflow/example_dags/example_latest_only_with_trigger.py
[2023-06-11T00:37:25.541+0200] {processor.py:768} INFO - DAG(s) dict_keys(['latest_only_with_trigger']) retrieved from /home/nanah/airflow_venv/lib/python3.10/site-packages/airflow/example_dags/example_latest_only_with_trigger.py
[2023-06-11T00:37:25.648+0200] {logging_mixin.py:117} INFO - [2023-06-11T00:37:25.647+0200] {dag.py:2573} INFO - Sync 1 DAGs
[2023-06-11T00:37:25.712+0200] {logging_mixin.py:117} INFO - [2023-06-11T00:37:25.710+0200] {dag.py:3324} INFO - Setting next_dagrun for latest_only_with_trigger to 2023-06-10T18:37:25.710343+00:00, run_after=2023-06-10T22:37:25.710343+00:00
[2023-06-11T00:37:25.795+0200] {processor.py:178} INFO - Processing /home/nanah/airflow_venv/lib/python3.10/site-packages/airflow/example_dags/example_latest_only_with_trigger.py took 0.315 seconds
[2023-06-11T00:38:17.194+0200] {processor.py:156} INFO - Started process (PID=5533) to work on /home/nanah/airflow_venv/lib/python3.10/site-packages/airflow/example_dags/example_latest_only_with_trigger.py
[2023-06-11T00:38:17.200+0200] {processor.py:758} INFO - Processing file /home/nanah/airflow_venv/lib/python3.10/site-packages/airflow/example_dags/example_latest_only_with_trigger.py for tasks to queue
[2023-06-11T00:38:17.202+0200] {logging_mixin.py:117} INFO - [2023-06-11T00:38:17.201+0200] {dagbag.py:525} INFO - Filling up the DagBag from /home/nanah/airflow_venv/lib/python3.10/site-packages/airflow/example_dags/example_latest_only_with_trigger.py
[2023-06-11T00:38:17.248+0200] {processor.py:768} INFO - DAG(s) dict_keys(['latest_only_with_trigger']) retrieved from /home/nanah/airflow_venv/lib/python3.10/site-packages/airflow/example_dags/example_latest_only_with_trigger.py
[2023-06-11T00:38:17.328+0200] {logging_mixin.py:117} INFO - [2023-06-11T00:38:17.327+0200] {dag.py:2573} INFO - Sync 1 DAGs
[2023-06-11T00:38:17.377+0200] {logging_mixin.py:117} INFO - [2023-06-11T00:38:17.377+0200] {dag.py:3324} INFO - Setting next_dagrun for latest_only_with_trigger to 2023-06-10T18:38:17.376866+00:00, run_after=2023-06-10T22:38:17.376866+00:00
[2023-06-11T00:38:17.429+0200] {processor.py:178} INFO - Processing /home/nanah/airflow_venv/lib/python3.10/site-packages/airflow/example_dags/example_latest_only_with_trigger.py took 0.242 seconds
[2023-06-11T00:39:02.014+0200] {processor.py:156} INFO - Started process (PID=5569) to work on /home/nanah/airflow_venv/lib/python3.10/site-packages/airflow/example_dags/example_latest_only_with_trigger.py
[2023-06-11T00:39:02.017+0200] {processor.py:758} INFO - Processing file /home/nanah/airflow_venv/lib/python3.10/site-packages/airflow/example_dags/example_latest_only_with_trigger.py for tasks to queue
[2023-06-11T00:39:02.021+0200] {logging_mixin.py:117} INFO - [2023-06-11T00:39:02.018+0200] {dagbag.py:525} INFO - Filling up the DagBag from /home/nanah/airflow_venv/lib/python3.10/site-packages/airflow/example_dags/example_latest_only_with_trigger.py
[2023-06-11T00:39:02.060+0200] {processor.py:768} INFO - DAG(s) dict_keys(['latest_only_with_trigger']) retrieved from /home/nanah/airflow_venv/lib/python3.10/site-packages/airflow/example_dags/example_latest_only_with_trigger.py
[2023-06-11T00:39:02.117+0200] {logging_mixin.py:117} INFO - [2023-06-11T00:39:02.116+0200] {dag.py:2573} INFO - Sync 1 DAGs
[2023-06-11T00:39:02.165+0200] {logging_mixin.py:117} INFO - [2023-06-11T00:39:02.164+0200] {dag.py:3324} INFO - Setting next_dagrun for latest_only_with_trigger to 2023-06-10T18:39:02.163953+00:00, run_after=2023-06-10T22:39:02.163953+00:00
[2023-06-11T00:39:02.216+0200] {processor.py:178} INFO - Processing /home/nanah/airflow_venv/lib/python3.10/site-packages/airflow/example_dags/example_latest_only_with_trigger.py took 0.211 seconds
[2023-06-11T00:39:45.111+0200] {processor.py:156} INFO - Started process (PID=5602) to work on /home/nanah/airflow_venv/lib/python3.10/site-packages/airflow/example_dags/example_latest_only_with_trigger.py
[2023-06-11T00:39:45.117+0200] {processor.py:758} INFO - Processing file /home/nanah/airflow_venv/lib/python3.10/site-packages/airflow/example_dags/example_latest_only_with_trigger.py for tasks to queue
[2023-06-11T00:39:45.118+0200] {logging_mixin.py:117} INFO - [2023-06-11T00:39:45.118+0200] {dagbag.py:525} INFO - Filling up the DagBag from /home/nanah/airflow_venv/lib/python3.10/site-packages/airflow/example_dags/example_latest_only_with_trigger.py
[2023-06-11T00:39:45.158+0200] {processor.py:768} INFO - DAG(s) dict_keys(['latest_only_with_trigger']) retrieved from /home/nanah/airflow_venv/lib/python3.10/site-packages/airflow/example_dags/example_latest_only_with_trigger.py
[2023-06-11T00:39:45.219+0200] {logging_mixin.py:117} INFO - [2023-06-11T00:39:45.218+0200] {dag.py:2573} INFO - Sync 1 DAGs
[2023-06-11T00:39:45.270+0200] {logging_mixin.py:117} INFO - [2023-06-11T00:39:45.270+0200] {dag.py:3324} INFO - Setting next_dagrun for latest_only_with_trigger to 2023-06-10T18:39:45.269445+00:00, run_after=2023-06-10T22:39:45.269445+00:00
[2023-06-11T00:39:45.328+0200] {processor.py:178} INFO - Processing /home/nanah/airflow_venv/lib/python3.10/site-packages/airflow/example_dags/example_latest_only_with_trigger.py took 0.223 seconds
[2023-06-11T00:40:28.358+0200] {processor.py:156} INFO - Started process (PID=5636) to work on /home/nanah/airflow_venv/lib/python3.10/site-packages/airflow/example_dags/example_latest_only_with_trigger.py
[2023-06-11T00:40:28.361+0200] {processor.py:758} INFO - Processing file /home/nanah/airflow_venv/lib/python3.10/site-packages/airflow/example_dags/example_latest_only_with_trigger.py for tasks to queue
[2023-06-11T00:40:28.363+0200] {logging_mixin.py:117} INFO - [2023-06-11T00:40:28.362+0200] {dagbag.py:525} INFO - Filling up the DagBag from /home/nanah/airflow_venv/lib/python3.10/site-packages/airflow/example_dags/example_latest_only_with_trigger.py
[2023-06-11T00:40:28.406+0200] {processor.py:768} INFO - DAG(s) dict_keys(['latest_only_with_trigger']) retrieved from /home/nanah/airflow_venv/lib/python3.10/site-packages/airflow/example_dags/example_latest_only_with_trigger.py
[2023-06-11T00:40:28.495+0200] {logging_mixin.py:117} INFO - [2023-06-11T00:40:28.494+0200] {dag.py:2573} INFO - Sync 1 DAGs
[2023-06-11T00:40:28.544+0200] {logging_mixin.py:117} INFO - [2023-06-11T00:40:28.544+0200] {dag.py:3324} INFO - Setting next_dagrun for latest_only_with_trigger to 2023-06-10T18:40:28.544004+00:00, run_after=2023-06-10T22:40:28.544004+00:00
[2023-06-11T00:40:28.593+0200] {processor.py:178} INFO - Processing /home/nanah/airflow_venv/lib/python3.10/site-packages/airflow/example_dags/example_latest_only_with_trigger.py took 0.247 seconds
[2023-06-11T00:41:09.790+0200] {processor.py:156} INFO - Started process (PID=5670) to work on /home/nanah/airflow_venv/lib/python3.10/site-packages/airflow/example_dags/example_latest_only_with_trigger.py
[2023-06-11T00:41:09.794+0200] {processor.py:758} INFO - Processing file /home/nanah/airflow_venv/lib/python3.10/site-packages/airflow/example_dags/example_latest_only_with_trigger.py for tasks to queue
[2023-06-11T00:41:09.795+0200] {logging_mixin.py:117} INFO - [2023-06-11T00:41:09.795+0200] {dagbag.py:525} INFO - Filling up the DagBag from /home/nanah/airflow_venv/lib/python3.10/site-packages/airflow/example_dags/example_latest_only_with_trigger.py
[2023-06-11T00:41:09.827+0200] {processor.py:768} INFO - DAG(s) dict_keys(['latest_only_with_trigger']) retrieved from /home/nanah/airflow_venv/lib/python3.10/site-packages/airflow/example_dags/example_latest_only_with_trigger.py
[2023-06-11T00:41:09.878+0200] {logging_mixin.py:117} INFO - [2023-06-11T00:41:09.878+0200] {dag.py:2573} INFO - Sync 1 DAGs
[2023-06-11T00:41:09.922+0200] {logging_mixin.py:117} INFO - [2023-06-11T00:41:09.922+0200] {dag.py:3324} INFO - Setting next_dagrun for latest_only_with_trigger to 2023-06-10T18:41:09.922058+00:00, run_after=2023-06-10T22:41:09.922058+00:00
[2023-06-11T00:41:09.973+0200] {processor.py:178} INFO - Processing /home/nanah/airflow_venv/lib/python3.10/site-packages/airflow/example_dags/example_latest_only_with_trigger.py took 0.192 seconds
[2023-06-11T00:41:55.857+0200] {processor.py:156} INFO - Started process (PID=5706) to work on /home/nanah/airflow_venv/lib/python3.10/site-packages/airflow/example_dags/example_latest_only_with_trigger.py
[2023-06-11T00:41:55.864+0200] {processor.py:758} INFO - Processing file /home/nanah/airflow_venv/lib/python3.10/site-packages/airflow/example_dags/example_latest_only_with_trigger.py for tasks to queue
[2023-06-11T00:41:55.866+0200] {logging_mixin.py:117} INFO - [2023-06-11T00:41:55.865+0200] {dagbag.py:525} INFO - Filling up the DagBag from /home/nanah/airflow_venv/lib/python3.10/site-packages/airflow/example_dags/example_latest_only_with_trigger.py
[2023-06-11T00:41:55.926+0200] {processor.py:768} INFO - DAG(s) dict_keys(['latest_only_with_trigger']) retrieved from /home/nanah/airflow_venv/lib/python3.10/site-packages/airflow/example_dags/example_latest_only_with_trigger.py
[2023-06-11T00:41:56.031+0200] {logging_mixin.py:117} INFO - [2023-06-11T00:41:56.030+0200] {dag.py:2573} INFO - Sync 1 DAGs
[2023-06-11T00:41:56.093+0200] {logging_mixin.py:117} INFO - [2023-06-11T00:41:56.092+0200] {dag.py:3324} INFO - Setting next_dagrun for latest_only_with_trigger to 2023-06-10T18:41:56.092172+00:00, run_after=2023-06-10T22:41:56.092172+00:00
[2023-06-11T00:41:56.158+0200] {processor.py:178} INFO - Processing /home/nanah/airflow_venv/lib/python3.10/site-packages/airflow/example_dags/example_latest_only_with_trigger.py took 0.313 seconds
[2023-06-11T00:42:43.721+0200] {processor.py:156} INFO - Started process (PID=5742) to work on /home/nanah/airflow_venv/lib/python3.10/site-packages/airflow/example_dags/example_latest_only_with_trigger.py
[2023-06-11T00:42:43.724+0200] {processor.py:758} INFO - Processing file /home/nanah/airflow_venv/lib/python3.10/site-packages/airflow/example_dags/example_latest_only_with_trigger.py for tasks to queue
[2023-06-11T00:42:43.726+0200] {logging_mixin.py:117} INFO - [2023-06-11T00:42:43.725+0200] {dagbag.py:525} INFO - Filling up the DagBag from /home/nanah/airflow_venv/lib/python3.10/site-packages/airflow/example_dags/example_latest_only_with_trigger.py
[2023-06-11T00:42:43.770+0200] {processor.py:768} INFO - DAG(s) dict_keys(['latest_only_with_trigger']) retrieved from /home/nanah/airflow_venv/lib/python3.10/site-packages/airflow/example_dags/example_latest_only_with_trigger.py
[2023-06-11T00:42:43.839+0200] {logging_mixin.py:117} INFO - [2023-06-11T00:42:43.839+0200] {dag.py:2573} INFO - Sync 1 DAGs
[2023-06-11T00:42:43.887+0200] {logging_mixin.py:117} INFO - [2023-06-11T00:42:43.887+0200] {dag.py:3324} INFO - Setting next_dagrun for latest_only_with_trigger to 2023-06-10T18:42:43.886412+00:00, run_after=2023-06-10T22:42:43.886412+00:00
[2023-06-11T00:42:43.953+0200] {processor.py:178} INFO - Processing /home/nanah/airflow_venv/lib/python3.10/site-packages/airflow/example_dags/example_latest_only_with_trigger.py took 0.240 seconds
[2023-06-11T00:43:29.954+0200] {processor.py:156} INFO - Started process (PID=5776) to work on /home/nanah/airflow_venv/lib/python3.10/site-packages/airflow/example_dags/example_latest_only_with_trigger.py
[2023-06-11T00:43:29.960+0200] {processor.py:758} INFO - Processing file /home/nanah/airflow_venv/lib/python3.10/site-packages/airflow/example_dags/example_latest_only_with_trigger.py for tasks to queue
[2023-06-11T00:43:29.962+0200] {logging_mixin.py:117} INFO - [2023-06-11T00:43:29.961+0200] {dagbag.py:525} INFO - Filling up the DagBag from /home/nanah/airflow_venv/lib/python3.10/site-packages/airflow/example_dags/example_latest_only_with_trigger.py
[2023-06-11T00:43:30.001+0200] {processor.py:768} INFO - DAG(s) dict_keys(['latest_only_with_trigger']) retrieved from /home/nanah/airflow_venv/lib/python3.10/site-packages/airflow/example_dags/example_latest_only_with_trigger.py
[2023-06-11T00:43:30.078+0200] {logging_mixin.py:117} INFO - [2023-06-11T00:43:30.078+0200] {dag.py:2573} INFO - Sync 1 DAGs
[2023-06-11T00:43:30.157+0200] {logging_mixin.py:117} INFO - [2023-06-11T00:43:30.157+0200] {dag.py:3324} INFO - Setting next_dagrun for latest_only_with_trigger to 2023-06-10T18:43:30.156391+00:00, run_after=2023-06-10T22:43:30.156391+00:00
[2023-06-11T00:43:30.275+0200] {processor.py:178} INFO - Processing /home/nanah/airflow_venv/lib/python3.10/site-packages/airflow/example_dags/example_latest_only_with_trigger.py took 0.328 seconds
[2023-06-11T00:44:13.389+0200] {processor.py:156} INFO - Started process (PID=5810) to work on /home/nanah/airflow_venv/lib/python3.10/site-packages/airflow/example_dags/example_latest_only_with_trigger.py
[2023-06-11T00:44:13.393+0200] {processor.py:758} INFO - Processing file /home/nanah/airflow_venv/lib/python3.10/site-packages/airflow/example_dags/example_latest_only_with_trigger.py for tasks to queue
[2023-06-11T00:44:13.395+0200] {logging_mixin.py:117} INFO - [2023-06-11T00:44:13.394+0200] {dagbag.py:525} INFO - Filling up the DagBag from /home/nanah/airflow_venv/lib/python3.10/site-packages/airflow/example_dags/example_latest_only_with_trigger.py
[2023-06-11T00:44:13.446+0200] {processor.py:768} INFO - DAG(s) dict_keys(['latest_only_with_trigger']) retrieved from /home/nanah/airflow_venv/lib/python3.10/site-packages/airflow/example_dags/example_latest_only_with_trigger.py
[2023-06-11T00:44:13.518+0200] {logging_mixin.py:117} INFO - [2023-06-11T00:44:13.518+0200] {dag.py:2573} INFO - Sync 1 DAGs
[2023-06-11T00:44:13.568+0200] {logging_mixin.py:117} INFO - [2023-06-11T00:44:13.568+0200] {dag.py:3324} INFO - Setting next_dagrun for latest_only_with_trigger to 2023-06-10T18:44:13.567790+00:00, run_after=2023-06-10T22:44:13.567790+00:00
[2023-06-11T00:44:13.623+0200] {processor.py:178} INFO - Processing /home/nanah/airflow_venv/lib/python3.10/site-packages/airflow/example_dags/example_latest_only_with_trigger.py took 0.240 seconds
[2023-06-11T00:45:02.245+0200] {processor.py:156} INFO - Started process (PID=5844) to work on /home/nanah/airflow_venv/lib/python3.10/site-packages/airflow/example_dags/example_latest_only_with_trigger.py
[2023-06-11T00:45:02.254+0200] {processor.py:758} INFO - Processing file /home/nanah/airflow_venv/lib/python3.10/site-packages/airflow/example_dags/example_latest_only_with_trigger.py for tasks to queue
[2023-06-11T00:45:02.256+0200] {logging_mixin.py:117} INFO - [2023-06-11T00:45:02.256+0200] {dagbag.py:525} INFO - Filling up the DagBag from /home/nanah/airflow_venv/lib/python3.10/site-packages/airflow/example_dags/example_latest_only_with_trigger.py
[2023-06-11T00:45:02.313+0200] {processor.py:768} INFO - DAG(s) dict_keys(['latest_only_with_trigger']) retrieved from /home/nanah/airflow_venv/lib/python3.10/site-packages/airflow/example_dags/example_latest_only_with_trigger.py
[2023-06-11T00:45:02.405+0200] {logging_mixin.py:117} INFO - [2023-06-11T00:45:02.405+0200] {dag.py:2573} INFO - Sync 1 DAGs
[2023-06-11T00:45:02.469+0200] {logging_mixin.py:117} INFO - [2023-06-11T00:45:02.468+0200] {dag.py:3324} INFO - Setting next_dagrun for latest_only_with_trigger to 2023-06-10T18:45:02.468120+00:00, run_after=2023-06-10T22:45:02.468120+00:00
[2023-06-11T00:45:02.535+0200] {processor.py:178} INFO - Processing /home/nanah/airflow_venv/lib/python3.10/site-packages/airflow/example_dags/example_latest_only_with_trigger.py took 0.307 seconds
