[2023-06-11T00:10:25.226+0200] {processor.py:156} INFO - Started process (PID=4384) to work on /home/nanah/airflow_venv/lib/python3.10/site-packages/airflow/example_dags/tutorial_taskflow_api_virtualenv.py
[2023-06-11T00:10:25.228+0200] {processor.py:758} INFO - Processing file /home/nanah/airflow_venv/lib/python3.10/site-packages/airflow/example_dags/tutorial_taskflow_api_virtualenv.py for tasks to queue
[2023-06-11T00:10:25.230+0200] {logging_mixin.py:117} INFO - [2023-06-11T00:10:25.230+0200] {dagbag.py:525} INFO - Filling up the DagBag from /home/nanah/airflow_venv/lib/python3.10/site-packages/airflow/example_dags/tutorial_taskflow_api_virtualenv.py
[2023-06-11T00:10:31.008+0200] {logging_mixin.py:117} INFO - [2023-06-11T00:10:31.007+0200] {tutorial_taskflow_api_virtualenv.py:29} WARNING - The tutorial_taskflow_api_virtualenv example DAG requires virtualenv, please install it.
[2023-06-11T00:10:31.022+0200] {processor.py:770} WARNING - No viable dags retrieved from /home/nanah/airflow_venv/lib/python3.10/site-packages/airflow/example_dags/tutorial_taskflow_api_virtualenv.py
[2023-06-11T00:10:31.796+0200] {processor.py:178} INFO - Processing /home/nanah/airflow_venv/lib/python3.10/site-packages/airflow/example_dags/tutorial_taskflow_api_virtualenv.py took 6.592 seconds
[2023-06-11T00:12:52.423+0200] {processor.py:156} INFO - Started process (PID=4637) to work on /home/nanah/airflow_venv/lib/python3.10/site-packages/airflow/example_dags/tutorial_taskflow_api_virtualenv.py
[2023-06-11T00:12:52.430+0200] {processor.py:758} INFO - Processing file /home/nanah/airflow_venv/lib/python3.10/site-packages/airflow/example_dags/tutorial_taskflow_api_virtualenv.py for tasks to queue
[2023-06-11T00:12:52.432+0200] {logging_mixin.py:117} INFO - [2023-06-11T00:12:52.432+0200] {dagbag.py:525} INFO - Filling up the DagBag from /home/nanah/airflow_venv/lib/python3.10/site-packages/airflow/example_dags/tutorial_taskflow_api_virtualenv.py
[2023-06-11T00:12:53.453+0200] {logging_mixin.py:117} INFO - [2023-06-11T00:12:53.452+0200] {tutorial_taskflow_api_virtualenv.py:29} WARNING - The tutorial_taskflow_api_virtualenv example DAG requires virtualenv, please install it.
[2023-06-11T00:12:53.453+0200] {processor.py:770} WARNING - No viable dags retrieved from /home/nanah/airflow_venv/lib/python3.10/site-packages/airflow/example_dags/tutorial_taskflow_api_virtualenv.py
[2023-06-11T00:12:53.472+0200] {processor.py:178} INFO - Processing /home/nanah/airflow_venv/lib/python3.10/site-packages/airflow/example_dags/tutorial_taskflow_api_virtualenv.py took 1.063 seconds
[2023-06-11T00:14:08.571+0200] {processor.py:156} INFO - Started process (PID=4673) to work on /home/nanah/airflow_venv/lib/python3.10/site-packages/airflow/example_dags/tutorial_taskflow_api_virtualenv.py
[2023-06-11T00:14:08.587+0200] {processor.py:758} INFO - Processing file /home/nanah/airflow_venv/lib/python3.10/site-packages/airflow/example_dags/tutorial_taskflow_api_virtualenv.py for tasks to queue
[2023-06-11T00:14:08.589+0200] {logging_mixin.py:117} INFO - [2023-06-11T00:14:08.589+0200] {dagbag.py:525} INFO - Filling up the DagBag from /home/nanah/airflow_venv/lib/python3.10/site-packages/airflow/example_dags/tutorial_taskflow_api_virtualenv.py
[2023-06-11T00:14:09.850+0200] {logging_mixin.py:117} INFO - [2023-06-11T00:14:09.850+0200] {tutorial_taskflow_api_virtualenv.py:29} WARNING - The tutorial_taskflow_api_virtualenv example DAG requires virtualenv, please install it.
[2023-06-11T00:14:09.851+0200] {processor.py:770} WARNING - No viable dags retrieved from /home/nanah/airflow_venv/lib/python3.10/site-packages/airflow/example_dags/tutorial_taskflow_api_virtualenv.py
[2023-06-11T00:14:09.873+0200] {processor.py:178} INFO - Processing /home/nanah/airflow_venv/lib/python3.10/site-packages/airflow/example_dags/tutorial_taskflow_api_virtualenv.py took 1.325 seconds
[2023-06-11T00:15:21.243+0200] {processor.py:156} INFO - Started process (PID=4713) to work on /home/nanah/airflow_venv/lib/python3.10/site-packages/airflow/example_dags/tutorial_taskflow_api_virtualenv.py
[2023-06-11T00:15:21.248+0200] {processor.py:758} INFO - Processing file /home/nanah/airflow_venv/lib/python3.10/site-packages/airflow/example_dags/tutorial_taskflow_api_virtualenv.py for tasks to queue
[2023-06-11T00:15:21.254+0200] {logging_mixin.py:117} INFO - [2023-06-11T00:15:21.253+0200] {dagbag.py:525} INFO - Filling up the DagBag from /home/nanah/airflow_venv/lib/python3.10/site-packages/airflow/example_dags/tutorial_taskflow_api_virtualenv.py
[2023-06-11T00:15:22.457+0200] {logging_mixin.py:117} INFO - [2023-06-11T00:15:22.456+0200] {tutorial_taskflow_api_virtualenv.py:29} WARNING - The tutorial_taskflow_api_virtualenv example DAG requires virtualenv, please install it.
[2023-06-11T00:15:22.459+0200] {processor.py:770} WARNING - No viable dags retrieved from /home/nanah/airflow_venv/lib/python3.10/site-packages/airflow/example_dags/tutorial_taskflow_api_virtualenv.py
[2023-06-11T00:15:22.533+0200] {processor.py:178} INFO - Processing /home/nanah/airflow_venv/lib/python3.10/site-packages/airflow/example_dags/tutorial_taskflow_api_virtualenv.py took 1.297 seconds
[2023-06-11T00:16:43.301+0200] {processor.py:156} INFO - Started process (PID=4760) to work on /home/nanah/airflow_venv/lib/python3.10/site-packages/airflow/example_dags/tutorial_taskflow_api_virtualenv.py
[2023-06-11T00:16:43.305+0200] {processor.py:758} INFO - Processing file /home/nanah/airflow_venv/lib/python3.10/site-packages/airflow/example_dags/tutorial_taskflow_api_virtualenv.py for tasks to queue
[2023-06-11T00:16:43.307+0200] {logging_mixin.py:117} INFO - [2023-06-11T00:16:43.306+0200] {dagbag.py:525} INFO - Filling up the DagBag from /home/nanah/airflow_venv/lib/python3.10/site-packages/airflow/example_dags/tutorial_taskflow_api_virtualenv.py
[2023-06-11T00:16:43.562+0200] {logging_mixin.py:117} INFO - [2023-06-11T00:16:43.562+0200] {tutorial_taskflow_api_virtualenv.py:29} WARNING - The tutorial_taskflow_api_virtualenv example DAG requires virtualenv, please install it.
[2023-06-11T00:16:43.563+0200] {processor.py:770} WARNING - No viable dags retrieved from /home/nanah/airflow_venv/lib/python3.10/site-packages/airflow/example_dags/tutorial_taskflow_api_virtualenv.py
[2023-06-11T00:16:43.586+0200] {processor.py:178} INFO - Processing /home/nanah/airflow_venv/lib/python3.10/site-packages/airflow/example_dags/tutorial_taskflow_api_virtualenv.py took 0.299 seconds
[2023-06-11T00:17:32.704+0200] {processor.py:156} INFO - Started process (PID=4797) to work on /home/nanah/airflow_venv/lib/python3.10/site-packages/airflow/example_dags/tutorial_taskflow_api_virtualenv.py
[2023-06-11T00:17:32.714+0200] {processor.py:758} INFO - Processing file /home/nanah/airflow_venv/lib/python3.10/site-packages/airflow/example_dags/tutorial_taskflow_api_virtualenv.py for tasks to queue
[2023-06-11T00:17:32.716+0200] {logging_mixin.py:117} INFO - [2023-06-11T00:17:32.715+0200] {dagbag.py:525} INFO - Filling up the DagBag from /home/nanah/airflow_venv/lib/python3.10/site-packages/airflow/example_dags/tutorial_taskflow_api_virtualenv.py
[2023-06-11T00:17:32.961+0200] {logging_mixin.py:117} INFO - [2023-06-11T00:17:32.961+0200] {tutorial_taskflow_api_virtualenv.py:29} WARNING - The tutorial_taskflow_api_virtualenv example DAG requires virtualenv, please install it.
[2023-06-11T00:17:32.962+0200] {processor.py:770} WARNING - No viable dags retrieved from /home/nanah/airflow_venv/lib/python3.10/site-packages/airflow/example_dags/tutorial_taskflow_api_virtualenv.py
[2023-06-11T00:17:32.982+0200] {processor.py:178} INFO - Processing /home/nanah/airflow_venv/lib/python3.10/site-packages/airflow/example_dags/tutorial_taskflow_api_virtualenv.py took 0.285 seconds
[2023-06-11T00:18:22.095+0200] {processor.py:156} INFO - Started process (PID=4833) to work on /home/nanah/airflow_venv/lib/python3.10/site-packages/airflow/example_dags/tutorial_taskflow_api_virtualenv.py
[2023-06-11T00:18:22.107+0200] {processor.py:758} INFO - Processing file /home/nanah/airflow_venv/lib/python3.10/site-packages/airflow/example_dags/tutorial_taskflow_api_virtualenv.py for tasks to queue
[2023-06-11T00:18:22.109+0200] {logging_mixin.py:117} INFO - [2023-06-11T00:18:22.109+0200] {dagbag.py:525} INFO - Filling up the DagBag from /home/nanah/airflow_venv/lib/python3.10/site-packages/airflow/example_dags/tutorial_taskflow_api_virtualenv.py
[2023-06-11T00:18:22.323+0200] {logging_mixin.py:117} INFO - [2023-06-11T00:18:22.323+0200] {tutorial_taskflow_api_virtualenv.py:29} WARNING - The tutorial_taskflow_api_virtualenv example DAG requires virtualenv, please install it.
[2023-06-11T00:18:22.324+0200] {processor.py:770} WARNING - No viable dags retrieved from /home/nanah/airflow_venv/lib/python3.10/site-packages/airflow/example_dags/tutorial_taskflow_api_virtualenv.py
[2023-06-11T00:18:22.356+0200] {processor.py:178} INFO - Processing /home/nanah/airflow_venv/lib/python3.10/site-packages/airflow/example_dags/tutorial_taskflow_api_virtualenv.py took 0.277 seconds
[2023-06-11T00:19:02.182+0200] {processor.py:156} INFO - Started process (PID=4866) to work on /home/nanah/airflow_venv/lib/python3.10/site-packages/airflow/example_dags/tutorial_taskflow_api_virtualenv.py
[2023-06-11T00:19:02.186+0200] {processor.py:758} INFO - Processing file /home/nanah/airflow_venv/lib/python3.10/site-packages/airflow/example_dags/tutorial_taskflow_api_virtualenv.py for tasks to queue
[2023-06-11T00:19:02.187+0200] {logging_mixin.py:117} INFO - [2023-06-11T00:19:02.187+0200] {dagbag.py:525} INFO - Filling up the DagBag from /home/nanah/airflow_venv/lib/python3.10/site-packages/airflow/example_dags/tutorial_taskflow_api_virtualenv.py
[2023-06-11T00:19:02.497+0200] {logging_mixin.py:117} INFO - [2023-06-11T00:19:02.496+0200] {tutorial_taskflow_api_virtualenv.py:29} WARNING - The tutorial_taskflow_api_virtualenv example DAG requires virtualenv, please install it.
[2023-06-11T00:19:02.497+0200] {processor.py:770} WARNING - No viable dags retrieved from /home/nanah/airflow_venv/lib/python3.10/site-packages/airflow/example_dags/tutorial_taskflow_api_virtualenv.py
[2023-06-11T00:19:02.519+0200] {processor.py:178} INFO - Processing /home/nanah/airflow_venv/lib/python3.10/site-packages/airflow/example_dags/tutorial_taskflow_api_virtualenv.py took 0.348 seconds
[2023-06-11T00:20:32.725+0200] {processor.py:156} INFO - Started process (PID=4912) to work on /home/nanah/airflow_venv/lib/python3.10/site-packages/airflow/example_dags/tutorial_taskflow_api_virtualenv.py
[2023-06-11T00:20:32.729+0200] {processor.py:758} INFO - Processing file /home/nanah/airflow_venv/lib/python3.10/site-packages/airflow/example_dags/tutorial_taskflow_api_virtualenv.py for tasks to queue
[2023-06-11T00:20:32.730+0200] {logging_mixin.py:117} INFO - [2023-06-11T00:20:32.730+0200] {dagbag.py:525} INFO - Filling up the DagBag from /home/nanah/airflow_venv/lib/python3.10/site-packages/airflow/example_dags/tutorial_taskflow_api_virtualenv.py
[2023-06-11T00:20:33.878+0200] {logging_mixin.py:117} INFO - [2023-06-11T00:20:33.877+0200] {tutorial_taskflow_api_virtualenv.py:29} WARNING - The tutorial_taskflow_api_virtualenv example DAG requires virtualenv, please install it.
[2023-06-11T00:20:33.879+0200] {processor.py:770} WARNING - No viable dags retrieved from /home/nanah/airflow_venv/lib/python3.10/site-packages/airflow/example_dags/tutorial_taskflow_api_virtualenv.py
[2023-06-11T00:20:33.901+0200] {processor.py:178} INFO - Processing /home/nanah/airflow_venv/lib/python3.10/site-packages/airflow/example_dags/tutorial_taskflow_api_virtualenv.py took 1.186 seconds
[2023-06-11T00:21:30.973+0200] {processor.py:156} INFO - Started process (PID=4947) to work on /home/nanah/airflow_venv/lib/python3.10/site-packages/airflow/example_dags/tutorial_taskflow_api_virtualenv.py
[2023-06-11T00:21:30.982+0200] {processor.py:758} INFO - Processing file /home/nanah/airflow_venv/lib/python3.10/site-packages/airflow/example_dags/tutorial_taskflow_api_virtualenv.py for tasks to queue
[2023-06-11T00:21:30.984+0200] {logging_mixin.py:117} INFO - [2023-06-11T00:21:30.983+0200] {dagbag.py:525} INFO - Filling up the DagBag from /home/nanah/airflow_venv/lib/python3.10/site-packages/airflow/example_dags/tutorial_taskflow_api_virtualenv.py
[2023-06-11T00:21:31.243+0200] {logging_mixin.py:117} INFO - [2023-06-11T00:21:31.242+0200] {tutorial_taskflow_api_virtualenv.py:29} WARNING - The tutorial_taskflow_api_virtualenv example DAG requires virtualenv, please install it.
[2023-06-11T00:21:31.244+0200] {processor.py:770} WARNING - No viable dags retrieved from /home/nanah/airflow_venv/lib/python3.10/site-packages/airflow/example_dags/tutorial_taskflow_api_virtualenv.py
[2023-06-11T00:21:31.283+0200] {processor.py:178} INFO - Processing /home/nanah/airflow_venv/lib/python3.10/site-packages/airflow/example_dags/tutorial_taskflow_api_virtualenv.py took 0.317 seconds
[2023-06-11T00:22:41.226+0200] {processor.py:156} INFO - Started process (PID=4983) to work on /home/nanah/airflow_venv/lib/python3.10/site-packages/airflow/example_dags/tutorial_taskflow_api_virtualenv.py
[2023-06-11T00:22:41.240+0200] {processor.py:758} INFO - Processing file /home/nanah/airflow_venv/lib/python3.10/site-packages/airflow/example_dags/tutorial_taskflow_api_virtualenv.py for tasks to queue
[2023-06-11T00:22:41.242+0200] {logging_mixin.py:117} INFO - [2023-06-11T00:22:41.242+0200] {dagbag.py:525} INFO - Filling up the DagBag from /home/nanah/airflow_venv/lib/python3.10/site-packages/airflow/example_dags/tutorial_taskflow_api_virtualenv.py
[2023-06-11T00:22:43.378+0200] {logging_mixin.py:117} INFO - [2023-06-11T00:22:43.378+0200] {tutorial_taskflow_api_virtualenv.py:29} WARNING - The tutorial_taskflow_api_virtualenv example DAG requires virtualenv, please install it.
[2023-06-11T00:22:43.379+0200] {processor.py:770} WARNING - No viable dags retrieved from /home/nanah/airflow_venv/lib/python3.10/site-packages/airflow/example_dags/tutorial_taskflow_api_virtualenv.py
[2023-06-11T00:22:43.437+0200] {processor.py:178} INFO - Processing /home/nanah/airflow_venv/lib/python3.10/site-packages/airflow/example_dags/tutorial_taskflow_api_virtualenv.py took 2.238 seconds
[2023-06-11T00:23:39.054+0200] {processor.py:156} INFO - Started process (PID=5017) to work on /home/nanah/airflow_venv/lib/python3.10/site-packages/airflow/example_dags/tutorial_taskflow_api_virtualenv.py
[2023-06-11T00:23:39.060+0200] {processor.py:758} INFO - Processing file /home/nanah/airflow_venv/lib/python3.10/site-packages/airflow/example_dags/tutorial_taskflow_api_virtualenv.py for tasks to queue
[2023-06-11T00:23:39.070+0200] {logging_mixin.py:117} INFO - [2023-06-11T00:23:39.070+0200] {dagbag.py:525} INFO - Filling up the DagBag from /home/nanah/airflow_venv/lib/python3.10/site-packages/airflow/example_dags/tutorial_taskflow_api_virtualenv.py
[2023-06-11T00:23:39.561+0200] {logging_mixin.py:117} INFO - [2023-06-11T00:23:39.560+0200] {tutorial_taskflow_api_virtualenv.py:29} WARNING - The tutorial_taskflow_api_virtualenv example DAG requires virtualenv, please install it.
[2023-06-11T00:23:39.562+0200] {processor.py:770} WARNING - No viable dags retrieved from /home/nanah/airflow_venv/lib/python3.10/site-packages/airflow/example_dags/tutorial_taskflow_api_virtualenv.py
[2023-06-11T00:23:39.604+0200] {processor.py:178} INFO - Processing /home/nanah/airflow_venv/lib/python3.10/site-packages/airflow/example_dags/tutorial_taskflow_api_virtualenv.py took 0.571 seconds
[2023-06-11T00:25:05.781+0200] {processor.py:156} INFO - Started process (PID=5054) to work on /home/nanah/airflow_venv/lib/python3.10/site-packages/airflow/example_dags/tutorial_taskflow_api_virtualenv.py
[2023-06-11T00:25:05.791+0200] {processor.py:758} INFO - Processing file /home/nanah/airflow_venv/lib/python3.10/site-packages/airflow/example_dags/tutorial_taskflow_api_virtualenv.py for tasks to queue
[2023-06-11T00:25:05.795+0200] {logging_mixin.py:117} INFO - [2023-06-11T00:25:05.794+0200] {dagbag.py:525} INFO - Filling up the DagBag from /home/nanah/airflow_venv/lib/python3.10/site-packages/airflow/example_dags/tutorial_taskflow_api_virtualenv.py
[2023-06-11T00:25:09.921+0200] {logging_mixin.py:117} INFO - [2023-06-11T00:25:09.920+0200] {tutorial_taskflow_api_virtualenv.py:29} WARNING - The tutorial_taskflow_api_virtualenv example DAG requires virtualenv, please install it.
[2023-06-11T00:25:09.922+0200] {processor.py:770} WARNING - No viable dags retrieved from /home/nanah/airflow_venv/lib/python3.10/site-packages/airflow/example_dags/tutorial_taskflow_api_virtualenv.py
[2023-06-11T00:25:09.982+0200] {processor.py:178} INFO - Processing /home/nanah/airflow_venv/lib/python3.10/site-packages/airflow/example_dags/tutorial_taskflow_api_virtualenv.py took 4.235 seconds
[2023-06-11T00:26:33.325+0200] {processor.py:156} INFO - Started process (PID=5089) to work on /home/nanah/airflow_venv/lib/python3.10/site-packages/airflow/example_dags/tutorial_taskflow_api_virtualenv.py
[2023-06-11T00:26:33.329+0200] {processor.py:758} INFO - Processing file /home/nanah/airflow_venv/lib/python3.10/site-packages/airflow/example_dags/tutorial_taskflow_api_virtualenv.py for tasks to queue
[2023-06-11T00:26:33.331+0200] {logging_mixin.py:117} INFO - [2023-06-11T00:26:33.330+0200] {dagbag.py:525} INFO - Filling up the DagBag from /home/nanah/airflow_venv/lib/python3.10/site-packages/airflow/example_dags/tutorial_taskflow_api_virtualenv.py
[2023-06-11T00:26:33.752+0200] {logging_mixin.py:117} INFO - [2023-06-11T00:26:33.752+0200] {tutorial_taskflow_api_virtualenv.py:29} WARNING - The tutorial_taskflow_api_virtualenv example DAG requires virtualenv, please install it.
[2023-06-11T00:26:33.753+0200] {processor.py:770} WARNING - No viable dags retrieved from /home/nanah/airflow_venv/lib/python3.10/site-packages/airflow/example_dags/tutorial_taskflow_api_virtualenv.py
[2023-06-11T00:26:33.787+0200] {processor.py:178} INFO - Processing /home/nanah/airflow_venv/lib/python3.10/site-packages/airflow/example_dags/tutorial_taskflow_api_virtualenv.py took 0.468 seconds
[2023-06-11T00:27:31.617+0200] {processor.py:156} INFO - Started process (PID=5126) to work on /home/nanah/airflow_venv/lib/python3.10/site-packages/airflow/example_dags/tutorial_taskflow_api_virtualenv.py
[2023-06-11T00:27:31.622+0200] {processor.py:758} INFO - Processing file /home/nanah/airflow_venv/lib/python3.10/site-packages/airflow/example_dags/tutorial_taskflow_api_virtualenv.py for tasks to queue
[2023-06-11T00:27:31.623+0200] {logging_mixin.py:117} INFO - [2023-06-11T00:27:31.623+0200] {dagbag.py:525} INFO - Filling up the DagBag from /home/nanah/airflow_venv/lib/python3.10/site-packages/airflow/example_dags/tutorial_taskflow_api_virtualenv.py
[2023-06-11T00:27:31.870+0200] {logging_mixin.py:117} INFO - [2023-06-11T00:27:31.869+0200] {tutorial_taskflow_api_virtualenv.py:29} WARNING - The tutorial_taskflow_api_virtualenv example DAG requires virtualenv, please install it.
[2023-06-11T00:27:31.871+0200] {processor.py:770} WARNING - No viable dags retrieved from /home/nanah/airflow_venv/lib/python3.10/site-packages/airflow/example_dags/tutorial_taskflow_api_virtualenv.py
[2023-06-11T00:27:31.901+0200] {processor.py:178} INFO - Processing /home/nanah/airflow_venv/lib/python3.10/site-packages/airflow/example_dags/tutorial_taskflow_api_virtualenv.py took 0.290 seconds
[2023-06-11T00:28:32.279+0200] {processor.py:156} INFO - Started process (PID=5162) to work on /home/nanah/airflow_venv/lib/python3.10/site-packages/airflow/example_dags/tutorial_taskflow_api_virtualenv.py
[2023-06-11T00:28:32.283+0200] {processor.py:758} INFO - Processing file /home/nanah/airflow_venv/lib/python3.10/site-packages/airflow/example_dags/tutorial_taskflow_api_virtualenv.py for tasks to queue
[2023-06-11T00:28:32.285+0200] {logging_mixin.py:117} INFO - [2023-06-11T00:28:32.284+0200] {dagbag.py:525} INFO - Filling up the DagBag from /home/nanah/airflow_venv/lib/python3.10/site-packages/airflow/example_dags/tutorial_taskflow_api_virtualenv.py
[2023-06-11T00:28:32.505+0200] {logging_mixin.py:117} INFO - [2023-06-11T00:28:32.505+0200] {tutorial_taskflow_api_virtualenv.py:29} WARNING - The tutorial_taskflow_api_virtualenv example DAG requires virtualenv, please install it.
[2023-06-11T00:28:32.506+0200] {processor.py:770} WARNING - No viable dags retrieved from /home/nanah/airflow_venv/lib/python3.10/site-packages/airflow/example_dags/tutorial_taskflow_api_virtualenv.py
[2023-06-11T00:28:32.534+0200] {processor.py:178} INFO - Processing /home/nanah/airflow_venv/lib/python3.10/site-packages/airflow/example_dags/tutorial_taskflow_api_virtualenv.py took 0.264 seconds
[2023-06-11T00:29:28.426+0200] {processor.py:156} INFO - Started process (PID=5196) to work on /home/nanah/airflow_venv/lib/python3.10/site-packages/airflow/example_dags/tutorial_taskflow_api_virtualenv.py
[2023-06-11T00:29:28.434+0200] {processor.py:758} INFO - Processing file /home/nanah/airflow_venv/lib/python3.10/site-packages/airflow/example_dags/tutorial_taskflow_api_virtualenv.py for tasks to queue
[2023-06-11T00:29:28.436+0200] {logging_mixin.py:117} INFO - [2023-06-11T00:29:28.435+0200] {dagbag.py:525} INFO - Filling up the DagBag from /home/nanah/airflow_venv/lib/python3.10/site-packages/airflow/example_dags/tutorial_taskflow_api_virtualenv.py
[2023-06-11T00:29:28.642+0200] {logging_mixin.py:117} INFO - [2023-06-11T00:29:28.642+0200] {tutorial_taskflow_api_virtualenv.py:29} WARNING - The tutorial_taskflow_api_virtualenv example DAG requires virtualenv, please install it.
[2023-06-11T00:29:28.643+0200] {processor.py:770} WARNING - No viable dags retrieved from /home/nanah/airflow_venv/lib/python3.10/site-packages/airflow/example_dags/tutorial_taskflow_api_virtualenv.py
[2023-06-11T00:29:28.670+0200] {processor.py:178} INFO - Processing /home/nanah/airflow_venv/lib/python3.10/site-packages/airflow/example_dags/tutorial_taskflow_api_virtualenv.py took 0.252 seconds
[2023-06-11T00:30:39.987+0200] {processor.py:156} INFO - Started process (PID=5233) to work on /home/nanah/airflow_venv/lib/python3.10/site-packages/airflow/example_dags/tutorial_taskflow_api_virtualenv.py
[2023-06-11T00:30:39.993+0200] {processor.py:758} INFO - Processing file /home/nanah/airflow_venv/lib/python3.10/site-packages/airflow/example_dags/tutorial_taskflow_api_virtualenv.py for tasks to queue
[2023-06-11T00:30:39.995+0200] {logging_mixin.py:117} INFO - [2023-06-11T00:30:39.994+0200] {dagbag.py:525} INFO - Filling up the DagBag from /home/nanah/airflow_venv/lib/python3.10/site-packages/airflow/example_dags/tutorial_taskflow_api_virtualenv.py
[2023-06-11T00:30:40.302+0200] {logging_mixin.py:117} INFO - [2023-06-11T00:30:40.301+0200] {tutorial_taskflow_api_virtualenv.py:29} WARNING - The tutorial_taskflow_api_virtualenv example DAG requires virtualenv, please install it.
[2023-06-11T00:30:40.303+0200] {processor.py:770} WARNING - No viable dags retrieved from /home/nanah/airflow_venv/lib/python3.10/site-packages/airflow/example_dags/tutorial_taskflow_api_virtualenv.py
[2023-06-11T00:30:40.327+0200] {processor.py:178} INFO - Processing /home/nanah/airflow_venv/lib/python3.10/site-packages/airflow/example_dags/tutorial_taskflow_api_virtualenv.py took 0.347 seconds
[2023-06-11T00:31:38.505+0200] {processor.py:156} INFO - Started process (PID=5268) to work on /home/nanah/airflow_venv/lib/python3.10/site-packages/airflow/example_dags/tutorial_taskflow_api_virtualenv.py
[2023-06-11T00:31:38.511+0200] {processor.py:758} INFO - Processing file /home/nanah/airflow_venv/lib/python3.10/site-packages/airflow/example_dags/tutorial_taskflow_api_virtualenv.py for tasks to queue
[2023-06-11T00:31:38.514+0200] {logging_mixin.py:117} INFO - [2023-06-11T00:31:38.514+0200] {dagbag.py:525} INFO - Filling up the DagBag from /home/nanah/airflow_venv/lib/python3.10/site-packages/airflow/example_dags/tutorial_taskflow_api_virtualenv.py
[2023-06-11T00:31:38.764+0200] {logging_mixin.py:117} INFO - [2023-06-11T00:31:38.763+0200] {tutorial_taskflow_api_virtualenv.py:29} WARNING - The tutorial_taskflow_api_virtualenv example DAG requires virtualenv, please install it.
[2023-06-11T00:31:38.765+0200] {processor.py:770} WARNING - No viable dags retrieved from /home/nanah/airflow_venv/lib/python3.10/site-packages/airflow/example_dags/tutorial_taskflow_api_virtualenv.py
[2023-06-11T00:31:38.786+0200] {processor.py:178} INFO - Processing /home/nanah/airflow_venv/lib/python3.10/site-packages/airflow/example_dags/tutorial_taskflow_api_virtualenv.py took 0.288 seconds
[2023-06-11T00:32:34.151+0200] {processor.py:156} INFO - Started process (PID=5304) to work on /home/nanah/airflow_venv/lib/python3.10/site-packages/airflow/example_dags/tutorial_taskflow_api_virtualenv.py
[2023-06-11T00:32:34.157+0200] {processor.py:758} INFO - Processing file /home/nanah/airflow_venv/lib/python3.10/site-packages/airflow/example_dags/tutorial_taskflow_api_virtualenv.py for tasks to queue
[2023-06-11T00:32:34.159+0200] {logging_mixin.py:117} INFO - [2023-06-11T00:32:34.159+0200] {dagbag.py:525} INFO - Filling up the DagBag from /home/nanah/airflow_venv/lib/python3.10/site-packages/airflow/example_dags/tutorial_taskflow_api_virtualenv.py
[2023-06-11T00:32:34.398+0200] {logging_mixin.py:117} INFO - [2023-06-11T00:32:34.398+0200] {tutorial_taskflow_api_virtualenv.py:29} WARNING - The tutorial_taskflow_api_virtualenv example DAG requires virtualenv, please install it.
[2023-06-11T00:32:34.399+0200] {processor.py:770} WARNING - No viable dags retrieved from /home/nanah/airflow_venv/lib/python3.10/site-packages/airflow/example_dags/tutorial_taskflow_api_virtualenv.py
[2023-06-11T00:32:34.424+0200] {processor.py:178} INFO - Processing /home/nanah/airflow_venv/lib/python3.10/site-packages/airflow/example_dags/tutorial_taskflow_api_virtualenv.py took 0.280 seconds
[2023-06-11T00:33:27.487+0200] {processor.py:156} INFO - Started process (PID=5339) to work on /home/nanah/airflow_venv/lib/python3.10/site-packages/airflow/example_dags/tutorial_taskflow_api_virtualenv.py
[2023-06-11T00:33:27.493+0200] {processor.py:758} INFO - Processing file /home/nanah/airflow_venv/lib/python3.10/site-packages/airflow/example_dags/tutorial_taskflow_api_virtualenv.py for tasks to queue
[2023-06-11T00:33:27.495+0200] {logging_mixin.py:117} INFO - [2023-06-11T00:33:27.495+0200] {dagbag.py:525} INFO - Filling up the DagBag from /home/nanah/airflow_venv/lib/python3.10/site-packages/airflow/example_dags/tutorial_taskflow_api_virtualenv.py
[2023-06-11T00:33:28.008+0200] {logging_mixin.py:117} INFO - [2023-06-11T00:33:28.007+0200] {tutorial_taskflow_api_virtualenv.py:29} WARNING - The tutorial_taskflow_api_virtualenv example DAG requires virtualenv, please install it.
[2023-06-11T00:33:28.009+0200] {processor.py:770} WARNING - No viable dags retrieved from /home/nanah/airflow_venv/lib/python3.10/site-packages/airflow/example_dags/tutorial_taskflow_api_virtualenv.py
[2023-06-11T00:33:28.032+0200] {processor.py:178} INFO - Processing /home/nanah/airflow_venv/lib/python3.10/site-packages/airflow/example_dags/tutorial_taskflow_api_virtualenv.py took 0.554 seconds
[2023-06-11T00:34:25.718+0200] {processor.py:156} INFO - Started process (PID=5374) to work on /home/nanah/airflow_venv/lib/python3.10/site-packages/airflow/example_dags/tutorial_taskflow_api_virtualenv.py
[2023-06-11T00:34:25.723+0200] {processor.py:758} INFO - Processing file /home/nanah/airflow_venv/lib/python3.10/site-packages/airflow/example_dags/tutorial_taskflow_api_virtualenv.py for tasks to queue
[2023-06-11T00:34:25.724+0200] {logging_mixin.py:117} INFO - [2023-06-11T00:34:25.724+0200] {dagbag.py:525} INFO - Filling up the DagBag from /home/nanah/airflow_venv/lib/python3.10/site-packages/airflow/example_dags/tutorial_taskflow_api_virtualenv.py
[2023-06-11T00:34:25.941+0200] {logging_mixin.py:117} INFO - [2023-06-11T00:34:25.940+0200] {tutorial_taskflow_api_virtualenv.py:29} WARNING - The tutorial_taskflow_api_virtualenv example DAG requires virtualenv, please install it.
[2023-06-11T00:34:25.941+0200] {processor.py:770} WARNING - No viable dags retrieved from /home/nanah/airflow_venv/lib/python3.10/site-packages/airflow/example_dags/tutorial_taskflow_api_virtualenv.py
[2023-06-11T00:34:25.965+0200] {processor.py:178} INFO - Processing /home/nanah/airflow_venv/lib/python3.10/site-packages/airflow/example_dags/tutorial_taskflow_api_virtualenv.py took 0.253 seconds
[2023-06-11T00:35:30.060+0200] {processor.py:156} INFO - Started process (PID=5413) to work on /home/nanah/airflow_venv/lib/python3.10/site-packages/airflow/example_dags/tutorial_taskflow_api_virtualenv.py
[2023-06-11T00:35:30.063+0200] {processor.py:758} INFO - Processing file /home/nanah/airflow_venv/lib/python3.10/site-packages/airflow/example_dags/tutorial_taskflow_api_virtualenv.py for tasks to queue
[2023-06-11T00:35:30.064+0200] {logging_mixin.py:117} INFO - [2023-06-11T00:35:30.064+0200] {dagbag.py:525} INFO - Filling up the DagBag from /home/nanah/airflow_venv/lib/python3.10/site-packages/airflow/example_dags/tutorial_taskflow_api_virtualenv.py
[2023-06-11T00:35:30.251+0200] {logging_mixin.py:117} INFO - [2023-06-11T00:35:30.250+0200] {tutorial_taskflow_api_virtualenv.py:29} WARNING - The tutorial_taskflow_api_virtualenv example DAG requires virtualenv, please install it.
[2023-06-11T00:35:30.251+0200] {processor.py:770} WARNING - No viable dags retrieved from /home/nanah/airflow_venv/lib/python3.10/site-packages/airflow/example_dags/tutorial_taskflow_api_virtualenv.py
[2023-06-11T00:35:30.272+0200] {processor.py:178} INFO - Processing /home/nanah/airflow_venv/lib/python3.10/site-packages/airflow/example_dags/tutorial_taskflow_api_virtualenv.py took 0.218 seconds
[2023-06-11T00:36:14.126+0200] {processor.py:156} INFO - Started process (PID=5446) to work on /home/nanah/airflow_venv/lib/python3.10/site-packages/airflow/example_dags/tutorial_taskflow_api_virtualenv.py
[2023-06-11T00:36:14.132+0200] {processor.py:758} INFO - Processing file /home/nanah/airflow_venv/lib/python3.10/site-packages/airflow/example_dags/tutorial_taskflow_api_virtualenv.py for tasks to queue
[2023-06-11T00:36:14.133+0200] {logging_mixin.py:117} INFO - [2023-06-11T00:36:14.133+0200] {dagbag.py:525} INFO - Filling up the DagBag from /home/nanah/airflow_venv/lib/python3.10/site-packages/airflow/example_dags/tutorial_taskflow_api_virtualenv.py
[2023-06-11T00:36:14.302+0200] {logging_mixin.py:117} INFO - [2023-06-11T00:36:14.302+0200] {tutorial_taskflow_api_virtualenv.py:29} WARNING - The tutorial_taskflow_api_virtualenv example DAG requires virtualenv, please install it.
[2023-06-11T00:36:14.303+0200] {processor.py:770} WARNING - No viable dags retrieved from /home/nanah/airflow_venv/lib/python3.10/site-packages/airflow/example_dags/tutorial_taskflow_api_virtualenv.py
[2023-06-11T00:36:14.322+0200] {processor.py:178} INFO - Processing /home/nanah/airflow_venv/lib/python3.10/site-packages/airflow/example_dags/tutorial_taskflow_api_virtualenv.py took 0.202 seconds
[2023-06-11T00:36:57.973+0200] {processor.py:156} INFO - Started process (PID=5480) to work on /home/nanah/airflow_venv/lib/python3.10/site-packages/airflow/example_dags/tutorial_taskflow_api_virtualenv.py
[2023-06-11T00:36:57.977+0200] {processor.py:758} INFO - Processing file /home/nanah/airflow_venv/lib/python3.10/site-packages/airflow/example_dags/tutorial_taskflow_api_virtualenv.py for tasks to queue
[2023-06-11T00:36:57.979+0200] {logging_mixin.py:117} INFO - [2023-06-11T00:36:57.979+0200] {dagbag.py:525} INFO - Filling up the DagBag from /home/nanah/airflow_venv/lib/python3.10/site-packages/airflow/example_dags/tutorial_taskflow_api_virtualenv.py
[2023-06-11T00:36:58.756+0200] {logging_mixin.py:117} INFO - [2023-06-11T00:36:58.756+0200] {tutorial_taskflow_api_virtualenv.py:29} WARNING - The tutorial_taskflow_api_virtualenv example DAG requires virtualenv, please install it.
[2023-06-11T00:36:58.757+0200] {processor.py:770} WARNING - No viable dags retrieved from /home/nanah/airflow_venv/lib/python3.10/site-packages/airflow/example_dags/tutorial_taskflow_api_virtualenv.py
[2023-06-11T00:36:58.804+0200] {processor.py:178} INFO - Processing /home/nanah/airflow_venv/lib/python3.10/site-packages/airflow/example_dags/tutorial_taskflow_api_virtualenv.py took 0.838 seconds
[2023-06-11T00:37:44.705+0200] {processor.py:156} INFO - Started process (PID=5514) to work on /home/nanah/airflow_venv/lib/python3.10/site-packages/airflow/example_dags/tutorial_taskflow_api_virtualenv.py
[2023-06-11T00:37:44.720+0200] {processor.py:758} INFO - Processing file /home/nanah/airflow_venv/lib/python3.10/site-packages/airflow/example_dags/tutorial_taskflow_api_virtualenv.py for tasks to queue
[2023-06-11T00:37:44.722+0200] {logging_mixin.py:117} INFO - [2023-06-11T00:37:44.721+0200] {dagbag.py:525} INFO - Filling up the DagBag from /home/nanah/airflow_venv/lib/python3.10/site-packages/airflow/example_dags/tutorial_taskflow_api_virtualenv.py
[2023-06-11T00:37:44.992+0200] {logging_mixin.py:117} INFO - [2023-06-11T00:37:44.991+0200] {tutorial_taskflow_api_virtualenv.py:29} WARNING - The tutorial_taskflow_api_virtualenv example DAG requires virtualenv, please install it.
[2023-06-11T00:37:44.992+0200] {processor.py:770} WARNING - No viable dags retrieved from /home/nanah/airflow_venv/lib/python3.10/site-packages/airflow/example_dags/tutorial_taskflow_api_virtualenv.py
[2023-06-11T00:37:45.019+0200] {processor.py:178} INFO - Processing /home/nanah/airflow_venv/lib/python3.10/site-packages/airflow/example_dags/tutorial_taskflow_api_virtualenv.py took 0.321 seconds
[2023-06-11T00:38:36.422+0200] {processor.py:156} INFO - Started process (PID=5550) to work on /home/nanah/airflow_venv/lib/python3.10/site-packages/airflow/example_dags/tutorial_taskflow_api_virtualenv.py
[2023-06-11T00:38:36.428+0200] {processor.py:758} INFO - Processing file /home/nanah/airflow_venv/lib/python3.10/site-packages/airflow/example_dags/tutorial_taskflow_api_virtualenv.py for tasks to queue
[2023-06-11T00:38:36.437+0200] {logging_mixin.py:117} INFO - [2023-06-11T00:38:36.436+0200] {dagbag.py:525} INFO - Filling up the DagBag from /home/nanah/airflow_venv/lib/python3.10/site-packages/airflow/example_dags/tutorial_taskflow_api_virtualenv.py
[2023-06-11T00:38:36.758+0200] {logging_mixin.py:117} INFO - [2023-06-11T00:38:36.758+0200] {tutorial_taskflow_api_virtualenv.py:29} WARNING - The tutorial_taskflow_api_virtualenv example DAG requires virtualenv, please install it.
[2023-06-11T00:38:36.759+0200] {processor.py:770} WARNING - No viable dags retrieved from /home/nanah/airflow_venv/lib/python3.10/site-packages/airflow/example_dags/tutorial_taskflow_api_virtualenv.py
[2023-06-11T00:38:36.797+0200] {processor.py:178} INFO - Processing /home/nanah/airflow_venv/lib/python3.10/site-packages/airflow/example_dags/tutorial_taskflow_api_virtualenv.py took 0.391 seconds
[2023-06-11T00:39:19.469+0200] {processor.py:156} INFO - Started process (PID=5583) to work on /home/nanah/airflow_venv/lib/python3.10/site-packages/airflow/example_dags/tutorial_taskflow_api_virtualenv.py
[2023-06-11T00:39:19.483+0200] {processor.py:758} INFO - Processing file /home/nanah/airflow_venv/lib/python3.10/site-packages/airflow/example_dags/tutorial_taskflow_api_virtualenv.py for tasks to queue
[2023-06-11T00:39:19.485+0200] {logging_mixin.py:117} INFO - [2023-06-11T00:39:19.484+0200] {dagbag.py:525} INFO - Filling up the DagBag from /home/nanah/airflow_venv/lib/python3.10/site-packages/airflow/example_dags/tutorial_taskflow_api_virtualenv.py
[2023-06-11T00:39:19.713+0200] {logging_mixin.py:117} INFO - [2023-06-11T00:39:19.712+0200] {tutorial_taskflow_api_virtualenv.py:29} WARNING - The tutorial_taskflow_api_virtualenv example DAG requires virtualenv, please install it.
[2023-06-11T00:39:19.714+0200] {processor.py:770} WARNING - No viable dags retrieved from /home/nanah/airflow_venv/lib/python3.10/site-packages/airflow/example_dags/tutorial_taskflow_api_virtualenv.py
[2023-06-11T00:39:19.738+0200] {processor.py:178} INFO - Processing /home/nanah/airflow_venv/lib/python3.10/site-packages/airflow/example_dags/tutorial_taskflow_api_virtualenv.py took 0.286 seconds
[2023-06-11T00:40:03.342+0200] {processor.py:156} INFO - Started process (PID=5617) to work on /home/nanah/airflow_venv/lib/python3.10/site-packages/airflow/example_dags/tutorial_taskflow_api_virtualenv.py
[2023-06-11T00:40:03.346+0200] {processor.py:758} INFO - Processing file /home/nanah/airflow_venv/lib/python3.10/site-packages/airflow/example_dags/tutorial_taskflow_api_virtualenv.py for tasks to queue
[2023-06-11T00:40:03.347+0200] {logging_mixin.py:117} INFO - [2023-06-11T00:40:03.347+0200] {dagbag.py:525} INFO - Filling up the DagBag from /home/nanah/airflow_venv/lib/python3.10/site-packages/airflow/example_dags/tutorial_taskflow_api_virtualenv.py
[2023-06-11T00:40:03.549+0200] {logging_mixin.py:117} INFO - [2023-06-11T00:40:03.549+0200] {tutorial_taskflow_api_virtualenv.py:29} WARNING - The tutorial_taskflow_api_virtualenv example DAG requires virtualenv, please install it.
[2023-06-11T00:40:03.550+0200] {processor.py:770} WARNING - No viable dags retrieved from /home/nanah/airflow_venv/lib/python3.10/site-packages/airflow/example_dags/tutorial_taskflow_api_virtualenv.py
[2023-06-11T00:40:03.572+0200] {processor.py:178} INFO - Processing /home/nanah/airflow_venv/lib/python3.10/site-packages/airflow/example_dags/tutorial_taskflow_api_virtualenv.py took 0.241 seconds
[2023-06-11T00:40:46.468+0200] {processor.py:156} INFO - Started process (PID=5651) to work on /home/nanah/airflow_venv/lib/python3.10/site-packages/airflow/example_dags/tutorial_taskflow_api_virtualenv.py
[2023-06-11T00:40:46.472+0200] {processor.py:758} INFO - Processing file /home/nanah/airflow_venv/lib/python3.10/site-packages/airflow/example_dags/tutorial_taskflow_api_virtualenv.py for tasks to queue
[2023-06-11T00:40:46.474+0200] {logging_mixin.py:117} INFO - [2023-06-11T00:40:46.473+0200] {dagbag.py:525} INFO - Filling up the DagBag from /home/nanah/airflow_venv/lib/python3.10/site-packages/airflow/example_dags/tutorial_taskflow_api_virtualenv.py
[2023-06-11T00:40:46.642+0200] {logging_mixin.py:117} INFO - [2023-06-11T00:40:46.642+0200] {tutorial_taskflow_api_virtualenv.py:29} WARNING - The tutorial_taskflow_api_virtualenv example DAG requires virtualenv, please install it.
[2023-06-11T00:40:46.643+0200] {processor.py:770} WARNING - No viable dags retrieved from /home/nanah/airflow_venv/lib/python3.10/site-packages/airflow/example_dags/tutorial_taskflow_api_virtualenv.py
[2023-06-11T00:40:46.665+0200] {processor.py:178} INFO - Processing /home/nanah/airflow_venv/lib/python3.10/site-packages/airflow/example_dags/tutorial_taskflow_api_virtualenv.py took 0.204 seconds
[2023-06-11T00:41:29.608+0200] {processor.py:156} INFO - Started process (PID=5685) to work on /home/nanah/airflow_venv/lib/python3.10/site-packages/airflow/example_dags/tutorial_taskflow_api_virtualenv.py
[2023-06-11T00:41:29.614+0200] {processor.py:758} INFO - Processing file /home/nanah/airflow_venv/lib/python3.10/site-packages/airflow/example_dags/tutorial_taskflow_api_virtualenv.py for tasks to queue
[2023-06-11T00:41:29.616+0200] {logging_mixin.py:117} INFO - [2023-06-11T00:41:29.615+0200] {dagbag.py:525} INFO - Filling up the DagBag from /home/nanah/airflow_venv/lib/python3.10/site-packages/airflow/example_dags/tutorial_taskflow_api_virtualenv.py
[2023-06-11T00:41:29.882+0200] {logging_mixin.py:117} INFO - [2023-06-11T00:41:29.882+0200] {tutorial_taskflow_api_virtualenv.py:29} WARNING - The tutorial_taskflow_api_virtualenv example DAG requires virtualenv, please install it.
[2023-06-11T00:41:29.883+0200] {processor.py:770} WARNING - No viable dags retrieved from /home/nanah/airflow_venv/lib/python3.10/site-packages/airflow/example_dags/tutorial_taskflow_api_virtualenv.py
[2023-06-11T00:41:29.910+0200] {processor.py:178} INFO - Processing /home/nanah/airflow_venv/lib/python3.10/site-packages/airflow/example_dags/tutorial_taskflow_api_virtualenv.py took 0.308 seconds
[2023-06-11T00:42:17.010+0200] {processor.py:156} INFO - Started process (PID=5723) to work on /home/nanah/airflow_venv/lib/python3.10/site-packages/airflow/example_dags/tutorial_taskflow_api_virtualenv.py
[2023-06-11T00:42:17.016+0200] {processor.py:758} INFO - Processing file /home/nanah/airflow_venv/lib/python3.10/site-packages/airflow/example_dags/tutorial_taskflow_api_virtualenv.py for tasks to queue
[2023-06-11T00:42:17.017+0200] {logging_mixin.py:117} INFO - [2023-06-11T00:42:17.017+0200] {dagbag.py:525} INFO - Filling up the DagBag from /home/nanah/airflow_venv/lib/python3.10/site-packages/airflow/example_dags/tutorial_taskflow_api_virtualenv.py
[2023-06-11T00:42:17.225+0200] {logging_mixin.py:117} INFO - [2023-06-11T00:42:17.225+0200] {tutorial_taskflow_api_virtualenv.py:29} WARNING - The tutorial_taskflow_api_virtualenv example DAG requires virtualenv, please install it.
[2023-06-11T00:42:17.226+0200] {processor.py:770} WARNING - No viable dags retrieved from /home/nanah/airflow_venv/lib/python3.10/site-packages/airflow/example_dags/tutorial_taskflow_api_virtualenv.py
[2023-06-11T00:42:17.250+0200] {processor.py:178} INFO - Processing /home/nanah/airflow_venv/lib/python3.10/site-packages/airflow/example_dags/tutorial_taskflow_api_virtualenv.py took 0.246 seconds
[2023-06-11T00:43:04.913+0200] {processor.py:156} INFO - Started process (PID=5757) to work on /home/nanah/airflow_venv/lib/python3.10/site-packages/airflow/example_dags/tutorial_taskflow_api_virtualenv.py
[2023-06-11T00:43:04.919+0200] {processor.py:758} INFO - Processing file /home/nanah/airflow_venv/lib/python3.10/site-packages/airflow/example_dags/tutorial_taskflow_api_virtualenv.py for tasks to queue
[2023-06-11T00:43:04.921+0200] {logging_mixin.py:117} INFO - [2023-06-11T00:43:04.921+0200] {dagbag.py:525} INFO - Filling up the DagBag from /home/nanah/airflow_venv/lib/python3.10/site-packages/airflow/example_dags/tutorial_taskflow_api_virtualenv.py
[2023-06-11T00:43:05.144+0200] {logging_mixin.py:117} INFO - [2023-06-11T00:43:05.144+0200] {tutorial_taskflow_api_virtualenv.py:29} WARNING - The tutorial_taskflow_api_virtualenv example DAG requires virtualenv, please install it.
[2023-06-11T00:43:05.145+0200] {processor.py:770} WARNING - No viable dags retrieved from /home/nanah/airflow_venv/lib/python3.10/site-packages/airflow/example_dags/tutorial_taskflow_api_virtualenv.py
[2023-06-11T00:43:05.170+0200] {processor.py:178} INFO - Processing /home/nanah/airflow_venv/lib/python3.10/site-packages/airflow/example_dags/tutorial_taskflow_api_virtualenv.py took 0.263 seconds
[2023-06-11T00:43:48.828+0200] {processor.py:156} INFO - Started process (PID=5791) to work on /home/nanah/airflow_venv/lib/python3.10/site-packages/airflow/example_dags/tutorial_taskflow_api_virtualenv.py
[2023-06-11T00:43:48.834+0200] {processor.py:758} INFO - Processing file /home/nanah/airflow_venv/lib/python3.10/site-packages/airflow/example_dags/tutorial_taskflow_api_virtualenv.py for tasks to queue
[2023-06-11T00:43:48.836+0200] {logging_mixin.py:117} INFO - [2023-06-11T00:43:48.835+0200] {dagbag.py:525} INFO - Filling up the DagBag from /home/nanah/airflow_venv/lib/python3.10/site-packages/airflow/example_dags/tutorial_taskflow_api_virtualenv.py
[2023-06-11T00:43:49.045+0200] {logging_mixin.py:117} INFO - [2023-06-11T00:43:49.045+0200] {tutorial_taskflow_api_virtualenv.py:29} WARNING - The tutorial_taskflow_api_virtualenv example DAG requires virtualenv, please install it.
[2023-06-11T00:43:49.046+0200] {processor.py:770} WARNING - No viable dags retrieved from /home/nanah/airflow_venv/lib/python3.10/site-packages/airflow/example_dags/tutorial_taskflow_api_virtualenv.py
[2023-06-11T00:43:49.078+0200] {processor.py:178} INFO - Processing /home/nanah/airflow_venv/lib/python3.10/site-packages/airflow/example_dags/tutorial_taskflow_api_virtualenv.py took 0.257 seconds
[2023-06-11T00:44:37.963+0200] {processor.py:156} INFO - Started process (PID=5825) to work on /home/nanah/airflow_venv/lib/python3.10/site-packages/airflow/example_dags/tutorial_taskflow_api_virtualenv.py
[2023-06-11T00:44:37.971+0200] {processor.py:758} INFO - Processing file /home/nanah/airflow_venv/lib/python3.10/site-packages/airflow/example_dags/tutorial_taskflow_api_virtualenv.py for tasks to queue
[2023-06-11T00:44:37.973+0200] {logging_mixin.py:117} INFO - [2023-06-11T00:44:37.973+0200] {dagbag.py:525} INFO - Filling up the DagBag from /home/nanah/airflow_venv/lib/python3.10/site-packages/airflow/example_dags/tutorial_taskflow_api_virtualenv.py
[2023-06-11T00:44:38.207+0200] {logging_mixin.py:117} INFO - [2023-06-11T00:44:38.206+0200] {tutorial_taskflow_api_virtualenv.py:29} WARNING - The tutorial_taskflow_api_virtualenv example DAG requires virtualenv, please install it.
[2023-06-11T00:44:38.207+0200] {processor.py:770} WARNING - No viable dags retrieved from /home/nanah/airflow_venv/lib/python3.10/site-packages/airflow/example_dags/tutorial_taskflow_api_virtualenv.py
[2023-06-11T00:44:38.234+0200] {processor.py:178} INFO - Processing /home/nanah/airflow_venv/lib/python3.10/site-packages/airflow/example_dags/tutorial_taskflow_api_virtualenv.py took 0.279 seconds
[2023-06-11T00:45:27.742+0200] {processor.py:156} INFO - Started process (PID=5860) to work on /home/nanah/airflow_venv/lib/python3.10/site-packages/airflow/example_dags/tutorial_taskflow_api_virtualenv.py
[2023-06-11T00:45:27.746+0200] {processor.py:758} INFO - Processing file /home/nanah/airflow_venv/lib/python3.10/site-packages/airflow/example_dags/tutorial_taskflow_api_virtualenv.py for tasks to queue
[2023-06-11T00:45:27.748+0200] {logging_mixin.py:117} INFO - [2023-06-11T00:45:27.747+0200] {dagbag.py:525} INFO - Filling up the DagBag from /home/nanah/airflow_venv/lib/python3.10/site-packages/airflow/example_dags/tutorial_taskflow_api_virtualenv.py
[2023-06-11T00:45:28.005+0200] {logging_mixin.py:117} INFO - [2023-06-11T00:45:28.004+0200] {tutorial_taskflow_api_virtualenv.py:29} WARNING - The tutorial_taskflow_api_virtualenv example DAG requires virtualenv, please install it.
[2023-06-11T00:45:28.005+0200] {processor.py:770} WARNING - No viable dags retrieved from /home/nanah/airflow_venv/lib/python3.10/site-packages/airflow/example_dags/tutorial_taskflow_api_virtualenv.py
[2023-06-11T00:45:28.027+0200] {processor.py:178} INFO - Processing /home/nanah/airflow_venv/lib/python3.10/site-packages/airflow/example_dags/tutorial_taskflow_api_virtualenv.py took 0.296 seconds
