[2023-06-11T00:11:03.089+0200] {processor.py:156} INFO - Started process (PID=4436) to work on /home/nanah/airflow_venv/lib/python3.10/site-packages/airflow/example_dags/tutorial_dag.py
[2023-06-11T00:11:03.115+0200] {processor.py:758} INFO - Processing file /home/nanah/airflow_venv/lib/python3.10/site-packages/airflow/example_dags/tutorial_dag.py for tasks to queue
[2023-06-11T00:11:03.116+0200] {logging_mixin.py:117} INFO - [2023-06-11T00:11:03.116+0200] {dagbag.py:525} INFO - Filling up the DagBag from /home/nanah/airflow_venv/lib/python3.10/site-packages/airflow/example_dags/tutorial_dag.py
[2023-06-11T00:11:03.982+0200] {processor.py:768} INFO - DAG(s) dict_keys(['tutorial_dag']) retrieved from /home/nanah/airflow_venv/lib/python3.10/site-packages/airflow/example_dags/tutorial_dag.py
[2023-06-11T00:11:06.640+0200] {logging_mixin.py:117} INFO - [2023-06-11T00:11:06.618+0200] {dag.py:2573} INFO - Sync 1 DAGs
[2023-06-11T00:11:15.181+0200] {logging_mixin.py:117} INFO - [2023-06-11T00:11:15.181+0200] {dag.py:3324} INFO - Setting next_dagrun for tutorial_dag to None, run_after=None
[2023-06-11T00:11:15.955+0200] {processor.py:178} INFO - Processing /home/nanah/airflow_venv/lib/python3.10/site-packages/airflow/example_dags/tutorial_dag.py took 13.353 seconds
[2023-06-11T00:12:58.231+0200] {processor.py:156} INFO - Started process (PID=4640) to work on /home/nanah/airflow_venv/lib/python3.10/site-packages/airflow/example_dags/tutorial_dag.py
[2023-06-11T00:12:58.235+0200] {processor.py:758} INFO - Processing file /home/nanah/airflow_venv/lib/python3.10/site-packages/airflow/example_dags/tutorial_dag.py for tasks to queue
[2023-06-11T00:12:58.237+0200] {logging_mixin.py:117} INFO - [2023-06-11T00:12:58.237+0200] {dagbag.py:525} INFO - Filling up the DagBag from /home/nanah/airflow_venv/lib/python3.10/site-packages/airflow/example_dags/tutorial_dag.py
[2023-06-11T00:12:58.312+0200] {processor.py:768} INFO - DAG(s) dict_keys(['tutorial_dag']) retrieved from /home/nanah/airflow_venv/lib/python3.10/site-packages/airflow/example_dags/tutorial_dag.py
[2023-06-11T00:12:58.488+0200] {logging_mixin.py:117} INFO - [2023-06-11T00:12:58.487+0200] {dag.py:2573} INFO - Sync 1 DAGs
[2023-06-11T00:12:58.644+0200] {logging_mixin.py:117} INFO - [2023-06-11T00:12:58.644+0200] {dag.py:3324} INFO - Setting next_dagrun for tutorial_dag to None, run_after=None
[2023-06-11T00:12:58.767+0200] {processor.py:178} INFO - Processing /home/nanah/airflow_venv/lib/python3.10/site-packages/airflow/example_dags/tutorial_dag.py took 0.551 seconds
[2023-06-11T00:14:13.363+0200] {processor.py:156} INFO - Started process (PID=4676) to work on /home/nanah/airflow_venv/lib/python3.10/site-packages/airflow/example_dags/tutorial_dag.py
[2023-06-11T00:14:13.367+0200] {processor.py:758} INFO - Processing file /home/nanah/airflow_venv/lib/python3.10/site-packages/airflow/example_dags/tutorial_dag.py for tasks to queue
[2023-06-11T00:14:13.368+0200] {logging_mixin.py:117} INFO - [2023-06-11T00:14:13.368+0200] {dagbag.py:525} INFO - Filling up the DagBag from /home/nanah/airflow_venv/lib/python3.10/site-packages/airflow/example_dags/tutorial_dag.py
[2023-06-11T00:14:13.465+0200] {processor.py:768} INFO - DAG(s) dict_keys(['tutorial_dag']) retrieved from /home/nanah/airflow_venv/lib/python3.10/site-packages/airflow/example_dags/tutorial_dag.py
[2023-06-11T00:14:13.598+0200] {logging_mixin.py:117} INFO - [2023-06-11T00:14:13.597+0200] {dag.py:2573} INFO - Sync 1 DAGs
[2023-06-11T00:14:13.663+0200] {logging_mixin.py:117} INFO - [2023-06-11T00:14:13.662+0200] {dag.py:3324} INFO - Setting next_dagrun for tutorial_dag to None, run_after=None
[2023-06-11T00:14:13.910+0200] {processor.py:178} INFO - Processing /home/nanah/airflow_venv/lib/python3.10/site-packages/airflow/example_dags/tutorial_dag.py took 0.564 seconds
[2023-06-11T00:15:28.121+0200] {processor.py:156} INFO - Started process (PID=4716) to work on /home/nanah/airflow_venv/lib/python3.10/site-packages/airflow/example_dags/tutorial_dag.py
[2023-06-11T00:15:28.125+0200] {processor.py:758} INFO - Processing file /home/nanah/airflow_venv/lib/python3.10/site-packages/airflow/example_dags/tutorial_dag.py for tasks to queue
[2023-06-11T00:15:28.126+0200] {logging_mixin.py:117} INFO - [2023-06-11T00:15:28.126+0200] {dagbag.py:525} INFO - Filling up the DagBag from /home/nanah/airflow_venv/lib/python3.10/site-packages/airflow/example_dags/tutorial_dag.py
[2023-06-11T00:15:28.161+0200] {processor.py:768} INFO - DAG(s) dict_keys(['tutorial_dag']) retrieved from /home/nanah/airflow_venv/lib/python3.10/site-packages/airflow/example_dags/tutorial_dag.py
[2023-06-11T00:15:28.232+0200] {logging_mixin.py:117} INFO - [2023-06-11T00:15:28.232+0200] {dag.py:2573} INFO - Sync 1 DAGs
[2023-06-11T00:15:28.296+0200] {logging_mixin.py:117} INFO - [2023-06-11T00:15:28.296+0200] {dag.py:3324} INFO - Setting next_dagrun for tutorial_dag to None, run_after=None
[2023-06-11T00:15:28.408+0200] {processor.py:178} INFO - Processing /home/nanah/airflow_venv/lib/python3.10/site-packages/airflow/example_dags/tutorial_dag.py took 0.294 seconds
[2023-06-11T00:16:47.236+0200] {processor.py:156} INFO - Started process (PID=4763) to work on /home/nanah/airflow_venv/lib/python3.10/site-packages/airflow/example_dags/tutorial_dag.py
[2023-06-11T00:16:47.244+0200] {processor.py:758} INFO - Processing file /home/nanah/airflow_venv/lib/python3.10/site-packages/airflow/example_dags/tutorial_dag.py for tasks to queue
[2023-06-11T00:16:47.245+0200] {logging_mixin.py:117} INFO - [2023-06-11T00:16:47.245+0200] {dagbag.py:525} INFO - Filling up the DagBag from /home/nanah/airflow_venv/lib/python3.10/site-packages/airflow/example_dags/tutorial_dag.py
[2023-06-11T00:16:47.275+0200] {processor.py:768} INFO - DAG(s) dict_keys(['tutorial_dag']) retrieved from /home/nanah/airflow_venv/lib/python3.10/site-packages/airflow/example_dags/tutorial_dag.py
[2023-06-11T00:16:47.330+0200] {logging_mixin.py:117} INFO - [2023-06-11T00:16:47.329+0200] {dag.py:2573} INFO - Sync 1 DAGs
[2023-06-11T00:16:47.377+0200] {logging_mixin.py:117} INFO - [2023-06-11T00:16:47.377+0200] {dag.py:3324} INFO - Setting next_dagrun for tutorial_dag to None, run_after=None
[2023-06-11T00:16:47.434+0200] {processor.py:178} INFO - Processing /home/nanah/airflow_venv/lib/python3.10/site-packages/airflow/example_dags/tutorial_dag.py took 0.211 seconds
[2023-06-11T00:17:36.719+0200] {processor.py:156} INFO - Started process (PID=4800) to work on /home/nanah/airflow_venv/lib/python3.10/site-packages/airflow/example_dags/tutorial_dag.py
[2023-06-11T00:17:36.723+0200] {processor.py:758} INFO - Processing file /home/nanah/airflow_venv/lib/python3.10/site-packages/airflow/example_dags/tutorial_dag.py for tasks to queue
[2023-06-11T00:17:36.725+0200] {logging_mixin.py:117} INFO - [2023-06-11T00:17:36.725+0200] {dagbag.py:525} INFO - Filling up the DagBag from /home/nanah/airflow_venv/lib/python3.10/site-packages/airflow/example_dags/tutorial_dag.py
[2023-06-11T00:17:36.758+0200] {processor.py:768} INFO - DAG(s) dict_keys(['tutorial_dag']) retrieved from /home/nanah/airflow_venv/lib/python3.10/site-packages/airflow/example_dags/tutorial_dag.py
[2023-06-11T00:17:36.821+0200] {logging_mixin.py:117} INFO - [2023-06-11T00:17:36.821+0200] {dag.py:2573} INFO - Sync 1 DAGs
[2023-06-11T00:17:36.868+0200] {logging_mixin.py:117} INFO - [2023-06-11T00:17:36.867+0200] {dag.py:3324} INFO - Setting next_dagrun for tutorial_dag to None, run_after=None
[2023-06-11T00:17:36.998+0200] {processor.py:178} INFO - Processing /home/nanah/airflow_venv/lib/python3.10/site-packages/airflow/example_dags/tutorial_dag.py took 0.285 seconds
[2023-06-11T00:18:26.087+0200] {processor.py:156} INFO - Started process (PID=4836) to work on /home/nanah/airflow_venv/lib/python3.10/site-packages/airflow/example_dags/tutorial_dag.py
[2023-06-11T00:18:26.092+0200] {processor.py:758} INFO - Processing file /home/nanah/airflow_venv/lib/python3.10/site-packages/airflow/example_dags/tutorial_dag.py for tasks to queue
[2023-06-11T00:18:26.093+0200] {logging_mixin.py:117} INFO - [2023-06-11T00:18:26.093+0200] {dagbag.py:525} INFO - Filling up the DagBag from /home/nanah/airflow_venv/lib/python3.10/site-packages/airflow/example_dags/tutorial_dag.py
[2023-06-11T00:18:26.122+0200] {processor.py:768} INFO - DAG(s) dict_keys(['tutorial_dag']) retrieved from /home/nanah/airflow_venv/lib/python3.10/site-packages/airflow/example_dags/tutorial_dag.py
[2023-06-11T00:18:26.176+0200] {logging_mixin.py:117} INFO - [2023-06-11T00:18:26.175+0200] {dag.py:2573} INFO - Sync 1 DAGs
[2023-06-11T00:18:26.218+0200] {logging_mixin.py:117} INFO - [2023-06-11T00:18:26.218+0200] {dag.py:3324} INFO - Setting next_dagrun for tutorial_dag to None, run_after=None
[2023-06-11T00:18:26.285+0200] {processor.py:178} INFO - Processing /home/nanah/airflow_venv/lib/python3.10/site-packages/airflow/example_dags/tutorial_dag.py took 0.206 seconds
[2023-06-11T00:19:06.788+0200] {processor.py:156} INFO - Started process (PID=4869) to work on /home/nanah/airflow_venv/lib/python3.10/site-packages/airflow/example_dags/tutorial_dag.py
[2023-06-11T00:19:06.795+0200] {processor.py:758} INFO - Processing file /home/nanah/airflow_venv/lib/python3.10/site-packages/airflow/example_dags/tutorial_dag.py for tasks to queue
[2023-06-11T00:19:06.796+0200] {logging_mixin.py:117} INFO - [2023-06-11T00:19:06.796+0200] {dagbag.py:525} INFO - Filling up the DagBag from /home/nanah/airflow_venv/lib/python3.10/site-packages/airflow/example_dags/tutorial_dag.py
[2023-06-11T00:19:06.827+0200] {processor.py:768} INFO - DAG(s) dict_keys(['tutorial_dag']) retrieved from /home/nanah/airflow_venv/lib/python3.10/site-packages/airflow/example_dags/tutorial_dag.py
[2023-06-11T00:19:06.881+0200] {logging_mixin.py:117} INFO - [2023-06-11T00:19:06.880+0200] {dag.py:2573} INFO - Sync 1 DAGs
[2023-06-11T00:19:06.925+0200] {logging_mixin.py:117} INFO - [2023-06-11T00:19:06.925+0200] {dag.py:3324} INFO - Setting next_dagrun for tutorial_dag to None, run_after=None
[2023-06-11T00:19:06.985+0200] {processor.py:178} INFO - Processing /home/nanah/airflow_venv/lib/python3.10/site-packages/airflow/example_dags/tutorial_dag.py took 0.203 seconds
[2023-06-11T00:20:38.653+0200] {processor.py:156} INFO - Started process (PID=4915) to work on /home/nanah/airflow_venv/lib/python3.10/site-packages/airflow/example_dags/tutorial_dag.py
[2023-06-11T00:20:38.657+0200] {processor.py:758} INFO - Processing file /home/nanah/airflow_venv/lib/python3.10/site-packages/airflow/example_dags/tutorial_dag.py for tasks to queue
[2023-06-11T00:20:38.659+0200] {logging_mixin.py:117} INFO - [2023-06-11T00:20:38.658+0200] {dagbag.py:525} INFO - Filling up the DagBag from /home/nanah/airflow_venv/lib/python3.10/site-packages/airflow/example_dags/tutorial_dag.py
[2023-06-11T00:20:38.707+0200] {processor.py:768} INFO - DAG(s) dict_keys(['tutorial_dag']) retrieved from /home/nanah/airflow_venv/lib/python3.10/site-packages/airflow/example_dags/tutorial_dag.py
[2023-06-11T00:20:38.790+0200] {logging_mixin.py:117} INFO - [2023-06-11T00:20:38.790+0200] {dag.py:2573} INFO - Sync 1 DAGs
[2023-06-11T00:20:38.850+0200] {logging_mixin.py:117} INFO - [2023-06-11T00:20:38.850+0200] {dag.py:3324} INFO - Setting next_dagrun for tutorial_dag to None, run_after=None
[2023-06-11T00:20:38.922+0200] {processor.py:178} INFO - Processing /home/nanah/airflow_venv/lib/python3.10/site-packages/airflow/example_dags/tutorial_dag.py took 0.276 seconds
[2023-06-11T00:21:40.069+0200] {processor.py:156} INFO - Started process (PID=4950) to work on /home/nanah/airflow_venv/lib/python3.10/site-packages/airflow/example_dags/tutorial_dag.py
[2023-06-11T00:21:40.100+0200] {processor.py:758} INFO - Processing file /home/nanah/airflow_venv/lib/python3.10/site-packages/airflow/example_dags/tutorial_dag.py for tasks to queue
[2023-06-11T00:21:40.115+0200] {logging_mixin.py:117} INFO - [2023-06-11T00:21:40.102+0200] {dagbag.py:525} INFO - Filling up the DagBag from /home/nanah/airflow_venv/lib/python3.10/site-packages/airflow/example_dags/tutorial_dag.py
[2023-06-11T00:21:40.241+0200] {processor.py:768} INFO - DAG(s) dict_keys(['tutorial_dag']) retrieved from /home/nanah/airflow_venv/lib/python3.10/site-packages/airflow/example_dags/tutorial_dag.py
[2023-06-11T00:21:40.412+0200] {logging_mixin.py:117} INFO - [2023-06-11T00:21:40.411+0200] {dag.py:2573} INFO - Sync 1 DAGs
[2023-06-11T00:21:40.565+0200] {logging_mixin.py:117} INFO - [2023-06-11T00:21:40.565+0200] {dag.py:3324} INFO - Setting next_dagrun for tutorial_dag to None, run_after=None
[2023-06-11T00:21:41.202+0200] {processor.py:178} INFO - Processing /home/nanah/airflow_venv/lib/python3.10/site-packages/airflow/example_dags/tutorial_dag.py took 1.150 seconds
[2023-06-11T00:22:48.840+0200] {processor.py:156} INFO - Started process (PID=4986) to work on /home/nanah/airflow_venv/lib/python3.10/site-packages/airflow/example_dags/tutorial_dag.py
[2023-06-11T00:22:48.857+0200] {processor.py:758} INFO - Processing file /home/nanah/airflow_venv/lib/python3.10/site-packages/airflow/example_dags/tutorial_dag.py for tasks to queue
[2023-06-11T00:22:48.859+0200] {logging_mixin.py:117} INFO - [2023-06-11T00:22:48.859+0200] {dagbag.py:525} INFO - Filling up the DagBag from /home/nanah/airflow_venv/lib/python3.10/site-packages/airflow/example_dags/tutorial_dag.py
[2023-06-11T00:22:48.939+0200] {processor.py:768} INFO - DAG(s) dict_keys(['tutorial_dag']) retrieved from /home/nanah/airflow_venv/lib/python3.10/site-packages/airflow/example_dags/tutorial_dag.py
[2023-06-11T00:22:49.147+0200] {logging_mixin.py:117} INFO - [2023-06-11T00:22:49.141+0200] {dag.py:2573} INFO - Sync 1 DAGs
[2023-06-11T00:22:49.324+0200] {logging_mixin.py:117} INFO - [2023-06-11T00:22:49.324+0200] {dag.py:3324} INFO - Setting next_dagrun for tutorial_dag to None, run_after=None
[2023-06-11T00:22:49.810+0200] {processor.py:178} INFO - Processing /home/nanah/airflow_venv/lib/python3.10/site-packages/airflow/example_dags/tutorial_dag.py took 0.988 seconds
[2023-06-11T00:23:43.780+0200] {processor.py:156} INFO - Started process (PID=5020) to work on /home/nanah/airflow_venv/lib/python3.10/site-packages/airflow/example_dags/tutorial_dag.py
[2023-06-11T00:23:43.785+0200] {processor.py:758} INFO - Processing file /home/nanah/airflow_venv/lib/python3.10/site-packages/airflow/example_dags/tutorial_dag.py for tasks to queue
[2023-06-11T00:23:43.786+0200] {logging_mixin.py:117} INFO - [2023-06-11T00:23:43.786+0200] {dagbag.py:525} INFO - Filling up the DagBag from /home/nanah/airflow_venv/lib/python3.10/site-packages/airflow/example_dags/tutorial_dag.py
[2023-06-11T00:23:43.827+0200] {processor.py:768} INFO - DAG(s) dict_keys(['tutorial_dag']) retrieved from /home/nanah/airflow_venv/lib/python3.10/site-packages/airflow/example_dags/tutorial_dag.py
[2023-06-11T00:23:43.907+0200] {logging_mixin.py:117} INFO - [2023-06-11T00:23:43.906+0200] {dag.py:2573} INFO - Sync 1 DAGs
[2023-06-11T00:23:44.009+0200] {logging_mixin.py:117} INFO - [2023-06-11T00:23:44.009+0200] {dag.py:3324} INFO - Setting next_dagrun for tutorial_dag to None, run_after=None
[2023-06-11T00:23:44.104+0200] {processor.py:178} INFO - Processing /home/nanah/airflow_venv/lib/python3.10/site-packages/airflow/example_dags/tutorial_dag.py took 0.333 seconds
[2023-06-11T00:25:30.260+0200] {processor.py:156} INFO - Started process (PID=5057) to work on /home/nanah/airflow_venv/lib/python3.10/site-packages/airflow/example_dags/tutorial_dag.py
[2023-06-11T00:25:30.265+0200] {processor.py:758} INFO - Processing file /home/nanah/airflow_venv/lib/python3.10/site-packages/airflow/example_dags/tutorial_dag.py for tasks to queue
[2023-06-11T00:25:30.268+0200] {logging_mixin.py:117} INFO - [2023-06-11T00:25:30.267+0200] {dagbag.py:525} INFO - Filling up the DagBag from /home/nanah/airflow_venv/lib/python3.10/site-packages/airflow/example_dags/tutorial_dag.py
[2023-06-11T00:25:30.427+0200] {processor.py:768} INFO - DAG(s) dict_keys(['tutorial_dag']) retrieved from /home/nanah/airflow_venv/lib/python3.10/site-packages/airflow/example_dags/tutorial_dag.py
[2023-06-11T00:25:30.706+0200] {logging_mixin.py:117} INFO - [2023-06-11T00:25:30.706+0200] {dag.py:2573} INFO - Sync 1 DAGs
[2023-06-11T00:25:31.340+0200] {logging_mixin.py:117} INFO - [2023-06-11T00:25:31.339+0200] {dag.py:3324} INFO - Setting next_dagrun for tutorial_dag to None, run_after=None
[2023-06-11T00:25:31.592+0200] {processor.py:178} INFO - Processing /home/nanah/airflow_venv/lib/python3.10/site-packages/airflow/example_dags/tutorial_dag.py took 1.349 seconds
[2023-06-11T00:26:38.405+0200] {processor.py:156} INFO - Started process (PID=5092) to work on /home/nanah/airflow_venv/lib/python3.10/site-packages/airflow/example_dags/tutorial_dag.py
[2023-06-11T00:26:38.410+0200] {processor.py:758} INFO - Processing file /home/nanah/airflow_venv/lib/python3.10/site-packages/airflow/example_dags/tutorial_dag.py for tasks to queue
[2023-06-11T00:26:38.412+0200] {logging_mixin.py:117} INFO - [2023-06-11T00:26:38.412+0200] {dagbag.py:525} INFO - Filling up the DagBag from /home/nanah/airflow_venv/lib/python3.10/site-packages/airflow/example_dags/tutorial_dag.py
[2023-06-11T00:26:38.450+0200] {processor.py:768} INFO - DAG(s) dict_keys(['tutorial_dag']) retrieved from /home/nanah/airflow_venv/lib/python3.10/site-packages/airflow/example_dags/tutorial_dag.py
[2023-06-11T00:26:38.533+0200] {logging_mixin.py:117} INFO - [2023-06-11T00:26:38.533+0200] {dag.py:2573} INFO - Sync 1 DAGs
[2023-06-11T00:26:38.596+0200] {logging_mixin.py:117} INFO - [2023-06-11T00:26:38.595+0200] {dag.py:3324} INFO - Setting next_dagrun for tutorial_dag to None, run_after=None
[2023-06-11T00:26:39.065+0200] {processor.py:178} INFO - Processing /home/nanah/airflow_venv/lib/python3.10/site-packages/airflow/example_dags/tutorial_dag.py took 0.670 seconds
[2023-06-11T00:27:35.792+0200] {processor.py:156} INFO - Started process (PID=5131) to work on /home/nanah/airflow_venv/lib/python3.10/site-packages/airflow/example_dags/tutorial_dag.py
[2023-06-11T00:27:35.795+0200] {processor.py:758} INFO - Processing file /home/nanah/airflow_venv/lib/python3.10/site-packages/airflow/example_dags/tutorial_dag.py for tasks to queue
[2023-06-11T00:27:35.796+0200] {logging_mixin.py:117} INFO - [2023-06-11T00:27:35.796+0200] {dagbag.py:525} INFO - Filling up the DagBag from /home/nanah/airflow_venv/lib/python3.10/site-packages/airflow/example_dags/tutorial_dag.py
[2023-06-11T00:27:35.839+0200] {processor.py:768} INFO - DAG(s) dict_keys(['tutorial_dag']) retrieved from /home/nanah/airflow_venv/lib/python3.10/site-packages/airflow/example_dags/tutorial_dag.py
[2023-06-11T00:27:35.932+0200] {logging_mixin.py:117} INFO - [2023-06-11T00:27:35.931+0200] {dag.py:2573} INFO - Sync 1 DAGs
[2023-06-11T00:27:36.350+0200] {logging_mixin.py:117} INFO - [2023-06-11T00:27:36.349+0200] {dag.py:3324} INFO - Setting next_dagrun for tutorial_dag to None, run_after=None
[2023-06-11T00:27:36.426+0200] {processor.py:178} INFO - Processing /home/nanah/airflow_venv/lib/python3.10/site-packages/airflow/example_dags/tutorial_dag.py took 0.646 seconds
[2023-06-11T00:28:37.710+0200] {processor.py:156} INFO - Started process (PID=5165) to work on /home/nanah/airflow_venv/lib/python3.10/site-packages/airflow/example_dags/tutorial_dag.py
[2023-06-11T00:28:37.715+0200] {processor.py:758} INFO - Processing file /home/nanah/airflow_venv/lib/python3.10/site-packages/airflow/example_dags/tutorial_dag.py for tasks to queue
[2023-06-11T00:28:37.717+0200] {logging_mixin.py:117} INFO - [2023-06-11T00:28:37.716+0200] {dagbag.py:525} INFO - Filling up the DagBag from /home/nanah/airflow_venv/lib/python3.10/site-packages/airflow/example_dags/tutorial_dag.py
[2023-06-11T00:28:37.761+0200] {processor.py:768} INFO - DAG(s) dict_keys(['tutorial_dag']) retrieved from /home/nanah/airflow_venv/lib/python3.10/site-packages/airflow/example_dags/tutorial_dag.py
[2023-06-11T00:28:37.841+0200] {logging_mixin.py:117} INFO - [2023-06-11T00:28:37.841+0200] {dag.py:2573} INFO - Sync 1 DAGs
[2023-06-11T00:28:38.198+0200] {logging_mixin.py:117} INFO - [2023-06-11T00:28:38.197+0200] {dag.py:3324} INFO - Setting next_dagrun for tutorial_dag to None, run_after=None
[2023-06-11T00:28:38.302+0200] {processor.py:178} INFO - Processing /home/nanah/airflow_venv/lib/python3.10/site-packages/airflow/example_dags/tutorial_dag.py took 0.598 seconds
[2023-06-11T00:29:32.525+0200] {processor.py:156} INFO - Started process (PID=5199) to work on /home/nanah/airflow_venv/lib/python3.10/site-packages/airflow/example_dags/tutorial_dag.py
[2023-06-11T00:29:32.531+0200] {processor.py:758} INFO - Processing file /home/nanah/airflow_venv/lib/python3.10/site-packages/airflow/example_dags/tutorial_dag.py for tasks to queue
[2023-06-11T00:29:32.533+0200] {logging_mixin.py:117} INFO - [2023-06-11T00:29:32.532+0200] {dagbag.py:525} INFO - Filling up the DagBag from /home/nanah/airflow_venv/lib/python3.10/site-packages/airflow/example_dags/tutorial_dag.py
[2023-06-11T00:29:32.574+0200] {processor.py:768} INFO - DAG(s) dict_keys(['tutorial_dag']) retrieved from /home/nanah/airflow_venv/lib/python3.10/site-packages/airflow/example_dags/tutorial_dag.py
[2023-06-11T00:29:32.658+0200] {logging_mixin.py:117} INFO - [2023-06-11T00:29:32.657+0200] {dag.py:2573} INFO - Sync 1 DAGs
[2023-06-11T00:29:32.993+0200] {logging_mixin.py:117} INFO - [2023-06-11T00:29:32.993+0200] {dag.py:3324} INFO - Setting next_dagrun for tutorial_dag to None, run_after=None
[2023-06-11T00:29:33.045+0200] {processor.py:178} INFO - Processing /home/nanah/airflow_venv/lib/python3.10/site-packages/airflow/example_dags/tutorial_dag.py took 0.526 seconds
[2023-06-11T00:30:43.987+0200] {processor.py:156} INFO - Started process (PID=5236) to work on /home/nanah/airflow_venv/lib/python3.10/site-packages/airflow/example_dags/tutorial_dag.py
[2023-06-11T00:30:43.992+0200] {processor.py:758} INFO - Processing file /home/nanah/airflow_venv/lib/python3.10/site-packages/airflow/example_dags/tutorial_dag.py for tasks to queue
[2023-06-11T00:30:43.995+0200] {logging_mixin.py:117} INFO - [2023-06-11T00:30:43.994+0200] {dagbag.py:525} INFO - Filling up the DagBag from /home/nanah/airflow_venv/lib/python3.10/site-packages/airflow/example_dags/tutorial_dag.py
[2023-06-11T00:30:44.034+0200] {processor.py:768} INFO - DAG(s) dict_keys(['tutorial_dag']) retrieved from /home/nanah/airflow_venv/lib/python3.10/site-packages/airflow/example_dags/tutorial_dag.py
[2023-06-11T00:30:44.491+0200] {logging_mixin.py:117} INFO - [2023-06-11T00:30:44.490+0200] {dag.py:2573} INFO - Sync 1 DAGs
[2023-06-11T00:30:44.557+0200] {logging_mixin.py:117} INFO - [2023-06-11T00:30:44.556+0200] {dag.py:3324} INFO - Setting next_dagrun for tutorial_dag to None, run_after=None
[2023-06-11T00:30:44.629+0200] {processor.py:178} INFO - Processing /home/nanah/airflow_venv/lib/python3.10/site-packages/airflow/example_dags/tutorial_dag.py took 0.649 seconds
[2023-06-11T00:31:42.733+0200] {processor.py:156} INFO - Started process (PID=5271) to work on /home/nanah/airflow_venv/lib/python3.10/site-packages/airflow/example_dags/tutorial_dag.py
[2023-06-11T00:31:42.740+0200] {processor.py:758} INFO - Processing file /home/nanah/airflow_venv/lib/python3.10/site-packages/airflow/example_dags/tutorial_dag.py for tasks to queue
[2023-06-11T00:31:42.742+0200] {logging_mixin.py:117} INFO - [2023-06-11T00:31:42.741+0200] {dagbag.py:525} INFO - Filling up the DagBag from /home/nanah/airflow_venv/lib/python3.10/site-packages/airflow/example_dags/tutorial_dag.py
[2023-06-11T00:31:42.784+0200] {processor.py:768} INFO - DAG(s) dict_keys(['tutorial_dag']) retrieved from /home/nanah/airflow_venv/lib/python3.10/site-packages/airflow/example_dags/tutorial_dag.py
[2023-06-11T00:31:43.143+0200] {logging_mixin.py:117} INFO - [2023-06-11T00:31:43.142+0200] {dag.py:2573} INFO - Sync 1 DAGs
[2023-06-11T00:31:43.187+0200] {logging_mixin.py:117} INFO - [2023-06-11T00:31:43.187+0200] {dag.py:3324} INFO - Setting next_dagrun for tutorial_dag to None, run_after=None
[2023-06-11T00:31:43.248+0200] {processor.py:178} INFO - Processing /home/nanah/airflow_venv/lib/python3.10/site-packages/airflow/example_dags/tutorial_dag.py took 0.542 seconds
[2023-06-11T00:32:38.530+0200] {processor.py:156} INFO - Started process (PID=5307) to work on /home/nanah/airflow_venv/lib/python3.10/site-packages/airflow/example_dags/tutorial_dag.py
[2023-06-11T00:32:38.534+0200] {processor.py:758} INFO - Processing file /home/nanah/airflow_venv/lib/python3.10/site-packages/airflow/example_dags/tutorial_dag.py for tasks to queue
[2023-06-11T00:32:38.535+0200] {logging_mixin.py:117} INFO - [2023-06-11T00:32:38.535+0200] {dagbag.py:525} INFO - Filling up the DagBag from /home/nanah/airflow_venv/lib/python3.10/site-packages/airflow/example_dags/tutorial_dag.py
[2023-06-11T00:32:38.942+0200] {processor.py:768} INFO - DAG(s) dict_keys(['tutorial_dag']) retrieved from /home/nanah/airflow_venv/lib/python3.10/site-packages/airflow/example_dags/tutorial_dag.py
[2023-06-11T00:32:39.011+0200] {logging_mixin.py:117} INFO - [2023-06-11T00:32:39.010+0200] {dag.py:2573} INFO - Sync 1 DAGs
[2023-06-11T00:32:39.083+0200] {logging_mixin.py:117} INFO - [2023-06-11T00:32:39.082+0200] {dag.py:3324} INFO - Setting next_dagrun for tutorial_dag to None, run_after=None
[2023-06-11T00:32:39.151+0200] {processor.py:178} INFO - Processing /home/nanah/airflow_venv/lib/python3.10/site-packages/airflow/example_dags/tutorial_dag.py took 0.628 seconds
[2023-06-11T00:33:32.349+0200] {processor.py:156} INFO - Started process (PID=5342) to work on /home/nanah/airflow_venv/lib/python3.10/site-packages/airflow/example_dags/tutorial_dag.py
[2023-06-11T00:33:32.363+0200] {processor.py:758} INFO - Processing file /home/nanah/airflow_venv/lib/python3.10/site-packages/airflow/example_dags/tutorial_dag.py for tasks to queue
[2023-06-11T00:33:32.365+0200] {logging_mixin.py:117} INFO - [2023-06-11T00:33:32.365+0200] {dagbag.py:525} INFO - Filling up the DagBag from /home/nanah/airflow_venv/lib/python3.10/site-packages/airflow/example_dags/tutorial_dag.py
[2023-06-11T00:33:32.790+0200] {processor.py:768} INFO - DAG(s) dict_keys(['tutorial_dag']) retrieved from /home/nanah/airflow_venv/lib/python3.10/site-packages/airflow/example_dags/tutorial_dag.py
[2023-06-11T00:33:32.842+0200] {logging_mixin.py:117} INFO - [2023-06-11T00:33:32.841+0200] {dag.py:2573} INFO - Sync 1 DAGs
[2023-06-11T00:33:32.892+0200] {logging_mixin.py:117} INFO - [2023-06-11T00:33:32.891+0200] {dag.py:3324} INFO - Setting next_dagrun for tutorial_dag to None, run_after=None
[2023-06-11T00:33:32.946+0200] {processor.py:178} INFO - Processing /home/nanah/airflow_venv/lib/python3.10/site-packages/airflow/example_dags/tutorial_dag.py took 0.613 seconds
[2023-06-11T00:34:31.694+0200] {processor.py:156} INFO - Started process (PID=5380) to work on /home/nanah/airflow_venv/lib/python3.10/site-packages/airflow/example_dags/tutorial_dag.py
[2023-06-11T00:34:31.699+0200] {processor.py:758} INFO - Processing file /home/nanah/airflow_venv/lib/python3.10/site-packages/airflow/example_dags/tutorial_dag.py for tasks to queue
[2023-06-11T00:34:31.701+0200] {logging_mixin.py:117} INFO - [2023-06-11T00:34:31.701+0200] {dagbag.py:525} INFO - Filling up the DagBag from /home/nanah/airflow_venv/lib/python3.10/site-packages/airflow/example_dags/tutorial_dag.py
[2023-06-11T00:34:31.744+0200] {processor.py:768} INFO - DAG(s) dict_keys(['tutorial_dag']) retrieved from /home/nanah/airflow_venv/lib/python3.10/site-packages/airflow/example_dags/tutorial_dag.py
[2023-06-11T00:34:31.812+0200] {logging_mixin.py:117} INFO - [2023-06-11T00:34:31.812+0200] {dag.py:2573} INFO - Sync 1 DAGs
[2023-06-11T00:34:31.882+0200] {logging_mixin.py:117} INFO - [2023-06-11T00:34:31.881+0200] {dag.py:3324} INFO - Setting next_dagrun for tutorial_dag to None, run_after=None
[2023-06-11T00:34:31.941+0200] {processor.py:178} INFO - Processing /home/nanah/airflow_venv/lib/python3.10/site-packages/airflow/example_dags/tutorial_dag.py took 0.255 seconds
[2023-06-11T00:35:33.242+0200] {processor.py:156} INFO - Started process (PID=5416) to work on /home/nanah/airflow_venv/lib/python3.10/site-packages/airflow/example_dags/tutorial_dag.py
[2023-06-11T00:35:33.245+0200] {processor.py:758} INFO - Processing file /home/nanah/airflow_venv/lib/python3.10/site-packages/airflow/example_dags/tutorial_dag.py for tasks to queue
[2023-06-11T00:35:33.247+0200] {logging_mixin.py:117} INFO - [2023-06-11T00:35:33.246+0200] {dagbag.py:525} INFO - Filling up the DagBag from /home/nanah/airflow_venv/lib/python3.10/site-packages/airflow/example_dags/tutorial_dag.py
[2023-06-11T00:35:33.288+0200] {processor.py:768} INFO - DAG(s) dict_keys(['tutorial_dag']) retrieved from /home/nanah/airflow_venv/lib/python3.10/site-packages/airflow/example_dags/tutorial_dag.py
[2023-06-11T00:35:33.367+0200] {logging_mixin.py:117} INFO - [2023-06-11T00:35:33.366+0200] {dag.py:2573} INFO - Sync 1 DAGs
[2023-06-11T00:35:33.443+0200] {logging_mixin.py:117} INFO - [2023-06-11T00:35:33.443+0200] {dag.py:3324} INFO - Setting next_dagrun for tutorial_dag to None, run_after=None
[2023-06-11T00:35:33.666+0200] {processor.py:178} INFO - Processing /home/nanah/airflow_venv/lib/python3.10/site-packages/airflow/example_dags/tutorial_dag.py took 0.432 seconds
[2023-06-11T00:36:18.418+0200] {processor.py:156} INFO - Started process (PID=5449) to work on /home/nanah/airflow_venv/lib/python3.10/site-packages/airflow/example_dags/tutorial_dag.py
[2023-06-11T00:36:18.424+0200] {processor.py:758} INFO - Processing file /home/nanah/airflow_venv/lib/python3.10/site-packages/airflow/example_dags/tutorial_dag.py for tasks to queue
[2023-06-11T00:36:18.426+0200] {logging_mixin.py:117} INFO - [2023-06-11T00:36:18.425+0200] {dagbag.py:525} INFO - Filling up the DagBag from /home/nanah/airflow_venv/lib/python3.10/site-packages/airflow/example_dags/tutorial_dag.py
[2023-06-11T00:36:18.456+0200] {processor.py:768} INFO - DAG(s) dict_keys(['tutorial_dag']) retrieved from /home/nanah/airflow_venv/lib/python3.10/site-packages/airflow/example_dags/tutorial_dag.py
[2023-06-11T00:36:18.515+0200] {logging_mixin.py:117} INFO - [2023-06-11T00:36:18.515+0200] {dag.py:2573} INFO - Sync 1 DAGs
[2023-06-11T00:36:18.557+0200] {logging_mixin.py:117} INFO - [2023-06-11T00:36:18.557+0200] {dag.py:3324} INFO - Setting next_dagrun for tutorial_dag to None, run_after=None
[2023-06-11T00:36:18.602+0200] {processor.py:178} INFO - Processing /home/nanah/airflow_venv/lib/python3.10/site-packages/airflow/example_dags/tutorial_dag.py took 0.191 seconds
[2023-06-11T00:37:04.006+0200] {processor.py:156} INFO - Started process (PID=5483) to work on /home/nanah/airflow_venv/lib/python3.10/site-packages/airflow/example_dags/tutorial_dag.py
[2023-06-11T00:37:04.019+0200] {processor.py:758} INFO - Processing file /home/nanah/airflow_venv/lib/python3.10/site-packages/airflow/example_dags/tutorial_dag.py for tasks to queue
[2023-06-11T00:37:04.020+0200] {logging_mixin.py:117} INFO - [2023-06-11T00:37:04.020+0200] {dagbag.py:525} INFO - Filling up the DagBag from /home/nanah/airflow_venv/lib/python3.10/site-packages/airflow/example_dags/tutorial_dag.py
[2023-06-11T00:37:04.118+0200] {processor.py:768} INFO - DAG(s) dict_keys(['tutorial_dag']) retrieved from /home/nanah/airflow_venv/lib/python3.10/site-packages/airflow/example_dags/tutorial_dag.py
[2023-06-11T00:37:04.206+0200] {logging_mixin.py:117} INFO - [2023-06-11T00:37:04.206+0200] {dag.py:2573} INFO - Sync 1 DAGs
[2023-06-11T00:37:04.261+0200] {logging_mixin.py:117} INFO - [2023-06-11T00:37:04.261+0200] {dag.py:3324} INFO - Setting next_dagrun for tutorial_dag to None, run_after=None
[2023-06-11T00:37:04.327+0200] {processor.py:178} INFO - Processing /home/nanah/airflow_venv/lib/python3.10/site-packages/airflow/example_dags/tutorial_dag.py took 0.337 seconds
[2023-06-11T00:37:50.006+0200] {processor.py:156} INFO - Started process (PID=5517) to work on /home/nanah/airflow_venv/lib/python3.10/site-packages/airflow/example_dags/tutorial_dag.py
[2023-06-11T00:37:50.010+0200] {processor.py:758} INFO - Processing file /home/nanah/airflow_venv/lib/python3.10/site-packages/airflow/example_dags/tutorial_dag.py for tasks to queue
[2023-06-11T00:37:50.019+0200] {logging_mixin.py:117} INFO - [2023-06-11T00:37:50.019+0200] {dagbag.py:525} INFO - Filling up the DagBag from /home/nanah/airflow_venv/lib/python3.10/site-packages/airflow/example_dags/tutorial_dag.py
[2023-06-11T00:37:50.119+0200] {processor.py:768} INFO - DAG(s) dict_keys(['tutorial_dag']) retrieved from /home/nanah/airflow_venv/lib/python3.10/site-packages/airflow/example_dags/tutorial_dag.py
[2023-06-11T00:37:50.259+0200] {logging_mixin.py:117} INFO - [2023-06-11T00:37:50.258+0200] {dag.py:2573} INFO - Sync 1 DAGs
[2023-06-11T00:37:50.380+0200] {logging_mixin.py:117} INFO - [2023-06-11T00:37:50.380+0200] {dag.py:3324} INFO - Setting next_dagrun for tutorial_dag to None, run_after=None
[2023-06-11T00:37:50.699+0200] {processor.py:178} INFO - Processing /home/nanah/airflow_venv/lib/python3.10/site-packages/airflow/example_dags/tutorial_dag.py took 0.701 seconds
[2023-06-11T00:38:40.395+0200] {processor.py:156} INFO - Started process (PID=5553) to work on /home/nanah/airflow_venv/lib/python3.10/site-packages/airflow/example_dags/tutorial_dag.py
[2023-06-11T00:38:40.407+0200] {processor.py:758} INFO - Processing file /home/nanah/airflow_venv/lib/python3.10/site-packages/airflow/example_dags/tutorial_dag.py for tasks to queue
[2023-06-11T00:38:40.408+0200] {logging_mixin.py:117} INFO - [2023-06-11T00:38:40.408+0200] {dagbag.py:525} INFO - Filling up the DagBag from /home/nanah/airflow_venv/lib/python3.10/site-packages/airflow/example_dags/tutorial_dag.py
[2023-06-11T00:38:40.448+0200] {processor.py:768} INFO - DAG(s) dict_keys(['tutorial_dag']) retrieved from /home/nanah/airflow_venv/lib/python3.10/site-packages/airflow/example_dags/tutorial_dag.py
[2023-06-11T00:38:40.512+0200] {logging_mixin.py:117} INFO - [2023-06-11T00:38:40.511+0200] {dag.py:2573} INFO - Sync 1 DAGs
[2023-06-11T00:38:40.565+0200] {logging_mixin.py:117} INFO - [2023-06-11T00:38:40.564+0200] {dag.py:3324} INFO - Setting next_dagrun for tutorial_dag to None, run_after=None
[2023-06-11T00:38:40.891+0200] {processor.py:178} INFO - Processing /home/nanah/airflow_venv/lib/python3.10/site-packages/airflow/example_dags/tutorial_dag.py took 0.506 seconds
[2023-06-11T00:39:22.833+0200] {processor.py:156} INFO - Started process (PID=5586) to work on /home/nanah/airflow_venv/lib/python3.10/site-packages/airflow/example_dags/tutorial_dag.py
[2023-06-11T00:39:22.838+0200] {processor.py:758} INFO - Processing file /home/nanah/airflow_venv/lib/python3.10/site-packages/airflow/example_dags/tutorial_dag.py for tasks to queue
[2023-06-11T00:39:22.839+0200] {logging_mixin.py:117} INFO - [2023-06-11T00:39:22.839+0200] {dagbag.py:525} INFO - Filling up the DagBag from /home/nanah/airflow_venv/lib/python3.10/site-packages/airflow/example_dags/tutorial_dag.py
[2023-06-11T00:39:22.875+0200] {processor.py:768} INFO - DAG(s) dict_keys(['tutorial_dag']) retrieved from /home/nanah/airflow_venv/lib/python3.10/site-packages/airflow/example_dags/tutorial_dag.py
[2023-06-11T00:39:22.935+0200] {logging_mixin.py:117} INFO - [2023-06-11T00:39:22.935+0200] {dag.py:2573} INFO - Sync 1 DAGs
[2023-06-11T00:39:22.983+0200] {logging_mixin.py:117} INFO - [2023-06-11T00:39:22.983+0200] {dag.py:3324} INFO - Setting next_dagrun for tutorial_dag to None, run_after=None
[2023-06-11T00:39:23.035+0200] {processor.py:178} INFO - Processing /home/nanah/airflow_venv/lib/python3.10/site-packages/airflow/example_dags/tutorial_dag.py took 0.209 seconds
[2023-06-11T00:40:05.986+0200] {processor.py:156} INFO - Started process (PID=5620) to work on /home/nanah/airflow_venv/lib/python3.10/site-packages/airflow/example_dags/tutorial_dag.py
[2023-06-11T00:40:05.992+0200] {processor.py:758} INFO - Processing file /home/nanah/airflow_venv/lib/python3.10/site-packages/airflow/example_dags/tutorial_dag.py for tasks to queue
[2023-06-11T00:40:05.993+0200] {logging_mixin.py:117} INFO - [2023-06-11T00:40:05.993+0200] {dagbag.py:525} INFO - Filling up the DagBag from /home/nanah/airflow_venv/lib/python3.10/site-packages/airflow/example_dags/tutorial_dag.py
[2023-06-11T00:40:06.032+0200] {processor.py:768} INFO - DAG(s) dict_keys(['tutorial_dag']) retrieved from /home/nanah/airflow_venv/lib/python3.10/site-packages/airflow/example_dags/tutorial_dag.py
[2023-06-11T00:40:06.096+0200] {logging_mixin.py:117} INFO - [2023-06-11T00:40:06.095+0200] {dag.py:2573} INFO - Sync 1 DAGs
[2023-06-11T00:40:06.144+0200] {logging_mixin.py:117} INFO - [2023-06-11T00:40:06.144+0200] {dag.py:3324} INFO - Setting next_dagrun for tutorial_dag to None, run_after=None
[2023-06-11T00:40:06.210+0200] {processor.py:178} INFO - Processing /home/nanah/airflow_venv/lib/python3.10/site-packages/airflow/example_dags/tutorial_dag.py took 0.232 seconds
[2023-06-11T00:40:50.687+0200] {processor.py:156} INFO - Started process (PID=5654) to work on /home/nanah/airflow_venv/lib/python3.10/site-packages/airflow/example_dags/tutorial_dag.py
[2023-06-11T00:40:50.694+0200] {processor.py:758} INFO - Processing file /home/nanah/airflow_venv/lib/python3.10/site-packages/airflow/example_dags/tutorial_dag.py for tasks to queue
[2023-06-11T00:40:50.696+0200] {logging_mixin.py:117} INFO - [2023-06-11T00:40:50.696+0200] {dagbag.py:525} INFO - Filling up the DagBag from /home/nanah/airflow_venv/lib/python3.10/site-packages/airflow/example_dags/tutorial_dag.py
[2023-06-11T00:40:50.750+0200] {processor.py:768} INFO - DAG(s) dict_keys(['tutorial_dag']) retrieved from /home/nanah/airflow_venv/lib/python3.10/site-packages/airflow/example_dags/tutorial_dag.py
[2023-06-11T00:40:50.805+0200] {logging_mixin.py:117} INFO - [2023-06-11T00:40:50.805+0200] {dag.py:2573} INFO - Sync 1 DAGs
[2023-06-11T00:40:50.852+0200] {logging_mixin.py:117} INFO - [2023-06-11T00:40:50.851+0200] {dag.py:3324} INFO - Setting next_dagrun for tutorial_dag to None, run_after=None
[2023-06-11T00:40:50.897+0200] {processor.py:178} INFO - Processing /home/nanah/airflow_venv/lib/python3.10/site-packages/airflow/example_dags/tutorial_dag.py took 0.227 seconds
[2023-06-11T00:41:33.991+0200] {processor.py:156} INFO - Started process (PID=5688) to work on /home/nanah/airflow_venv/lib/python3.10/site-packages/airflow/example_dags/tutorial_dag.py
[2023-06-11T00:41:33.996+0200] {processor.py:758} INFO - Processing file /home/nanah/airflow_venv/lib/python3.10/site-packages/airflow/example_dags/tutorial_dag.py for tasks to queue
[2023-06-11T00:41:33.998+0200] {logging_mixin.py:117} INFO - [2023-06-11T00:41:33.998+0200] {dagbag.py:525} INFO - Filling up the DagBag from /home/nanah/airflow_venv/lib/python3.10/site-packages/airflow/example_dags/tutorial_dag.py
[2023-06-11T00:41:34.035+0200] {processor.py:768} INFO - DAG(s) dict_keys(['tutorial_dag']) retrieved from /home/nanah/airflow_venv/lib/python3.10/site-packages/airflow/example_dags/tutorial_dag.py
[2023-06-11T00:41:34.103+0200] {logging_mixin.py:117} INFO - [2023-06-11T00:41:34.103+0200] {dag.py:2573} INFO - Sync 1 DAGs
[2023-06-11T00:41:34.156+0200] {logging_mixin.py:117} INFO - [2023-06-11T00:41:34.156+0200] {dag.py:3324} INFO - Setting next_dagrun for tutorial_dag to None, run_after=None
[2023-06-11T00:41:34.211+0200] {processor.py:178} INFO - Processing /home/nanah/airflow_venv/lib/python3.10/site-packages/airflow/example_dags/tutorial_dag.py took 0.227 seconds
[2023-06-11T00:42:20.547+0200] {processor.py:156} INFO - Started process (PID=5726) to work on /home/nanah/airflow_venv/lib/python3.10/site-packages/airflow/example_dags/tutorial_dag.py
[2023-06-11T00:42:20.553+0200] {processor.py:758} INFO - Processing file /home/nanah/airflow_venv/lib/python3.10/site-packages/airflow/example_dags/tutorial_dag.py for tasks to queue
[2023-06-11T00:42:20.554+0200] {logging_mixin.py:117} INFO - [2023-06-11T00:42:20.554+0200] {dagbag.py:525} INFO - Filling up the DagBag from /home/nanah/airflow_venv/lib/python3.10/site-packages/airflow/example_dags/tutorial_dag.py
[2023-06-11T00:42:20.592+0200] {processor.py:768} INFO - DAG(s) dict_keys(['tutorial_dag']) retrieved from /home/nanah/airflow_venv/lib/python3.10/site-packages/airflow/example_dags/tutorial_dag.py
[2023-06-11T00:42:20.671+0200] {logging_mixin.py:117} INFO - [2023-06-11T00:42:20.671+0200] {dag.py:2573} INFO - Sync 1 DAGs
[2023-06-11T00:42:20.744+0200] {logging_mixin.py:117} INFO - [2023-06-11T00:42:20.744+0200] {dag.py:3324} INFO - Setting next_dagrun for tutorial_dag to None, run_after=None
[2023-06-11T00:42:20.830+0200] {processor.py:178} INFO - Processing /home/nanah/airflow_venv/lib/python3.10/site-packages/airflow/example_dags/tutorial_dag.py took 0.290 seconds
[2023-06-11T00:43:08.935+0200] {processor.py:156} INFO - Started process (PID=5760) to work on /home/nanah/airflow_venv/lib/python3.10/site-packages/airflow/example_dags/tutorial_dag.py
[2023-06-11T00:43:08.940+0200] {processor.py:758} INFO - Processing file /home/nanah/airflow_venv/lib/python3.10/site-packages/airflow/example_dags/tutorial_dag.py for tasks to queue
[2023-06-11T00:43:08.942+0200] {logging_mixin.py:117} INFO - [2023-06-11T00:43:08.942+0200] {dagbag.py:525} INFO - Filling up the DagBag from /home/nanah/airflow_venv/lib/python3.10/site-packages/airflow/example_dags/tutorial_dag.py
[2023-06-11T00:43:08.977+0200] {processor.py:768} INFO - DAG(s) dict_keys(['tutorial_dag']) retrieved from /home/nanah/airflow_venv/lib/python3.10/site-packages/airflow/example_dags/tutorial_dag.py
[2023-06-11T00:43:09.045+0200] {logging_mixin.py:117} INFO - [2023-06-11T00:43:09.044+0200] {dag.py:2573} INFO - Sync 1 DAGs
[2023-06-11T00:43:09.095+0200] {logging_mixin.py:117} INFO - [2023-06-11T00:43:09.094+0200] {dag.py:3324} INFO - Setting next_dagrun for tutorial_dag to None, run_after=None
[2023-06-11T00:43:09.161+0200] {processor.py:178} INFO - Processing /home/nanah/airflow_venv/lib/python3.10/site-packages/airflow/example_dags/tutorial_dag.py took 0.235 seconds
[2023-06-11T00:43:52.874+0200] {processor.py:156} INFO - Started process (PID=5794) to work on /home/nanah/airflow_venv/lib/python3.10/site-packages/airflow/example_dags/tutorial_dag.py
[2023-06-11T00:43:52.879+0200] {processor.py:758} INFO - Processing file /home/nanah/airflow_venv/lib/python3.10/site-packages/airflow/example_dags/tutorial_dag.py for tasks to queue
[2023-06-11T00:43:52.881+0200] {logging_mixin.py:117} INFO - [2023-06-11T00:43:52.881+0200] {dagbag.py:525} INFO - Filling up the DagBag from /home/nanah/airflow_venv/lib/python3.10/site-packages/airflow/example_dags/tutorial_dag.py
[2023-06-11T00:43:52.916+0200] {processor.py:768} INFO - DAG(s) dict_keys(['tutorial_dag']) retrieved from /home/nanah/airflow_venv/lib/python3.10/site-packages/airflow/example_dags/tutorial_dag.py
[2023-06-11T00:43:52.998+0200] {logging_mixin.py:117} INFO - [2023-06-11T00:43:52.998+0200] {dag.py:2573} INFO - Sync 1 DAGs
[2023-06-11T00:43:53.047+0200] {logging_mixin.py:117} INFO - [2023-06-11T00:43:53.047+0200] {dag.py:3324} INFO - Setting next_dagrun for tutorial_dag to None, run_after=None
[2023-06-11T00:43:53.098+0200] {processor.py:178} INFO - Processing /home/nanah/airflow_venv/lib/python3.10/site-packages/airflow/example_dags/tutorial_dag.py took 0.231 seconds
[2023-06-11T00:44:42.814+0200] {processor.py:156} INFO - Started process (PID=5828) to work on /home/nanah/airflow_venv/lib/python3.10/site-packages/airflow/example_dags/tutorial_dag.py
[2023-06-11T00:44:42.829+0200] {processor.py:758} INFO - Processing file /home/nanah/airflow_venv/lib/python3.10/site-packages/airflow/example_dags/tutorial_dag.py for tasks to queue
[2023-06-11T00:44:42.836+0200] {logging_mixin.py:117} INFO - [2023-06-11T00:44:42.835+0200] {dagbag.py:525} INFO - Filling up the DagBag from /home/nanah/airflow_venv/lib/python3.10/site-packages/airflow/example_dags/tutorial_dag.py
[2023-06-11T00:44:42.936+0200] {processor.py:768} INFO - DAG(s) dict_keys(['tutorial_dag']) retrieved from /home/nanah/airflow_venv/lib/python3.10/site-packages/airflow/example_dags/tutorial_dag.py
[2023-06-11T00:44:43.081+0200] {logging_mixin.py:117} INFO - [2023-06-11T00:44:43.080+0200] {dag.py:2573} INFO - Sync 1 DAGs
[2023-06-11T00:44:43.141+0200] {logging_mixin.py:117} INFO - [2023-06-11T00:44:43.141+0200] {dag.py:3324} INFO - Setting next_dagrun for tutorial_dag to None, run_after=None
[2023-06-11T00:44:43.212+0200] {processor.py:178} INFO - Processing /home/nanah/airflow_venv/lib/python3.10/site-packages/airflow/example_dags/tutorial_dag.py took 0.463 seconds
[2023-06-11T00:45:29.899+0200] {processor.py:156} INFO - Started process (PID=5863) to work on /home/nanah/airflow_venv/lib/python3.10/site-packages/airflow/example_dags/tutorial_dag.py
[2023-06-11T00:45:29.906+0200] {processor.py:758} INFO - Processing file /home/nanah/airflow_venv/lib/python3.10/site-packages/airflow/example_dags/tutorial_dag.py for tasks to queue
[2023-06-11T00:45:29.908+0200] {logging_mixin.py:117} INFO - [2023-06-11T00:45:29.907+0200] {dagbag.py:525} INFO - Filling up the DagBag from /home/nanah/airflow_venv/lib/python3.10/site-packages/airflow/example_dags/tutorial_dag.py
[2023-06-11T00:45:29.959+0200] {processor.py:768} INFO - DAG(s) dict_keys(['tutorial_dag']) retrieved from /home/nanah/airflow_venv/lib/python3.10/site-packages/airflow/example_dags/tutorial_dag.py
[2023-06-11T00:45:30.023+0200] {logging_mixin.py:117} INFO - [2023-06-11T00:45:30.023+0200] {dag.py:2573} INFO - Sync 1 DAGs
[2023-06-11T00:45:30.074+0200] {logging_mixin.py:117} INFO - [2023-06-11T00:45:30.073+0200] {dag.py:3324} INFO - Setting next_dagrun for tutorial_dag to None, run_after=None
[2023-06-11T00:45:30.141+0200] {processor.py:178} INFO - Processing /home/nanah/airflow_venv/lib/python3.10/site-packages/airflow/example_dags/tutorial_dag.py took 0.252 seconds
