[2023-06-11T00:11:31.292+0200] {processor.py:156} INFO - Started process (PID=4511) to work on /home/nanah/airflow_venv/lib/python3.10/site-packages/airflow/example_dags/tutorial_taskflow_api.py
[2023-06-11T00:11:31.431+0200] {processor.py:758} INFO - Processing file /home/nanah/airflow_venv/lib/python3.10/site-packages/airflow/example_dags/tutorial_taskflow_api.py for tasks to queue
[2023-06-11T00:11:31.470+0200] {logging_mixin.py:117} INFO - [2023-06-11T00:11:31.469+0200] {dagbag.py:525} INFO - Filling up the DagBag from /home/nanah/airflow_venv/lib/python3.10/site-packages/airflow/example_dags/tutorial_taskflow_api.py
[2023-06-11T00:11:33.398+0200] {processor.py:768} INFO - DAG(s) dict_keys(['tutorial_taskflow_api']) retrieved from /home/nanah/airflow_venv/lib/python3.10/site-packages/airflow/example_dags/tutorial_taskflow_api.py
[2023-06-11T00:11:42.561+0200] {logging_mixin.py:117} INFO - [2023-06-11T00:11:42.560+0200] {dag.py:2573} INFO - Sync 1 DAGs
[2023-06-11T00:11:43.249+0200] {logging_mixin.py:117} INFO - [2023-06-11T00:11:43.248+0200] {dag.py:3324} INFO - Setting next_dagrun for tutorial_taskflow_api to None, run_after=None
[2023-06-11T00:11:44.983+0200] {processor.py:178} INFO - Processing /home/nanah/airflow_venv/lib/python3.10/site-packages/airflow/example_dags/tutorial_taskflow_api.py took 13.980 seconds
[2023-06-11T00:12:59.991+0200] {processor.py:156} INFO - Started process (PID=4641) to work on /home/nanah/airflow_venv/lib/python3.10/site-packages/airflow/example_dags/tutorial_taskflow_api.py
[2023-06-11T00:12:59.995+0200] {processor.py:758} INFO - Processing file /home/nanah/airflow_venv/lib/python3.10/site-packages/airflow/example_dags/tutorial_taskflow_api.py for tasks to queue
[2023-06-11T00:12:59.996+0200] {logging_mixin.py:117} INFO - [2023-06-11T00:12:59.996+0200] {dagbag.py:525} INFO - Filling up the DagBag from /home/nanah/airflow_venv/lib/python3.10/site-packages/airflow/example_dags/tutorial_taskflow_api.py
[2023-06-11T00:13:00.125+0200] {processor.py:768} INFO - DAG(s) dict_keys(['tutorial_taskflow_api']) retrieved from /home/nanah/airflow_venv/lib/python3.10/site-packages/airflow/example_dags/tutorial_taskflow_api.py
[2023-06-11T00:13:00.242+0200] {logging_mixin.py:117} INFO - [2023-06-11T00:13:00.241+0200] {dag.py:2573} INFO - Sync 1 DAGs
[2023-06-11T00:13:00.321+0200] {logging_mixin.py:117} INFO - [2023-06-11T00:13:00.321+0200] {dag.py:3324} INFO - Setting next_dagrun for tutorial_taskflow_api to None, run_after=None
[2023-06-11T00:13:00.673+0200] {processor.py:178} INFO - Processing /home/nanah/airflow_venv/lib/python3.10/site-packages/airflow/example_dags/tutorial_taskflow_api.py took 0.689 seconds
[2023-06-11T00:14:15.068+0200] {processor.py:156} INFO - Started process (PID=4677) to work on /home/nanah/airflow_venv/lib/python3.10/site-packages/airflow/example_dags/tutorial_taskflow_api.py
[2023-06-11T00:14:15.077+0200] {processor.py:758} INFO - Processing file /home/nanah/airflow_venv/lib/python3.10/site-packages/airflow/example_dags/tutorial_taskflow_api.py for tasks to queue
[2023-06-11T00:14:15.079+0200] {logging_mixin.py:117} INFO - [2023-06-11T00:14:15.078+0200] {dagbag.py:525} INFO - Filling up the DagBag from /home/nanah/airflow_venv/lib/python3.10/site-packages/airflow/example_dags/tutorial_taskflow_api.py
[2023-06-11T00:14:15.174+0200] {processor.py:768} INFO - DAG(s) dict_keys(['tutorial_taskflow_api']) retrieved from /home/nanah/airflow_venv/lib/python3.10/site-packages/airflow/example_dags/tutorial_taskflow_api.py
[2023-06-11T00:14:15.276+0200] {logging_mixin.py:117} INFO - [2023-06-11T00:14:15.275+0200] {dag.py:2573} INFO - Sync 1 DAGs
[2023-06-11T00:14:15.332+0200] {logging_mixin.py:117} INFO - [2023-06-11T00:14:15.331+0200] {dag.py:3324} INFO - Setting next_dagrun for tutorial_taskflow_api to None, run_after=None
[2023-06-11T00:14:15.490+0200] {processor.py:178} INFO - Processing /home/nanah/airflow_venv/lib/python3.10/site-packages/airflow/example_dags/tutorial_taskflow_api.py took 0.430 seconds
[2023-06-11T00:15:29.677+0200] {processor.py:156} INFO - Started process (PID=4717) to work on /home/nanah/airflow_venv/lib/python3.10/site-packages/airflow/example_dags/tutorial_taskflow_api.py
[2023-06-11T00:15:29.704+0200] {processor.py:758} INFO - Processing file /home/nanah/airflow_venv/lib/python3.10/site-packages/airflow/example_dags/tutorial_taskflow_api.py for tasks to queue
[2023-06-11T00:15:29.706+0200] {logging_mixin.py:117} INFO - [2023-06-11T00:15:29.705+0200] {dagbag.py:525} INFO - Filling up the DagBag from /home/nanah/airflow_venv/lib/python3.10/site-packages/airflow/example_dags/tutorial_taskflow_api.py
[2023-06-11T00:15:29.772+0200] {processor.py:768} INFO - DAG(s) dict_keys(['tutorial_taskflow_api']) retrieved from /home/nanah/airflow_venv/lib/python3.10/site-packages/airflow/example_dags/tutorial_taskflow_api.py
[2023-06-11T00:15:29.870+0200] {logging_mixin.py:117} INFO - [2023-06-11T00:15:29.870+0200] {dag.py:2573} INFO - Sync 1 DAGs
[2023-06-11T00:15:29.926+0200] {logging_mixin.py:117} INFO - [2023-06-11T00:15:29.926+0200] {dag.py:3324} INFO - Setting next_dagrun for tutorial_taskflow_api to None, run_after=None
[2023-06-11T00:15:30.540+0200] {processor.py:178} INFO - Processing /home/nanah/airflow_venv/lib/python3.10/site-packages/airflow/example_dags/tutorial_taskflow_api.py took 0.870 seconds
[2023-06-11T00:16:48.669+0200] {processor.py:156} INFO - Started process (PID=4764) to work on /home/nanah/airflow_venv/lib/python3.10/site-packages/airflow/example_dags/tutorial_taskflow_api.py
[2023-06-11T00:16:48.679+0200] {processor.py:758} INFO - Processing file /home/nanah/airflow_venv/lib/python3.10/site-packages/airflow/example_dags/tutorial_taskflow_api.py for tasks to queue
[2023-06-11T00:16:48.681+0200] {logging_mixin.py:117} INFO - [2023-06-11T00:16:48.681+0200] {dagbag.py:525} INFO - Filling up the DagBag from /home/nanah/airflow_venv/lib/python3.10/site-packages/airflow/example_dags/tutorial_taskflow_api.py
[2023-06-11T00:16:48.735+0200] {processor.py:768} INFO - DAG(s) dict_keys(['tutorial_taskflow_api']) retrieved from /home/nanah/airflow_venv/lib/python3.10/site-packages/airflow/example_dags/tutorial_taskflow_api.py
[2023-06-11T00:16:48.790+0200] {logging_mixin.py:117} INFO - [2023-06-11T00:16:48.790+0200] {dag.py:2573} INFO - Sync 1 DAGs
[2023-06-11T00:16:48.832+0200] {logging_mixin.py:117} INFO - [2023-06-11T00:16:48.831+0200] {dag.py:3324} INFO - Setting next_dagrun for tutorial_taskflow_api to None, run_after=None
[2023-06-11T00:16:48.897+0200] {processor.py:178} INFO - Processing /home/nanah/airflow_venv/lib/python3.10/site-packages/airflow/example_dags/tutorial_taskflow_api.py took 0.235 seconds
[2023-06-11T00:17:37.180+0200] {processor.py:156} INFO - Started process (PID=4801) to work on /home/nanah/airflow_venv/lib/python3.10/site-packages/airflow/example_dags/tutorial_taskflow_api.py
[2023-06-11T00:17:37.183+0200] {processor.py:758} INFO - Processing file /home/nanah/airflow_venv/lib/python3.10/site-packages/airflow/example_dags/tutorial_taskflow_api.py for tasks to queue
[2023-06-11T00:17:37.185+0200] {logging_mixin.py:117} INFO - [2023-06-11T00:17:37.184+0200] {dagbag.py:525} INFO - Filling up the DagBag from /home/nanah/airflow_venv/lib/python3.10/site-packages/airflow/example_dags/tutorial_taskflow_api.py
[2023-06-11T00:17:37.247+0200] {processor.py:768} INFO - DAG(s) dict_keys(['tutorial_taskflow_api']) retrieved from /home/nanah/airflow_venv/lib/python3.10/site-packages/airflow/example_dags/tutorial_taskflow_api.py
[2023-06-11T00:17:37.325+0200] {logging_mixin.py:117} INFO - [2023-06-11T00:17:37.324+0200] {dag.py:2573} INFO - Sync 1 DAGs
[2023-06-11T00:17:37.381+0200] {logging_mixin.py:117} INFO - [2023-06-11T00:17:37.381+0200] {dag.py:3324} INFO - Setting next_dagrun for tutorial_taskflow_api to None, run_after=None
[2023-06-11T00:17:37.683+0200] {processor.py:178} INFO - Processing /home/nanah/airflow_venv/lib/python3.10/site-packages/airflow/example_dags/tutorial_taskflow_api.py took 0.509 seconds
[2023-06-11T00:18:27.562+0200] {processor.py:156} INFO - Started process (PID=4837) to work on /home/nanah/airflow_venv/lib/python3.10/site-packages/airflow/example_dags/tutorial_taskflow_api.py
[2023-06-11T00:18:27.569+0200] {processor.py:758} INFO - Processing file /home/nanah/airflow_venv/lib/python3.10/site-packages/airflow/example_dags/tutorial_taskflow_api.py for tasks to queue
[2023-06-11T00:18:27.571+0200] {logging_mixin.py:117} INFO - [2023-06-11T00:18:27.571+0200] {dagbag.py:525} INFO - Filling up the DagBag from /home/nanah/airflow_venv/lib/python3.10/site-packages/airflow/example_dags/tutorial_taskflow_api.py
[2023-06-11T00:18:27.669+0200] {processor.py:768} INFO - DAG(s) dict_keys(['tutorial_taskflow_api']) retrieved from /home/nanah/airflow_venv/lib/python3.10/site-packages/airflow/example_dags/tutorial_taskflow_api.py
[2023-06-11T00:18:27.801+0200] {logging_mixin.py:117} INFO - [2023-06-11T00:18:27.800+0200] {dag.py:2573} INFO - Sync 1 DAGs
[2023-06-11T00:18:27.863+0200] {logging_mixin.py:117} INFO - [2023-06-11T00:18:27.863+0200] {dag.py:3324} INFO - Setting next_dagrun for tutorial_taskflow_api to None, run_after=None
[2023-06-11T00:18:27.922+0200] {processor.py:178} INFO - Processing /home/nanah/airflow_venv/lib/python3.10/site-packages/airflow/example_dags/tutorial_taskflow_api.py took 0.380 seconds
[2023-06-11T00:19:08.209+0200] {processor.py:156} INFO - Started process (PID=4870) to work on /home/nanah/airflow_venv/lib/python3.10/site-packages/airflow/example_dags/tutorial_taskflow_api.py
[2023-06-11T00:19:08.214+0200] {processor.py:758} INFO - Processing file /home/nanah/airflow_venv/lib/python3.10/site-packages/airflow/example_dags/tutorial_taskflow_api.py for tasks to queue
[2023-06-11T00:19:08.215+0200] {logging_mixin.py:117} INFO - [2023-06-11T00:19:08.215+0200] {dagbag.py:525} INFO - Filling up the DagBag from /home/nanah/airflow_venv/lib/python3.10/site-packages/airflow/example_dags/tutorial_taskflow_api.py
[2023-06-11T00:19:08.265+0200] {processor.py:768} INFO - DAG(s) dict_keys(['tutorial_taskflow_api']) retrieved from /home/nanah/airflow_venv/lib/python3.10/site-packages/airflow/example_dags/tutorial_taskflow_api.py
[2023-06-11T00:19:08.318+0200] {logging_mixin.py:117} INFO - [2023-06-11T00:19:08.318+0200] {dag.py:2573} INFO - Sync 1 DAGs
[2023-06-11T00:19:08.360+0200] {logging_mixin.py:117} INFO - [2023-06-11T00:19:08.359+0200] {dag.py:3324} INFO - Setting next_dagrun for tutorial_taskflow_api to None, run_after=None
[2023-06-11T00:19:08.405+0200] {processor.py:178} INFO - Processing /home/nanah/airflow_venv/lib/python3.10/site-packages/airflow/example_dags/tutorial_taskflow_api.py took 0.203 seconds
[2023-06-11T00:20:39.189+0200] {processor.py:156} INFO - Started process (PID=4916) to work on /home/nanah/airflow_venv/lib/python3.10/site-packages/airflow/example_dags/tutorial_taskflow_api.py
[2023-06-11T00:20:39.194+0200] {processor.py:758} INFO - Processing file /home/nanah/airflow_venv/lib/python3.10/site-packages/airflow/example_dags/tutorial_taskflow_api.py for tasks to queue
[2023-06-11T00:20:39.197+0200] {logging_mixin.py:117} INFO - [2023-06-11T00:20:39.196+0200] {dagbag.py:525} INFO - Filling up the DagBag from /home/nanah/airflow_venv/lib/python3.10/site-packages/airflow/example_dags/tutorial_taskflow_api.py
[2023-06-11T00:20:39.346+0200] {processor.py:768} INFO - DAG(s) dict_keys(['tutorial_taskflow_api']) retrieved from /home/nanah/airflow_venv/lib/python3.10/site-packages/airflow/example_dags/tutorial_taskflow_api.py
[2023-06-11T00:20:39.512+0200] {logging_mixin.py:117} INFO - [2023-06-11T00:20:39.512+0200] {dag.py:2573} INFO - Sync 1 DAGs
[2023-06-11T00:20:39.654+0200] {logging_mixin.py:117} INFO - [2023-06-11T00:20:39.654+0200] {dag.py:3324} INFO - Setting next_dagrun for tutorial_taskflow_api to None, run_after=None
[2023-06-11T00:20:40.512+0200] {processor.py:178} INFO - Processing /home/nanah/airflow_venv/lib/python3.10/site-packages/airflow/example_dags/tutorial_taskflow_api.py took 1.340 seconds
[2023-06-11T00:21:42.587+0200] {processor.py:156} INFO - Started process (PID=4951) to work on /home/nanah/airflow_venv/lib/python3.10/site-packages/airflow/example_dags/tutorial_taskflow_api.py
[2023-06-11T00:21:42.592+0200] {processor.py:758} INFO - Processing file /home/nanah/airflow_venv/lib/python3.10/site-packages/airflow/example_dags/tutorial_taskflow_api.py for tasks to queue
[2023-06-11T00:21:42.603+0200] {logging_mixin.py:117} INFO - [2023-06-11T00:21:42.602+0200] {dagbag.py:525} INFO - Filling up the DagBag from /home/nanah/airflow_venv/lib/python3.10/site-packages/airflow/example_dags/tutorial_taskflow_api.py
[2023-06-11T00:21:42.898+0200] {processor.py:768} INFO - DAG(s) dict_keys(['tutorial_taskflow_api']) retrieved from /home/nanah/airflow_venv/lib/python3.10/site-packages/airflow/example_dags/tutorial_taskflow_api.py
[2023-06-11T00:21:43.243+0200] {logging_mixin.py:117} INFO - [2023-06-11T00:21:43.242+0200] {dag.py:2573} INFO - Sync 1 DAGs
[2023-06-11T00:21:43.404+0200] {logging_mixin.py:117} INFO - [2023-06-11T00:21:43.403+0200] {dag.py:3324} INFO - Setting next_dagrun for tutorial_taskflow_api to None, run_after=None
[2023-06-11T00:21:43.663+0200] {processor.py:178} INFO - Processing /home/nanah/airflow_venv/lib/python3.10/site-packages/airflow/example_dags/tutorial_taskflow_api.py took 1.105 seconds
[2023-06-11T00:22:50.196+0200] {processor.py:156} INFO - Started process (PID=4987) to work on /home/nanah/airflow_venv/lib/python3.10/site-packages/airflow/example_dags/tutorial_taskflow_api.py
[2023-06-11T00:22:50.201+0200] {processor.py:758} INFO - Processing file /home/nanah/airflow_venv/lib/python3.10/site-packages/airflow/example_dags/tutorial_taskflow_api.py for tasks to queue
[2023-06-11T00:22:50.202+0200] {logging_mixin.py:117} INFO - [2023-06-11T00:22:50.202+0200] {dagbag.py:525} INFO - Filling up the DagBag from /home/nanah/airflow_venv/lib/python3.10/site-packages/airflow/example_dags/tutorial_taskflow_api.py
[2023-06-11T00:22:50.283+0200] {processor.py:768} INFO - DAG(s) dict_keys(['tutorial_taskflow_api']) retrieved from /home/nanah/airflow_venv/lib/python3.10/site-packages/airflow/example_dags/tutorial_taskflow_api.py
[2023-06-11T00:22:50.388+0200] {logging_mixin.py:117} INFO - [2023-06-11T00:22:50.388+0200] {dag.py:2573} INFO - Sync 1 DAGs
[2023-06-11T00:22:50.504+0200] {logging_mixin.py:117} INFO - [2023-06-11T00:22:50.503+0200] {dag.py:3324} INFO - Setting next_dagrun for tutorial_taskflow_api to None, run_after=None
[2023-06-11T00:22:50.605+0200] {processor.py:178} INFO - Processing /home/nanah/airflow_venv/lib/python3.10/site-packages/airflow/example_dags/tutorial_taskflow_api.py took 0.424 seconds
[2023-06-11T00:23:45.287+0200] {processor.py:156} INFO - Started process (PID=5021) to work on /home/nanah/airflow_venv/lib/python3.10/site-packages/airflow/example_dags/tutorial_taskflow_api.py
[2023-06-11T00:23:45.297+0200] {processor.py:758} INFO - Processing file /home/nanah/airflow_venv/lib/python3.10/site-packages/airflow/example_dags/tutorial_taskflow_api.py for tasks to queue
[2023-06-11T00:23:45.300+0200] {logging_mixin.py:117} INFO - [2023-06-11T00:23:45.299+0200] {dagbag.py:525} INFO - Filling up the DagBag from /home/nanah/airflow_venv/lib/python3.10/site-packages/airflow/example_dags/tutorial_taskflow_api.py
[2023-06-11T00:23:45.370+0200] {processor.py:768} INFO - DAG(s) dict_keys(['tutorial_taskflow_api']) retrieved from /home/nanah/airflow_venv/lib/python3.10/site-packages/airflow/example_dags/tutorial_taskflow_api.py
[2023-06-11T00:23:45.437+0200] {logging_mixin.py:117} INFO - [2023-06-11T00:23:45.436+0200] {dag.py:2573} INFO - Sync 1 DAGs
[2023-06-11T00:23:45.493+0200] {logging_mixin.py:117} INFO - [2023-06-11T00:23:45.493+0200] {dag.py:3324} INFO - Setting next_dagrun for tutorial_taskflow_api to None, run_after=None
[2023-06-11T00:23:45.564+0200] {processor.py:178} INFO - Processing /home/nanah/airflow_venv/lib/python3.10/site-packages/airflow/example_dags/tutorial_taskflow_api.py took 0.286 seconds
[2023-06-11T00:25:33.023+0200] {processor.py:156} INFO - Started process (PID=5058) to work on /home/nanah/airflow_venv/lib/python3.10/site-packages/airflow/example_dags/tutorial_taskflow_api.py
[2023-06-11T00:25:33.043+0200] {processor.py:758} INFO - Processing file /home/nanah/airflow_venv/lib/python3.10/site-packages/airflow/example_dags/tutorial_taskflow_api.py for tasks to queue
[2023-06-11T00:25:33.045+0200] {logging_mixin.py:117} INFO - [2023-06-11T00:25:33.044+0200] {dagbag.py:525} INFO - Filling up the DagBag from /home/nanah/airflow_venv/lib/python3.10/site-packages/airflow/example_dags/tutorial_taskflow_api.py
[2023-06-11T00:25:33.246+0200] {processor.py:768} INFO - DAG(s) dict_keys(['tutorial_taskflow_api']) retrieved from /home/nanah/airflow_venv/lib/python3.10/site-packages/airflow/example_dags/tutorial_taskflow_api.py
[2023-06-11T00:25:33.630+0200] {logging_mixin.py:117} INFO - [2023-06-11T00:25:33.630+0200] {dag.py:2573} INFO - Sync 1 DAGs
[2023-06-11T00:25:33.705+0200] {logging_mixin.py:117} INFO - [2023-06-11T00:25:33.705+0200] {dag.py:3324} INFO - Setting next_dagrun for tutorial_taskflow_api to None, run_after=None
[2023-06-11T00:25:35.512+0200] {processor.py:178} INFO - Processing /home/nanah/airflow_venv/lib/python3.10/site-packages/airflow/example_dags/tutorial_taskflow_api.py took 2.515 seconds
[2023-06-11T00:26:40.303+0200] {processor.py:156} INFO - Started process (PID=5093) to work on /home/nanah/airflow_venv/lib/python3.10/site-packages/airflow/example_dags/tutorial_taskflow_api.py
[2023-06-11T00:26:40.309+0200] {processor.py:758} INFO - Processing file /home/nanah/airflow_venv/lib/python3.10/site-packages/airflow/example_dags/tutorial_taskflow_api.py for tasks to queue
[2023-06-11T00:26:40.311+0200] {logging_mixin.py:117} INFO - [2023-06-11T00:26:40.310+0200] {dagbag.py:525} INFO - Filling up the DagBag from /home/nanah/airflow_venv/lib/python3.10/site-packages/airflow/example_dags/tutorial_taskflow_api.py
[2023-06-11T00:26:40.405+0200] {processor.py:768} INFO - DAG(s) dict_keys(['tutorial_taskflow_api']) retrieved from /home/nanah/airflow_venv/lib/python3.10/site-packages/airflow/example_dags/tutorial_taskflow_api.py
[2023-06-11T00:26:40.499+0200] {logging_mixin.py:117} INFO - [2023-06-11T00:26:40.499+0200] {dag.py:2573} INFO - Sync 1 DAGs
[2023-06-11T00:26:40.957+0200] {logging_mixin.py:117} INFO - [2023-06-11T00:26:40.957+0200] {dag.py:3324} INFO - Setting next_dagrun for tutorial_taskflow_api to None, run_after=None
[2023-06-11T00:26:41.100+0200] {processor.py:178} INFO - Processing /home/nanah/airflow_venv/lib/python3.10/site-packages/airflow/example_dags/tutorial_taskflow_api.py took 0.805 seconds
[2023-06-11T00:27:37.589+0200] {processor.py:156} INFO - Started process (PID=5132) to work on /home/nanah/airflow_venv/lib/python3.10/site-packages/airflow/example_dags/tutorial_taskflow_api.py
[2023-06-11T00:27:37.595+0200] {processor.py:758} INFO - Processing file /home/nanah/airflow_venv/lib/python3.10/site-packages/airflow/example_dags/tutorial_taskflow_api.py for tasks to queue
[2023-06-11T00:27:37.597+0200] {logging_mixin.py:117} INFO - [2023-06-11T00:27:37.596+0200] {dagbag.py:525} INFO - Filling up the DagBag from /home/nanah/airflow_venv/lib/python3.10/site-packages/airflow/example_dags/tutorial_taskflow_api.py
[2023-06-11T00:27:37.666+0200] {processor.py:768} INFO - DAG(s) dict_keys(['tutorial_taskflow_api']) retrieved from /home/nanah/airflow_venv/lib/python3.10/site-packages/airflow/example_dags/tutorial_taskflow_api.py
[2023-06-11T00:27:37.745+0200] {logging_mixin.py:117} INFO - [2023-06-11T00:27:37.745+0200] {dag.py:2573} INFO - Sync 1 DAGs
[2023-06-11T00:27:38.080+0200] {logging_mixin.py:117} INFO - [2023-06-11T00:27:38.080+0200] {dag.py:3324} INFO - Setting next_dagrun for tutorial_taskflow_api to None, run_after=None
[2023-06-11T00:27:38.137+0200] {processor.py:178} INFO - Processing /home/nanah/airflow_venv/lib/python3.10/site-packages/airflow/example_dags/tutorial_taskflow_api.py took 0.556 seconds
[2023-06-11T00:28:39.277+0200] {processor.py:156} INFO - Started process (PID=5166) to work on /home/nanah/airflow_venv/lib/python3.10/site-packages/airflow/example_dags/tutorial_taskflow_api.py
[2023-06-11T00:28:39.282+0200] {processor.py:758} INFO - Processing file /home/nanah/airflow_venv/lib/python3.10/site-packages/airflow/example_dags/tutorial_taskflow_api.py for tasks to queue
[2023-06-11T00:28:39.284+0200] {logging_mixin.py:117} INFO - [2023-06-11T00:28:39.283+0200] {dagbag.py:525} INFO - Filling up the DagBag from /home/nanah/airflow_venv/lib/python3.10/site-packages/airflow/example_dags/tutorial_taskflow_api.py
[2023-06-11T00:28:39.353+0200] {processor.py:768} INFO - DAG(s) dict_keys(['tutorial_taskflow_api']) retrieved from /home/nanah/airflow_venv/lib/python3.10/site-packages/airflow/example_dags/tutorial_taskflow_api.py
[2023-06-11T00:28:39.432+0200] {logging_mixin.py:117} INFO - [2023-06-11T00:28:39.432+0200] {dag.py:2573} INFO - Sync 1 DAGs
[2023-06-11T00:28:39.773+0200] {logging_mixin.py:117} INFO - [2023-06-11T00:28:39.773+0200] {dag.py:3324} INFO - Setting next_dagrun for tutorial_taskflow_api to None, run_after=None
[2023-06-11T00:28:39.846+0200] {processor.py:178} INFO - Processing /home/nanah/airflow_venv/lib/python3.10/site-packages/airflow/example_dags/tutorial_taskflow_api.py took 0.578 seconds
[2023-06-11T00:29:34.260+0200] {processor.py:156} INFO - Started process (PID=5200) to work on /home/nanah/airflow_venv/lib/python3.10/site-packages/airflow/example_dags/tutorial_taskflow_api.py
[2023-06-11T00:29:34.267+0200] {processor.py:758} INFO - Processing file /home/nanah/airflow_venv/lib/python3.10/site-packages/airflow/example_dags/tutorial_taskflow_api.py for tasks to queue
[2023-06-11T00:29:34.269+0200] {logging_mixin.py:117} INFO - [2023-06-11T00:29:34.269+0200] {dagbag.py:525} INFO - Filling up the DagBag from /home/nanah/airflow_venv/lib/python3.10/site-packages/airflow/example_dags/tutorial_taskflow_api.py
[2023-06-11T00:29:34.331+0200] {processor.py:768} INFO - DAG(s) dict_keys(['tutorial_taskflow_api']) retrieved from /home/nanah/airflow_venv/lib/python3.10/site-packages/airflow/example_dags/tutorial_taskflow_api.py
[2023-06-11T00:29:34.703+0200] {logging_mixin.py:117} INFO - [2023-06-11T00:29:34.703+0200] {dag.py:2573} INFO - Sync 1 DAGs
[2023-06-11T00:29:34.755+0200] {logging_mixin.py:117} INFO - [2023-06-11T00:29:34.755+0200] {dag.py:3324} INFO - Setting next_dagrun for tutorial_taskflow_api to None, run_after=None
[2023-06-11T00:29:34.805+0200] {processor.py:178} INFO - Processing /home/nanah/airflow_venv/lib/python3.10/site-packages/airflow/example_dags/tutorial_taskflow_api.py took 0.552 seconds
[2023-06-11T00:30:45.866+0200] {processor.py:156} INFO - Started process (PID=5237) to work on /home/nanah/airflow_venv/lib/python3.10/site-packages/airflow/example_dags/tutorial_taskflow_api.py
[2023-06-11T00:30:45.870+0200] {processor.py:758} INFO - Processing file /home/nanah/airflow_venv/lib/python3.10/site-packages/airflow/example_dags/tutorial_taskflow_api.py for tasks to queue
[2023-06-11T00:30:45.871+0200] {logging_mixin.py:117} INFO - [2023-06-11T00:30:45.871+0200] {dagbag.py:525} INFO - Filling up the DagBag from /home/nanah/airflow_venv/lib/python3.10/site-packages/airflow/example_dags/tutorial_taskflow_api.py
[2023-06-11T00:30:45.939+0200] {processor.py:768} INFO - DAG(s) dict_keys(['tutorial_taskflow_api']) retrieved from /home/nanah/airflow_venv/lib/python3.10/site-packages/airflow/example_dags/tutorial_taskflow_api.py
[2023-06-11T00:30:46.300+0200] {logging_mixin.py:117} INFO - [2023-06-11T00:30:46.299+0200] {dag.py:2573} INFO - Sync 1 DAGs
[2023-06-11T00:30:46.347+0200] {logging_mixin.py:117} INFO - [2023-06-11T00:30:46.346+0200] {dag.py:3324} INFO - Setting next_dagrun for tutorial_taskflow_api to None, run_after=None
[2023-06-11T00:30:46.429+0200] {processor.py:178} INFO - Processing /home/nanah/airflow_venv/lib/python3.10/site-packages/airflow/example_dags/tutorial_taskflow_api.py took 0.570 seconds
[2023-06-11T00:31:44.408+0200] {processor.py:156} INFO - Started process (PID=5272) to work on /home/nanah/airflow_venv/lib/python3.10/site-packages/airflow/example_dags/tutorial_taskflow_api.py
[2023-06-11T00:31:44.414+0200] {processor.py:758} INFO - Processing file /home/nanah/airflow_venv/lib/python3.10/site-packages/airflow/example_dags/tutorial_taskflow_api.py for tasks to queue
[2023-06-11T00:31:44.416+0200] {logging_mixin.py:117} INFO - [2023-06-11T00:31:44.416+0200] {dagbag.py:525} INFO - Filling up the DagBag from /home/nanah/airflow_venv/lib/python3.10/site-packages/airflow/example_dags/tutorial_taskflow_api.py
[2023-06-11T00:31:44.783+0200] {processor.py:768} INFO - DAG(s) dict_keys(['tutorial_taskflow_api']) retrieved from /home/nanah/airflow_venv/lib/python3.10/site-packages/airflow/example_dags/tutorial_taskflow_api.py
[2023-06-11T00:31:44.834+0200] {logging_mixin.py:117} INFO - [2023-06-11T00:31:44.834+0200] {dag.py:2573} INFO - Sync 1 DAGs
[2023-06-11T00:31:44.882+0200] {logging_mixin.py:117} INFO - [2023-06-11T00:31:44.881+0200] {dag.py:3324} INFO - Setting next_dagrun for tutorial_taskflow_api to None, run_after=None
[2023-06-11T00:31:44.964+0200] {processor.py:178} INFO - Processing /home/nanah/airflow_venv/lib/python3.10/site-packages/airflow/example_dags/tutorial_taskflow_api.py took 0.566 seconds
[2023-06-11T00:32:39.474+0200] {processor.py:156} INFO - Started process (PID=5308) to work on /home/nanah/airflow_venv/lib/python3.10/site-packages/airflow/example_dags/tutorial_taskflow_api.py
[2023-06-11T00:32:39.480+0200] {processor.py:758} INFO - Processing file /home/nanah/airflow_venv/lib/python3.10/site-packages/airflow/example_dags/tutorial_taskflow_api.py for tasks to queue
[2023-06-11T00:32:39.481+0200] {logging_mixin.py:117} INFO - [2023-06-11T00:32:39.481+0200] {dagbag.py:525} INFO - Filling up the DagBag from /home/nanah/airflow_venv/lib/python3.10/site-packages/airflow/example_dags/tutorial_taskflow_api.py
[2023-06-11T00:32:39.844+0200] {processor.py:768} INFO - DAG(s) dict_keys(['tutorial_taskflow_api']) retrieved from /home/nanah/airflow_venv/lib/python3.10/site-packages/airflow/example_dags/tutorial_taskflow_api.py
[2023-06-11T00:32:39.903+0200] {logging_mixin.py:117} INFO - [2023-06-11T00:32:39.903+0200] {dag.py:2573} INFO - Sync 1 DAGs
[2023-06-11T00:32:39.956+0200] {logging_mixin.py:117} INFO - [2023-06-11T00:32:39.955+0200] {dag.py:3324} INFO - Setting next_dagrun for tutorial_taskflow_api to None, run_after=None
[2023-06-11T00:32:40.015+0200] {processor.py:178} INFO - Processing /home/nanah/airflow_venv/lib/python3.10/site-packages/airflow/example_dags/tutorial_taskflow_api.py took 0.550 seconds
[2023-06-11T00:33:34.185+0200] {processor.py:156} INFO - Started process (PID=5343) to work on /home/nanah/airflow_venv/lib/python3.10/site-packages/airflow/example_dags/tutorial_taskflow_api.py
[2023-06-11T00:33:34.189+0200] {processor.py:758} INFO - Processing file /home/nanah/airflow_venv/lib/python3.10/site-packages/airflow/example_dags/tutorial_taskflow_api.py for tasks to queue
[2023-06-11T00:33:34.192+0200] {logging_mixin.py:117} INFO - [2023-06-11T00:33:34.190+0200] {dagbag.py:525} INFO - Filling up the DagBag from /home/nanah/airflow_venv/lib/python3.10/site-packages/airflow/example_dags/tutorial_taskflow_api.py
[2023-06-11T00:33:34.580+0200] {processor.py:768} INFO - DAG(s) dict_keys(['tutorial_taskflow_api']) retrieved from /home/nanah/airflow_venv/lib/python3.10/site-packages/airflow/example_dags/tutorial_taskflow_api.py
[2023-06-11T00:33:34.632+0200] {logging_mixin.py:117} INFO - [2023-06-11T00:33:34.631+0200] {dag.py:2573} INFO - Sync 1 DAGs
[2023-06-11T00:33:34.683+0200] {logging_mixin.py:117} INFO - [2023-06-11T00:33:34.682+0200] {dag.py:3324} INFO - Setting next_dagrun for tutorial_taskflow_api to None, run_after=None
[2023-06-11T00:33:34.739+0200] {processor.py:178} INFO - Processing /home/nanah/airflow_venv/lib/python3.10/site-packages/airflow/example_dags/tutorial_taskflow_api.py took 0.561 seconds
[2023-06-11T00:34:33.110+0200] {processor.py:156} INFO - Started process (PID=5381) to work on /home/nanah/airflow_venv/lib/python3.10/site-packages/airflow/example_dags/tutorial_taskflow_api.py
[2023-06-11T00:34:33.114+0200] {processor.py:758} INFO - Processing file /home/nanah/airflow_venv/lib/python3.10/site-packages/airflow/example_dags/tutorial_taskflow_api.py for tasks to queue
[2023-06-11T00:34:33.116+0200] {logging_mixin.py:117} INFO - [2023-06-11T00:34:33.116+0200] {dagbag.py:525} INFO - Filling up the DagBag from /home/nanah/airflow_venv/lib/python3.10/site-packages/airflow/example_dags/tutorial_taskflow_api.py
[2023-06-11T00:34:33.269+0200] {processor.py:768} INFO - DAG(s) dict_keys(['tutorial_taskflow_api']) retrieved from /home/nanah/airflow_venv/lib/python3.10/site-packages/airflow/example_dags/tutorial_taskflow_api.py
[2023-06-11T00:34:33.403+0200] {logging_mixin.py:117} INFO - [2023-06-11T00:34:33.402+0200] {dag.py:2573} INFO - Sync 1 DAGs
[2023-06-11T00:34:33.489+0200] {logging_mixin.py:117} INFO - [2023-06-11T00:34:33.488+0200] {dag.py:3324} INFO - Setting next_dagrun for tutorial_taskflow_api to None, run_after=None
[2023-06-11T00:34:33.576+0200] {processor.py:178} INFO - Processing /home/nanah/airflow_venv/lib/python3.10/site-packages/airflow/example_dags/tutorial_taskflow_api.py took 0.477 seconds
[2023-06-11T00:35:35.073+0200] {processor.py:156} INFO - Started process (PID=5417) to work on /home/nanah/airflow_venv/lib/python3.10/site-packages/airflow/example_dags/tutorial_taskflow_api.py
[2023-06-11T00:35:35.088+0200] {processor.py:758} INFO - Processing file /home/nanah/airflow_venv/lib/python3.10/site-packages/airflow/example_dags/tutorial_taskflow_api.py for tasks to queue
[2023-06-11T00:35:35.090+0200] {logging_mixin.py:117} INFO - [2023-06-11T00:35:35.090+0200] {dagbag.py:525} INFO - Filling up the DagBag from /home/nanah/airflow_venv/lib/python3.10/site-packages/airflow/example_dags/tutorial_taskflow_api.py
[2023-06-11T00:35:35.195+0200] {processor.py:768} INFO - DAG(s) dict_keys(['tutorial_taskflow_api']) retrieved from /home/nanah/airflow_venv/lib/python3.10/site-packages/airflow/example_dags/tutorial_taskflow_api.py
[2023-06-11T00:35:35.358+0200] {logging_mixin.py:117} INFO - [2023-06-11T00:35:35.358+0200] {dag.py:2573} INFO - Sync 1 DAGs
[2023-06-11T00:35:35.448+0200] {logging_mixin.py:117} INFO - [2023-06-11T00:35:35.447+0200] {dag.py:3324} INFO - Setting next_dagrun for tutorial_taskflow_api to None, run_after=None
[2023-06-11T00:35:35.629+0200] {processor.py:178} INFO - Processing /home/nanah/airflow_venv/lib/python3.10/site-packages/airflow/example_dags/tutorial_taskflow_api.py took 0.574 seconds
[2023-06-11T00:36:19.754+0200] {processor.py:156} INFO - Started process (PID=5450) to work on /home/nanah/airflow_venv/lib/python3.10/site-packages/airflow/example_dags/tutorial_taskflow_api.py
[2023-06-11T00:36:19.760+0200] {processor.py:758} INFO - Processing file /home/nanah/airflow_venv/lib/python3.10/site-packages/airflow/example_dags/tutorial_taskflow_api.py for tasks to queue
[2023-06-11T00:36:19.762+0200] {logging_mixin.py:117} INFO - [2023-06-11T00:36:19.761+0200] {dagbag.py:525} INFO - Filling up the DagBag from /home/nanah/airflow_venv/lib/python3.10/site-packages/airflow/example_dags/tutorial_taskflow_api.py
[2023-06-11T00:36:19.821+0200] {processor.py:768} INFO - DAG(s) dict_keys(['tutorial_taskflow_api']) retrieved from /home/nanah/airflow_venv/lib/python3.10/site-packages/airflow/example_dags/tutorial_taskflow_api.py
[2023-06-11T00:36:19.906+0200] {logging_mixin.py:117} INFO - [2023-06-11T00:36:19.905+0200] {dag.py:2573} INFO - Sync 1 DAGs
[2023-06-11T00:36:19.947+0200] {logging_mixin.py:117} INFO - [2023-06-11T00:36:19.947+0200] {dag.py:3324} INFO - Setting next_dagrun for tutorial_taskflow_api to None, run_after=None
[2023-06-11T00:36:19.991+0200] {processor.py:178} INFO - Processing /home/nanah/airflow_venv/lib/python3.10/site-packages/airflow/example_dags/tutorial_taskflow_api.py took 0.257 seconds
[2023-06-11T00:37:05.491+0200] {processor.py:156} INFO - Started process (PID=5484) to work on /home/nanah/airflow_venv/lib/python3.10/site-packages/airflow/example_dags/tutorial_taskflow_api.py
[2023-06-11T00:37:05.498+0200] {processor.py:758} INFO - Processing file /home/nanah/airflow_venv/lib/python3.10/site-packages/airflow/example_dags/tutorial_taskflow_api.py for tasks to queue
[2023-06-11T00:37:05.500+0200] {logging_mixin.py:117} INFO - [2023-06-11T00:37:05.499+0200] {dagbag.py:525} INFO - Filling up the DagBag from /home/nanah/airflow_venv/lib/python3.10/site-packages/airflow/example_dags/tutorial_taskflow_api.py
[2023-06-11T00:37:05.587+0200] {processor.py:768} INFO - DAG(s) dict_keys(['tutorial_taskflow_api']) retrieved from /home/nanah/airflow_venv/lib/python3.10/site-packages/airflow/example_dags/tutorial_taskflow_api.py
[2023-06-11T00:37:05.710+0200] {logging_mixin.py:117} INFO - [2023-06-11T00:37:05.709+0200] {dag.py:2573} INFO - Sync 1 DAGs
[2023-06-11T00:37:05.799+0200] {logging_mixin.py:117} INFO - [2023-06-11T00:37:05.798+0200] {dag.py:3324} INFO - Setting next_dagrun for tutorial_taskflow_api to None, run_after=None
[2023-06-11T00:37:05.890+0200] {processor.py:178} INFO - Processing /home/nanah/airflow_venv/lib/python3.10/site-packages/airflow/example_dags/tutorial_taskflow_api.py took 0.410 seconds
[2023-06-11T00:37:51.666+0200] {processor.py:156} INFO - Started process (PID=5518) to work on /home/nanah/airflow_venv/lib/python3.10/site-packages/airflow/example_dags/tutorial_taskflow_api.py
[2023-06-11T00:37:51.671+0200] {processor.py:758} INFO - Processing file /home/nanah/airflow_venv/lib/python3.10/site-packages/airflow/example_dags/tutorial_taskflow_api.py for tasks to queue
[2023-06-11T00:37:51.672+0200] {logging_mixin.py:117} INFO - [2023-06-11T00:37:51.672+0200] {dagbag.py:525} INFO - Filling up the DagBag from /home/nanah/airflow_venv/lib/python3.10/site-packages/airflow/example_dags/tutorial_taskflow_api.py
[2023-06-11T00:37:51.820+0200] {processor.py:768} INFO - DAG(s) dict_keys(['tutorial_taskflow_api']) retrieved from /home/nanah/airflow_venv/lib/python3.10/site-packages/airflow/example_dags/tutorial_taskflow_api.py
[2023-06-11T00:37:51.998+0200] {logging_mixin.py:117} INFO - [2023-06-11T00:37:51.997+0200] {dag.py:2573} INFO - Sync 1 DAGs
[2023-06-11T00:37:52.335+0200] {logging_mixin.py:117} INFO - [2023-06-11T00:37:52.326+0200] {dag.py:3324} INFO - Setting next_dagrun for tutorial_taskflow_api to None, run_after=None
[2023-06-11T00:37:52.501+0200] {processor.py:178} INFO - Processing /home/nanah/airflow_venv/lib/python3.10/site-packages/airflow/example_dags/tutorial_taskflow_api.py took 0.855 seconds
[2023-06-11T00:38:41.496+0200] {processor.py:156} INFO - Started process (PID=5554) to work on /home/nanah/airflow_venv/lib/python3.10/site-packages/airflow/example_dags/tutorial_taskflow_api.py
[2023-06-11T00:38:41.508+0200] {processor.py:758} INFO - Processing file /home/nanah/airflow_venv/lib/python3.10/site-packages/airflow/example_dags/tutorial_taskflow_api.py for tasks to queue
[2023-06-11T00:38:41.509+0200] {logging_mixin.py:117} INFO - [2023-06-11T00:38:41.509+0200] {dagbag.py:525} INFO - Filling up the DagBag from /home/nanah/airflow_venv/lib/python3.10/site-packages/airflow/example_dags/tutorial_taskflow_api.py
[2023-06-11T00:38:41.567+0200] {processor.py:768} INFO - DAG(s) dict_keys(['tutorial_taskflow_api']) retrieved from /home/nanah/airflow_venv/lib/python3.10/site-packages/airflow/example_dags/tutorial_taskflow_api.py
[2023-06-11T00:38:41.625+0200] {logging_mixin.py:117} INFO - [2023-06-11T00:38:41.625+0200] {dag.py:2573} INFO - Sync 1 DAGs
[2023-06-11T00:38:41.675+0200] {logging_mixin.py:117} INFO - [2023-06-11T00:38:41.674+0200] {dag.py:3324} INFO - Setting next_dagrun for tutorial_taskflow_api to None, run_after=None
[2023-06-11T00:38:41.736+0200] {processor.py:178} INFO - Processing /home/nanah/airflow_venv/lib/python3.10/site-packages/airflow/example_dags/tutorial_taskflow_api.py took 0.246 seconds
[2023-06-11T00:39:24.238+0200] {processor.py:156} INFO - Started process (PID=5587) to work on /home/nanah/airflow_venv/lib/python3.10/site-packages/airflow/example_dags/tutorial_taskflow_api.py
[2023-06-11T00:39:24.254+0200] {processor.py:758} INFO - Processing file /home/nanah/airflow_venv/lib/python3.10/site-packages/airflow/example_dags/tutorial_taskflow_api.py for tasks to queue
[2023-06-11T00:39:24.256+0200] {logging_mixin.py:117} INFO - [2023-06-11T00:39:24.255+0200] {dagbag.py:525} INFO - Filling up the DagBag from /home/nanah/airflow_venv/lib/python3.10/site-packages/airflow/example_dags/tutorial_taskflow_api.py
[2023-06-11T00:39:24.387+0200] {processor.py:768} INFO - DAG(s) dict_keys(['tutorial_taskflow_api']) retrieved from /home/nanah/airflow_venv/lib/python3.10/site-packages/airflow/example_dags/tutorial_taskflow_api.py
[2023-06-11T00:39:24.491+0200] {logging_mixin.py:117} INFO - [2023-06-11T00:39:24.491+0200] {dag.py:2573} INFO - Sync 1 DAGs
[2023-06-11T00:39:24.573+0200] {logging_mixin.py:117} INFO - [2023-06-11T00:39:24.570+0200] {dag.py:3324} INFO - Setting next_dagrun for tutorial_taskflow_api to None, run_after=None
[2023-06-11T00:39:24.676+0200] {processor.py:178} INFO - Processing /home/nanah/airflow_venv/lib/python3.10/site-packages/airflow/example_dags/tutorial_taskflow_api.py took 0.456 seconds
[2023-06-11T00:40:07.385+0200] {processor.py:156} INFO - Started process (PID=5621) to work on /home/nanah/airflow_venv/lib/python3.10/site-packages/airflow/example_dags/tutorial_taskflow_api.py
[2023-06-11T00:40:07.391+0200] {processor.py:758} INFO - Processing file /home/nanah/airflow_venv/lib/python3.10/site-packages/airflow/example_dags/tutorial_taskflow_api.py for tasks to queue
[2023-06-11T00:40:07.393+0200] {logging_mixin.py:117} INFO - [2023-06-11T00:40:07.393+0200] {dagbag.py:525} INFO - Filling up the DagBag from /home/nanah/airflow_venv/lib/python3.10/site-packages/airflow/example_dags/tutorial_taskflow_api.py
[2023-06-11T00:40:07.452+0200] {processor.py:768} INFO - DAG(s) dict_keys(['tutorial_taskflow_api']) retrieved from /home/nanah/airflow_venv/lib/python3.10/site-packages/airflow/example_dags/tutorial_taskflow_api.py
[2023-06-11T00:40:07.515+0200] {logging_mixin.py:117} INFO - [2023-06-11T00:40:07.514+0200] {dag.py:2573} INFO - Sync 1 DAGs
[2023-06-11T00:40:07.564+0200] {logging_mixin.py:117} INFO - [2023-06-11T00:40:07.564+0200] {dag.py:3324} INFO - Setting next_dagrun for tutorial_taskflow_api to None, run_after=None
[2023-06-11T00:40:07.622+0200] {processor.py:178} INFO - Processing /home/nanah/airflow_venv/lib/python3.10/site-packages/airflow/example_dags/tutorial_taskflow_api.py took 0.244 seconds
[2023-06-11T00:40:51.919+0200] {processor.py:156} INFO - Started process (PID=5655) to work on /home/nanah/airflow_venv/lib/python3.10/site-packages/airflow/example_dags/tutorial_taskflow_api.py
[2023-06-11T00:40:51.924+0200] {processor.py:758} INFO - Processing file /home/nanah/airflow_venv/lib/python3.10/site-packages/airflow/example_dags/tutorial_taskflow_api.py for tasks to queue
[2023-06-11T00:40:51.926+0200] {logging_mixin.py:117} INFO - [2023-06-11T00:40:51.926+0200] {dagbag.py:525} INFO - Filling up the DagBag from /home/nanah/airflow_venv/lib/python3.10/site-packages/airflow/example_dags/tutorial_taskflow_api.py
[2023-06-11T00:40:51.974+0200] {processor.py:768} INFO - DAG(s) dict_keys(['tutorial_taskflow_api']) retrieved from /home/nanah/airflow_venv/lib/python3.10/site-packages/airflow/example_dags/tutorial_taskflow_api.py
[2023-06-11T00:40:52.028+0200] {logging_mixin.py:117} INFO - [2023-06-11T00:40:52.028+0200] {dag.py:2573} INFO - Sync 1 DAGs
[2023-06-11T00:40:52.072+0200] {logging_mixin.py:117} INFO - [2023-06-11T00:40:52.072+0200] {dag.py:3324} INFO - Setting next_dagrun for tutorial_taskflow_api to None, run_after=None
[2023-06-11T00:40:52.116+0200] {processor.py:178} INFO - Processing /home/nanah/airflow_venv/lib/python3.10/site-packages/airflow/example_dags/tutorial_taskflow_api.py took 0.204 seconds
[2023-06-11T00:41:35.125+0200] {processor.py:156} INFO - Started process (PID=5689) to work on /home/nanah/airflow_venv/lib/python3.10/site-packages/airflow/example_dags/tutorial_taskflow_api.py
[2023-06-11T00:41:35.130+0200] {processor.py:758} INFO - Processing file /home/nanah/airflow_venv/lib/python3.10/site-packages/airflow/example_dags/tutorial_taskflow_api.py for tasks to queue
[2023-06-11T00:41:35.132+0200] {logging_mixin.py:117} INFO - [2023-06-11T00:41:35.131+0200] {dagbag.py:525} INFO - Filling up the DagBag from /home/nanah/airflow_venv/lib/python3.10/site-packages/airflow/example_dags/tutorial_taskflow_api.py
[2023-06-11T00:41:35.191+0200] {processor.py:768} INFO - DAG(s) dict_keys(['tutorial_taskflow_api']) retrieved from /home/nanah/airflow_venv/lib/python3.10/site-packages/airflow/example_dags/tutorial_taskflow_api.py
[2023-06-11T00:41:35.263+0200] {logging_mixin.py:117} INFO - [2023-06-11T00:41:35.263+0200] {dag.py:2573} INFO - Sync 1 DAGs
[2023-06-11T00:41:35.311+0200] {logging_mixin.py:117} INFO - [2023-06-11T00:41:35.310+0200] {dag.py:3324} INFO - Setting next_dagrun for tutorial_taskflow_api to None, run_after=None
[2023-06-11T00:41:35.367+0200] {processor.py:178} INFO - Processing /home/nanah/airflow_venv/lib/python3.10/site-packages/airflow/example_dags/tutorial_taskflow_api.py took 0.249 seconds
[2023-06-11T00:42:21.974+0200] {processor.py:156} INFO - Started process (PID=5727) to work on /home/nanah/airflow_venv/lib/python3.10/site-packages/airflow/example_dags/tutorial_taskflow_api.py
[2023-06-11T00:42:21.980+0200] {processor.py:758} INFO - Processing file /home/nanah/airflow_venv/lib/python3.10/site-packages/airflow/example_dags/tutorial_taskflow_api.py for tasks to queue
[2023-06-11T00:42:21.981+0200] {logging_mixin.py:117} INFO - [2023-06-11T00:42:21.981+0200] {dagbag.py:525} INFO - Filling up the DagBag from /home/nanah/airflow_venv/lib/python3.10/site-packages/airflow/example_dags/tutorial_taskflow_api.py
[2023-06-11T00:42:22.040+0200] {processor.py:768} INFO - DAG(s) dict_keys(['tutorial_taskflow_api']) retrieved from /home/nanah/airflow_venv/lib/python3.10/site-packages/airflow/example_dags/tutorial_taskflow_api.py
[2023-06-11T00:42:22.112+0200] {logging_mixin.py:117} INFO - [2023-06-11T00:42:22.112+0200] {dag.py:2573} INFO - Sync 1 DAGs
[2023-06-11T00:42:22.164+0200] {logging_mixin.py:117} INFO - [2023-06-11T00:42:22.164+0200] {dag.py:3324} INFO - Setting next_dagrun for tutorial_taskflow_api to None, run_after=None
[2023-06-11T00:42:22.226+0200] {processor.py:178} INFO - Processing /home/nanah/airflow_venv/lib/python3.10/site-packages/airflow/example_dags/tutorial_taskflow_api.py took 0.260 seconds
[2023-06-11T00:43:09.713+0200] {processor.py:156} INFO - Started process (PID=5761) to work on /home/nanah/airflow_venv/lib/python3.10/site-packages/airflow/example_dags/tutorial_taskflow_api.py
[2023-06-11T00:43:09.717+0200] {processor.py:758} INFO - Processing file /home/nanah/airflow_venv/lib/python3.10/site-packages/airflow/example_dags/tutorial_taskflow_api.py for tasks to queue
[2023-06-11T00:43:09.719+0200] {logging_mixin.py:117} INFO - [2023-06-11T00:43:09.718+0200] {dagbag.py:525} INFO - Filling up the DagBag from /home/nanah/airflow_venv/lib/python3.10/site-packages/airflow/example_dags/tutorial_taskflow_api.py
[2023-06-11T00:43:09.806+0200] {processor.py:768} INFO - DAG(s) dict_keys(['tutorial_taskflow_api']) retrieved from /home/nanah/airflow_venv/lib/python3.10/site-packages/airflow/example_dags/tutorial_taskflow_api.py
[2023-06-11T00:43:09.884+0200] {logging_mixin.py:117} INFO - [2023-06-11T00:43:09.884+0200] {dag.py:2573} INFO - Sync 1 DAGs
[2023-06-11T00:43:09.962+0200] {logging_mixin.py:117} INFO - [2023-06-11T00:43:09.962+0200] {dag.py:3324} INFO - Setting next_dagrun for tutorial_taskflow_api to None, run_after=None
[2023-06-11T00:43:10.026+0200] {processor.py:178} INFO - Processing /home/nanah/airflow_venv/lib/python3.10/site-packages/airflow/example_dags/tutorial_taskflow_api.py took 0.321 seconds
[2023-06-11T00:43:54.300+0200] {processor.py:156} INFO - Started process (PID=5795) to work on /home/nanah/airflow_venv/lib/python3.10/site-packages/airflow/example_dags/tutorial_taskflow_api.py
[2023-06-11T00:43:54.307+0200] {processor.py:758} INFO - Processing file /home/nanah/airflow_venv/lib/python3.10/site-packages/airflow/example_dags/tutorial_taskflow_api.py for tasks to queue
[2023-06-11T00:43:54.309+0200] {logging_mixin.py:117} INFO - [2023-06-11T00:43:54.309+0200] {dagbag.py:525} INFO - Filling up the DagBag from /home/nanah/airflow_venv/lib/python3.10/site-packages/airflow/example_dags/tutorial_taskflow_api.py
[2023-06-11T00:43:54.376+0200] {processor.py:768} INFO - DAG(s) dict_keys(['tutorial_taskflow_api']) retrieved from /home/nanah/airflow_venv/lib/python3.10/site-packages/airflow/example_dags/tutorial_taskflow_api.py
[2023-06-11T00:43:54.438+0200] {logging_mixin.py:117} INFO - [2023-06-11T00:43:54.437+0200] {dag.py:2573} INFO - Sync 1 DAGs
[2023-06-11T00:43:54.487+0200] {logging_mixin.py:117} INFO - [2023-06-11T00:43:54.486+0200] {dag.py:3324} INFO - Setting next_dagrun for tutorial_taskflow_api to None, run_after=None
[2023-06-11T00:43:54.542+0200] {processor.py:178} INFO - Processing /home/nanah/airflow_venv/lib/python3.10/site-packages/airflow/example_dags/tutorial_taskflow_api.py took 0.249 seconds
[2023-06-11T00:44:43.511+0200] {processor.py:156} INFO - Started process (PID=5829) to work on /home/nanah/airflow_venv/lib/python3.10/site-packages/airflow/example_dags/tutorial_taskflow_api.py
[2023-06-11T00:44:43.515+0200] {processor.py:758} INFO - Processing file /home/nanah/airflow_venv/lib/python3.10/site-packages/airflow/example_dags/tutorial_taskflow_api.py for tasks to queue
[2023-06-11T00:44:43.517+0200] {logging_mixin.py:117} INFO - [2023-06-11T00:44:43.517+0200] {dagbag.py:525} INFO - Filling up the DagBag from /home/nanah/airflow_venv/lib/python3.10/site-packages/airflow/example_dags/tutorial_taskflow_api.py
[2023-06-11T00:44:43.595+0200] {processor.py:768} INFO - DAG(s) dict_keys(['tutorial_taskflow_api']) retrieved from /home/nanah/airflow_venv/lib/python3.10/site-packages/airflow/example_dags/tutorial_taskflow_api.py
[2023-06-11T00:44:43.672+0200] {logging_mixin.py:117} INFO - [2023-06-11T00:44:43.670+0200] {dag.py:2573} INFO - Sync 1 DAGs
[2023-06-11T00:44:43.727+0200] {logging_mixin.py:117} INFO - [2023-06-11T00:44:43.727+0200] {dag.py:3324} INFO - Setting next_dagrun for tutorial_taskflow_api to None, run_after=None
[2023-06-11T00:44:43.812+0200] {processor.py:178} INFO - Processing /home/nanah/airflow_venv/lib/python3.10/site-packages/airflow/example_dags/tutorial_taskflow_api.py took 0.308 seconds
[2023-06-11T00:45:31.435+0200] {processor.py:156} INFO - Started process (PID=5864) to work on /home/nanah/airflow_venv/lib/python3.10/site-packages/airflow/example_dags/tutorial_taskflow_api.py
[2023-06-11T00:45:31.440+0200] {processor.py:758} INFO - Processing file /home/nanah/airflow_venv/lib/python3.10/site-packages/airflow/example_dags/tutorial_taskflow_api.py for tasks to queue
[2023-06-11T00:45:31.442+0200] {logging_mixin.py:117} INFO - [2023-06-11T00:45:31.441+0200] {dagbag.py:525} INFO - Filling up the DagBag from /home/nanah/airflow_venv/lib/python3.10/site-packages/airflow/example_dags/tutorial_taskflow_api.py
[2023-06-11T00:45:31.503+0200] {processor.py:768} INFO - DAG(s) dict_keys(['tutorial_taskflow_api']) retrieved from /home/nanah/airflow_venv/lib/python3.10/site-packages/airflow/example_dags/tutorial_taskflow_api.py
[2023-06-11T00:45:31.580+0200] {logging_mixin.py:117} INFO - [2023-06-11T00:45:31.580+0200] {dag.py:2573} INFO - Sync 1 DAGs
[2023-06-11T00:45:31.629+0200] {logging_mixin.py:117} INFO - [2023-06-11T00:45:31.629+0200] {dag.py:3324} INFO - Setting next_dagrun for tutorial_taskflow_api to None, run_after=None
[2023-06-11T00:45:31.692+0200] {processor.py:178} INFO - Processing /home/nanah/airflow_venv/lib/python3.10/site-packages/airflow/example_dags/tutorial_taskflow_api.py took 0.264 seconds
